[2.165s] Invoking command in '/Users/mafu/Desktop/robotics/Assignment2/CPMR3/ros2_ws/src/cpmr_ch4': CONDA_PROMPT_MODIFIER=(ros_env) PYTHONPATH=/Users/mafu/Desktop/robotics/Assignment2/CPMR3/ros2_ws/build/cpmr_ch4/prefix_override:/Users/mafu/miniforge3/envs/ros_env/lib/python3.10/site-packages/colcon_core/task/python/colcon_distutils_commands:/Users/mafu/Desktop/robotics/Assignment2/CPMR3/ros2_ws/install/cpmr_ch4/lib/python3.10/site-packages:${PYTHONPATH} SHLVL=2 _=/usr/bin/env /Users/mafu/miniforge3/envs/ros_env/bin/python3.10 -W ignore:setup.py install is deprecated setup.py egg_info --egg-base ../../build/cpmr_ch4 build --build-base /Users/mafu/Desktop/robotics/Assignment2/CPMR3/ros2_ws/build/cpmr_ch4/build install --record /Users/mafu/Desktop/robotics/Assignment2/CPMR3/ros2_ws/build/cpmr_ch4/install.log --single-version-externally-managed install_data
[2.716s] running egg_info
[2.754s] writing ../../build/cpmr_ch4/cpmr_ch4.egg-info/PKG-INFO
[2.783s] writing dependency_links to ../../build/cpmr_ch4/cpmr_ch4.egg-info/dependency_links.txt
[2.867s] writing entry points to ../../build/cpmr_ch4/cpmr_ch4.egg-info/entry_points.txt
[2.924s] writing requirements to ../../build/cpmr_ch4/cpmr_ch4.egg-info/requires.txt
[2.958s] writing top-level names to ../../build/cpmr_ch4/cpmr_ch4.egg-info/top_level.txt
[3.009s] reading manifest file '../../build/cpmr_ch4/cpmr_ch4.egg-info/SOURCES.txt'
[3.011s] writing manifest file '../../build/cpmr_ch4/cpmr_ch4.egg-info/SOURCES.txt'
[3.011s] running build
[3.011s] running build_py
[3.012s] running install
[3.016s] running install_lib
[3.055s] running install_data
[3.056s] running install_egg_info
[3.096s] removing '/Users/mafu/Desktop/robotics/Assignment2/CPMR3/ros2_ws/install/cpmr_ch4/lib/python3.10/site-packages/cpmr_ch4-3.1.0-py3.10.egg-info' (and everything under it)
[3.096s] Copying ../../build/cpmr_ch4/cpmr_ch4.egg-info to /Users/mafu/Desktop/robotics/Assignment2/CPMR3/ros2_ws/install/cpmr_ch4/lib/python3.10/site-packages/cpmr_ch4-3.1.0-py3.10.egg-info
[3.100s] running install_scripts
[3.197s] Installing collect_lidar script to /Users/mafu/Desktop/robotics/Assignment2/CPMR3/ros2_ws/install/cpmr_ch4/lib/cpmr_ch4
[3.198s] writing list of installed files to '/Users/mafu/Desktop/robotics/Assignment2/CPMR3/ros2_ws/build/cpmr_ch4/install.log'
[3.248s] Invoked command in '/Users/mafu/Desktop/robotics/Assignment2/CPMR3/ros2_ws/src/cpmr_ch4' returned '0': CONDA_PROMPT_MODIFIER=(ros_env) PYTHONPATH=/Users/mafu/Desktop/robotics/Assignment2/CPMR3/ros2_ws/build/cpmr_ch4/prefix_override:/Users/mafu/miniforge3/envs/ros_env/lib/python3.10/site-packages/colcon_core/task/python/colcon_distutils_commands:/Users/mafu/Desktop/robotics/Assignment2/CPMR3/ros2_ws/install/cpmr_ch4/lib/python3.10/site-packages:${PYTHONPATH} SHLVL=2 _=/usr/bin/env /Users/mafu/miniforge3/envs/ros_env/bin/python3.10 -W ignore:setup.py install is deprecated setup.py egg_info --egg-base ../../build/cpmr_ch4 build --build-base /Users/mafu/Desktop/robotics/Assignment2/CPMR3/ros2_ws/build/cpmr_ch4/build install --record /Users/mafu/Desktop/robotics/Assignment2/CPMR3/ros2_ws/build/cpmr_ch4/install.log --single-version-externally-managed install_data
