[1.234s] Invoking command in '/Users/mafu/Library/CloudStorage/GoogleDrive-mafu@my.yorku.ca/Other computers/My Laptop/E:/0.2 Fall 2024/EECS_4421_Robotics/Labs/Lab5/CPMR3/ros2_ws/src/cpmr_ch12': CONDA_PROMPT_MODIFIER=(ros2) PYTHONPATH=/Users/mafu/Library/CloudStorage/GoogleDrive-mafu@my.yorku.ca/Other computers/My Laptop/E:/0.2 Fall 2024/EECS_4421_Robotics/Labs/Lab5/CPMR3/ros2_ws/build/cpmr_ch12/prefix_override:/Users/mafu/miniforge3/envs/ros2/lib/python3.10/site-packages/colcon_core/task/python/colcon_distutils_commands:/Users/mafu/Library/CloudStorage/GoogleDrive-mafu@my.yorku.ca/Other computers/My Laptop/E:/0.2 Fall 2024/EECS_4421_Robotics/Labs/Lab5/CPMR3/ros2_ws/install/cpmr_ch12/lib/python3.10/site-packages:${PYTHONPATH} SHLVL=2 _=/usr/bin/env /Users/mafu/miniforge3/envs/ros2/bin/python3.10 -W ignore:setup.py install is deprecated setup.py egg_info --egg-base ../../build/cpmr_ch12 build --build-base /Users/mafu/Library/CloudStorage/GoogleDrive-mafu@my.yorku.ca/Other computers/My Laptop/E:/0.2 Fall 2024/EECS_4421_Robotics/Labs/Lab5/CPMR3/ros2_ws/build/cpmr_ch12/build install --record /Users/mafu/Library/CloudStorage/GoogleDrive-mafu@my.yorku.ca/Other computers/My Laptop/E:/0.2 Fall 2024/EECS_4421_Robotics/Labs/Lab5/CPMR3/ros2_ws/build/cpmr_ch12/install.log --single-version-externally-managed install_data
[1.766s] running egg_info
[1.810s] writing ../../build/cpmr_ch12/cpmr_ch12.egg-info/PKG-INFO
[1.838s] writing dependency_links to ../../build/cpmr_ch12/cpmr_ch12.egg-info/dependency_links.txt
[1.924s] writing entry points to ../../build/cpmr_ch12/cpmr_ch12.egg-info/entry_points.txt
[1.982s] writing requirements to ../../build/cpmr_ch12/cpmr_ch12.egg-info/requires.txt
[2.013s] writing top-level names to ../../build/cpmr_ch12/cpmr_ch12.egg-info/top_level.txt
[2.063s] reading manifest file '../../build/cpmr_ch12/cpmr_ch12.egg-info/SOURCES.txt'
[2.064s] writing manifest file '../../build/cpmr_ch12/cpmr_ch12.egg-info/SOURCES.txt'
[2.065s] running build
[2.065s] running build_py
[2.065s] copying cpmr_ch12/yolo_pose.py -> /Users/mafu/Library/CloudStorage/GoogleDrive-mafu@my.yorku.ca/Other computers/My Laptop/E:/0.2 Fall 2024/EECS_4421_Robotics/Labs/Lab5/CPMR3/ros2_ws/build/cpmr_ch12/build/lib/cpmr_ch12
[2.066s] running install
[2.070s] running install_lib
[2.108s] copying /Users/mafu/Library/CloudStorage/GoogleDrive-mafu@my.yorku.ca/Other computers/My Laptop/E:/0.2 Fall 2024/EECS_4421_Robotics/Labs/Lab5/CPMR3/ros2_ws/build/cpmr_ch12/build/lib/cpmr_ch12/yolo_pose.py -> /Users/mafu/miniforge3/envs/ros2/lib/python3.10/site-packages/cpmr_ch12
[2.109s] byte-compiling /Users/mafu/miniforge3/envs/ros2/lib/python3.10/site-packages/cpmr_ch12/yolo_pose.py to yolo_pose.cpython-310.pyc
[2.110s] running install_data
[2.110s] running install_egg_info
[2.149s] removing '/Users/mafu/miniforge3/envs/ros2/lib/python3.10/site-packages/cpmr_ch12-3.1.0-py3.10.egg-info' (and everything under it)
[2.150s] Copying ../../build/cpmr_ch12/cpmr_ch12.egg-info to /Users/mafu/miniforge3/envs/ros2/lib/python3.10/site-packages/cpmr_ch12-3.1.0-py3.10.egg-info
[2.152s] running install_scripts
[2.248s] Installing opencv_camera script to /Users/mafu/miniforge3/envs/ros2/lib/cpmr_ch12
[2.248s] Installing yolo_pose script to /Users/mafu/miniforge3/envs/ros2/lib/cpmr_ch12
[2.249s] writing list of installed files to '/Users/mafu/Library/CloudStorage/GoogleDrive-mafu@my.yorku.ca/Other computers/My Laptop/E:/0.2 Fall 2024/EECS_4421_Robotics/Labs/Lab5/CPMR3/ros2_ws/build/cpmr_ch12/install.log'
[2.271s] Invoked command in '/Users/mafu/Library/CloudStorage/GoogleDrive-mafu@my.yorku.ca/Other computers/My Laptop/E:/0.2 Fall 2024/EECS_4421_Robotics/Labs/Lab5/CPMR3/ros2_ws/src/cpmr_ch12' returned '0': CONDA_PROMPT_MODIFIER=(ros2) PYTHONPATH=/Users/mafu/Library/CloudStorage/GoogleDrive-mafu@my.yorku.ca/Other computers/My Laptop/E:/0.2 Fall 2024/EECS_4421_Robotics/Labs/Lab5/CPMR3/ros2_ws/build/cpmr_ch12/prefix_override:/Users/mafu/miniforge3/envs/ros2/lib/python3.10/site-packages/colcon_core/task/python/colcon_distutils_commands:/Users/mafu/Library/CloudStorage/GoogleDrive-mafu@my.yorku.ca/Other computers/My Laptop/E:/0.2 Fall 2024/EECS_4421_Robotics/Labs/Lab5/CPMR3/ros2_ws/install/cpmr_ch12/lib/python3.10/site-packages:${PYTHONPATH} SHLVL=2 _=/usr/bin/env /Users/mafu/miniforge3/envs/ros2/bin/python3.10 -W ignore:setup.py install is deprecated setup.py egg_info --egg-base ../../build/cpmr_ch12 build --build-base /Users/mafu/Library/CloudStorage/GoogleDrive-mafu@my.yorku.ca/Other computers/My Laptop/E:/0.2 Fall 2024/EECS_4421_Robotics/Labs/Lab5/CPMR3/ros2_ws/build/cpmr_ch12/build install --record /Users/mafu/Library/CloudStorage/GoogleDrive-mafu@my.yorku.ca/Other computers/My Laptop/E:/0.2 Fall 2024/EECS_4421_Robotics/Labs/Lab5/CPMR3/ros2_ws/build/cpmr_ch12/install.log --single-version-externally-managed install_data
