running egg_info
writing ../../build/cpmr_ch5/cpmr_ch5.egg-info/PKG-INFO
writing dependency_links to ../../build/cpmr_ch5/cpmr_ch5.egg-info/dependency_links.txt
writing entry points to ../../build/cpmr_ch5/cpmr_ch5.egg-info/entry_points.txt
writing requirements to ../../build/cpmr_ch5/cpmr_ch5.egg-info/requires.txt
writing top-level names to ../../build/cpmr_ch5/cpmr_ch5.egg-info/top_level.txt
reading manifest file '../../build/cpmr_ch5/cpmr_ch5.egg-info/SOURCES.txt'
writing manifest file '../../build/cpmr_ch5/cpmr_ch5.egg-info/SOURCES.txt'
running build
running build_py
running install
running install_lib
creating /opt/miniconda3/envs/ros2/lib/python3.11/site-packages/cpmr_ch5
copying /Users/mafu/Library/CloudStorage/GoogleDrive-mafu@my.yorku.ca/Other computers/My Laptop/E:/0.2 Fall 2024/EECS_4421_Robotics/Labs/Lab2/CPMR3/ros2_ws/build/cpmr_ch5/build/lib/cpmr_ch5/aruco_target.py -> /opt/miniconda3/envs/ros2/lib/python3.11/site-packages/cpmr_ch5
copying /Users/mafu/Library/CloudStorage/GoogleDrive-mafu@my.yorku.ca/Other computers/My Laptop/E:/0.2 Fall 2024/EECS_4421_Robotics/Labs/Lab2/CPMR3/ros2_ws/build/cpmr_ch5/build/lib/cpmr_ch5/opencv_camera.py -> /opt/miniconda3/envs/ros2/lib/python3.11/site-packages/cpmr_ch5
copying /Users/mafu/Library/CloudStorage/GoogleDrive-mafu@my.yorku.ca/Other computers/My Laptop/E:/0.2 Fall 2024/EECS_4421_Robotics/Labs/Lab2/CPMR3/ros2_ws/build/cpmr_ch5/build/lib/cpmr_ch5/view_camera.py -> /opt/miniconda3/envs/ros2/lib/python3.11/site-packages/cpmr_ch5
copying /Users/mafu/Library/CloudStorage/GoogleDrive-mafu@my.yorku.ca/Other computers/My Laptop/E:/0.2 Fall 2024/EECS_4421_Robotics/Labs/Lab2/CPMR3/ros2_ws/build/cpmr_ch5/build/lib/cpmr_ch5/good_features.py -> /opt/miniconda3/envs/ros2/lib/python3.11/site-packages/cpmr_ch5
copying /Users/mafu/Library/CloudStorage/GoogleDrive-mafu@my.yorku.ca/Other computers/My Laptop/E:/0.2 Fall 2024/EECS_4421_Robotics/Labs/Lab2/CPMR3/ros2_ws/build/cpmr_ch5/build/lib/cpmr_ch5/__init__.py -> /opt/miniconda3/envs/ros2/lib/python3.11/site-packages/cpmr_ch5
copying /Users/mafu/Library/CloudStorage/GoogleDrive-mafu@my.yorku.ca/Other computers/My Laptop/E:/0.2 Fall 2024/EECS_4421_Robotics/Labs/Lab2/CPMR3/ros2_ws/build/cpmr_ch5/build/lib/cpmr_ch5/harris_corners.py -> /opt/miniconda3/envs/ros2/lib/python3.11/site-packages/cpmr_ch5
copying /Users/mafu/Library/CloudStorage/GoogleDrive-mafu@my.yorku.ca/Other computers/My Laptop/E:/0.2 Fall 2024/EECS_4421_Robotics/Labs/Lab2/CPMR3/ros2_ws/build/cpmr_ch5/build/lib/cpmr_ch5/canny_edges.py -> /opt/miniconda3/envs/ros2/lib/python3.11/site-packages/cpmr_ch5
byte-compiling /opt/miniconda3/envs/ros2/lib/python3.11/site-packages/cpmr_ch5/aruco_target.py to aruco_target.cpython-311.pyc
byte-compiling /opt/miniconda3/envs/ros2/lib/python3.11/site-packages/cpmr_ch5/opencv_camera.py to opencv_camera.cpython-311.pyc
byte-compiling /opt/miniconda3/envs/ros2/lib/python3.11/site-packages/cpmr_ch5/view_camera.py to view_camera.cpython-311.pyc
byte-compiling /opt/miniconda3/envs/ros2/lib/python3.11/site-packages/cpmr_ch5/good_features.py to good_features.cpython-311.pyc
byte-compiling /opt/miniconda3/envs/ros2/lib/python3.11/site-packages/cpmr_ch5/__init__.py to __init__.cpython-311.pyc
byte-compiling /opt/miniconda3/envs/ros2/lib/python3.11/site-packages/cpmr_ch5/harris_corners.py to harris_corners.cpython-311.pyc
byte-compiling /opt/miniconda3/envs/ros2/lib/python3.11/site-packages/cpmr_ch5/canny_edges.py to canny_edges.cpython-311.pyc
running install_data
copying resource/cpmr_ch5 -> /opt/miniconda3/envs/ros2/share/ament_index/resource_index/packages
creating /opt/miniconda3/envs/ros2/share/cpmr_ch5
copying package.xml -> /opt/miniconda3/envs/ros2/share/cpmr_ch5
copying launch/camera-robot.launch.py -> /opt/miniconda3/envs/ros2/share/cpmr_ch5
copying launch/good-features-camera-robot.launch.py -> /opt/miniconda3/envs/ros2/share/cpmr_ch5
copying launch/aruco-robot.launch.py -> /opt/miniconda3/envs/ros2/share/cpmr_ch5
copying launch/view-camera-robot.launch.py -> /opt/miniconda3/envs/ros2/share/cpmr_ch5
copying launch/harrs-corners-camera-robot.launch.py -> /opt/miniconda3/envs/ros2/share/cpmr_ch5
copying launch/canny-edges-camera-robot.launch.py -> /opt/miniconda3/envs/ros2/share/cpmr_ch5
copying urdf/scout-camera.urdf.xacro -> /opt/miniconda3/envs/ros2/share/cpmr_ch5
copying urdf/colors.xacro -> /opt/miniconda3/envs/ros2/share/cpmr_ch5
running install_egg_info
Copying ../../build/cpmr_ch5/cpmr_ch5.egg-info to /opt/miniconda3/envs/ros2/lib/python3.11/site-packages/cpmr_ch5-3.1.0-py3.11.egg-info
running install_scripts
Installing aruco_target script to /opt/miniconda3/envs/ros2/lib/cpmr_ch5
Installing canny_edges script to /opt/miniconda3/envs/ros2/lib/cpmr_ch5
Installing good_features script to /opt/miniconda3/envs/ros2/lib/cpmr_ch5
Installing harris_corners script to /opt/miniconda3/envs/ros2/lib/cpmr_ch5
Installing opencv_camera script to /opt/miniconda3/envs/ros2/lib/cpmr_ch5
Installing view_camera script to /opt/miniconda3/envs/ros2/lib/cpmr_ch5
writing list of installed files to '/Users/mafu/Library/CloudStorage/GoogleDrive-mafu@my.yorku.ca/Other computers/My Laptop/E:/0.2 Fall 2024/EECS_4421_Robotics/Labs/Lab2/CPMR3/ros2_ws/build/cpmr_ch5/install.log'
