[1.139s] Invoking command in '/Users/mafu/Desktop/robotics/Assignment3/ros2_ws/src/cpmr_ch8': CONDA_PROMPT_MODIFIER=(ros_env) PYTHONPATH=/Users/mafu/Desktop/robotics/Assignment3/ros2_ws/src/cpmr_ch8/build/cpmr_ch8/prefix_override:/Users/mafu/miniforge3/envs/ros_env/lib/python3.10/site-packages/colcon_core/task/python/colcon_distutils_commands:/Users/mafu/Desktop/robotics/Assignment3/ros2_ws/src/cpmr_ch8/install/cpmr_ch8/lib/python3.10/site-packages:${PYTHONPATH} SHLVL=2 _=/Users/mafu/miniforge3/envs/ros_env/bin/env /Users/mafu/miniforge3/envs/ros_env/bin/python3.10 -W ignore:setup.py install is deprecated setup.py egg_info --egg-base build/cpmr_ch8 build --build-base /Users/mafu/Desktop/robotics/Assignment3/ros2_ws/src/cpmr_ch8/build/cpmr_ch8/build install --record /Users/mafu/Desktop/robotics/Assignment3/ros2_ws/src/cpmr_ch8/build/cpmr_ch8/install.log --single-version-externally-managed install_data
[1.660s] running egg_info
[1.660s] creating build/cpmr_ch8/cpmr_ch8.egg-info
[1.697s] writing build/cpmr_ch8/cpmr_ch8.egg-info/PKG-INFO
[1.724s] writing dependency_links to build/cpmr_ch8/cpmr_ch8.egg-info/dependency_links.txt
[1.809s] writing entry points to build/cpmr_ch8/cpmr_ch8.egg-info/entry_points.txt
[1.864s] writing requirements to build/cpmr_ch8/cpmr_ch8.egg-info/requires.txt
[1.892s] writing top-level names to build/cpmr_ch8/cpmr_ch8.egg-info/top_level.txt
[1.892s] writing manifest file 'build/cpmr_ch8/cpmr_ch8.egg-info/SOURCES.txt'
[1.938s] reading manifest file 'build/cpmr_ch8/cpmr_ch8.egg-info/SOURCES.txt'
[1.938s] writing manifest file 'build/cpmr_ch8/cpmr_ch8.egg-info/SOURCES.txt'
[1.938s] running build
[1.938s] running build_py
[1.938s] creating /Users/mafu/Desktop/robotics/Assignment3/ros2_ws/src/cpmr_ch8/build/cpmr_ch8/build
[1.939s] creating /Users/mafu/Desktop/robotics/Assignment3/ros2_ws/src/cpmr_ch8/build/cpmr_ch8/build/lib
[1.939s] creating /Users/mafu/Desktop/robotics/Assignment3/ros2_ws/src/cpmr_ch8/build/cpmr_ch8/build/lib/cpmr_ch8
[1.939s] copying cpmr_ch8/view_camera.py -> /Users/mafu/Desktop/robotics/Assignment3/ros2_ws/src/cpmr_ch8/build/cpmr_ch8/build/lib/cpmr_ch8
[1.939s] copying cpmr_ch8/find_path.py -> /Users/mafu/Desktop/robotics/Assignment3/ros2_ws/src/cpmr_ch8/build/cpmr_ch8/build/lib/cpmr_ch8
[1.939s] copying cpmr_ch8/__init__.py -> /Users/mafu/Desktop/robotics/Assignment3/ros2_ws/src/cpmr_ch8/build/cpmr_ch8/build/lib/cpmr_ch8
[1.939s] copying cpmr_ch8/subsumption.py -> /Users/mafu/Desktop/robotics/Assignment3/ros2_ws/src/cpmr_ch8/build/cpmr_ch8/build/lib/cpmr_ch8
[1.940s] running install
[1.943s] running install_lib
[1.980s] creating /Users/mafu/Desktop/robotics/Assignment3/ros2_ws/src/cpmr_ch8/install/cpmr_ch8/lib/python3.10/site-packages/cpmr_ch8
[1.980s] copying /Users/mafu/Desktop/robotics/Assignment3/ros2_ws/src/cpmr_ch8/build/cpmr_ch8/build/lib/cpmr_ch8/view_camera.py -> /Users/mafu/Desktop/robotics/Assignment3/ros2_ws/src/cpmr_ch8/install/cpmr_ch8/lib/python3.10/site-packages/cpmr_ch8
[1.980s] copying /Users/mafu/Desktop/robotics/Assignment3/ros2_ws/src/cpmr_ch8/build/cpmr_ch8/build/lib/cpmr_ch8/find_path.py -> /Users/mafu/Desktop/robotics/Assignment3/ros2_ws/src/cpmr_ch8/install/cpmr_ch8/lib/python3.10/site-packages/cpmr_ch8
[1.980s] copying /Users/mafu/Desktop/robotics/Assignment3/ros2_ws/src/cpmr_ch8/build/cpmr_ch8/build/lib/cpmr_ch8/__init__.py -> /Users/mafu/Desktop/robotics/Assignment3/ros2_ws/src/cpmr_ch8/install/cpmr_ch8/lib/python3.10/site-packages/cpmr_ch8
[1.980s] copying /Users/mafu/Desktop/robotics/Assignment3/ros2_ws/src/cpmr_ch8/build/cpmr_ch8/build/lib/cpmr_ch8/subsumption.py -> /Users/mafu/Desktop/robotics/Assignment3/ros2_ws/src/cpmr_ch8/install/cpmr_ch8/lib/python3.10/site-packages/cpmr_ch8
[1.981s] byte-compiling /Users/mafu/Desktop/robotics/Assignment3/ros2_ws/src/cpmr_ch8/install/cpmr_ch8/lib/python3.10/site-packages/cpmr_ch8/view_camera.py to view_camera.cpython-310.pyc
[1.981s] byte-compiling /Users/mafu/Desktop/robotics/Assignment3/ros2_ws/src/cpmr_ch8/install/cpmr_ch8/lib/python3.10/site-packages/cpmr_ch8/find_path.py to find_path.cpython-310.pyc
[1.984s] byte-compiling /Users/mafu/Desktop/robotics/Assignment3/ros2_ws/src/cpmr_ch8/install/cpmr_ch8/lib/python3.10/site-packages/cpmr_ch8/__init__.py to __init__.cpython-310.pyc
[1.984s] byte-compiling /Users/mafu/Desktop/robotics/Assignment3/ros2_ws/src/cpmr_ch8/install/cpmr_ch8/lib/python3.10/site-packages/cpmr_ch8/subsumption.py to subsumption.cpython-310.pyc
[1.985s] running install_data
[1.985s] creating /Users/mafu/Desktop/robotics/Assignment3/ros2_ws/src/cpmr_ch8/install/cpmr_ch8/share/ament_index
[1.985s] creating /Users/mafu/Desktop/robotics/Assignment3/ros2_ws/src/cpmr_ch8/install/cpmr_ch8/share/ament_index/resource_index
[1.985s] creating /Users/mafu/Desktop/robotics/Assignment3/ros2_ws/src/cpmr_ch8/install/cpmr_ch8/share/ament_index/resource_index/packages
[1.985s] copying resource/cpmr_ch8 -> /Users/mafu/Desktop/robotics/Assignment3/ros2_ws/src/cpmr_ch8/install/cpmr_ch8/share/ament_index/resource_index/packages
[1.985s] copying package.xml -> /Users/mafu/Desktop/robotics/Assignment3/ros2_ws/src/cpmr_ch8/install/cpmr_ch8/share/cpmr_ch8
[1.985s] copying launch/robot.launch.py -> /Users/mafu/Desktop/robotics/Assignment3/ros2_ws/src/cpmr_ch8/install/cpmr_ch8/share/cpmr_ch8
[1.986s] copying urdf/scout-camera.urdf.xacro -> /Users/mafu/Desktop/robotics/Assignment3/ros2_ws/src/cpmr_ch8/install/cpmr_ch8/share/cpmr_ch8
[1.986s] copying urdf/scout-laser-camera.urdf.xacro -> /Users/mafu/Desktop/robotics/Assignment3/ros2_ws/src/cpmr_ch8/install/cpmr_ch8/share/cpmr_ch8
[1.986s] copying urdf/colors.xacro -> /Users/mafu/Desktop/robotics/Assignment3/ros2_ws/src/cpmr_ch8/install/cpmr_ch8/share/cpmr_ch8
[1.987s] running install_egg_info
[2.024s] Copying build/cpmr_ch8/cpmr_ch8.egg-info to /Users/mafu/Desktop/robotics/Assignment3/ros2_ws/src/cpmr_ch8/install/cpmr_ch8/lib/python3.10/site-packages/cpmr_ch8-3.1.0-py3.10.egg-info
[2.026s] running install_scripts
[2.115s] Installing drive_to_goal script to /Users/mafu/Desktop/robotics/Assignment3/ros2_ws/src/cpmr_ch8/install/cpmr_ch8/lib/cpmr_ch8
[2.116s] Installing find_path script to /Users/mafu/Desktop/robotics/Assignment3/ros2_ws/src/cpmr_ch8/install/cpmr_ch8/lib/cpmr_ch8
[2.116s] Installing fsm script to /Users/mafu/Desktop/robotics/Assignment3/ros2_ws/src/cpmr_ch8/install/cpmr_ch8/lib/cpmr_ch8
[2.116s] Installing subsumption script to /Users/mafu/Desktop/robotics/Assignment3/ros2_ws/src/cpmr_ch8/install/cpmr_ch8/lib/cpmr_ch8
[2.116s] Installing view_camera script to /Users/mafu/Desktop/robotics/Assignment3/ros2_ws/src/cpmr_ch8/install/cpmr_ch8/lib/cpmr_ch8
[2.116s] writing list of installed files to '/Users/mafu/Desktop/robotics/Assignment3/ros2_ws/src/cpmr_ch8/build/cpmr_ch8/install.log'
[2.135s] Invoked command in '/Users/mafu/Desktop/robotics/Assignment3/ros2_ws/src/cpmr_ch8' returned '0': CONDA_PROMPT_MODIFIER=(ros_env) PYTHONPATH=/Users/mafu/Desktop/robotics/Assignment3/ros2_ws/src/cpmr_ch8/build/cpmr_ch8/prefix_override:/Users/mafu/miniforge3/envs/ros_env/lib/python3.10/site-packages/colcon_core/task/python/colcon_distutils_commands:/Users/mafu/Desktop/robotics/Assignment3/ros2_ws/src/cpmr_ch8/install/cpmr_ch8/lib/python3.10/site-packages:${PYTHONPATH} SHLVL=2 _=/Users/mafu/miniforge3/envs/ros_env/bin/env /Users/mafu/miniforge3/envs/ros_env/bin/python3.10 -W ignore:setup.py install is deprecated setup.py egg_info --egg-base build/cpmr_ch8 build --build-base /Users/mafu/Desktop/robotics/Assignment3/ros2_ws/src/cpmr_ch8/build/cpmr_ch8/build install --record /Users/mafu/Desktop/robotics/Assignment3/ros2_ws/src/cpmr_ch8/build/cpmr_ch8/install.log --single-version-externally-managed install_data
