running egg_info
writing ../../build/cpmr_ch7/cpmr_ch7.egg-info/PKG-INFO
writing dependency_links to ../../build/cpmr_ch7/cpmr_ch7.egg-info/dependency_links.txt
writing entry points to ../../build/cpmr_ch7/cpmr_ch7.egg-info/entry_points.txt
writing requirements to ../../build/cpmr_ch7/cpmr_ch7.egg-info/requires.txt
writing top-level names to ../../build/cpmr_ch7/cpmr_ch7.egg-info/top_level.txt
reading manifest file '../../build/cpmr_ch7/cpmr_ch7.egg-info/SOURCES.txt'
writing manifest file '../../build/cpmr_ch7/cpmr_ch7.egg-info/SOURCES.txt'
running build
running build_py
running install
running install_lib
running install_data
copying resource/cpmr_ch7 -> /Users/mafu/miniforge3/envs/ros2/share/ament_index/resource_index/packages
copying package.xml -> /Users/mafu/miniforge3/envs/ros2/share/cpmr_ch7
copying launch/map-world.launch.py -> /Users/mafu/miniforge3/envs/ros2/share/cpmr_ch7
copying urdf/scout-laser.urdf.xacro -> /Users/mafu/miniforge3/envs/ros2/share/cpmr_ch7
copying urdf/colors.xacro -> /Users/mafu/miniforge3/envs/ros2/share/cpmr_ch7
copying gazebo/mapping.world -> /Users/mafu/miniforge3/envs/ros2/share/cpmr_ch7
running install_egg_info
removing '/Users/mafu/miniforge3/envs/ros2/lib/python3.10/site-packages/cpmr_ch7-3.1.0-py3.10.egg-info' (and everything under it)
Copying ../../build/cpmr_ch7/cpmr_ch7.egg-info to /Users/mafu/miniforge3/envs/ros2/lib/python3.10/site-packages/cpmr_ch7-3.1.0-py3.10.egg-info
running install_scripts
Installing build_map script to /Users/mafu/miniforge3/envs/ros2/lib/cpmr_ch7
writing list of installed files to '/Users/mafu/Library/CloudStorage/GoogleDrive-mafu@my.yorku.ca/Other computers/My Laptop/E:/0.2 Fall 2024/EECS_4421_Robotics/Labs/Lab3/CPMR3/ros2_ws/build/cpmr_ch7/install.log'
