running egg_info
creating ../../build/cpmr_ch8/cpmr_ch8.egg-info
writing ../../build/cpmr_ch8/cpmr_ch8.egg-info/PKG-INFO
writing dependency_links to ../../build/cpmr_ch8/cpmr_ch8.egg-info/dependency_links.txt
writing entry points to ../../build/cpmr_ch8/cpmr_ch8.egg-info/entry_points.txt
writing requirements to ../../build/cpmr_ch8/cpmr_ch8.egg-info/requires.txt
writing top-level names to ../../build/cpmr_ch8/cpmr_ch8.egg-info/top_level.txt
writing manifest file '../../build/cpmr_ch8/cpmr_ch8.egg-info/SOURCES.txt'
reading manifest file '../../build/cpmr_ch8/cpmr_ch8.egg-info/SOURCES.txt'
writing manifest file '../../build/cpmr_ch8/cpmr_ch8.egg-info/SOURCES.txt'
running build
running build_py
creating /Users/mafu/Desktop/robotics/Lab8/ros2_ws/build/cpmr_ch8/build
creating /Users/mafu/Desktop/robotics/Lab8/ros2_ws/build/cpmr_ch8/build/lib
creating /Users/mafu/Desktop/robotics/Lab8/ros2_ws/build/cpmr_ch8/build/lib/cpmr_ch8
copying cpmr_ch8/view_camera.py -> /Users/mafu/Desktop/robotics/Lab8/ros2_ws/build/cpmr_ch8/build/lib/cpmr_ch8
copying cpmr_ch8/__init__.py -> /Users/mafu/Desktop/robotics/Lab8/ros2_ws/build/cpmr_ch8/build/lib/cpmr_ch8
copying cpmr_ch8/fsm.py -> /Users/mafu/Desktop/robotics/Lab8/ros2_ws/build/cpmr_ch8/build/lib/cpmr_ch8
copying cpmr_ch8/subsumption.py -> /Users/mafu/Desktop/robotics/Lab8/ros2_ws/build/cpmr_ch8/build/lib/cpmr_ch8
running install
running install_lib
creating /Users/mafu/Desktop/robotics/Lab8/ros2_ws/install/cpmr_ch8/lib/python3.10/site-packages/cpmr_ch8
copying /Users/mafu/Desktop/robotics/Lab8/ros2_ws/build/cpmr_ch8/build/lib/cpmr_ch8/view_camera.py -> /Users/mafu/Desktop/robotics/Lab8/ros2_ws/install/cpmr_ch8/lib/python3.10/site-packages/cpmr_ch8
copying /Users/mafu/Desktop/robotics/Lab8/ros2_ws/build/cpmr_ch8/build/lib/cpmr_ch8/__init__.py -> /Users/mafu/Desktop/robotics/Lab8/ros2_ws/install/cpmr_ch8/lib/python3.10/site-packages/cpmr_ch8
copying /Users/mafu/Desktop/robotics/Lab8/ros2_ws/build/cpmr_ch8/build/lib/cpmr_ch8/fsm.py -> /Users/mafu/Desktop/robotics/Lab8/ros2_ws/install/cpmr_ch8/lib/python3.10/site-packages/cpmr_ch8
copying /Users/mafu/Desktop/robotics/Lab8/ros2_ws/build/cpmr_ch8/build/lib/cpmr_ch8/subsumption.py -> /Users/mafu/Desktop/robotics/Lab8/ros2_ws/install/cpmr_ch8/lib/python3.10/site-packages/cpmr_ch8
byte-compiling /Users/mafu/Desktop/robotics/Lab8/ros2_ws/install/cpmr_ch8/lib/python3.10/site-packages/cpmr_ch8/view_camera.py to view_camera.cpython-310.pyc
byte-compiling /Users/mafu/Desktop/robotics/Lab8/ros2_ws/install/cpmr_ch8/lib/python3.10/site-packages/cpmr_ch8/__init__.py to __init__.cpython-310.pyc
byte-compiling /Users/mafu/Desktop/robotics/Lab8/ros2_ws/install/cpmr_ch8/lib/python3.10/site-packages/cpmr_ch8/fsm.py to fsm.cpython-310.pyc
byte-compiling /Users/mafu/Desktop/robotics/Lab8/ros2_ws/install/cpmr_ch8/lib/python3.10/site-packages/cpmr_ch8/subsumption.py to subsumption.cpython-310.pyc
running install_data
creating /Users/mafu/Desktop/robotics/Lab8/ros2_ws/install/cpmr_ch8/share/ament_index
creating /Users/mafu/Desktop/robotics/Lab8/ros2_ws/install/cpmr_ch8/share/ament_index/resource_index
creating /Users/mafu/Desktop/robotics/Lab8/ros2_ws/install/cpmr_ch8/share/ament_index/resource_index/packages
copying resource/cpmr_ch8 -> /Users/mafu/Desktop/robotics/Lab8/ros2_ws/install/cpmr_ch8/share/ament_index/resource_index/packages
copying package.xml -> /Users/mafu/Desktop/robotics/Lab8/ros2_ws/install/cpmr_ch8/share/cpmr_ch8
copying launch/subsumption-robot.launch.py -> /Users/mafu/Desktop/robotics/Lab8/ros2_ws/install/cpmr_ch8/share/cpmr_ch8
copying launch/fsm-robot.launch.py -> /Users/mafu/Desktop/robotics/Lab8/ros2_ws/install/cpmr_ch8/share/cpmr_ch8
copying urdf/scout-camera.urdf.xacro -> /Users/mafu/Desktop/robotics/Lab8/ros2_ws/install/cpmr_ch8/share/cpmr_ch8
copying urdf/scout-laser-camera.urdf.xacro -> /Users/mafu/Desktop/robotics/Lab8/ros2_ws/install/cpmr_ch8/share/cpmr_ch8
copying urdf/colors.xacro -> /Users/mafu/Desktop/robotics/Lab8/ros2_ws/install/cpmr_ch8/share/cpmr_ch8
running install_egg_info
Copying ../../build/cpmr_ch8/cpmr_ch8.egg-info to /Users/mafu/Desktop/robotics/Lab8/ros2_ws/install/cpmr_ch8/lib/python3.10/site-packages/cpmr_ch8-3.1.0-py3.10.egg-info
running install_scripts
Installing fsm script to /Users/mafu/Desktop/robotics/Lab8/ros2_ws/install/cpmr_ch8/lib/cpmr_ch8
Installing subsumption script to /Users/mafu/Desktop/robotics/Lab8/ros2_ws/install/cpmr_ch8/lib/cpmr_ch8
Installing view_camera script to /Users/mafu/Desktop/robotics/Lab8/ros2_ws/install/cpmr_ch8/lib/cpmr_ch8
writing list of installed files to '/Users/mafu/Desktop/robotics/Lab8/ros2_ws/build/cpmr_ch8/install.log'
