[8.429s] Invoking command in '/Users/mafu/Desktop/robotics/Lab8/ros2_ws/src/cpmr_ch6': CONDA_PROMPT_MODIFIER=(ros_env) PYTHONPATH=/Users/mafu/Desktop/robotics/Lab8/ros2_ws/build/cpmr_ch6/prefix_override:/Users/mafu/miniforge3/envs/ros_env/lib/python3.10/site-packages/colcon_core/task/python/colcon_distutils_commands:/Users/mafu/Desktop/robotics/Lab8/ros2_ws/install/cpmr_ch6/lib/python3.10/site-packages:${PYTHONPATH} SHLVL=2 _=/Users/mafu/miniforge3/envs/ros_env/bin/env __CF_USER_TEXT_ENCODING=0x1F5:0x0:0x0 /Users/mafu/miniforge3/envs/ros_env/bin/python3.10 -W ignore:setup.py install is deprecated setup.py egg_info --egg-base ../../build/cpmr_ch6 build --build-base /Users/mafu/Desktop/robotics/Lab8/ros2_ws/build/cpmr_ch6/build install --record /Users/mafu/Desktop/robotics/Lab8/ros2_ws/build/cpmr_ch6/install.log --single-version-externally-managed install_data
[10.543s] running egg_info
[10.747s] writing ../../build/cpmr_ch6/cpmr_ch6.egg-info/PKG-INFO
[10.834s] writing dependency_links to ../../build/cpmr_ch6/cpmr_ch6.egg-info/dependency_links.txt
[11.192s] writing entry points to ../../build/cpmr_ch6/cpmr_ch6.egg-info/entry_points.txt
[11.448s] writing requirements to ../../build/cpmr_ch6/cpmr_ch6.egg-info/requires.txt
[11.621s] writing top-level names to ../../build/cpmr_ch6/cpmr_ch6.egg-info/top_level.txt
[11.804s] reading manifest file '../../build/cpmr_ch6/cpmr_ch6.egg-info/SOURCES.txt'
[11.807s] writing manifest file '../../build/cpmr_ch6/cpmr_ch6.egg-info/SOURCES.txt'
[11.809s] running build
[11.809s] running build_py
[11.809s] running install
[11.813s] running install_lib
[11.968s] running install_data
[11.968s] running install_egg_info
[12.122s] removing '/Users/mafu/Desktop/robotics/Lab8/ros2_ws/install/cpmr_ch6/lib/python3.10/site-packages/cpmr_ch6-3.1.0-py3.10.egg-info' (and everything under it)
[12.123s] Copying ../../build/cpmr_ch6/cpmr_ch6.egg-info to /Users/mafu/Desktop/robotics/Lab8/ros2_ws/install/cpmr_ch6/lib/python3.10/site-packages/cpmr_ch6-3.1.0-py3.10.egg-info
[12.130s] running install_scripts
[13.250s] Installing auto_drive_by_line script to /Users/mafu/Desktop/robotics/Lab8/ros2_ws/install/cpmr_ch6/lib/cpmr_ch6
[13.250s] Installing auto_drive_by_road script to /Users/mafu/Desktop/robotics/Lab8/ros2_ws/install/cpmr_ch6/lib/cpmr_ch6
[13.251s] Installing drive_by_line script to /Users/mafu/Desktop/robotics/Lab8/ros2_ws/install/cpmr_ch6/lib/cpmr_ch6
[13.251s] Installing drive_by_road script to /Users/mafu/Desktop/robotics/Lab8/ros2_ws/install/cpmr_ch6/lib/cpmr_ch6
[13.251s] writing list of installed files to '/Users/mafu/Desktop/robotics/Lab8/ros2_ws/build/cpmr_ch6/install.log'
[13.288s] Invoked command in '/Users/mafu/Desktop/robotics/Lab8/ros2_ws/src/cpmr_ch6' returned '0': CONDA_PROMPT_MODIFIER=(ros_env) PYTHONPATH=/Users/mafu/Desktop/robotics/Lab8/ros2_ws/build/cpmr_ch6/prefix_override:/Users/mafu/miniforge3/envs/ros_env/lib/python3.10/site-packages/colcon_core/task/python/colcon_distutils_commands:/Users/mafu/Desktop/robotics/Lab8/ros2_ws/install/cpmr_ch6/lib/python3.10/site-packages:${PYTHONPATH} SHLVL=2 _=/Users/mafu/miniforge3/envs/ros_env/bin/env __CF_USER_TEXT_ENCODING=0x1F5:0x0:0x0 /Users/mafu/miniforge3/envs/ros_env/bin/python3.10 -W ignore:setup.py install is deprecated setup.py egg_info --egg-base ../../build/cpmr_ch6 build --build-base /Users/mafu/Desktop/robotics/Lab8/ros2_ws/build/cpmr_ch6/build install --record /Users/mafu/Desktop/robotics/Lab8/ros2_ws/build/cpmr_ch6/install.log --single-version-externally-managed install_data
