[4.537s] Invoking command in '/Users/mafu/Desktop/EECS_4421_Robotics/Labs/Lab3/CPMR3/ros2_ws/src/cpmr_ch7': CONDA_PROMPT_MODIFIER=(ros2) PYTHONPATH=/Users/mafu/Desktop/EECS_4421_Robotics/Labs/Lab3/CPMR3/ros2_ws/build/cpmr_ch7/prefix_override:/Users/mafu/miniconda3/envs/ros2/lib/python3.10/site-packages/colcon_core/task/python/colcon_distutils_commands:/Users/mafu/Desktop/EECS_4421_Robotics/Labs/Lab3/CPMR3/ros2_ws/install/cpmr_ch7/lib/python3.10/site-packages:${PYTHONPATH} SHLVL=2 _=/Users/mafu/miniconda3/envs/ros2/bin/env __CF_USER_TEXT_ENCODING=0x1F5:0x0:0x52 /Users/mafu/miniconda3/envs/ros2/bin/python3.10 -W ignore:setup.py install is deprecated setup.py egg_info --egg-base ../../build/cpmr_ch7 build --build-base /Users/mafu/Desktop/EECS_4421_Robotics/Labs/Lab3/CPMR3/ros2_ws/build/cpmr_ch7/build install --record /Users/mafu/Desktop/EECS_4421_Robotics/Labs/Lab3/CPMR3/ros2_ws/build/cpmr_ch7/install.log --single-version-externally-managed install_data
[5.445s] running egg_info
[5.445s] creating ../../build/cpmr_ch7/cpmr_ch7.egg-info
[5.510s] writing ../../build/cpmr_ch7/cpmr_ch7.egg-info/PKG-INFO
[5.555s] writing dependency_links to ../../build/cpmr_ch7/cpmr_ch7.egg-info/dependency_links.txt
[5.697s] writing entry points to ../../build/cpmr_ch7/cpmr_ch7.egg-info/entry_points.txt
[5.787s] writing requirements to ../../build/cpmr_ch7/cpmr_ch7.egg-info/requires.txt
[5.872s] writing top-level names to ../../build/cpmr_ch7/cpmr_ch7.egg-info/top_level.txt
[5.872s] writing manifest file '../../build/cpmr_ch7/cpmr_ch7.egg-info/SOURCES.txt'
[5.945s] reading manifest file '../../build/cpmr_ch7/cpmr_ch7.egg-info/SOURCES.txt'
[5.945s] writing manifest file '../../build/cpmr_ch7/cpmr_ch7.egg-info/SOURCES.txt'
[5.946s] running build
[5.946s] running build_py
[5.946s] creating /Users/mafu/Desktop/EECS_4421_Robotics/Labs/Lab3/CPMR3/ros2_ws/build/cpmr_ch7/build
[5.947s] creating /Users/mafu/Desktop/EECS_4421_Robotics/Labs/Lab3/CPMR3/ros2_ws/build/cpmr_ch7/build/lib
[5.947s] creating /Users/mafu/Desktop/EECS_4421_Robotics/Labs/Lab3/CPMR3/ros2_ws/build/cpmr_ch7/build/lib/cpmr_ch7
[5.947s] copying cpmr_ch7/build_map.py -> /Users/mafu/Desktop/EECS_4421_Robotics/Labs/Lab3/CPMR3/ros2_ws/build/cpmr_ch7/build/lib/cpmr_ch7
[5.947s] copying cpmr_ch7/__init__.py -> /Users/mafu/Desktop/EECS_4421_Robotics/Labs/Lab3/CPMR3/ros2_ws/build/cpmr_ch7/build/lib/cpmr_ch7
[5.947s] running install
[5.950s] running install_lib
[6.013s] creating /Users/mafu/Desktop/EECS_4421_Robotics/Labs/Lab3/CPMR3/ros2_ws/install/cpmr_ch7/lib/python3.10/site-packages/cpmr_ch7
[6.013s] copying /Users/mafu/Desktop/EECS_4421_Robotics/Labs/Lab3/CPMR3/ros2_ws/build/cpmr_ch7/build/lib/cpmr_ch7/build_map.py -> /Users/mafu/Desktop/EECS_4421_Robotics/Labs/Lab3/CPMR3/ros2_ws/install/cpmr_ch7/lib/python3.10/site-packages/cpmr_ch7
[6.014s] copying /Users/mafu/Desktop/EECS_4421_Robotics/Labs/Lab3/CPMR3/ros2_ws/build/cpmr_ch7/build/lib/cpmr_ch7/__init__.py -> /Users/mafu/Desktop/EECS_4421_Robotics/Labs/Lab3/CPMR3/ros2_ws/install/cpmr_ch7/lib/python3.10/site-packages/cpmr_ch7
[6.015s] byte-compiling /Users/mafu/Desktop/EECS_4421_Robotics/Labs/Lab3/CPMR3/ros2_ws/install/cpmr_ch7/lib/python3.10/site-packages/cpmr_ch7/build_map.py to build_map.cpython-310.pyc
[6.018s] byte-compiling /Users/mafu/Desktop/EECS_4421_Robotics/Labs/Lab3/CPMR3/ros2_ws/install/cpmr_ch7/lib/python3.10/site-packages/cpmr_ch7/__init__.py to __init__.cpython-310.pyc
[6.020s] running install_data
[6.020s] creating /Users/mafu/Desktop/EECS_4421_Robotics/Labs/Lab3/CPMR3/ros2_ws/install/cpmr_ch7/share/ament_index
[6.020s] creating /Users/mafu/Desktop/EECS_4421_Robotics/Labs/Lab3/CPMR3/ros2_ws/install/cpmr_ch7/share/ament_index/resource_index
[6.020s] creating /Users/mafu/Desktop/EECS_4421_Robotics/Labs/Lab3/CPMR3/ros2_ws/install/cpmr_ch7/share/ament_index/resource_index/packages
[6.020s] copying resource/cpmr_ch7 -> /Users/mafu/Desktop/EECS_4421_Robotics/Labs/Lab3/CPMR3/ros2_ws/install/cpmr_ch7/share/ament_index/resource_index/packages
[6.021s] copying package.xml -> /Users/mafu/Desktop/EECS_4421_Robotics/Labs/Lab3/CPMR3/ros2_ws/install/cpmr_ch7/share/cpmr_ch7
[6.021s] copying launch/map-world.launch.py -> /Users/mafu/Desktop/EECS_4421_Robotics/Labs/Lab3/CPMR3/ros2_ws/install/cpmr_ch7/share/cpmr_ch7
[6.021s] copying urdf/scout-laser.urdf.xacro -> /Users/mafu/Desktop/EECS_4421_Robotics/Labs/Lab3/CPMR3/ros2_ws/install/cpmr_ch7/share/cpmr_ch7
[6.022s] copying urdf/colors.xacro -> /Users/mafu/Desktop/EECS_4421_Robotics/Labs/Lab3/CPMR3/ros2_ws/install/cpmr_ch7/share/cpmr_ch7
[6.022s] copying gazebo/mapping.world -> /Users/mafu/Desktop/EECS_4421_Robotics/Labs/Lab3/CPMR3/ros2_ws/install/cpmr_ch7/share/cpmr_ch7
[6.022s] running install_egg_info
[6.096s] Copying ../../build/cpmr_ch7/cpmr_ch7.egg-info to /Users/mafu/Desktop/EECS_4421_Robotics/Labs/Lab3/CPMR3/ros2_ws/install/cpmr_ch7/lib/python3.10/site-packages/cpmr_ch7-3.1.0-py3.10.egg-info
[6.099s] running install_scripts
[6.670s] Installing build_map script to /Users/mafu/Desktop/EECS_4421_Robotics/Labs/Lab3/CPMR3/ros2_ws/install/cpmr_ch7/lib/cpmr_ch7
[6.670s] writing list of installed files to '/Users/mafu/Desktop/EECS_4421_Robotics/Labs/Lab3/CPMR3/ros2_ws/build/cpmr_ch7/install.log'
[6.696s] Invoked command in '/Users/mafu/Desktop/EECS_4421_Robotics/Labs/Lab3/CPMR3/ros2_ws/src/cpmr_ch7' returned '0': CONDA_PROMPT_MODIFIER=(ros2) PYTHONPATH=/Users/mafu/Desktop/EECS_4421_Robotics/Labs/Lab3/CPMR3/ros2_ws/build/cpmr_ch7/prefix_override:/Users/mafu/miniconda3/envs/ros2/lib/python3.10/site-packages/colcon_core/task/python/colcon_distutils_commands:/Users/mafu/Desktop/EECS_4421_Robotics/Labs/Lab3/CPMR3/ros2_ws/install/cpmr_ch7/lib/python3.10/site-packages:${PYTHONPATH} SHLVL=2 _=/Users/mafu/miniconda3/envs/ros2/bin/env __CF_USER_TEXT_ENCODING=0x1F5:0x0:0x52 /Users/mafu/miniconda3/envs/ros2/bin/python3.10 -W ignore:setup.py install is deprecated setup.py egg_info --egg-base ../../build/cpmr_ch7 build --build-base /Users/mafu/Desktop/EECS_4421_Robotics/Labs/Lab3/CPMR3/ros2_ws/build/cpmr_ch7/build install --record /Users/mafu/Desktop/EECS_4421_Robotics/Labs/Lab3/CPMR3/ros2_ws/build/cpmr_ch7/install.log --single-version-externally-managed install_data
