[4.824s] Invoking command in '/Users/mafu/Desktop/EECS_4421_Robotics/Labs/Assignment1/CPMR3/ros2_ws/src/cpmr_ch5': CONDA_PROMPT_MODIFIER=(ros2) PYTHONPATH=/Users/mafu/Desktop/EECS_4421_Robotics/Labs/Assignment1/CPMR3/ros2_ws/build/cpmr_ch5/prefix_override:/Users/mafu/miniconda3/envs/ros2/lib/python3.10/site-packages/colcon_core/task/python/colcon_distutils_commands:/Users/mafu/Desktop/EECS_4421_Robotics/Labs/Assignment1/CPMR3/ros2_ws/install/cpmr_ch5/lib/python3.10/site-packages:${PYTHONPATH} SHLVL=2 _=/Users/mafu/miniconda3/envs/ros2/bin/env __CF_USER_TEXT_ENCODING=0x1F5:0x0:0x52 /Users/mafu/miniconda3/envs/ros2/bin/python3.10 -W ignore:setup.py install is deprecated setup.py egg_info --egg-base ../../build/cpmr_ch5 build --build-base /Users/mafu/Desktop/EECS_4421_Robotics/Labs/Assignment1/CPMR3/ros2_ws/build/cpmr_ch5/build install --record /Users/mafu/Desktop/EECS_4421_Robotics/Labs/Assignment1/CPMR3/ros2_ws/build/cpmr_ch5/install.log --single-version-externally-managed install_data
[5.849s] running egg_info
[5.906s] writing ../../build/cpmr_ch5/cpmr_ch5.egg-info/PKG-INFO
[5.953s] writing dependency_links to ../../build/cpmr_ch5/cpmr_ch5.egg-info/dependency_links.txt
[6.154s] writing entry points to ../../build/cpmr_ch5/cpmr_ch5.egg-info/entry_points.txt
[6.256s] writing requirements to ../../build/cpmr_ch5/cpmr_ch5.egg-info/requires.txt
[6.322s] writing top-level names to ../../build/cpmr_ch5/cpmr_ch5.egg-info/top_level.txt
[6.392s] reading manifest file '../../build/cpmr_ch5/cpmr_ch5.egg-info/SOURCES.txt'
[6.393s] writing manifest file '../../build/cpmr_ch5/cpmr_ch5.egg-info/SOURCES.txt'
[6.393s] running build
[6.394s] running build_py
[6.394s] running install
[6.397s] running install_lib
[6.456s] running install_data
[6.460s] running install_egg_info
[6.525s] removing '/Users/mafu/Desktop/EECS_4421_Robotics/Labs/Assignment1/CPMR3/ros2_ws/install/cpmr_ch5/lib/python3.10/site-packages/cpmr_ch5-3.1.0-py3.10.egg-info' (and everything under it)
[6.526s] Copying ../../build/cpmr_ch5/cpmr_ch5.egg-info to /Users/mafu/Desktop/EECS_4421_Robotics/Labs/Assignment1/CPMR3/ros2_ws/install/cpmr_ch5/lib/python3.10/site-packages/cpmr_ch5-3.1.0-py3.10.egg-info
[6.540s] running install_scripts
[7.175s] Installing aruco_target script to /Users/mafu/Desktop/EECS_4421_Robotics/Labs/Assignment1/CPMR3/ros2_ws/install/cpmr_ch5/lib/cpmr_ch5
[7.175s] Installing canny_edges script to /Users/mafu/Desktop/EECS_4421_Robotics/Labs/Assignment1/CPMR3/ros2_ws/install/cpmr_ch5/lib/cpmr_ch5
[7.175s] Installing good_features script to /Users/mafu/Desktop/EECS_4421_Robotics/Labs/Assignment1/CPMR3/ros2_ws/install/cpmr_ch5/lib/cpmr_ch5
[7.175s] Installing harris_corners script to /Users/mafu/Desktop/EECS_4421_Robotics/Labs/Assignment1/CPMR3/ros2_ws/install/cpmr_ch5/lib/cpmr_ch5
[7.175s] Installing opencv_camera script to /Users/mafu/Desktop/EECS_4421_Robotics/Labs/Assignment1/CPMR3/ros2_ws/install/cpmr_ch5/lib/cpmr_ch5
[7.175s] Installing view_camera script to /Users/mafu/Desktop/EECS_4421_Robotics/Labs/Assignment1/CPMR3/ros2_ws/install/cpmr_ch5/lib/cpmr_ch5
[7.175s] writing list of installed files to '/Users/mafu/Desktop/EECS_4421_Robotics/Labs/Assignment1/CPMR3/ros2_ws/build/cpmr_ch5/install.log'
[7.203s] Invoked command in '/Users/mafu/Desktop/EECS_4421_Robotics/Labs/Assignment1/CPMR3/ros2_ws/src/cpmr_ch5' returned '0': CONDA_PROMPT_MODIFIER=(ros2) PYTHONPATH=/Users/mafu/Desktop/EECS_4421_Robotics/Labs/Assignment1/CPMR3/ros2_ws/build/cpmr_ch5/prefix_override:/Users/mafu/miniconda3/envs/ros2/lib/python3.10/site-packages/colcon_core/task/python/colcon_distutils_commands:/Users/mafu/Desktop/EECS_4421_Robotics/Labs/Assignment1/CPMR3/ros2_ws/install/cpmr_ch5/lib/python3.10/site-packages:${PYTHONPATH} SHLVL=2 _=/Users/mafu/miniconda3/envs/ros2/bin/env __CF_USER_TEXT_ENCODING=0x1F5:0x0:0x52 /Users/mafu/miniconda3/envs/ros2/bin/python3.10 -W ignore:setup.py install is deprecated setup.py egg_info --egg-base ../../build/cpmr_ch5 build --build-base /Users/mafu/Desktop/EECS_4421_Robotics/Labs/Assignment1/CPMR3/ros2_ws/build/cpmr_ch5/build install --record /Users/mafu/Desktop/EECS_4421_Robotics/Labs/Assignment1/CPMR3/ros2_ws/build/cpmr_ch5/install.log --single-version-externally-managed install_data
