[5.366s] Invoking command in '/Users/mafu/Desktop/robotics/Lab8/ros2_ws/src/cpmr_ch2': CONDA_PROMPT_MODIFIER=(ros_env) PYTHONPATH=/Users/mafu/Desktop/robotics/Lab8/ros2_ws/build/cpmr_ch2/prefix_override:/Users/mafu/miniforge3/envs/ros_env/lib/python3.10/site-packages/colcon_core/task/python/colcon_distutils_commands:/Users/mafu/Desktop/robotics/Lab8/ros2_ws/install/cpmr_ch2/lib/python3.10/site-packages:${PYTHONPATH} SHLVL=2 _=/Users/mafu/miniforge3/envs/ros_env/bin/env __CF_USER_TEXT_ENCODING=0x1F5:0x0:0x0 /Users/mafu/miniforge3/envs/ros_env/bin/python3.10 -W ignore:setup.py install is deprecated setup.py egg_info --egg-base ../../build/cpmr_ch2 build --build-base /Users/mafu/Desktop/robotics/Lab8/ros2_ws/build/cpmr_ch2/build install --record /Users/mafu/Desktop/robotics/Lab8/ros2_ws/build/cpmr_ch2/install.log --single-version-externally-managed install_data
[5.722s] Traceback (most recent call last):
[5.723s]   File "/Users/mafu/Desktop/robotics/Lab8/ros2_ws/src/cpmr_ch2/setup.py", line 3, in <module>
[5.723s]     from setuptools import setup
[5.723s]   File "/Users/mafu/miniforge3/envs/ros_env/lib/python3.10/site-packages/setuptools/__init__.py", line 166, in <module>
[5.723s]     monkey.patch_all()
[5.723s]   File "/Users/mafu/miniforge3/envs/ros_env/lib/python3.10/site-packages/setuptools/monkey.py", line 99, in patch_all
[5.745s]     patch_for_msvc_specialized_compiler()
[5.745s]   File "/Users/mafu/miniforge3/envs/ros_env/lib/python3.10/site-packages/setuptools/monkey.py", line 136, in patch_for_msvc_specialized_compiler
[5.745s]     msvc = import_module('setuptools.msvc')
[5.745s]   File "/Users/mafu/miniforge3/envs/ros_env/lib/python3.10/importlib/__init__.py", line 126, in import_module
[5.746s]     return _bootstrap._gcd_import(name[level:], package, level)
[5.746s]   File "/Users/mafu/miniforge3/envs/ros_env/lib/python3.10/site-packages/setuptools/msvc.py", line 22, in <module>
[5.746s]     import json
[5.746s]   File "/Users/mafu/miniforge3/envs/ros_env/lib/python3.10/json/__init__.py", line 106, in <module>
[5.748s]     from .decoder import JSONDecoder, JSONDecodeError
[5.748s]   File "<frozen importlib._bootstrap>", line 1027, in _find_and_load
[5.748s]   File "<frozen importlib._bootstrap>", line 1002, in _find_and_load_unlocked
[5.748s]   File "<frozen importlib._bootstrap>", line 945, in _find_spec
[5.748s]   File "<frozen importlib._bootstrap_external>", line 1439, in find_spec
[5.748s]   File "<frozen importlib._bootstrap_external>", line 1411, in _get_spec
[5.748s]   File "<frozen importlib._bootstrap_external>", line 1548, in find_spec
[5.748s]   File "<frozen importlib._bootstrap_external>", line 1591, in _fill_cache
[5.748s] KeyboardInterrupt
