[3.218s] Invoking command in '/Users/mafu/Desktop/robotics/Assignment2/CPMR3/ros2_ws/src/cpmr_ch4': CONDA_PROMPT_MODIFIER=(ros_env) PYTHONPATH=/Users/mafu/Desktop/robotics/Assignment2/CPMR3/ros2_ws/build/cpmr_ch4/prefix_override:/Users/mafu/miniforge3/envs/ros_env/lib/python3.10/site-packages/colcon_core/task/python/colcon_distutils_commands:/Users/mafu/Desktop/robotics/Assignment2/CPMR3/ros2_ws/install/cpmr_ch4/lib/python3.10/site-packages:${PYTHONPATH} SHLVL=2 _=/usr/bin/env /Users/mafu/miniforge3/envs/ros_env/bin/python3.10 -W ignore:setup.py install is deprecated setup.py egg_info --egg-base ../../build/cpmr_ch4 build --build-base /Users/mafu/Desktop/robotics/Assignment2/CPMR3/ros2_ws/build/cpmr_ch4/build install --record /Users/mafu/Desktop/robotics/Assignment2/CPMR3/ros2_ws/build/cpmr_ch4/install.log --single-version-externally-managed install_data
[4.239s] running egg_info
[4.307s] writing ../../build/cpmr_ch4/cpmr_ch4.egg-info/PKG-INFO
[4.363s] writing dependency_links to ../../build/cpmr_ch4/cpmr_ch4.egg-info/dependency_links.txt
[4.526s] writing entry points to ../../build/cpmr_ch4/cpmr_ch4.egg-info/entry_points.txt
[4.638s] writing requirements to ../../build/cpmr_ch4/cpmr_ch4.egg-info/requires.txt
[4.704s] writing top-level names to ../../build/cpmr_ch4/cpmr_ch4.egg-info/top_level.txt
[4.800s] reading manifest file '../../build/cpmr_ch4/cpmr_ch4.egg-info/SOURCES.txt'
[4.802s] writing manifest file '../../build/cpmr_ch4/cpmr_ch4.egg-info/SOURCES.txt'
[4.802s] running build
[4.802s] running build_py
[4.802s] running install
[4.809s] running install_lib
[4.885s] running install_data
[4.886s] running install_egg_info
[4.961s] removing '/Users/mafu/Desktop/robotics/Assignment2/CPMR3/ros2_ws/install/cpmr_ch4/lib/python3.10/site-packages/cpmr_ch4-3.1.0-py3.10.egg-info' (and everything under it)
[4.962s] Copying ../../build/cpmr_ch4/cpmr_ch4.egg-info to /Users/mafu/Desktop/robotics/Assignment2/CPMR3/ros2_ws/install/cpmr_ch4/lib/python3.10/site-packages/cpmr_ch4-3.1.0-py3.10.egg-info
[4.967s] running install_scripts
[5.131s] Installing collect_lidar script to /Users/mafu/Desktop/robotics/Assignment2/CPMR3/ros2_ws/install/cpmr_ch4/lib/cpmr_ch4
[5.132s] writing list of installed files to '/Users/mafu/Desktop/robotics/Assignment2/CPMR3/ros2_ws/build/cpmr_ch4/install.log'
[5.190s] Invoked command in '/Users/mafu/Desktop/robotics/Assignment2/CPMR3/ros2_ws/src/cpmr_ch4' returned '0': CONDA_PROMPT_MODIFIER=(ros_env) PYTHONPATH=/Users/mafu/Desktop/robotics/Assignment2/CPMR3/ros2_ws/build/cpmr_ch4/prefix_override:/Users/mafu/miniforge3/envs/ros_env/lib/python3.10/site-packages/colcon_core/task/python/colcon_distutils_commands:/Users/mafu/Desktop/robotics/Assignment2/CPMR3/ros2_ws/install/cpmr_ch4/lib/python3.10/site-packages:${PYTHONPATH} SHLVL=2 _=/usr/bin/env /Users/mafu/miniforge3/envs/ros_env/bin/python3.10 -W ignore:setup.py install is deprecated setup.py egg_info --egg-base ../../build/cpmr_ch4 build --build-base /Users/mafu/Desktop/robotics/Assignment2/CPMR3/ros2_ws/build/cpmr_ch4/build install --record /Users/mafu/Desktop/robotics/Assignment2/CPMR3/ros2_ws/build/cpmr_ch4/install.log --single-version-externally-managed install_data
