[1.857s] Invoking command in '/Users/mafu/Library/CloudStorage/GoogleDrive-mafu@my.yorku.ca/Other computers/My Laptop/E:/0.2 Fall 2024/EECS_4421_Robotics/Labs/Lab2/CPMR3/ros2_ws/src/cpmr_ch5': CONDA_PROMPT_MODIFIER=(ros_env) PYTHONPATH=/Users/mafu/Library/CloudStorage/GoogleDrive-mafu@my.yorku.ca/Other computers/My Laptop/E:/0.2 Fall 2024/EECS_4421_Robotics/Labs/Lab2/CPMR3/ros2_ws/build/cpmr_ch5/prefix_override:/opt/miniconda3/envs/ros_env/lib/python3.11/site-packages/colcon_core/task/python/colcon_distutils_commands:/Users/mafu/Library/CloudStorage/GoogleDrive-mafu@my.yorku.ca/Other computers/My Laptop/E:/0.2 Fall 2024/EECS_4421_Robotics/Labs/Lab2/CPMR3/ros2_ws/install/cpmr_ch5/lib/python3.11/site-packages:${PYTHONPATH} SHLVL=2 _=/opt/miniconda3/envs/ros_env/bin/env __CF_USER_TEXT_ENCODING=0x1F5:0x0:0x52 /opt/miniconda3/envs/ros_env/bin/python3.11 -W ignore:setup.py install is deprecated setup.py egg_info --egg-base ../../build/cpmr_ch5 build --build-base /Users/mafu/Library/CloudStorage/GoogleDrive-mafu@my.yorku.ca/Other computers/My Laptop/E:/0.2 Fall 2024/EECS_4421_Robotics/Labs/Lab2/CPMR3/ros2_ws/build/cpmr_ch5/build install --record /Users/mafu/Library/CloudStorage/GoogleDrive-mafu@my.yorku.ca/Other computers/My Laptop/E:/0.2 Fall 2024/EECS_4421_Robotics/Labs/Lab2/CPMR3/ros2_ws/build/cpmr_ch5/install.log --single-version-externally-managed install_data
[2.162s] running egg_info
[2.162s] writing ../../build/cpmr_ch5/cpmr_ch5.egg-info/PKG-INFO
[2.163s] writing dependency_links to ../../build/cpmr_ch5/cpmr_ch5.egg-info/dependency_links.txt
[2.164s] writing entry points to ../../build/cpmr_ch5/cpmr_ch5.egg-info/entry_points.txt
[2.164s] writing requirements to ../../build/cpmr_ch5/cpmr_ch5.egg-info/requires.txt
[2.164s] writing top-level names to ../../build/cpmr_ch5/cpmr_ch5.egg-info/top_level.txt
[2.174s] reading manifest file '../../build/cpmr_ch5/cpmr_ch5.egg-info/SOURCES.txt'
[2.179s] writing manifest file '../../build/cpmr_ch5/cpmr_ch5.egg-info/SOURCES.txt'
[2.179s] running build
[2.180s] running build_py
[2.180s] running install
[2.180s] running install_lib
[2.193s] running install_data
[2.193s] running install_egg_info
[2.193s] removing '/opt/miniconda3/envs/ros_env/lib/python3.11/site-packages/cpmr_ch5-3.1.0-py3.11.egg-info' (and everything under it)
[2.193s] Copying ../../build/cpmr_ch5/cpmr_ch5.egg-info to /opt/miniconda3/envs/ros_env/lib/python3.11/site-packages/cpmr_ch5-3.1.0-py3.11.egg-info
[2.197s] running install_scripts
[2.258s] Installing aruco_target script to /opt/miniconda3/envs/ros_env/lib/cpmr_ch5
[2.258s] Installing canny_edges script to /opt/miniconda3/envs/ros_env/lib/cpmr_ch5
[2.258s] Installing good_features script to /opt/miniconda3/envs/ros_env/lib/cpmr_ch5
[2.258s] Installing harris_corners script to /opt/miniconda3/envs/ros_env/lib/cpmr_ch5
[2.258s] Installing opencv_camera script to /opt/miniconda3/envs/ros_env/lib/cpmr_ch5
[2.258s] Installing view_camera script to /opt/miniconda3/envs/ros_env/lib/cpmr_ch5
[2.259s] writing list of installed files to '/Users/mafu/Library/CloudStorage/GoogleDrive-mafu@my.yorku.ca/Other computers/My Laptop/E:/0.2 Fall 2024/EECS_4421_Robotics/Labs/Lab2/CPMR3/ros2_ws/build/cpmr_ch5/install.log'
[2.364s] Invoked command in '/Users/mafu/Library/CloudStorage/GoogleDrive-mafu@my.yorku.ca/Other computers/My Laptop/E:/0.2 Fall 2024/EECS_4421_Robotics/Labs/Lab2/CPMR3/ros2_ws/src/cpmr_ch5' returned '0': CONDA_PROMPT_MODIFIER=(ros_env) PYTHONPATH=/Users/mafu/Library/CloudStorage/GoogleDrive-mafu@my.yorku.ca/Other computers/My Laptop/E:/0.2 Fall 2024/EECS_4421_Robotics/Labs/Lab2/CPMR3/ros2_ws/build/cpmr_ch5/prefix_override:/opt/miniconda3/envs/ros_env/lib/python3.11/site-packages/colcon_core/task/python/colcon_distutils_commands:/Users/mafu/Library/CloudStorage/GoogleDrive-mafu@my.yorku.ca/Other computers/My Laptop/E:/0.2 Fall 2024/EECS_4421_Robotics/Labs/Lab2/CPMR3/ros2_ws/install/cpmr_ch5/lib/python3.11/site-packages:${PYTHONPATH} SHLVL=2 _=/opt/miniconda3/envs/ros_env/bin/env __CF_USER_TEXT_ENCODING=0x1F5:0x0:0x52 /opt/miniconda3/envs/ros_env/bin/python3.11 -W ignore:setup.py install is deprecated setup.py egg_info --egg-base ../../build/cpmr_ch5 build --build-base /Users/mafu/Library/CloudStorage/GoogleDrive-mafu@my.yorku.ca/Other computers/My Laptop/E:/0.2 Fall 2024/EECS_4421_Robotics/Labs/Lab2/CPMR3/ros2_ws/build/cpmr_ch5/build install --record /Users/mafu/Library/CloudStorage/GoogleDrive-mafu@my.yorku.ca/Other computers/My Laptop/E:/0.2 Fall 2024/EECS_4421_Robotics/Labs/Lab2/CPMR3/ros2_ws/build/cpmr_ch5/install.log --single-version-externally-managed install_data
