[3.666s] Invoking command in '/Users/mafu/Desktop/robotics/Assignment2/CPMR3/ros2_ws/src/cpmr_ch4': CONDA_PROMPT_MODIFIER=(ros_env) PYTHONPATH=/Users/mafu/Desktop/robotics/Assignment2/CPMR3/ros2_ws/build/cpmr_ch4/prefix_override:/Users/mafu/miniforge3/envs/ros_env2/lib/python3.10/site-packages/colcon_core/task/python/colcon_distutils_commands:/Users/mafu/Desktop/robotics/Assignment2/CPMR3/ros2_ws/install/cpmr_ch4/lib/python3.10/site-packages:${PYTHONPATH} SHLVL=2 _=/Users/mafu/miniforge3/envs/ros_env/bin/env /Users/mafu/miniforge3/envs/ros_env/bin/python3.10 -W ignore:setup.py install is deprecated setup.py egg_info --egg-base ../../build/cpmr_ch4 build --build-base /Users/mafu/Desktop/robotics/Assignment2/CPMR3/ros2_ws/build/cpmr_ch4/build install --record /Users/mafu/Desktop/robotics/Assignment2/CPMR3/ros2_ws/build/cpmr_ch4/install.log --single-version-externally-managed install_data
[4.871s] running egg_info
[4.948s] writing ../../build/cpmr_ch4/cpmr_ch4.egg-info/PKG-INFO
[5.007s] writing dependency_links to ../../build/cpmr_ch4/cpmr_ch4.egg-info/dependency_links.txt
[5.185s] writing entry points to ../../build/cpmr_ch4/cpmr_ch4.egg-info/entry_points.txt
[5.289s] writing requirements to ../../build/cpmr_ch4/cpmr_ch4.egg-info/requires.txt
[5.342s] writing top-level names to ../../build/cpmr_ch4/cpmr_ch4.egg-info/top_level.txt
[5.432s] reading manifest file '../../build/cpmr_ch4/cpmr_ch4.egg-info/SOURCES.txt'
[5.434s] writing manifest file '../../build/cpmr_ch4/cpmr_ch4.egg-info/SOURCES.txt'
[5.434s] running build
[5.434s] running build_py
[5.435s] running install
[5.440s] running install_lib
[5.513s] running install_data
[5.514s] running install_egg_info
[5.599s] removing '/Users/mafu/Desktop/robotics/Assignment2/CPMR3/ros2_ws/install/cpmr_ch4/lib/python3.10/site-packages/cpmr_ch4-3.1.0-py3.10.egg-info' (and everything under it)
[5.601s] Copying ../../build/cpmr_ch4/cpmr_ch4.egg-info to /Users/mafu/Desktop/robotics/Assignment2/CPMR3/ros2_ws/install/cpmr_ch4/lib/python3.10/site-packages/cpmr_ch4-3.1.0-py3.10.egg-info
[5.607s] running install_scripts
[5.846s] Installing collect_lidar script to /Users/mafu/Desktop/robotics/Assignment2/CPMR3/ros2_ws/install/cpmr_ch4/lib/cpmr_ch4
[5.847s] writing list of installed files to '/Users/mafu/Desktop/robotics/Assignment2/CPMR3/ros2_ws/build/cpmr_ch4/install.log'
[5.899s] Invoked command in '/Users/mafu/Desktop/robotics/Assignment2/CPMR3/ros2_ws/src/cpmr_ch4' returned '0': CONDA_PROMPT_MODIFIER=(ros_env) PYTHONPATH=/Users/mafu/Desktop/robotics/Assignment2/CPMR3/ros2_ws/build/cpmr_ch4/prefix_override:/Users/mafu/miniforge3/envs/ros_env2/lib/python3.10/site-packages/colcon_core/task/python/colcon_distutils_commands:/Users/mafu/Desktop/robotics/Assignment2/CPMR3/ros2_ws/install/cpmr_ch4/lib/python3.10/site-packages:${PYTHONPATH} SHLVL=2 _=/Users/mafu/miniforge3/envs/ros_env/bin/env /Users/mafu/miniforge3/envs/ros_env/bin/python3.10 -W ignore:setup.py install is deprecated setup.py egg_info --egg-base ../../build/cpmr_ch4 build --build-base /Users/mafu/Desktop/robotics/Assignment2/CPMR3/ros2_ws/build/cpmr_ch4/build install --record /Users/mafu/Desktop/robotics/Assignment2/CPMR3/ros2_ws/build/cpmr_ch4/install.log --single-version-externally-managed install_data
