running develop
/opt/miniconda3/envs/ros3/lib/python3.10/site-packages/setuptools/command/easy_install.py:144: EasyInstallDeprecationWarning: easy_install command is deprecated. Use build and pip and other standards-based tools.
  warnings.warn(
running egg_info
writing cpmr_ch6.egg-info/PKG-INFO
writing dependency_links to cpmr_ch6.egg-info/dependency_links.txt
writing entry points to cpmr_ch6.egg-info/entry_points.txt
writing requirements to cpmr_ch6.egg-info/requires.txt
writing top-level names to cpmr_ch6.egg-info/top_level.txt
reading manifest file 'cpmr_ch6.egg-info/SOURCES.txt'
writing manifest file 'cpmr_ch6.egg-info/SOURCES.txt'
running build_ext
Creating /opt/miniconda3/envs/ros3/lib/python3.10/site-packages/cpmr-ch6.egg-link (link to .)
Installing auto_drive_by_line script to /opt/miniconda3/envs/ros3/lib/cpmr_ch6
Installing auto_drive_by_road script to /opt/miniconda3/envs/ros3/lib/cpmr_ch6
Installing drive_by_line script to /opt/miniconda3/envs/ros3/lib/cpmr_ch6
Installing drive_by_road script to /opt/miniconda3/envs/ros3/lib/cpmr_ch6

Installed /Users/mafu/Library/CloudStorage/GoogleDrive-mafu@my.yorku.ca/Other computers/My Laptop/E:/0.2 Fall 2024/EECS_4421_Robotics/Labs/Lab2/CPMR3/ros2_ws/build/cpmr_ch6
running symlink_data
symbolically linking /Users/mafu/Library/CloudStorage/GoogleDrive-mafu@my.yorku.ca/Other computers/My Laptop/E:/0.2 Fall 2024/EECS_4421_Robotics/Labs/Lab2/CPMR3/ros2_ws/build/cpmr_ch6/resource/cpmr_ch6 -> /opt/miniconda3/envs/ros3/share/ament_index/resource_index/packages
symbolically linking /Users/mafu/Library/CloudStorage/GoogleDrive-mafu@my.yorku.ca/Other computers/My Laptop/E:/0.2 Fall 2024/EECS_4421_Robotics/Labs/Lab2/CPMR3/ros2_ws/build/cpmr_ch6/package.xml -> /opt/miniconda3/envs/ros3/share/cpmr_ch6
symbolically linking /Users/mafu/Library/CloudStorage/GoogleDrive-mafu@my.yorku.ca/Other computers/My Laptop/E:/0.2 Fall 2024/EECS_4421_Robotics/Labs/Lab2/CPMR3/ros2_ws/build/cpmr_ch6/launch/drive_by_line.launch.py -> /opt/miniconda3/envs/ros3/share/cpmr_ch6
symbolically linking /Users/mafu/Library/CloudStorage/GoogleDrive-mafu@my.yorku.ca/Other computers/My Laptop/E:/0.2 Fall 2024/EECS_4421_Robotics/Labs/Lab2/CPMR3/ros2_ws/build/cpmr_ch6/launch/drive_by_road.launch.py -> /opt/miniconda3/envs/ros3/share/cpmr_ch6
symbolically linking /Users/mafu/Library/CloudStorage/GoogleDrive-mafu@my.yorku.ca/Other computers/My Laptop/E:/0.2 Fall 2024/EECS_4421_Robotics/Labs/Lab2/CPMR3/ros2_ws/build/cpmr_ch6/launch/auto_drive_by_road.launch.py -> /opt/miniconda3/envs/ros3/share/cpmr_ch6
symbolically linking /Users/mafu/Library/CloudStorage/GoogleDrive-mafu@my.yorku.ca/Other computers/My Laptop/E:/0.2 Fall 2024/EECS_4421_Robotics/Labs/Lab2/CPMR3/ros2_ws/build/cpmr_ch6/launch/auto_drive_by_line.launch.py -> /opt/miniconda3/envs/ros3/share/cpmr_ch6
symbolically linking /Users/mafu/Library/CloudStorage/GoogleDrive-mafu@my.yorku.ca/Other computers/My Laptop/E:/0.2 Fall 2024/EECS_4421_Robotics/Labs/Lab2/CPMR3/ros2_ws/build/cpmr_ch6/urdf/scout-camera.urdf.xacro -> /opt/miniconda3/envs/ros3/share/cpmr_ch6
symbolically linking /Users/mafu/Library/CloudStorage/GoogleDrive-mafu@my.yorku.ca/Other computers/My Laptop/E:/0.2 Fall 2024/EECS_4421_Robotics/Labs/Lab2/CPMR3/ros2_ws/build/cpmr_ch6/urdf/scout-line-follower.urdf.xacro -> /opt/miniconda3/envs/ros3/share/cpmr_ch6
symbolically linking /Users/mafu/Library/CloudStorage/GoogleDrive-mafu@my.yorku.ca/Other computers/My Laptop/E:/0.2 Fall 2024/EECS_4421_Robotics/Labs/Lab2/CPMR3/ros2_ws/build/cpmr_ch6/urdf/colors.xacro -> /opt/miniconda3/envs/ros3/share/cpmr_ch6
