[3.549s] Invoking command in '/Users/mafu/Desktop/robotics/Assignment2/CPMR3/ros2_ws/src/cpmr_ch4': CONDA_PROMPT_MODIFIER=(ros_env2) PYTHONPATH=/Users/mafu/Desktop/robotics/Assignment2/CPMR3/ros2_ws/build/cpmr_ch4/prefix_override:/Users/mafu/miniforge3/envs/ros_env2/lib/python3.10/site-packages/colcon_core/task/python/colcon_distutils_commands:/Users/mafu/Desktop/robotics/Assignment2/CPMR3/ros2_ws/install/cpmr_ch4/lib/python3.10/site-packages:${PYTHONPATH} SHLVL=2 _=/usr/bin/env /Users/mafu/miniforge3/envs/ros_env2/bin/python3.10 -W ignore:setup.py install is deprecated setup.py egg_info --egg-base ../../build/cpmr_ch4 build --build-base /Users/mafu/Desktop/robotics/Assignment2/CPMR3/ros2_ws/build/cpmr_ch4/build install --record /Users/mafu/Desktop/robotics/Assignment2/CPMR3/ros2_ws/build/cpmr_ch4/install.log --single-version-externally-managed install_data
[4.796s] running egg_info
[4.881s] writing ../../build/cpmr_ch4/cpmr_ch4.egg-info/PKG-INFO
[4.948s] writing dependency_links to ../../build/cpmr_ch4/cpmr_ch4.egg-info/dependency_links.txt
[5.173s] writing entry points to ../../build/cpmr_ch4/cpmr_ch4.egg-info/entry_points.txt
[5.317s] writing requirements to ../../build/cpmr_ch4/cpmr_ch4.egg-info/requires.txt
[5.388s] writing top-level names to ../../build/cpmr_ch4/cpmr_ch4.egg-info/top_level.txt
[5.498s] reading manifest file '../../build/cpmr_ch4/cpmr_ch4.egg-info/SOURCES.txt'
[5.500s] writing manifest file '../../build/cpmr_ch4/cpmr_ch4.egg-info/SOURCES.txt'
[5.500s] running build
[5.500s] running build_py
[5.501s] running install
[5.509s] running install_lib
[5.596s] running install_data
[5.598s] running install_egg_info
[5.696s] removing '/Users/mafu/Desktop/robotics/Assignment2/CPMR3/ros2_ws/install/cpmr_ch4/lib/python3.10/site-packages/cpmr_ch4-3.1.0-py3.10.egg-info' (and everything under it)
[5.698s] Copying ../../build/cpmr_ch4/cpmr_ch4.egg-info to /Users/mafu/Desktop/robotics/Assignment2/CPMR3/ros2_ws/install/cpmr_ch4/lib/python3.10/site-packages/cpmr_ch4-3.1.0-py3.10.egg-info
[5.703s] running install_scripts
[5.930s] Installing collect_lidar script to /Users/mafu/Desktop/robotics/Assignment2/CPMR3/ros2_ws/install/cpmr_ch4/lib/cpmr_ch4
[5.930s] writing list of installed files to '/Users/mafu/Desktop/robotics/Assignment2/CPMR3/ros2_ws/build/cpmr_ch4/install.log'
[5.969s] Invoked command in '/Users/mafu/Desktop/robotics/Assignment2/CPMR3/ros2_ws/src/cpmr_ch4' returned '0': CONDA_PROMPT_MODIFIER=(ros_env2) PYTHONPATH=/Users/mafu/Desktop/robotics/Assignment2/CPMR3/ros2_ws/build/cpmr_ch4/prefix_override:/Users/mafu/miniforge3/envs/ros_env2/lib/python3.10/site-packages/colcon_core/task/python/colcon_distutils_commands:/Users/mafu/Desktop/robotics/Assignment2/CPMR3/ros2_ws/install/cpmr_ch4/lib/python3.10/site-packages:${PYTHONPATH} SHLVL=2 _=/usr/bin/env /Users/mafu/miniforge3/envs/ros_env2/bin/python3.10 -W ignore:setup.py install is deprecated setup.py egg_info --egg-base ../../build/cpmr_ch4 build --build-base /Users/mafu/Desktop/robotics/Assignment2/CPMR3/ros2_ws/build/cpmr_ch4/build install --record /Users/mafu/Desktop/robotics/Assignment2/CPMR3/ros2_ws/build/cpmr_ch4/install.log --single-version-externally-managed install_data
