[6.907s] Invoking command in '/Users/mafu/Desktop/robotics/Lab9/CPMR3/ros2_ws/src/cpmr_ch6': CONDA_PROMPT_MODIFIER=(ros_env) PYTHONPATH=/Users/mafu/Desktop/robotics/Lab9/CPMR3/ros2_ws/build/cpmr_ch6/prefix_override:/Users/mafu/miniforge3/envs/ros_env/lib/python3.10/site-packages/colcon_core/task/python/colcon_distutils_commands:/Users/mafu/Desktop/robotics/Lab9/CPMR3/ros2_ws/install/cpmr_ch6/lib/python3.10/site-packages:${PYTHONPATH} SHLVL=2 _=/Users/mafu/miniforge3/envs/ros_env/bin/env __CF_USER_TEXT_ENCODING=0x1F5:0x0:0x0 /Users/mafu/miniforge3/envs/ros_env/bin/python3.10 -W ignore:setup.py install is deprecated setup.py egg_info --egg-base ../../build/cpmr_ch6 build --build-base /Users/mafu/Desktop/robotics/Lab9/CPMR3/ros2_ws/build/cpmr_ch6/build install --record /Users/mafu/Desktop/robotics/Lab9/CPMR3/ros2_ws/build/cpmr_ch6/install.log --single-version-externally-managed install_data
[8.410s] running egg_info
[8.537s] writing ../../build/cpmr_ch6/cpmr_ch6.egg-info/PKG-INFO
[8.605s] writing dependency_links to ../../build/cpmr_ch6/cpmr_ch6.egg-info/dependency_links.txt
[8.857s] writing entry points to ../../build/cpmr_ch6/cpmr_ch6.egg-info/entry_points.txt
[8.990s] writing requirements to ../../build/cpmr_ch6/cpmr_ch6.egg-info/requires.txt
[9.104s] writing top-level names to ../../build/cpmr_ch6/cpmr_ch6.egg-info/top_level.txt
[9.293s] reading manifest file '../../build/cpmr_ch6/cpmr_ch6.egg-info/SOURCES.txt'
[9.298s] writing manifest file '../../build/cpmr_ch6/cpmr_ch6.egg-info/SOURCES.txt'
[9.298s] running build
[9.299s] running build_py
[9.299s] running install
[9.306s] running install_lib
[9.377s] running install_data
[9.377s] running install_egg_info
[9.476s] removing '/Users/mafu/Desktop/robotics/Lab9/CPMR3/ros2_ws/install/cpmr_ch6/lib/python3.10/site-packages/cpmr_ch6-3.1.0-py3.10.egg-info' (and everything under it)
[9.477s] Copying ../../build/cpmr_ch6/cpmr_ch6.egg-info to /Users/mafu/Desktop/robotics/Lab9/CPMR3/ros2_ws/install/cpmr_ch6/lib/python3.10/site-packages/cpmr_ch6-3.1.0-py3.10.egg-info
[9.481s] running install_scripts
[10.337s] Installing auto_drive_by_line script to /Users/mafu/Desktop/robotics/Lab9/CPMR3/ros2_ws/install/cpmr_ch6/lib/cpmr_ch6
[10.337s] Installing auto_drive_by_road script to /Users/mafu/Desktop/robotics/Lab9/CPMR3/ros2_ws/install/cpmr_ch6/lib/cpmr_ch6
[10.338s] Installing drive_by_line script to /Users/mafu/Desktop/robotics/Lab9/CPMR3/ros2_ws/install/cpmr_ch6/lib/cpmr_ch6
[10.338s] Installing drive_by_road script to /Users/mafu/Desktop/robotics/Lab9/CPMR3/ros2_ws/install/cpmr_ch6/lib/cpmr_ch6
[10.338s] writing list of installed files to '/Users/mafu/Desktop/robotics/Lab9/CPMR3/ros2_ws/build/cpmr_ch6/install.log'
[10.371s] Invoked command in '/Users/mafu/Desktop/robotics/Lab9/CPMR3/ros2_ws/src/cpmr_ch6' returned '0': CONDA_PROMPT_MODIFIER=(ros_env) PYTHONPATH=/Users/mafu/Desktop/robotics/Lab9/CPMR3/ros2_ws/build/cpmr_ch6/prefix_override:/Users/mafu/miniforge3/envs/ros_env/lib/python3.10/site-packages/colcon_core/task/python/colcon_distutils_commands:/Users/mafu/Desktop/robotics/Lab9/CPMR3/ros2_ws/install/cpmr_ch6/lib/python3.10/site-packages:${PYTHONPATH} SHLVL=2 _=/Users/mafu/miniforge3/envs/ros_env/bin/env __CF_USER_TEXT_ENCODING=0x1F5:0x0:0x0 /Users/mafu/miniforge3/envs/ros_env/bin/python3.10 -W ignore:setup.py install is deprecated setup.py egg_info --egg-base ../../build/cpmr_ch6 build --build-base /Users/mafu/Desktop/robotics/Lab9/CPMR3/ros2_ws/build/cpmr_ch6/build install --record /Users/mafu/Desktop/robotics/Lab9/CPMR3/ros2_ws/build/cpmr_ch6/install.log --single-version-externally-managed install_data
