running egg_info
writing ../../build/cpmr_ch2/cpmr_ch2.egg-info/PKG-INFO
writing dependency_links to ../../build/cpmr_ch2/cpmr_ch2.egg-info/dependency_links.txt
writing entry points to ../../build/cpmr_ch2/cpmr_ch2.egg-info/entry_points.txt
writing requirements to ../../build/cpmr_ch2/cpmr_ch2.egg-info/requires.txt
writing top-level names to ../../build/cpmr_ch2/cpmr_ch2.egg-info/top_level.txt
reading manifest file '../../build/cpmr_ch2/cpmr_ch2.egg-info/SOURCES.txt'
writing manifest file '../../build/cpmr_ch2/cpmr_ch2.egg-info/SOURCES.txt'
running build
running build_py
running install
running install_lib
running install_data
running install_egg_info
removing '/Users/mafu/Desktop/EECS_4421_Robotics/Labs/Lab3/CPMR3/ros2_ws/install/cpmr_ch2/lib/python3.10/site-packages/cpmr_ch2-3.1.0-py3.10.egg-info' (and everything under it)
Copying ../../build/cpmr_ch2/cpmr_ch2.egg-info to /Users/mafu/Desktop/EECS_4421_Robotics/Labs/Lab3/CPMR3/ros2_ws/install/cpmr_ch2/lib/python3.10/site-packages/cpmr_ch2-3.1.0-py3.10.egg-info
running install_scripts
Installing add_obstacle script to /Users/mafu/Desktop/EECS_4421_Robotics/Labs/Lab3/CPMR3/ros2_ws/install/cpmr_ch2/lib/cpmr_ch2
Installing build_map script to /Users/mafu/Desktop/EECS_4421_Robotics/Labs/Lab3/CPMR3/ros2_ws/install/cpmr_ch2/lib/cpmr_ch2
Installing destroy_map script to /Users/mafu/Desktop/EECS_4421_Robotics/Labs/Lab3/CPMR3/ros2_ws/install/cpmr_ch2/lib/cpmr_ch2
Installing drive_to_goal script to /Users/mafu/Desktop/EECS_4421_Robotics/Labs/Lab3/CPMR3/ros2_ws/install/cpmr_ch2/lib/cpmr_ch2
writing list of installed files to '/Users/mafu/Desktop/EECS_4421_Robotics/Labs/Lab3/CPMR3/ros2_ws/build/cpmr_ch2/install.log'
