[0.000000] (-) TimerEvent: {}
[0.000045] (-) JobUnselected: {'identifier': 'cpmr_apb'}
[0.000083] (-) JobUnselected: {'identifier': 'cpmr_ch11'}
[0.000151] (-) JobUnselected: {'identifier': 'cpmr_ch12'}
[0.000180] (-) JobUnselected: {'identifier': 'cpmr_ch4'}
[0.000237] (-) JobUnselected: {'identifier': 'cpmr_ch5'}
[0.000271] (-) JobUnselected: {'identifier': 'cpmr_ch6'}
[0.000334] (-) JobUnselected: {'identifier': 'cpmr_ch7'}
[0.000393] (-) JobUnselected: {'identifier': 'cpmr_ch8'}
[0.000413] (-) JobUnselected: {'identifier': 'gazebo_dev'}
[0.000427] (-) JobUnselected: {'identifier': 'gazebo_msgs'}
[0.000444] (-) JobUnselected: {'identifier': 'gazebo_plugins'}
[0.000454] (-) JobUnselected: {'identifier': 'gazebo_ros'}
[0.000480] (-) JobUnselected: {'identifier': 'gazebo_ros_control'}
[0.000494] (-) JobUnselected: {'identifier': 'gazebo_ros_pkgs'}
[0.000502] (cpmr_ch2) JobQueued: {'identifier': 'cpmr_ch2', 'dependencies': OrderedDict()}
[0.000512] (cpmr_ch2) JobStarted: {'identifier': 'cpmr_ch2'}
[0.104096] (cpmr_ch2) StderrLine: {'line': b'Traceback (most recent call last):\n  File "/Users/mafu/miniconda3/envs/ros2/lib/python3.11/site-packages/colcon_core/executor/__init__.py", line 91, in __call__\n    rc = await self.task(*args, **kwargs)\n         ^^^^^^^^^^^^^^^^^^^^^^^^^^^^^^^^\n  File "/Users/mafu/miniconda3/envs/ros2/lib/python3.11/site-packages/colcon_core/task/__init__.py", line 93, in __call__\n    return await task_method(*args, **kwargs)\n           ^^^^^^^^^^^^^^^^^^^^^^^^^^^^^^^^^^\n  File "/Users/mafu/miniconda3/envs/ros2/lib/python3.11/site-packages/colcon_ros/task/ament_python/build.py", line 51, in build\n    setup_py_data = get_setup_data(self.context.pkg, env)\n                    ^^^^^^^^^^^^^^^^^^^^^^^^^^^^^^^^^^^^^\n  File "/Users/mafu/miniconda3/envs/ros2/lib/python3.11/site-packages/colcon_core/task/python/__init__.py", line 20, in get_setup_data\n    return dict(pkg.metadata[key](env))\n                ^^^^^^^^^^^^^^^^^^^^^^\n  File "/Users/mafu/miniconda3/envs/ros2/lib/python3.11/site-packages/colcon_ros/package_augmentation/ros_ament_python.py", line 57, in getter\n    return get_setup_information(\n           ^^^^^^^^^^^^^^^^^^^^^^\n  File "/Users/mafu/miniconda3/envs/ros2/lib/python3.11/site-packages/colcon_python_setup_py/package_identification/python_setup_py.py", line 241, in get_setup_information\n    _setup_information_cache[hashable_env] = _get_setup_information(\n                                             ^^^^^^^^^^^^^^^^^^^^^^^\n  File "/Users/mafu/miniconda3/envs/ros2/lib/python3.11/site-packages/colcon_python_setup_py/package_identification/python_setup_py.py", line 281, in _get_setup_information\n    result = subprocess.run(\n             ^^^^^^^^^^^^^^^\n  File "/Users/mafu/miniconda3/envs/ros2/lib/python3.11/subprocess.py", line 571, in run\n    raise CalledProcessError(retcode, process.args,\nsubprocess.CalledProcessError: Command \'[\'/Users/mafu/miniconda3/envs/ros2/bin/python3.11\', \'-c\', "import sys;from setuptools.extern.packaging.specifiers import SpecifierSet;from distutils.core import run_setup;dist = run_setup(    \'setup.py\', script_args=(\'--dry-run\',), stop_after=\'config\');skip_keys = (\'cmdclass\', \'distclass\', \'ext_modules\', \'metadata\');data = {    key: value for key, value in dist.__dict__.items()     if (        not key.startswith(\'_\') and         not callable(value) and         key not in skip_keys and         key not in dist.display_option_names    )};data[\'metadata\'] = {    k: v for k, v in dist.metadata.__dict__.items()     if k not in (\'license_files\', \'provides_extras\')};sys.stdout.buffer.write(repr(data).encode(\'utf-8\'))"]\' returned non-zero exit status 1.\n'}
[0.104795] (-) TimerEvent: {}
[0.104809] (cpmr_ch2) JobEnded: {'identifier': 'cpmr_ch2', 'rc': 1}
[0.117198] (-) EventReactorShutdown: {}
