[5.095s] Invoking command in '/Users/mafu/Library/CloudStorage/GoogleDrive-mafu@my.yorku.ca/Other computers/My Laptop/E:/0.2 Fall 2024/EECS_4421_Robotics/Labs/Lab2/CPMR3/ros2_ws/src/cpmr_apb': CONDA_PROMPT_MODIFIER=(ros3) PYTHONPATH=/Users/mafu/Library/CloudStorage/GoogleDrive-mafu@my.yorku.ca/Other computers/My Laptop/E:/0.2 Fall 2024/EECS_4421_Robotics/Labs/Lab2/CPMR3/ros2_ws/build/cpmr_apb/prefix_override:/opt/miniconda3/envs/ros3/lib/python3.10/site-packages/colcon_core/task/python/colcon_distutils_commands:/Users/mafu/Library/CloudStorage/GoogleDrive-mafu@my.yorku.ca/Other computers/My Laptop/E:/0.2 Fall 2024/EECS_4421_Robotics/Labs/Lab2/CPMR3/ros2_ws/install/cpmr_apb/lib/python3.10/site-packages:${PYTHONPATH} SHLVL=2 _=/opt/miniconda3/envs/ros3/bin/env __CF_USER_TEXT_ENCODING=0x1F5:0x0:0x52 /opt/miniconda3/envs/ros3/bin/python3.10 -W ignore:setup.py install is deprecated setup.py egg_info --egg-base ../../build/cpmr_apb build --build-base /Users/mafu/Library/CloudStorage/GoogleDrive-mafu@my.yorku.ca/Other computers/My Laptop/E:/0.2 Fall 2024/EECS_4421_Robotics/Labs/Lab2/CPMR3/ros2_ws/build/cpmr_apb/build install --record /Users/mafu/Library/CloudStorage/GoogleDrive-mafu@my.yorku.ca/Other computers/My Laptop/E:/0.2 Fall 2024/EECS_4421_Robotics/Labs/Lab2/CPMR3/ros2_ws/build/cpmr_apb/install.log --single-version-externally-managed install_data
[6.237s] running egg_info
[6.323s] writing ../../build/cpmr_apb/cpmr_apb.egg-info/PKG-INFO
[6.381s] writing dependency_links to ../../build/cpmr_apb/cpmr_apb.egg-info/dependency_links.txt
[6.537s] writing entry points to ../../build/cpmr_apb/cpmr_apb.egg-info/entry_points.txt
[6.660s] writing requirements to ../../build/cpmr_apb/cpmr_apb.egg-info/requires.txt
[6.720s] writing top-level names to ../../build/cpmr_apb/cpmr_apb.egg-info/top_level.txt
[6.838s] reading manifest file '../../build/cpmr_apb/cpmr_apb.egg-info/SOURCES.txt'
[6.841s] writing manifest file '../../build/cpmr_apb/cpmr_apb.egg-info/SOURCES.txt'
[6.850s] running build
[6.850s] running build_py
[6.852s] running install
[6.853s] running install_lib
[6.932s] creating /opt/miniconda3/envs/ros3/lib/python3.10/site-packages/cpmr_apb
[6.932s] copying /Users/mafu/Library/CloudStorage/GoogleDrive-mafu@my.yorku.ca/Other computers/My Laptop/E:/0.2 Fall 2024/EECS_4421_Robotics/Labs/Lab2/CPMR3/ros2_ws/build/cpmr_apb/build/lib/cpmr_apb/depopulate.py -> /opt/miniconda3/envs/ros3/lib/python3.10/site-packages/cpmr_apb
[6.932s] copying /Users/mafu/Library/CloudStorage/GoogleDrive-mafu@my.yorku.ca/Other computers/My Laptop/E:/0.2 Fall 2024/EECS_4421_Robotics/Labs/Lab2/CPMR3/ros2_ws/build/cpmr_apb/build/lib/cpmr_apb/__init__.py -> /opt/miniconda3/envs/ros3/lib/python3.10/site-packages/cpmr_apb
[6.932s] copying /Users/mafu/Library/CloudStorage/GoogleDrive-mafu@my.yorku.ca/Other computers/My Laptop/E:/0.2 Fall 2024/EECS_4421_Robotics/Labs/Lab2/CPMR3/ros2_ws/build/cpmr_apb/build/lib/cpmr_apb/populate.py -> /opt/miniconda3/envs/ros3/lib/python3.10/site-packages/cpmr_apb
[6.933s] byte-compiling /opt/miniconda3/envs/ros3/lib/python3.10/site-packages/cpmr_apb/depopulate.py to depopulate.cpython-310.pyc
[6.933s] byte-compiling /opt/miniconda3/envs/ros3/lib/python3.10/site-packages/cpmr_apb/__init__.py to __init__.cpython-310.pyc
[6.935s] byte-compiling /opt/miniconda3/envs/ros3/lib/python3.10/site-packages/cpmr_apb/populate.py to populate.cpython-310.pyc
[6.936s] running install_data
[6.936s] copying resource/cpmr_apb -> /opt/miniconda3/envs/ros3/share/ament_index/resource_index/packages
[6.936s] creating /opt/miniconda3/envs/ros3/share/cpmr_apb
[6.936s] copying package.xml -> /opt/miniconda3/envs/ros3/share/cpmr_apb
[6.936s] copying launch/gazebo.launch.py -> /opt/miniconda3/envs/ros3/share/cpmr_apb
[6.936s] copying urdf/blockrobot.urdf -> /opt/miniconda3/envs/ros3/share/cpmr_apb
[6.937s] running install_egg_info
[7.075s] Copying ../../build/cpmr_apb/cpmr_apb.egg-info to /opt/miniconda3/envs/ros3/lib/python3.10/site-packages/cpmr_apb-3.1.0-py3.10.egg-info
[7.077s] running install_scripts
[7.637s] Installing depopulate_world script to /opt/miniconda3/envs/ros3/lib/cpmr_apb
[7.637s] Installing populate_world script to /opt/miniconda3/envs/ros3/lib/cpmr_apb
[7.637s] writing list of installed files to '/Users/mafu/Library/CloudStorage/GoogleDrive-mafu@my.yorku.ca/Other computers/My Laptop/E:/0.2 Fall 2024/EECS_4421_Robotics/Labs/Lab2/CPMR3/ros2_ws/build/cpmr_apb/install.log'
[7.671s] Invoked command in '/Users/mafu/Library/CloudStorage/GoogleDrive-mafu@my.yorku.ca/Other computers/My Laptop/E:/0.2 Fall 2024/EECS_4421_Robotics/Labs/Lab2/CPMR3/ros2_ws/src/cpmr_apb' returned '0': CONDA_PROMPT_MODIFIER=(ros3) PYTHONPATH=/Users/mafu/Library/CloudStorage/GoogleDrive-mafu@my.yorku.ca/Other computers/My Laptop/E:/0.2 Fall 2024/EECS_4421_Robotics/Labs/Lab2/CPMR3/ros2_ws/build/cpmr_apb/prefix_override:/opt/miniconda3/envs/ros3/lib/python3.10/site-packages/colcon_core/task/python/colcon_distutils_commands:/Users/mafu/Library/CloudStorage/GoogleDrive-mafu@my.yorku.ca/Other computers/My Laptop/E:/0.2 Fall 2024/EECS_4421_Robotics/Labs/Lab2/CPMR3/ros2_ws/install/cpmr_apb/lib/python3.10/site-packages:${PYTHONPATH} SHLVL=2 _=/opt/miniconda3/envs/ros3/bin/env __CF_USER_TEXT_ENCODING=0x1F5:0x0:0x52 /opt/miniconda3/envs/ros3/bin/python3.10 -W ignore:setup.py install is deprecated setup.py egg_info --egg-base ../../build/cpmr_apb build --build-base /Users/mafu/Library/CloudStorage/GoogleDrive-mafu@my.yorku.ca/Other computers/My Laptop/E:/0.2 Fall 2024/EECS_4421_Robotics/Labs/Lab2/CPMR3/ros2_ws/build/cpmr_apb/build install --record /Users/mafu/Library/CloudStorage/GoogleDrive-mafu@my.yorku.ca/Other computers/My Laptop/E:/0.2 Fall 2024/EECS_4421_Robotics/Labs/Lab2/CPMR3/ros2_ws/build/cpmr_apb/install.log --single-version-externally-managed install_data
