Traceback (most recent call last):
  File "/Users/mafu/Desktop/robotics/Lab8/ros2_ws/src/cpmr_ch12/setup.py", line 7, in <module>
    setup(
  File "/Users/mafu/miniforge3/envs/ros_env/lib/python3.10/site-packages/setuptools/__init__.py", line 77, in setup
    return distutils.core.setup(**attrs)
  File "/Users/mafu/miniforge3/envs/ros_env/lib/python3.10/site-packages/setuptools/_distutils/core.py", line 109, in setup
    _setup_distribution = dist = klass(attrs)
  File "/Users/mafu/miniforge3/envs/ros_env/lib/python3.10/site-packages/setuptools/dist.py", line 462, in __init__
    _Distribution.__init__(
  File "/Users/mafu/miniforge3/envs/ros_env/lib/python3.10/site-packages/setuptools/_distutils/dist.py", line 293, in __init__
    self.finalize_options()
  File "/Users/mafu/miniforge3/envs/ros_env/lib/python3.10/site-packages/setuptools/dist.py", line 868, in finalize_options
    ep(self)
  File "/Users/mafu/miniforge3/envs/ros_env/lib/python3.10/site-packages/setuptools/dist.py", line 888, in _finalize_setup_keywords
    self._install_dependencies(ep)
  File "/Users/mafu/miniforge3/envs/ros_env/lib/python3.10/site-packages/setuptools/dist.py", line 896, in _install_dependencies
    for req in nspektr.missing(ep):
  File "/Users/mafu/miniforge3/envs/ros_env/lib/python3.10/site-packages/setuptools/_vendor/nspektr/__init__.py", line 77, in traverse
    item = next(items)
  File "/Users/mafu/miniforge3/envs/ros_env/lib/python3.10/site-packages/setuptools/_vendor/nspektr/__init__.py", line 54, in <genexpr>
    simple = (
  File "/Users/mafu/miniforge3/envs/ros_env/lib/python3.10/site-packages/setuptools/_vendor/packaging/requirements.py", line 102, in __init__
    req = REQUIREMENT.parseString(requirement_string)
  File "/Users/mafu/miniforge3/envs/ros_env/lib/python3.10/site-packages/setuptools/_vendor/pyparsing.py", line 1644, in parseString
    loc, tokens = self._parse( instring, 0 )
  File "/Users/mafu/miniforge3/envs/ros_env/lib/python3.10/site-packages/setuptools/_vendor/pyparsing.py", line 1402, in _parseNoCache
    loc,tokens = self.parseImpl( instring, preloc, doActions )
  File "/Users/mafu/miniforge3/envs/ros_env/lib/python3.10/site-packages/setuptools/_vendor/pyparsing.py", line 3417, in parseImpl
    loc, exprtokens = e._parse( instring, loc, doActions )
  File "/Users/mafu/miniforge3/envs/ros_env/lib/python3.10/site-packages/setuptools/_vendor/pyparsing.py", line 1402, in _parseNoCache
    loc,tokens = self.parseImpl( instring, preloc, doActions )
  File "/Users/mafu/miniforge3/envs/ros_env/lib/python3.10/site-packages/setuptools/_vendor/pyparsing.py", line 3552, in parseImpl
    ret = e._parse( instring, loc, doActions )
  File "/Users/mafu/miniforge3/envs/ros_env/lib/python3.10/site-packages/setuptools/_vendor/pyparsing.py", line 1402, in _parseNoCache
    loc,tokens = self.parseImpl( instring, preloc, doActions )
  File "/Users/mafu/miniforge3/envs/ros_env/lib/python3.10/site-packages/setuptools/_vendor/pyparsing.py", line 3417, in parseImpl
    loc, exprtokens = e._parse( instring, loc, doActions )
  File "/Users/mafu/miniforge3/envs/ros_env/lib/python3.10/site-packages/setuptools/_vendor/pyparsing.py", line 1402, in _parseNoCache
    loc,tokens = self.parseImpl( instring, preloc, doActions )
  File "/Users/mafu/miniforge3/envs/ros_env/lib/python3.10/site-packages/setuptools/_vendor/pyparsing.py", line 4005, in parseImpl
    loc, tokens = self.expr._parse( instring, loc, doActions, callPreParse=False )
  File "/Users/mafu/miniforge3/envs/ros_env/lib/python3.10/site-packages/setuptools/_vendor/pyparsing.py", line 1402, in _parseNoCache
    loc,tokens = self.parseImpl( instring, preloc, doActions )
  File "/Users/mafu/miniforge3/envs/ros_env/lib/python3.10/site-packages/setuptools/_vendor/pyparsing.py", line 3417, in parseImpl
    loc, exprtokens = e._parse( instring, loc, doActions )
  File "/Users/mafu/miniforge3/envs/ros_env/lib/python3.10/site-packages/setuptools/_vendor/pyparsing.py", line 1428, in _parseNoCache
    tokens = fn( instring, tokensStart, retTokens )
  File "/Users/mafu/miniforge3/envs/ros_env/lib/python3.10/site-packages/setuptools/_vendor/pyparsing.py", line 1072, in wrapper
    ret = func(*args[limit[0]:])
  File "/Users/mafu/miniforge3/envs/ros_env/lib/python3.10/site-packages/setuptools/_vendor/packaging/requirements.py", line 71, in <lambda>
    lambda s, l, t: Marker(s[t._original_start : t._original_end])
  File "/Users/mafu/miniforge3/envs/ros_env/lib/python3.10/site-packages/setuptools/_vendor/packaging/markers.py", line 278, in __init__
    self._markers = _coerce_parse_result(MARKER.parseString(marker))
  File "/Users/mafu/miniforge3/envs/ros_env/lib/python3.10/site-packages/setuptools/_vendor/pyparsing.py", line 1644, in parseString
    loc, tokens = self._parse( instring, 0 )
  File "/Users/mafu/miniforge3/envs/ros_env/lib/python3.10/site-packages/setuptools/_vendor/pyparsing.py", line 1402, in _parseNoCache
    loc,tokens = self.parseImpl( instring, preloc, doActions )
  File "/Users/mafu/miniforge3/envs/ros_env/lib/python3.10/site-packages/setuptools/_vendor/pyparsing.py", line 3417, in parseImpl
    loc, exprtokens = e._parse( instring, loc, doActions )
  File "/Users/mafu/miniforge3/envs/ros_env/lib/python3.10/site-packages/setuptools/_vendor/pyparsing.py", line 1402, in _parseNoCache
    loc,tokens = self.parseImpl( instring, preloc, doActions )
  File "/Users/mafu/miniforge3/envs/ros_env/lib/python3.10/site-packages/setuptools/_vendor/pyparsing.py", line 3739, in parseImpl
    return self.expr._parse( instring, loc, doActions, callPreParse=False )
  File "/Users/mafu/miniforge3/envs/ros_env/lib/python3.10/site-packages/setuptools/_vendor/pyparsing.py", line 1402, in _parseNoCache
    loc,tokens = self.parseImpl( instring, preloc, doActions )
  File "/Users/mafu/miniforge3/envs/ros_env/lib/python3.10/site-packages/setuptools/_vendor/pyparsing.py", line 3417, in parseImpl
    loc, exprtokens = e._parse( instring, loc, doActions )
  File "/Users/mafu/miniforge3/envs/ros_env/lib/python3.10/site-packages/setuptools/_vendor/pyparsing.py", line 1402, in _parseNoCache
    loc,tokens = self.parseImpl( instring, preloc, doActions )
  File "/Users/mafu/miniforge3/envs/ros_env/lib/python3.10/site-packages/setuptools/_vendor/pyparsing.py", line 3941, in parseImpl
    return super(ZeroOrMore, self).parseImpl(instring, loc, doActions)
  File "/Users/mafu/miniforge3/envs/ros_env/lib/python3.10/site-packages/setuptools/_vendor/pyparsing.py", line 3870, in parseImpl
    loc, tokens = self_expr_parse( instring, loc, doActions, callPreParse=False )
  File "/Users/mafu/miniforge3/envs/ros_env/lib/python3.10/site-packages/setuptools/_vendor/pyparsing.py", line 1402, in _parseNoCache
    loc,tokens = self.parseImpl( instring, preloc, doActions )
  File "/Users/mafu/miniforge3/envs/ros_env/lib/python3.10/site-packages/setuptools/_vendor/pyparsing.py", line 3400, in parseImpl
    loc, resultlist = self.exprs[0]._parse( instring, loc, doActions, callPreParse=False )
  File "/Users/mafu/miniforge3/envs/ros_env/lib/python3.10/site-packages/setuptools/_vendor/pyparsing.py", line 1402, in _parseNoCache
    loc,tokens = self.parseImpl( instring, preloc, doActions )
  File "/Users/mafu/miniforge3/envs/ros_env/lib/python3.10/site-packages/setuptools/_vendor/pyparsing.py", line 3552, in parseImpl
    ret = e._parse( instring, loc, doActions )
  File "/Users/mafu/miniforge3/envs/ros_env/lib/python3.10/site-packages/setuptools/_vendor/pyparsing.py", line 1410, in _parseNoCache
    retTokens = ParseResults( tokens, self.resultsName, asList=self.saveAsList, modal=self.modalResults )
  File "/Users/mafu/miniforge3/envs/ros_env/lib/python3.10/site-packages/setuptools/_vendor/pyparsing.py", line 388, in __init__
    self.__tokdict = dict()
KeyboardInterrupt
