[4.131s] Invoking command in '/Users/mafu/Desktop/EECS_4421_Robotics/CPMR3/ros2_ws/src/cpmr_ch2': CONDA_PROMPT_MODIFIER=(ros2) PYTHONPATH=/Users/mafu/Desktop/EECS_4421_Robotics/CPMR3/ros2_ws/build/cpmr_ch2/prefix_override:/Users/mafu/miniconda3/envs/ros2/lib/python3.10/site-packages/colcon_core/task/python/colcon_distutils_commands:/Users/mafu/Desktop/EECS_4421_Robotics/CPMR3/ros2_ws/install/cpmr_ch2/lib/python3.10/site-packages:${PYTHONPATH} SHLVL=2 _=/Users/mafu/miniconda3/envs/ros2/bin/env __CF_USER_TEXT_ENCODING=0x1F5:0x0:0x52 /Users/mafu/miniconda3/envs/ros2/bin/python3.10 -W ignore:setup.py install is deprecated setup.py egg_info --egg-base ../../build/cpmr_ch2 build --build-base /Users/mafu/Desktop/EECS_4421_Robotics/CPMR3/ros2_ws/build/cpmr_ch2/build install --record /Users/mafu/Desktop/EECS_4421_Robotics/CPMR3/ros2_ws/build/cpmr_ch2/install.log --single-version-externally-managed install_data
[5.138s] running egg_info
[5.163s] writing ../../build/cpmr_ch2/cpmr_ch2.egg-info/PKG-INFO
[5.222s] writing dependency_links to ../../build/cpmr_ch2/cpmr_ch2.egg-info/dependency_links.txt
[5.373s] writing entry points to ../../build/cpmr_ch2/cpmr_ch2.egg-info/entry_points.txt
[5.459s] writing requirements to ../../build/cpmr_ch2/cpmr_ch2.egg-info/requires.txt
[5.521s] writing top-level names to ../../build/cpmr_ch2/cpmr_ch2.egg-info/top_level.txt
[5.590s] reading manifest file '../../build/cpmr_ch2/cpmr_ch2.egg-info/SOURCES.txt'
[5.594s] writing manifest file '../../build/cpmr_ch2/cpmr_ch2.egg-info/SOURCES.txt'
[5.595s] running build
[5.597s] running build_py
[5.597s] running install
[5.604s] running install_lib
[5.686s] running install_data
[5.688s] running install_egg_info
[5.757s] removing '/Users/mafu/Desktop/EECS_4421_Robotics/CPMR3/ros2_ws/install/cpmr_ch2/lib/python3.10/site-packages/cpmr_ch2-3.1.0-py3.10.egg-info' (and everything under it)
[5.757s] Copying ../../build/cpmr_ch2/cpmr_ch2.egg-info to /Users/mafu/Desktop/EECS_4421_Robotics/CPMR3/ros2_ws/install/cpmr_ch2/lib/python3.10/site-packages/cpmr_ch2-3.1.0-py3.10.egg-info
[5.766s] running install_scripts
[5.915s] Installing add_obstacle script to /Users/mafu/Desktop/EECS_4421_Robotics/CPMR3/ros2_ws/install/cpmr_ch2/lib/cpmr_ch2
[5.916s] Installing build_map script to /Users/mafu/Desktop/EECS_4421_Robotics/CPMR3/ros2_ws/install/cpmr_ch2/lib/cpmr_ch2
[5.916s] Installing destroy_map script to /Users/mafu/Desktop/EECS_4421_Robotics/CPMR3/ros2_ws/install/cpmr_ch2/lib/cpmr_ch2
[5.916s] Installing drive_to_goal script to /Users/mafu/Desktop/EECS_4421_Robotics/CPMR3/ros2_ws/install/cpmr_ch2/lib/cpmr_ch2
[5.916s] writing list of installed files to '/Users/mafu/Desktop/EECS_4421_Robotics/CPMR3/ros2_ws/build/cpmr_ch2/install.log'
