running develop
running egg_info
creating cpmr_ch11.egg-info
writing cpmr_ch11.egg-info/PKG-INFO
writing dependency_links to cpmr_ch11.egg-info/dependency_links.txt
writing requirements to cpmr_ch11.egg-info/requires.txt
writing top-level names to cpmr_ch11.egg-info/top_level.txt
writing manifest file 'cpmr_ch11.egg-info/SOURCES.txt'
reading manifest file 'cpmr_ch11.egg-info/SOURCES.txt'
writing manifest file 'cpmr_ch11.egg-info/SOURCES.txt'
running build_ext
Creating /Users/mafu/Desktop/EECS_4421_Robotics/CPMR3/ros2_ws/src/install/cpmr_ch11/lib/python3.10/site-packages/cpmr-ch11.egg-link (link to .)

Installed /Users/mafu/Desktop/EECS_4421_Robotics/CPMR3/ros2_ws/src/build/cpmr_ch11
running symlink_data
creating /Users/mafu/Desktop/EECS_4421_Robotics/CPMR3/ros2_ws/src/install/cpmr_ch11/share/ament_index
creating /Users/mafu/Desktop/EECS_4421_Robotics/CPMR3/ros2_ws/src/install/cpmr_ch11/share/ament_index/resource_index
creating /Users/mafu/Desktop/EECS_4421_Robotics/CPMR3/ros2_ws/src/install/cpmr_ch11/share/ament_index/resource_index/packages
symbolically linking /Users/mafu/Desktop/EECS_4421_Robotics/CPMR3/ros2_ws/src/build/cpmr_ch11/resource/cpmr_ch11 -> /Users/mafu/Desktop/EECS_4421_Robotics/CPMR3/ros2_ws/src/install/cpmr_ch11/share/ament_index/resource_index/packages
symbolically linking /Users/mafu/Desktop/EECS_4421_Robotics/CPMR3/ros2_ws/src/build/cpmr_ch11/package.xml -> /Users/mafu/Desktop/EECS_4421_Robotics/CPMR3/ros2_ws/src/install/cpmr_ch11/share/cpmr_ch11
symbolically linking /Users/mafu/Desktop/EECS_4421_Robotics/CPMR3/ros2_ws/src/build/cpmr_ch11/launch/chairs.launch.py -> /Users/mafu/Desktop/EECS_4421_Robotics/CPMR3/ros2_ws/src/install/cpmr_ch11/share/cpmr_ch11
symbolically linking /Users/mafu/Desktop/EECS_4421_Robotics/CPMR3/ros2_ws/src/build/cpmr_ch11/urdf/wheelchair.urdf.xacro -> /Users/mafu/Desktop/EECS_4421_Robotics/CPMR3/ros2_ws/src/install/cpmr_ch11/share/cpmr_ch11
symbolically linking /Users/mafu/Desktop/EECS_4421_Robotics/CPMR3/ros2_ws/src/build/cpmr_ch11/urdf/emptychair.obj -> /Users/mafu/Desktop/EECS_4421_Robotics/CPMR3/ros2_ws/src/install/cpmr_ch11/share/cpmr_ch11
symbolically linking /Users/mafu/Desktop/EECS_4421_Robotics/CPMR3/ros2_ws/src/build/cpmr_ch11/urdf/emptychair.obj.orig -> /Users/mafu/Desktop/EECS_4421_Robotics/CPMR3/ros2_ws/src/install/cpmr_ch11/share/cpmr_ch11
symbolically linking /Users/mafu/Desktop/EECS_4421_Robotics/CPMR3/ros2_ws/src/build/cpmr_ch11/urdf/colors.xacro -> /Users/mafu/Desktop/EECS_4421_Robotics/CPMR3/ros2_ws/src/install/cpmr_ch11/share/cpmr_ch11
