running egg_info
writing ../../build/cpmr_ch4/cpmr_ch4.egg-info/PKG-INFO
writing dependency_links to ../../build/cpmr_ch4/cpmr_ch4.egg-info/dependency_links.txt
writing entry points to ../../build/cpmr_ch4/cpmr_ch4.egg-info/entry_points.txt
writing requirements to ../../build/cpmr_ch4/cpmr_ch4.egg-info/requires.txt
writing top-level names to ../../build/cpmr_ch4/cpmr_ch4.egg-info/top_level.txt
reading manifest file '../../build/cpmr_ch4/cpmr_ch4.egg-info/SOURCES.txt'
writing manifest file '../../build/cpmr_ch4/cpmr_ch4.egg-info/SOURCES.txt'
running build
running build_py
copying cpmr_ch4/collect_lidar.py -> /Users/mafu/Desktop/EECS_4421_Robotics/Labs/Lab3/CPMR3/ros2_ws/build/cpmr_ch4/build/lib/cpmr_ch4
running install
running install_lib
copying /Users/mafu/Desktop/EECS_4421_Robotics/Labs/Lab3/CPMR3/ros2_ws/build/cpmr_ch4/build/lib/cpmr_ch4/collect_lidar.py -> /Users/mafu/Desktop/EECS_4421_Robotics/Labs/Lab3/CPMR3/ros2_ws/install/cpmr_ch4/lib/python3.10/site-packages/cpmr_ch4
byte-compiling /Users/mafu/Desktop/EECS_4421_Robotics/Labs/Lab3/CPMR3/ros2_ws/install/cpmr_ch4/lib/python3.10/site-packages/cpmr_ch4/collect_lidar.py to collect_lidar.cpython-310.pyc
running install_data
running install_egg_info
removing '/Users/mafu/Desktop/EECS_4421_Robotics/Labs/Lab3/CPMR3/ros2_ws/install/cpmr_ch4/lib/python3.10/site-packages/cpmr_ch4-3.1.0-py3.10.egg-info' (and everything under it)
Copying ../../build/cpmr_ch4/cpmr_ch4.egg-info to /Users/mafu/Desktop/EECS_4421_Robotics/Labs/Lab3/CPMR3/ros2_ws/install/cpmr_ch4/lib/python3.10/site-packages/cpmr_ch4-3.1.0-py3.10.egg-info
running install_scripts
Installing collect_lidar script to /Users/mafu/Desktop/EECS_4421_Robotics/Labs/Lab3/CPMR3/ros2_ws/install/cpmr_ch4/lib/cpmr_ch4
Installing make_wall script to /Users/mafu/Desktop/EECS_4421_Robotics/Labs/Lab3/CPMR3/ros2_ws/install/cpmr_ch4/lib/cpmr_ch4
writing list of installed files to '/Users/mafu/Desktop/EECS_4421_Robotics/Labs/Lab3/CPMR3/ros2_ws/build/cpmr_ch4/install.log'
