[1.689s] Invoking command in '/Users/mafu/Desktop/robotics/Assignment3/ros2_ws/src/cpmr_ch8': CONDA_PROMPT_MODIFIER=(ros_env) PYTHONPATH=/Users/mafu/Desktop/robotics/Assignment3/ros2_ws/build/cpmr_ch8/prefix_override:/Users/mafu/miniforge3/envs/ros_env/lib/python3.10/site-packages/colcon_core/task/python/colcon_distutils_commands:/Users/mafu/Desktop/robotics/Assignment3/ros2_ws/install/cpmr_ch8/lib/python3.10/site-packages:${PYTHONPATH} SHLVL=2 _=/Users/mafu/miniforge3/envs/ros_env/bin/env /Users/mafu/miniforge3/envs/ros_env/bin/python3.10 -W ignore:setup.py install is deprecated setup.py egg_info --egg-base ../../build/cpmr_ch8 build --build-base /Users/mafu/Desktop/robotics/Assignment3/ros2_ws/build/cpmr_ch8/build install --record /Users/mafu/Desktop/robotics/Assignment3/ros2_ws/build/cpmr_ch8/install.log --single-version-externally-managed install_data
[2.280s] running egg_info
[2.319s] writing ../../build/cpmr_ch8/cpmr_ch8.egg-info/PKG-INFO
[2.347s] writing dependency_links to ../../build/cpmr_ch8/cpmr_ch8.egg-info/dependency_links.txt
[2.435s] writing entry points to ../../build/cpmr_ch8/cpmr_ch8.egg-info/entry_points.txt
[2.489s] writing requirements to ../../build/cpmr_ch8/cpmr_ch8.egg-info/requires.txt
[2.517s] writing top-level names to ../../build/cpmr_ch8/cpmr_ch8.egg-info/top_level.txt
[2.566s] reading manifest file '../../build/cpmr_ch8/cpmr_ch8.egg-info/SOURCES.txt'
[2.566s] writing manifest file '../../build/cpmr_ch8/cpmr_ch8.egg-info/SOURCES.txt'
[2.567s] running build
[2.567s] running build_py
[2.567s] copying cpmr_ch8/find_path.py -> /Users/mafu/Desktop/robotics/Assignment3/ros2_ws/build/cpmr_ch8/build/lib/cpmr_ch8
[2.568s] running install
[2.571s] running install_lib
[2.609s] copying /Users/mafu/Desktop/robotics/Assignment3/ros2_ws/build/cpmr_ch8/build/lib/cpmr_ch8/find_path.py -> /Users/mafu/Desktop/robotics/Assignment3/ros2_ws/install/cpmr_ch8/lib/python3.10/site-packages/cpmr_ch8
[2.610s] byte-compiling /Users/mafu/Desktop/robotics/Assignment3/ros2_ws/install/cpmr_ch8/lib/python3.10/site-packages/cpmr_ch8/find_path.py to find_path.cpython-310.pyc
[2.611s] running install_data
[2.611s] running install_egg_info
[2.650s] removing '/Users/mafu/Desktop/robotics/Assignment3/ros2_ws/install/cpmr_ch8/lib/python3.10/site-packages/cpmr_ch8-3.1.0-py3.10.egg-info' (and everything under it)
[2.651s] Copying ../../build/cpmr_ch8/cpmr_ch8.egg-info to /Users/mafu/Desktop/robotics/Assignment3/ros2_ws/install/cpmr_ch8/lib/python3.10/site-packages/cpmr_ch8-3.1.0-py3.10.egg-info
[2.653s] running install_scripts
[2.752s] Installing drive_to_goal script to /Users/mafu/Desktop/robotics/Assignment3/ros2_ws/install/cpmr_ch8/lib/cpmr_ch8
[2.753s] Installing find_path script to /Users/mafu/Desktop/robotics/Assignment3/ros2_ws/install/cpmr_ch8/lib/cpmr_ch8
[2.753s] Installing fsm script to /Users/mafu/Desktop/robotics/Assignment3/ros2_ws/install/cpmr_ch8/lib/cpmr_ch8
[2.756s] Installing subsumption script to /Users/mafu/Desktop/robotics/Assignment3/ros2_ws/install/cpmr_ch8/lib/cpmr_ch8
[2.756s] Installing view_camera script to /Users/mafu/Desktop/robotics/Assignment3/ros2_ws/install/cpmr_ch8/lib/cpmr_ch8
[2.756s] writing list of installed files to '/Users/mafu/Desktop/robotics/Assignment3/ros2_ws/build/cpmr_ch8/install.log'
[2.785s] Invoked command in '/Users/mafu/Desktop/robotics/Assignment3/ros2_ws/src/cpmr_ch8' returned '0': CONDA_PROMPT_MODIFIER=(ros_env) PYTHONPATH=/Users/mafu/Desktop/robotics/Assignment3/ros2_ws/build/cpmr_ch8/prefix_override:/Users/mafu/miniforge3/envs/ros_env/lib/python3.10/site-packages/colcon_core/task/python/colcon_distutils_commands:/Users/mafu/Desktop/robotics/Assignment3/ros2_ws/install/cpmr_ch8/lib/python3.10/site-packages:${PYTHONPATH} SHLVL=2 _=/Users/mafu/miniforge3/envs/ros_env/bin/env /Users/mafu/miniforge3/envs/ros_env/bin/python3.10 -W ignore:setup.py install is deprecated setup.py egg_info --egg-base ../../build/cpmr_ch8 build --build-base /Users/mafu/Desktop/robotics/Assignment3/ros2_ws/build/cpmr_ch8/build install --record /Users/mafu/Desktop/robotics/Assignment3/ros2_ws/build/cpmr_ch8/install.log --single-version-externally-managed install_data
