[1.118s] Invoking command in '/Users/mafu/Desktop/robotics/Assignment4/CPMR3/ros2_ws/src/cpmr_ch11': CONDA_PROMPT_MODIFIER=(ros_env) PYTHONPATH=/Users/mafu/Desktop/robotics/Assignment4/CPMR3/ros2_ws/build/cpmr_ch11/prefix_override:/Users/mafu/miniforge3/envs/ros_env/lib/python3.10/site-packages/colcon_core/task/python/colcon_distutils_commands:/Users/mafu/Desktop/robotics/Assignment4/CPMR3/ros2_ws/install/cpmr_ch11/lib/python3.10/site-packages:${PYTHONPATH} SHLVL=2 _=/Users/mafu/miniforge3/envs/ros_env/bin/env /Users/mafu/miniforge3/envs/ros_env/bin/python3.10 -W ignore:setup.py install is deprecated setup.py egg_info --egg-base ../../build/cpmr_ch11 build --build-base /Users/mafu/Desktop/robotics/Assignment4/CPMR3/ros2_ws/build/cpmr_ch11/build install --record /Users/mafu/Desktop/robotics/Assignment4/CPMR3/ros2_ws/build/cpmr_ch11/install.log --single-version-externally-managed install_data
[1.623s] running egg_info
[1.659s] writing ../../build/cpmr_ch11/cpmr_ch11.egg-info/PKG-INFO
[1.686s] writing dependency_links to ../../build/cpmr_ch11/cpmr_ch11.egg-info/dependency_links.txt
[1.772s] writing entry points to ../../build/cpmr_ch11/cpmr_ch11.egg-info/entry_points.txt
[1.825s] writing requirements to ../../build/cpmr_ch11/cpmr_ch11.egg-info/requires.txt
[1.853s] writing top-level names to ../../build/cpmr_ch11/cpmr_ch11.egg-info/top_level.txt
[1.901s] reading manifest file '../../build/cpmr_ch11/cpmr_ch11.egg-info/SOURCES.txt'
[1.901s] writing manifest file '../../build/cpmr_ch11/cpmr_ch11.egg-info/SOURCES.txt'
[1.902s] running build
[1.902s] running build_py
[1.902s] copying cpmr_ch11/follow_chair.py -> /Users/mafu/Desktop/robotics/Assignment4/CPMR3/ros2_ws/build/cpmr_ch11/build/lib/cpmr_ch11
[1.902s] running install
[1.906s] running install_lib
[1.943s] copying /Users/mafu/Desktop/robotics/Assignment4/CPMR3/ros2_ws/build/cpmr_ch11/build/lib/cpmr_ch11/follow_chair.py -> /Users/mafu/Desktop/robotics/Assignment4/CPMR3/ros2_ws/install/cpmr_ch11/lib/python3.10/site-packages/cpmr_ch11
[1.944s] byte-compiling /Users/mafu/Desktop/robotics/Assignment4/CPMR3/ros2_ws/install/cpmr_ch11/lib/python3.10/site-packages/cpmr_ch11/follow_chair.py to follow_chair.cpython-310.pyc
[1.945s] running install_data
[1.945s] running install_egg_info
[1.983s] removing '/Users/mafu/Desktop/robotics/Assignment4/CPMR3/ros2_ws/install/cpmr_ch11/lib/python3.10/site-packages/cpmr_ch11-0.3.1-py3.10.egg-info' (and everything under it)
[1.984s] Copying ../../build/cpmr_ch11/cpmr_ch11.egg-info to /Users/mafu/Desktop/robotics/Assignment4/CPMR3/ros2_ws/install/cpmr_ch11/lib/python3.10/site-packages/cpmr_ch11-0.3.1-py3.10.egg-info
[1.986s] running install_scripts
[2.074s] Installing follow_chair script to /Users/mafu/Desktop/robotics/Assignment4/CPMR3/ros2_ws/install/cpmr_ch11/lib/cpmr_ch11
[2.074s] Installing leader_chair script to /Users/mafu/Desktop/robotics/Assignment4/CPMR3/ros2_ws/install/cpmr_ch11/lib/cpmr_ch11
[2.074s] writing list of installed files to '/Users/mafu/Desktop/robotics/Assignment4/CPMR3/ros2_ws/build/cpmr_ch11/install.log'
[2.090s] Invoked command in '/Users/mafu/Desktop/robotics/Assignment4/CPMR3/ros2_ws/src/cpmr_ch11' returned '0': CONDA_PROMPT_MODIFIER=(ros_env) PYTHONPATH=/Users/mafu/Desktop/robotics/Assignment4/CPMR3/ros2_ws/build/cpmr_ch11/prefix_override:/Users/mafu/miniforge3/envs/ros_env/lib/python3.10/site-packages/colcon_core/task/python/colcon_distutils_commands:/Users/mafu/Desktop/robotics/Assignment4/CPMR3/ros2_ws/install/cpmr_ch11/lib/python3.10/site-packages:${PYTHONPATH} SHLVL=2 _=/Users/mafu/miniforge3/envs/ros_env/bin/env /Users/mafu/miniforge3/envs/ros_env/bin/python3.10 -W ignore:setup.py install is deprecated setup.py egg_info --egg-base ../../build/cpmr_ch11 build --build-base /Users/mafu/Desktop/robotics/Assignment4/CPMR3/ros2_ws/build/cpmr_ch11/build install --record /Users/mafu/Desktop/robotics/Assignment4/CPMR3/ros2_ws/build/cpmr_ch11/install.log --single-version-externally-managed install_data
