[5.030s] Invoking command in '/Users/mafu/Library/CloudStorage/GoogleDrive-mafu@my.yorku.ca/Other computers/My Laptop/E:/0.2 Fall 2024/EECS_4421_Robotics/Labs/Lab2/CPMR3/ros2_ws/src/cpmr_ch5': CONDA_PROMPT_MODIFIER=(ros3) PYTHONPATH=/Users/mafu/Library/CloudStorage/GoogleDrive-mafu@my.yorku.ca/Other computers/My Laptop/E:/0.2 Fall 2024/EECS_4421_Robotics/Labs/Lab2/CPMR3/ros2_ws/build/cpmr_ch5/prefix_override:/opt/miniconda3/envs/ros3/lib/python3.10/site-packages/colcon_core/task/python/colcon_distutils_commands:/Users/mafu/Library/CloudStorage/GoogleDrive-mafu@my.yorku.ca/Other computers/My Laptop/E:/0.2 Fall 2024/EECS_4421_Robotics/Labs/Lab2/CPMR3/ros2_ws/install/cpmr_ch5/lib/python3.10/site-packages:${PYTHONPATH} SHLVL=2 _=/opt/miniconda3/envs/ros3/bin/env __CF_USER_TEXT_ENCODING=0x1F5:0x0:0x52 /opt/miniconda3/envs/ros3/bin/python3.10 -W ignore:setup.py install is deprecated setup.py egg_info --egg-base ../../build/cpmr_ch5 build --build-base /Users/mafu/Library/CloudStorage/GoogleDrive-mafu@my.yorku.ca/Other computers/My Laptop/E:/0.2 Fall 2024/EECS_4421_Robotics/Labs/Lab2/CPMR3/ros2_ws/build/cpmr_ch5/build install --record /Users/mafu/Library/CloudStorage/GoogleDrive-mafu@my.yorku.ca/Other computers/My Laptop/E:/0.2 Fall 2024/EECS_4421_Robotics/Labs/Lab2/CPMR3/ros2_ws/build/cpmr_ch5/install.log --single-version-externally-managed install_data
[6.112s] running egg_info
[6.192s] writing ../../build/cpmr_ch5/cpmr_ch5.egg-info/PKG-INFO
[6.239s] writing dependency_links to ../../build/cpmr_ch5/cpmr_ch5.egg-info/dependency_links.txt
[6.430s] writing entry points to ../../build/cpmr_ch5/cpmr_ch5.egg-info/entry_points.txt
[6.558s] writing requirements to ../../build/cpmr_ch5/cpmr_ch5.egg-info/requires.txt
[6.629s] writing top-level names to ../../build/cpmr_ch5/cpmr_ch5.egg-info/top_level.txt
[6.726s] reading manifest file '../../build/cpmr_ch5/cpmr_ch5.egg-info/SOURCES.txt'
[6.736s] writing manifest file '../../build/cpmr_ch5/cpmr_ch5.egg-info/SOURCES.txt'
[6.736s] running build
[6.736s] running build_py
[6.739s] running install
[6.744s] running install_lib
[6.821s] creating /opt/miniconda3/envs/ros3/lib/python3.10/site-packages/cpmr_ch5
[6.821s] copying /Users/mafu/Library/CloudStorage/GoogleDrive-mafu@my.yorku.ca/Other computers/My Laptop/E:/0.2 Fall 2024/EECS_4421_Robotics/Labs/Lab2/CPMR3/ros2_ws/build/cpmr_ch5/build/lib/cpmr_ch5/aruco_target.py -> /opt/miniconda3/envs/ros3/lib/python3.10/site-packages/cpmr_ch5
[6.828s] copying /Users/mafu/Library/CloudStorage/GoogleDrive-mafu@my.yorku.ca/Other computers/My Laptop/E:/0.2 Fall 2024/EECS_4421_Robotics/Labs/Lab2/CPMR3/ros2_ws/build/cpmr_ch5/build/lib/cpmr_ch5/opencv_camera.py -> /opt/miniconda3/envs/ros3/lib/python3.10/site-packages/cpmr_ch5
[6.831s] copying /Users/mafu/Library/CloudStorage/GoogleDrive-mafu@my.yorku.ca/Other computers/My Laptop/E:/0.2 Fall 2024/EECS_4421_Robotics/Labs/Lab2/CPMR3/ros2_ws/build/cpmr_ch5/build/lib/cpmr_ch5/view_camera.py -> /opt/miniconda3/envs/ros3/lib/python3.10/site-packages/cpmr_ch5
[6.831s] copying /Users/mafu/Library/CloudStorage/GoogleDrive-mafu@my.yorku.ca/Other computers/My Laptop/E:/0.2 Fall 2024/EECS_4421_Robotics/Labs/Lab2/CPMR3/ros2_ws/build/cpmr_ch5/build/lib/cpmr_ch5/good_features.py -> /opt/miniconda3/envs/ros3/lib/python3.10/site-packages/cpmr_ch5
[6.832s] copying /Users/mafu/Library/CloudStorage/GoogleDrive-mafu@my.yorku.ca/Other computers/My Laptop/E:/0.2 Fall 2024/EECS_4421_Robotics/Labs/Lab2/CPMR3/ros2_ws/build/cpmr_ch5/build/lib/cpmr_ch5/__init__.py -> /opt/miniconda3/envs/ros3/lib/python3.10/site-packages/cpmr_ch5
[6.832s] copying /Users/mafu/Library/CloudStorage/GoogleDrive-mafu@my.yorku.ca/Other computers/My Laptop/E:/0.2 Fall 2024/EECS_4421_Robotics/Labs/Lab2/CPMR3/ros2_ws/build/cpmr_ch5/build/lib/cpmr_ch5/harris_corners.py -> /opt/miniconda3/envs/ros3/lib/python3.10/site-packages/cpmr_ch5
[6.839s] copying /Users/mafu/Library/CloudStorage/GoogleDrive-mafu@my.yorku.ca/Other computers/My Laptop/E:/0.2 Fall 2024/EECS_4421_Robotics/Labs/Lab2/CPMR3/ros2_ws/build/cpmr_ch5/build/lib/cpmr_ch5/canny_edges.py -> /opt/miniconda3/envs/ros3/lib/python3.10/site-packages/cpmr_ch5
[6.847s] byte-compiling /opt/miniconda3/envs/ros3/lib/python3.10/site-packages/cpmr_ch5/aruco_target.py to aruco_target.cpython-310.pyc
[6.847s] byte-compiling /opt/miniconda3/envs/ros3/lib/python3.10/site-packages/cpmr_ch5/opencv_camera.py to opencv_camera.cpython-310.pyc
[6.847s] byte-compiling /opt/miniconda3/envs/ros3/lib/python3.10/site-packages/cpmr_ch5/view_camera.py to view_camera.cpython-310.pyc
[6.847s] byte-compiling /opt/miniconda3/envs/ros3/lib/python3.10/site-packages/cpmr_ch5/good_features.py to good_features.cpython-310.pyc
[6.848s] byte-compiling /opt/miniconda3/envs/ros3/lib/python3.10/site-packages/cpmr_ch5/__init__.py to __init__.cpython-310.pyc
[6.848s] byte-compiling /opt/miniconda3/envs/ros3/lib/python3.10/site-packages/cpmr_ch5/harris_corners.py to harris_corners.cpython-310.pyc
[6.848s] byte-compiling /opt/miniconda3/envs/ros3/lib/python3.10/site-packages/cpmr_ch5/canny_edges.py to canny_edges.cpython-310.pyc
[6.848s] running install_data
[6.848s] copying resource/cpmr_ch5 -> /opt/miniconda3/envs/ros3/share/ament_index/resource_index/packages
[6.848s] creating /opt/miniconda3/envs/ros3/share/cpmr_ch5
[6.848s] copying package.xml -> /opt/miniconda3/envs/ros3/share/cpmr_ch5
[6.849s] copying launch/camera-robot.launch.py -> /opt/miniconda3/envs/ros3/share/cpmr_ch5
[6.849s] copying launch/good-features-camera-robot.launch.py -> /opt/miniconda3/envs/ros3/share/cpmr_ch5
[6.849s] copying launch/aruco-robot.launch.py -> /opt/miniconda3/envs/ros3/share/cpmr_ch5
[6.849s] copying launch/view-camera-robot.launch.py -> /opt/miniconda3/envs/ros3/share/cpmr_ch5
[6.849s] copying launch/harrs-corners-camera-robot.launch.py -> /opt/miniconda3/envs/ros3/share/cpmr_ch5
[6.849s] copying launch/canny-edges-camera-robot.launch.py -> /opt/miniconda3/envs/ros3/share/cpmr_ch5
[6.849s] copying urdf/scout-camera.urdf.xacro -> /opt/miniconda3/envs/ros3/share/cpmr_ch5
[6.850s] copying urdf/colors.xacro -> /opt/miniconda3/envs/ros3/share/cpmr_ch5
[6.850s] running install_egg_info
[6.918s] Copying ../../build/cpmr_ch5/cpmr_ch5.egg-info to /opt/miniconda3/envs/ros3/lib/python3.10/site-packages/cpmr_ch5-3.1.0-py3.10.egg-info
[6.920s] running install_scripts
[7.579s] Installing aruco_target script to /opt/miniconda3/envs/ros3/lib/cpmr_ch5
[7.579s] Installing canny_edges script to /opt/miniconda3/envs/ros3/lib/cpmr_ch5
[7.579s] Installing good_features script to /opt/miniconda3/envs/ros3/lib/cpmr_ch5
[7.579s] Installing harris_corners script to /opt/miniconda3/envs/ros3/lib/cpmr_ch5
[7.579s] Installing opencv_camera script to /opt/miniconda3/envs/ros3/lib/cpmr_ch5
[7.580s] Installing view_camera script to /opt/miniconda3/envs/ros3/lib/cpmr_ch5
[7.580s] writing list of installed files to '/Users/mafu/Library/CloudStorage/GoogleDrive-mafu@my.yorku.ca/Other computers/My Laptop/E:/0.2 Fall 2024/EECS_4421_Robotics/Labs/Lab2/CPMR3/ros2_ws/build/cpmr_ch5/install.log'
[7.593s] Invoked command in '/Users/mafu/Library/CloudStorage/GoogleDrive-mafu@my.yorku.ca/Other computers/My Laptop/E:/0.2 Fall 2024/EECS_4421_Robotics/Labs/Lab2/CPMR3/ros2_ws/src/cpmr_ch5' returned '0': CONDA_PROMPT_MODIFIER=(ros3) PYTHONPATH=/Users/mafu/Library/CloudStorage/GoogleDrive-mafu@my.yorku.ca/Other computers/My Laptop/E:/0.2 Fall 2024/EECS_4421_Robotics/Labs/Lab2/CPMR3/ros2_ws/build/cpmr_ch5/prefix_override:/opt/miniconda3/envs/ros3/lib/python3.10/site-packages/colcon_core/task/python/colcon_distutils_commands:/Users/mafu/Library/CloudStorage/GoogleDrive-mafu@my.yorku.ca/Other computers/My Laptop/E:/0.2 Fall 2024/EECS_4421_Robotics/Labs/Lab2/CPMR3/ros2_ws/install/cpmr_ch5/lib/python3.10/site-packages:${PYTHONPATH} SHLVL=2 _=/opt/miniconda3/envs/ros3/bin/env __CF_USER_TEXT_ENCODING=0x1F5:0x0:0x52 /opt/miniconda3/envs/ros3/bin/python3.10 -W ignore:setup.py install is deprecated setup.py egg_info --egg-base ../../build/cpmr_ch5 build --build-base /Users/mafu/Library/CloudStorage/GoogleDrive-mafu@my.yorku.ca/Other computers/My Laptop/E:/0.2 Fall 2024/EECS_4421_Robotics/Labs/Lab2/CPMR3/ros2_ws/build/cpmr_ch5/build install --record /Users/mafu/Library/CloudStorage/GoogleDrive-mafu@my.yorku.ca/Other computers/My Laptop/E:/0.2 Fall 2024/EECS_4421_Robotics/Labs/Lab2/CPMR3/ros2_ws/build/cpmr_ch5/install.log --single-version-externally-managed install_data
