running develop
/Users/mafu/miniconda3/envs/ros2/lib/python3.10/site-packages/setuptools/command/easy_install.py:144: EasyInstallDeprecationWarning: easy_install command is deprecated. Use build and pip and other standards-based tools.
  warnings.warn(
running egg_info
creating cpmr_ch2.egg-info
writing cpmr_ch2.egg-info/PKG-INFO
writing dependency_links to cpmr_ch2.egg-info/dependency_links.txt
writing entry points to cpmr_ch2.egg-info/entry_points.txt
writing requirements to cpmr_ch2.egg-info/requires.txt
writing top-level names to cpmr_ch2.egg-info/top_level.txt
writing manifest file 'cpmr_ch2.egg-info/SOURCES.txt'
reading manifest file 'cpmr_ch2.egg-info/SOURCES.txt'
writing manifest file 'cpmr_ch2.egg-info/SOURCES.txt'
running build_ext
Creating /Users/mafu/Desktop/EECS_4421_Robotics/CPMR3/ros2_ws/src/install/cpmr_ch2/lib/python3.10/site-packages/cpmr-ch2.egg-link (link to .)
Installing add_obstacle script to /Users/mafu/Desktop/EECS_4421_Robotics/CPMR3/ros2_ws/src/install/cpmr_ch2/lib/cpmr_ch2
Installing build_map script to /Users/mafu/Desktop/EECS_4421_Robotics/CPMR3/ros2_ws/src/install/cpmr_ch2/lib/cpmr_ch2
Installing destroy_map script to /Users/mafu/Desktop/EECS_4421_Robotics/CPMR3/ros2_ws/src/install/cpmr_ch2/lib/cpmr_ch2
Installing drive_to_goal script to /Users/mafu/Desktop/EECS_4421_Robotics/CPMR3/ros2_ws/src/install/cpmr_ch2/lib/cpmr_ch2

Installed /Users/mafu/Desktop/EECS_4421_Robotics/CPMR3/ros2_ws/src/build/cpmr_ch2
running symlink_data
creating /Users/mafu/Desktop/EECS_4421_Robotics/CPMR3/ros2_ws/src/install/cpmr_ch2/share/ament_index
creating /Users/mafu/Desktop/EECS_4421_Robotics/CPMR3/ros2_ws/src/install/cpmr_ch2/share/ament_index/resource_index
creating /Users/mafu/Desktop/EECS_4421_Robotics/CPMR3/ros2_ws/src/install/cpmr_ch2/share/ament_index/resource_index/packages
symbolically linking /Users/mafu/Desktop/EECS_4421_Robotics/CPMR3/ros2_ws/src/build/cpmr_ch2/resource/cpmr_ch2 -> /Users/mafu/Desktop/EECS_4421_Robotics/CPMR3/ros2_ws/src/install/cpmr_ch2/share/ament_index/resource_index/packages
symbolically linking /Users/mafu/Desktop/EECS_4421_Robotics/CPMR3/ros2_ws/src/build/cpmr_ch2/package.xml -> /Users/mafu/Desktop/EECS_4421_Robotics/CPMR3/ros2_ws/src/install/cpmr_ch2/share/cpmr_ch2
symbolically linking /Users/mafu/Desktop/EECS_4421_Robotics/CPMR3/ros2_ws/src/build/cpmr_ch2/launch/destroy_map.launch.py -> /Users/mafu/Desktop/EECS_4421_Robotics/CPMR3/ros2_ws/src/install/cpmr_ch2/share/cpmr_ch2
symbolically linking /Users/mafu/Desktop/EECS_4421_Robotics/CPMR3/ros2_ws/src/build/cpmr_ch2/launch/drive_robot.launch.py -> /Users/mafu/Desktop/EECS_4421_Robotics/CPMR3/ros2_ws/src/install/cpmr_ch2/share/cpmr_ch2
symbolically linking /Users/mafu/Desktop/EECS_4421_Robotics/CPMR3/ros2_ws/src/build/cpmr_ch2/launch/build_map.launch.py -> /Users/mafu/Desktop/EECS_4421_Robotics/CPMR3/ros2_ws/src/install/cpmr_ch2/share/cpmr_ch2
symbolically linking /Users/mafu/Desktop/EECS_4421_Robotics/CPMR3/ros2_ws/src/build/cpmr_ch2/launch/gazebo.launch.py -> /Users/mafu/Desktop/EECS_4421_Robotics/CPMR3/ros2_ws/src/install/cpmr_ch2/share/cpmr_ch2
symbolically linking /Users/mafu/Desktop/EECS_4421_Robotics/CPMR3/ros2_ws/src/build/cpmr_ch2/maps/default.json -> /Users/mafu/Desktop/EECS_4421_Robotics/CPMR3/ros2_ws/src/install/cpmr_ch2/share/cpmr_ch2
