[5.033s] Invoking command in '/Users/mafu/Library/CloudStorage/GoogleDrive-mafu@my.yorku.ca/Other computers/My Laptop/E:/0.2 Fall 2024/EECS_4421_Robotics/Labs/Lab2/CPMR3/ros2_ws/src/cpmr_ch7': CONDA_PROMPT_MODIFIER=(ros3) PYTHONPATH=/Users/mafu/Library/CloudStorage/GoogleDrive-mafu@my.yorku.ca/Other computers/My Laptop/E:/0.2 Fall 2024/EECS_4421_Robotics/Labs/Lab2/CPMR3/ros2_ws/build/cpmr_ch7/prefix_override:/opt/miniconda3/envs/ros3/lib/python3.10/site-packages/colcon_core/task/python/colcon_distutils_commands:/Users/mafu/Library/CloudStorage/GoogleDrive-mafu@my.yorku.ca/Other computers/My Laptop/E:/0.2 Fall 2024/EECS_4421_Robotics/Labs/Lab2/CPMR3/ros2_ws/install/cpmr_ch7/lib/python3.10/site-packages:${PYTHONPATH} SHLVL=2 _=/opt/miniconda3/envs/ros3/bin/env __CF_USER_TEXT_ENCODING=0x1F5:0x0:0x52 /opt/miniconda3/envs/ros3/bin/python3.10 -W ignore:setup.py install is deprecated setup.py egg_info --egg-base ../../build/cpmr_ch7 build --build-base /Users/mafu/Library/CloudStorage/GoogleDrive-mafu@my.yorku.ca/Other computers/My Laptop/E:/0.2 Fall 2024/EECS_4421_Robotics/Labs/Lab2/CPMR3/ros2_ws/build/cpmr_ch7/build install --record /Users/mafu/Library/CloudStorage/GoogleDrive-mafu@my.yorku.ca/Other computers/My Laptop/E:/0.2 Fall 2024/EECS_4421_Robotics/Labs/Lab2/CPMR3/ros2_ws/build/cpmr_ch7/install.log --single-version-externally-managed install_data
[6.077s] running egg_info
[6.146s] writing ../../build/cpmr_ch7/cpmr_ch7.egg-info/PKG-INFO
[6.212s] writing dependency_links to ../../build/cpmr_ch7/cpmr_ch7.egg-info/dependency_links.txt
[6.410s] writing entry points to ../../build/cpmr_ch7/cpmr_ch7.egg-info/entry_points.txt
[6.505s] writing requirements to ../../build/cpmr_ch7/cpmr_ch7.egg-info/requires.txt
[6.565s] writing top-level names to ../../build/cpmr_ch7/cpmr_ch7.egg-info/top_level.txt
[6.695s] reading manifest file '../../build/cpmr_ch7/cpmr_ch7.egg-info/SOURCES.txt'
[6.695s] writing manifest file '../../build/cpmr_ch7/cpmr_ch7.egg-info/SOURCES.txt'
[6.695s] running build
[6.696s] running build_py
[6.696s] running install
[6.697s] running install_lib
[6.779s] creating /opt/miniconda3/envs/ros3/lib/python3.10/site-packages/cpmr_ch7
[6.780s] copying /Users/mafu/Library/CloudStorage/GoogleDrive-mafu@my.yorku.ca/Other computers/My Laptop/E:/0.2 Fall 2024/EECS_4421_Robotics/Labs/Lab2/CPMR3/ros2_ws/build/cpmr_ch7/build/lib/cpmr_ch7/build_map.py -> /opt/miniconda3/envs/ros3/lib/python3.10/site-packages/cpmr_ch7
[6.780s] copying /Users/mafu/Library/CloudStorage/GoogleDrive-mafu@my.yorku.ca/Other computers/My Laptop/E:/0.2 Fall 2024/EECS_4421_Robotics/Labs/Lab2/CPMR3/ros2_ws/build/cpmr_ch7/build/lib/cpmr_ch7/__init__.py -> /opt/miniconda3/envs/ros3/lib/python3.10/site-packages/cpmr_ch7
[6.780s] byte-compiling /opt/miniconda3/envs/ros3/lib/python3.10/site-packages/cpmr_ch7/build_map.py to build_map.cpython-310.pyc
[6.782s] byte-compiling /opt/miniconda3/envs/ros3/lib/python3.10/site-packages/cpmr_ch7/__init__.py to __init__.cpython-310.pyc
[6.782s] running install_data
[6.782s] copying resource/cpmr_ch7 -> /opt/miniconda3/envs/ros3/share/ament_index/resource_index/packages
[6.783s] creating /opt/miniconda3/envs/ros3/share/cpmr_ch7
[6.783s] copying package.xml -> /opt/miniconda3/envs/ros3/share/cpmr_ch7
[6.783s] copying launch/map-world.launch.py -> /opt/miniconda3/envs/ros3/share/cpmr_ch7
[6.791s] copying urdf/scout-laser.urdf.xacro -> /opt/miniconda3/envs/ros3/share/cpmr_ch7
[6.797s] copying urdf/colors.xacro -> /opt/miniconda3/envs/ros3/share/cpmr_ch7
[6.802s] copying gazebo/mapping.world -> /opt/miniconda3/envs/ros3/share/cpmr_ch7
[6.803s] running install_egg_info
[6.879s] Copying ../../build/cpmr_ch7/cpmr_ch7.egg-info to /opt/miniconda3/envs/ros3/lib/python3.10/site-packages/cpmr_ch7-3.1.0-py3.10.egg-info
[6.883s] running install_scripts
[7.564s] Installing build_map script to /opt/miniconda3/envs/ros3/lib/cpmr_ch7
[7.565s] writing list of installed files to '/Users/mafu/Library/CloudStorage/GoogleDrive-mafu@my.yorku.ca/Other computers/My Laptop/E:/0.2 Fall 2024/EECS_4421_Robotics/Labs/Lab2/CPMR3/ros2_ws/build/cpmr_ch7/install.log'
[7.594s] Invoked command in '/Users/mafu/Library/CloudStorage/GoogleDrive-mafu@my.yorku.ca/Other computers/My Laptop/E:/0.2 Fall 2024/EECS_4421_Robotics/Labs/Lab2/CPMR3/ros2_ws/src/cpmr_ch7' returned '0': CONDA_PROMPT_MODIFIER=(ros3) PYTHONPATH=/Users/mafu/Library/CloudStorage/GoogleDrive-mafu@my.yorku.ca/Other computers/My Laptop/E:/0.2 Fall 2024/EECS_4421_Robotics/Labs/Lab2/CPMR3/ros2_ws/build/cpmr_ch7/prefix_override:/opt/miniconda3/envs/ros3/lib/python3.10/site-packages/colcon_core/task/python/colcon_distutils_commands:/Users/mafu/Library/CloudStorage/GoogleDrive-mafu@my.yorku.ca/Other computers/My Laptop/E:/0.2 Fall 2024/EECS_4421_Robotics/Labs/Lab2/CPMR3/ros2_ws/install/cpmr_ch7/lib/python3.10/site-packages:${PYTHONPATH} SHLVL=2 _=/opt/miniconda3/envs/ros3/bin/env __CF_USER_TEXT_ENCODING=0x1F5:0x0:0x52 /opt/miniconda3/envs/ros3/bin/python3.10 -W ignore:setup.py install is deprecated setup.py egg_info --egg-base ../../build/cpmr_ch7 build --build-base /Users/mafu/Library/CloudStorage/GoogleDrive-mafu@my.yorku.ca/Other computers/My Laptop/E:/0.2 Fall 2024/EECS_4421_Robotics/Labs/Lab2/CPMR3/ros2_ws/build/cpmr_ch7/build install --record /Users/mafu/Library/CloudStorage/GoogleDrive-mafu@my.yorku.ca/Other computers/My Laptop/E:/0.2 Fall 2024/EECS_4421_Robotics/Labs/Lab2/CPMR3/ros2_ws/build/cpmr_ch7/install.log --single-version-externally-managed install_data
