[0.038s] Invoking command in '/Users/mafu/Desktop/EECS_4421_Robotics/Labs/Lab4/CPMR3/ros2_ws/build/gazebo_msgs': CONDA_PROMPT_MODIFIER=(ros2) SHLVL=2 _=/Users/mafu/miniconda3/envs/ros2/bin/env __CF_USER_TEXT_ENCODING=0x1F5:0x0:0x52 /Users/mafu/miniconda3/envs/ros2/bin/cmake /Users/mafu/Desktop/EECS_4421_Robotics/Labs/Lab4/CPMR3/ros2_ws/src/gazebo_ros_pkgs/gazebo_msgs -DCATKIN_INSTALL_INTO_PREFIX_ROOT=0 -DCMAKE_INSTALL_PREFIX=/Users/mafu/Desktop/EECS_4421_Robotics/Labs/Lab4/CPMR3/ros2_ws/install/gazebo_msgs
[0.812s] CMake Deprecation Warning at CMakeLists.txt:1 (cmake_minimum_required):
[0.812s]   Compatibility with CMake < 3.5 will be removed from a future version of
[0.812s]   CMake.
[0.812s] 
[0.812s]   Update the VERSION argument <min> value or use a ...<max> suffix to tell
[0.812s]   CMake that the project does not need compatibility with older versions.
[0.812s] 
[0.812s] 
[0.812s] -- The C compiler identification is Clang 17.0.6
[0.812s] -- The CXX compiler identification is Clang 17.0.6
[0.812s] -- Detecting C compiler ABI info
[1.047s] -- Detecting C compiler ABI info - done
[1.050s] -- Check for working C compiler: /Users/mafu/miniconda3/envs/ros2/bin/arm64-apple-darwin20.0.0-clang - skipped
[1.051s] -- Detecting C compile features
[1.051s] -- Detecting C compile features - done
[1.099s] -- Detecting CXX compiler ABI info
[1.439s] -- Detecting CXX compiler ABI info - done
[1.440s] -- Check for working CXX compiler: /Users/mafu/miniconda3/envs/ros2/bin/arm64-apple-darwin20.0.0-clang++ - skipped
[1.440s] -- Detecting CXX compile features
[1.440s] -- Detecting CXX compile features - done
[1.507s] CMake Error at CMakeLists.txt:4 (find_package):
[1.507s]   By not providing "Findcatkin.cmake" in CMAKE_MODULE_PATH this project has
[1.507s]   asked CMake to find a package configuration file provided by "catkin", but
[1.507s]   CMake did not find one.
[1.507s] 
[1.507s]   Could not find a package configuration file provided by "catkin" with any
[1.507s]   of the following names:
[1.507s] 
[1.508s]     catkinConfig.cmake
[1.508s]     catkin-config.cmake
[1.508s] 
[1.508s]   Add the installation prefix of "catkin" to CMAKE_PREFIX_PATH or set
[1.508s]   "catkin_DIR" to a directory containing one of the above files.  If "catkin"
[1.508s]   provides a separate development package or SDK, be sure it has been
[1.508s]   installed.
[1.508s] 
[1.508s] 
[1.508s] -- Configuring incomplete, errors occurred!
[1.519s] Invoked command in '/Users/mafu/Desktop/EECS_4421_Robotics/Labs/Lab4/CPMR3/ros2_ws/build/gazebo_msgs' returned '1': CONDA_PROMPT_MODIFIER=(ros2) SHLVL=2 _=/Users/mafu/miniconda3/envs/ros2/bin/env __CF_USER_TEXT_ENCODING=0x1F5:0x0:0x52 /Users/mafu/miniconda3/envs/ros2/bin/cmake /Users/mafu/Desktop/EECS_4421_Robotics/Labs/Lab4/CPMR3/ros2_ws/src/gazebo_ros_pkgs/gazebo_msgs -DCATKIN_INSTALL_INTO_PREFIX_ROOT=0 -DCMAKE_INSTALL_PREFIX=/Users/mafu/Desktop/EECS_4421_Robotics/Labs/Lab4/CPMR3/ros2_ws/install/gazebo_msgs
