running egg_info
writing ../../build/cpmr_apb/cpmr_apb.egg-info/PKG-INFO
writing dependency_links to ../../build/cpmr_apb/cpmr_apb.egg-info/dependency_links.txt
writing entry points to ../../build/cpmr_apb/cpmr_apb.egg-info/entry_points.txt
writing requirements to ../../build/cpmr_apb/cpmr_apb.egg-info/requires.txt
writing top-level names to ../../build/cpmr_apb/cpmr_apb.egg-info/top_level.txt
reading manifest file '../../build/cpmr_apb/cpmr_apb.egg-info/SOURCES.txt'
writing manifest file '../../build/cpmr_apb/cpmr_apb.egg-info/SOURCES.txt'
running build
running build_py
running install
running install_lib
running install_data
running install_egg_info
removing '/opt/miniconda3/envs/ros2/lib/python3.11/site-packages/cpmr_apb-3.1.0-py3.11.egg-info' (and everything under it)
Copying ../../build/cpmr_apb/cpmr_apb.egg-info to /opt/miniconda3/envs/ros2/lib/python3.11/site-packages/cpmr_apb-3.1.0-py3.11.egg-info
running install_scripts
Installing depopulate_world script to /opt/miniconda3/envs/ros2/lib/cpmr_apb
Installing populate_world script to /opt/miniconda3/envs/ros2/lib/cpmr_apb
writing list of installed files to '/Users/mafu/Library/CloudStorage/GoogleDrive-mafu@my.yorku.ca/Other computers/My Laptop/E:/0.2 Fall 2024/EECS_4421_Robotics/Labs/Lab2/CPMR3/ros2_ws/build/cpmr_apb/install.log'
