[5.411s] Invoking command in '/Users/mafu/Desktop/robotics/Lab8/ros2_ws/src/cpmr_ch5': CONDA_PROMPT_MODIFIER=(ros_env) PYTHONPATH=/Users/mafu/Desktop/robotics/Lab8/ros2_ws/build/cpmr_ch5/prefix_override:/Users/mafu/miniforge3/envs/ros_env/lib/python3.10/site-packages/colcon_core/task/python/colcon_distutils_commands:/Users/mafu/Desktop/robotics/Lab8/ros2_ws/install/cpmr_ch5/lib/python3.10/site-packages:${PYTHONPATH} SHLVL=2 _=/Users/mafu/miniforge3/envs/ros_env/bin/env __CF_USER_TEXT_ENCODING=0x1F5:0x0:0x0 /Users/mafu/miniforge3/envs/ros_env/bin/python3.10 -W ignore:setup.py install is deprecated setup.py egg_info --egg-base ../../build/cpmr_ch5 build --build-base /Users/mafu/Desktop/robotics/Lab8/ros2_ws/build/cpmr_ch5/build install --record /Users/mafu/Desktop/robotics/Lab8/ros2_ws/build/cpmr_ch5/install.log --single-version-externally-managed install_data
[6.753s] running egg_info
[6.832s] writing ../../build/cpmr_ch5/cpmr_ch5.egg-info/PKG-INFO
[6.906s] writing dependency_links to ../../build/cpmr_ch5/cpmr_ch5.egg-info/dependency_links.txt
[7.069s] writing entry points to ../../build/cpmr_ch5/cpmr_ch5.egg-info/entry_points.txt
[7.193s] writing requirements to ../../build/cpmr_ch5/cpmr_ch5.egg-info/requires.txt
[7.409s] writing top-level names to ../../build/cpmr_ch5/cpmr_ch5.egg-info/top_level.txt
[7.538s] reading manifest file '../../build/cpmr_ch5/cpmr_ch5.egg-info/SOURCES.txt'
[7.545s] writing manifest file '../../build/cpmr_ch5/cpmr_ch5.egg-info/SOURCES.txt'
[7.545s] running build
[7.545s] running build_py
[7.547s] running install
[7.549s] running install_lib
[7.712s] running install_data
[7.712s] running install_egg_info
[8.274s] removing '/Users/mafu/Desktop/robotics/Lab8/ros2_ws/install/cpmr_ch5/lib/python3.10/site-packages/cpmr_ch5-3.1.0-py3.10.egg-info' (and everything under it)
[8.275s] Copying ../../build/cpmr_ch5/cpmr_ch5.egg-info to /Users/mafu/Desktop/robotics/Lab8/ros2_ws/install/cpmr_ch5/lib/python3.10/site-packages/cpmr_ch5-3.1.0-py3.10.egg-info
[8.275s] running install_scripts
[8.275s] Installing aruco_target script to /Users/mafu/Desktop/robotics/Lab8/ros2_ws/install/cpmr_ch5/lib/cpmr_ch5
[8.275s] Installing canny_edges script to /Users/mafu/Desktop/robotics/Lab8/ros2_ws/install/cpmr_ch5/lib/cpmr_ch5
[8.275s] Installing good_features script to /Users/mafu/Desktop/robotics/Lab8/ros2_ws/install/cpmr_ch5/lib/cpmr_ch5
[8.275s] Installing harris_corners script to /Users/mafu/Desktop/robotics/Lab8/ros2_ws/install/cpmr_ch5/lib/cpmr_ch5
[8.275s] Installing opencv_camera script to /Users/mafu/Desktop/robotics/Lab8/ros2_ws/install/cpmr_ch5/lib/cpmr_ch5
[8.275s] Installing opencv_camera_calibrated script to /Users/mafu/Desktop/robotics/Lab8/ros2_ws/install/cpmr_ch5/lib/cpmr_ch5
[8.275s] Installing view_camera script to /Users/mafu/Desktop/robotics/Lab8/ros2_ws/install/cpmr_ch5/lib/cpmr_ch5
[8.275s] writing list of installed files to '/Users/mafu/Desktop/robotics/Lab8/ros2_ws/build/cpmr_ch5/install.log'
[8.282s] Invoked command in '/Users/mafu/Desktop/robotics/Lab8/ros2_ws/src/cpmr_ch5' returned '0': CONDA_PROMPT_MODIFIER=(ros_env) PYTHONPATH=/Users/mafu/Desktop/robotics/Lab8/ros2_ws/build/cpmr_ch5/prefix_override:/Users/mafu/miniforge3/envs/ros_env/lib/python3.10/site-packages/colcon_core/task/python/colcon_distutils_commands:/Users/mafu/Desktop/robotics/Lab8/ros2_ws/install/cpmr_ch5/lib/python3.10/site-packages:${PYTHONPATH} SHLVL=2 _=/Users/mafu/miniforge3/envs/ros_env/bin/env __CF_USER_TEXT_ENCODING=0x1F5:0x0:0x0 /Users/mafu/miniforge3/envs/ros_env/bin/python3.10 -W ignore:setup.py install is deprecated setup.py egg_info --egg-base ../../build/cpmr_ch5 build --build-base /Users/mafu/Desktop/robotics/Lab8/ros2_ws/build/cpmr_ch5/build install --record /Users/mafu/Desktop/robotics/Lab8/ros2_ws/build/cpmr_ch5/install.log --single-version-externally-managed install_data
