running egg_info
creating ../build/cpmr_ch6/cpmr_ch6.egg-info
writing ../build/cpmr_ch6/cpmr_ch6.egg-info/PKG-INFO
writing dependency_links to ../build/cpmr_ch6/cpmr_ch6.egg-info/dependency_links.txt
writing entry points to ../build/cpmr_ch6/cpmr_ch6.egg-info/entry_points.txt
writing requirements to ../build/cpmr_ch6/cpmr_ch6.egg-info/requires.txt
writing top-level names to ../build/cpmr_ch6/cpmr_ch6.egg-info/top_level.txt
writing manifest file '../build/cpmr_ch6/cpmr_ch6.egg-info/SOURCES.txt'
reading manifest file '../build/cpmr_ch6/cpmr_ch6.egg-info/SOURCES.txt'
writing manifest file '../build/cpmr_ch6/cpmr_ch6.egg-info/SOURCES.txt'
running build
running build_py
creating /Users/mafu/Library/CloudStorage/GoogleDrive-mafu@my.yorku.ca/Other computers/My Laptop/E:/0.2 Fall 2024/EECS_4421_Robotics/Labs/Lab2/CPMR3/ros2_ws/src/build/cpmr_ch6/build
creating /Users/mafu/Library/CloudStorage/GoogleDrive-mafu@my.yorku.ca/Other computers/My Laptop/E:/0.2 Fall 2024/EECS_4421_Robotics/Labs/Lab2/CPMR3/ros2_ws/src/build/cpmr_ch6/build/lib
creating /Users/mafu/Library/CloudStorage/GoogleDrive-mafu@my.yorku.ca/Other computers/My Laptop/E:/0.2 Fall 2024/EECS_4421_Robotics/Labs/Lab2/CPMR3/ros2_ws/src/build/cpmr_ch6/build/lib/cpmr_ch6
copying cpmr_ch6/__init__.py -> /Users/mafu/Library/CloudStorage/GoogleDrive-mafu@my.yorku.ca/Other computers/My Laptop/E:/0.2 Fall 2024/EECS_4421_Robotics/Labs/Lab2/CPMR3/ros2_ws/src/build/cpmr_ch6/build/lib/cpmr_ch6
copying cpmr_ch6/auto_drive_by_road.py -> /Users/mafu/Library/CloudStorage/GoogleDrive-mafu@my.yorku.ca/Other computers/My Laptop/E:/0.2 Fall 2024/EECS_4421_Robotics/Labs/Lab2/CPMR3/ros2_ws/src/build/cpmr_ch6/build/lib/cpmr_ch6
copying cpmr_ch6/drive_by_line.py -> /Users/mafu/Library/CloudStorage/GoogleDrive-mafu@my.yorku.ca/Other computers/My Laptop/E:/0.2 Fall 2024/EECS_4421_Robotics/Labs/Lab2/CPMR3/ros2_ws/src/build/cpmr_ch6/build/lib/cpmr_ch6
copying cpmr_ch6/auto_drive_by_line.py -> /Users/mafu/Library/CloudStorage/GoogleDrive-mafu@my.yorku.ca/Other computers/My Laptop/E:/0.2 Fall 2024/EECS_4421_Robotics/Labs/Lab2/CPMR3/ros2_ws/src/build/cpmr_ch6/build/lib/cpmr_ch6
copying cpmr_ch6/drive_by_road.py -> /Users/mafu/Library/CloudStorage/GoogleDrive-mafu@my.yorku.ca/Other computers/My Laptop/E:/0.2 Fall 2024/EECS_4421_Robotics/Labs/Lab2/CPMR3/ros2_ws/src/build/cpmr_ch6/build/lib/cpmr_ch6
running install
running install_lib
running install_data
running install_egg_info
removing '/opt/miniconda3/envs/ros_env/lib/python3.11/site-packages/cpmr_ch6-3.1.0-py3.11.egg-info' (and everything under it)
Copying ../build/cpmr_ch6/cpmr_ch6.egg-info to /opt/miniconda3/envs/ros_env/lib/python3.11/site-packages/cpmr_ch6-3.1.0-py3.11.egg-info
running install_scripts
Installing auto_drive_by_line script to /opt/miniconda3/envs/ros_env/lib/cpmr_ch6
Installing auto_drive_by_road script to /opt/miniconda3/envs/ros_env/lib/cpmr_ch6
Installing drive_by_line script to /opt/miniconda3/envs/ros_env/lib/cpmr_ch6
Installing drive_by_road script to /opt/miniconda3/envs/ros_env/lib/cpmr_ch6
writing list of installed files to '/Users/mafu/Library/CloudStorage/GoogleDrive-mafu@my.yorku.ca/Other computers/My Laptop/E:/0.2 Fall 2024/EECS_4421_Robotics/Labs/Lab2/CPMR3/ros2_ws/src/build/cpmr_ch6/install.log'
