[1.868s] Invoking command in '/Users/mafu/Library/CloudStorage/GoogleDrive-mafu@my.yorku.ca/Other computers/My Laptop/E:/0.2 Fall 2024/EECS_4421_Robotics/Labs/Lab2/CPMR3/ros2_ws/src/cpmr_ch6': CONDA_PROMPT_MODIFIER=(ros_env) PYTHONPATH=/Users/mafu/Library/CloudStorage/GoogleDrive-mafu@my.yorku.ca/Other computers/My Laptop/E:/0.2 Fall 2024/EECS_4421_Robotics/Labs/Lab2/CPMR3/ros2_ws/src/build/cpmr_ch6/prefix_override:/opt/miniconda3/envs/ros_env/lib/python3.11/site-packages/colcon_core/task/python/colcon_distutils_commands:/Users/mafu/Library/CloudStorage/GoogleDrive-mafu@my.yorku.ca/Other computers/My Laptop/E:/0.2 Fall 2024/EECS_4421_Robotics/Labs/Lab2/CPMR3/ros2_ws/src/install/cpmr_ch6/lib/python3.11/site-packages:${PYTHONPATH} SHLVL=2 _=/opt/miniconda3/envs/ros_env/bin/env __CF_USER_TEXT_ENCODING=0x1F5:0x0:0x52 /opt/miniconda3/envs/ros_env/bin/python3.11 -W ignore:setup.py install is deprecated setup.py egg_info --egg-base ../build/cpmr_ch6 build --build-base /Users/mafu/Library/CloudStorage/GoogleDrive-mafu@my.yorku.ca/Other computers/My Laptop/E:/0.2 Fall 2024/EECS_4421_Robotics/Labs/Lab2/CPMR3/ros2_ws/src/build/cpmr_ch6/build install --record /Users/mafu/Library/CloudStorage/GoogleDrive-mafu@my.yorku.ca/Other computers/My Laptop/E:/0.2 Fall 2024/EECS_4421_Robotics/Labs/Lab2/CPMR3/ros2_ws/src/build/cpmr_ch6/install.log --single-version-externally-managed install_data
[2.012s] running egg_info
[2.012s] creating ../build/cpmr_ch6/cpmr_ch6.egg-info
[2.012s] writing ../build/cpmr_ch6/cpmr_ch6.egg-info/PKG-INFO
[2.013s] writing dependency_links to ../build/cpmr_ch6/cpmr_ch6.egg-info/dependency_links.txt
[2.013s] writing entry points to ../build/cpmr_ch6/cpmr_ch6.egg-info/entry_points.txt
[2.013s] writing requirements to ../build/cpmr_ch6/cpmr_ch6.egg-info/requires.txt
[2.013s] writing top-level names to ../build/cpmr_ch6/cpmr_ch6.egg-info/top_level.txt
[2.013s] writing manifest file '../build/cpmr_ch6/cpmr_ch6.egg-info/SOURCES.txt'
[2.015s] reading manifest file '../build/cpmr_ch6/cpmr_ch6.egg-info/SOURCES.txt'
[2.015s] writing manifest file '../build/cpmr_ch6/cpmr_ch6.egg-info/SOURCES.txt'
[2.015s] running build
[2.015s] running build_py
[2.016s] creating /Users/mafu/Library/CloudStorage/GoogleDrive-mafu@my.yorku.ca/Other computers/My Laptop/E:/0.2 Fall 2024/EECS_4421_Robotics/Labs/Lab2/CPMR3/ros2_ws/src/build/cpmr_ch6/build
[2.016s] creating /Users/mafu/Library/CloudStorage/GoogleDrive-mafu@my.yorku.ca/Other computers/My Laptop/E:/0.2 Fall 2024/EECS_4421_Robotics/Labs/Lab2/CPMR3/ros2_ws/src/build/cpmr_ch6/build/lib
[2.016s] creating /Users/mafu/Library/CloudStorage/GoogleDrive-mafu@my.yorku.ca/Other computers/My Laptop/E:/0.2 Fall 2024/EECS_4421_Robotics/Labs/Lab2/CPMR3/ros2_ws/src/build/cpmr_ch6/build/lib/cpmr_ch6
[2.016s] copying cpmr_ch6/__init__.py -> /Users/mafu/Library/CloudStorage/GoogleDrive-mafu@my.yorku.ca/Other computers/My Laptop/E:/0.2 Fall 2024/EECS_4421_Robotics/Labs/Lab2/CPMR3/ros2_ws/src/build/cpmr_ch6/build/lib/cpmr_ch6
[2.016s] copying cpmr_ch6/auto_drive_by_road.py -> /Users/mafu/Library/CloudStorage/GoogleDrive-mafu@my.yorku.ca/Other computers/My Laptop/E:/0.2 Fall 2024/EECS_4421_Robotics/Labs/Lab2/CPMR3/ros2_ws/src/build/cpmr_ch6/build/lib/cpmr_ch6
[2.016s] copying cpmr_ch6/drive_by_line.py -> /Users/mafu/Library/CloudStorage/GoogleDrive-mafu@my.yorku.ca/Other computers/My Laptop/E:/0.2 Fall 2024/EECS_4421_Robotics/Labs/Lab2/CPMR3/ros2_ws/src/build/cpmr_ch6/build/lib/cpmr_ch6
[2.016s] copying cpmr_ch6/auto_drive_by_line.py -> /Users/mafu/Library/CloudStorage/GoogleDrive-mafu@my.yorku.ca/Other computers/My Laptop/E:/0.2 Fall 2024/EECS_4421_Robotics/Labs/Lab2/CPMR3/ros2_ws/src/build/cpmr_ch6/build/lib/cpmr_ch6
[2.017s] copying cpmr_ch6/drive_by_road.py -> /Users/mafu/Library/CloudStorage/GoogleDrive-mafu@my.yorku.ca/Other computers/My Laptop/E:/0.2 Fall 2024/EECS_4421_Robotics/Labs/Lab2/CPMR3/ros2_ws/src/build/cpmr_ch6/build/lib/cpmr_ch6
[2.018s] running install
[2.018s] running install_lib
[2.020s] running install_data
[2.020s] running install_egg_info
[2.022s] removing '/opt/miniconda3/envs/ros_env/lib/python3.11/site-packages/cpmr_ch6-3.1.0-py3.11.egg-info' (and everything under it)
[2.023s] Copying ../build/cpmr_ch6/cpmr_ch6.egg-info to /opt/miniconda3/envs/ros_env/lib/python3.11/site-packages/cpmr_ch6-3.1.0-py3.11.egg-info
[2.024s] running install_scripts
[2.043s] Installing auto_drive_by_line script to /opt/miniconda3/envs/ros_env/lib/cpmr_ch6
[2.044s] Installing auto_drive_by_road script to /opt/miniconda3/envs/ros_env/lib/cpmr_ch6
[2.044s] Installing drive_by_line script to /opt/miniconda3/envs/ros_env/lib/cpmr_ch6
[2.044s] Installing drive_by_road script to /opt/miniconda3/envs/ros_env/lib/cpmr_ch6
[2.045s] writing list of installed files to '/Users/mafu/Library/CloudStorage/GoogleDrive-mafu@my.yorku.ca/Other computers/My Laptop/E:/0.2 Fall 2024/EECS_4421_Robotics/Labs/Lab2/CPMR3/ros2_ws/src/build/cpmr_ch6/install.log'
