[2.002s] Invoking command in '/Users/mafu/Library/CloudStorage/GoogleDrive-mafu@my.yorku.ca/Other computers/My Laptop/E:/0.2 Fall 2024/EECS_4421_Robotics/Labs/Lab2/CPMR3/ros2_ws/src/cpmr_ch5': CONDA_PROMPT_MODIFIER=(ros2) PYTHONPATH=/Users/mafu/Library/CloudStorage/GoogleDrive-mafu@my.yorku.ca/Other computers/My Laptop/E:/0.2 Fall 2024/EECS_4421_Robotics/Labs/Lab2/CPMR3/ros2_ws/build/cpmr_ch5/prefix_override:/opt/miniconda3/envs/ros2/lib/python3.11/site-packages/colcon_core/task/python/colcon_distutils_commands:/Users/mafu/Library/CloudStorage/GoogleDrive-mafu@my.yorku.ca/Other computers/My Laptop/E:/0.2 Fall 2024/EECS_4421_Robotics/Labs/Lab2/CPMR3/ros2_ws/install/cpmr_ch5/lib/python3.11/site-packages:${PYTHONPATH} SHLVL=2 _=/opt/miniconda3/envs/ros2/bin/env __CF_USER_TEXT_ENCODING=0x1F5:0x0:0x52 /opt/miniconda3/envs/ros2/bin/python3.11 -W ignore:setup.py install is deprecated setup.py egg_info --egg-base ../../build/cpmr_ch5 build --build-base /Users/mafu/Library/CloudStorage/GoogleDrive-mafu@my.yorku.ca/Other computers/My Laptop/E:/0.2 Fall 2024/EECS_4421_Robotics/Labs/Lab2/CPMR3/ros2_ws/build/cpmr_ch5/build install --record /Users/mafu/Library/CloudStorage/GoogleDrive-mafu@my.yorku.ca/Other computers/My Laptop/E:/0.2 Fall 2024/EECS_4421_Robotics/Labs/Lab2/CPMR3/ros2_ws/build/cpmr_ch5/install.log --single-version-externally-managed install_data
[2.305s] /opt/miniconda3/envs/ros2/lib/python3.11/site-packages/setuptools/_distutils/dist.py:261: UserWarning: Unknown distribution option: 'tests_require'
[2.305s]   warnings.warn(msg)
[2.460s] running egg_info
[2.490s] writing ../../build/cpmr_ch5/cpmr_ch5.egg-info/PKG-INFO
[2.494s] writing dependency_links to ../../build/cpmr_ch5/cpmr_ch5.egg-info/dependency_links.txt
[2.494s] writing entry points to ../../build/cpmr_ch5/cpmr_ch5.egg-info/entry_points.txt
[2.495s] writing requirements to ../../build/cpmr_ch5/cpmr_ch5.egg-info/requires.txt
[2.495s] writing top-level names to ../../build/cpmr_ch5/cpmr_ch5.egg-info/top_level.txt
[2.552s] reading manifest file '../../build/cpmr_ch5/cpmr_ch5.egg-info/SOURCES.txt'
[2.554s] writing manifest file '../../build/cpmr_ch5/cpmr_ch5.egg-info/SOURCES.txt'
[2.556s] running build
[2.556s] running build_py
[2.560s] running install
[2.563s] running install_lib
[2.588s] copying /Users/mafu/Library/CloudStorage/GoogleDrive-mafu@my.yorku.ca/Other computers/My Laptop/E:/0.2 Fall 2024/EECS_4421_Robotics/Labs/Lab2/CPMR3/ros2_ws/build/cpmr_ch5/build/lib/cpmr_ch5/aruco_target.py -> /opt/miniconda3/envs/ros2/lib/python3.11/site-packages/cpmr_ch5
[2.590s] copying /Users/mafu/Library/CloudStorage/GoogleDrive-mafu@my.yorku.ca/Other computers/My Laptop/E:/0.2 Fall 2024/EECS_4421_Robotics/Labs/Lab2/CPMR3/ros2_ws/build/cpmr_ch5/build/lib/cpmr_ch5/opencv_camera.py -> /opt/miniconda3/envs/ros2/lib/python3.11/site-packages/cpmr_ch5
[2.592s] copying /Users/mafu/Library/CloudStorage/GoogleDrive-mafu@my.yorku.ca/Other computers/My Laptop/E:/0.2 Fall 2024/EECS_4421_Robotics/Labs/Lab2/CPMR3/ros2_ws/build/cpmr_ch5/build/lib/cpmr_ch5/view_camera.py -> /opt/miniconda3/envs/ros2/lib/python3.11/site-packages/cpmr_ch5
[2.592s] copying /Users/mafu/Library/CloudStorage/GoogleDrive-mafu@my.yorku.ca/Other computers/My Laptop/E:/0.2 Fall 2024/EECS_4421_Robotics/Labs/Lab2/CPMR3/ros2_ws/build/cpmr_ch5/build/lib/cpmr_ch5/good_features.py -> /opt/miniconda3/envs/ros2/lib/python3.11/site-packages/cpmr_ch5
[2.593s] copying /Users/mafu/Library/CloudStorage/GoogleDrive-mafu@my.yorku.ca/Other computers/My Laptop/E:/0.2 Fall 2024/EECS_4421_Robotics/Labs/Lab2/CPMR3/ros2_ws/build/cpmr_ch5/build/lib/cpmr_ch5/__init__.py -> /opt/miniconda3/envs/ros2/lib/python3.11/site-packages/cpmr_ch5
[2.594s] copying /Users/mafu/Library/CloudStorage/GoogleDrive-mafu@my.yorku.ca/Other computers/My Laptop/E:/0.2 Fall 2024/EECS_4421_Robotics/Labs/Lab2/CPMR3/ros2_ws/build/cpmr_ch5/build/lib/cpmr_ch5/harris_corners.py -> /opt/miniconda3/envs/ros2/lib/python3.11/site-packages/cpmr_ch5
[2.594s] copying /Users/mafu/Library/CloudStorage/GoogleDrive-mafu@my.yorku.ca/Other computers/My Laptop/E:/0.2 Fall 2024/EECS_4421_Robotics/Labs/Lab2/CPMR3/ros2_ws/build/cpmr_ch5/build/lib/cpmr_ch5/canny_edges.py -> /opt/miniconda3/envs/ros2/lib/python3.11/site-packages/cpmr_ch5
[2.595s] running install_data
[2.596s] copying resource/cpmr_ch5 -> /opt/miniconda3/envs/ros2/share/ament_index/resource_index/packages
[2.596s] copying package.xml -> /opt/miniconda3/envs/ros2/share/cpmr_ch5
[2.596s] copying launch/camera-robot.launch.py -> /opt/miniconda3/envs/ros2/share/cpmr_ch5
[2.600s] copying launch/good-features-camera-robot.launch.py -> /opt/miniconda3/envs/ros2/share/cpmr_ch5
[2.600s] copying launch/aruco-robot.launch.py -> /opt/miniconda3/envs/ros2/share/cpmr_ch5
[2.600s] copying launch/view-camera-robot.launch.py -> /opt/miniconda3/envs/ros2/share/cpmr_ch5
[2.601s] copying launch/harrs-corners-camera-robot.launch.py -> /opt/miniconda3/envs/ros2/share/cpmr_ch5
[2.601s] copying launch/canny-edges-camera-robot.launch.py -> /opt/miniconda3/envs/ros2/share/cpmr_ch5
[2.602s] copying urdf/scout-camera.urdf.xacro -> /opt/miniconda3/envs/ros2/share/cpmr_ch5
[2.604s] copying urdf/colors.xacro -> /opt/miniconda3/envs/ros2/share/cpmr_ch5
[2.604s] running install_egg_info
[2.641s] removing '/opt/miniconda3/envs/ros2/lib/python3.11/site-packages/cpmr_ch5-3.1.0-py3.11.egg-info' (and everything under it)
[2.643s] Copying ../../build/cpmr_ch5/cpmr_ch5.egg-info to /opt/miniconda3/envs/ros2/lib/python3.11/site-packages/cpmr_ch5-3.1.0-py3.11.egg-info
[2.655s] running install_scripts
[2.832s] Installing aruco_target script to /opt/miniconda3/envs/ros2/lib/cpmr_ch5
[2.832s] Installing canny_edges script to /opt/miniconda3/envs/ros2/lib/cpmr_ch5
[2.832s] Installing good_features script to /opt/miniconda3/envs/ros2/lib/cpmr_ch5
[2.832s] Installing harris_corners script to /opt/miniconda3/envs/ros2/lib/cpmr_ch5
[2.832s] Installing opencv_camera script to /opt/miniconda3/envs/ros2/lib/cpmr_ch5
[2.832s] Installing view_camera script to /opt/miniconda3/envs/ros2/lib/cpmr_ch5
[2.832s] writing list of installed files to '/Users/mafu/Library/CloudStorage/GoogleDrive-mafu@my.yorku.ca/Other computers/My Laptop/E:/0.2 Fall 2024/EECS_4421_Robotics/Labs/Lab2/CPMR3/ros2_ws/build/cpmr_ch5/install.log'
[3.028s] Invoked command in '/Users/mafu/Library/CloudStorage/GoogleDrive-mafu@my.yorku.ca/Other computers/My Laptop/E:/0.2 Fall 2024/EECS_4421_Robotics/Labs/Lab2/CPMR3/ros2_ws/src/cpmr_ch5' returned '0': CONDA_PROMPT_MODIFIER=(ros2) PYTHONPATH=/Users/mafu/Library/CloudStorage/GoogleDrive-mafu@my.yorku.ca/Other computers/My Laptop/E:/0.2 Fall 2024/EECS_4421_Robotics/Labs/Lab2/CPMR3/ros2_ws/build/cpmr_ch5/prefix_override:/opt/miniconda3/envs/ros2/lib/python3.11/site-packages/colcon_core/task/python/colcon_distutils_commands:/Users/mafu/Library/CloudStorage/GoogleDrive-mafu@my.yorku.ca/Other computers/My Laptop/E:/0.2 Fall 2024/EECS_4421_Robotics/Labs/Lab2/CPMR3/ros2_ws/install/cpmr_ch5/lib/python3.11/site-packages:${PYTHONPATH} SHLVL=2 _=/opt/miniconda3/envs/ros2/bin/env __CF_USER_TEXT_ENCODING=0x1F5:0x0:0x52 /opt/miniconda3/envs/ros2/bin/python3.11 -W ignore:setup.py install is deprecated setup.py egg_info --egg-base ../../build/cpmr_ch5 build --build-base /Users/mafu/Library/CloudStorage/GoogleDrive-mafu@my.yorku.ca/Other computers/My Laptop/E:/0.2 Fall 2024/EECS_4421_Robotics/Labs/Lab2/CPMR3/ros2_ws/build/cpmr_ch5/build install --record /Users/mafu/Library/CloudStorage/GoogleDrive-mafu@my.yorku.ca/Other computers/My Laptop/E:/0.2 Fall 2024/EECS_4421_Robotics/Labs/Lab2/CPMR3/ros2_ws/build/cpmr_ch5/install.log --single-version-externally-managed install_data
