[5.254s] Invoking command in '/Users/mafu/Desktop/robotics/Lab8/ros2_ws/src/cpmr_ch5': CONDA_PROMPT_MODIFIER=(ros_env) PYTHONPATH=/Users/mafu/Desktop/robotics/Lab8/ros2_ws/build/cpmr_ch5/prefix_override:/Users/mafu/miniforge3/envs/ros_env/lib/python3.10/site-packages/colcon_core/task/python/colcon_distutils_commands:/Users/mafu/Desktop/robotics/Lab8/ros2_ws/install/cpmr_ch5/lib/python3.10/site-packages:${PYTHONPATH} SHLVL=2 _=/Users/mafu/miniforge3/envs/ros_env/bin/env __CF_USER_TEXT_ENCODING=0x1F5:0x0:0x0 /Users/mafu/miniforge3/envs/ros_env/bin/python3.10 -W ignore:setup.py install is deprecated setup.py egg_info --egg-base ../../build/cpmr_ch5 build --build-base /Users/mafu/Desktop/robotics/Lab8/ros2_ws/build/cpmr_ch5/build install --record /Users/mafu/Desktop/robotics/Lab8/ros2_ws/build/cpmr_ch5/install.log --single-version-externally-managed install_data
[6.303s] running egg_info
[6.346s] writing ../../build/cpmr_ch5/cpmr_ch5.egg-info/PKG-INFO
[6.398s] writing dependency_links to ../../build/cpmr_ch5/cpmr_ch5.egg-info/dependency_links.txt
[6.540s] writing entry points to ../../build/cpmr_ch5/cpmr_ch5.egg-info/entry_points.txt
[6.651s] writing requirements to ../../build/cpmr_ch5/cpmr_ch5.egg-info/requires.txt
[6.704s] writing top-level names to ../../build/cpmr_ch5/cpmr_ch5.egg-info/top_level.txt
[6.792s] reading manifest file '../../build/cpmr_ch5/cpmr_ch5.egg-info/SOURCES.txt'
[6.792s] writing manifest file '../../build/cpmr_ch5/cpmr_ch5.egg-info/SOURCES.txt'
[6.793s] running build
[6.793s] running build_py
[6.793s] running install
[6.797s] running install_lib
[6.863s] running install_data
[6.864s] running install_egg_info
[6.948s] removing '/Users/mafu/Desktop/robotics/Lab8/ros2_ws/install/cpmr_ch5/lib/python3.10/site-packages/cpmr_ch5-3.1.0-py3.10.egg-info' (and everything under it)
[6.951s] Copying ../../build/cpmr_ch5/cpmr_ch5.egg-info to /Users/mafu/Desktop/robotics/Lab8/ros2_ws/install/cpmr_ch5/lib/python3.10/site-packages/cpmr_ch5-3.1.0-py3.10.egg-info
[6.959s] running install_scripts
[7.217s] Installing aruco_target script to /Users/mafu/Desktop/robotics/Lab8/ros2_ws/install/cpmr_ch5/lib/cpmr_ch5
[7.217s] Installing canny_edges script to /Users/mafu/Desktop/robotics/Lab8/ros2_ws/install/cpmr_ch5/lib/cpmr_ch5
[7.217s] Installing good_features script to /Users/mafu/Desktop/robotics/Lab8/ros2_ws/install/cpmr_ch5/lib/cpmr_ch5
[7.217s] Installing harris_corners script to /Users/mafu/Desktop/robotics/Lab8/ros2_ws/install/cpmr_ch5/lib/cpmr_ch5
[7.217s] Installing opencv_camera script to /Users/mafu/Desktop/robotics/Lab8/ros2_ws/install/cpmr_ch5/lib/cpmr_ch5
[7.217s] Installing opencv_camera_calibrated script to /Users/mafu/Desktop/robotics/Lab8/ros2_ws/install/cpmr_ch5/lib/cpmr_ch5
[7.217s] Installing view_camera script to /Users/mafu/Desktop/robotics/Lab8/ros2_ws/install/cpmr_ch5/lib/cpmr_ch5
[7.217s] writing list of installed files to '/Users/mafu/Desktop/robotics/Lab8/ros2_ws/build/cpmr_ch5/install.log'
[7.782s] Invoked command in '/Users/mafu/Desktop/robotics/Lab8/ros2_ws/src/cpmr_ch5' returned '0': CONDA_PROMPT_MODIFIER=(ros_env) PYTHONPATH=/Users/mafu/Desktop/robotics/Lab8/ros2_ws/build/cpmr_ch5/prefix_override:/Users/mafu/miniforge3/envs/ros_env/lib/python3.10/site-packages/colcon_core/task/python/colcon_distutils_commands:/Users/mafu/Desktop/robotics/Lab8/ros2_ws/install/cpmr_ch5/lib/python3.10/site-packages:${PYTHONPATH} SHLVL=2 _=/Users/mafu/miniforge3/envs/ros_env/bin/env __CF_USER_TEXT_ENCODING=0x1F5:0x0:0x0 /Users/mafu/miniforge3/envs/ros_env/bin/python3.10 -W ignore:setup.py install is deprecated setup.py egg_info --egg-base ../../build/cpmr_ch5 build --build-base /Users/mafu/Desktop/robotics/Lab8/ros2_ws/build/cpmr_ch5/build install --record /Users/mafu/Desktop/robotics/Lab8/ros2_ws/build/cpmr_ch5/install.log --single-version-externally-managed install_data
