-- The C compiler identification is Clang 16.0.1
-- The CXX compiler identification is Clang 16.0.1
-- Detecting C compiler ABI info
-- Detecting C compiler ABI info - done
-- Check for working C compiler: /Users/mafu/miniforge3/envs/ros2/bin/arm64-apple-darwin20.0.0-clang - skipped
-- Detecting C compile features
-- Detecting C compile features - done
-- Detecting CXX compiler ABI info
-- Detecting CXX compiler ABI info - done
-- Check for working CXX compiler: /Users/mafu/miniforge3/envs/ros2/bin/arm64-apple-darwin20.0.0-clang++ - skipped
-- Detecting CXX compile features
-- Detecting CXX compile features - done
-- Found ament_cmake: 1.3.3 (/Users/mafu/miniforge3/envs/ros2/share/ament_cmake/cmake)
-- Found Python3: /opt/homebrew/Frameworks/Python.framework/Versions/3.11/bin/python3.11 (found version "3.11.10") found components: Interpreter
-- Found rosidl_default_generators: 1.2.0 (/Users/mafu/miniforge3/envs/ros2/share/rosidl_default_generators/cmake)
-- Using all available rosidl_typesupport_c: rosidl_typesupport_fastrtps_c;rosidl_typesupport_introspection_c
-- Found rosidl_adapter: 3.1.4 (/Users/mafu/miniforge3/envs/ros2/share/rosidl_adapter/cmake)
-- Using all available rosidl_typesupport_cpp: rosidl_typesupport_fastrtps_cpp;rosidl_typesupport_introspection_cpp
-- Found ament_cmake_ros: 0.10.0 (/Users/mafu/miniforge3/envs/ros2/share/ament_cmake_ros/cmake)
-- Using all available rosidl_typesupport_c: rosidl_typesupport_fastrtps_c;rosidl_typesupport_introspection_c
-- Using all available rosidl_typesupport_cpp: rosidl_typesupport_fastrtps_cpp;rosidl_typesupport_introspection_cpp
CMake Warning (dev) at /Users/mafu/miniforge3/envs/ros2/share/rosidl_generator_py/cmake/rosidl_generator_py_generate_interfaces.cmake:20 (find_package):
  Policy CMP0148 is not set: The FindPythonInterp and FindPythonLibs modules
  are removed.  Run "cmake --help-policy CMP0148" for policy details.  Use
  the cmake_policy command to set the policy and suppress this warning.

Call Stack (most recent call first):
  /Users/mafu/miniforge3/envs/ros2/share/ament_cmake_core/cmake/core/ament_execute_extensions.cmake:48 (include)
  /Users/mafu/miniforge3/envs/ros2/share/rosidl_cmake/cmake/rosidl_generate_interfaces.cmake:286 (ament_execute_extensions)
  CMakeLists.txt:15 (rosidl_generate_interfaces)
This warning is for project developers.  Use -Wno-dev to suppress it.

-- Found PythonInterp: /Users/mafu/miniforge3/envs/ros2/bin/python3 (found suitable version "3.10.13", minimum required is "3.6")
-- Found python_cmake_module: 0.10.0 (/Users/mafu/miniforge3/envs/ros2/share/python_cmake_module/cmake)
CMake Warning (dev) at /Users/mafu/miniforge3/envs/ros2/share/python_cmake_module/cmake/Modules/FindPythonExtra.cmake:52 (find_package):
  Policy CMP0148 is not set: The FindPythonInterp and FindPythonLibs modules
  are removed.  Run "cmake --help-policy CMP0148" for policy details.  Use
  the cmake_policy command to set the policy and suppress this warning.

Call Stack (most recent call first):
  /Users/mafu/miniforge3/envs/ros2/share/rosidl_generator_py/cmake/rosidl_generator_py_generate_interfaces.cmake:23 (find_package)
  /Users/mafu/miniforge3/envs/ros2/share/ament_cmake_core/cmake/core/ament_execute_extensions.cmake:48 (include)
  /Users/mafu/miniforge3/envs/ros2/share/rosidl_cmake/cmake/rosidl_generate_interfaces.cmake:286 (ament_execute_extensions)
  CMakeLists.txt:15 (rosidl_generate_interfaces)
This warning is for project developers.  Use -Wno-dev to suppress it.

-- Using PythonExtra_INCLUDE_DIRS: /Users/mafu/miniforge3/envs/ros2/include/python3.10;/Users/mafu/miniforge3/envs/ros2/include/python3.10
-- Using PythonExtra_LIBRARIES: /Users/mafu/miniforge3/envs/ros2/lib/libpython3.10.dylib
-- Found PythonExtra: .so
CMake Error at /opt/homebrew/Cellar/cmake/3.30.5/share/cmake/Modules/FindPackageHandleStandardArgs.cmake:233 (message):
  Could NOT find Python3 (missing: Python3_NumPy_INCLUDE_DIRS NumPy) (found
  version "3.11.10")
Call Stack (most recent call first):
  /opt/homebrew/Cellar/cmake/3.30.5/share/cmake/Modules/FindPackageHandleStandardArgs.cmake:603 (_FPHSA_FAILURE_MESSAGE)
  /opt/homebrew/Cellar/cmake/3.30.5/share/cmake/Modules/FindPython/Support.cmake:4001 (find_package_handle_standard_args)
  /opt/homebrew/Cellar/cmake/3.30.5/share/cmake/Modules/FindPython3.cmake:602 (include)
  /Users/mafu/miniforge3/envs/ros2/share/rosidl_generator_py/cmake/rosidl_generator_py_generate_interfaces.cmake:24 (find_package)
  /Users/mafu/miniforge3/envs/ros2/share/ament_cmake_core/cmake/core/ament_execute_extensions.cmake:48 (include)
  /Users/mafu/miniforge3/envs/ros2/share/rosidl_cmake/cmake/rosidl_generate_interfaces.cmake:286 (ament_execute_extensions)
  CMakeLists.txt:15 (rosidl_generate_interfaces)


-- Configuring incomplete, errors occurred!
