-- The C compiler identification is Clang 16.0.1
-- The CXX compiler identification is Clang 16.0.1
-- Detecting C compiler ABI info
-- Detecting C compiler ABI info - done
-- Check for working C compiler: /Users/mafu/miniforge3/envs/ros2/bin/arm64-apple-darwin20.0.0-clang - skipped
-- Detecting C compile features
-- Detecting C compile features - done
-- Detecting CXX compiler ABI info
-- Detecting CXX compiler ABI info - done
-- Check for working CXX compiler: /Users/mafu/miniforge3/envs/ros2/bin/arm64-apple-darwin20.0.0-clang++ - skipped
-- Detecting CXX compile features
-- Detecting CXX compile features - done
-- Found ament_cmake: 1.3.3 (/Users/mafu/miniforge3/envs/ros2/share/ament_cmake/cmake)
-- Found Python3: /opt/homebrew/Frameworks/Python.framework/Versions/3.11/bin/python3.11 (found version "3.11.10") found components: Interpreter
-- Found rosidl_default_generators: 1.2.0 (/Users/mafu/miniforge3/envs/ros2/share/rosidl_default_generators/cmake)
-- Using all available rosidl_typesupport_c: rosidl_typesupport_fastrtps_c;rosidl_typesupport_introspection_c
-- Found rosidl_adapter: 3.1.4 (/Users/mafu/miniforge3/envs/ros2/share/rosidl_adapter/cmake)
-- Using all available rosidl_typesupport_cpp: rosidl_typesupport_fastrtps_cpp;rosidl_typesupport_introspection_cpp
-- Found ament_cmake_ros: 0.10.0 (/Users/mafu/miniforge3/envs/ros2/share/ament_cmake_ros/cmake)
-- Using all available rosidl_typesupport_c: rosidl_typesupport_fastrtps_c;rosidl_typesupport_introspection_c
-- Using all available rosidl_typesupport_cpp: rosidl_typesupport_fastrtps_cpp;rosidl_typesupport_introspection_cpp
-- Found PythonInterp: /Users/mafu/miniforge3/envs/ros2/bin/python3 (found suitable version "3.10.13", minimum required is "3.6")
-- Found python_cmake_module: 0.10.0 (/Users/mafu/miniforge3/envs/ros2/share/python_cmake_module/cmake)
-- Using PythonExtra_INCLUDE_DIRS: /Users/mafu/miniforge3/envs/ros2/include/python3.10;/Users/mafu/miniforge3/envs/ros2/include/python3.10
-- Using PythonExtra_LIBRARIES: /Users/mafu/miniforge3/envs/ros2/lib/libpython3.10.dylib
-- Found PythonExtra: .so
-- Configuring incomplete, errors occurred!
