[0.491s] Invoking command in '/Users/mafu/Library/CloudStorage/GoogleDrive-mafu@my.yorku.ca/Other computers/My Laptop/E:/0.2 Fall 2024/EECS_4421_Robotics/Labs/Lab2/CPMR3/ros2_ws/src/cpmr_ch8': CONDA_PROMPT_MODIFIER=(ros_env) PYTHONPATH=/Users/mafu/Library/CloudStorage/GoogleDrive-mafu@my.yorku.ca/Other computers/My Laptop/E:/0.2 Fall 2024/EECS_4421_Robotics/Labs/Lab2/CPMR3/ros2_ws/build/cpmr_ch8/prefix_override:/opt/miniconda3/envs/ros_env/lib/python3.11/site-packages/colcon_core/task/python/colcon_distutils_commands:/Users/mafu/Library/CloudStorage/GoogleDrive-mafu@my.yorku.ca/Other computers/My Laptop/E:/0.2 Fall 2024/EECS_4421_Robotics/Labs/Lab2/CPMR3/ros2_ws/install/cpmr_ch8/lib/python3.11/site-packages:${PYTHONPATH} SHLVL=2 _=/opt/miniconda3/envs/ros_env/bin/env __CF_USER_TEXT_ENCODING=0x1F5:0x0:0x52 /opt/miniconda3/envs/ros_env/bin/python3.11 -W ignore:setup.py install is deprecated setup.py egg_info --egg-base ../../build/cpmr_ch8 build --build-base /Users/mafu/Library/CloudStorage/GoogleDrive-mafu@my.yorku.ca/Other computers/My Laptop/E:/0.2 Fall 2024/EECS_4421_Robotics/Labs/Lab2/CPMR3/ros2_ws/build/cpmr_ch8/build install --record /Users/mafu/Library/CloudStorage/GoogleDrive-mafu@my.yorku.ca/Other computers/My Laptop/E:/0.2 Fall 2024/EECS_4421_Robotics/Labs/Lab2/CPMR3/ros2_ws/build/cpmr_ch8/install.log --single-version-externally-managed install_data
[0.591s] /opt/miniconda3/envs/ros_env/lib/python3.11/site-packages/setuptools/_distutils/dist.py:261: UserWarning: Unknown distribution option: 'tests_require'
[0.591s]   warnings.warn(msg)
[0.646s] running egg_info
[0.655s] writing ../../build/cpmr_ch8/cpmr_ch8.egg-info/PKG-INFO
[0.657s] writing dependency_links to ../../build/cpmr_ch8/cpmr_ch8.egg-info/dependency_links.txt
[0.657s] writing entry points to ../../build/cpmr_ch8/cpmr_ch8.egg-info/entry_points.txt
[0.658s] writing requirements to ../../build/cpmr_ch8/cpmr_ch8.egg-info/requires.txt
[0.658s] writing top-level names to ../../build/cpmr_ch8/cpmr_ch8.egg-info/top_level.txt
[0.675s] reading manifest file '../../build/cpmr_ch8/cpmr_ch8.egg-info/SOURCES.txt'
[0.676s] writing manifest file '../../build/cpmr_ch8/cpmr_ch8.egg-info/SOURCES.txt'
[0.676s] running build
[0.676s] running build_py
[0.677s] copying cpmr_ch8/view_camera.py -> /Users/mafu/Library/CloudStorage/GoogleDrive-mafu@my.yorku.ca/Other computers/My Laptop/E:/0.2 Fall 2024/EECS_4421_Robotics/Labs/Lab2/CPMR3/ros2_ws/build/cpmr_ch8/build/lib/cpmr_ch8
[0.677s] copying cpmr_ch8/__init__.py -> /Users/mafu/Library/CloudStorage/GoogleDrive-mafu@my.yorku.ca/Other computers/My Laptop/E:/0.2 Fall 2024/EECS_4421_Robotics/Labs/Lab2/CPMR3/ros2_ws/build/cpmr_ch8/build/lib/cpmr_ch8
[0.678s] copying cpmr_ch8/fsm.py -> /Users/mafu/Library/CloudStorage/GoogleDrive-mafu@my.yorku.ca/Other computers/My Laptop/E:/0.2 Fall 2024/EECS_4421_Robotics/Labs/Lab2/CPMR3/ros2_ws/build/cpmr_ch8/build/lib/cpmr_ch8
[0.679s] running install
[0.682s] running install_lib
[0.691s] creating /opt/miniconda3/envs/ros_env/lib/python3.11/site-packages/cpmr_ch8
[0.691s] copying /Users/mafu/Library/CloudStorage/GoogleDrive-mafu@my.yorku.ca/Other computers/My Laptop/E:/0.2 Fall 2024/EECS_4421_Robotics/Labs/Lab2/CPMR3/ros2_ws/build/cpmr_ch8/build/lib/cpmr_ch8/view_camera.py -> /opt/miniconda3/envs/ros_env/lib/python3.11/site-packages/cpmr_ch8
[0.691s] copying /Users/mafu/Library/CloudStorage/GoogleDrive-mafu@my.yorku.ca/Other computers/My Laptop/E:/0.2 Fall 2024/EECS_4421_Robotics/Labs/Lab2/CPMR3/ros2_ws/build/cpmr_ch8/build/lib/cpmr_ch8/__init__.py -> /opt/miniconda3/envs/ros_env/lib/python3.11/site-packages/cpmr_ch8
[0.691s] copying /Users/mafu/Library/CloudStorage/GoogleDrive-mafu@my.yorku.ca/Other computers/My Laptop/E:/0.2 Fall 2024/EECS_4421_Robotics/Labs/Lab2/CPMR3/ros2_ws/build/cpmr_ch8/build/lib/cpmr_ch8/fsm.py -> /opt/miniconda3/envs/ros_env/lib/python3.11/site-packages/cpmr_ch8
[0.692s] byte-compiling /opt/miniconda3/envs/ros_env/lib/python3.11/site-packages/cpmr_ch8/view_camera.py to view_camera.cpython-311.pyc
[0.693s] byte-compiling /opt/miniconda3/envs/ros_env/lib/python3.11/site-packages/cpmr_ch8/__init__.py to __init__.cpython-311.pyc
[0.693s] byte-compiling /opt/miniconda3/envs/ros_env/lib/python3.11/site-packages/cpmr_ch8/fsm.py to fsm.cpython-311.pyc
[0.694s] running install_data
[0.694s] copying resource/cpmr_ch8 -> /opt/miniconda3/envs/ros_env/share/ament_index/resource_index/packages
[0.695s] creating /opt/miniconda3/envs/ros_env/share/cpmr_ch8
[0.695s] copying package.xml -> /opt/miniconda3/envs/ros_env/share/cpmr_ch8
[0.695s] copying launch/view-camera-robot.launch.py -> /opt/miniconda3/envs/ros_env/share/cpmr_ch8
[0.695s] copying urdf/scout-camera.urdf.xacro -> /opt/miniconda3/envs/ros_env/share/cpmr_ch8
[0.696s] copying urdf/colors.xacro -> /opt/miniconda3/envs/ros_env/share/cpmr_ch8
[0.696s] running install_egg_info
[0.707s] Copying ../../build/cpmr_ch8/cpmr_ch8.egg-info to /opt/miniconda3/envs/ros_env/lib/python3.11/site-packages/cpmr_ch8-3.1.0-py3.11.egg-info
[0.709s] running install_scripts
[0.771s] Installing fsm script to /opt/miniconda3/envs/ros_env/lib/cpmr_ch8
[0.771s] Installing view_camera script to /opt/miniconda3/envs/ros_env/lib/cpmr_ch8
[0.771s] writing list of installed files to '/Users/mafu/Library/CloudStorage/GoogleDrive-mafu@my.yorku.ca/Other computers/My Laptop/E:/0.2 Fall 2024/EECS_4421_Robotics/Labs/Lab2/CPMR3/ros2_ws/build/cpmr_ch8/install.log'
[0.788s] Invoked command in '/Users/mafu/Library/CloudStorage/GoogleDrive-mafu@my.yorku.ca/Other computers/My Laptop/E:/0.2 Fall 2024/EECS_4421_Robotics/Labs/Lab2/CPMR3/ros2_ws/src/cpmr_ch8' returned '0': CONDA_PROMPT_MODIFIER=(ros_env) PYTHONPATH=/Users/mafu/Library/CloudStorage/GoogleDrive-mafu@my.yorku.ca/Other computers/My Laptop/E:/0.2 Fall 2024/EECS_4421_Robotics/Labs/Lab2/CPMR3/ros2_ws/build/cpmr_ch8/prefix_override:/opt/miniconda3/envs/ros_env/lib/python3.11/site-packages/colcon_core/task/python/colcon_distutils_commands:/Users/mafu/Library/CloudStorage/GoogleDrive-mafu@my.yorku.ca/Other computers/My Laptop/E:/0.2 Fall 2024/EECS_4421_Robotics/Labs/Lab2/CPMR3/ros2_ws/install/cpmr_ch8/lib/python3.11/site-packages:${PYTHONPATH} SHLVL=2 _=/opt/miniconda3/envs/ros_env/bin/env __CF_USER_TEXT_ENCODING=0x1F5:0x0:0x52 /opt/miniconda3/envs/ros_env/bin/python3.11 -W ignore:setup.py install is deprecated setup.py egg_info --egg-base ../../build/cpmr_ch8 build --build-base /Users/mafu/Library/CloudStorage/GoogleDrive-mafu@my.yorku.ca/Other computers/My Laptop/E:/0.2 Fall 2024/EECS_4421_Robotics/Labs/Lab2/CPMR3/ros2_ws/build/cpmr_ch8/build install --record /Users/mafu/Library/CloudStorage/GoogleDrive-mafu@my.yorku.ca/Other computers/My Laptop/E:/0.2 Fall 2024/EECS_4421_Robotics/Labs/Lab2/CPMR3/ros2_ws/build/cpmr_ch8/install.log --single-version-externally-managed install_data
