[2.117s] Invoking command in '/Users/mafu/Library/CloudStorage/GoogleDrive-mafu@my.yorku.ca/Other computers/My Laptop/E:/0.2 Fall 2024/EECS_4421_Robotics/Labs/Lab2/CPMR3/ros2_ws/src/cpmr_ch12': CONDA_PROMPT_MODIFIER=(ros_env) PYTHONPATH=/Users/mafu/Library/CloudStorage/GoogleDrive-mafu@my.yorku.ca/Other computers/My Laptop/E:/0.2 Fall 2024/EECS_4421_Robotics/Labs/Lab2/CPMR3/ros2_ws/build/cpmr_ch12/prefix_override:/opt/miniconda3/envs/ros_env/lib/python3.11/site-packages/colcon_core/task/python/colcon_distutils_commands:/Users/mafu/Library/CloudStorage/GoogleDrive-mafu@my.yorku.ca/Other computers/My Laptop/E:/0.2 Fall 2024/EECS_4421_Robotics/Labs/Lab2/CPMR3/ros2_ws/install/cpmr_ch12/lib/python3.11/site-packages:${PYTHONPATH} SHLVL=2 _=/opt/miniconda3/envs/ros_env/bin/env __CF_USER_TEXT_ENCODING=0x1F5:0x0:0x52 /opt/miniconda3/envs/ros_env/bin/python3.11 -W ignore:setup.py install is deprecated setup.py egg_info --egg-base ../../build/cpmr_ch12 build --build-base /Users/mafu/Library/CloudStorage/GoogleDrive-mafu@my.yorku.ca/Other computers/My Laptop/E:/0.2 Fall 2024/EECS_4421_Robotics/Labs/Lab2/CPMR3/ros2_ws/build/cpmr_ch12/build install --record /Users/mafu/Library/CloudStorage/GoogleDrive-mafu@my.yorku.ca/Other computers/My Laptop/E:/0.2 Fall 2024/EECS_4421_Robotics/Labs/Lab2/CPMR3/ros2_ws/build/cpmr_ch12/install.log --single-version-externally-managed install_data
[2.313s] /opt/miniconda3/envs/ros_env/lib/python3.11/site-packages/setuptools/_distutils/dist.py:261: UserWarning: Unknown distribution option: 'tests_require'
[2.313s]   warnings.warn(msg)
[2.470s] running egg_info
[2.502s] writing ../../build/cpmr_ch12/cpmr_ch12.egg-info/PKG-INFO
[2.503s] writing dependency_links to ../../build/cpmr_ch12/cpmr_ch12.egg-info/dependency_links.txt
[2.503s] writing requirements to ../../build/cpmr_ch12/cpmr_ch12.egg-info/requires.txt
[2.503s] writing top-level names to ../../build/cpmr_ch12/cpmr_ch12.egg-info/top_level.txt
[2.541s] reading manifest file '../../build/cpmr_ch12/cpmr_ch12.egg-info/SOURCES.txt'
[2.543s] writing manifest file '../../build/cpmr_ch12/cpmr_ch12.egg-info/SOURCES.txt'
[2.544s] running build
[2.544s] running build_py
[2.544s] running install
[2.564s] running install_lib
[2.586s] copying /Users/mafu/Library/CloudStorage/GoogleDrive-mafu@my.yorku.ca/Other computers/My Laptop/E:/0.2 Fall 2024/EECS_4421_Robotics/Labs/Lab2/CPMR3/ros2_ws/build/cpmr_ch12/build/lib/cpmr_ch12/opencv_camera.py -> /opt/miniconda3/envs/ros_env/lib/python3.11/site-packages/cpmr_ch12
[2.586s] copying /Users/mafu/Library/CloudStorage/GoogleDrive-mafu@my.yorku.ca/Other computers/My Laptop/E:/0.2 Fall 2024/EECS_4421_Robotics/Labs/Lab2/CPMR3/ros2_ws/build/cpmr_ch12/build/lib/cpmr_ch12/yolo_pose.py -> /opt/miniconda3/envs/ros_env/lib/python3.11/site-packages/cpmr_ch12
[2.589s] copying /Users/mafu/Library/CloudStorage/GoogleDrive-mafu@my.yorku.ca/Other computers/My Laptop/E:/0.2 Fall 2024/EECS_4421_Robotics/Labs/Lab2/CPMR3/ros2_ws/build/cpmr_ch12/build/lib/cpmr_ch12/__init__.py -> /opt/miniconda3/envs/ros_env/lib/python3.11/site-packages/cpmr_ch12
[5.494s] byte-compiling /opt/miniconda3/envs/ros_env/lib/python3.11/site-packages/cpmr_ch12/opencv_camera.py to opencv_camera.cpython-311.pyc
[5.496s] byte-compiling /opt/miniconda3/envs/ros_env/lib/python3.11/site-packages/cpmr_ch12/yolo_pose.py to yolo_pose.cpython-311.pyc
[5.499s] byte-compiling /opt/miniconda3/envs/ros_env/lib/python3.11/site-packages/cpmr_ch12/__init__.py to __init__.cpython-311.pyc
[5.501s] running install_data
[5.502s] copying resource/cpmr_ch12 -> /opt/miniconda3/envs/ros_env/share/ament_index/resource_index/packages
[5.503s] copying package.xml -> /opt/miniconda3/envs/ros_env/share/cpmr_ch12
[5.506s] copying launch/camera-robot.launch.py -> /opt/miniconda3/envs/ros_env/share/cpmr_ch12
[5.507s] copying urdf/scout-camera.urdf.xacro -> /opt/miniconda3/envs/ros_env/share/cpmr_ch12
[5.507s] copying urdf/colors.xacro -> /opt/miniconda3/envs/ros_env/share/cpmr_ch12
[5.507s] running install_egg_info
[5.530s] removing '/opt/miniconda3/envs/ros_env/lib/python3.11/site-packages/cpmr_ch12-3.1.0-py3.11.egg-info' (and everything under it)
[5.534s] Copying ../../build/cpmr_ch12/cpmr_ch12.egg-info to /opt/miniconda3/envs/ros_env/lib/python3.11/site-packages/cpmr_ch12-3.1.0-py3.11.egg-info
[5.536s] running install_scripts
[5.657s] writing list of installed files to '/Users/mafu/Library/CloudStorage/GoogleDrive-mafu@my.yorku.ca/Other computers/My Laptop/E:/0.2 Fall 2024/EECS_4421_Robotics/Labs/Lab2/CPMR3/ros2_ws/build/cpmr_ch12/install.log'
[5.699s] Invoked command in '/Users/mafu/Library/CloudStorage/GoogleDrive-mafu@my.yorku.ca/Other computers/My Laptop/E:/0.2 Fall 2024/EECS_4421_Robotics/Labs/Lab2/CPMR3/ros2_ws/src/cpmr_ch12' returned '0': CONDA_PROMPT_MODIFIER=(ros_env) PYTHONPATH=/Users/mafu/Library/CloudStorage/GoogleDrive-mafu@my.yorku.ca/Other computers/My Laptop/E:/0.2 Fall 2024/EECS_4421_Robotics/Labs/Lab2/CPMR3/ros2_ws/build/cpmr_ch12/prefix_override:/opt/miniconda3/envs/ros_env/lib/python3.11/site-packages/colcon_core/task/python/colcon_distutils_commands:/Users/mafu/Library/CloudStorage/GoogleDrive-mafu@my.yorku.ca/Other computers/My Laptop/E:/0.2 Fall 2024/EECS_4421_Robotics/Labs/Lab2/CPMR3/ros2_ws/install/cpmr_ch12/lib/python3.11/site-packages:${PYTHONPATH} SHLVL=2 _=/opt/miniconda3/envs/ros_env/bin/env __CF_USER_TEXT_ENCODING=0x1F5:0x0:0x52 /opt/miniconda3/envs/ros_env/bin/python3.11 -W ignore:setup.py install is deprecated setup.py egg_info --egg-base ../../build/cpmr_ch12 build --build-base /Users/mafu/Library/CloudStorage/GoogleDrive-mafu@my.yorku.ca/Other computers/My Laptop/E:/0.2 Fall 2024/EECS_4421_Robotics/Labs/Lab2/CPMR3/ros2_ws/build/cpmr_ch12/build install --record /Users/mafu/Library/CloudStorage/GoogleDrive-mafu@my.yorku.ca/Other computers/My Laptop/E:/0.2 Fall 2024/EECS_4421_Robotics/Labs/Lab2/CPMR3/ros2_ws/build/cpmr_ch12/install.log --single-version-externally-managed install_data
