/Users/mafu/miniforge3/envs/ros_env/lib/python3.11/site-packages/setuptools/_distutils/dist.py:261: UserWarning: Unknown distribution option: 'tests_require'
  warnings.warn(msg)
running egg_info
writing ../../build/cpmr_ch8/cpmr_ch8.egg-info/PKG-INFO
writing dependency_links to ../../build/cpmr_ch8/cpmr_ch8.egg-info/dependency_links.txt
writing entry points to ../../build/cpmr_ch8/cpmr_ch8.egg-info/entry_points.txt
writing requirements to ../../build/cpmr_ch8/cpmr_ch8.egg-info/requires.txt
writing top-level names to ../../build/cpmr_ch8/cpmr_ch8.egg-info/top_level.txt
reading manifest file '../../build/cpmr_ch8/cpmr_ch8.egg-info/SOURCES.txt'
writing manifest file '../../build/cpmr_ch8/cpmr_ch8.egg-info/SOURCES.txt'
running build
running build_py
running install
running install_lib
creating /Users/mafu/miniforge3/envs/ros_env/lib/python3.11/site-packages/cpmr_ch8
copying /Users/mafu/Library/CloudStorage/GoogleDrive-mafu@my.yorku.ca/Other computers/My Laptop/E:/0.2 Fall 2024/EECS_4421_Robotics/Labs/Lab2/CPMR3/ros2_ws/build/cpmr_ch8/build/lib/cpmr_ch8/view_camera.py -> /Users/mafu/miniforge3/envs/ros_env/lib/python3.11/site-packages/cpmr_ch8
copying /Users/mafu/Library/CloudStorage/GoogleDrive-mafu@my.yorku.ca/Other computers/My Laptop/E:/0.2 Fall 2024/EECS_4421_Robotics/Labs/Lab2/CPMR3/ros2_ws/build/cpmr_ch8/build/lib/cpmr_ch8/__init__.py -> /Users/mafu/miniforge3/envs/ros_env/lib/python3.11/site-packages/cpmr_ch8
copying /Users/mafu/Library/CloudStorage/GoogleDrive-mafu@my.yorku.ca/Other computers/My Laptop/E:/0.2 Fall 2024/EECS_4421_Robotics/Labs/Lab2/CPMR3/ros2_ws/build/cpmr_ch8/build/lib/cpmr_ch8/fsm.py -> /Users/mafu/miniforge3/envs/ros_env/lib/python3.11/site-packages/cpmr_ch8
byte-compiling /Users/mafu/miniforge3/envs/ros_env/lib/python3.11/site-packages/cpmr_ch8/view_camera.py to view_camera.cpython-311.pyc
byte-compiling /Users/mafu/miniforge3/envs/ros_env/lib/python3.11/site-packages/cpmr_ch8/__init__.py to __init__.cpython-311.pyc
byte-compiling /Users/mafu/miniforge3/envs/ros_env/lib/python3.11/site-packages/cpmr_ch8/fsm.py to fsm.cpython-311.pyc
running install_data
copying resource/cpmr_ch8 -> /Users/mafu/miniforge3/envs/ros_env/share/ament_index/resource_index/packages
creating /Users/mafu/miniforge3/envs/ros_env/share/cpmr_ch8
copying package.xml -> /Users/mafu/miniforge3/envs/ros_env/share/cpmr_ch8
copying launch/view-camera-robot.launch.py -> /Users/mafu/miniforge3/envs/ros_env/share/cpmr_ch8
copying urdf/scout-camera.urdf.xacro -> /Users/mafu/miniforge3/envs/ros_env/share/cpmr_ch8
copying urdf/colors.xacro -> /Users/mafu/miniforge3/envs/ros_env/share/cpmr_ch8
running install_egg_info
Copying ../../build/cpmr_ch8/cpmr_ch8.egg-info to /Users/mafu/miniforge3/envs/ros_env/lib/python3.11/site-packages/cpmr_ch8-3.1.0-py3.11.egg-info
running install_scripts
Installing fsm script to /Users/mafu/miniforge3/envs/ros_env/lib/cpmr_ch8
Installing view_camera script to /Users/mafu/miniforge3/envs/ros_env/lib/cpmr_ch8
writing list of installed files to '/Users/mafu/Library/CloudStorage/GoogleDrive-mafu@my.yorku.ca/Other computers/My Laptop/E:/0.2 Fall 2024/EECS_4421_Robotics/Labs/Lab2/CPMR3/ros2_ws/build/cpmr_ch8/install.log'
