[0.479s] Invoking command in '/Users/mafu/Library/CloudStorage/GoogleDrive-mafu@my.yorku.ca/Other computers/My Laptop/E:/0.2 Fall 2024/EECS_4421_Robotics/Labs/Lab2/CPMR3/ros2_ws/src/cpmr_ch8': CONDA_PROMPT_MODIFIER=(ros_env) PYTHONPATH=/Users/mafu/Library/CloudStorage/GoogleDrive-mafu@my.yorku.ca/Other computers/My Laptop/E:/0.2 Fall 2024/EECS_4421_Robotics/Labs/Lab2/CPMR3/ros2_ws/build/cpmr_ch8/prefix_override:/Users/mafu/miniforge3/envs/ros_env/lib/python3.11/site-packages/colcon_core/task/python/colcon_distutils_commands:/Users/mafu/Library/CloudStorage/GoogleDrive-mafu@my.yorku.ca/Other computers/My Laptop/E:/0.2 Fall 2024/EECS_4421_Robotics/Labs/Lab2/CPMR3/ros2_ws/install/cpmr_ch8/lib/python3.11/site-packages:${PYTHONPATH} SHLVL=2 _=/Users/mafu/miniforge3/envs/ros_env/bin/env __CF_USER_TEXT_ENCODING=0x1F5:0x0:0x52 /Users/mafu/miniforge3/envs/ros_env/bin/python3.11 -W ignore:setup.py install is deprecated setup.py egg_info --egg-base ../../build/cpmr_ch8 build --build-base /Users/mafu/Library/CloudStorage/GoogleDrive-mafu@my.yorku.ca/Other computers/My Laptop/E:/0.2 Fall 2024/EECS_4421_Robotics/Labs/Lab2/CPMR3/ros2_ws/build/cpmr_ch8/build install --record /Users/mafu/Library/CloudStorage/GoogleDrive-mafu@my.yorku.ca/Other computers/My Laptop/E:/0.2 Fall 2024/EECS_4421_Robotics/Labs/Lab2/CPMR3/ros2_ws/build/cpmr_ch8/install.log --single-version-externally-managed install_data
[0.575s] /Users/mafu/miniforge3/envs/ros_env/lib/python3.11/site-packages/setuptools/_distutils/dist.py:261: UserWarning: Unknown distribution option: 'tests_require'
[0.575s]   warnings.warn(msg)
[0.635s] running egg_info
[0.645s] writing ../../build/cpmr_ch8/cpmr_ch8.egg-info/PKG-INFO
[0.647s] writing dependency_links to ../../build/cpmr_ch8/cpmr_ch8.egg-info/dependency_links.txt
[0.647s] writing entry points to ../../build/cpmr_ch8/cpmr_ch8.egg-info/entry_points.txt
[0.648s] writing requirements to ../../build/cpmr_ch8/cpmr_ch8.egg-info/requires.txt
[0.648s] writing top-level names to ../../build/cpmr_ch8/cpmr_ch8.egg-info/top_level.txt
[0.668s] reading manifest file '../../build/cpmr_ch8/cpmr_ch8.egg-info/SOURCES.txt'
[0.669s] writing manifest file '../../build/cpmr_ch8/cpmr_ch8.egg-info/SOURCES.txt'
[0.669s] running build
[0.669s] running build_py
[0.670s] running install
[0.674s] running install_lib
[0.684s] creating /Users/mafu/miniforge3/envs/ros_env/lib/python3.11/site-packages/cpmr_ch8
[0.684s] copying /Users/mafu/Library/CloudStorage/GoogleDrive-mafu@my.yorku.ca/Other computers/My Laptop/E:/0.2 Fall 2024/EECS_4421_Robotics/Labs/Lab2/CPMR3/ros2_ws/build/cpmr_ch8/build/lib/cpmr_ch8/view_camera.py -> /Users/mafu/miniforge3/envs/ros_env/lib/python3.11/site-packages/cpmr_ch8
[0.685s] copying /Users/mafu/Library/CloudStorage/GoogleDrive-mafu@my.yorku.ca/Other computers/My Laptop/E:/0.2 Fall 2024/EECS_4421_Robotics/Labs/Lab2/CPMR3/ros2_ws/build/cpmr_ch8/build/lib/cpmr_ch8/__init__.py -> /Users/mafu/miniforge3/envs/ros_env/lib/python3.11/site-packages/cpmr_ch8
[0.685s] copying /Users/mafu/Library/CloudStorage/GoogleDrive-mafu@my.yorku.ca/Other computers/My Laptop/E:/0.2 Fall 2024/EECS_4421_Robotics/Labs/Lab2/CPMR3/ros2_ws/build/cpmr_ch8/build/lib/cpmr_ch8/fsm.py -> /Users/mafu/miniforge3/envs/ros_env/lib/python3.11/site-packages/cpmr_ch8
[0.686s] byte-compiling /Users/mafu/miniforge3/envs/ros_env/lib/python3.11/site-packages/cpmr_ch8/view_camera.py to view_camera.cpython-311.pyc
[0.686s] byte-compiling /Users/mafu/miniforge3/envs/ros_env/lib/python3.11/site-packages/cpmr_ch8/__init__.py to __init__.cpython-311.pyc
[0.687s] byte-compiling /Users/mafu/miniforge3/envs/ros_env/lib/python3.11/site-packages/cpmr_ch8/fsm.py to fsm.cpython-311.pyc
[0.688s] running install_data
[0.688s] copying resource/cpmr_ch8 -> /Users/mafu/miniforge3/envs/ros_env/share/ament_index/resource_index/packages
[0.688s] creating /Users/mafu/miniforge3/envs/ros_env/share/cpmr_ch8
[0.688s] copying package.xml -> /Users/mafu/miniforge3/envs/ros_env/share/cpmr_ch8
[0.689s] copying launch/view-camera-robot.launch.py -> /Users/mafu/miniforge3/envs/ros_env/share/cpmr_ch8
[0.689s] copying urdf/scout-camera.urdf.xacro -> /Users/mafu/miniforge3/envs/ros_env/share/cpmr_ch8
[0.690s] copying urdf/colors.xacro -> /Users/mafu/miniforge3/envs/ros_env/share/cpmr_ch8
[0.690s] running install_egg_info
[0.703s] Copying ../../build/cpmr_ch8/cpmr_ch8.egg-info to /Users/mafu/miniforge3/envs/ros_env/lib/python3.11/site-packages/cpmr_ch8-3.1.0-py3.11.egg-info
[0.704s] running install_scripts
[0.771s] Installing fsm script to /Users/mafu/miniforge3/envs/ros_env/lib/cpmr_ch8
[0.771s] Installing view_camera script to /Users/mafu/miniforge3/envs/ros_env/lib/cpmr_ch8
[0.772s] writing list of installed files to '/Users/mafu/Library/CloudStorage/GoogleDrive-mafu@my.yorku.ca/Other computers/My Laptop/E:/0.2 Fall 2024/EECS_4421_Robotics/Labs/Lab2/CPMR3/ros2_ws/build/cpmr_ch8/install.log'
[0.791s] Invoked command in '/Users/mafu/Library/CloudStorage/GoogleDrive-mafu@my.yorku.ca/Other computers/My Laptop/E:/0.2 Fall 2024/EECS_4421_Robotics/Labs/Lab2/CPMR3/ros2_ws/src/cpmr_ch8' returned '0': CONDA_PROMPT_MODIFIER=(ros_env) PYTHONPATH=/Users/mafu/Library/CloudStorage/GoogleDrive-mafu@my.yorku.ca/Other computers/My Laptop/E:/0.2 Fall 2024/EECS_4421_Robotics/Labs/Lab2/CPMR3/ros2_ws/build/cpmr_ch8/prefix_override:/Users/mafu/miniforge3/envs/ros_env/lib/python3.11/site-packages/colcon_core/task/python/colcon_distutils_commands:/Users/mafu/Library/CloudStorage/GoogleDrive-mafu@my.yorku.ca/Other computers/My Laptop/E:/0.2 Fall 2024/EECS_4421_Robotics/Labs/Lab2/CPMR3/ros2_ws/install/cpmr_ch8/lib/python3.11/site-packages:${PYTHONPATH} SHLVL=2 _=/Users/mafu/miniforge3/envs/ros_env/bin/env __CF_USER_TEXT_ENCODING=0x1F5:0x0:0x52 /Users/mafu/miniforge3/envs/ros_env/bin/python3.11 -W ignore:setup.py install is deprecated setup.py egg_info --egg-base ../../build/cpmr_ch8 build --build-base /Users/mafu/Library/CloudStorage/GoogleDrive-mafu@my.yorku.ca/Other computers/My Laptop/E:/0.2 Fall 2024/EECS_4421_Robotics/Labs/Lab2/CPMR3/ros2_ws/build/cpmr_ch8/build install --record /Users/mafu/Library/CloudStorage/GoogleDrive-mafu@my.yorku.ca/Other computers/My Laptop/E:/0.2 Fall 2024/EECS_4421_Robotics/Labs/Lab2/CPMR3/ros2_ws/build/cpmr_ch8/install.log --single-version-externally-managed install_data
