[5.148s] Invoking command in '/Users/mafu/Desktop/robotics/Lab8/ros2_ws/src/cpmr_ch12': CONDA_PROMPT_MODIFIER=(ros_env) PYTHONPATH=/Users/mafu/Desktop/robotics/Lab8/ros2_ws/build/cpmr_ch12/prefix_override:/Users/mafu/miniforge3/envs/ros_env/lib/python3.10/site-packages/colcon_core/task/python/colcon_distutils_commands:/Users/mafu/Desktop/robotics/Lab8/ros2_ws/install/cpmr_ch12/lib/python3.10/site-packages:${PYTHONPATH} SHLVL=2 _=/Users/mafu/miniforge3/envs/ros_env/bin/env __CF_USER_TEXT_ENCODING=0x1F5:0x0:0x0 /Users/mafu/miniforge3/envs/ros_env/bin/python3.10 -W ignore:setup.py install is deprecated setup.py egg_info --egg-base ../../build/cpmr_ch12 build --build-base /Users/mafu/Desktop/robotics/Lab8/ros2_ws/build/cpmr_ch12/build install --record /Users/mafu/Desktop/robotics/Lab8/ros2_ws/build/cpmr_ch12/install.log --single-version-externally-managed install_data
[6.555s] running egg_info
[6.628s] writing ../../build/cpmr_ch12/cpmr_ch12.egg-info/PKG-INFO
[6.688s] writing dependency_links to ../../build/cpmr_ch12/cpmr_ch12.egg-info/dependency_links.txt
[6.828s] writing entry points to ../../build/cpmr_ch12/cpmr_ch12.egg-info/entry_points.txt
[6.972s] writing requirements to ../../build/cpmr_ch12/cpmr_ch12.egg-info/requires.txt
[7.034s] writing top-level names to ../../build/cpmr_ch12/cpmr_ch12.egg-info/top_level.txt
[7.156s] reading manifest file '../../build/cpmr_ch12/cpmr_ch12.egg-info/SOURCES.txt'
[7.160s] writing manifest file '../../build/cpmr_ch12/cpmr_ch12.egg-info/SOURCES.txt'
[7.160s] running build
[7.160s] running build_py
[7.164s] running install
[7.171s] running install_lib
[7.245s] running install_data
[7.245s] running install_egg_info
[7.347s] removing '/Users/mafu/Desktop/robotics/Lab8/ros2_ws/install/cpmr_ch12/lib/python3.10/site-packages/cpmr_ch12-3.1.0-py3.10.egg-info' (and everything under it)
[7.347s] Copying ../../build/cpmr_ch12/cpmr_ch12.egg-info to /Users/mafu/Desktop/robotics/Lab8/ros2_ws/install/cpmr_ch12/lib/python3.10/site-packages/cpmr_ch12-3.1.0-py3.10.egg-info
[7.364s] running install_scripts
[7.988s] Installing opencv_camera script to /Users/mafu/Desktop/robotics/Lab8/ros2_ws/install/cpmr_ch12/lib/cpmr_ch12
[7.988s] Installing yolo_pose script to /Users/mafu/Desktop/robotics/Lab8/ros2_ws/install/cpmr_ch12/lib/cpmr_ch12
[7.988s] writing list of installed files to '/Users/mafu/Desktop/robotics/Lab8/ros2_ws/build/cpmr_ch12/install.log'
[7.999s] Invoked command in '/Users/mafu/Desktop/robotics/Lab8/ros2_ws/src/cpmr_ch12' returned '0': CONDA_PROMPT_MODIFIER=(ros_env) PYTHONPATH=/Users/mafu/Desktop/robotics/Lab8/ros2_ws/build/cpmr_ch12/prefix_override:/Users/mafu/miniforge3/envs/ros_env/lib/python3.10/site-packages/colcon_core/task/python/colcon_distutils_commands:/Users/mafu/Desktop/robotics/Lab8/ros2_ws/install/cpmr_ch12/lib/python3.10/site-packages:${PYTHONPATH} SHLVL=2 _=/Users/mafu/miniforge3/envs/ros_env/bin/env __CF_USER_TEXT_ENCODING=0x1F5:0x0:0x0 /Users/mafu/miniforge3/envs/ros_env/bin/python3.10 -W ignore:setup.py install is deprecated setup.py egg_info --egg-base ../../build/cpmr_ch12 build --build-base /Users/mafu/Desktop/robotics/Lab8/ros2_ws/build/cpmr_ch12/build install --record /Users/mafu/Desktop/robotics/Lab8/ros2_ws/build/cpmr_ch12/install.log --single-version-externally-managed install_data
