[4.663s] Invoking command in '/Users/mafu/Library/CloudStorage/GoogleDrive-mafu@my.yorku.ca/Other computers/My Laptop/E:/0.2 Fall 2024/EECS_4421_Robotics/Labs/Lab2/CPMR3/ros2_ws/src/cpmr_ch5': CONDA_PROMPT_MODIFIER=(ros2) PYTHONPATH=/Users/mafu/Library/CloudStorage/GoogleDrive-mafu@my.yorku.ca/Other computers/My Laptop/E:/0.2 Fall 2024/EECS_4421_Robotics/Labs/Lab2/CPMR3/ros2_ws/build/cpmr_ch5/prefix_override:/Users/mafu/miniforge3/envs/ros2/lib/python3.10/site-packages/colcon_core/task/python/colcon_distutils_commands:/Users/mafu/Library/CloudStorage/GoogleDrive-mafu@my.yorku.ca/Other computers/My Laptop/E:/0.2 Fall 2024/EECS_4421_Robotics/Labs/Lab2/CPMR3/ros2_ws/install/cpmr_ch5/lib/python3.10/site-packages:${PYTHONPATH} SHLVL=2 _=/Users/mafu/miniforge3/envs/ros2/bin/env __CF_USER_TEXT_ENCODING=0x1F5:0x0:0x52 /Users/mafu/miniforge3/envs/ros2/bin/python3.10 -W ignore:setup.py install is deprecated setup.py egg_info --egg-base ../../build/cpmr_ch5 build --build-base /Users/mafu/Library/CloudStorage/GoogleDrive-mafu@my.yorku.ca/Other computers/My Laptop/E:/0.2 Fall 2024/EECS_4421_Robotics/Labs/Lab2/CPMR3/ros2_ws/build/cpmr_ch5/build install --record /Users/mafu/Library/CloudStorage/GoogleDrive-mafu@my.yorku.ca/Other computers/My Laptop/E:/0.2 Fall 2024/EECS_4421_Robotics/Labs/Lab2/CPMR3/ros2_ws/build/cpmr_ch5/install.log --single-version-externally-managed install_data
[5.552s] running egg_info
[5.632s] writing ../../build/cpmr_ch5/cpmr_ch5.egg-info/PKG-INFO
[5.672s] writing dependency_links to ../../build/cpmr_ch5/cpmr_ch5.egg-info/dependency_links.txt
[5.793s] writing entry points to ../../build/cpmr_ch5/cpmr_ch5.egg-info/entry_points.txt
[5.878s] writing requirements to ../../build/cpmr_ch5/cpmr_ch5.egg-info/requires.txt
[5.927s] writing top-level names to ../../build/cpmr_ch5/cpmr_ch5.egg-info/top_level.txt
[5.996s] reading manifest file '../../build/cpmr_ch5/cpmr_ch5.egg-info/SOURCES.txt'
[5.996s] writing manifest file '../../build/cpmr_ch5/cpmr_ch5.egg-info/SOURCES.txt'
[5.996s] running build
[5.996s] running build_py
[5.997s] running install
[5.997s] running install_lib
[6.059s] running install_data
[6.062s] running install_egg_info
[6.138s] removing '/Users/mafu/miniforge3/envs/ros2/lib/python3.10/site-packages/cpmr_ch5-3.1.0-py3.10.egg-info' (and everything under it)
[6.141s] Copying ../../build/cpmr_ch5/cpmr_ch5.egg-info to /Users/mafu/miniforge3/envs/ros2/lib/python3.10/site-packages/cpmr_ch5-3.1.0-py3.10.egg-info
[6.143s] running install_scripts
[6.359s] Installing aruco_target script to /Users/mafu/miniforge3/envs/ros2/lib/cpmr_ch5
[6.360s] Installing canny_edges script to /Users/mafu/miniforge3/envs/ros2/lib/cpmr_ch5
[6.360s] Installing good_features script to /Users/mafu/miniforge3/envs/ros2/lib/cpmr_ch5
[6.360s] Installing harris_corners script to /Users/mafu/miniforge3/envs/ros2/lib/cpmr_ch5
[6.360s] Installing opencv_camera script to /Users/mafu/miniforge3/envs/ros2/lib/cpmr_ch5
[6.360s] Installing view_camera script to /Users/mafu/miniforge3/envs/ros2/lib/cpmr_ch5
[6.361s] writing list of installed files to '/Users/mafu/Library/CloudStorage/GoogleDrive-mafu@my.yorku.ca/Other computers/My Laptop/E:/0.2 Fall 2024/EECS_4421_Robotics/Labs/Lab2/CPMR3/ros2_ws/build/cpmr_ch5/install.log'
[6.384s] Invoked command in '/Users/mafu/Library/CloudStorage/GoogleDrive-mafu@my.yorku.ca/Other computers/My Laptop/E:/0.2 Fall 2024/EECS_4421_Robotics/Labs/Lab2/CPMR3/ros2_ws/src/cpmr_ch5' returned '0': CONDA_PROMPT_MODIFIER=(ros2) PYTHONPATH=/Users/mafu/Library/CloudStorage/GoogleDrive-mafu@my.yorku.ca/Other computers/My Laptop/E:/0.2 Fall 2024/EECS_4421_Robotics/Labs/Lab2/CPMR3/ros2_ws/build/cpmr_ch5/prefix_override:/Users/mafu/miniforge3/envs/ros2/lib/python3.10/site-packages/colcon_core/task/python/colcon_distutils_commands:/Users/mafu/Library/CloudStorage/GoogleDrive-mafu@my.yorku.ca/Other computers/My Laptop/E:/0.2 Fall 2024/EECS_4421_Robotics/Labs/Lab2/CPMR3/ros2_ws/install/cpmr_ch5/lib/python3.10/site-packages:${PYTHONPATH} SHLVL=2 _=/Users/mafu/miniforge3/envs/ros2/bin/env __CF_USER_TEXT_ENCODING=0x1F5:0x0:0x52 /Users/mafu/miniforge3/envs/ros2/bin/python3.10 -W ignore:setup.py install is deprecated setup.py egg_info --egg-base ../../build/cpmr_ch5 build --build-base /Users/mafu/Library/CloudStorage/GoogleDrive-mafu@my.yorku.ca/Other computers/My Laptop/E:/0.2 Fall 2024/EECS_4421_Robotics/Labs/Lab2/CPMR3/ros2_ws/build/cpmr_ch5/build install --record /Users/mafu/Library/CloudStorage/GoogleDrive-mafu@my.yorku.ca/Other computers/My Laptop/E:/0.2 Fall 2024/EECS_4421_Robotics/Labs/Lab2/CPMR3/ros2_ws/build/cpmr_ch5/install.log --single-version-externally-managed install_data
