/opt/miniconda3/envs/ros_env/lib/python3.11/site-packages/setuptools/_distutils/dist.py:261: UserWarning: Unknown distribution option: 'tests_require'
  warnings.warn(msg)
running egg_info
writing ../../build/cpmr_apb/cpmr_apb.egg-info/PKG-INFO
writing dependency_links to ../../build/cpmr_apb/cpmr_apb.egg-info/dependency_links.txt
writing entry points to ../../build/cpmr_apb/cpmr_apb.egg-info/entry_points.txt
writing requirements to ../../build/cpmr_apb/cpmr_apb.egg-info/requires.txt
writing top-level names to ../../build/cpmr_apb/cpmr_apb.egg-info/top_level.txt
reading manifest file '../../build/cpmr_apb/cpmr_apb.egg-info/SOURCES.txt'
writing manifest file '../../build/cpmr_apb/cpmr_apb.egg-info/SOURCES.txt'
running build
running build_py
copying cpmr_apb/depopulate.py -> /Users/mafu/Library/CloudStorage/GoogleDrive-mafu@my.yorku.ca/Other computers/My Laptop/E:/0.2 Fall 2024/EECS_4421_Robotics/Labs/Lab2/CPMR3/ros2_ws/build/cpmr_apb/build/lib/cpmr_apb
copying cpmr_apb/__init__.py -> /Users/mafu/Library/CloudStorage/GoogleDrive-mafu@my.yorku.ca/Other computers/My Laptop/E:/0.2 Fall 2024/EECS_4421_Robotics/Labs/Lab2/CPMR3/ros2_ws/build/cpmr_apb/build/lib/cpmr_apb
copying cpmr_apb/populate.py -> /Users/mafu/Library/CloudStorage/GoogleDrive-mafu@my.yorku.ca/Other computers/My Laptop/E:/0.2 Fall 2024/EECS_4421_Robotics/Labs/Lab2/CPMR3/ros2_ws/build/cpmr_apb/build/lib/cpmr_apb
running install
running install_lib
creating /opt/miniconda3/envs/ros_env/lib/python3.11/site-packages/cpmr_apb
copying /Users/mafu/Library/CloudStorage/GoogleDrive-mafu@my.yorku.ca/Other computers/My Laptop/E:/0.2 Fall 2024/EECS_4421_Robotics/Labs/Lab2/CPMR3/ros2_ws/build/cpmr_apb/build/lib/cpmr_apb/depopulate.py -> /opt/miniconda3/envs/ros_env/lib/python3.11/site-packages/cpmr_apb
copying /Users/mafu/Library/CloudStorage/GoogleDrive-mafu@my.yorku.ca/Other computers/My Laptop/E:/0.2 Fall 2024/EECS_4421_Robotics/Labs/Lab2/CPMR3/ros2_ws/build/cpmr_apb/build/lib/cpmr_apb/__init__.py -> /opt/miniconda3/envs/ros_env/lib/python3.11/site-packages/cpmr_apb
copying /Users/mafu/Library/CloudStorage/GoogleDrive-mafu@my.yorku.ca/Other computers/My Laptop/E:/0.2 Fall 2024/EECS_4421_Robotics/Labs/Lab2/CPMR3/ros2_ws/build/cpmr_apb/build/lib/cpmr_apb/populate.py -> /opt/miniconda3/envs/ros_env/lib/python3.11/site-packages/cpmr_apb
byte-compiling /opt/miniconda3/envs/ros_env/lib/python3.11/site-packages/cpmr_apb/depopulate.py to depopulate.cpython-311.pyc
byte-compiling /opt/miniconda3/envs/ros_env/lib/python3.11/site-packages/cpmr_apb/__init__.py to __init__.cpython-311.pyc
byte-compiling /opt/miniconda3/envs/ros_env/lib/python3.11/site-packages/cpmr_apb/populate.py to populate.cpython-311.pyc
running install_data
copying resource/cpmr_apb -> /opt/miniconda3/envs/ros_env/share/ament_index/resource_index/packages
creating /opt/miniconda3/envs/ros_env/share/cpmr_apb
copying package.xml -> /opt/miniconda3/envs/ros_env/share/cpmr_apb
copying launch/gazebo.launch.py -> /opt/miniconda3/envs/ros_env/share/cpmr_apb
copying urdf/blockrobot.urdf -> /opt/miniconda3/envs/ros_env/share/cpmr_apb
running install_egg_info
Copying ../../build/cpmr_apb/cpmr_apb.egg-info to /opt/miniconda3/envs/ros_env/lib/python3.11/site-packages/cpmr_apb-3.1.0-py3.11.egg-info
running install_scripts
Installing depopulate_world script to /opt/miniconda3/envs/ros_env/lib/cpmr_apb
Installing populate_world script to /opt/miniconda3/envs/ros_env/lib/cpmr_apb
writing list of installed files to '/Users/mafu/Library/CloudStorage/GoogleDrive-mafu@my.yorku.ca/Other computers/My Laptop/E:/0.2 Fall 2024/EECS_4421_Robotics/Labs/Lab2/CPMR3/ros2_ws/build/cpmr_apb/install.log'
