[1.765s] Invoking command in '/Users/mafu/Desktop/robotics/Assignment3/ros2_ws/src/cpmr_ch8': CONDA_PROMPT_MODIFIER=(ros_env) PYTHONPATH=/Users/mafu/Desktop/robotics/Assignment3/ros2_ws/build/cpmr_ch8/prefix_override:/Users/mafu/miniforge3/envs/ros_env/lib/python3.10/site-packages/colcon_core/task/python/colcon_distutils_commands:/Users/mafu/Desktop/robotics/Assignment3/ros2_ws/install/cpmr_ch8/lib/python3.10/site-packages:${PYTHONPATH} SHLVL=2 _=/Users/mafu/miniforge3/envs/ros_env/bin/env /Users/mafu/miniforge3/envs/ros_env/bin/python3.10 -W ignore:setup.py install is deprecated setup.py egg_info --egg-base ../../build/cpmr_ch8 build --build-base /Users/mafu/Desktop/robotics/Assignment3/ros2_ws/build/cpmr_ch8/build install --record /Users/mafu/Desktop/robotics/Assignment3/ros2_ws/build/cpmr_ch8/install.log --single-version-externally-managed install_data
[2.586s] running egg_info
[2.643s] writing ../../build/cpmr_ch8/cpmr_ch8.egg-info/PKG-INFO
[2.686s] writing dependency_links to ../../build/cpmr_ch8/cpmr_ch8.egg-info/dependency_links.txt
[2.822s] writing entry points to ../../build/cpmr_ch8/cpmr_ch8.egg-info/entry_points.txt
[2.908s] writing requirements to ../../build/cpmr_ch8/cpmr_ch8.egg-info/requires.txt
[2.953s] writing top-level names to ../../build/cpmr_ch8/cpmr_ch8.egg-info/top_level.txt
[3.028s] reading manifest file '../../build/cpmr_ch8/cpmr_ch8.egg-info/SOURCES.txt'
[3.029s] writing manifest file '../../build/cpmr_ch8/cpmr_ch8.egg-info/SOURCES.txt'
[3.030s] running build
[3.030s] running build_py
[3.030s] copying cpmr_ch8/find_path.py -> /Users/mafu/Desktop/robotics/Assignment3/ros2_ws/build/cpmr_ch8/build/lib/cpmr_ch8
[3.031s] running install
[3.036s] running install_lib
[3.094s] copying /Users/mafu/Desktop/robotics/Assignment3/ros2_ws/build/cpmr_ch8/build/lib/cpmr_ch8/find_path.py -> /Users/mafu/Desktop/robotics/Assignment3/ros2_ws/install/cpmr_ch8/lib/python3.10/site-packages/cpmr_ch8
[3.095s] byte-compiling /Users/mafu/Desktop/robotics/Assignment3/ros2_ws/install/cpmr_ch8/lib/python3.10/site-packages/cpmr_ch8/find_path.py to find_path.cpython-310.pyc
[3.098s] running install_data
[3.098s] running install_egg_info
[3.158s] removing '/Users/mafu/Desktop/robotics/Assignment3/ros2_ws/install/cpmr_ch8/lib/python3.10/site-packages/cpmr_ch8-3.1.0-py3.10.egg-info' (and everything under it)
[3.159s] Copying ../../build/cpmr_ch8/cpmr_ch8.egg-info to /Users/mafu/Desktop/robotics/Assignment3/ros2_ws/install/cpmr_ch8/lib/python3.10/site-packages/cpmr_ch8-3.1.0-py3.10.egg-info
[3.162s] running install_scripts
[3.299s] Installing drive_to_goal script to /Users/mafu/Desktop/robotics/Assignment3/ros2_ws/install/cpmr_ch8/lib/cpmr_ch8
[3.299s] Installing find_path script to /Users/mafu/Desktop/robotics/Assignment3/ros2_ws/install/cpmr_ch8/lib/cpmr_ch8
[3.299s] Installing fsm script to /Users/mafu/Desktop/robotics/Assignment3/ros2_ws/install/cpmr_ch8/lib/cpmr_ch8
[3.300s] Installing subsumption script to /Users/mafu/Desktop/robotics/Assignment3/ros2_ws/install/cpmr_ch8/lib/cpmr_ch8
[3.300s] Installing view_camera script to /Users/mafu/Desktop/robotics/Assignment3/ros2_ws/install/cpmr_ch8/lib/cpmr_ch8
[3.300s] writing list of installed files to '/Users/mafu/Desktop/robotics/Assignment3/ros2_ws/build/cpmr_ch8/install.log'
[3.324s] Invoked command in '/Users/mafu/Desktop/robotics/Assignment3/ros2_ws/src/cpmr_ch8' returned '0': CONDA_PROMPT_MODIFIER=(ros_env) PYTHONPATH=/Users/mafu/Desktop/robotics/Assignment3/ros2_ws/build/cpmr_ch8/prefix_override:/Users/mafu/miniforge3/envs/ros_env/lib/python3.10/site-packages/colcon_core/task/python/colcon_distutils_commands:/Users/mafu/Desktop/robotics/Assignment3/ros2_ws/install/cpmr_ch8/lib/python3.10/site-packages:${PYTHONPATH} SHLVL=2 _=/Users/mafu/miniforge3/envs/ros_env/bin/env /Users/mafu/miniforge3/envs/ros_env/bin/python3.10 -W ignore:setup.py install is deprecated setup.py egg_info --egg-base ../../build/cpmr_ch8 build --build-base /Users/mafu/Desktop/robotics/Assignment3/ros2_ws/build/cpmr_ch8/build install --record /Users/mafu/Desktop/robotics/Assignment3/ros2_ws/build/cpmr_ch8/install.log --single-version-externally-managed install_data
