[1.265s] Invoking command in '/Users/mafu/Desktop/EECS_4421_Robotics/Labs/Lab3/CPMR3/ros2_ws/src/cpmr_ch8': CONDA_PROMPT_MODIFIER=(ros2) PYTHONPATH=/Users/mafu/Desktop/EECS_4421_Robotics/Labs/Lab3/CPMR3/ros2_ws/build/cpmr_ch8/prefix_override:/Users/mafu/miniconda3/envs/ros2/lib/python3.10/site-packages/colcon_core/task/python/colcon_distutils_commands:/Users/mafu/Desktop/EECS_4421_Robotics/Labs/Lab3/CPMR3/ros2_ws/install/cpmr_ch8/lib/python3.10/site-packages:${PYTHONPATH} SHLVL=2 _=/Users/mafu/miniconda3/envs/ros2/bin/env __CF_USER_TEXT_ENCODING=0x1F5:0x0:0x52 /Users/mafu/miniconda3/envs/ros2/bin/python3.10 -W ignore:setup.py install is deprecated setup.py egg_info --egg-base ../../build/cpmr_ch8 build --build-base /Users/mafu/Desktop/EECS_4421_Robotics/Labs/Lab3/CPMR3/ros2_ws/build/cpmr_ch8/build install --record /Users/mafu/Desktop/EECS_4421_Robotics/Labs/Lab3/CPMR3/ros2_ws/build/cpmr_ch8/install.log --single-version-externally-managed install_data
[1.776s] running egg_info
[1.811s] writing ../../build/cpmr_ch8/cpmr_ch8.egg-info/PKG-INFO
[1.839s] writing dependency_links to ../../build/cpmr_ch8/cpmr_ch8.egg-info/dependency_links.txt
[1.928s] writing entry points to ../../build/cpmr_ch8/cpmr_ch8.egg-info/entry_points.txt
[1.984s] writing requirements to ../../build/cpmr_ch8/cpmr_ch8.egg-info/requires.txt
[2.012s] writing top-level names to ../../build/cpmr_ch8/cpmr_ch8.egg-info/top_level.txt
[2.062s] reading manifest file '../../build/cpmr_ch8/cpmr_ch8.egg-info/SOURCES.txt'
[2.063s] writing manifest file '../../build/cpmr_ch8/cpmr_ch8.egg-info/SOURCES.txt'
[2.064s] running build
[2.065s] running build_py
[2.065s] running install
[2.068s] running install_lib
[2.108s] running install_data
[2.108s] running install_egg_info
[2.152s] removing '/Users/mafu/Desktop/EECS_4421_Robotics/Labs/Lab3/CPMR3/ros2_ws/install/cpmr_ch8/lib/python3.10/site-packages/cpmr_ch8-3.1.0-py3.10.egg-info' (and everything under it)
[2.153s] Copying ../../build/cpmr_ch8/cpmr_ch8.egg-info to /Users/mafu/Desktop/EECS_4421_Robotics/Labs/Lab3/CPMR3/ros2_ws/install/cpmr_ch8/lib/python3.10/site-packages/cpmr_ch8-3.1.0-py3.10.egg-info
[2.155s] running install_scripts
[2.242s] Installing fsm script to /Users/mafu/Desktop/EECS_4421_Robotics/Labs/Lab3/CPMR3/ros2_ws/install/cpmr_ch8/lib/cpmr_ch8
[2.243s] Installing view_camera script to /Users/mafu/Desktop/EECS_4421_Robotics/Labs/Lab3/CPMR3/ros2_ws/install/cpmr_ch8/lib/cpmr_ch8
[2.243s] writing list of installed files to '/Users/mafu/Desktop/EECS_4421_Robotics/Labs/Lab3/CPMR3/ros2_ws/build/cpmr_ch8/install.log'
[2.265s] Invoked command in '/Users/mafu/Desktop/EECS_4421_Robotics/Labs/Lab3/CPMR3/ros2_ws/src/cpmr_ch8' returned '0': CONDA_PROMPT_MODIFIER=(ros2) PYTHONPATH=/Users/mafu/Desktop/EECS_4421_Robotics/Labs/Lab3/CPMR3/ros2_ws/build/cpmr_ch8/prefix_override:/Users/mafu/miniconda3/envs/ros2/lib/python3.10/site-packages/colcon_core/task/python/colcon_distutils_commands:/Users/mafu/Desktop/EECS_4421_Robotics/Labs/Lab3/CPMR3/ros2_ws/install/cpmr_ch8/lib/python3.10/site-packages:${PYTHONPATH} SHLVL=2 _=/Users/mafu/miniconda3/envs/ros2/bin/env __CF_USER_TEXT_ENCODING=0x1F5:0x0:0x52 /Users/mafu/miniconda3/envs/ros2/bin/python3.10 -W ignore:setup.py install is deprecated setup.py egg_info --egg-base ../../build/cpmr_ch8 build --build-base /Users/mafu/Desktop/EECS_4421_Robotics/Labs/Lab3/CPMR3/ros2_ws/build/cpmr_ch8/build install --record /Users/mafu/Desktop/EECS_4421_Robotics/Labs/Lab3/CPMR3/ros2_ws/build/cpmr_ch8/install.log --single-version-externally-managed install_data
