running egg_info
writing ../../build/cpmr_ch8/cpmr_ch8.egg-info/PKG-INFO
writing dependency_links to ../../build/cpmr_ch8/cpmr_ch8.egg-info/dependency_links.txt
writing entry points to ../../build/cpmr_ch8/cpmr_ch8.egg-info/entry_points.txt
writing requirements to ../../build/cpmr_ch8/cpmr_ch8.egg-info/requires.txt
writing top-level names to ../../build/cpmr_ch8/cpmr_ch8.egg-info/top_level.txt
reading manifest file '../../build/cpmr_ch8/cpmr_ch8.egg-info/SOURCES.txt'
writing manifest file '../../build/cpmr_ch8/cpmr_ch8.egg-info/SOURCES.txt'
running build
running build_py
running install
running install_lib
running install_data
copying launch/subsumption-robot.launch.py -> /Users/mafu/Desktop/robotics/Assignment3/ros2_ws/install/cpmr_ch8/share/cpmr_ch8
running install_egg_info
removing '/Users/mafu/Desktop/robotics/Assignment3/ros2_ws/install/cpmr_ch8/lib/python3.10/site-packages/cpmr_ch8-3.1.0-py3.10.egg-info' (and everything under it)
Copying ../../build/cpmr_ch8/cpmr_ch8.egg-info to /Users/mafu/Desktop/robotics/Assignment3/ros2_ws/install/cpmr_ch8/lib/python3.10/site-packages/cpmr_ch8-3.1.0-py3.10.egg-info
running install_scripts
Installing fsm script to /Users/mafu/Desktop/robotics/Assignment3/ros2_ws/install/cpmr_ch8/lib/cpmr_ch8
Installing subsumption script to /Users/mafu/Desktop/robotics/Assignment3/ros2_ws/install/cpmr_ch8/lib/cpmr_ch8
Installing view_camera script to /Users/mafu/Desktop/robotics/Assignment3/ros2_ws/install/cpmr_ch8/lib/cpmr_ch8
writing list of installed files to '/Users/mafu/Desktop/robotics/Assignment3/ros2_ws/build/cpmr_ch8/install.log'
