running egg_info
creating ../../build/cpmr_ch6/cpmr_ch6.egg-info
writing ../../build/cpmr_ch6/cpmr_ch6.egg-info/PKG-INFO
writing dependency_links to ../../build/cpmr_ch6/cpmr_ch6.egg-info/dependency_links.txt
writing entry points to ../../build/cpmr_ch6/cpmr_ch6.egg-info/entry_points.txt
writing requirements to ../../build/cpmr_ch6/cpmr_ch6.egg-info/requires.txt
writing top-level names to ../../build/cpmr_ch6/cpmr_ch6.egg-info/top_level.txt
writing manifest file '../../build/cpmr_ch6/cpmr_ch6.egg-info/SOURCES.txt'
reading manifest file '../../build/cpmr_ch6/cpmr_ch6.egg-info/SOURCES.txt'
writing manifest file '../../build/cpmr_ch6/cpmr_ch6.egg-info/SOURCES.txt'
running build
running build_py
creating /Users/mafu/Desktop/robotics/Lab9/CPMR3/ros2_ws/build/cpmr_ch6/build
creating /Users/mafu/Desktop/robotics/Lab9/CPMR3/ros2_ws/build/cpmr_ch6/build/lib
creating /Users/mafu/Desktop/robotics/Lab9/CPMR3/ros2_ws/build/cpmr_ch6/build/lib/cpmr_ch6
copying cpmr_ch6/__init__.py -> /Users/mafu/Desktop/robotics/Lab9/CPMR3/ros2_ws/build/cpmr_ch6/build/lib/cpmr_ch6
copying cpmr_ch6/auto_drive_by_road.py -> /Users/mafu/Desktop/robotics/Lab9/CPMR3/ros2_ws/build/cpmr_ch6/build/lib/cpmr_ch6
copying cpmr_ch6/drive_by_line.py -> /Users/mafu/Desktop/robotics/Lab9/CPMR3/ros2_ws/build/cpmr_ch6/build/lib/cpmr_ch6
copying cpmr_ch6/auto_drive_by_line.py -> /Users/mafu/Desktop/robotics/Lab9/CPMR3/ros2_ws/build/cpmr_ch6/build/lib/cpmr_ch6
copying cpmr_ch6/drive_by_road.py -> /Users/mafu/Desktop/robotics/Lab9/CPMR3/ros2_ws/build/cpmr_ch6/build/lib/cpmr_ch6
running install
running install_lib
creating /Users/mafu/Desktop/robotics/Lab9/CPMR3/ros2_ws/install/cpmr_ch6/lib/python3.10/site-packages/cpmr_ch6
copying /Users/mafu/Desktop/robotics/Lab9/CPMR3/ros2_ws/build/cpmr_ch6/build/lib/cpmr_ch6/__init__.py -> /Users/mafu/Desktop/robotics/Lab9/CPMR3/ros2_ws/install/cpmr_ch6/lib/python3.10/site-packages/cpmr_ch6
copying /Users/mafu/Desktop/robotics/Lab9/CPMR3/ros2_ws/build/cpmr_ch6/build/lib/cpmr_ch6/auto_drive_by_road.py -> /Users/mafu/Desktop/robotics/Lab9/CPMR3/ros2_ws/install/cpmr_ch6/lib/python3.10/site-packages/cpmr_ch6
copying /Users/mafu/Desktop/robotics/Lab9/CPMR3/ros2_ws/build/cpmr_ch6/build/lib/cpmr_ch6/drive_by_line.py -> /Users/mafu/Desktop/robotics/Lab9/CPMR3/ros2_ws/install/cpmr_ch6/lib/python3.10/site-packages/cpmr_ch6
copying /Users/mafu/Desktop/robotics/Lab9/CPMR3/ros2_ws/build/cpmr_ch6/build/lib/cpmr_ch6/auto_drive_by_line.py -> /Users/mafu/Desktop/robotics/Lab9/CPMR3/ros2_ws/install/cpmr_ch6/lib/python3.10/site-packages/cpmr_ch6
copying /Users/mafu/Desktop/robotics/Lab9/CPMR3/ros2_ws/build/cpmr_ch6/build/lib/cpmr_ch6/drive_by_road.py -> /Users/mafu/Desktop/robotics/Lab9/CPMR3/ros2_ws/install/cpmr_ch6/lib/python3.10/site-packages/cpmr_ch6
byte-compiling /Users/mafu/Desktop/robotics/Lab9/CPMR3/ros2_ws/install/cpmr_ch6/lib/python3.10/site-packages/cpmr_ch6/__init__.py to __init__.cpython-310.pyc
byte-compiling /Users/mafu/Desktop/robotics/Lab9/CPMR3/ros2_ws/install/cpmr_ch6/lib/python3.10/site-packages/cpmr_ch6/auto_drive_by_road.py to auto_drive_by_road.cpython-310.pyc
byte-compiling /Users/mafu/Desktop/robotics/Lab9/CPMR3/ros2_ws/install/cpmr_ch6/lib/python3.10/site-packages/cpmr_ch6/drive_by_line.py to drive_by_line.cpython-310.pyc
byte-compiling /Users/mafu/Desktop/robotics/Lab9/CPMR3/ros2_ws/install/cpmr_ch6/lib/python3.10/site-packages/cpmr_ch6/auto_drive_by_line.py to auto_drive_by_line.cpython-310.pyc
byte-compiling /Users/mafu/Desktop/robotics/Lab9/CPMR3/ros2_ws/install/cpmr_ch6/lib/python3.10/site-packages/cpmr_ch6/drive_by_road.py to drive_by_road.cpython-310.pyc
running install_data
creating /Users/mafu/Desktop/robotics/Lab9/CPMR3/ros2_ws/install/cpmr_ch6/share/ament_index
creating /Users/mafu/Desktop/robotics/Lab9/CPMR3/ros2_ws/install/cpmr_ch6/share/ament_index/resource_index
creating /Users/mafu/Desktop/robotics/Lab9/CPMR3/ros2_ws/install/cpmr_ch6/share/ament_index/resource_index/packages
copying resource/cpmr_ch6 -> /Users/mafu/Desktop/robotics/Lab9/CPMR3/ros2_ws/install/cpmr_ch6/share/ament_index/resource_index/packages
copying package.xml -> /Users/mafu/Desktop/robotics/Lab9/CPMR3/ros2_ws/install/cpmr_ch6/share/cpmr_ch6
copying launch/drive_by_line.launch.py -> /Users/mafu/Desktop/robotics/Lab9/CPMR3/ros2_ws/install/cpmr_ch6/share/cpmr_ch6
copying launch/drive_by_road.launch.py -> /Users/mafu/Desktop/robotics/Lab9/CPMR3/ros2_ws/install/cpmr_ch6/share/cpmr_ch6
copying launch/auto_drive_by_road.launch.py -> /Users/mafu/Desktop/robotics/Lab9/CPMR3/ros2_ws/install/cpmr_ch6/share/cpmr_ch6
copying launch/auto_drive_by_line.launch.py -> /Users/mafu/Desktop/robotics/Lab9/CPMR3/ros2_ws/install/cpmr_ch6/share/cpmr_ch6
copying urdf/scout-camera.urdf.xacro -> /Users/mafu/Desktop/robotics/Lab9/CPMR3/ros2_ws/install/cpmr_ch6/share/cpmr_ch6
copying urdf/scout-line-follower.urdf.xacro -> /Users/mafu/Desktop/robotics/Lab9/CPMR3/ros2_ws/install/cpmr_ch6/share/cpmr_ch6
copying urdf/colors.xacro -> /Users/mafu/Desktop/robotics/Lab9/CPMR3/ros2_ws/install/cpmr_ch6/share/cpmr_ch6
running install_egg_info
Copying ../../build/cpmr_ch6/cpmr_ch6.egg-info to /Users/mafu/Desktop/robotics/Lab9/CPMR3/ros2_ws/install/cpmr_ch6/lib/python3.10/site-packages/cpmr_ch6-3.1.0-py3.10.egg-info
running install_scripts
Installing auto_drive_by_line script to /Users/mafu/Desktop/robotics/Lab9/CPMR3/ros2_ws/install/cpmr_ch6/lib/cpmr_ch6
Installing auto_drive_by_road script to /Users/mafu/Desktop/robotics/Lab9/CPMR3/ros2_ws/install/cpmr_ch6/lib/cpmr_ch6
Installing drive_by_line script to /Users/mafu/Desktop/robotics/Lab9/CPMR3/ros2_ws/install/cpmr_ch6/lib/cpmr_ch6
Installing drive_by_road script to /Users/mafu/Desktop/robotics/Lab9/CPMR3/ros2_ws/install/cpmr_ch6/lib/cpmr_ch6
writing list of installed files to '/Users/mafu/Desktop/robotics/Lab9/CPMR3/ros2_ws/build/cpmr_ch6/install.log'
