[4.824s] Invoking command in '/Users/mafu/Desktop/robotics/Lab9/CPMR3/ros2_ws/src/cpmr_ch6': CONDA_PROMPT_MODIFIER=(ros_env) PYTHONPATH=/Users/mafu/Desktop/robotics/Lab9/CPMR3/ros2_ws/build/cpmr_ch6/prefix_override:/Users/mafu/miniforge3/envs/ros_env/lib/python3.10/site-packages/colcon_core/task/python/colcon_distutils_commands:/Users/mafu/Desktop/robotics/Lab9/CPMR3/ros2_ws/install/cpmr_ch6/lib/python3.10/site-packages:${PYTHONPATH} SHLVL=2 _=/Users/mafu/miniforge3/envs/ros_env/bin/env __CF_USER_TEXT_ENCODING=0x1F5:0x0:0x0 /Users/mafu/miniforge3/envs/ros_env/bin/python3.10 -W ignore:setup.py install is deprecated setup.py egg_info --egg-base ../../build/cpmr_ch6 build --build-base /Users/mafu/Desktop/robotics/Lab9/CPMR3/ros2_ws/build/cpmr_ch6/build install --record /Users/mafu/Desktop/robotics/Lab9/CPMR3/ros2_ws/build/cpmr_ch6/install.log --single-version-externally-managed install_data
[5.738s] running egg_info
[5.740s] creating ../../build/cpmr_ch6/cpmr_ch6.egg-info
[5.852s] writing ../../build/cpmr_ch6/cpmr_ch6.egg-info/PKG-INFO
[5.881s] writing dependency_links to ../../build/cpmr_ch6/cpmr_ch6.egg-info/dependency_links.txt
[6.048s] writing entry points to ../../build/cpmr_ch6/cpmr_ch6.egg-info/entry_points.txt
[6.149s] writing requirements to ../../build/cpmr_ch6/cpmr_ch6.egg-info/requires.txt
[6.209s] writing top-level names to ../../build/cpmr_ch6/cpmr_ch6.egg-info/top_level.txt
[6.213s] writing manifest file '../../build/cpmr_ch6/cpmr_ch6.egg-info/SOURCES.txt'
[6.304s] reading manifest file '../../build/cpmr_ch6/cpmr_ch6.egg-info/SOURCES.txt'
[6.304s] writing manifest file '../../build/cpmr_ch6/cpmr_ch6.egg-info/SOURCES.txt'
[6.304s] running build
[6.304s] running build_py
[6.304s] creating /Users/mafu/Desktop/robotics/Lab9/CPMR3/ros2_ws/build/cpmr_ch6/build
[6.304s] creating /Users/mafu/Desktop/robotics/Lab9/CPMR3/ros2_ws/build/cpmr_ch6/build/lib
[6.305s] creating /Users/mafu/Desktop/robotics/Lab9/CPMR3/ros2_ws/build/cpmr_ch6/build/lib/cpmr_ch6
[6.306s] copying cpmr_ch6/__init__.py -> /Users/mafu/Desktop/robotics/Lab9/CPMR3/ros2_ws/build/cpmr_ch6/build/lib/cpmr_ch6
[6.306s] copying cpmr_ch6/auto_drive_by_road.py -> /Users/mafu/Desktop/robotics/Lab9/CPMR3/ros2_ws/build/cpmr_ch6/build/lib/cpmr_ch6
[6.306s] copying cpmr_ch6/drive_by_line.py -> /Users/mafu/Desktop/robotics/Lab9/CPMR3/ros2_ws/build/cpmr_ch6/build/lib/cpmr_ch6
[6.306s] copying cpmr_ch6/auto_drive_by_line.py -> /Users/mafu/Desktop/robotics/Lab9/CPMR3/ros2_ws/build/cpmr_ch6/build/lib/cpmr_ch6
[6.306s] copying cpmr_ch6/drive_by_road.py -> /Users/mafu/Desktop/robotics/Lab9/CPMR3/ros2_ws/build/cpmr_ch6/build/lib/cpmr_ch6
[6.307s] running install
[6.307s] running install_lib
[6.391s] creating /Users/mafu/Desktop/robotics/Lab9/CPMR3/ros2_ws/install/cpmr_ch6/lib/python3.10/site-packages/cpmr_ch6
[6.391s] copying /Users/mafu/Desktop/robotics/Lab9/CPMR3/ros2_ws/build/cpmr_ch6/build/lib/cpmr_ch6/__init__.py -> /Users/mafu/Desktop/robotics/Lab9/CPMR3/ros2_ws/install/cpmr_ch6/lib/python3.10/site-packages/cpmr_ch6
[6.391s] copying /Users/mafu/Desktop/robotics/Lab9/CPMR3/ros2_ws/build/cpmr_ch6/build/lib/cpmr_ch6/auto_drive_by_road.py -> /Users/mafu/Desktop/robotics/Lab9/CPMR3/ros2_ws/install/cpmr_ch6/lib/python3.10/site-packages/cpmr_ch6
[6.391s] copying /Users/mafu/Desktop/robotics/Lab9/CPMR3/ros2_ws/build/cpmr_ch6/build/lib/cpmr_ch6/drive_by_line.py -> /Users/mafu/Desktop/robotics/Lab9/CPMR3/ros2_ws/install/cpmr_ch6/lib/python3.10/site-packages/cpmr_ch6
[6.391s] copying /Users/mafu/Desktop/robotics/Lab9/CPMR3/ros2_ws/build/cpmr_ch6/build/lib/cpmr_ch6/auto_drive_by_line.py -> /Users/mafu/Desktop/robotics/Lab9/CPMR3/ros2_ws/install/cpmr_ch6/lib/python3.10/site-packages/cpmr_ch6
[6.396s] copying /Users/mafu/Desktop/robotics/Lab9/CPMR3/ros2_ws/build/cpmr_ch6/build/lib/cpmr_ch6/drive_by_road.py -> /Users/mafu/Desktop/robotics/Lab9/CPMR3/ros2_ws/install/cpmr_ch6/lib/python3.10/site-packages/cpmr_ch6
[6.398s] byte-compiling /Users/mafu/Desktop/robotics/Lab9/CPMR3/ros2_ws/install/cpmr_ch6/lib/python3.10/site-packages/cpmr_ch6/__init__.py to __init__.cpython-310.pyc
[6.398s] byte-compiling /Users/mafu/Desktop/robotics/Lab9/CPMR3/ros2_ws/install/cpmr_ch6/lib/python3.10/site-packages/cpmr_ch6/auto_drive_by_road.py to auto_drive_by_road.cpython-310.pyc
[6.398s] byte-compiling /Users/mafu/Desktop/robotics/Lab9/CPMR3/ros2_ws/install/cpmr_ch6/lib/python3.10/site-packages/cpmr_ch6/drive_by_line.py to drive_by_line.cpython-310.pyc
[6.398s] byte-compiling /Users/mafu/Desktop/robotics/Lab9/CPMR3/ros2_ws/install/cpmr_ch6/lib/python3.10/site-packages/cpmr_ch6/auto_drive_by_line.py to auto_drive_by_line.cpython-310.pyc
[6.400s] byte-compiling /Users/mafu/Desktop/robotics/Lab9/CPMR3/ros2_ws/install/cpmr_ch6/lib/python3.10/site-packages/cpmr_ch6/drive_by_road.py to drive_by_road.cpython-310.pyc
[6.400s] running install_data
[6.400s] creating /Users/mafu/Desktop/robotics/Lab9/CPMR3/ros2_ws/install/cpmr_ch6/share/ament_index
[6.400s] creating /Users/mafu/Desktop/robotics/Lab9/CPMR3/ros2_ws/install/cpmr_ch6/share/ament_index/resource_index
[6.400s] creating /Users/mafu/Desktop/robotics/Lab9/CPMR3/ros2_ws/install/cpmr_ch6/share/ament_index/resource_index/packages
[6.401s] copying resource/cpmr_ch6 -> /Users/mafu/Desktop/robotics/Lab9/CPMR3/ros2_ws/install/cpmr_ch6/share/ament_index/resource_index/packages
[6.401s] copying package.xml -> /Users/mafu/Desktop/robotics/Lab9/CPMR3/ros2_ws/install/cpmr_ch6/share/cpmr_ch6
[6.402s] copying launch/drive_by_line.launch.py -> /Users/mafu/Desktop/robotics/Lab9/CPMR3/ros2_ws/install/cpmr_ch6/share/cpmr_ch6
[6.402s] copying launch/drive_by_road.launch.py -> /Users/mafu/Desktop/robotics/Lab9/CPMR3/ros2_ws/install/cpmr_ch6/share/cpmr_ch6
[6.405s] copying launch/auto_drive_by_road.launch.py -> /Users/mafu/Desktop/robotics/Lab9/CPMR3/ros2_ws/install/cpmr_ch6/share/cpmr_ch6
[6.405s] copying launch/auto_drive_by_line.launch.py -> /Users/mafu/Desktop/robotics/Lab9/CPMR3/ros2_ws/install/cpmr_ch6/share/cpmr_ch6
[6.405s] copying urdf/scout-camera.urdf.xacro -> /Users/mafu/Desktop/robotics/Lab9/CPMR3/ros2_ws/install/cpmr_ch6/share/cpmr_ch6
[6.405s] copying urdf/scout-line-follower.urdf.xacro -> /Users/mafu/Desktop/robotics/Lab9/CPMR3/ros2_ws/install/cpmr_ch6/share/cpmr_ch6
[6.418s] copying urdf/colors.xacro -> /Users/mafu/Desktop/robotics/Lab9/CPMR3/ros2_ws/install/cpmr_ch6/share/cpmr_ch6
[6.418s] running install_egg_info
[6.488s] Copying ../../build/cpmr_ch6/cpmr_ch6.egg-info to /Users/mafu/Desktop/robotics/Lab9/CPMR3/ros2_ws/install/cpmr_ch6/lib/python3.10/site-packages/cpmr_ch6-3.1.0-py3.10.egg-info
[6.498s] running install_scripts
[7.114s] Installing auto_drive_by_line script to /Users/mafu/Desktop/robotics/Lab9/CPMR3/ros2_ws/install/cpmr_ch6/lib/cpmr_ch6
[7.114s] Installing auto_drive_by_road script to /Users/mafu/Desktop/robotics/Lab9/CPMR3/ros2_ws/install/cpmr_ch6/lib/cpmr_ch6
[7.114s] Installing drive_by_line script to /Users/mafu/Desktop/robotics/Lab9/CPMR3/ros2_ws/install/cpmr_ch6/lib/cpmr_ch6
[7.114s] Installing drive_by_road script to /Users/mafu/Desktop/robotics/Lab9/CPMR3/ros2_ws/install/cpmr_ch6/lib/cpmr_ch6
[7.114s] writing list of installed files to '/Users/mafu/Desktop/robotics/Lab9/CPMR3/ros2_ws/build/cpmr_ch6/install.log'
[7.136s] Invoked command in '/Users/mafu/Desktop/robotics/Lab9/CPMR3/ros2_ws/src/cpmr_ch6' returned '0': CONDA_PROMPT_MODIFIER=(ros_env) PYTHONPATH=/Users/mafu/Desktop/robotics/Lab9/CPMR3/ros2_ws/build/cpmr_ch6/prefix_override:/Users/mafu/miniforge3/envs/ros_env/lib/python3.10/site-packages/colcon_core/task/python/colcon_distutils_commands:/Users/mafu/Desktop/robotics/Lab9/CPMR3/ros2_ws/install/cpmr_ch6/lib/python3.10/site-packages:${PYTHONPATH} SHLVL=2 _=/Users/mafu/miniforge3/envs/ros_env/bin/env __CF_USER_TEXT_ENCODING=0x1F5:0x0:0x0 /Users/mafu/miniforge3/envs/ros_env/bin/python3.10 -W ignore:setup.py install is deprecated setup.py egg_info --egg-base ../../build/cpmr_ch6 build --build-base /Users/mafu/Desktop/robotics/Lab9/CPMR3/ros2_ws/build/cpmr_ch6/build install --record /Users/mafu/Desktop/robotics/Lab9/CPMR3/ros2_ws/build/cpmr_ch6/install.log --single-version-externally-managed install_data
