/Users/mafu/Desktop/robotics/Lab8/ros2_ws/install/cpmr_ch8/lib/python3.10/site-packages/cpmr_ch8/view_camera.py
/Users/mafu/Desktop/robotics/Lab8/ros2_ws/install/cpmr_ch8/lib/python3.10/site-packages/cpmr_ch8/__init__.py
/Users/mafu/Desktop/robotics/Lab8/ros2_ws/install/cpmr_ch8/lib/python3.10/site-packages/cpmr_ch8/fsm.py
/Users/mafu/Desktop/robotics/Lab8/ros2_ws/install/cpmr_ch8/lib/python3.10/site-packages/cpmr_ch8/subsumption.py
/Users/mafu/Desktop/robotics/Lab8/ros2_ws/install/cpmr_ch8/lib/python3.10/site-packages/cpmr_ch8/__pycache__/view_camera.cpython-310.pyc
/Users/mafu/Desktop/robotics/Lab8/ros2_ws/install/cpmr_ch8/lib/python3.10/site-packages/cpmr_ch8/__pycache__/__init__.cpython-310.pyc
/Users/mafu/Desktop/robotics/Lab8/ros2_ws/install/cpmr_ch8/lib/python3.10/site-packages/cpmr_ch8/__pycache__/fsm.cpython-310.pyc
/Users/mafu/Desktop/robotics/Lab8/ros2_ws/install/cpmr_ch8/lib/python3.10/site-packages/cpmr_ch8/__pycache__/subsumption.cpython-310.pyc
/Users/mafu/Desktop/robotics/Lab8/ros2_ws/install/cpmr_ch8/share/ament_index/resource_index/packages/cpmr_ch8
/Users/mafu/Desktop/robotics/Lab8/ros2_ws/install/cpmr_ch8/share/cpmr_ch8/package.xml
/Users/mafu/Desktop/robotics/Lab8/ros2_ws/install/cpmr_ch8/share/cpmr_ch8/subsumption-robot.launch.py
/Users/mafu/Desktop/robotics/Lab8/ros2_ws/install/cpmr_ch8/share/cpmr_ch8/fsm-robot.launch.py
/Users/mafu/Desktop/robotics/Lab8/ros2_ws/install/cpmr_ch8/share/cpmr_ch8/scout-camera.urdf.xacro
/Users/mafu/Desktop/robotics/Lab8/ros2_ws/install/cpmr_ch8/share/cpmr_ch8/scout-laser-camera.urdf.xacro
/Users/mafu/Desktop/robotics/Lab8/ros2_ws/install/cpmr_ch8/share/cpmr_ch8/colors.xacro
/Users/mafu/Desktop/robotics/Lab8/ros2_ws/install/cpmr_ch8/lib/python3.10/site-packages/cpmr_ch8-3.1.0-py3.10.egg-info/PKG-INFO
/Users/mafu/Desktop/robotics/Lab8/ros2_ws/install/cpmr_ch8/lib/python3.10/site-packages/cpmr_ch8-3.1.0-py3.10.egg-info/zip-safe
/Users/mafu/Desktop/robotics/Lab8/ros2_ws/install/cpmr_ch8/lib/python3.10/site-packages/cpmr_ch8-3.1.0-py3.10.egg-info/SOURCES.txt
/Users/mafu/Desktop/robotics/Lab8/ros2_ws/install/cpmr_ch8/lib/python3.10/site-packages/cpmr_ch8-3.1.0-py3.10.egg-info/entry_points.txt
/Users/mafu/Desktop/robotics/Lab8/ros2_ws/install/cpmr_ch8/lib/python3.10/site-packages/cpmr_ch8-3.1.0-py3.10.egg-info/requires.txt
/Users/mafu/Desktop/robotics/Lab8/ros2_ws/install/cpmr_ch8/lib/python3.10/site-packages/cpmr_ch8-3.1.0-py3.10.egg-info/top_level.txt
/Users/mafu/Desktop/robotics/Lab8/ros2_ws/install/cpmr_ch8/lib/python3.10/site-packages/cpmr_ch8-3.1.0-py3.10.egg-info/dependency_links.txt
/Users/mafu/Desktop/robotics/Lab8/ros2_ws/install/cpmr_ch8/lib/cpmr_ch8/fsm
/Users/mafu/Desktop/robotics/Lab8/ros2_ws/install/cpmr_ch8/lib/cpmr_ch8/subsumption
/Users/mafu/Desktop/robotics/Lab8/ros2_ws/install/cpmr_ch8/lib/cpmr_ch8/view_camera
