/Users/mafu/miniforge3/envs/ros2/lib/python3.10/site-packages/cpmr_ch2/drive_to_goal.py
/Users/mafu/miniforge3/envs/ros2/lib/python3.10/site-packages/cpmr_ch2/build_map.py
/Users/mafu/miniforge3/envs/ros2/lib/python3.10/site-packages/cpmr_ch2/__init__.py
/Users/mafu/miniforge3/envs/ros2/lib/python3.10/site-packages/cpmr_ch2/add_obstacle.py
/Users/mafu/miniforge3/envs/ros2/lib/python3.10/site-packages/cpmr_ch2/destroy_map.py
/Users/mafu/miniforge3/envs/ros2/lib/python3.10/site-packages/cpmr_ch2/__pycache__/drive_to_goal.cpython-310.pyc
/Users/mafu/miniforge3/envs/ros2/lib/python3.10/site-packages/cpmr_ch2/__pycache__/build_map.cpython-310.pyc
/Users/mafu/miniforge3/envs/ros2/lib/python3.10/site-packages/cpmr_ch2/__pycache__/__init__.cpython-310.pyc
/Users/mafu/miniforge3/envs/ros2/lib/python3.10/site-packages/cpmr_ch2/__pycache__/add_obstacle.cpython-310.pyc
/Users/mafu/miniforge3/envs/ros2/lib/python3.10/site-packages/cpmr_ch2/__pycache__/destroy_map.cpython-310.pyc
/Users/mafu/miniforge3/envs/ros2/share/ament_index/resource_index/packages/cpmr_ch2
/Users/mafu/miniforge3/envs/ros2/share/cpmr_ch2/package.xml
/Users/mafu/miniforge3/envs/ros2/share/cpmr_ch2/destroy_map.launch.py
/Users/mafu/miniforge3/envs/ros2/share/cpmr_ch2/drive_robot.launch.py
/Users/mafu/miniforge3/envs/ros2/share/cpmr_ch2/build_map.launch.py
/Users/mafu/miniforge3/envs/ros2/share/cpmr_ch2/gazebo.launch.py
/Users/mafu/miniforge3/envs/ros2/share/cpmr_ch2/default.json
/Users/mafu/miniforge3/envs/ros2/lib/python3.10/site-packages/cpmr_ch2-3.1.0-py3.10.egg-info/PKG-INFO
/Users/mafu/miniforge3/envs/ros2/lib/python3.10/site-packages/cpmr_ch2-3.1.0-py3.10.egg-info/zip-safe
/Users/mafu/miniforge3/envs/ros2/lib/python3.10/site-packages/cpmr_ch2-3.1.0-py3.10.egg-info/SOURCES.txt
/Users/mafu/miniforge3/envs/ros2/lib/python3.10/site-packages/cpmr_ch2-3.1.0-py3.10.egg-info/entry_points.txt
/Users/mafu/miniforge3/envs/ros2/lib/python3.10/site-packages/cpmr_ch2-3.1.0-py3.10.egg-info/requires.txt
/Users/mafu/miniforge3/envs/ros2/lib/python3.10/site-packages/cpmr_ch2-3.1.0-py3.10.egg-info/top_level.txt
/Users/mafu/miniforge3/envs/ros2/lib/python3.10/site-packages/cpmr_ch2-3.1.0-py3.10.egg-info/dependency_links.txt
/Users/mafu/miniforge3/envs/ros2/lib/cpmr_ch2/add_obstacle
/Users/mafu/miniforge3/envs/ros2/lib/cpmr_ch2/build_map
/Users/mafu/miniforge3/envs/ros2/lib/cpmr_ch2/destroy_map
/Users/mafu/miniforge3/envs/ros2/lib/cpmr_ch2/drive_to_goal
