[0.142s] [34mcolcon[0m [1;30mDEBUG[0m [32mCommand line arguments: ['/Users/mafu/miniforge3/envs/ros_env/bin/colcon', 'build'][0m
[0.142s] [34mcolcon[0m [1;30mDEBUG[0m [32mParsed command line arguments: Namespace(log_base=None, log_level=None, verb_name='build', build_base='build', install_base='install', merge_install=False, symlink_install=False, test_result_base=None, continue_on_error=False, executor='parallel', parallel_workers=8, event_handlers=None, ignore_user_meta=False, metas=['./colcon.meta'], base_paths=['.'], packages_ignore=None, packages_ignore_regex=None, paths=None, packages_up_to=None, packages_up_to_regex=None, packages_above=None, packages_above_and_dependencies=None, packages_above_depth=None, packages_select_by_dep=None, packages_skip_by_dep=None, packages_skip_up_to=None, packages_select_build_failed=False, packages_skip_build_finished=False, packages_select_test_failures=False, packages_skip_test_passed=False, packages_select=None, packages_skip=None, packages_select_regex=None, packages_skip_regex=None, packages_start=None, packages_end=None, cmake_args=None, cmake_target=None, cmake_target_skip_unavailable=False, cmake_clean_cache=False, cmake_clean_first=False, cmake_force_configure=False, ament_cmake_args=None, catkin_cmake_args=None, catkin_skip_building_tests=False, verb_parser=<colcon_defaults.argument_parser.defaults.DefaultArgumentsDecorator object at 0x10226a020>, verb_extension=<colcon_core.verb.build.BuildVerb object at 0x102269a80>, main=<bound method BuildVerb.main of <colcon_core.verb.build.BuildVerb object at 0x102269a80>>)[0m
[0.250s] [34mcolcon.colcon_core.package_discovery[0m [1;30mLevel 1[0m discover_packages(colcon_meta) check parameters
[0.250s] [34mcolcon.colcon_core.package_discovery[0m [1;30mLevel 1[0m discover_packages(recursive) check parameters
[0.250s] [34mcolcon.colcon_core.package_discovery[0m [1;30mLevel 1[0m discover_packages(ignore) check parameters
[0.250s] [34mcolcon.colcon_core.package_discovery[0m [1;30mLevel 1[0m discover_packages(path) check parameters
[0.250s] [34mcolcon.colcon_core.package_discovery[0m [1;30mLevel 1[0m discover_packages(colcon_meta) discover
[0.250s] [34mcolcon.colcon_core.package_discovery[0m [1;30mLevel 1[0m discover_packages(recursive) discover
[0.250s] [34mcolcon.colcon_core.package_discovery[0m [1;30mINFO[0m Crawling recursively for packages in '/Users/mafu/Desktop/robotics/Lab8/ros2_ws'
[0.250s] [34mcolcon.colcon_core.package_identification[0m [1;30mLevel 1[0m _identify(.) by extensions ['ignore', 'ignore_ament_install']
[0.250s] [34mcolcon.colcon_core.package_identification[0m [1;30mLevel 1[0m _identify(.) by extension 'ignore'
[0.250s] [34mcolcon.colcon_core.package_identification[0m [1;30mLevel 1[0m _identify(.) by extension 'ignore_ament_install'
[0.250s] [34mcolcon.colcon_core.package_identification[0m [1;30mLevel 1[0m _identify(.) by extensions ['colcon_pkg']
[0.250s] [34mcolcon.colcon_core.package_identification[0m [1;30mLevel 1[0m _identify(.) by extension 'colcon_pkg'
[0.250s] [34mcolcon.colcon_core.package_identification[0m [1;30mLevel 1[0m _identify(.) by extensions ['colcon_meta']
[0.251s] [34mcolcon.colcon_core.package_identification[0m [1;30mLevel 1[0m _identify(.) by extension 'colcon_meta'
[0.251s] [34mcolcon.colcon_core.package_identification[0m [1;30mLevel 1[0m _identify(.) by extensions ['ros']
[0.251s] [34mcolcon.colcon_core.package_identification[0m [1;30mLevel 1[0m _identify(.) by extension 'ros'
[0.274s] [34mcolcon.colcon_core.package_identification[0m [1;30mLevel 1[0m _identify(.) by extensions ['cmake', 'python']
[0.274s] [34mcolcon.colcon_core.package_identification[0m [1;30mLevel 1[0m _identify(.) by extension 'cmake'
[0.274s] [34mcolcon.colcon_core.package_identification[0m [1;30mLevel 1[0m _identify(.) by extension 'python'
[0.274s] [34mcolcon.colcon_core.package_identification[0m [1;30mLevel 1[0m _identify(.) by extensions ['python_setup_py']
[0.274s] [34mcolcon.colcon_core.package_identification[0m [1;30mLevel 1[0m _identify(.) by extension 'python_setup_py'
[0.274s] [34mcolcon.colcon_core.package_identification[0m [1;30mLevel 1[0m _identify(build) by extensions ['ignore', 'ignore_ament_install']
[0.274s] [34mcolcon.colcon_core.package_identification[0m [1;30mLevel 1[0m _identify(build) by extension 'ignore'
[0.274s] [34mcolcon.colcon_core.package_identification[0m [1;30mLevel 1[0m _identify(build) ignored
[0.275s] [34mcolcon.colcon_core.package_identification[0m [1;30mLevel 1[0m _identify(install) by extensions ['ignore', 'ignore_ament_install']
[0.275s] [34mcolcon.colcon_core.package_identification[0m [1;30mLevel 1[0m _identify(install) by extension 'ignore'
[0.275s] [34mcolcon.colcon_core.package_identification[0m [1;30mLevel 1[0m _identify(install) ignored
[0.275s] [34mcolcon.colcon_core.package_identification[0m [1;30mLevel 1[0m _identify(log) by extensions ['ignore', 'ignore_ament_install']
[0.275s] [34mcolcon.colcon_core.package_identification[0m [1;30mLevel 1[0m _identify(log) by extension 'ignore'
[0.275s] [34mcolcon.colcon_core.package_identification[0m [1;30mLevel 1[0m _identify(log) ignored
[0.275s] [34mcolcon.colcon_core.package_identification[0m [1;30mLevel 1[0m _identify(src) by extensions ['ignore', 'ignore_ament_install']
[0.275s] [34mcolcon.colcon_core.package_identification[0m [1;30mLevel 1[0m _identify(src) by extension 'ignore'
[0.275s] [34mcolcon.colcon_core.package_identification[0m [1;30mLevel 1[0m _identify(src) by extension 'ignore_ament_install'
[0.275s] [34mcolcon.colcon_core.package_identification[0m [1;30mLevel 1[0m _identify(src) by extensions ['colcon_pkg']
[0.275s] [34mcolcon.colcon_core.package_identification[0m [1;30mLevel 1[0m _identify(src) by extension 'colcon_pkg'
[0.275s] [34mcolcon.colcon_core.package_identification[0m [1;30mLevel 1[0m _identify(src) by extensions ['colcon_meta']
[0.275s] [34mcolcon.colcon_core.package_identification[0m [1;30mLevel 1[0m _identify(src) by extension 'colcon_meta'
[0.275s] [34mcolcon.colcon_core.package_identification[0m [1;30mLevel 1[0m _identify(src) by extensions ['ros']
[0.275s] [34mcolcon.colcon_core.package_identification[0m [1;30mLevel 1[0m _identify(src) by extension 'ros'
[0.275s] [34mcolcon.colcon_core.package_identification[0m [1;30mLevel 1[0m _identify(src) by extensions ['cmake', 'python']
[0.275s] [34mcolcon.colcon_core.package_identification[0m [1;30mLevel 1[0m _identify(src) by extension 'cmake'
[0.275s] [34mcolcon.colcon_core.package_identification[0m [1;30mLevel 1[0m _identify(src) by extension 'python'
[0.275s] [34mcolcon.colcon_core.package_identification[0m [1;30mLevel 1[0m _identify(src) by extensions ['python_setup_py']
[0.275s] [34mcolcon.colcon_core.package_identification[0m [1;30mLevel 1[0m _identify(src) by extension 'python_setup_py'
[0.275s] [34mcolcon.colcon_core.package_identification[0m [1;30mLevel 1[0m _identify(src/cpmr_apb) by extensions ['ignore', 'ignore_ament_install']
[0.275s] [34mcolcon.colcon_core.package_identification[0m [1;30mLevel 1[0m _identify(src/cpmr_apb) by extension 'ignore'
[0.275s] [34mcolcon.colcon_core.package_identification[0m [1;30mLevel 1[0m _identify(src/cpmr_apb) by extension 'ignore_ament_install'
[0.275s] [34mcolcon.colcon_core.package_identification[0m [1;30mLevel 1[0m _identify(src/cpmr_apb) by extensions ['colcon_pkg']
[0.275s] [34mcolcon.colcon_core.package_identification[0m [1;30mLevel 1[0m _identify(src/cpmr_apb) by extension 'colcon_pkg'
[0.275s] [34mcolcon.colcon_core.package_identification[0m [1;30mLevel 1[0m _identify(src/cpmr_apb) by extensions ['colcon_meta']
[0.275s] [34mcolcon.colcon_core.package_identification[0m [1;30mLevel 1[0m _identify(src/cpmr_apb) by extension 'colcon_meta'
[0.275s] [34mcolcon.colcon_core.package_identification[0m [1;30mLevel 1[0m _identify(src/cpmr_apb) by extensions ['ros']
[0.275s] [34mcolcon.colcon_core.package_identification[0m [1;30mLevel 1[0m _identify(src/cpmr_apb) by extension 'ros'
[0.278s] [34mcolcon.colcon_core.package_identification[0m [1;30mDEBUG[0m [32mPackage 'src/cpmr_apb' with type 'ros.ament_python' and name 'cpmr_apb'[0m
[0.278s] [34mcolcon.colcon_core.package_identification[0m [1;30mLevel 1[0m _identify(src/cpmr_ch11) by extensions ['ignore', 'ignore_ament_install']
[0.278s] [34mcolcon.colcon_core.package_identification[0m [1;30mLevel 1[0m _identify(src/cpmr_ch11) by extension 'ignore'
[0.278s] [34mcolcon.colcon_core.package_identification[0m [1;30mLevel 1[0m _identify(src/cpmr_ch11) by extension 'ignore_ament_install'
[0.278s] [34mcolcon.colcon_core.package_identification[0m [1;30mLevel 1[0m _identify(src/cpmr_ch11) by extensions ['colcon_pkg']
[0.278s] [34mcolcon.colcon_core.package_identification[0m [1;30mLevel 1[0m _identify(src/cpmr_ch11) by extension 'colcon_pkg'
[0.278s] [34mcolcon.colcon_core.package_identification[0m [1;30mLevel 1[0m _identify(src/cpmr_ch11) by extensions ['colcon_meta']
[0.278s] [34mcolcon.colcon_core.package_identification[0m [1;30mLevel 1[0m _identify(src/cpmr_ch11) by extension 'colcon_meta'
[0.278s] [34mcolcon.colcon_core.package_identification[0m [1;30mLevel 1[0m _identify(src/cpmr_ch11) by extensions ['ros']
[0.278s] [34mcolcon.colcon_core.package_identification[0m [1;30mLevel 1[0m _identify(src/cpmr_ch11) by extension 'ros'
[0.278s] [34mcolcon.colcon_core.package_identification[0m [1;30mDEBUG[0m [32mPackage 'src/cpmr_ch11' with type 'ros.ament_python' and name 'cpmr_ch11'[0m
[0.278s] [34mcolcon.colcon_core.package_identification[0m [1;30mLevel 1[0m _identify(src/cpmr_ch12) by extensions ['ignore', 'ignore_ament_install']
[0.278s] [34mcolcon.colcon_core.package_identification[0m [1;30mLevel 1[0m _identify(src/cpmr_ch12) by extension 'ignore'
[0.278s] [34mcolcon.colcon_core.package_identification[0m [1;30mLevel 1[0m _identify(src/cpmr_ch12) by extension 'ignore_ament_install'
[0.279s] [34mcolcon.colcon_core.package_identification[0m [1;30mLevel 1[0m _identify(src/cpmr_ch12) by extensions ['colcon_pkg']
[0.279s] [34mcolcon.colcon_core.package_identification[0m [1;30mLevel 1[0m _identify(src/cpmr_ch12) by extension 'colcon_pkg'
[0.279s] [34mcolcon.colcon_core.package_identification[0m [1;30mLevel 1[0m _identify(src/cpmr_ch12) by extensions ['colcon_meta']
[0.279s] [34mcolcon.colcon_core.package_identification[0m [1;30mLevel 1[0m _identify(src/cpmr_ch12) by extension 'colcon_meta'
[0.279s] [34mcolcon.colcon_core.package_identification[0m [1;30mLevel 1[0m _identify(src/cpmr_ch12) by extensions ['ros']
[0.279s] [34mcolcon.colcon_core.package_identification[0m [1;30mLevel 1[0m _identify(src/cpmr_ch12) by extension 'ros'
[0.279s] [34mcolcon.colcon_core.package_identification[0m [1;30mDEBUG[0m [32mPackage 'src/cpmr_ch12' with type 'ros.ament_python' and name 'cpmr_ch12'[0m
[0.279s] [34mcolcon.colcon_core.package_identification[0m [1;30mLevel 1[0m _identify(src/cpmr_ch2) by extensions ['ignore', 'ignore_ament_install']
[0.279s] [34mcolcon.colcon_core.package_identification[0m [1;30mLevel 1[0m _identify(src/cpmr_ch2) by extension 'ignore'
[0.279s] [34mcolcon.colcon_core.package_identification[0m [1;30mLevel 1[0m _identify(src/cpmr_ch2) by extension 'ignore_ament_install'
[0.279s] [34mcolcon.colcon_core.package_identification[0m [1;30mLevel 1[0m _identify(src/cpmr_ch2) by extensions ['colcon_pkg']
[0.279s] [34mcolcon.colcon_core.package_identification[0m [1;30mLevel 1[0m _identify(src/cpmr_ch2) by extension 'colcon_pkg'
[0.279s] [34mcolcon.colcon_core.package_identification[0m [1;30mLevel 1[0m _identify(src/cpmr_ch2) by extensions ['colcon_meta']
[0.279s] [34mcolcon.colcon_core.package_identification[0m [1;30mLevel 1[0m _identify(src/cpmr_ch2) by extension 'colcon_meta'
[0.279s] [34mcolcon.colcon_core.package_identification[0m [1;30mLevel 1[0m _identify(src/cpmr_ch2) by extensions ['ros']
[0.279s] [34mcolcon.colcon_core.package_identification[0m [1;30mLevel 1[0m _identify(src/cpmr_ch2) by extension 'ros'
[0.280s] [34mcolcon.colcon_core.package_identification[0m [1;30mDEBUG[0m [32mPackage 'src/cpmr_ch2' with type 'ros.ament_python' and name 'cpmr_ch2'[0m
[0.280s] [34mcolcon.colcon_core.package_identification[0m [1;30mLevel 1[0m _identify(src/cpmr_ch4) by extensions ['ignore', 'ignore_ament_install']
[0.280s] [34mcolcon.colcon_core.package_identification[0m [1;30mLevel 1[0m _identify(src/cpmr_ch4) by extension 'ignore'
[0.280s] [34mcolcon.colcon_core.package_identification[0m [1;30mLevel 1[0m _identify(src/cpmr_ch4) by extension 'ignore_ament_install'
[0.280s] [34mcolcon.colcon_core.package_identification[0m [1;30mLevel 1[0m _identify(src/cpmr_ch4) by extensions ['colcon_pkg']
[0.280s] [34mcolcon.colcon_core.package_identification[0m [1;30mLevel 1[0m _identify(src/cpmr_ch4) by extension 'colcon_pkg'
[0.280s] [34mcolcon.colcon_core.package_identification[0m [1;30mLevel 1[0m _identify(src/cpmr_ch4) by extensions ['colcon_meta']
[0.280s] [34mcolcon.colcon_core.package_identification[0m [1;30mLevel 1[0m _identify(src/cpmr_ch4) by extension 'colcon_meta'
[0.280s] [34mcolcon.colcon_core.package_identification[0m [1;30mLevel 1[0m _identify(src/cpmr_ch4) by extensions ['ros']
[0.280s] [34mcolcon.colcon_core.package_identification[0m [1;30mLevel 1[0m _identify(src/cpmr_ch4) by extension 'ros'
[0.281s] [34mcolcon.colcon_core.package_identification[0m [1;30mDEBUG[0m [32mPackage 'src/cpmr_ch4' with type 'ros.ament_python' and name 'cpmr_ch4'[0m
[0.281s] [34mcolcon.colcon_core.package_identification[0m [1;30mLevel 1[0m _identify(src/cpmr_ch5) by extensions ['ignore', 'ignore_ament_install']
[0.281s] [34mcolcon.colcon_core.package_identification[0m [1;30mLevel 1[0m _identify(src/cpmr_ch5) by extension 'ignore'
[0.281s] [34mcolcon.colcon_core.package_identification[0m [1;30mLevel 1[0m _identify(src/cpmr_ch5) by extension 'ignore_ament_install'
[0.281s] [34mcolcon.colcon_core.package_identification[0m [1;30mLevel 1[0m _identify(src/cpmr_ch5) by extensions ['colcon_pkg']
[0.281s] [34mcolcon.colcon_core.package_identification[0m [1;30mLevel 1[0m _identify(src/cpmr_ch5) by extension 'colcon_pkg'
[0.281s] [34mcolcon.colcon_core.package_identification[0m [1;30mLevel 1[0m _identify(src/cpmr_ch5) by extensions ['colcon_meta']
[0.281s] [34mcolcon.colcon_core.package_identification[0m [1;30mLevel 1[0m _identify(src/cpmr_ch5) by extension 'colcon_meta'
[0.281s] [34mcolcon.colcon_core.package_identification[0m [1;30mLevel 1[0m _identify(src/cpmr_ch5) by extensions ['ros']
[0.281s] [34mcolcon.colcon_core.package_identification[0m [1;30mLevel 1[0m _identify(src/cpmr_ch5) by extension 'ros'
[0.282s] [34mcolcon.colcon_core.package_identification[0m [1;30mDEBUG[0m [32mPackage 'src/cpmr_ch5' with type 'ros.ament_python' and name 'cpmr_ch5'[0m
[0.282s] [34mcolcon.colcon_core.package_identification[0m [1;30mLevel 1[0m _identify(src/cpmr_ch6) by extensions ['ignore', 'ignore_ament_install']
[0.282s] [34mcolcon.colcon_core.package_identification[0m [1;30mLevel 1[0m _identify(src/cpmr_ch6) by extension 'ignore'
[0.282s] [34mcolcon.colcon_core.package_identification[0m [1;30mLevel 1[0m _identify(src/cpmr_ch6) by extension 'ignore_ament_install'
[0.282s] [34mcolcon.colcon_core.package_identification[0m [1;30mLevel 1[0m _identify(src/cpmr_ch6) by extensions ['colcon_pkg']
[0.282s] [34mcolcon.colcon_core.package_identification[0m [1;30mLevel 1[0m _identify(src/cpmr_ch6) by extension 'colcon_pkg'
[0.282s] [34mcolcon.colcon_core.package_identification[0m [1;30mLevel 1[0m _identify(src/cpmr_ch6) by extensions ['colcon_meta']
[0.282s] [34mcolcon.colcon_core.package_identification[0m [1;30mLevel 1[0m _identify(src/cpmr_ch6) by extension 'colcon_meta'
[0.282s] [34mcolcon.colcon_core.package_identification[0m [1;30mLevel 1[0m _identify(src/cpmr_ch6) by extensions ['ros']
[0.282s] [34mcolcon.colcon_core.package_identification[0m [1;30mLevel 1[0m _identify(src/cpmr_ch6) by extension 'ros'
[0.283s] [34mcolcon.colcon_core.package_identification[0m [1;30mDEBUG[0m [32mPackage 'src/cpmr_ch6' with type 'ros.ament_python' and name 'cpmr_ch6'[0m
[0.283s] [34mcolcon.colcon_core.package_identification[0m [1;30mLevel 1[0m _identify(src/cpmr_ch7) by extensions ['ignore', 'ignore_ament_install']
[0.283s] [34mcolcon.colcon_core.package_identification[0m [1;30mLevel 1[0m _identify(src/cpmr_ch7) by extension 'ignore'
[0.283s] [34mcolcon.colcon_core.package_identification[0m [1;30mLevel 1[0m _identify(src/cpmr_ch7) by extension 'ignore_ament_install'
[0.283s] [34mcolcon.colcon_core.package_identification[0m [1;30mLevel 1[0m _identify(src/cpmr_ch7) by extensions ['colcon_pkg']
[0.283s] [34mcolcon.colcon_core.package_identification[0m [1;30mLevel 1[0m _identify(src/cpmr_ch7) by extension 'colcon_pkg'
[0.283s] [34mcolcon.colcon_core.package_identification[0m [1;30mLevel 1[0m _identify(src/cpmr_ch7) by extensions ['colcon_meta']
[0.283s] [34mcolcon.colcon_core.package_identification[0m [1;30mLevel 1[0m _identify(src/cpmr_ch7) by extension 'colcon_meta'
[0.283s] [34mcolcon.colcon_core.package_identification[0m [1;30mLevel 1[0m _identify(src/cpmr_ch7) by extensions ['ros']
[0.283s] [34mcolcon.colcon_core.package_identification[0m [1;30mLevel 1[0m _identify(src/cpmr_ch7) by extension 'ros'
[0.284s] [34mcolcon.colcon_core.package_identification[0m [1;30mDEBUG[0m [32mPackage 'src/cpmr_ch7' with type 'ros.ament_python' and name 'cpmr_ch7'[0m
[0.284s] [34mcolcon.colcon_core.package_identification[0m [1;30mLevel 1[0m _identify(src/cpmr_ch8) by extensions ['ignore', 'ignore_ament_install']
[0.284s] [34mcolcon.colcon_core.package_identification[0m [1;30mLevel 1[0m _identify(src/cpmr_ch8) by extension 'ignore'
[0.284s] [34mcolcon.colcon_core.package_identification[0m [1;30mLevel 1[0m _identify(src/cpmr_ch8) by extension 'ignore_ament_install'
[0.284s] [34mcolcon.colcon_core.package_identification[0m [1;30mLevel 1[0m _identify(src/cpmr_ch8) by extensions ['colcon_pkg']
[0.284s] [34mcolcon.colcon_core.package_identification[0m [1;30mLevel 1[0m _identify(src/cpmr_ch8) by extension 'colcon_pkg'
[0.284s] [34mcolcon.colcon_core.package_identification[0m [1;30mLevel 1[0m _identify(src/cpmr_ch8) by extensions ['colcon_meta']
[0.284s] [34mcolcon.colcon_core.package_identification[0m [1;30mLevel 1[0m _identify(src/cpmr_ch8) by extension 'colcon_meta'
[0.284s] [34mcolcon.colcon_core.package_identification[0m [1;30mLevel 1[0m _identify(src/cpmr_ch8) by extensions ['ros']
[0.284s] [34mcolcon.colcon_core.package_identification[0m [1;30mLevel 1[0m _identify(src/cpmr_ch8) by extension 'ros'
[0.284s] [34mcolcon.colcon_core.package_identification[0m [1;30mDEBUG[0m [32mPackage 'src/cpmr_ch8' with type 'ros.ament_python' and name 'cpmr_ch8'[0m
[0.284s] [34mcolcon.colcon_core.package_discovery[0m [1;30mLevel 1[0m discover_packages(recursive) using defaults
[0.284s] [34mcolcon.colcon_core.package_discovery[0m [1;30mLevel 1[0m discover_packages(ignore) discover
[0.284s] [34mcolcon.colcon_core.package_discovery[0m [1;30mLevel 1[0m discover_packages(ignore) using defaults
[0.284s] [34mcolcon.colcon_core.package_discovery[0m [1;30mLevel 1[0m discover_packages(path) discover
[0.284s] [34mcolcon.colcon_core.package_discovery[0m [1;30mLevel 1[0m discover_packages(path) using defaults
[0.299s] [34mcolcon.colcon_core.verb[0m [1;30mLevel 5[0m set package 'cpmr_apb' build argument 'cmake_args' from command line to 'None'
[0.299s] [34mcolcon.colcon_core.verb[0m [1;30mLevel 5[0m set package 'cpmr_apb' build argument 'cmake_target' from command line to 'None'
[0.299s] [34mcolcon.colcon_core.verb[0m [1;30mLevel 5[0m set package 'cpmr_apb' build argument 'cmake_target_skip_unavailable' from command line to 'False'
[0.299s] [34mcolcon.colcon_core.verb[0m [1;30mLevel 5[0m set package 'cpmr_apb' build argument 'cmake_clean_cache' from command line to 'False'
[0.299s] [34mcolcon.colcon_core.verb[0m [1;30mLevel 5[0m set package 'cpmr_apb' build argument 'cmake_clean_first' from command line to 'False'
[0.299s] [34mcolcon.colcon_core.verb[0m [1;30mLevel 5[0m set package 'cpmr_apb' build argument 'cmake_force_configure' from command line to 'False'
[0.299s] [34mcolcon.colcon_core.verb[0m [1;30mLevel 5[0m set package 'cpmr_apb' build argument 'ament_cmake_args' from command line to 'None'
[0.299s] [34mcolcon.colcon_core.verb[0m [1;30mLevel 5[0m set package 'cpmr_apb' build argument 'catkin_cmake_args' from command line to 'None'
[0.299s] [34mcolcon.colcon_core.verb[0m [1;30mLevel 5[0m set package 'cpmr_apb' build argument 'catkin_skip_building_tests' from command line to 'False'
[0.299s] [34mcolcon.colcon_core.verb[0m [1;30mDEBUG[0m [32mBuilding package 'cpmr_apb' with the following arguments: {'ament_cmake_args': None, 'build_base': '/Users/mafu/Desktop/robotics/Lab8/ros2_ws/build/cpmr_apb', 'catkin_cmake_args': None, 'catkin_skip_building_tests': False, 'cmake_args': None, 'cmake_clean_cache': False, 'cmake_clean_first': False, 'cmake_force_configure': False, 'cmake_target': None, 'cmake_target_skip_unavailable': False, 'install_base': '/Users/mafu/Desktop/robotics/Lab8/ros2_ws/install/cpmr_apb', 'merge_install': False, 'path': '/Users/mafu/Desktop/robotics/Lab8/ros2_ws/src/cpmr_apb', 'symlink_install': False, 'test_result_base': None}[0m
[0.300s] [34mcolcon.colcon_core.verb[0m [1;30mLevel 5[0m set package 'cpmr_ch11' build argument 'cmake_args' from command line to 'None'
[0.300s] [34mcolcon.colcon_core.verb[0m [1;30mLevel 5[0m set package 'cpmr_ch11' build argument 'cmake_target' from command line to 'None'
[0.300s] [34mcolcon.colcon_core.verb[0m [1;30mLevel 5[0m set package 'cpmr_ch11' build argument 'cmake_target_skip_unavailable' from command line to 'False'
[0.300s] [34mcolcon.colcon_core.verb[0m [1;30mLevel 5[0m set package 'cpmr_ch11' build argument 'cmake_clean_cache' from command line to 'False'
[0.300s] [34mcolcon.colcon_core.verb[0m [1;30mLevel 5[0m set package 'cpmr_ch11' build argument 'cmake_clean_first' from command line to 'False'
[0.300s] [34mcolcon.colcon_core.verb[0m [1;30mLevel 5[0m set package 'cpmr_ch11' build argument 'cmake_force_configure' from command line to 'False'
[0.300s] [34mcolcon.colcon_core.verb[0m [1;30mLevel 5[0m set package 'cpmr_ch11' build argument 'ament_cmake_args' from command line to 'None'
[0.300s] [34mcolcon.colcon_core.verb[0m [1;30mLevel 5[0m set package 'cpmr_ch11' build argument 'catkin_cmake_args' from command line to 'None'
[0.300s] [34mcolcon.colcon_core.verb[0m [1;30mLevel 5[0m set package 'cpmr_ch11' build argument 'catkin_skip_building_tests' from command line to 'False'
[0.300s] [34mcolcon.colcon_core.verb[0m [1;30mDEBUG[0m [32mBuilding package 'cpmr_ch11' with the following arguments: {'ament_cmake_args': None, 'build_base': '/Users/mafu/Desktop/robotics/Lab8/ros2_ws/build/cpmr_ch11', 'catkin_cmake_args': None, 'catkin_skip_building_tests': False, 'cmake_args': None, 'cmake_clean_cache': False, 'cmake_clean_first': False, 'cmake_force_configure': False, 'cmake_target': None, 'cmake_target_skip_unavailable': False, 'install_base': '/Users/mafu/Desktop/robotics/Lab8/ros2_ws/install/cpmr_ch11', 'merge_install': False, 'path': '/Users/mafu/Desktop/robotics/Lab8/ros2_ws/src/cpmr_ch11', 'symlink_install': False, 'test_result_base': None}[0m
[0.300s] [34mcolcon.colcon_core.verb[0m [1;30mLevel 5[0m set package 'cpmr_ch12' build argument 'cmake_args' from command line to 'None'
[0.300s] [34mcolcon.colcon_core.verb[0m [1;30mLevel 5[0m set package 'cpmr_ch12' build argument 'cmake_target' from command line to 'None'
[0.300s] [34mcolcon.colcon_core.verb[0m [1;30mLevel 5[0m set package 'cpmr_ch12' build argument 'cmake_target_skip_unavailable' from command line to 'False'
[0.300s] [34mcolcon.colcon_core.verb[0m [1;30mLevel 5[0m set package 'cpmr_ch12' build argument 'cmake_clean_cache' from command line to 'False'
[0.300s] [34mcolcon.colcon_core.verb[0m [1;30mLevel 5[0m set package 'cpmr_ch12' build argument 'cmake_clean_first' from command line to 'False'
[0.300s] [34mcolcon.colcon_core.verb[0m [1;30mLevel 5[0m set package 'cpmr_ch12' build argument 'cmake_force_configure' from command line to 'False'
[0.300s] [34mcolcon.colcon_core.verb[0m [1;30mLevel 5[0m set package 'cpmr_ch12' build argument 'ament_cmake_args' from command line to 'None'
[0.300s] [34mcolcon.colcon_core.verb[0m [1;30mLevel 5[0m set package 'cpmr_ch12' build argument 'catkin_cmake_args' from command line to 'None'
[0.300s] [34mcolcon.colcon_core.verb[0m [1;30mLevel 5[0m set package 'cpmr_ch12' build argument 'catkin_skip_building_tests' from command line to 'False'
[0.300s] [34mcolcon.colcon_core.verb[0m [1;30mDEBUG[0m [32mBuilding package 'cpmr_ch12' with the following arguments: {'ament_cmake_args': None, 'build_base': '/Users/mafu/Desktop/robotics/Lab8/ros2_ws/build/cpmr_ch12', 'catkin_cmake_args': None, 'catkin_skip_building_tests': False, 'cmake_args': None, 'cmake_clean_cache': False, 'cmake_clean_first': False, 'cmake_force_configure': False, 'cmake_target': None, 'cmake_target_skip_unavailable': False, 'install_base': '/Users/mafu/Desktop/robotics/Lab8/ros2_ws/install/cpmr_ch12', 'merge_install': False, 'path': '/Users/mafu/Desktop/robotics/Lab8/ros2_ws/src/cpmr_ch12', 'symlink_install': False, 'test_result_base': None}[0m
[0.300s] [34mcolcon.colcon_core.verb[0m [1;30mLevel 5[0m set package 'cpmr_ch2' build argument 'cmake_args' from command line to 'None'
[0.300s] [34mcolcon.colcon_core.verb[0m [1;30mLevel 5[0m set package 'cpmr_ch2' build argument 'cmake_target' from command line to 'None'
[0.300s] [34mcolcon.colcon_core.verb[0m [1;30mLevel 5[0m set package 'cpmr_ch2' build argument 'cmake_target_skip_unavailable' from command line to 'False'
[0.300s] [34mcolcon.colcon_core.verb[0m [1;30mLevel 5[0m set package 'cpmr_ch2' build argument 'cmake_clean_cache' from command line to 'False'
[0.300s] [34mcolcon.colcon_core.verb[0m [1;30mLevel 5[0m set package 'cpmr_ch2' build argument 'cmake_clean_first' from command line to 'False'
[0.300s] [34mcolcon.colcon_core.verb[0m [1;30mLevel 5[0m set package 'cpmr_ch2' build argument 'cmake_force_configure' from command line to 'False'
[0.300s] [34mcolcon.colcon_core.verb[0m [1;30mLevel 5[0m set package 'cpmr_ch2' build argument 'ament_cmake_args' from command line to 'None'
[0.300s] [34mcolcon.colcon_core.verb[0m [1;30mLevel 5[0m set package 'cpmr_ch2' build argument 'catkin_cmake_args' from command line to 'None'
[0.300s] [34mcolcon.colcon_core.verb[0m [1;30mLevel 5[0m set package 'cpmr_ch2' build argument 'catkin_skip_building_tests' from command line to 'False'
[0.300s] [34mcolcon.colcon_core.verb[0m [1;30mDEBUG[0m [32mBuilding package 'cpmr_ch2' with the following arguments: {'ament_cmake_args': None, 'build_base': '/Users/mafu/Desktop/robotics/Lab8/ros2_ws/build/cpmr_ch2', 'catkin_cmake_args': None, 'catkin_skip_building_tests': False, 'cmake_args': None, 'cmake_clean_cache': False, 'cmake_clean_first': False, 'cmake_force_configure': False, 'cmake_target': None, 'cmake_target_skip_unavailable': False, 'install_base': '/Users/mafu/Desktop/robotics/Lab8/ros2_ws/install/cpmr_ch2', 'merge_install': False, 'path': '/Users/mafu/Desktop/robotics/Lab8/ros2_ws/src/cpmr_ch2', 'symlink_install': False, 'test_result_base': None}[0m
[0.301s] [34mcolcon.colcon_core.verb[0m [1;30mLevel 5[0m set package 'cpmr_ch4' build argument 'cmake_args' from command line to 'None'
[0.301s] [34mcolcon.colcon_core.verb[0m [1;30mLevel 5[0m set package 'cpmr_ch4' build argument 'cmake_target' from command line to 'None'
[0.301s] [34mcolcon.colcon_core.verb[0m [1;30mLevel 5[0m set package 'cpmr_ch4' build argument 'cmake_target_skip_unavailable' from command line to 'False'
[0.301s] [34mcolcon.colcon_core.verb[0m [1;30mLevel 5[0m set package 'cpmr_ch4' build argument 'cmake_clean_cache' from command line to 'False'
[0.301s] [34mcolcon.colcon_core.verb[0m [1;30mLevel 5[0m set package 'cpmr_ch4' build argument 'cmake_clean_first' from command line to 'False'
[0.301s] [34mcolcon.colcon_core.verb[0m [1;30mLevel 5[0m set package 'cpmr_ch4' build argument 'cmake_force_configure' from command line to 'False'
[0.301s] [34mcolcon.colcon_core.verb[0m [1;30mLevel 5[0m set package 'cpmr_ch4' build argument 'ament_cmake_args' from command line to 'None'
[0.301s] [34mcolcon.colcon_core.verb[0m [1;30mLevel 5[0m set package 'cpmr_ch4' build argument 'catkin_cmake_args' from command line to 'None'
[0.301s] [34mcolcon.colcon_core.verb[0m [1;30mLevel 5[0m set package 'cpmr_ch4' build argument 'catkin_skip_building_tests' from command line to 'False'
[0.301s] [34mcolcon.colcon_core.verb[0m [1;30mDEBUG[0m [32mBuilding package 'cpmr_ch4' with the following arguments: {'ament_cmake_args': None, 'build_base': '/Users/mafu/Desktop/robotics/Lab8/ros2_ws/build/cpmr_ch4', 'catkin_cmake_args': None, 'catkin_skip_building_tests': False, 'cmake_args': None, 'cmake_clean_cache': False, 'cmake_clean_first': False, 'cmake_force_configure': False, 'cmake_target': None, 'cmake_target_skip_unavailable': False, 'install_base': '/Users/mafu/Desktop/robotics/Lab8/ros2_ws/install/cpmr_ch4', 'merge_install': False, 'path': '/Users/mafu/Desktop/robotics/Lab8/ros2_ws/src/cpmr_ch4', 'symlink_install': False, 'test_result_base': None}[0m
[0.301s] [34mcolcon.colcon_core.verb[0m [1;30mLevel 5[0m set package 'cpmr_ch5' build argument 'cmake_args' from command line to 'None'
[0.301s] [34mcolcon.colcon_core.verb[0m [1;30mLevel 5[0m set package 'cpmr_ch5' build argument 'cmake_target' from command line to 'None'
[0.301s] [34mcolcon.colcon_core.verb[0m [1;30mLevel 5[0m set package 'cpmr_ch5' build argument 'cmake_target_skip_unavailable' from command line to 'False'
[0.301s] [34mcolcon.colcon_core.verb[0m [1;30mLevel 5[0m set package 'cpmr_ch5' build argument 'cmake_clean_cache' from command line to 'False'
[0.301s] [34mcolcon.colcon_core.verb[0m [1;30mLevel 5[0m set package 'cpmr_ch5' build argument 'cmake_clean_first' from command line to 'False'
[0.301s] [34mcolcon.colcon_core.verb[0m [1;30mLevel 5[0m set package 'cpmr_ch5' build argument 'cmake_force_configure' from command line to 'False'
[0.301s] [34mcolcon.colcon_core.verb[0m [1;30mLevel 5[0m set package 'cpmr_ch5' build argument 'ament_cmake_args' from command line to 'None'
[0.301s] [34mcolcon.colcon_core.verb[0m [1;30mLevel 5[0m set package 'cpmr_ch5' build argument 'catkin_cmake_args' from command line to 'None'
[0.301s] [34mcolcon.colcon_core.verb[0m [1;30mLevel 5[0m set package 'cpmr_ch5' build argument 'catkin_skip_building_tests' from command line to 'False'
[0.301s] [34mcolcon.colcon_core.verb[0m [1;30mDEBUG[0m [32mBuilding package 'cpmr_ch5' with the following arguments: {'ament_cmake_args': None, 'build_base': '/Users/mafu/Desktop/robotics/Lab8/ros2_ws/build/cpmr_ch5', 'catkin_cmake_args': None, 'catkin_skip_building_tests': False, 'cmake_args': None, 'cmake_clean_cache': False, 'cmake_clean_first': False, 'cmake_force_configure': False, 'cmake_target': None, 'cmake_target_skip_unavailable': False, 'install_base': '/Users/mafu/Desktop/robotics/Lab8/ros2_ws/install/cpmr_ch5', 'merge_install': False, 'path': '/Users/mafu/Desktop/robotics/Lab8/ros2_ws/src/cpmr_ch5', 'symlink_install': False, 'test_result_base': None}[0m
[0.301s] [34mcolcon.colcon_core.verb[0m [1;30mLevel 5[0m set package 'cpmr_ch6' build argument 'cmake_args' from command line to 'None'
[0.301s] [34mcolcon.colcon_core.verb[0m [1;30mLevel 5[0m set package 'cpmr_ch6' build argument 'cmake_target' from command line to 'None'
[0.301s] [34mcolcon.colcon_core.verb[0m [1;30mLevel 5[0m set package 'cpmr_ch6' build argument 'cmake_target_skip_unavailable' from command line to 'False'
[0.301s] [34mcolcon.colcon_core.verb[0m [1;30mLevel 5[0m set package 'cpmr_ch6' build argument 'cmake_clean_cache' from command line to 'False'
[0.301s] [34mcolcon.colcon_core.verb[0m [1;30mLevel 5[0m set package 'cpmr_ch6' build argument 'cmake_clean_first' from command line to 'False'
[0.301s] [34mcolcon.colcon_core.verb[0m [1;30mLevel 5[0m set package 'cpmr_ch6' build argument 'cmake_force_configure' from command line to 'False'
[0.301s] [34mcolcon.colcon_core.verb[0m [1;30mLevel 5[0m set package 'cpmr_ch6' build argument 'ament_cmake_args' from command line to 'None'
[0.301s] [34mcolcon.colcon_core.verb[0m [1;30mLevel 5[0m set package 'cpmr_ch6' build argument 'catkin_cmake_args' from command line to 'None'
[0.301s] [34mcolcon.colcon_core.verb[0m [1;30mLevel 5[0m set package 'cpmr_ch6' build argument 'catkin_skip_building_tests' from command line to 'False'
[0.301s] [34mcolcon.colcon_core.verb[0m [1;30mDEBUG[0m [32mBuilding package 'cpmr_ch6' with the following arguments: {'ament_cmake_args': None, 'build_base': '/Users/mafu/Desktop/robotics/Lab8/ros2_ws/build/cpmr_ch6', 'catkin_cmake_args': None, 'catkin_skip_building_tests': False, 'cmake_args': None, 'cmake_clean_cache': False, 'cmake_clean_first': False, 'cmake_force_configure': False, 'cmake_target': None, 'cmake_target_skip_unavailable': False, 'install_base': '/Users/mafu/Desktop/robotics/Lab8/ros2_ws/install/cpmr_ch6', 'merge_install': False, 'path': '/Users/mafu/Desktop/robotics/Lab8/ros2_ws/src/cpmr_ch6', 'symlink_install': False, 'test_result_base': None}[0m
[0.302s] [34mcolcon.colcon_core.verb[0m [1;30mLevel 5[0m set package 'cpmr_ch7' build argument 'cmake_args' from command line to 'None'
[0.302s] [34mcolcon.colcon_core.verb[0m [1;30mLevel 5[0m set package 'cpmr_ch7' build argument 'cmake_target' from command line to 'None'
[0.302s] [34mcolcon.colcon_core.verb[0m [1;30mLevel 5[0m set package 'cpmr_ch7' build argument 'cmake_target_skip_unavailable' from command line to 'False'
[0.302s] [34mcolcon.colcon_core.verb[0m [1;30mLevel 5[0m set package 'cpmr_ch7' build argument 'cmake_clean_cache' from command line to 'False'
[0.302s] [34mcolcon.colcon_core.verb[0m [1;30mLevel 5[0m set package 'cpmr_ch7' build argument 'cmake_clean_first' from command line to 'False'
[0.302s] [34mcolcon.colcon_core.verb[0m [1;30mLevel 5[0m set package 'cpmr_ch7' build argument 'cmake_force_configure' from command line to 'False'
[0.302s] [34mcolcon.colcon_core.verb[0m [1;30mLevel 5[0m set package 'cpmr_ch7' build argument 'ament_cmake_args' from command line to 'None'
[0.302s] [34mcolcon.colcon_core.verb[0m [1;30mLevel 5[0m set package 'cpmr_ch7' build argument 'catkin_cmake_args' from command line to 'None'
[0.302s] [34mcolcon.colcon_core.verb[0m [1;30mLevel 5[0m set package 'cpmr_ch7' build argument 'catkin_skip_building_tests' from command line to 'False'
[0.302s] [34mcolcon.colcon_core.verb[0m [1;30mDEBUG[0m [32mBuilding package 'cpmr_ch7' with the following arguments: {'ament_cmake_args': None, 'build_base': '/Users/mafu/Desktop/robotics/Lab8/ros2_ws/build/cpmr_ch7', 'catkin_cmake_args': None, 'catkin_skip_building_tests': False, 'cmake_args': None, 'cmake_clean_cache': False, 'cmake_clean_first': False, 'cmake_force_configure': False, 'cmake_target': None, 'cmake_target_skip_unavailable': False, 'install_base': '/Users/mafu/Desktop/robotics/Lab8/ros2_ws/install/cpmr_ch7', 'merge_install': False, 'path': '/Users/mafu/Desktop/robotics/Lab8/ros2_ws/src/cpmr_ch7', 'symlink_install': False, 'test_result_base': None}[0m
[0.302s] [34mcolcon.colcon_core.verb[0m [1;30mLevel 5[0m set package 'cpmr_ch8' build argument 'cmake_args' from command line to 'None'
[0.302s] [34mcolcon.colcon_core.verb[0m [1;30mLevel 5[0m set package 'cpmr_ch8' build argument 'cmake_target' from command line to 'None'
[0.302s] [34mcolcon.colcon_core.verb[0m [1;30mLevel 5[0m set package 'cpmr_ch8' build argument 'cmake_target_skip_unavailable' from command line to 'False'
[0.302s] [34mcolcon.colcon_core.verb[0m [1;30mLevel 5[0m set package 'cpmr_ch8' build argument 'cmake_clean_cache' from command line to 'False'
[0.302s] [34mcolcon.colcon_core.verb[0m [1;30mLevel 5[0m set package 'cpmr_ch8' build argument 'cmake_clean_first' from command line to 'False'
[0.302s] [34mcolcon.colcon_core.verb[0m [1;30mLevel 5[0m set package 'cpmr_ch8' build argument 'cmake_force_configure' from command line to 'False'
[0.302s] [34mcolcon.colcon_core.verb[0m [1;30mLevel 5[0m set package 'cpmr_ch8' build argument 'ament_cmake_args' from command line to 'None'
[0.302s] [34mcolcon.colcon_core.verb[0m [1;30mLevel 5[0m set package 'cpmr_ch8' build argument 'catkin_cmake_args' from command line to 'None'
[0.302s] [34mcolcon.colcon_core.verb[0m [1;30mLevel 5[0m set package 'cpmr_ch8' build argument 'catkin_skip_building_tests' from command line to 'False'
[0.302s] [34mcolcon.colcon_core.verb[0m [1;30mDEBUG[0m [32mBuilding package 'cpmr_ch8' with the following arguments: {'ament_cmake_args': None, 'build_base': '/Users/mafu/Desktop/robotics/Lab8/ros2_ws/build/cpmr_ch8', 'catkin_cmake_args': None, 'catkin_skip_building_tests': False, 'cmake_args': None, 'cmake_clean_cache': False, 'cmake_clean_first': False, 'cmake_force_configure': False, 'cmake_target': None, 'cmake_target_skip_unavailable': False, 'install_base': '/Users/mafu/Desktop/robotics/Lab8/ros2_ws/install/cpmr_ch8', 'merge_install': False, 'path': '/Users/mafu/Desktop/robotics/Lab8/ros2_ws/src/cpmr_ch8', 'symlink_install': False, 'test_result_base': None}[0m
[0.302s] [34mcolcon.colcon_core.executor[0m [1;30mINFO[0m Executing jobs using 'parallel' executor
[0.303s] [34mcolcon.colcon_parallel_executor.executor.parallel[0m [1;30mDEBUG[0m [32mrun_until_complete[0m
[0.303s] [34mcolcon.colcon_ros.task.ament_python.build[0m [1;30mINFO[0m Building ROS package in '/Users/mafu/Desktop/robotics/Lab8/ros2_ws/src/cpmr_apb' with build type 'ament_python'
[0.303s] [34mcolcon.colcon_core.shell[0m [1;30mLevel 1[0m create_environment_hook('cpmr_apb', 'ament_prefix_path')
[0.306s] [34mcolcon.colcon_core.plugin_system[0m [1;30mINFO[0m Skipping extension 'colcon_core.shell.bat': Not used on non-Windows systems
[0.306s] [34mcolcon.colcon_core.shell[0m [1;30mINFO[0m Creating environment hook '/Users/mafu/Desktop/robotics/Lab8/ros2_ws/install/cpmr_apb/share/cpmr_apb/hook/ament_prefix_path.ps1'
[0.307s] [34mcolcon.colcon_core.shell[0m [1;30mINFO[0m Creating environment descriptor '/Users/mafu/Desktop/robotics/Lab8/ros2_ws/install/cpmr_apb/share/cpmr_apb/hook/ament_prefix_path.dsv'
[0.307s] [34mcolcon.colcon_core.shell[0m [1;30mINFO[0m Creating environment hook '/Users/mafu/Desktop/robotics/Lab8/ros2_ws/install/cpmr_apb/share/cpmr_apb/hook/ament_prefix_path.sh'
[0.307s] [34mcolcon.colcon_core.shell[0m [1;30mINFO[0m Skip shell extension 'powershell' for command environment: Not usable outside of PowerShell
[0.307s] [34mcolcon.colcon_core.shell[0m [1;30mDEBUG[0m [32mSkip shell extension 'dsv' for command environment[0m
[0.312s] [34mcolcon.colcon_ros.task.ament_python.build[0m [1;30mINFO[0m Building ROS package in '/Users/mafu/Desktop/robotics/Lab8/ros2_ws/src/cpmr_ch11' with build type 'ament_python'
[0.313s] [34mcolcon.colcon_core.shell[0m [1;30mLevel 1[0m create_environment_hook('cpmr_ch11', 'ament_prefix_path')
[0.313s] [34mcolcon.colcon_core.shell[0m [1;30mINFO[0m Creating environment hook '/Users/mafu/Desktop/robotics/Lab8/ros2_ws/install/cpmr_ch11/share/cpmr_ch11/hook/ament_prefix_path.ps1'
[0.313s] [34mcolcon.colcon_core.shell[0m [1;30mINFO[0m Creating environment descriptor '/Users/mafu/Desktop/robotics/Lab8/ros2_ws/install/cpmr_ch11/share/cpmr_ch11/hook/ament_prefix_path.dsv'
[0.313s] [34mcolcon.colcon_core.shell[0m [1;30mINFO[0m Creating environment hook '/Users/mafu/Desktop/robotics/Lab8/ros2_ws/install/cpmr_ch11/share/cpmr_ch11/hook/ament_prefix_path.sh'
[0.314s] [34mcolcon.colcon_core.shell[0m [1;30mINFO[0m Skip shell extension 'powershell' for command environment: Not usable outside of PowerShell
[0.314s] [34mcolcon.colcon_core.shell[0m [1;30mDEBUG[0m [32mSkip shell extension 'dsv' for command environment[0m
[0.318s] [34mcolcon.colcon_ros.task.ament_python.build[0m [1;30mINFO[0m Building ROS package in '/Users/mafu/Desktop/robotics/Lab8/ros2_ws/src/cpmr_ch12' with build type 'ament_python'
[0.318s] [34mcolcon.colcon_core.shell[0m [1;30mLevel 1[0m create_environment_hook('cpmr_ch12', 'ament_prefix_path')
[0.318s] [34mcolcon.colcon_core.shell[0m [1;30mINFO[0m Creating environment hook '/Users/mafu/Desktop/robotics/Lab8/ros2_ws/install/cpmr_ch12/share/cpmr_ch12/hook/ament_prefix_path.ps1'
[0.319s] [34mcolcon.colcon_core.shell[0m [1;30mINFO[0m Creating environment descriptor '/Users/mafu/Desktop/robotics/Lab8/ros2_ws/install/cpmr_ch12/share/cpmr_ch12/hook/ament_prefix_path.dsv'
[0.319s] [34mcolcon.colcon_core.shell[0m [1;30mINFO[0m Creating environment hook '/Users/mafu/Desktop/robotics/Lab8/ros2_ws/install/cpmr_ch12/share/cpmr_ch12/hook/ament_prefix_path.sh'
[0.319s] [34mcolcon.colcon_core.shell[0m [1;30mINFO[0m Skip shell extension 'powershell' for command environment: Not usable outside of PowerShell
[0.319s] [34mcolcon.colcon_core.shell[0m [1;30mDEBUG[0m [32mSkip shell extension 'dsv' for command environment[0m
[0.323s] [34mcolcon.colcon_ros.task.ament_python.build[0m [1;30mINFO[0m Building ROS package in '/Users/mafu/Desktop/robotics/Lab8/ros2_ws/src/cpmr_ch2' with build type 'ament_python'
[0.324s] [34mcolcon.colcon_core.shell[0m [1;30mLevel 1[0m create_environment_hook('cpmr_ch2', 'ament_prefix_path')
[0.324s] [34mcolcon.colcon_core.shell[0m [1;30mINFO[0m Creating environment hook '/Users/mafu/Desktop/robotics/Lab8/ros2_ws/install/cpmr_ch2/share/cpmr_ch2/hook/ament_prefix_path.ps1'
[0.325s] [34mcolcon.colcon_core.shell[0m [1;30mINFO[0m Creating environment descriptor '/Users/mafu/Desktop/robotics/Lab8/ros2_ws/install/cpmr_ch2/share/cpmr_ch2/hook/ament_prefix_path.dsv'
[0.325s] [34mcolcon.colcon_core.shell[0m [1;30mINFO[0m Creating environment hook '/Users/mafu/Desktop/robotics/Lab8/ros2_ws/install/cpmr_ch2/share/cpmr_ch2/hook/ament_prefix_path.sh'
[0.325s] [34mcolcon.colcon_core.shell[0m [1;30mINFO[0m Skip shell extension 'powershell' for command environment: Not usable outside of PowerShell
[0.325s] [34mcolcon.colcon_core.shell[0m [1;30mDEBUG[0m [32mSkip shell extension 'dsv' for command environment[0m
[0.329s] [34mcolcon.colcon_ros.task.ament_python.build[0m [1;30mINFO[0m Building ROS package in '/Users/mafu/Desktop/robotics/Lab8/ros2_ws/src/cpmr_ch4' with build type 'ament_python'
[0.330s] [34mcolcon.colcon_core.shell[0m [1;30mLevel 1[0m create_environment_hook('cpmr_ch4', 'ament_prefix_path')
[0.330s] [34mcolcon.colcon_core.shell[0m [1;30mINFO[0m Creating environment hook '/Users/mafu/Desktop/robotics/Lab8/ros2_ws/install/cpmr_ch4/share/cpmr_ch4/hook/ament_prefix_path.ps1'
[0.330s] [34mcolcon.colcon_core.shell[0m [1;30mINFO[0m Creating environment descriptor '/Users/mafu/Desktop/robotics/Lab8/ros2_ws/install/cpmr_ch4/share/cpmr_ch4/hook/ament_prefix_path.dsv'
[0.331s] [34mcolcon.colcon_core.shell[0m [1;30mINFO[0m Creating environment hook '/Users/mafu/Desktop/robotics/Lab8/ros2_ws/install/cpmr_ch4/share/cpmr_ch4/hook/ament_prefix_path.sh'
[0.331s] [34mcolcon.colcon_core.shell[0m [1;30mINFO[0m Skip shell extension 'powershell' for command environment: Not usable outside of PowerShell
[0.331s] [34mcolcon.colcon_core.shell[0m [1;30mDEBUG[0m [32mSkip shell extension 'dsv' for command environment[0m
[0.335s] [34mcolcon.colcon_ros.task.ament_python.build[0m [1;30mINFO[0m Building ROS package in '/Users/mafu/Desktop/robotics/Lab8/ros2_ws/src/cpmr_ch5' with build type 'ament_python'
[0.335s] [34mcolcon.colcon_core.shell[0m [1;30mLevel 1[0m create_environment_hook('cpmr_ch5', 'ament_prefix_path')
[0.335s] [34mcolcon.colcon_core.shell[0m [1;30mINFO[0m Creating environment hook '/Users/mafu/Desktop/robotics/Lab8/ros2_ws/install/cpmr_ch5/share/cpmr_ch5/hook/ament_prefix_path.ps1'
[0.336s] [34mcolcon.colcon_core.shell[0m [1;30mINFO[0m Creating environment descriptor '/Users/mafu/Desktop/robotics/Lab8/ros2_ws/install/cpmr_ch5/share/cpmr_ch5/hook/ament_prefix_path.dsv'
[0.336s] [34mcolcon.colcon_core.shell[0m [1;30mINFO[0m Creating environment hook '/Users/mafu/Desktop/robotics/Lab8/ros2_ws/install/cpmr_ch5/share/cpmr_ch5/hook/ament_prefix_path.sh'
[0.337s] [34mcolcon.colcon_core.shell[0m [1;30mINFO[0m Skip shell extension 'powershell' for command environment: Not usable outside of PowerShell
[0.337s] [34mcolcon.colcon_core.shell[0m [1;30mDEBUG[0m [32mSkip shell extension 'dsv' for command environment[0m
[0.342s] [34mcolcon.colcon_ros.task.ament_python.build[0m [1;30mINFO[0m Building ROS package in '/Users/mafu/Desktop/robotics/Lab8/ros2_ws/src/cpmr_ch6' with build type 'ament_python'
[0.342s] [34mcolcon.colcon_core.shell[0m [1;30mLevel 1[0m create_environment_hook('cpmr_ch6', 'ament_prefix_path')
[0.342s] [34mcolcon.colcon_core.shell[0m [1;30mINFO[0m Creating environment hook '/Users/mafu/Desktop/robotics/Lab8/ros2_ws/install/cpmr_ch6/share/cpmr_ch6/hook/ament_prefix_path.ps1'
[0.343s] [34mcolcon.colcon_core.shell[0m [1;30mINFO[0m Creating environment descriptor '/Users/mafu/Desktop/robotics/Lab8/ros2_ws/install/cpmr_ch6/share/cpmr_ch6/hook/ament_prefix_path.dsv'
[0.343s] [34mcolcon.colcon_core.shell[0m [1;30mINFO[0m Creating environment hook '/Users/mafu/Desktop/robotics/Lab8/ros2_ws/install/cpmr_ch6/share/cpmr_ch6/hook/ament_prefix_path.sh'
[0.343s] [34mcolcon.colcon_core.shell[0m [1;30mINFO[0m Skip shell extension 'powershell' for command environment: Not usable outside of PowerShell
[0.343s] [34mcolcon.colcon_core.shell[0m [1;30mDEBUG[0m [32mSkip shell extension 'dsv' for command environment[0m
[0.347s] [34mcolcon.colcon_ros.task.ament_python.build[0m [1;30mINFO[0m Building ROS package in '/Users/mafu/Desktop/robotics/Lab8/ros2_ws/src/cpmr_ch7' with build type 'ament_python'
[0.347s] [34mcolcon.colcon_core.shell[0m [1;30mLevel 1[0m create_environment_hook('cpmr_ch7', 'ament_prefix_path')
[0.348s] [34mcolcon.colcon_core.shell[0m [1;30mINFO[0m Creating environment hook '/Users/mafu/Desktop/robotics/Lab8/ros2_ws/install/cpmr_ch7/share/cpmr_ch7/hook/ament_prefix_path.ps1'
[0.348s] [34mcolcon.colcon_core.shell[0m [1;30mINFO[0m Creating environment descriptor '/Users/mafu/Desktop/robotics/Lab8/ros2_ws/install/cpmr_ch7/share/cpmr_ch7/hook/ament_prefix_path.dsv'
[0.349s] [34mcolcon.colcon_core.shell[0m [1;30mINFO[0m Creating environment hook '/Users/mafu/Desktop/robotics/Lab8/ros2_ws/install/cpmr_ch7/share/cpmr_ch7/hook/ament_prefix_path.sh'
[0.349s] [34mcolcon.colcon_core.shell[0m [1;30mINFO[0m Skip shell extension 'powershell' for command environment: Not usable outside of PowerShell
[0.349s] [34mcolcon.colcon_core.shell[0m [1;30mDEBUG[0m [32mSkip shell extension 'dsv' for command environment[0m
[0.801s] [34mcolcon.colcon_core.task.python.build[0m [1;30mINFO[0m Building Python package in '/Users/mafu/Desktop/robotics/Lab8/ros2_ws/src/cpmr_apb'
[0.802s] [34mcolcon.colcon_core.shell[0m [1;30mINFO[0m Skip shell extension 'powershell' for command environment: Not usable outside of PowerShell
[0.802s] [34mcolcon.colcon_core.shell[0m [1;30mDEBUG[0m [32mSkip shell extension 'dsv' for command environment[0m
[1.253s] [34mcolcon.colcon_core.task.python.build[0m [1;30mINFO[0m Building Python package in '/Users/mafu/Desktop/robotics/Lab8/ros2_ws/src/cpmr_ch11'
[1.253s] [34mcolcon.colcon_core.shell[0m [1;30mINFO[0m Skip shell extension 'powershell' for command environment: Not usable outside of PowerShell
[1.253s] [34mcolcon.colcon_core.shell[0m [1;30mDEBUG[0m [32mSkip shell extension 'dsv' for command environment[0m
[1.803s] [34mcolcon.colcon_core.task.python.build[0m [1;30mINFO[0m Building Python package in '/Users/mafu/Desktop/robotics/Lab8/ros2_ws/src/cpmr_ch12'
[1.804s] [34mcolcon.colcon_core.shell[0m [1;30mINFO[0m Skip shell extension 'powershell' for command environment: Not usable outside of PowerShell
[1.804s] [34mcolcon.colcon_core.shell[0m [1;30mDEBUG[0m [32mSkip shell extension 'dsv' for command environment[0m
[2.256s] [34mcolcon.colcon_core.task.python.build[0m [1;30mINFO[0m Building Python package in '/Users/mafu/Desktop/robotics/Lab8/ros2_ws/src/cpmr_ch2'
[2.256s] [34mcolcon.colcon_core.shell[0m [1;30mINFO[0m Skip shell extension 'powershell' for command environment: Not usable outside of PowerShell
[2.256s] [34mcolcon.colcon_core.shell[0m [1;30mDEBUG[0m [32mSkip shell extension 'dsv' for command environment[0m
[2.696s] [34mcolcon.colcon_core.task.python.build[0m [1;30mINFO[0m Building Python package in '/Users/mafu/Desktop/robotics/Lab8/ros2_ws/src/cpmr_ch4'
[2.696s] [34mcolcon.colcon_core.shell[0m [1;30mINFO[0m Skip shell extension 'powershell' for command environment: Not usable outside of PowerShell
[2.696s] [34mcolcon.colcon_core.shell[0m [1;30mDEBUG[0m [32mSkip shell extension 'dsv' for command environment[0m
[3.139s] [34mcolcon.colcon_core.task.python.build[0m [1;30mINFO[0m Building Python package in '/Users/mafu/Desktop/robotics/Lab8/ros2_ws/src/cpmr_ch5'
[3.139s] [34mcolcon.colcon_core.shell[0m [1;30mINFO[0m Skip shell extension 'powershell' for command environment: Not usable outside of PowerShell
[3.139s] [34mcolcon.colcon_core.shell[0m [1;30mDEBUG[0m [32mSkip shell extension 'dsv' for command environment[0m
[3.586s] [34mcolcon.colcon_core.task.python.build[0m [1;30mINFO[0m Building Python package in '/Users/mafu/Desktop/robotics/Lab8/ros2_ws/src/cpmr_ch6'
[3.586s] [34mcolcon.colcon_core.shell[0m [1;30mINFO[0m Skip shell extension 'powershell' for command environment: Not usable outside of PowerShell
[3.586s] [34mcolcon.colcon_core.shell[0m [1;30mDEBUG[0m [32mSkip shell extension 'dsv' for command environment[0m
[4.041s] [34mcolcon.colcon_core.task.python.build[0m [1;30mINFO[0m Building Python package in '/Users/mafu/Desktop/robotics/Lab8/ros2_ws/src/cpmr_ch7'
[4.041s] [34mcolcon.colcon_core.shell[0m [1;30mINFO[0m Skip shell extension 'powershell' for command environment: Not usable outside of PowerShell
[4.041s] [34mcolcon.colcon_core.shell[0m [1;30mDEBUG[0m [32mSkip shell extension 'dsv' for command environment[0m
[5.435s] [34mcolcon.colcon_core.event_handler.log_command[0m [1;30mDEBUG[0m [32mInvoking command in '/Users/mafu/Desktop/robotics/Lab8/ros2_ws/src/cpmr_ch11': CONDA_PROMPT_MODIFIER=(ros_env) PYTHONPATH=/Users/mafu/Desktop/robotics/Lab8/ros2_ws/build/cpmr_ch11/prefix_override:/Users/mafu/miniforge3/envs/ros_env/lib/python3.10/site-packages/colcon_core/task/python/colcon_distutils_commands:/Users/mafu/Desktop/robotics/Lab8/ros2_ws/install/cpmr_ch11/lib/python3.10/site-packages:${PYTHONPATH} SHLVL=2 _=/Users/mafu/miniforge3/envs/ros_env/bin/env __CF_USER_TEXT_ENCODING=0x1F5:0x0:0x0 /Users/mafu/miniforge3/envs/ros_env/bin/python3.10 -W ignore:setup.py install is deprecated setup.py egg_info --egg-base ../../build/cpmr_ch11 build --build-base /Users/mafu/Desktop/robotics/Lab8/ros2_ws/build/cpmr_ch11/build install --record /Users/mafu/Desktop/robotics/Lab8/ros2_ws/build/cpmr_ch11/install.log --single-version-externally-managed install_data[0m
[5.466s] [34mcolcon.colcon_core.event_handler.log_command[0m [1;30mDEBUG[0m [32mInvoking command in '/Users/mafu/Desktop/robotics/Lab8/ros2_ws/src/cpmr_ch12': CONDA_PROMPT_MODIFIER=(ros_env) PYTHONPATH=/Users/mafu/Desktop/robotics/Lab8/ros2_ws/build/cpmr_ch12/prefix_override:/Users/mafu/miniforge3/envs/ros_env/lib/python3.10/site-packages/colcon_core/task/python/colcon_distutils_commands:/Users/mafu/Desktop/robotics/Lab8/ros2_ws/install/cpmr_ch12/lib/python3.10/site-packages:${PYTHONPATH} SHLVL=2 _=/Users/mafu/miniforge3/envs/ros_env/bin/env __CF_USER_TEXT_ENCODING=0x1F5:0x0:0x0 /Users/mafu/miniforge3/envs/ros_env/bin/python3.10 -W ignore:setup.py install is deprecated setup.py egg_info --egg-base ../../build/cpmr_ch12 build --build-base /Users/mafu/Desktop/robotics/Lab8/ros2_ws/build/cpmr_ch12/build install --record /Users/mafu/Desktop/robotics/Lab8/ros2_ws/build/cpmr_ch12/install.log --single-version-externally-managed install_data[0m
[5.491s] [34mcolcon.colcon_core.event_handler.log_command[0m [1;30mDEBUG[0m [32mInvoking command in '/Users/mafu/Desktop/robotics/Lab8/ros2_ws/src/cpmr_ch2': CONDA_PROMPT_MODIFIER=(ros_env) PYTHONPATH=/Users/mafu/Desktop/robotics/Lab8/ros2_ws/build/cpmr_ch2/prefix_override:/Users/mafu/miniforge3/envs/ros_env/lib/python3.10/site-packages/colcon_core/task/python/colcon_distutils_commands:/Users/mafu/Desktop/robotics/Lab8/ros2_ws/install/cpmr_ch2/lib/python3.10/site-packages:${PYTHONPATH} SHLVL=2 _=/Users/mafu/miniforge3/envs/ros_env/bin/env __CF_USER_TEXT_ENCODING=0x1F5:0x0:0x0 /Users/mafu/miniforge3/envs/ros_env/bin/python3.10 -W ignore:setup.py install is deprecated setup.py egg_info --egg-base ../../build/cpmr_ch2 build --build-base /Users/mafu/Desktop/robotics/Lab8/ros2_ws/build/cpmr_ch2/build install --record /Users/mafu/Desktop/robotics/Lab8/ros2_ws/build/cpmr_ch2/install.log --single-version-externally-managed install_data[0m
[5.522s] [34mcolcon.colcon_core.event_handler.log_command[0m [1;30mDEBUG[0m [32mInvoking command in '/Users/mafu/Desktop/robotics/Lab8/ros2_ws/src/cpmr_ch7': CONDA_PROMPT_MODIFIER=(ros_env) PYTHONPATH=/Users/mafu/Desktop/robotics/Lab8/ros2_ws/build/cpmr_ch7/prefix_override:/Users/mafu/miniforge3/envs/ros_env/lib/python3.10/site-packages/colcon_core/task/python/colcon_distutils_commands:/Users/mafu/Desktop/robotics/Lab8/ros2_ws/install/cpmr_ch7/lib/python3.10/site-packages:${PYTHONPATH} SHLVL=2 _=/Users/mafu/miniforge3/envs/ros_env/bin/env __CF_USER_TEXT_ENCODING=0x1F5:0x0:0x0 /Users/mafu/miniforge3/envs/ros_env/bin/python3.10 -W ignore:setup.py install is deprecated setup.py egg_info --egg-base ../../build/cpmr_ch7 build --build-base /Users/mafu/Desktop/robotics/Lab8/ros2_ws/build/cpmr_ch7/build install --record /Users/mafu/Desktop/robotics/Lab8/ros2_ws/build/cpmr_ch7/install.log --single-version-externally-managed install_data[0m
[5.528s] [34mcolcon.colcon_core.event_handler.log_command[0m [1;30mDEBUG[0m [32mInvoking command in '/Users/mafu/Desktop/robotics/Lab8/ros2_ws/src/cpmr_ch6': CONDA_PROMPT_MODIFIER=(ros_env) PYTHONPATH=/Users/mafu/Desktop/robotics/Lab8/ros2_ws/build/cpmr_ch6/prefix_override:/Users/mafu/miniforge3/envs/ros_env/lib/python3.10/site-packages/colcon_core/task/python/colcon_distutils_commands:/Users/mafu/Desktop/robotics/Lab8/ros2_ws/install/cpmr_ch6/lib/python3.10/site-packages:${PYTHONPATH} SHLVL=2 _=/Users/mafu/miniforge3/envs/ros_env/bin/env __CF_USER_TEXT_ENCODING=0x1F5:0x0:0x0 /Users/mafu/miniforge3/envs/ros_env/bin/python3.10 -W ignore:setup.py install is deprecated setup.py egg_info --egg-base ../../build/cpmr_ch6 build --build-base /Users/mafu/Desktop/robotics/Lab8/ros2_ws/build/cpmr_ch6/build install --record /Users/mafu/Desktop/robotics/Lab8/ros2_ws/build/cpmr_ch6/install.log --single-version-externally-managed install_data[0m
[5.580s] [34mcolcon.colcon_core.event_handler.log_command[0m [1;30mDEBUG[0m [32mInvoking command in '/Users/mafu/Desktop/robotics/Lab8/ros2_ws/src/cpmr_ch5': CONDA_PROMPT_MODIFIER=(ros_env) PYTHONPATH=/Users/mafu/Desktop/robotics/Lab8/ros2_ws/build/cpmr_ch5/prefix_override:/Users/mafu/miniforge3/envs/ros_env/lib/python3.10/site-packages/colcon_core/task/python/colcon_distutils_commands:/Users/mafu/Desktop/robotics/Lab8/ros2_ws/install/cpmr_ch5/lib/python3.10/site-packages:${PYTHONPATH} SHLVL=2 _=/Users/mafu/miniforge3/envs/ros_env/bin/env __CF_USER_TEXT_ENCODING=0x1F5:0x0:0x0 /Users/mafu/miniforge3/envs/ros_env/bin/python3.10 -W ignore:setup.py install is deprecated setup.py egg_info --egg-base ../../build/cpmr_ch5 build --build-base /Users/mafu/Desktop/robotics/Lab8/ros2_ws/build/cpmr_ch5/build install --record /Users/mafu/Desktop/robotics/Lab8/ros2_ws/build/cpmr_ch5/install.log --single-version-externally-managed install_data[0m
[5.595s] [34mcolcon.colcon_core.event_handler.log_command[0m [1;30mDEBUG[0m [32mInvoking command in '/Users/mafu/Desktop/robotics/Lab8/ros2_ws/src/cpmr_apb': CONDA_PROMPT_MODIFIER=(ros_env) PYTHONPATH=/Users/mafu/Desktop/robotics/Lab8/ros2_ws/build/cpmr_apb/prefix_override:/Users/mafu/miniforge3/envs/ros_env/lib/python3.10/site-packages/colcon_core/task/python/colcon_distutils_commands:/Users/mafu/Desktop/robotics/Lab8/ros2_ws/install/cpmr_apb/lib/python3.10/site-packages:${PYTHONPATH} SHLVL=2 _=/Users/mafu/miniforge3/envs/ros_env/bin/env __CF_USER_TEXT_ENCODING=0x1F5:0x0:0x0 /Users/mafu/miniforge3/envs/ros_env/bin/python3.10 -W ignore:setup.py install is deprecated setup.py egg_info --egg-base ../../build/cpmr_apb build --build-base /Users/mafu/Desktop/robotics/Lab8/ros2_ws/build/cpmr_apb/build install --record /Users/mafu/Desktop/robotics/Lab8/ros2_ws/build/cpmr_apb/install.log --single-version-externally-managed install_data[0m
[5.608s] [34mcolcon.colcon_core.event_handler.log_command[0m [1;30mDEBUG[0m [32mInvoking command in '/Users/mafu/Desktop/robotics/Lab8/ros2_ws/src/cpmr_ch4': CONDA_PROMPT_MODIFIER=(ros_env) PYTHONPATH=/Users/mafu/Desktop/robotics/Lab8/ros2_ws/build/cpmr_ch4/prefix_override:/Users/mafu/miniforge3/envs/ros_env/lib/python3.10/site-packages/colcon_core/task/python/colcon_distutils_commands:/Users/mafu/Desktop/robotics/Lab8/ros2_ws/install/cpmr_ch4/lib/python3.10/site-packages:${PYTHONPATH} SHLVL=2 _=/Users/mafu/miniforge3/envs/ros_env/bin/env __CF_USER_TEXT_ENCODING=0x1F5:0x0:0x0 /Users/mafu/miniforge3/envs/ros_env/bin/python3.10 -W ignore:setup.py install is deprecated setup.py egg_info --egg-base ../../build/cpmr_ch4 build --build-base /Users/mafu/Desktop/robotics/Lab8/ros2_ws/build/cpmr_ch4/build install --record /Users/mafu/Desktop/robotics/Lab8/ros2_ws/build/cpmr_ch4/install.log --single-version-externally-managed install_data[0m
[7.691s] [34mcolcon.colcon_core.event_handler.log_command[0m [1;30mDEBUG[0m [32mInvoked command in '/Users/mafu/Desktop/robotics/Lab8/ros2_ws/src/cpmr_ch2' returned '0': CONDA_PROMPT_MODIFIER=(ros_env) PYTHONPATH=/Users/mafu/Desktop/robotics/Lab8/ros2_ws/build/cpmr_ch2/prefix_override:/Users/mafu/miniforge3/envs/ros_env/lib/python3.10/site-packages/colcon_core/task/python/colcon_distutils_commands:/Users/mafu/Desktop/robotics/Lab8/ros2_ws/install/cpmr_ch2/lib/python3.10/site-packages:${PYTHONPATH} SHLVL=2 _=/Users/mafu/miniforge3/envs/ros_env/bin/env __CF_USER_TEXT_ENCODING=0x1F5:0x0:0x0 /Users/mafu/miniforge3/envs/ros_env/bin/python3.10 -W ignore:setup.py install is deprecated setup.py egg_info --egg-base ../../build/cpmr_ch2 build --build-base /Users/mafu/Desktop/robotics/Lab8/ros2_ws/build/cpmr_ch2/build install --record /Users/mafu/Desktop/robotics/Lab8/ros2_ws/build/cpmr_ch2/install.log --single-version-externally-managed install_data[0m
[7.695s] [34mcolcon.colcon_core.environment[0m [1;30mLevel 1[0m checking '/Users/mafu/Desktop/robotics/Lab8/ros2_ws/install/cpmr_ch2' for CMake module files
[7.696s] [34mcolcon.colcon_core.environment[0m [1;30mLevel 1[0m checking '/Users/mafu/Desktop/robotics/Lab8/ros2_ws/install/cpmr_ch2' for CMake config files
[7.697s] [34mcolcon.colcon_core.environment[0m [1;30mLevel 1[0m checking '/Users/mafu/Desktop/robotics/Lab8/ros2_ws/install/cpmr_ch2/lib'
[7.697s] [34mcolcon.colcon_core.environment[0m [1;30mLevel 1[0m checking '/Users/mafu/Desktop/robotics/Lab8/ros2_ws/install/cpmr_ch2/bin'
[7.697s] [34mcolcon.colcon_core.environment[0m [1;30mLevel 1[0m checking '/Users/mafu/Desktop/robotics/Lab8/ros2_ws/install/cpmr_ch2/lib/pkgconfig/cpmr_ch2.pc'
[7.697s] [34mcolcon.colcon_core.environment[0m [1;30mLevel 1[0m checking '/Users/mafu/Desktop/robotics/Lab8/ros2_ws/install/cpmr_ch2/lib/python3.10/site-packages'
[7.697s] [34mcolcon.colcon_core.shell[0m [1;30mLevel 1[0m create_environment_hook('cpmr_ch2', 'pythonpath')
[7.697s] [34mcolcon.colcon_core.shell[0m [1;30mINFO[0m Creating environment hook '/Users/mafu/Desktop/robotics/Lab8/ros2_ws/install/cpmr_ch2/share/cpmr_ch2/hook/pythonpath.ps1'
[7.698s] [34mcolcon.colcon_core.shell[0m [1;30mINFO[0m Creating environment descriptor '/Users/mafu/Desktop/robotics/Lab8/ros2_ws/install/cpmr_ch2/share/cpmr_ch2/hook/pythonpath.dsv'
[7.698s] [34mcolcon.colcon_core.shell[0m [1;30mINFO[0m Creating environment hook '/Users/mafu/Desktop/robotics/Lab8/ros2_ws/install/cpmr_ch2/share/cpmr_ch2/hook/pythonpath.sh'
[7.699s] [34mcolcon.colcon_core.environment[0m [1;30mLevel 1[0m checking '/Users/mafu/Desktop/robotics/Lab8/ros2_ws/install/cpmr_ch2/bin'
[7.699s] [34mcolcon.colcon_core.environment[0m [1;30mLevel 1[0m create_environment_scripts_only(cpmr_ch2)
[7.699s] [34mcolcon.colcon_core.shell[0m [1;30mINFO[0m Creating package script '/Users/mafu/Desktop/robotics/Lab8/ros2_ws/install/cpmr_ch2/share/cpmr_ch2/package.ps1'
[7.699s] [34mcolcon.colcon_core.shell[0m [1;30mINFO[0m Creating package descriptor '/Users/mafu/Desktop/robotics/Lab8/ros2_ws/install/cpmr_ch2/share/cpmr_ch2/package.dsv'
[7.700s] [34mcolcon.colcon_core.shell[0m [1;30mINFO[0m Creating package script '/Users/mafu/Desktop/robotics/Lab8/ros2_ws/install/cpmr_ch2/share/cpmr_ch2/package.sh'
[7.701s] [34mcolcon.colcon_core.shell[0m [1;30mINFO[0m Creating package script '/Users/mafu/Desktop/robotics/Lab8/ros2_ws/install/cpmr_ch2/share/cpmr_ch2/package.bash'
[7.702s] [34mcolcon.colcon_core.shell[0m [1;30mINFO[0m Creating package script '/Users/mafu/Desktop/robotics/Lab8/ros2_ws/install/cpmr_ch2/share/cpmr_ch2/package.zsh'
[7.702s] [34mcolcon.colcon_core.environment[0m [1;30mLevel 1[0m create_file_with_runtime_dependencies(/Users/mafu/Desktop/robotics/Lab8/ros2_ws/install/cpmr_ch2/share/colcon-core/packages/cpmr_ch2)
[7.705s] [34mcolcon.colcon_ros.task.ament_python.build[0m [1;30mINFO[0m Building ROS package in '/Users/mafu/Desktop/robotics/Lab8/ros2_ws/src/cpmr_ch8' with build type 'ament_python'
[7.706s] [34mcolcon.colcon_core.shell[0m [1;30mLevel 1[0m create_environment_hook('cpmr_ch8', 'ament_prefix_path')
[7.706s] [34mcolcon.colcon_core.shell[0m [1;30mINFO[0m Creating environment hook '/Users/mafu/Desktop/robotics/Lab8/ros2_ws/install/cpmr_ch8/share/cpmr_ch8/hook/ament_prefix_path.ps1'
[7.708s] [34mcolcon.colcon_core.shell[0m [1;30mINFO[0m Creating environment descriptor '/Users/mafu/Desktop/robotics/Lab8/ros2_ws/install/cpmr_ch8/share/cpmr_ch8/hook/ament_prefix_path.dsv'
[7.709s] [34mcolcon.colcon_core.shell[0m [1;30mINFO[0m Creating environment hook '/Users/mafu/Desktop/robotics/Lab8/ros2_ws/install/cpmr_ch8/share/cpmr_ch8/hook/ament_prefix_path.sh'
[7.710s] [34mcolcon.colcon_core.shell[0m [1;30mINFO[0m Skip shell extension 'powershell' for command environment: Not usable outside of PowerShell
[7.710s] [34mcolcon.colcon_core.shell[0m [1;30mDEBUG[0m [32mSkip shell extension 'dsv' for command environment[0m
[8.299s] [34mcolcon.colcon_core.task.python.build[0m [1;30mINFO[0m Building Python package in '/Users/mafu/Desktop/robotics/Lab8/ros2_ws/src/cpmr_ch8'
[8.299s] [34mcolcon.colcon_core.shell[0m [1;30mINFO[0m Skip shell extension 'powershell' for command environment: Not usable outside of PowerShell
[8.299s] [34mcolcon.colcon_core.shell[0m [1;30mDEBUG[0m [32mSkip shell extension 'dsv' for command environment[0m
[8.305s] [34mcolcon.colcon_core.environment[0m [1;30mLevel 1[0m checking '/Users/mafu/Desktop/robotics/Lab8/ros2_ws/install/cpmr_ch5' for CMake module files
[8.306s] [34mcolcon.colcon_core.environment[0m [1;30mLevel 1[0m checking '/Users/mafu/Desktop/robotics/Lab8/ros2_ws/install/cpmr_ch5' for CMake config files
[8.307s] [34mcolcon.colcon_core.event_handler.log_command[0m [1;30mDEBUG[0m [32mInvoked command in '/Users/mafu/Desktop/robotics/Lab8/ros2_ws/src/cpmr_ch5' returned '0': CONDA_PROMPT_MODIFIER=(ros_env) PYTHONPATH=/Users/mafu/Desktop/robotics/Lab8/ros2_ws/build/cpmr_ch5/prefix_override:/Users/mafu/miniforge3/envs/ros_env/lib/python3.10/site-packages/colcon_core/task/python/colcon_distutils_commands:/Users/mafu/Desktop/robotics/Lab8/ros2_ws/install/cpmr_ch5/lib/python3.10/site-packages:${PYTHONPATH} SHLVL=2 _=/Users/mafu/miniforge3/envs/ros_env/bin/env __CF_USER_TEXT_ENCODING=0x1F5:0x0:0x0 /Users/mafu/miniforge3/envs/ros_env/bin/python3.10 -W ignore:setup.py install is deprecated setup.py egg_info --egg-base ../../build/cpmr_ch5 build --build-base /Users/mafu/Desktop/robotics/Lab8/ros2_ws/build/cpmr_ch5/build install --record /Users/mafu/Desktop/robotics/Lab8/ros2_ws/build/cpmr_ch5/install.log --single-version-externally-managed install_data[0m
[8.308s] [34mcolcon.colcon_core.environment[0m [1;30mLevel 1[0m checking '/Users/mafu/Desktop/robotics/Lab8/ros2_ws/install/cpmr_ch5/lib'
[8.308s] [34mcolcon.colcon_core.environment[0m [1;30mLevel 1[0m checking '/Users/mafu/Desktop/robotics/Lab8/ros2_ws/install/cpmr_ch5/bin'
[8.308s] [34mcolcon.colcon_core.environment[0m [1;30mLevel 1[0m checking '/Users/mafu/Desktop/robotics/Lab8/ros2_ws/install/cpmr_ch5/lib/pkgconfig/cpmr_ch5.pc'
[8.308s] [34mcolcon.colcon_core.environment[0m [1;30mLevel 1[0m checking '/Users/mafu/Desktop/robotics/Lab8/ros2_ws/install/cpmr_ch5/lib/python3.10/site-packages'
[8.308s] [34mcolcon.colcon_core.shell[0m [1;30mLevel 1[0m create_environment_hook('cpmr_ch5', 'pythonpath')
[8.308s] [34mcolcon.colcon_core.shell[0m [1;30mINFO[0m Creating environment hook '/Users/mafu/Desktop/robotics/Lab8/ros2_ws/install/cpmr_ch5/share/cpmr_ch5/hook/pythonpath.ps1'
[8.309s] [34mcolcon.colcon_core.shell[0m [1;30mINFO[0m Creating environment descriptor '/Users/mafu/Desktop/robotics/Lab8/ros2_ws/install/cpmr_ch5/share/cpmr_ch5/hook/pythonpath.dsv'
[8.309s] [34mcolcon.colcon_core.shell[0m [1;30mINFO[0m Creating environment hook '/Users/mafu/Desktop/robotics/Lab8/ros2_ws/install/cpmr_ch5/share/cpmr_ch5/hook/pythonpath.sh'
[8.310s] [34mcolcon.colcon_core.environment[0m [1;30mLevel 1[0m checking '/Users/mafu/Desktop/robotics/Lab8/ros2_ws/install/cpmr_ch5/bin'
[8.310s] [34mcolcon.colcon_core.environment[0m [1;30mLevel 1[0m create_environment_scripts_only(cpmr_ch5)
[8.310s] [34mcolcon.colcon_core.shell[0m [1;30mINFO[0m Creating package script '/Users/mafu/Desktop/robotics/Lab8/ros2_ws/install/cpmr_ch5/share/cpmr_ch5/package.ps1'
[8.310s] [34mcolcon.colcon_core.shell[0m [1;30mINFO[0m Creating package descriptor '/Users/mafu/Desktop/robotics/Lab8/ros2_ws/install/cpmr_ch5/share/cpmr_ch5/package.dsv'
[8.311s] [34mcolcon.colcon_core.shell[0m [1;30mINFO[0m Creating package script '/Users/mafu/Desktop/robotics/Lab8/ros2_ws/install/cpmr_ch5/share/cpmr_ch5/package.sh'
[8.311s] [34mcolcon.colcon_core.shell[0m [1;30mINFO[0m Creating package script '/Users/mafu/Desktop/robotics/Lab8/ros2_ws/install/cpmr_ch5/share/cpmr_ch5/package.bash'
[8.311s] [34mcolcon.colcon_core.shell[0m [1;30mINFO[0m Creating package script '/Users/mafu/Desktop/robotics/Lab8/ros2_ws/install/cpmr_ch5/share/cpmr_ch5/package.zsh'
[8.311s] [34mcolcon.colcon_core.environment[0m [1;30mLevel 1[0m create_file_with_runtime_dependencies(/Users/mafu/Desktop/robotics/Lab8/ros2_ws/install/cpmr_ch5/share/colcon-core/packages/cpmr_ch5)
[8.312s] [34mcolcon.colcon_core.environment[0m [1;30mLevel 1[0m checking '/Users/mafu/Desktop/robotics/Lab8/ros2_ws/install/cpmr_ch11' for CMake module files
[8.312s] [34mcolcon.colcon_core.environment[0m [1;30mLevel 1[0m checking '/Users/mafu/Desktop/robotics/Lab8/ros2_ws/install/cpmr_ch11' for CMake config files
[8.312s] [34mcolcon.colcon_core.event_handler.log_command[0m [1;30mDEBUG[0m [32mInvoked command in '/Users/mafu/Desktop/robotics/Lab8/ros2_ws/src/cpmr_ch11' returned '0': CONDA_PROMPT_MODIFIER=(ros_env) PYTHONPATH=/Users/mafu/Desktop/robotics/Lab8/ros2_ws/build/cpmr_ch11/prefix_override:/Users/mafu/miniforge3/envs/ros_env/lib/python3.10/site-packages/colcon_core/task/python/colcon_distutils_commands:/Users/mafu/Desktop/robotics/Lab8/ros2_ws/install/cpmr_ch11/lib/python3.10/site-packages:${PYTHONPATH} SHLVL=2 _=/Users/mafu/miniforge3/envs/ros_env/bin/env __CF_USER_TEXT_ENCODING=0x1F5:0x0:0x0 /Users/mafu/miniforge3/envs/ros_env/bin/python3.10 -W ignore:setup.py install is deprecated setup.py egg_info --egg-base ../../build/cpmr_ch11 build --build-base /Users/mafu/Desktop/robotics/Lab8/ros2_ws/build/cpmr_ch11/build install --record /Users/mafu/Desktop/robotics/Lab8/ros2_ws/build/cpmr_ch11/install.log --single-version-externally-managed install_data[0m
[8.313s] [34mcolcon.colcon_core.environment[0m [1;30mLevel 1[0m checking '/Users/mafu/Desktop/robotics/Lab8/ros2_ws/install/cpmr_ch11/lib'
[8.313s] [34mcolcon.colcon_core.environment[0m [1;30mLevel 1[0m checking '/Users/mafu/Desktop/robotics/Lab8/ros2_ws/install/cpmr_ch11/bin'
[8.313s] [34mcolcon.colcon_core.environment[0m [1;30mLevel 1[0m checking '/Users/mafu/Desktop/robotics/Lab8/ros2_ws/install/cpmr_ch11/lib/pkgconfig/cpmr_ch11.pc'
[8.314s] [34mcolcon.colcon_core.environment[0m [1;30mLevel 1[0m checking '/Users/mafu/Desktop/robotics/Lab8/ros2_ws/install/cpmr_ch11/lib/python3.10/site-packages'
[8.314s] [34mcolcon.colcon_core.shell[0m [1;30mLevel 1[0m create_environment_hook('cpmr_ch11', 'pythonpath')
[8.314s] [34mcolcon.colcon_core.shell[0m [1;30mINFO[0m Creating environment hook '/Users/mafu/Desktop/robotics/Lab8/ros2_ws/install/cpmr_ch11/share/cpmr_ch11/hook/pythonpath.ps1'
[8.314s] [34mcolcon.colcon_core.shell[0m [1;30mINFO[0m Creating environment descriptor '/Users/mafu/Desktop/robotics/Lab8/ros2_ws/install/cpmr_ch11/share/cpmr_ch11/hook/pythonpath.dsv'
[8.314s] [34mcolcon.colcon_core.shell[0m [1;30mINFO[0m Creating environment hook '/Users/mafu/Desktop/robotics/Lab8/ros2_ws/install/cpmr_ch11/share/cpmr_ch11/hook/pythonpath.sh'
[8.315s] [34mcolcon.colcon_core.environment[0m [1;30mLevel 1[0m checking '/Users/mafu/Desktop/robotics/Lab8/ros2_ws/install/cpmr_ch11/bin'
[8.315s] [34mcolcon.colcon_core.environment[0m [1;30mLevel 1[0m create_environment_scripts_only(cpmr_ch11)
[8.315s] [34mcolcon.colcon_core.shell[0m [1;30mINFO[0m Creating package script '/Users/mafu/Desktop/robotics/Lab8/ros2_ws/install/cpmr_ch11/share/cpmr_ch11/package.ps1'
[8.315s] [34mcolcon.colcon_core.shell[0m [1;30mINFO[0m Creating package descriptor '/Users/mafu/Desktop/robotics/Lab8/ros2_ws/install/cpmr_ch11/share/cpmr_ch11/package.dsv'
[8.316s] [34mcolcon.colcon_core.shell[0m [1;30mINFO[0m Creating package script '/Users/mafu/Desktop/robotics/Lab8/ros2_ws/install/cpmr_ch11/share/cpmr_ch11/package.sh'
[8.316s] [34mcolcon.colcon_core.shell[0m [1;30mINFO[0m Creating package script '/Users/mafu/Desktop/robotics/Lab8/ros2_ws/install/cpmr_ch11/share/cpmr_ch11/package.bash'
[8.316s] [34mcolcon.colcon_core.shell[0m [1;30mINFO[0m Creating package script '/Users/mafu/Desktop/robotics/Lab8/ros2_ws/install/cpmr_ch11/share/cpmr_ch11/package.zsh'
[8.316s] [34mcolcon.colcon_core.environment[0m [1;30mLevel 1[0m create_file_with_runtime_dependencies(/Users/mafu/Desktop/robotics/Lab8/ros2_ws/install/cpmr_ch11/share/colcon-core/packages/cpmr_ch11)
[8.317s] [34mcolcon.colcon_core.environment[0m [1;30mLevel 1[0m checking '/Users/mafu/Desktop/robotics/Lab8/ros2_ws/install/cpmr_ch12' for CMake module files
[8.317s] [34mcolcon.colcon_core.event_handler.log_command[0m [1;30mDEBUG[0m [32mInvoked command in '/Users/mafu/Desktop/robotics/Lab8/ros2_ws/src/cpmr_ch12' returned '0': CONDA_PROMPT_MODIFIER=(ros_env) PYTHONPATH=/Users/mafu/Desktop/robotics/Lab8/ros2_ws/build/cpmr_ch12/prefix_override:/Users/mafu/miniforge3/envs/ros_env/lib/python3.10/site-packages/colcon_core/task/python/colcon_distutils_commands:/Users/mafu/Desktop/robotics/Lab8/ros2_ws/install/cpmr_ch12/lib/python3.10/site-packages:${PYTHONPATH} SHLVL=2 _=/Users/mafu/miniforge3/envs/ros_env/bin/env __CF_USER_TEXT_ENCODING=0x1F5:0x0:0x0 /Users/mafu/miniforge3/envs/ros_env/bin/python3.10 -W ignore:setup.py install is deprecated setup.py egg_info --egg-base ../../build/cpmr_ch12 build --build-base /Users/mafu/Desktop/robotics/Lab8/ros2_ws/build/cpmr_ch12/build install --record /Users/mafu/Desktop/robotics/Lab8/ros2_ws/build/cpmr_ch12/install.log --single-version-externally-managed install_data[0m
[8.317s] [34mcolcon.colcon_core.environment[0m [1;30mLevel 1[0m checking '/Users/mafu/Desktop/robotics/Lab8/ros2_ws/install/cpmr_ch12' for CMake config files
[8.318s] [34mcolcon.colcon_core.environment[0m [1;30mLevel 1[0m checking '/Users/mafu/Desktop/robotics/Lab8/ros2_ws/install/cpmr_ch12/lib'
[8.318s] [34mcolcon.colcon_core.environment[0m [1;30mLevel 1[0m checking '/Users/mafu/Desktop/robotics/Lab8/ros2_ws/install/cpmr_ch12/bin'
[8.318s] [34mcolcon.colcon_core.environment[0m [1;30mLevel 1[0m checking '/Users/mafu/Desktop/robotics/Lab8/ros2_ws/install/cpmr_ch12/lib/pkgconfig/cpmr_ch12.pc'
[8.318s] [34mcolcon.colcon_core.environment[0m [1;30mLevel 1[0m checking '/Users/mafu/Desktop/robotics/Lab8/ros2_ws/install/cpmr_ch12/lib/python3.10/site-packages'
[8.318s] [34mcolcon.colcon_core.shell[0m [1;30mLevel 1[0m create_environment_hook('cpmr_ch12', 'pythonpath')
[8.318s] [34mcolcon.colcon_core.shell[0m [1;30mINFO[0m Creating environment hook '/Users/mafu/Desktop/robotics/Lab8/ros2_ws/install/cpmr_ch12/share/cpmr_ch12/hook/pythonpath.ps1'
[8.318s] [34mcolcon.colcon_core.shell[0m [1;30mINFO[0m Creating environment descriptor '/Users/mafu/Desktop/robotics/Lab8/ros2_ws/install/cpmr_ch12/share/cpmr_ch12/hook/pythonpath.dsv'
[8.319s] [34mcolcon.colcon_core.shell[0m [1;30mINFO[0m Creating environment hook '/Users/mafu/Desktop/robotics/Lab8/ros2_ws/install/cpmr_ch12/share/cpmr_ch12/hook/pythonpath.sh'
[8.319s] [34mcolcon.colcon_core.environment[0m [1;30mLevel 1[0m checking '/Users/mafu/Desktop/robotics/Lab8/ros2_ws/install/cpmr_ch12/bin'
[8.319s] [34mcolcon.colcon_core.environment[0m [1;30mLevel 1[0m create_environment_scripts_only(cpmr_ch12)
[8.319s] [34mcolcon.colcon_core.shell[0m [1;30mINFO[0m Creating package script '/Users/mafu/Desktop/robotics/Lab8/ros2_ws/install/cpmr_ch12/share/cpmr_ch12/package.ps1'
[8.319s] [34mcolcon.colcon_core.shell[0m [1;30mINFO[0m Creating package descriptor '/Users/mafu/Desktop/robotics/Lab8/ros2_ws/install/cpmr_ch12/share/cpmr_ch12/package.dsv'
[8.320s] [34mcolcon.colcon_core.shell[0m [1;30mINFO[0m Creating package script '/Users/mafu/Desktop/robotics/Lab8/ros2_ws/install/cpmr_ch12/share/cpmr_ch12/package.sh'
[8.320s] [34mcolcon.colcon_core.shell[0m [1;30mINFO[0m Creating package script '/Users/mafu/Desktop/robotics/Lab8/ros2_ws/install/cpmr_ch12/share/cpmr_ch12/package.bash'
[8.320s] [34mcolcon.colcon_core.shell[0m [1;30mINFO[0m Creating package script '/Users/mafu/Desktop/robotics/Lab8/ros2_ws/install/cpmr_ch12/share/cpmr_ch12/package.zsh'
[8.320s] [34mcolcon.colcon_core.environment[0m [1;30mLevel 1[0m create_file_with_runtime_dependencies(/Users/mafu/Desktop/robotics/Lab8/ros2_ws/install/cpmr_ch12/share/colcon-core/packages/cpmr_ch12)
[8.321s] [34mcolcon.colcon_core.environment[0m [1;30mLevel 1[0m checking '/Users/mafu/Desktop/robotics/Lab8/ros2_ws/install/cpmr_apb' for CMake module files
[8.321s] [34mcolcon.colcon_core.event_handler.log_command[0m [1;30mDEBUG[0m [32mInvoked command in '/Users/mafu/Desktop/robotics/Lab8/ros2_ws/src/cpmr_apb' returned '0': CONDA_PROMPT_MODIFIER=(ros_env) PYTHONPATH=/Users/mafu/Desktop/robotics/Lab8/ros2_ws/build/cpmr_apb/prefix_override:/Users/mafu/miniforge3/envs/ros_env/lib/python3.10/site-packages/colcon_core/task/python/colcon_distutils_commands:/Users/mafu/Desktop/robotics/Lab8/ros2_ws/install/cpmr_apb/lib/python3.10/site-packages:${PYTHONPATH} SHLVL=2 _=/Users/mafu/miniforge3/envs/ros_env/bin/env __CF_USER_TEXT_ENCODING=0x1F5:0x0:0x0 /Users/mafu/miniforge3/envs/ros_env/bin/python3.10 -W ignore:setup.py install is deprecated setup.py egg_info --egg-base ../../build/cpmr_apb build --build-base /Users/mafu/Desktop/robotics/Lab8/ros2_ws/build/cpmr_apb/build install --record /Users/mafu/Desktop/robotics/Lab8/ros2_ws/build/cpmr_apb/install.log --single-version-externally-managed install_data[0m
[8.321s] [34mcolcon.colcon_core.environment[0m [1;30mLevel 1[0m checking '/Users/mafu/Desktop/robotics/Lab8/ros2_ws/install/cpmr_apb' for CMake config files
[8.322s] [34mcolcon.colcon_core.environment[0m [1;30mLevel 1[0m checking '/Users/mafu/Desktop/robotics/Lab8/ros2_ws/install/cpmr_apb/lib'
[8.322s] [34mcolcon.colcon_core.environment[0m [1;30mLevel 1[0m checking '/Users/mafu/Desktop/robotics/Lab8/ros2_ws/install/cpmr_apb/bin'
[8.322s] [34mcolcon.colcon_core.environment[0m [1;30mLevel 1[0m checking '/Users/mafu/Desktop/robotics/Lab8/ros2_ws/install/cpmr_apb/lib/pkgconfig/cpmr_apb.pc'
[8.322s] [34mcolcon.colcon_core.environment[0m [1;30mLevel 1[0m checking '/Users/mafu/Desktop/robotics/Lab8/ros2_ws/install/cpmr_apb/lib/python3.10/site-packages'
[8.322s] [34mcolcon.colcon_core.shell[0m [1;30mLevel 1[0m create_environment_hook('cpmr_apb', 'pythonpath')
[8.322s] [34mcolcon.colcon_core.shell[0m [1;30mINFO[0m Creating environment hook '/Users/mafu/Desktop/robotics/Lab8/ros2_ws/install/cpmr_apb/share/cpmr_apb/hook/pythonpath.ps1'
[8.323s] [34mcolcon.colcon_core.shell[0m [1;30mINFO[0m Creating environment descriptor '/Users/mafu/Desktop/robotics/Lab8/ros2_ws/install/cpmr_apb/share/cpmr_apb/hook/pythonpath.dsv'
[8.323s] [34mcolcon.colcon_core.shell[0m [1;30mINFO[0m Creating environment hook '/Users/mafu/Desktop/robotics/Lab8/ros2_ws/install/cpmr_apb/share/cpmr_apb/hook/pythonpath.sh'
[8.323s] [34mcolcon.colcon_core.environment[0m [1;30mLevel 1[0m checking '/Users/mafu/Desktop/robotics/Lab8/ros2_ws/install/cpmr_apb/bin'
[8.323s] [34mcolcon.colcon_core.environment[0m [1;30mLevel 1[0m create_environment_scripts_only(cpmr_apb)
[8.324s] [34mcolcon.colcon_core.shell[0m [1;30mINFO[0m Creating package script '/Users/mafu/Desktop/robotics/Lab8/ros2_ws/install/cpmr_apb/share/cpmr_apb/package.ps1'
[8.324s] [34mcolcon.colcon_core.shell[0m [1;30mINFO[0m Creating package descriptor '/Users/mafu/Desktop/robotics/Lab8/ros2_ws/install/cpmr_apb/share/cpmr_apb/package.dsv'
[8.324s] [34mcolcon.colcon_core.shell[0m [1;30mINFO[0m Creating package script '/Users/mafu/Desktop/robotics/Lab8/ros2_ws/install/cpmr_apb/share/cpmr_apb/package.sh'
[8.324s] [34mcolcon.colcon_core.shell[0m [1;30mINFO[0m Creating package script '/Users/mafu/Desktop/robotics/Lab8/ros2_ws/install/cpmr_apb/share/cpmr_apb/package.bash'
[8.325s] [34mcolcon.colcon_core.shell[0m [1;30mINFO[0m Creating package script '/Users/mafu/Desktop/robotics/Lab8/ros2_ws/install/cpmr_apb/share/cpmr_apb/package.zsh'
[8.325s] [34mcolcon.colcon_core.environment[0m [1;30mLevel 1[0m create_file_with_runtime_dependencies(/Users/mafu/Desktop/robotics/Lab8/ros2_ws/install/cpmr_apb/share/colcon-core/packages/cpmr_apb)
[8.325s] [34mcolcon.colcon_core.environment[0m [1;30mLevel 1[0m checking '/Users/mafu/Desktop/robotics/Lab8/ros2_ws/install/cpmr_ch7' for CMake module files
[8.326s] [34mcolcon.colcon_core.event_handler.log_command[0m [1;30mDEBUG[0m [32mInvoked command in '/Users/mafu/Desktop/robotics/Lab8/ros2_ws/src/cpmr_ch7' returned '0': CONDA_PROMPT_MODIFIER=(ros_env) PYTHONPATH=/Users/mafu/Desktop/robotics/Lab8/ros2_ws/build/cpmr_ch7/prefix_override:/Users/mafu/miniforge3/envs/ros_env/lib/python3.10/site-packages/colcon_core/task/python/colcon_distutils_commands:/Users/mafu/Desktop/robotics/Lab8/ros2_ws/install/cpmr_ch7/lib/python3.10/site-packages:${PYTHONPATH} SHLVL=2 _=/Users/mafu/miniforge3/envs/ros_env/bin/env __CF_USER_TEXT_ENCODING=0x1F5:0x0:0x0 /Users/mafu/miniforge3/envs/ros_env/bin/python3.10 -W ignore:setup.py install is deprecated setup.py egg_info --egg-base ../../build/cpmr_ch7 build --build-base /Users/mafu/Desktop/robotics/Lab8/ros2_ws/build/cpmr_ch7/build install --record /Users/mafu/Desktop/robotics/Lab8/ros2_ws/build/cpmr_ch7/install.log --single-version-externally-managed install_data[0m
[8.326s] [34mcolcon.colcon_core.environment[0m [1;30mLevel 1[0m checking '/Users/mafu/Desktop/robotics/Lab8/ros2_ws/install/cpmr_ch7' for CMake config files
[8.326s] [34mcolcon.colcon_core.environment[0m [1;30mLevel 1[0m checking '/Users/mafu/Desktop/robotics/Lab8/ros2_ws/install/cpmr_ch7/lib'
[8.326s] [34mcolcon.colcon_core.environment[0m [1;30mLevel 1[0m checking '/Users/mafu/Desktop/robotics/Lab8/ros2_ws/install/cpmr_ch7/bin'
[8.326s] [34mcolcon.colcon_core.environment[0m [1;30mLevel 1[0m checking '/Users/mafu/Desktop/robotics/Lab8/ros2_ws/install/cpmr_ch7/lib/pkgconfig/cpmr_ch7.pc'
[8.327s] [34mcolcon.colcon_core.environment[0m [1;30mLevel 1[0m checking '/Users/mafu/Desktop/robotics/Lab8/ros2_ws/install/cpmr_ch7/lib/python3.10/site-packages'
[8.327s] [34mcolcon.colcon_core.shell[0m [1;30mLevel 1[0m create_environment_hook('cpmr_ch7', 'pythonpath')
[8.327s] [34mcolcon.colcon_core.shell[0m [1;30mINFO[0m Creating environment hook '/Users/mafu/Desktop/robotics/Lab8/ros2_ws/install/cpmr_ch7/share/cpmr_ch7/hook/pythonpath.ps1'
[8.327s] [34mcolcon.colcon_core.shell[0m [1;30mINFO[0m Creating environment descriptor '/Users/mafu/Desktop/robotics/Lab8/ros2_ws/install/cpmr_ch7/share/cpmr_ch7/hook/pythonpath.dsv'
[8.327s] [34mcolcon.colcon_core.shell[0m [1;30mINFO[0m Creating environment hook '/Users/mafu/Desktop/robotics/Lab8/ros2_ws/install/cpmr_ch7/share/cpmr_ch7/hook/pythonpath.sh'
[8.328s] [34mcolcon.colcon_core.environment[0m [1;30mLevel 1[0m checking '/Users/mafu/Desktop/robotics/Lab8/ros2_ws/install/cpmr_ch7/bin'
[8.328s] [34mcolcon.colcon_core.environment[0m [1;30mLevel 1[0m create_environment_scripts_only(cpmr_ch7)
[8.328s] [34mcolcon.colcon_core.shell[0m [1;30mINFO[0m Creating package script '/Users/mafu/Desktop/robotics/Lab8/ros2_ws/install/cpmr_ch7/share/cpmr_ch7/package.ps1'
[8.328s] [34mcolcon.colcon_core.shell[0m [1;30mINFO[0m Creating package descriptor '/Users/mafu/Desktop/robotics/Lab8/ros2_ws/install/cpmr_ch7/share/cpmr_ch7/package.dsv'
[8.328s] [34mcolcon.colcon_core.shell[0m [1;30mINFO[0m Creating package script '/Users/mafu/Desktop/robotics/Lab8/ros2_ws/install/cpmr_ch7/share/cpmr_ch7/package.sh'
[8.329s] [34mcolcon.colcon_core.shell[0m [1;30mINFO[0m Creating package script '/Users/mafu/Desktop/robotics/Lab8/ros2_ws/install/cpmr_ch7/share/cpmr_ch7/package.bash'
[8.329s] [34mcolcon.colcon_core.shell[0m [1;30mINFO[0m Creating package script '/Users/mafu/Desktop/robotics/Lab8/ros2_ws/install/cpmr_ch7/share/cpmr_ch7/package.zsh'
[8.329s] [34mcolcon.colcon_core.environment[0m [1;30mLevel 1[0m create_file_with_runtime_dependencies(/Users/mafu/Desktop/robotics/Lab8/ros2_ws/install/cpmr_ch7/share/colcon-core/packages/cpmr_ch7)
[8.329s] [34mcolcon.colcon_core.environment[0m [1;30mLevel 1[0m checking '/Users/mafu/Desktop/robotics/Lab8/ros2_ws/install/cpmr_ch4' for CMake module files
[8.330s] [34mcolcon.colcon_core.event_handler.log_command[0m [1;30mDEBUG[0m [32mInvoked command in '/Users/mafu/Desktop/robotics/Lab8/ros2_ws/src/cpmr_ch4' returned '0': CONDA_PROMPT_MODIFIER=(ros_env) PYTHONPATH=/Users/mafu/Desktop/robotics/Lab8/ros2_ws/build/cpmr_ch4/prefix_override:/Users/mafu/miniforge3/envs/ros_env/lib/python3.10/site-packages/colcon_core/task/python/colcon_distutils_commands:/Users/mafu/Desktop/robotics/Lab8/ros2_ws/install/cpmr_ch4/lib/python3.10/site-packages:${PYTHONPATH} SHLVL=2 _=/Users/mafu/miniforge3/envs/ros_env/bin/env __CF_USER_TEXT_ENCODING=0x1F5:0x0:0x0 /Users/mafu/miniforge3/envs/ros_env/bin/python3.10 -W ignore:setup.py install is deprecated setup.py egg_info --egg-base ../../build/cpmr_ch4 build --build-base /Users/mafu/Desktop/robotics/Lab8/ros2_ws/build/cpmr_ch4/build install --record /Users/mafu/Desktop/robotics/Lab8/ros2_ws/build/cpmr_ch4/install.log --single-version-externally-managed install_data[0m
[8.330s] [34mcolcon.colcon_core.environment[0m [1;30mLevel 1[0m checking '/Users/mafu/Desktop/robotics/Lab8/ros2_ws/install/cpmr_ch4' for CMake config files
[8.331s] [34mcolcon.colcon_core.environment[0m [1;30mLevel 1[0m checking '/Users/mafu/Desktop/robotics/Lab8/ros2_ws/install/cpmr_ch4/lib'
[8.331s] [34mcolcon.colcon_core.environment[0m [1;30mLevel 1[0m checking '/Users/mafu/Desktop/robotics/Lab8/ros2_ws/install/cpmr_ch4/bin'
[8.331s] [34mcolcon.colcon_core.environment[0m [1;30mLevel 1[0m checking '/Users/mafu/Desktop/robotics/Lab8/ros2_ws/install/cpmr_ch4/lib/pkgconfig/cpmr_ch4.pc'
[8.331s] [34mcolcon.colcon_core.environment[0m [1;30mLevel 1[0m checking '/Users/mafu/Desktop/robotics/Lab8/ros2_ws/install/cpmr_ch4/lib/python3.10/site-packages'
[8.331s] [34mcolcon.colcon_core.shell[0m [1;30mLevel 1[0m create_environment_hook('cpmr_ch4', 'pythonpath')
[8.331s] [34mcolcon.colcon_core.shell[0m [1;30mINFO[0m Creating environment hook '/Users/mafu/Desktop/robotics/Lab8/ros2_ws/install/cpmr_ch4/share/cpmr_ch4/hook/pythonpath.ps1'
[8.332s] [34mcolcon.colcon_core.shell[0m [1;30mINFO[0m Creating environment descriptor '/Users/mafu/Desktop/robotics/Lab8/ros2_ws/install/cpmr_ch4/share/cpmr_ch4/hook/pythonpath.dsv'
[8.332s] [34mcolcon.colcon_core.shell[0m [1;30mINFO[0m Creating environment hook '/Users/mafu/Desktop/robotics/Lab8/ros2_ws/install/cpmr_ch4/share/cpmr_ch4/hook/pythonpath.sh'
[8.332s] [34mcolcon.colcon_core.environment[0m [1;30mLevel 1[0m checking '/Users/mafu/Desktop/robotics/Lab8/ros2_ws/install/cpmr_ch4/bin'
[8.332s] [34mcolcon.colcon_core.environment[0m [1;30mLevel 1[0m create_environment_scripts_only(cpmr_ch4)
[8.332s] [34mcolcon.colcon_core.shell[0m [1;30mINFO[0m Creating package script '/Users/mafu/Desktop/robotics/Lab8/ros2_ws/install/cpmr_ch4/share/cpmr_ch4/package.ps1'
[8.333s] [34mcolcon.colcon_core.shell[0m [1;30mINFO[0m Creating package descriptor '/Users/mafu/Desktop/robotics/Lab8/ros2_ws/install/cpmr_ch4/share/cpmr_ch4/package.dsv'
[8.333s] [34mcolcon.colcon_core.shell[0m [1;30mINFO[0m Creating package script '/Users/mafu/Desktop/robotics/Lab8/ros2_ws/install/cpmr_ch4/share/cpmr_ch4/package.sh'
[8.333s] [34mcolcon.colcon_core.shell[0m [1;30mINFO[0m Creating package script '/Users/mafu/Desktop/robotics/Lab8/ros2_ws/install/cpmr_ch4/share/cpmr_ch4/package.bash'
[8.333s] [34mcolcon.colcon_core.shell[0m [1;30mINFO[0m Creating package script '/Users/mafu/Desktop/robotics/Lab8/ros2_ws/install/cpmr_ch4/share/cpmr_ch4/package.zsh'
[8.334s] [34mcolcon.colcon_core.environment[0m [1;30mLevel 1[0m create_file_with_runtime_dependencies(/Users/mafu/Desktop/robotics/Lab8/ros2_ws/install/cpmr_ch4/share/colcon-core/packages/cpmr_ch4)
[8.334s] [34mcolcon.colcon_core.environment[0m [1;30mLevel 1[0m checking '/Users/mafu/Desktop/robotics/Lab8/ros2_ws/install/cpmr_ch6' for CMake module files
[8.334s] [34mcolcon.colcon_core.event_handler.log_command[0m [1;30mDEBUG[0m [32mInvoked command in '/Users/mafu/Desktop/robotics/Lab8/ros2_ws/src/cpmr_ch6' returned '0': CONDA_PROMPT_MODIFIER=(ros_env) PYTHONPATH=/Users/mafu/Desktop/robotics/Lab8/ros2_ws/build/cpmr_ch6/prefix_override:/Users/mafu/miniforge3/envs/ros_env/lib/python3.10/site-packages/colcon_core/task/python/colcon_distutils_commands:/Users/mafu/Desktop/robotics/Lab8/ros2_ws/install/cpmr_ch6/lib/python3.10/site-packages:${PYTHONPATH} SHLVL=2 _=/Users/mafu/miniforge3/envs/ros_env/bin/env __CF_USER_TEXT_ENCODING=0x1F5:0x0:0x0 /Users/mafu/miniforge3/envs/ros_env/bin/python3.10 -W ignore:setup.py install is deprecated setup.py egg_info --egg-base ../../build/cpmr_ch6 build --build-base /Users/mafu/Desktop/robotics/Lab8/ros2_ws/build/cpmr_ch6/build install --record /Users/mafu/Desktop/robotics/Lab8/ros2_ws/build/cpmr_ch6/install.log --single-version-externally-managed install_data[0m
[8.334s] [34mcolcon.colcon_core.environment[0m [1;30mLevel 1[0m checking '/Users/mafu/Desktop/robotics/Lab8/ros2_ws/install/cpmr_ch6' for CMake config files
[8.335s] [34mcolcon.colcon_core.environment[0m [1;30mLevel 1[0m checking '/Users/mafu/Desktop/robotics/Lab8/ros2_ws/install/cpmr_ch6/lib'
[8.335s] [34mcolcon.colcon_core.environment[0m [1;30mLevel 1[0m checking '/Users/mafu/Desktop/robotics/Lab8/ros2_ws/install/cpmr_ch6/bin'
[8.335s] [34mcolcon.colcon_core.environment[0m [1;30mLevel 1[0m checking '/Users/mafu/Desktop/robotics/Lab8/ros2_ws/install/cpmr_ch6/lib/pkgconfig/cpmr_ch6.pc'
[8.335s] [34mcolcon.colcon_core.environment[0m [1;30mLevel 1[0m checking '/Users/mafu/Desktop/robotics/Lab8/ros2_ws/install/cpmr_ch6/lib/python3.10/site-packages'
[8.335s] [34mcolcon.colcon_core.shell[0m [1;30mLevel 1[0m create_environment_hook('cpmr_ch6', 'pythonpath')
[8.335s] [34mcolcon.colcon_core.shell[0m [1;30mINFO[0m Creating environment hook '/Users/mafu/Desktop/robotics/Lab8/ros2_ws/install/cpmr_ch6/share/cpmr_ch6/hook/pythonpath.ps1'
[8.336s] [34mcolcon.colcon_core.shell[0m [1;30mINFO[0m Creating environment descriptor '/Users/mafu/Desktop/robotics/Lab8/ros2_ws/install/cpmr_ch6/share/cpmr_ch6/hook/pythonpath.dsv'
[8.336s] [34mcolcon.colcon_core.shell[0m [1;30mINFO[0m Creating environment hook '/Users/mafu/Desktop/robotics/Lab8/ros2_ws/install/cpmr_ch6/share/cpmr_ch6/hook/pythonpath.sh'
[8.336s] [34mcolcon.colcon_core.environment[0m [1;30mLevel 1[0m checking '/Users/mafu/Desktop/robotics/Lab8/ros2_ws/install/cpmr_ch6/bin'
[8.336s] [34mcolcon.colcon_core.environment[0m [1;30mLevel 1[0m create_environment_scripts_only(cpmr_ch6)
[8.336s] [34mcolcon.colcon_core.shell[0m [1;30mINFO[0m Creating package script '/Users/mafu/Desktop/robotics/Lab8/ros2_ws/install/cpmr_ch6/share/cpmr_ch6/package.ps1'
[8.337s] [34mcolcon.colcon_core.shell[0m [1;30mINFO[0m Creating package descriptor '/Users/mafu/Desktop/robotics/Lab8/ros2_ws/install/cpmr_ch6/share/cpmr_ch6/package.dsv'
[8.337s] [34mcolcon.colcon_core.shell[0m [1;30mINFO[0m Creating package script '/Users/mafu/Desktop/robotics/Lab8/ros2_ws/install/cpmr_ch6/share/cpmr_ch6/package.sh'
[8.337s] [34mcolcon.colcon_core.shell[0m [1;30mINFO[0m Creating package script '/Users/mafu/Desktop/robotics/Lab8/ros2_ws/install/cpmr_ch6/share/cpmr_ch6/package.bash'
[8.338s] [34mcolcon.colcon_core.shell[0m [1;30mINFO[0m Creating package script '/Users/mafu/Desktop/robotics/Lab8/ros2_ws/install/cpmr_ch6/share/cpmr_ch6/package.zsh'
[8.338s] [34mcolcon.colcon_core.environment[0m [1;30mLevel 1[0m create_file_with_runtime_dependencies(/Users/mafu/Desktop/robotics/Lab8/ros2_ws/install/cpmr_ch6/share/colcon-core/packages/cpmr_ch6)
[8.966s] [34mcolcon.colcon_core.event_handler.log_command[0m [1;30mDEBUG[0m [32mInvoking command in '/Users/mafu/Desktop/robotics/Lab8/ros2_ws/src/cpmr_ch8': CONDA_PROMPT_MODIFIER=(ros_env) PYTHONPATH=/Users/mafu/Desktop/robotics/Lab8/ros2_ws/build/cpmr_ch8/prefix_override:/Users/mafu/miniforge3/envs/ros_env/lib/python3.10/site-packages/colcon_core/task/python/colcon_distutils_commands:/Users/mafu/Desktop/robotics/Lab8/ros2_ws/install/cpmr_ch8/lib/python3.10/site-packages:${PYTHONPATH} SHLVL=2 _=/Users/mafu/miniforge3/envs/ros_env/bin/env __CF_USER_TEXT_ENCODING=0x1F5:0x0:0x0 /Users/mafu/miniforge3/envs/ros_env/bin/python3.10 -W ignore:setup.py install is deprecated setup.py egg_info --egg-base ../../build/cpmr_ch8 build --build-base /Users/mafu/Desktop/robotics/Lab8/ros2_ws/build/cpmr_ch8/build install --record /Users/mafu/Desktop/robotics/Lab8/ros2_ws/build/cpmr_ch8/install.log --single-version-externally-managed install_data[0m
[9.953s] [34mcolcon.colcon_core.environment[0m [1;30mLevel 1[0m checking '/Users/mafu/Desktop/robotics/Lab8/ros2_ws/install/cpmr_ch8' for CMake module files
[9.953s] [34mcolcon.colcon_core.event_handler.log_command[0m [1;30mDEBUG[0m [32mInvoked command in '/Users/mafu/Desktop/robotics/Lab8/ros2_ws/src/cpmr_ch8' returned '0': CONDA_PROMPT_MODIFIER=(ros_env) PYTHONPATH=/Users/mafu/Desktop/robotics/Lab8/ros2_ws/build/cpmr_ch8/prefix_override:/Users/mafu/miniforge3/envs/ros_env/lib/python3.10/site-packages/colcon_core/task/python/colcon_distutils_commands:/Users/mafu/Desktop/robotics/Lab8/ros2_ws/install/cpmr_ch8/lib/python3.10/site-packages:${PYTHONPATH} SHLVL=2 _=/Users/mafu/miniforge3/envs/ros_env/bin/env __CF_USER_TEXT_ENCODING=0x1F5:0x0:0x0 /Users/mafu/miniforge3/envs/ros_env/bin/python3.10 -W ignore:setup.py install is deprecated setup.py egg_info --egg-base ../../build/cpmr_ch8 build --build-base /Users/mafu/Desktop/robotics/Lab8/ros2_ws/build/cpmr_ch8/build install --record /Users/mafu/Desktop/robotics/Lab8/ros2_ws/build/cpmr_ch8/install.log --single-version-externally-managed install_data[0m
[9.954s] [34mcolcon.colcon_core.environment[0m [1;30mLevel 1[0m checking '/Users/mafu/Desktop/robotics/Lab8/ros2_ws/install/cpmr_ch8' for CMake config files
[9.955s] [34mcolcon.colcon_core.environment[0m [1;30mLevel 1[0m checking '/Users/mafu/Desktop/robotics/Lab8/ros2_ws/install/cpmr_ch8/lib'
[9.955s] [34mcolcon.colcon_core.environment[0m [1;30mLevel 1[0m checking '/Users/mafu/Desktop/robotics/Lab8/ros2_ws/install/cpmr_ch8/bin'
[9.955s] [34mcolcon.colcon_core.environment[0m [1;30mLevel 1[0m checking '/Users/mafu/Desktop/robotics/Lab8/ros2_ws/install/cpmr_ch8/lib/pkgconfig/cpmr_ch8.pc'
[9.955s] [34mcolcon.colcon_core.environment[0m [1;30mLevel 1[0m checking '/Users/mafu/Desktop/robotics/Lab8/ros2_ws/install/cpmr_ch8/lib/python3.10/site-packages'
[9.955s] [34mcolcon.colcon_core.shell[0m [1;30mLevel 1[0m create_environment_hook('cpmr_ch8', 'pythonpath')
[9.955s] [34mcolcon.colcon_core.shell[0m [1;30mINFO[0m Creating environment hook '/Users/mafu/Desktop/robotics/Lab8/ros2_ws/install/cpmr_ch8/share/cpmr_ch8/hook/pythonpath.ps1'
[9.956s] [34mcolcon.colcon_core.shell[0m [1;30mINFO[0m Creating environment descriptor '/Users/mafu/Desktop/robotics/Lab8/ros2_ws/install/cpmr_ch8/share/cpmr_ch8/hook/pythonpath.dsv'
[9.956s] [34mcolcon.colcon_core.shell[0m [1;30mINFO[0m Creating environment hook '/Users/mafu/Desktop/robotics/Lab8/ros2_ws/install/cpmr_ch8/share/cpmr_ch8/hook/pythonpath.sh'
[9.956s] [34mcolcon.colcon_core.environment[0m [1;30mLevel 1[0m checking '/Users/mafu/Desktop/robotics/Lab8/ros2_ws/install/cpmr_ch8/bin'
[9.956s] [34mcolcon.colcon_core.environment[0m [1;30mLevel 1[0m create_environment_scripts_only(cpmr_ch8)
[9.956s] [34mcolcon.colcon_core.shell[0m [1;30mINFO[0m Creating package script '/Users/mafu/Desktop/robotics/Lab8/ros2_ws/install/cpmr_ch8/share/cpmr_ch8/package.ps1'
[9.957s] [34mcolcon.colcon_core.shell[0m [1;30mINFO[0m Creating package descriptor '/Users/mafu/Desktop/robotics/Lab8/ros2_ws/install/cpmr_ch8/share/cpmr_ch8/package.dsv'
[9.957s] [34mcolcon.colcon_core.shell[0m [1;30mINFO[0m Creating package script '/Users/mafu/Desktop/robotics/Lab8/ros2_ws/install/cpmr_ch8/share/cpmr_ch8/package.sh'
[9.957s] [34mcolcon.colcon_core.shell[0m [1;30mINFO[0m Creating package script '/Users/mafu/Desktop/robotics/Lab8/ros2_ws/install/cpmr_ch8/share/cpmr_ch8/package.bash'
[9.957s] [34mcolcon.colcon_core.shell[0m [1;30mINFO[0m Creating package script '/Users/mafu/Desktop/robotics/Lab8/ros2_ws/install/cpmr_ch8/share/cpmr_ch8/package.zsh'
[9.958s] [34mcolcon.colcon_core.environment[0m [1;30mLevel 1[0m create_file_with_runtime_dependencies(/Users/mafu/Desktop/robotics/Lab8/ros2_ws/install/cpmr_ch8/share/colcon-core/packages/cpmr_ch8)
[9.958s] [34mcolcon.colcon_parallel_executor.executor.parallel[0m [1;30mDEBUG[0m [32mclosing loop[0m
[9.958s] [34mcolcon.colcon_parallel_executor.executor.parallel[0m [1;30mDEBUG[0m [32mloop closed[0m
[9.958s] [34mcolcon.colcon_parallel_executor.executor.parallel[0m [1;30mDEBUG[0m [32mrun_until_complete finished with '0'[0m
[9.958s] [34mcolcon.colcon_core.event_reactor[0m [1;30mDEBUG[0m [32mjoining thread[0m
[9.958s] [34mcolcon.colcon_core.event_reactor[0m [1;30mDEBUG[0m [32mjoined thread[0m
[9.958s] [34mcolcon.colcon_core.shell[0m [1;30mINFO[0m Creating prefix script '/Users/mafu/Desktop/robotics/Lab8/ros2_ws/install/local_setup.ps1'
[9.959s] [34mcolcon.colcon_core.shell[0m [1;30mINFO[0m Creating prefix util module '/Users/mafu/Desktop/robotics/Lab8/ros2_ws/install/_local_setup_util_ps1.py'
[9.960s] [34mcolcon.colcon_core.shell[0m [1;30mINFO[0m Creating prefix chain script '/Users/mafu/Desktop/robotics/Lab8/ros2_ws/install/setup.ps1'
[9.962s] [34mcolcon.colcon_core.shell[0m [1;30mINFO[0m Creating prefix script '/Users/mafu/Desktop/robotics/Lab8/ros2_ws/install/local_setup.sh'
[9.962s] [34mcolcon.colcon_core.shell[0m [1;30mINFO[0m Creating prefix util module '/Users/mafu/Desktop/robotics/Lab8/ros2_ws/install/_local_setup_util_sh.py'
[9.962s] [34mcolcon.colcon_core.shell[0m [1;30mINFO[0m Creating prefix chain script '/Users/mafu/Desktop/robotics/Lab8/ros2_ws/install/setup.sh'
[9.963s] [34mcolcon.colcon_core.shell[0m [1;30mINFO[0m Creating prefix script '/Users/mafu/Desktop/robotics/Lab8/ros2_ws/install/local_setup.bash'
[9.964s] [34mcolcon.colcon_core.shell[0m [1;30mINFO[0m Creating prefix chain script '/Users/mafu/Desktop/robotics/Lab8/ros2_ws/install/setup.bash'
[9.965s] [34mcolcon.colcon_core.shell[0m [1;30mINFO[0m Creating prefix script '/Users/mafu/Desktop/robotics/Lab8/ros2_ws/install/local_setup.zsh'
[9.966s] [34mcolcon.colcon_core.shell[0m [1;30mINFO[0m Creating prefix chain script '/Users/mafu/Desktop/robotics/Lab8/ros2_ws/install/setup.zsh'
