[2.156s] Invoking command in '/Users/mafu/Desktop/robotics/Assignment3/ros2_ws/src/cpmr_ch2': CONDA_PROMPT_MODIFIER=(ros_env) PYTHONPATH=/Users/mafu/Desktop/robotics/Assignment3/ros2_ws/build/cpmr_ch2/prefix_override:/Users/mafu/miniforge3/envs/ros_env/lib/python3.10/site-packages/colcon_core/task/python/colcon_distutils_commands:/Users/mafu/Desktop/robotics/Assignment3/ros2_ws/install/cpmr_ch2/lib/python3.10/site-packages:${PYTHONPATH} SHLVL=2 _=/Users/mafu/miniforge3/envs/ros_env/bin/env /Users/mafu/miniforge3/envs/ros_env/bin/python3.10 -W ignore:setup.py install is deprecated setup.py egg_info --egg-base ../../build/cpmr_ch2 build --build-base /Users/mafu/Desktop/robotics/Assignment3/ros2_ws/build/cpmr_ch2/build install --record /Users/mafu/Desktop/robotics/Assignment3/ros2_ws/build/cpmr_ch2/install.log --single-version-externally-managed install_data
[2.873s] running egg_info
[2.924s] writing ../../build/cpmr_ch2/cpmr_ch2.egg-info/PKG-INFO
[2.960s] writing dependency_links to ../../build/cpmr_ch2/cpmr_ch2.egg-info/dependency_links.txt
[3.071s] writing entry points to ../../build/cpmr_ch2/cpmr_ch2.egg-info/entry_points.txt
[3.144s] writing requirements to ../../build/cpmr_ch2/cpmr_ch2.egg-info/requires.txt
[3.183s] writing top-level names to ../../build/cpmr_ch2/cpmr_ch2.egg-info/top_level.txt
[3.249s] reading manifest file '../../build/cpmr_ch2/cpmr_ch2.egg-info/SOURCES.txt'
[3.250s] writing manifest file '../../build/cpmr_ch2/cpmr_ch2.egg-info/SOURCES.txt'
[3.251s] running build
[3.251s] running build_py
[3.251s] running install
[3.256s] running install_lib
[3.308s] running install_data
[3.309s] running install_egg_info
[3.363s] removing '/Users/mafu/Desktop/robotics/Assignment3/ros2_ws/install/cpmr_ch2/lib/python3.10/site-packages/cpmr_ch2-3.1.0-py3.10.egg-info' (and everything under it)
[3.363s] Copying ../../build/cpmr_ch2/cpmr_ch2.egg-info to /Users/mafu/Desktop/robotics/Assignment3/ros2_ws/install/cpmr_ch2/lib/python3.10/site-packages/cpmr_ch2-3.1.0-py3.10.egg-info
[3.366s] running install_scripts
[3.486s] Installing add_obstacle script to /Users/mafu/Desktop/robotics/Assignment3/ros2_ws/install/cpmr_ch2/lib/cpmr_ch2
[3.486s] Installing build_map script to /Users/mafu/Desktop/robotics/Assignment3/ros2_ws/install/cpmr_ch2/lib/cpmr_ch2
[3.486s] Installing destroy_map script to /Users/mafu/Desktop/robotics/Assignment3/ros2_ws/install/cpmr_ch2/lib/cpmr_ch2
[3.486s] Installing drive_to_goal script to /Users/mafu/Desktop/robotics/Assignment3/ros2_ws/install/cpmr_ch2/lib/cpmr_ch2
[3.487s] writing list of installed files to '/Users/mafu/Desktop/robotics/Assignment3/ros2_ws/build/cpmr_ch2/install.log'
[3.513s] Invoked command in '/Users/mafu/Desktop/robotics/Assignment3/ros2_ws/src/cpmr_ch2' returned '0': CONDA_PROMPT_MODIFIER=(ros_env) PYTHONPATH=/Users/mafu/Desktop/robotics/Assignment3/ros2_ws/build/cpmr_ch2/prefix_override:/Users/mafu/miniforge3/envs/ros_env/lib/python3.10/site-packages/colcon_core/task/python/colcon_distutils_commands:/Users/mafu/Desktop/robotics/Assignment3/ros2_ws/install/cpmr_ch2/lib/python3.10/site-packages:${PYTHONPATH} SHLVL=2 _=/Users/mafu/miniforge3/envs/ros_env/bin/env /Users/mafu/miniforge3/envs/ros_env/bin/python3.10 -W ignore:setup.py install is deprecated setup.py egg_info --egg-base ../../build/cpmr_ch2 build --build-base /Users/mafu/Desktop/robotics/Assignment3/ros2_ws/build/cpmr_ch2/build install --record /Users/mafu/Desktop/robotics/Assignment3/ros2_ws/build/cpmr_ch2/install.log --single-version-externally-managed install_data
