-- The C compiler identification is Clang 17.0.6
-- The CXX compiler identification is Clang 17.0.6
-- Detecting C compiler ABI info
-- Detecting C compiler ABI info - done
-- Check for working C compiler: /Users/mafu/miniconda3/envs/ros2/bin/arm64-apple-darwin20.0.0-clang - skipped
-- Detecting C compile features
-- Detecting C compile features - done
-- Detecting CXX compiler ABI info
-- Detecting CXX compiler ABI info - done
-- Check for working CXX compiler: /Users/mafu/miniconda3/envs/ros2/bin/arm64-apple-darwin20.0.0-clang++ - skipped
-- Detecting CXX compile features
-- Detecting CXX compile features - done
-- Found ament_cmake: 1.3.3 (/Users/mafu/miniconda3/envs/ros2/share/ament_cmake/cmake)
-- Found Python3: /opt/homebrew/Frameworks/Python.framework/Versions/3.12/bin/python3.12 (found version "3.12.6") found components: Interpreter 
-- Override CMake install command with custom implementation using symlinks instead of copying resources
-- Found builtin_interfaces: 1.2.1 (/Users/mafu/miniconda3/envs/ros2/share/builtin_interfaces/cmake)
-- Found rosidl_generator_c: 3.1.4 (/Users/mafu/miniconda3/envs/ros2/share/rosidl_generator_c/cmake)
-- Found rosidl_adapter: 3.1.4 (/Users/mafu/miniconda3/envs/ros2/share/rosidl_adapter/cmake)
-- Found rosidl_generator_cpp: 3.1.4 (/Users/mafu/miniconda3/envs/ros2/share/rosidl_generator_cpp/cmake)
-- Using all available rosidl_typesupport_c: rosidl_typesupport_fastrtps_c;rosidl_typesupport_introspection_c
-- Using all available rosidl_typesupport_cpp: rosidl_typesupport_fastrtps_cpp;rosidl_typesupport_introspection_cpp
-- Found std_msgs: 4.2.3 (/Users/mafu/miniconda3/envs/ros2/share/std_msgs/cmake)
-- Found trajectory_msgs: 4.2.3 (/Users/mafu/miniconda3/envs/ros2/share/trajectory_msgs/cmake)
-- Found rosidl_default_generators: 1.2.0 (/Users/mafu/miniconda3/envs/ros2/share/rosidl_default_generators/cmake)
-- Found ament_cmake_cppcheck: 0.12.5 (/Users/mafu/miniconda3/envs/ros2/share/ament_cmake_cppcheck/cmake)
-- Found ament_cmake_cpplint: 0.12.5 (/Users/mafu/miniconda3/envs/ros2/share/ament_cmake_cpplint/cmake)
-- Found ament_cmake_uncrustify: 0.12.5 (/Users/mafu/miniconda3/envs/ros2/share/ament_cmake_uncrustify/cmake)
-- Found ament_cmake_ros: 0.10.0 (/Users/mafu/miniconda3/envs/ros2/share/ament_cmake_ros/cmake)
-- Using all available rosidl_typesupport_c: rosidl_typesupport_fastrtps_c;rosidl_typesupport_introspection_c
-- Using all available rosidl_typesupport_cpp: rosidl_typesupport_fastrtps_cpp;rosidl_typesupport_introspection_cpp
-- Found PythonInterp: /Users/mafu/miniconda3/envs/ros2/bin/python3 (found suitable version "3.10.13", minimum required is "3.6") 
-- Found python_cmake_module: 0.10.0 (/Users/mafu/miniconda3/envs/ros2/share/python_cmake_module/cmake)
-- Using PythonExtra_INCLUDE_DIRS: /Users/mafu/miniconda3/envs/ros2/include/python3.10;/Users/mafu/miniconda3/envs/ros2/include/python3.10
-- Using PythonExtra_LIBRARIES: /Users/mafu/miniconda3/envs/ros2/lib/libpython3.10.dylib
-- Found PythonExtra: .so  
-- Configuring incomplete, errors occurred!
CMake Error at /Users/mafu/miniconda3/envs/ros2/share/cmake-3.26/Modules/FindPackageHandleStandardArgs.cmake:230 (message):
  Could NOT find Python3 (missing: Python3_NumPy_INCLUDE_DIRS NumPy) (found
  version "3.12.6")
Call Stack (most recent call first):
  /Users/mafu/miniconda3/envs/ros2/share/cmake-3.26/Modules/FindPackageHandleStandardArgs.cmake:600 (_FPHSA_FAILURE_MESSAGE)
  /Users/mafu/miniconda3/envs/ros2/share/cmake-3.26/Modules/FindPython/Support.cmake:3766 (find_package_handle_standard_args)
  /Users/mafu/miniconda3/envs/ros2/share/cmake-3.26/Modules/FindPython3.cmake:551 (include)
  /Users/mafu/miniconda3/envs/ros2/share/rosidl_generator_py/cmake/rosidl_generator_py_generate_interfaces.cmake:24 (find_package)
  /Users/mafu/miniconda3/envs/ros2/share/ament_cmake_core/cmake/core/ament_execute_extensions.cmake:48 (include)
  /Users/mafu/miniconda3/envs/ros2/share/rosidl_cmake/cmake/rosidl_generate_interfaces.cmake:286 (ament_execute_extensions)
  CMakeLists.txt:70 (rosidl_generate_interfaces)


