[0.053s] Invoking command in '/Users/mafu/Desktop/EECS_4421_Robotics/CPMR3/ros2_ws/src/build/gazebo_msgs': CMAKE_PREFIX_PATH=${CMAKE_PREFIX_PATH}:/Users/mafu/Desktop/EECS_4421_Robotics/CPMR3/ros2_ws/install/cpmr_ch8:/Users/mafu/Desktop/EECS_4421_Robotics/CPMR3/ros2_ws/install/cpmr_ch7:/Users/mafu/Desktop/EECS_4421_Robotics/CPMR3/ros2_ws/install/cpmr_ch6:/Users/mafu/Desktop/EECS_4421_Robotics/CPMR3/ros2_ws/install/cpmr_ch5:/Users/mafu/Desktop/EECS_4421_Robotics/CPMR3/ros2_ws/install/cpmr_ch4:/Users/mafu/Desktop/EECS_4421_Robotics/CPMR3/ros2_ws/install/cpmr_ch2:/Users/mafu/Desktop/EECS_4421_Robotics/CPMR3/ros2_ws/install/cpmr_ch12:/Users/mafu/Desktop/EECS_4421_Robotics/CPMR3/ros2_ws/install/cpmr_ch11:/Users/mafu/Desktop/EECS_4421_Robotics/CPMR3/ros2_ws/install/cpmr_apb CONDA_PROMPT_MODIFIER=(ros2) SHLVL=2 _=/Users/mafu/miniconda3/envs/ros2/bin/env __CF_USER_TEXT_ENCODING=0x1F5:0x0:0x52 /Users/mafu/miniconda3/envs/ros2/bin/cmake /Users/mafu/Desktop/EECS_4421_Robotics/CPMR3/ros2_ws/src/gazebo_ros_pkgs/gazebo_msgs -DAMENT_CMAKE_SYMLINK_INSTALL=1 -DCMAKE_INSTALL_PREFIX=/Users/mafu/Desktop/EECS_4421_Robotics/CPMR3/ros2_ws/src/install/gazebo_msgs
[2.321s] -- The C compiler identification is Clang 17.0.6
[2.321s] -- The CXX compiler identification is Clang 17.0.6
[2.321s] -- Detecting C compiler ABI info
[2.321s] -- Detecting C compiler ABI info - done
[2.321s] -- Check for working C compiler: /Users/mafu/miniconda3/envs/ros2/bin/arm64-apple-darwin20.0.0-clang - skipped
[2.321s] -- Detecting C compile features
[2.321s] -- Detecting C compile features - done
[2.321s] -- Detecting CXX compiler ABI info
[2.321s] -- Detecting CXX compiler ABI info - done
[2.321s] -- Check for working CXX compiler: /Users/mafu/miniconda3/envs/ros2/bin/arm64-apple-darwin20.0.0-clang++ - skipped
[2.321s] -- Detecting CXX compile features
[2.321s] -- Detecting CXX compile features - done
[2.321s] -- Found ament_cmake: 1.3.3 (/Users/mafu/miniconda3/envs/ros2/share/ament_cmake/cmake)
[2.322s] -- Found Python3: /opt/homebrew/Frameworks/Python.framework/Versions/3.12/bin/python3.12 (found version "3.12.6") found components: Interpreter 
[2.322s] -- Override CMake install command with custom implementation using symlinks instead of copying resources
[2.322s] -- Found builtin_interfaces: 1.2.1 (/Users/mafu/miniconda3/envs/ros2/share/builtin_interfaces/cmake)
[2.322s] -- Found rosidl_generator_c: 3.1.4 (/Users/mafu/miniconda3/envs/ros2/share/rosidl_generator_c/cmake)
[2.322s] -- Found rosidl_adapter: 3.1.4 (/Users/mafu/miniconda3/envs/ros2/share/rosidl_adapter/cmake)
[2.322s] -- Found rosidl_generator_cpp: 3.1.4 (/Users/mafu/miniconda3/envs/ros2/share/rosidl_generator_cpp/cmake)
[2.322s] -- Using all available rosidl_typesupport_c: rosidl_typesupport_fastrtps_c;rosidl_typesupport_introspection_c
[2.322s] -- Using all available rosidl_typesupport_cpp: rosidl_typesupport_fastrtps_cpp;rosidl_typesupport_introspection_cpp
[2.322s] -- Found std_msgs: 4.2.3 (/Users/mafu/miniconda3/envs/ros2/share/std_msgs/cmake)
[2.322s] -- Found trajectory_msgs: 4.2.3 (/Users/mafu/miniconda3/envs/ros2/share/trajectory_msgs/cmake)
[2.322s] -- Found rosidl_default_generators: 1.2.0 (/Users/mafu/miniconda3/envs/ros2/share/rosidl_default_generators/cmake)
[2.812s] -- Found ament_cmake_cppcheck: 0.12.5 (/Users/mafu/miniconda3/envs/ros2/share/ament_cmake_cppcheck/cmake)
[2.812s] -- Found ament_cmake_cpplint: 0.12.5 (/Users/mafu/miniconda3/envs/ros2/share/ament_cmake_cpplint/cmake)
[2.813s] -- Found ament_cmake_uncrustify: 0.12.5 (/Users/mafu/miniconda3/envs/ros2/share/ament_cmake_uncrustify/cmake)
[2.813s] -- Found ament_cmake_ros: 0.10.0 (/Users/mafu/miniconda3/envs/ros2/share/ament_cmake_ros/cmake)
[3.327s] -- Using all available rosidl_typesupport_c: rosidl_typesupport_fastrtps_c;rosidl_typesupport_introspection_c
[3.515s] -- Using all available rosidl_typesupport_cpp: rosidl_typesupport_fastrtps_cpp;rosidl_typesupport_introspection_cpp
[3.538s] -- Found PythonInterp: /Users/mafu/miniconda3/envs/ros2/bin/python3 (found suitable version "3.10.13", minimum required is "3.6") 
[3.548s] -- Found python_cmake_module: 0.10.0 (/Users/mafu/miniconda3/envs/ros2/share/python_cmake_module/cmake)
[4.293s] -- Using PythonExtra_INCLUDE_DIRS: /Users/mafu/miniconda3/envs/ros2/include/python3.10;/Users/mafu/miniconda3/envs/ros2/include/python3.10
[4.293s] -- Using PythonExtra_LIBRARIES: /Users/mafu/miniconda3/envs/ros2/lib/libpython3.10.dylib
[4.294s] -- Found PythonExtra: .so  
[4.294s] -- Configuring incomplete, errors occurred!
[4.294s] CMake Error at /Users/mafu/miniconda3/envs/ros2/share/cmake-3.26/Modules/FindPackageHandleStandardArgs.cmake:230 (message):
[4.296s]   Could NOT find Python3 (missing: Python3_NumPy_INCLUDE_DIRS NumPy) (found
[4.296s]   version "3.12.6")
[4.296s] Call Stack (most recent call first):
[4.296s]   /Users/mafu/miniconda3/envs/ros2/share/cmake-3.26/Modules/FindPackageHandleStandardArgs.cmake:600 (_FPHSA_FAILURE_MESSAGE)
[4.296s]   /Users/mafu/miniconda3/envs/ros2/share/cmake-3.26/Modules/FindPython/Support.cmake:3766 (find_package_handle_standard_args)
[4.296s]   /Users/mafu/miniconda3/envs/ros2/share/cmake-3.26/Modules/FindPython3.cmake:551 (include)
[4.296s]   /Users/mafu/miniconda3/envs/ros2/share/rosidl_generator_py/cmake/rosidl_generator_py_generate_interfaces.cmake:24 (find_package)
[4.296s]   /Users/mafu/miniconda3/envs/ros2/share/ament_cmake_core/cmake/core/ament_execute_extensions.cmake:48 (include)
[4.297s]   /Users/mafu/miniconda3/envs/ros2/share/rosidl_cmake/cmake/rosidl_generate_interfaces.cmake:286 (ament_execute_extensions)
[4.297s]   CMakeLists.txt:70 (rosidl_generate_interfaces)
[4.297s] 
[4.297s] 
[4.297s] Invoked command in '/Users/mafu/Desktop/EECS_4421_Robotics/CPMR3/ros2_ws/src/build/gazebo_msgs' returned '1': CMAKE_PREFIX_PATH=${CMAKE_PREFIX_PATH}:/Users/mafu/Desktop/EECS_4421_Robotics/CPMR3/ros2_ws/install/cpmr_ch8:/Users/mafu/Desktop/EECS_4421_Robotics/CPMR3/ros2_ws/install/cpmr_ch7:/Users/mafu/Desktop/EECS_4421_Robotics/CPMR3/ros2_ws/install/cpmr_ch6:/Users/mafu/Desktop/EECS_4421_Robotics/CPMR3/ros2_ws/install/cpmr_ch5:/Users/mafu/Desktop/EECS_4421_Robotics/CPMR3/ros2_ws/install/cpmr_ch4:/Users/mafu/Desktop/EECS_4421_Robotics/CPMR3/ros2_ws/install/cpmr_ch2:/Users/mafu/Desktop/EECS_4421_Robotics/CPMR3/ros2_ws/install/cpmr_ch12:/Users/mafu/Desktop/EECS_4421_Robotics/CPMR3/ros2_ws/install/cpmr_ch11:/Users/mafu/Desktop/EECS_4421_Robotics/CPMR3/ros2_ws/install/cpmr_apb CONDA_PROMPT_MODIFIER=(ros2) SHLVL=2 _=/Users/mafu/miniconda3/envs/ros2/bin/env __CF_USER_TEXT_ENCODING=0x1F5:0x0:0x52 /Users/mafu/miniconda3/envs/ros2/bin/cmake /Users/mafu/Desktop/EECS_4421_Robotics/CPMR3/ros2_ws/src/gazebo_ros_pkgs/gazebo_msgs -DAMENT_CMAKE_SYMLINK_INSTALL=1 -DCMAKE_INSTALL_PREFIX=/Users/mafu/Desktop/EECS_4421_Robotics/CPMR3/ros2_ws/src/install/gazebo_msgs
