[4.877s] Invoking command in '/Users/mafu/Library/CloudStorage/GoogleDrive-mafu@my.yorku.ca/Other computers/My Laptop/E:/0.2 Fall 2024/EECS_4421_Robotics/Labs/Lab2/CPMR3/ros2_ws/src/cpmr_ch5': CONDA_PROMPT_MODIFIER=(ros3) PYTHONPATH=/Users/mafu/Library/CloudStorage/GoogleDrive-mafu@my.yorku.ca/Other computers/My Laptop/E:/0.2 Fall 2024/EECS_4421_Robotics/Labs/Lab2/CPMR3/ros2_ws/build/cpmr_ch5/prefix_override:/opt/miniconda3/envs/ros3/lib/python3.10/site-packages/colcon_core/task/python/colcon_distutils_commands:/Users/mafu/Library/CloudStorage/GoogleDrive-mafu@my.yorku.ca/Other computers/My Laptop/E:/0.2 Fall 2024/EECS_4421_Robotics/Labs/Lab2/CPMR3/ros2_ws/install/cpmr_ch5/lib/python3.10/site-packages:${PYTHONPATH} SHLVL=2 _=/opt/miniconda3/envs/ros3/bin/env __CF_USER_TEXT_ENCODING=0x1F5:0x0:0x52 /opt/miniconda3/envs/ros3/bin/python3.10 -W ignore:setup.py install is deprecated setup.py egg_info --egg-base ../../build/cpmr_ch5 build --build-base /Users/mafu/Library/CloudStorage/GoogleDrive-mafu@my.yorku.ca/Other computers/My Laptop/E:/0.2 Fall 2024/EECS_4421_Robotics/Labs/Lab2/CPMR3/ros2_ws/build/cpmr_ch5/build install --record /Users/mafu/Library/CloudStorage/GoogleDrive-mafu@my.yorku.ca/Other computers/My Laptop/E:/0.2 Fall 2024/EECS_4421_Robotics/Labs/Lab2/CPMR3/ros2_ws/build/cpmr_ch5/install.log --single-version-externally-managed install_data
[6.334s] running egg_info
[6.463s] writing ../../build/cpmr_ch5/cpmr_ch5.egg-info/PKG-INFO
[6.540s] writing dependency_links to ../../build/cpmr_ch5/cpmr_ch5.egg-info/dependency_links.txt
[6.754s] writing entry points to ../../build/cpmr_ch5/cpmr_ch5.egg-info/entry_points.txt
[6.963s] writing requirements to ../../build/cpmr_ch5/cpmr_ch5.egg-info/requires.txt
[7.013s] writing top-level names to ../../build/cpmr_ch5/cpmr_ch5.egg-info/top_level.txt
[7.089s] reading manifest file '../../build/cpmr_ch5/cpmr_ch5.egg-info/SOURCES.txt'
[7.090s] writing manifest file '../../build/cpmr_ch5/cpmr_ch5.egg-info/SOURCES.txt'
[7.091s] running build
[7.091s] running build_py
[7.091s] running install
[7.097s] running install_lib
[7.172s] running install_data
[7.172s] running install_egg_info
[7.278s] removing '/opt/miniconda3/envs/ros3/lib/python3.10/site-packages/cpmr_ch5-3.1.0-py3.10.egg-info' (and everything under it)
[7.278s] Copying ../../build/cpmr_ch5/cpmr_ch5.egg-info to /opt/miniconda3/envs/ros3/lib/python3.10/site-packages/cpmr_ch5-3.1.0-py3.10.egg-info
[7.293s] running install_scripts
[7.527s] Installing aruco_target script to /opt/miniconda3/envs/ros3/lib/cpmr_ch5
[7.527s] Installing canny_edges script to /opt/miniconda3/envs/ros3/lib/cpmr_ch5
[7.527s] Installing good_features script to /opt/miniconda3/envs/ros3/lib/cpmr_ch5
[7.540s] Installing harris_corners script to /opt/miniconda3/envs/ros3/lib/cpmr_ch5
[7.540s] Installing opencv_camera script to /opt/miniconda3/envs/ros3/lib/cpmr_ch5
[7.553s] Installing view_camera script to /opt/miniconda3/envs/ros3/lib/cpmr_ch5
[7.553s] writing list of installed files to '/Users/mafu/Library/CloudStorage/GoogleDrive-mafu@my.yorku.ca/Other computers/My Laptop/E:/0.2 Fall 2024/EECS_4421_Robotics/Labs/Lab2/CPMR3/ros2_ws/build/cpmr_ch5/install.log'
[7.593s] Invoked command in '/Users/mafu/Library/CloudStorage/GoogleDrive-mafu@my.yorku.ca/Other computers/My Laptop/E:/0.2 Fall 2024/EECS_4421_Robotics/Labs/Lab2/CPMR3/ros2_ws/src/cpmr_ch5' returned '0': CONDA_PROMPT_MODIFIER=(ros3) PYTHONPATH=/Users/mafu/Library/CloudStorage/GoogleDrive-mafu@my.yorku.ca/Other computers/My Laptop/E:/0.2 Fall 2024/EECS_4421_Robotics/Labs/Lab2/CPMR3/ros2_ws/build/cpmr_ch5/prefix_override:/opt/miniconda3/envs/ros3/lib/python3.10/site-packages/colcon_core/task/python/colcon_distutils_commands:/Users/mafu/Library/CloudStorage/GoogleDrive-mafu@my.yorku.ca/Other computers/My Laptop/E:/0.2 Fall 2024/EECS_4421_Robotics/Labs/Lab2/CPMR3/ros2_ws/install/cpmr_ch5/lib/python3.10/site-packages:${PYTHONPATH} SHLVL=2 _=/opt/miniconda3/envs/ros3/bin/env __CF_USER_TEXT_ENCODING=0x1F5:0x0:0x52 /opt/miniconda3/envs/ros3/bin/python3.10 -W ignore:setup.py install is deprecated setup.py egg_info --egg-base ../../build/cpmr_ch5 build --build-base /Users/mafu/Library/CloudStorage/GoogleDrive-mafu@my.yorku.ca/Other computers/My Laptop/E:/0.2 Fall 2024/EECS_4421_Robotics/Labs/Lab2/CPMR3/ros2_ws/build/cpmr_ch5/build install --record /Users/mafu/Library/CloudStorage/GoogleDrive-mafu@my.yorku.ca/Other computers/My Laptop/E:/0.2 Fall 2024/EECS_4421_Robotics/Labs/Lab2/CPMR3/ros2_ws/build/cpmr_ch5/install.log --single-version-externally-managed install_data
