[0.434s] Invoking command in '/Users/mafu/Library/CloudStorage/GoogleDrive-mafu@my.yorku.ca/Other computers/My Laptop/E:/0.2 Fall 2024/EECS_4421_Robotics/Labs/Lab3/CPMR3/ros2_ws/src/cpmr_ch2': CONDA_PROMPT_MODIFIER=(ros2) PYTHONPATH=/Users/mafu/Library/CloudStorage/GoogleDrive-mafu@my.yorku.ca/Other computers/My Laptop/E:/0.2 Fall 2024/EECS_4421_Robotics/Labs/Lab3/CPMR3/ros2_ws/build/cpmr_ch2/prefix_override:/opt/miniconda3/envs/ros2/lib/python3.11/site-packages/colcon_core/task/python/colcon_distutils_commands:/Users/mafu/Library/CloudStorage/GoogleDrive-mafu@my.yorku.ca/Other computers/My Laptop/E:/0.2 Fall 2024/EECS_4421_Robotics/Labs/Lab3/CPMR3/ros2_ws/install/cpmr_ch2/lib/python3.11/site-packages:${PYTHONPATH} SHLVL=2 _=/opt/miniconda3/envs/ros2/bin/env __CF_USER_TEXT_ENCODING=0x1F5:0x0:0x52 /opt/miniconda3/envs/ros2/bin/python3.11 -W ignore:setup.py install is deprecated setup.py egg_info --egg-base ../../build/cpmr_ch2 build --build-base /Users/mafu/Library/CloudStorage/GoogleDrive-mafu@my.yorku.ca/Other computers/My Laptop/E:/0.2 Fall 2024/EECS_4421_Robotics/Labs/Lab3/CPMR3/ros2_ws/build/cpmr_ch2/build install --record /Users/mafu/Library/CloudStorage/GoogleDrive-mafu@my.yorku.ca/Other computers/My Laptop/E:/0.2 Fall 2024/EECS_4421_Robotics/Labs/Lab3/CPMR3/ros2_ws/build/cpmr_ch2/install.log --single-version-externally-managed install_data
[0.570s] running egg_info
[0.570s] writing ../../build/cpmr_ch2/cpmr_ch2.egg-info/PKG-INFO
[0.571s] writing dependency_links to ../../build/cpmr_ch2/cpmr_ch2.egg-info/dependency_links.txt
[0.571s] writing entry points to ../../build/cpmr_ch2/cpmr_ch2.egg-info/entry_points.txt
[0.571s] writing requirements to ../../build/cpmr_ch2/cpmr_ch2.egg-info/requires.txt
[0.573s] writing top-level names to ../../build/cpmr_ch2/cpmr_ch2.egg-info/top_level.txt
[0.574s] reading manifest file '../../build/cpmr_ch2/cpmr_ch2.egg-info/SOURCES.txt'
[0.575s] writing manifest file '../../build/cpmr_ch2/cpmr_ch2.egg-info/SOURCES.txt'
[0.575s] running build
[0.575s] running build_py
[0.576s] running install
[0.576s] running install_lib
[0.577s] copying /Users/mafu/Library/CloudStorage/GoogleDrive-mafu@my.yorku.ca/Other computers/My Laptop/E:/0.2 Fall 2024/EECS_4421_Robotics/Labs/Lab3/CPMR3/ros2_ws/build/cpmr_ch2/build/lib/cpmr_ch2/drive_to_goal.py -> /opt/miniconda3/envs/ros2/lib/python3.11/site-packages/cpmr_ch2
[0.577s] copying /Users/mafu/Library/CloudStorage/GoogleDrive-mafu@my.yorku.ca/Other computers/My Laptop/E:/0.2 Fall 2024/EECS_4421_Robotics/Labs/Lab3/CPMR3/ros2_ws/build/cpmr_ch2/build/lib/cpmr_ch2/build_map.py -> /opt/miniconda3/envs/ros2/lib/python3.11/site-packages/cpmr_ch2
[0.578s] copying /Users/mafu/Library/CloudStorage/GoogleDrive-mafu@my.yorku.ca/Other computers/My Laptop/E:/0.2 Fall 2024/EECS_4421_Robotics/Labs/Lab3/CPMR3/ros2_ws/build/cpmr_ch2/build/lib/cpmr_ch2/__init__.py -> /opt/miniconda3/envs/ros2/lib/python3.11/site-packages/cpmr_ch2
[1.723s] copying /Users/mafu/Library/CloudStorage/GoogleDrive-mafu@my.yorku.ca/Other computers/My Laptop/E:/0.2 Fall 2024/EECS_4421_Robotics/Labs/Lab3/CPMR3/ros2_ws/build/cpmr_ch2/build/lib/cpmr_ch2/add_obstacle.py -> /opt/miniconda3/envs/ros2/lib/python3.11/site-packages/cpmr_ch2
[1.724s] copying /Users/mafu/Library/CloudStorage/GoogleDrive-mafu@my.yorku.ca/Other computers/My Laptop/E:/0.2 Fall 2024/EECS_4421_Robotics/Labs/Lab3/CPMR3/ros2_ws/build/cpmr_ch2/build/lib/cpmr_ch2/destroy_map.py -> /opt/miniconda3/envs/ros2/lib/python3.11/site-packages/cpmr_ch2
[1.727s] byte-compiling /opt/miniconda3/envs/ros2/lib/python3.11/site-packages/cpmr_ch2/drive_to_goal.py to drive_to_goal.cpython-311.pyc
[1.730s] byte-compiling /opt/miniconda3/envs/ros2/lib/python3.11/site-packages/cpmr_ch2/build_map.py to build_map.cpython-311.pyc
[1.732s] byte-compiling /opt/miniconda3/envs/ros2/lib/python3.11/site-packages/cpmr_ch2/__init__.py to __init__.cpython-311.pyc
[1.733s] byte-compiling /opt/miniconda3/envs/ros2/lib/python3.11/site-packages/cpmr_ch2/add_obstacle.py to add_obstacle.cpython-311.pyc
[1.735s] byte-compiling /opt/miniconda3/envs/ros2/lib/python3.11/site-packages/cpmr_ch2/destroy_map.py to destroy_map.cpython-311.pyc
[1.736s] running install_data
[1.736s] running install_egg_info
[1.740s] removing '/opt/miniconda3/envs/ros2/lib/python3.11/site-packages/cpmr_ch2-3.1.0-py3.11.egg-info' (and everything under it)
[1.741s] Copying ../../build/cpmr_ch2/cpmr_ch2.egg-info to /opt/miniconda3/envs/ros2/lib/python3.11/site-packages/cpmr_ch2-3.1.0-py3.11.egg-info
[1.745s] running install_scripts
[1.780s] Installing add_obstacle script to /opt/miniconda3/envs/ros2/lib/cpmr_ch2
[1.780s] Installing build_map script to /opt/miniconda3/envs/ros2/lib/cpmr_ch2
[1.780s] Installing destroy_map script to /opt/miniconda3/envs/ros2/lib/cpmr_ch2
[1.780s] Installing drive_to_goal script to /opt/miniconda3/envs/ros2/lib/cpmr_ch2
[1.781s] writing list of installed files to '/Users/mafu/Library/CloudStorage/GoogleDrive-mafu@my.yorku.ca/Other computers/My Laptop/E:/0.2 Fall 2024/EECS_4421_Robotics/Labs/Lab3/CPMR3/ros2_ws/build/cpmr_ch2/install.log'
[1.800s] Invoked command in '/Users/mafu/Library/CloudStorage/GoogleDrive-mafu@my.yorku.ca/Other computers/My Laptop/E:/0.2 Fall 2024/EECS_4421_Robotics/Labs/Lab3/CPMR3/ros2_ws/src/cpmr_ch2' returned '0': CONDA_PROMPT_MODIFIER=(ros2) PYTHONPATH=/Users/mafu/Library/CloudStorage/GoogleDrive-mafu@my.yorku.ca/Other computers/My Laptop/E:/0.2 Fall 2024/EECS_4421_Robotics/Labs/Lab3/CPMR3/ros2_ws/build/cpmr_ch2/prefix_override:/opt/miniconda3/envs/ros2/lib/python3.11/site-packages/colcon_core/task/python/colcon_distutils_commands:/Users/mafu/Library/CloudStorage/GoogleDrive-mafu@my.yorku.ca/Other computers/My Laptop/E:/0.2 Fall 2024/EECS_4421_Robotics/Labs/Lab3/CPMR3/ros2_ws/install/cpmr_ch2/lib/python3.11/site-packages:${PYTHONPATH} SHLVL=2 _=/opt/miniconda3/envs/ros2/bin/env __CF_USER_TEXT_ENCODING=0x1F5:0x0:0x52 /opt/miniconda3/envs/ros2/bin/python3.11 -W ignore:setup.py install is deprecated setup.py egg_info --egg-base ../../build/cpmr_ch2 build --build-base /Users/mafu/Library/CloudStorage/GoogleDrive-mafu@my.yorku.ca/Other computers/My Laptop/E:/0.2 Fall 2024/EECS_4421_Robotics/Labs/Lab3/CPMR3/ros2_ws/build/cpmr_ch2/build install --record /Users/mafu/Library/CloudStorage/GoogleDrive-mafu@my.yorku.ca/Other computers/My Laptop/E:/0.2 Fall 2024/EECS_4421_Robotics/Labs/Lab3/CPMR3/ros2_ws/build/cpmr_ch2/install.log --single-version-externally-managed install_data
