running egg_info
writing ../../build/cpmr_ch2/cpmr_ch2.egg-info/PKG-INFO
writing dependency_links to ../../build/cpmr_ch2/cpmr_ch2.egg-info/dependency_links.txt
writing entry points to ../../build/cpmr_ch2/cpmr_ch2.egg-info/entry_points.txt
writing requirements to ../../build/cpmr_ch2/cpmr_ch2.egg-info/requires.txt
writing top-level names to ../../build/cpmr_ch2/cpmr_ch2.egg-info/top_level.txt
reading manifest file '../../build/cpmr_ch2/cpmr_ch2.egg-info/SOURCES.txt'
writing manifest file '../../build/cpmr_ch2/cpmr_ch2.egg-info/SOURCES.txt'
running build
running build_py
copying cpmr_ch2/drive_to_goal.py -> /Users/mafu/Library/CloudStorage/GoogleDrive-mafu@my.yorku.ca/Other computers/My Laptop/E:/0.2 Fall 2024/EECS_4421_Robotics/Labs/Lab2/CPMR3/ros2_ws/build/cpmr_ch2/build/lib/cpmr_ch2
copying cpmr_ch2/build_map.py -> /Users/mafu/Library/CloudStorage/GoogleDrive-mafu@my.yorku.ca/Other computers/My Laptop/E:/0.2 Fall 2024/EECS_4421_Robotics/Labs/Lab2/CPMR3/ros2_ws/build/cpmr_ch2/build/lib/cpmr_ch2
copying cpmr_ch2/__init__.py -> /Users/mafu/Library/CloudStorage/GoogleDrive-mafu@my.yorku.ca/Other computers/My Laptop/E:/0.2 Fall 2024/EECS_4421_Robotics/Labs/Lab2/CPMR3/ros2_ws/build/cpmr_ch2/build/lib/cpmr_ch2
copying cpmr_ch2/add_obstacle.py -> /Users/mafu/Library/CloudStorage/GoogleDrive-mafu@my.yorku.ca/Other computers/My Laptop/E:/0.2 Fall 2024/EECS_4421_Robotics/Labs/Lab2/CPMR3/ros2_ws/build/cpmr_ch2/build/lib/cpmr_ch2
copying cpmr_ch2/destroy_map.py -> /Users/mafu/Library/CloudStorage/GoogleDrive-mafu@my.yorku.ca/Other computers/My Laptop/E:/0.2 Fall 2024/EECS_4421_Robotics/Labs/Lab2/CPMR3/ros2_ws/build/cpmr_ch2/build/lib/cpmr_ch2
running install
running install_lib
creating /opt/miniconda3/envs/ros_env/lib/python3.11/site-packages/cpmr_ch2
copying /Users/mafu/Library/CloudStorage/GoogleDrive-mafu@my.yorku.ca/Other computers/My Laptop/E:/0.2 Fall 2024/EECS_4421_Robotics/Labs/Lab2/CPMR3/ros2_ws/build/cpmr_ch2/build/lib/cpmr_ch2/drive_to_goal.py -> /opt/miniconda3/envs/ros_env/lib/python3.11/site-packages/cpmr_ch2
copying /Users/mafu/Library/CloudStorage/GoogleDrive-mafu@my.yorku.ca/Other computers/My Laptop/E:/0.2 Fall 2024/EECS_4421_Robotics/Labs/Lab2/CPMR3/ros2_ws/build/cpmr_ch2/build/lib/cpmr_ch2/build_map.py -> /opt/miniconda3/envs/ros_env/lib/python3.11/site-packages/cpmr_ch2
copying /Users/mafu/Library/CloudStorage/GoogleDrive-mafu@my.yorku.ca/Other computers/My Laptop/E:/0.2 Fall 2024/EECS_4421_Robotics/Labs/Lab2/CPMR3/ros2_ws/build/cpmr_ch2/build/lib/cpmr_ch2/__init__.py -> /opt/miniconda3/envs/ros_env/lib/python3.11/site-packages/cpmr_ch2
copying /Users/mafu/Library/CloudStorage/GoogleDrive-mafu@my.yorku.ca/Other computers/My Laptop/E:/0.2 Fall 2024/EECS_4421_Robotics/Labs/Lab2/CPMR3/ros2_ws/build/cpmr_ch2/build/lib/cpmr_ch2/add_obstacle.py -> /opt/miniconda3/envs/ros_env/lib/python3.11/site-packages/cpmr_ch2
copying /Users/mafu/Library/CloudStorage/GoogleDrive-mafu@my.yorku.ca/Other computers/My Laptop/E:/0.2 Fall 2024/EECS_4421_Robotics/Labs/Lab2/CPMR3/ros2_ws/build/cpmr_ch2/build/lib/cpmr_ch2/destroy_map.py -> /opt/miniconda3/envs/ros_env/lib/python3.11/site-packages/cpmr_ch2
byte-compiling /opt/miniconda3/envs/ros_env/lib/python3.11/site-packages/cpmr_ch2/drive_to_goal.py to drive_to_goal.cpython-311.pyc
byte-compiling /opt/miniconda3/envs/ros_env/lib/python3.11/site-packages/cpmr_ch2/build_map.py to build_map.cpython-311.pyc
byte-compiling /opt/miniconda3/envs/ros_env/lib/python3.11/site-packages/cpmr_ch2/__init__.py to __init__.cpython-311.pyc
byte-compiling /opt/miniconda3/envs/ros_env/lib/python3.11/site-packages/cpmr_ch2/add_obstacle.py to add_obstacle.cpython-311.pyc
byte-compiling /opt/miniconda3/envs/ros_env/lib/python3.11/site-packages/cpmr_ch2/destroy_map.py to destroy_map.cpython-311.pyc
running install_data
copying resource/cpmr_ch2 -> /opt/miniconda3/envs/ros_env/share/ament_index/resource_index/packages
creating /opt/miniconda3/envs/ros_env/share/cpmr_ch2
copying package.xml -> /opt/miniconda3/envs/ros_env/share/cpmr_ch2
copying launch/destroy_map.launch.py -> /opt/miniconda3/envs/ros_env/share/cpmr_ch2
copying launch/drive_robot.launch.py -> /opt/miniconda3/envs/ros_env/share/cpmr_ch2
copying launch/build_map.launch.py -> /opt/miniconda3/envs/ros_env/share/cpmr_ch2
copying launch/gazebo.launch.py -> /opt/miniconda3/envs/ros_env/share/cpmr_ch2
copying maps/default.json -> /opt/miniconda3/envs/ros_env/share/cpmr_ch2
running install_egg_info
Copying ../../build/cpmr_ch2/cpmr_ch2.egg-info to /opt/miniconda3/envs/ros_env/lib/python3.11/site-packages/cpmr_ch2-3.1.0-py3.11.egg-info
running install_scripts
Installing add_obstacle script to /opt/miniconda3/envs/ros_env/lib/cpmr_ch2
Installing build_map script to /opt/miniconda3/envs/ros_env/lib/cpmr_ch2
Installing destroy_map script to /opt/miniconda3/envs/ros_env/lib/cpmr_ch2
Installing drive_to_goal script to /opt/miniconda3/envs/ros_env/lib/cpmr_ch2
writing list of installed files to '/Users/mafu/Library/CloudStorage/GoogleDrive-mafu@my.yorku.ca/Other computers/My Laptop/E:/0.2 Fall 2024/EECS_4421_Robotics/Labs/Lab2/CPMR3/ros2_ws/build/cpmr_ch2/install.log'
