[2.956s] Invoking command in '/Users/mafu/Library/CloudStorage/GoogleDrive-mafu@my.yorku.ca/Other computers/My Laptop/E:/0.2 Fall 2024/EECS_4421_Robotics/Labs/Lab2/CPMR3/ros2_ws/build/cpmr_ch6': CONDA_PROMPT_MODIFIER=(ros2) PYTHONPATH=/Users/mafu/Library/CloudStorage/GoogleDrive-mafu@my.yorku.ca/Other computers/My Laptop/E:/0.2 Fall 2024/EECS_4421_Robotics/Labs/Lab2/CPMR3/ros2_ws/build/cpmr_ch6/prefix_override:/opt/miniconda3/envs/ros2/lib/python3.11/site-packages/colcon_core/task/python/colcon_distutils_commands:/Users/mafu/Library/CloudStorage/GoogleDrive-mafu@my.yorku.ca/Other computers/My Laptop/E:/0.2 Fall 2024/EECS_4421_Robotics/Labs/Lab2/CPMR3/ros2_ws/install/cpmr_ch6/lib/python3.11/site-packages:${PYTHONPATH} SHLVL=2 _=/opt/miniconda3/envs/ros2/bin/env __CF_USER_TEXT_ENCODING=0x1F5:0x0:0x52 /opt/miniconda3/envs/ros2/bin/python3.11 -W ignore:setup.py install is deprecated setup.py develop --uninstall --editable --build-directory /Users/mafu/Library/CloudStorage/GoogleDrive-mafu@my.yorku.ca/Other computers/My Laptop/E:/0.2 Fall 2024/EECS_4421_Robotics/Labs/Lab2/CPMR3/ros2_ws/build/cpmr_ch6/build
[3.374s] /opt/miniconda3/envs/ros2/lib/python3.11/site-packages/setuptools/_distutils/dist.py:261: UserWarning: Unknown distribution option: 'tests_require'
[3.375s]   warnings.warn(msg)
[3.713s] running develop
[3.713s] /opt/miniconda3/envs/ros2/lib/python3.11/site-packages/setuptools/command/develop.py:41: EasyInstallDeprecationWarning: easy_install command is deprecated.
[3.713s] !!
[3.714s] 
[3.714s]         ********************************************************************************
[3.714s]         Please avoid running ``setup.py`` and ``easy_install``.
[3.714s]         Instead, use pypa/build, pypa/installer or other
[3.714s]         standards-based tools.
[3.714s] 
[3.714s]         See https://github.com/pypa/setuptools/issues/917 for details.
[3.714s]         ********************************************************************************
[3.714s] 
[3.715s] !!
[3.715s]   easy_install.initialize_options(self)
[4.730s] Invoked command in '/Users/mafu/Library/CloudStorage/GoogleDrive-mafu@my.yorku.ca/Other computers/My Laptop/E:/0.2 Fall 2024/EECS_4421_Robotics/Labs/Lab2/CPMR3/ros2_ws/build/cpmr_ch6' returned '0': CONDA_PROMPT_MODIFIER=(ros2) PYTHONPATH=/Users/mafu/Library/CloudStorage/GoogleDrive-mafu@my.yorku.ca/Other computers/My Laptop/E:/0.2 Fall 2024/EECS_4421_Robotics/Labs/Lab2/CPMR3/ros2_ws/build/cpmr_ch6/prefix_override:/opt/miniconda3/envs/ros2/lib/python3.11/site-packages/colcon_core/task/python/colcon_distutils_commands:/Users/mafu/Library/CloudStorage/GoogleDrive-mafu@my.yorku.ca/Other computers/My Laptop/E:/0.2 Fall 2024/EECS_4421_Robotics/Labs/Lab2/CPMR3/ros2_ws/install/cpmr_ch6/lib/python3.11/site-packages:${PYTHONPATH} SHLVL=2 _=/opt/miniconda3/envs/ros2/bin/env __CF_USER_TEXT_ENCODING=0x1F5:0x0:0x52 /opt/miniconda3/envs/ros2/bin/python3.11 -W ignore:setup.py install is deprecated setup.py develop --uninstall --editable --build-directory /Users/mafu/Library/CloudStorage/GoogleDrive-mafu@my.yorku.ca/Other computers/My Laptop/E:/0.2 Fall 2024/EECS_4421_Robotics/Labs/Lab2/CPMR3/ros2_ws/build/cpmr_ch6/build
[4.734s] Invoking command in '/Users/mafu/Library/CloudStorage/GoogleDrive-mafu@my.yorku.ca/Other computers/My Laptop/E:/0.2 Fall 2024/EECS_4421_Robotics/Labs/Lab2/CPMR3/ros2_ws/src/cpmr_ch6': CONDA_PROMPT_MODIFIER=(ros2) PYTHONPATH=/Users/mafu/Library/CloudStorage/GoogleDrive-mafu@my.yorku.ca/Other computers/My Laptop/E:/0.2 Fall 2024/EECS_4421_Robotics/Labs/Lab2/CPMR3/ros2_ws/build/cpmr_ch6/prefix_override:/opt/miniconda3/envs/ros2/lib/python3.11/site-packages/colcon_core/task/python/colcon_distutils_commands:/Users/mafu/Library/CloudStorage/GoogleDrive-mafu@my.yorku.ca/Other computers/My Laptop/E:/0.2 Fall 2024/EECS_4421_Robotics/Labs/Lab2/CPMR3/ros2_ws/install/cpmr_ch6/lib/python3.11/site-packages:${PYTHONPATH} SHLVL=2 _=/opt/miniconda3/envs/ros2/bin/env __CF_USER_TEXT_ENCODING=0x1F5:0x0:0x52 /opt/miniconda3/envs/ros2/bin/python3.11 -W ignore:setup.py install is deprecated setup.py egg_info --egg-base ../../build/cpmr_ch6 build --build-base /Users/mafu/Library/CloudStorage/GoogleDrive-mafu@my.yorku.ca/Other computers/My Laptop/E:/0.2 Fall 2024/EECS_4421_Robotics/Labs/Lab2/CPMR3/ros2_ws/build/cpmr_ch6/build install --record /Users/mafu/Library/CloudStorage/GoogleDrive-mafu@my.yorku.ca/Other computers/My Laptop/E:/0.2 Fall 2024/EECS_4421_Robotics/Labs/Lab2/CPMR3/ros2_ws/build/cpmr_ch6/install.log --single-version-externally-managed install_data --force
[5.080s] /opt/miniconda3/envs/ros2/lib/python3.11/site-packages/setuptools/_distutils/dist.py:261: UserWarning: Unknown distribution option: 'tests_require'
[5.080s]   warnings.warn(msg)
[5.364s] running egg_info
[5.392s] writing ../../build/cpmr_ch6/cpmr_ch6.egg-info/PKG-INFO
[5.404s] writing dependency_links to ../../build/cpmr_ch6/cpmr_ch6.egg-info/dependency_links.txt
[5.405s] writing entry points to ../../build/cpmr_ch6/cpmr_ch6.egg-info/entry_points.txt
[5.405s] writing requirements to ../../build/cpmr_ch6/cpmr_ch6.egg-info/requires.txt
[5.406s] writing top-level names to ../../build/cpmr_ch6/cpmr_ch6.egg-info/top_level.txt
[5.506s] reading manifest file '../../build/cpmr_ch6/cpmr_ch6.egg-info/SOURCES.txt'
[5.520s] writing manifest file '../../build/cpmr_ch6/cpmr_ch6.egg-info/SOURCES.txt'
[5.523s] running build
[5.523s] running build_py
[5.528s] running install
[5.532s] running install_lib
[5.564s] copying /Users/mafu/Library/CloudStorage/GoogleDrive-mafu@my.yorku.ca/Other computers/My Laptop/E:/0.2 Fall 2024/EECS_4421_Robotics/Labs/Lab2/CPMR3/ros2_ws/build/cpmr_ch6/build/lib/cpmr_ch6/__init__.py -> /opt/miniconda3/envs/ros2/lib/python3.11/site-packages/cpmr_ch6
[5.566s] copying /Users/mafu/Library/CloudStorage/GoogleDrive-mafu@my.yorku.ca/Other computers/My Laptop/E:/0.2 Fall 2024/EECS_4421_Robotics/Labs/Lab2/CPMR3/ros2_ws/build/cpmr_ch6/build/lib/cpmr_ch6/auto_drive_by_road.py -> /opt/miniconda3/envs/ros2/lib/python3.11/site-packages/cpmr_ch6
[5.566s] copying /Users/mafu/Library/CloudStorage/GoogleDrive-mafu@my.yorku.ca/Other computers/My Laptop/E:/0.2 Fall 2024/EECS_4421_Robotics/Labs/Lab2/CPMR3/ros2_ws/build/cpmr_ch6/build/lib/cpmr_ch6/drive_by_line.py -> /opt/miniconda3/envs/ros2/lib/python3.11/site-packages/cpmr_ch6
[5.571s] copying /Users/mafu/Library/CloudStorage/GoogleDrive-mafu@my.yorku.ca/Other computers/My Laptop/E:/0.2 Fall 2024/EECS_4421_Robotics/Labs/Lab2/CPMR3/ros2_ws/build/cpmr_ch6/build/lib/cpmr_ch6/auto_drive_by_line.py -> /opt/miniconda3/envs/ros2/lib/python3.11/site-packages/cpmr_ch6
[5.572s] copying /Users/mafu/Library/CloudStorage/GoogleDrive-mafu@my.yorku.ca/Other computers/My Laptop/E:/0.2 Fall 2024/EECS_4421_Robotics/Labs/Lab2/CPMR3/ros2_ws/build/cpmr_ch6/build/lib/cpmr_ch6/drive_by_road.py -> /opt/miniconda3/envs/ros2/lib/python3.11/site-packages/cpmr_ch6
[5.575s] running install_data
[5.575s] copying resource/cpmr_ch6 -> /opt/miniconda3/envs/ros2/share/ament_index/resource_index/packages
[5.575s] copying package.xml -> /opt/miniconda3/envs/ros2/share/cpmr_ch6
[5.577s] copying launch/drive_by_line.launch.py -> /opt/miniconda3/envs/ros2/share/cpmr_ch6
[5.578s] copying launch/drive_by_road.launch.py -> /opt/miniconda3/envs/ros2/share/cpmr_ch6
[5.579s] copying launch/auto_drive_by_road.launch.py -> /opt/miniconda3/envs/ros2/share/cpmr_ch6
[5.580s] copying launch/auto_drive_by_line.launch.py -> /opt/miniconda3/envs/ros2/share/cpmr_ch6
[5.581s] copying urdf/scout-camera.urdf.xacro -> /opt/miniconda3/envs/ros2/share/cpmr_ch6
[5.583s] copying urdf/scout-line-follower.urdf.xacro -> /opt/miniconda3/envs/ros2/share/cpmr_ch6
[5.583s] copying urdf/colors.xacro -> /opt/miniconda3/envs/ros2/share/cpmr_ch6
[5.586s] running install_egg_info
[5.628s] removing '/opt/miniconda3/envs/ros2/lib/python3.11/site-packages/cpmr_ch6-3.1.0-py3.11.egg-info' (and everything under it)
[5.631s] Copying ../../build/cpmr_ch6/cpmr_ch6.egg-info to /opt/miniconda3/envs/ros2/lib/python3.11/site-packages/cpmr_ch6-3.1.0-py3.11.egg-info
[5.640s] running install_scripts
[5.911s] Installing auto_drive_by_line script to /opt/miniconda3/envs/ros2/lib/cpmr_ch6
[5.929s] Installing auto_drive_by_road script to /opt/miniconda3/envs/ros2/lib/cpmr_ch6
[5.929s] Installing drive_by_line script to /opt/miniconda3/envs/ros2/lib/cpmr_ch6
[5.932s] Installing drive_by_road script to /opt/miniconda3/envs/ros2/lib/cpmr_ch6
[5.932s] writing list of installed files to '/Users/mafu/Library/CloudStorage/GoogleDrive-mafu@my.yorku.ca/Other computers/My Laptop/E:/0.2 Fall 2024/EECS_4421_Robotics/Labs/Lab2/CPMR3/ros2_ws/build/cpmr_ch6/install.log'
[5.984s] Invoked command in '/Users/mafu/Library/CloudStorage/GoogleDrive-mafu@my.yorku.ca/Other computers/My Laptop/E:/0.2 Fall 2024/EECS_4421_Robotics/Labs/Lab2/CPMR3/ros2_ws/src/cpmr_ch6' returned '0': CONDA_PROMPT_MODIFIER=(ros2) PYTHONPATH=/Users/mafu/Library/CloudStorage/GoogleDrive-mafu@my.yorku.ca/Other computers/My Laptop/E:/0.2 Fall 2024/EECS_4421_Robotics/Labs/Lab2/CPMR3/ros2_ws/build/cpmr_ch6/prefix_override:/opt/miniconda3/envs/ros2/lib/python3.11/site-packages/colcon_core/task/python/colcon_distutils_commands:/Users/mafu/Library/CloudStorage/GoogleDrive-mafu@my.yorku.ca/Other computers/My Laptop/E:/0.2 Fall 2024/EECS_4421_Robotics/Labs/Lab2/CPMR3/ros2_ws/install/cpmr_ch6/lib/python3.11/site-packages:${PYTHONPATH} SHLVL=2 _=/opt/miniconda3/envs/ros2/bin/env __CF_USER_TEXT_ENCODING=0x1F5:0x0:0x52 /opt/miniconda3/envs/ros2/bin/python3.11 -W ignore:setup.py install is deprecated setup.py egg_info --egg-base ../../build/cpmr_ch6 build --build-base /Users/mafu/Library/CloudStorage/GoogleDrive-mafu@my.yorku.ca/Other computers/My Laptop/E:/0.2 Fall 2024/EECS_4421_Robotics/Labs/Lab2/CPMR3/ros2_ws/build/cpmr_ch6/build install --record /Users/mafu/Library/CloudStorage/GoogleDrive-mafu@my.yorku.ca/Other computers/My Laptop/E:/0.2 Fall 2024/EECS_4421_Robotics/Labs/Lab2/CPMR3/ros2_ws/build/cpmr_ch6/install.log --single-version-externally-managed install_data --force
