[6.882s] Invoking command in '/Users/mafu/Desktop/EECS_4421_Robotics/Labs/Lab3/CPMR3/ros2_ws/src/cpmr_ch7': CONDA_PROMPT_MODIFIER=(ros2) PYTHONPATH=/Users/mafu/Desktop/EECS_4421_Robotics/Labs/Lab3/CPMR3/ros2_ws/build/cpmr_ch7/prefix_override:/Users/mafu/miniconda3/envs/ros2/lib/python3.10/site-packages/colcon_core/task/python/colcon_distutils_commands:/Users/mafu/Desktop/EECS_4421_Robotics/Labs/Lab3/CPMR3/ros2_ws/install/cpmr_ch7/lib/python3.10/site-packages:${PYTHONPATH} SHLVL=2 _=/Users/mafu/miniconda3/envs/ros2/bin/env __CF_USER_TEXT_ENCODING=0x1F5:0x0:0x52 /Users/mafu/miniconda3/envs/ros2/bin/python3.10 -W ignore:setup.py install is deprecated setup.py egg_info --egg-base ../../build/cpmr_ch7 build --build-base /Users/mafu/Desktop/EECS_4421_Robotics/Labs/Lab3/CPMR3/ros2_ws/build/cpmr_ch7/build install --record /Users/mafu/Desktop/EECS_4421_Robotics/Labs/Lab3/CPMR3/ros2_ws/build/cpmr_ch7/install.log --single-version-externally-managed install_data
[7.766s] running egg_info
[7.826s] writing ../../build/cpmr_ch7/cpmr_ch7.egg-info/PKG-INFO
[7.878s] writing dependency_links to ../../build/cpmr_ch7/cpmr_ch7.egg-info/dependency_links.txt
[8.026s] writing entry points to ../../build/cpmr_ch7/cpmr_ch7.egg-info/entry_points.txt
[8.122s] writing requirements to ../../build/cpmr_ch7/cpmr_ch7.egg-info/requires.txt
[8.170s] writing top-level names to ../../build/cpmr_ch7/cpmr_ch7.egg-info/top_level.txt
[8.250s] reading manifest file '../../build/cpmr_ch7/cpmr_ch7.egg-info/SOURCES.txt'
[8.250s] writing manifest file '../../build/cpmr_ch7/cpmr_ch7.egg-info/SOURCES.txt'
[8.250s] running build
[8.250s] running build_py
[8.256s] running install
[8.256s] running install_lib
[8.319s] running install_data
[8.319s] running install_egg_info
[8.470s] removing '/Users/mafu/Desktop/EECS_4421_Robotics/Labs/Lab3/CPMR3/ros2_ws/install/cpmr_ch7/lib/python3.10/site-packages/cpmr_ch7-3.1.0-py3.10.egg-info' (and everything under it)
[8.472s] Copying ../../build/cpmr_ch7/cpmr_ch7.egg-info to /Users/mafu/Desktop/EECS_4421_Robotics/Labs/Lab3/CPMR3/ros2_ws/install/cpmr_ch7/lib/python3.10/site-packages/cpmr_ch7-3.1.0-py3.10.egg-info
[8.472s] running install_scripts
[8.989s] Installing build_map script to /Users/mafu/Desktop/EECS_4421_Robotics/Labs/Lab3/CPMR3/ros2_ws/install/cpmr_ch7/lib/cpmr_ch7
[8.990s] writing list of installed files to '/Users/mafu/Desktop/EECS_4421_Robotics/Labs/Lab3/CPMR3/ros2_ws/build/cpmr_ch7/install.log'
[9.001s] Invoked command in '/Users/mafu/Desktop/EECS_4421_Robotics/Labs/Lab3/CPMR3/ros2_ws/src/cpmr_ch7' returned '0': CONDA_PROMPT_MODIFIER=(ros2) PYTHONPATH=/Users/mafu/Desktop/EECS_4421_Robotics/Labs/Lab3/CPMR3/ros2_ws/build/cpmr_ch7/prefix_override:/Users/mafu/miniconda3/envs/ros2/lib/python3.10/site-packages/colcon_core/task/python/colcon_distutils_commands:/Users/mafu/Desktop/EECS_4421_Robotics/Labs/Lab3/CPMR3/ros2_ws/install/cpmr_ch7/lib/python3.10/site-packages:${PYTHONPATH} SHLVL=2 _=/Users/mafu/miniconda3/envs/ros2/bin/env __CF_USER_TEXT_ENCODING=0x1F5:0x0:0x52 /Users/mafu/miniconda3/envs/ros2/bin/python3.10 -W ignore:setup.py install is deprecated setup.py egg_info --egg-base ../../build/cpmr_ch7 build --build-base /Users/mafu/Desktop/EECS_4421_Robotics/Labs/Lab3/CPMR3/ros2_ws/build/cpmr_ch7/build install --record /Users/mafu/Desktop/EECS_4421_Robotics/Labs/Lab3/CPMR3/ros2_ws/build/cpmr_ch7/install.log --single-version-externally-managed install_data
