[0.508s] Invoking command in '/Users/mafu/Library/CloudStorage/GoogleDrive-mafu@my.yorku.ca/Other computers/My Laptop/E:/0.2 Fall 2024/EECS_4421_Robotics/Labs/Lab2/CPMR3/ros2_ws/src/cpmr_ch8': CONDA_PROMPT_MODIFIER=(ros2) PYTHONPATH=/Users/mafu/Library/CloudStorage/GoogleDrive-mafu@my.yorku.ca/Other computers/My Laptop/E:/0.2 Fall 2024/EECS_4421_Robotics/Labs/Lab2/CPMR3/ros2_ws/build/cpmr_ch8/prefix_override:/opt/miniconda3/envs/ros2/lib/python3.11/site-packages/colcon_core/task/python/colcon_distutils_commands:/Users/mafu/Library/CloudStorage/GoogleDrive-mafu@my.yorku.ca/Other computers/My Laptop/E:/0.2 Fall 2024/EECS_4421_Robotics/Labs/Lab2/CPMR3/ros2_ws/install/cpmr_ch8/lib/python3.11/site-packages:${PYTHONPATH} SHLVL=2 _=/opt/miniconda3/envs/ros2/bin/env __CF_USER_TEXT_ENCODING=0x1F5:0x0:0x52 /opt/miniconda3/envs/ros2/bin/python3.11 -W ignore:setup.py install is deprecated setup.py egg_info --egg-base ../../build/cpmr_ch8 build --build-base /Users/mafu/Library/CloudStorage/GoogleDrive-mafu@my.yorku.ca/Other computers/My Laptop/E:/0.2 Fall 2024/EECS_4421_Robotics/Labs/Lab2/CPMR3/ros2_ws/build/cpmr_ch8/build install --record /Users/mafu/Library/CloudStorage/GoogleDrive-mafu@my.yorku.ca/Other computers/My Laptop/E:/0.2 Fall 2024/EECS_4421_Robotics/Labs/Lab2/CPMR3/ros2_ws/build/cpmr_ch8/install.log --single-version-externally-managed install_data
[0.611s] /opt/miniconda3/envs/ros2/lib/python3.11/site-packages/setuptools/_distutils/dist.py:261: UserWarning: Unknown distribution option: 'tests_require'
[0.611s]   warnings.warn(msg)
[0.668s] running egg_info
[0.677s] writing ../../build/cpmr_ch8/cpmr_ch8.egg-info/PKG-INFO
[0.680s] writing dependency_links to ../../build/cpmr_ch8/cpmr_ch8.egg-info/dependency_links.txt
[0.680s] writing entry points to ../../build/cpmr_ch8/cpmr_ch8.egg-info/entry_points.txt
[0.680s] writing requirements to ../../build/cpmr_ch8/cpmr_ch8.egg-info/requires.txt
[0.680s] writing top-level names to ../../build/cpmr_ch8/cpmr_ch8.egg-info/top_level.txt
[0.698s] reading manifest file '../../build/cpmr_ch8/cpmr_ch8.egg-info/SOURCES.txt'
[0.699s] writing manifest file '../../build/cpmr_ch8/cpmr_ch8.egg-info/SOURCES.txt'
[0.699s] running build
[0.699s] running build_py
[0.700s] running install
[0.703s] running install_lib
[0.713s] copying /Users/mafu/Library/CloudStorage/GoogleDrive-mafu@my.yorku.ca/Other computers/My Laptop/E:/0.2 Fall 2024/EECS_4421_Robotics/Labs/Lab2/CPMR3/ros2_ws/build/cpmr_ch8/build/lib/cpmr_ch8/view_camera.py -> /opt/miniconda3/envs/ros2/lib/python3.11/site-packages/cpmr_ch8
[0.713s] copying /Users/mafu/Library/CloudStorage/GoogleDrive-mafu@my.yorku.ca/Other computers/My Laptop/E:/0.2 Fall 2024/EECS_4421_Robotics/Labs/Lab2/CPMR3/ros2_ws/build/cpmr_ch8/build/lib/cpmr_ch8/__init__.py -> /opt/miniconda3/envs/ros2/lib/python3.11/site-packages/cpmr_ch8
[0.713s] copying /Users/mafu/Library/CloudStorage/GoogleDrive-mafu@my.yorku.ca/Other computers/My Laptop/E:/0.2 Fall 2024/EECS_4421_Robotics/Labs/Lab2/CPMR3/ros2_ws/build/cpmr_ch8/build/lib/cpmr_ch8/fsm.py -> /opt/miniconda3/envs/ros2/lib/python3.11/site-packages/cpmr_ch8
[0.714s] running install_data
[0.714s] copying resource/cpmr_ch8 -> /opt/miniconda3/envs/ros2/share/ament_index/resource_index/packages
[0.715s] copying package.xml -> /opt/miniconda3/envs/ros2/share/cpmr_ch8
[0.715s] copying launch/view-camera-robot.launch.py -> /opt/miniconda3/envs/ros2/share/cpmr_ch8
[0.715s] copying urdf/scout-camera.urdf.xacro -> /opt/miniconda3/envs/ros2/share/cpmr_ch8
[0.716s] copying urdf/colors.xacro -> /opt/miniconda3/envs/ros2/share/cpmr_ch8
[0.716s] running install_egg_info
[0.726s] removing '/opt/miniconda3/envs/ros2/lib/python3.11/site-packages/cpmr_ch8-3.1.0-py3.11.egg-info' (and everything under it)
[0.726s] Copying ../../build/cpmr_ch8/cpmr_ch8.egg-info to /opt/miniconda3/envs/ros2/lib/python3.11/site-packages/cpmr_ch8-3.1.0-py3.11.egg-info
[0.728s] running install_scripts
[0.793s] Installing fsm script to /opt/miniconda3/envs/ros2/lib/cpmr_ch8
[0.793s] Installing view_camera script to /opt/miniconda3/envs/ros2/lib/cpmr_ch8
[0.793s] writing list of installed files to '/Users/mafu/Library/CloudStorage/GoogleDrive-mafu@my.yorku.ca/Other computers/My Laptop/E:/0.2 Fall 2024/EECS_4421_Robotics/Labs/Lab2/CPMR3/ros2_ws/build/cpmr_ch8/install.log'
[0.810s] Invoked command in '/Users/mafu/Library/CloudStorage/GoogleDrive-mafu@my.yorku.ca/Other computers/My Laptop/E:/0.2 Fall 2024/EECS_4421_Robotics/Labs/Lab2/CPMR3/ros2_ws/src/cpmr_ch8' returned '0': CONDA_PROMPT_MODIFIER=(ros2) PYTHONPATH=/Users/mafu/Library/CloudStorage/GoogleDrive-mafu@my.yorku.ca/Other computers/My Laptop/E:/0.2 Fall 2024/EECS_4421_Robotics/Labs/Lab2/CPMR3/ros2_ws/build/cpmr_ch8/prefix_override:/opt/miniconda3/envs/ros2/lib/python3.11/site-packages/colcon_core/task/python/colcon_distutils_commands:/Users/mafu/Library/CloudStorage/GoogleDrive-mafu@my.yorku.ca/Other computers/My Laptop/E:/0.2 Fall 2024/EECS_4421_Robotics/Labs/Lab2/CPMR3/ros2_ws/install/cpmr_ch8/lib/python3.11/site-packages:${PYTHONPATH} SHLVL=2 _=/opt/miniconda3/envs/ros2/bin/env __CF_USER_TEXT_ENCODING=0x1F5:0x0:0x52 /opt/miniconda3/envs/ros2/bin/python3.11 -W ignore:setup.py install is deprecated setup.py egg_info --egg-base ../../build/cpmr_ch8 build --build-base /Users/mafu/Library/CloudStorage/GoogleDrive-mafu@my.yorku.ca/Other computers/My Laptop/E:/0.2 Fall 2024/EECS_4421_Robotics/Labs/Lab2/CPMR3/ros2_ws/build/cpmr_ch8/build install --record /Users/mafu/Library/CloudStorage/GoogleDrive-mafu@my.yorku.ca/Other computers/My Laptop/E:/0.2 Fall 2024/EECS_4421_Robotics/Labs/Lab2/CPMR3/ros2_ws/build/cpmr_ch8/install.log --single-version-externally-managed install_data
