running egg_info
creating ../../build/cpmr_apb/cpmr_apb.egg-info
writing ../../build/cpmr_apb/cpmr_apb.egg-info/PKG-INFO
writing dependency_links to ../../build/cpmr_apb/cpmr_apb.egg-info/dependency_links.txt
writing entry points to ../../build/cpmr_apb/cpmr_apb.egg-info/entry_points.txt
writing requirements to ../../build/cpmr_apb/cpmr_apb.egg-info/requires.txt
writing top-level names to ../../build/cpmr_apb/cpmr_apb.egg-info/top_level.txt
writing manifest file '../../build/cpmr_apb/cpmr_apb.egg-info/SOURCES.txt'
reading manifest file '../../build/cpmr_apb/cpmr_apb.egg-info/SOURCES.txt'
writing manifest file '../../build/cpmr_apb/cpmr_apb.egg-info/SOURCES.txt'
running build
running build_py
creating /Users/mafu/Desktop/robotics/Lab8/ros2_ws/build/cpmr_apb/build
creating /Users/mafu/Desktop/robotics/Lab8/ros2_ws/build/cpmr_apb/build/lib
creating /Users/mafu/Desktop/robotics/Lab8/ros2_ws/build/cpmr_apb/build/lib/cpmr_apb
copying cpmr_apb/depopulate.py -> /Users/mafu/Desktop/robotics/Lab8/ros2_ws/build/cpmr_apb/build/lib/cpmr_apb
copying cpmr_apb/__init__.py -> /Users/mafu/Desktop/robotics/Lab8/ros2_ws/build/cpmr_apb/build/lib/cpmr_apb
copying cpmr_apb/populate.py -> /Users/mafu/Desktop/robotics/Lab8/ros2_ws/build/cpmr_apb/build/lib/cpmr_apb
running install
running install_lib
creating /Users/mafu/Desktop/robotics/Lab8/ros2_ws/install/cpmr_apb/lib/python3.10/site-packages/cpmr_apb
copying /Users/mafu/Desktop/robotics/Lab8/ros2_ws/build/cpmr_apb/build/lib/cpmr_apb/depopulate.py -> /Users/mafu/Desktop/robotics/Lab8/ros2_ws/install/cpmr_apb/lib/python3.10/site-packages/cpmr_apb
copying /Users/mafu/Desktop/robotics/Lab8/ros2_ws/build/cpmr_apb/build/lib/cpmr_apb/__init__.py -> /Users/mafu/Desktop/robotics/Lab8/ros2_ws/install/cpmr_apb/lib/python3.10/site-packages/cpmr_apb
copying /Users/mafu/Desktop/robotics/Lab8/ros2_ws/build/cpmr_apb/build/lib/cpmr_apb/populate.py -> /Users/mafu/Desktop/robotics/Lab8/ros2_ws/install/cpmr_apb/lib/python3.10/site-packages/cpmr_apb
byte-compiling /Users/mafu/Desktop/robotics/Lab8/ros2_ws/install/cpmr_apb/lib/python3.10/site-packages/cpmr_apb/depopulate.py to depopulate.cpython-310.pyc
byte-compiling /Users/mafu/Desktop/robotics/Lab8/ros2_ws/install/cpmr_apb/lib/python3.10/site-packages/cpmr_apb/__init__.py to __init__.cpython-310.pyc
byte-compiling /Users/mafu/Desktop/robotics/Lab8/ros2_ws/install/cpmr_apb/lib/python3.10/site-packages/cpmr_apb/populate.py to populate.cpython-310.pyc
running install_data
creating /Users/mafu/Desktop/robotics/Lab8/ros2_ws/install/cpmr_apb/share/ament_index
creating /Users/mafu/Desktop/robotics/Lab8/ros2_ws/install/cpmr_apb/share/ament_index/resource_index
creating /Users/mafu/Desktop/robotics/Lab8/ros2_ws/install/cpmr_apb/share/ament_index/resource_index/packages
copying resource/cpmr_apb -> /Users/mafu/Desktop/robotics/Lab8/ros2_ws/install/cpmr_apb/share/ament_index/resource_index/packages
copying package.xml -> /Users/mafu/Desktop/robotics/Lab8/ros2_ws/install/cpmr_apb/share/cpmr_apb
copying launch/gazebo.launch.py -> /Users/mafu/Desktop/robotics/Lab8/ros2_ws/install/cpmr_apb/share/cpmr_apb
copying urdf/blockrobot.urdf -> /Users/mafu/Desktop/robotics/Lab8/ros2_ws/install/cpmr_apb/share/cpmr_apb
running install_egg_info
Copying ../../build/cpmr_apb/cpmr_apb.egg-info to /Users/mafu/Desktop/robotics/Lab8/ros2_ws/install/cpmr_apb/lib/python3.10/site-packages/cpmr_apb-3.1.0-py3.10.egg-info
running install_scripts
Installing depopulate_world script to /Users/mafu/Desktop/robotics/Lab8/ros2_ws/install/cpmr_apb/lib/cpmr_apb
Installing populate_world script to /Users/mafu/Desktop/robotics/Lab8/ros2_ws/install/cpmr_apb/lib/cpmr_apb
writing list of installed files to '/Users/mafu/Desktop/robotics/Lab8/ros2_ws/build/cpmr_apb/install.log'
