[4.891s] Invoking command in '/Users/mafu/Desktop/robotics/Lab8/ros2_ws/src/cpmr_apb': CONDA_PROMPT_MODIFIER=(ros_env) PYTHONPATH=/Users/mafu/Desktop/robotics/Lab8/ros2_ws/build/cpmr_apb/prefix_override:/Users/mafu/miniforge3/envs/ros_env/lib/python3.10/site-packages/colcon_core/task/python/colcon_distutils_commands:/Users/mafu/Desktop/robotics/Lab8/ros2_ws/install/cpmr_apb/lib/python3.10/site-packages:${PYTHONPATH} SHLVL=2 _=/Users/mafu/miniforge3/envs/ros_env/bin/env __CF_USER_TEXT_ENCODING=0x1F5:0x0:0x0 /Users/mafu/miniforge3/envs/ros_env/bin/python3.10 -W ignore:setup.py install is deprecated setup.py egg_info --egg-base ../../build/cpmr_apb build --build-base /Users/mafu/Desktop/robotics/Lab8/ros2_ws/build/cpmr_apb/build install --record /Users/mafu/Desktop/robotics/Lab8/ros2_ws/build/cpmr_apb/install.log --single-version-externally-managed install_data
[5.936s] running egg_info
[5.937s] creating ../../build/cpmr_apb/cpmr_apb.egg-info
[5.987s] writing ../../build/cpmr_apb/cpmr_apb.egg-info/PKG-INFO
[6.046s] writing dependency_links to ../../build/cpmr_apb/cpmr_apb.egg-info/dependency_links.txt
[6.209s] writing entry points to ../../build/cpmr_apb/cpmr_apb.egg-info/entry_points.txt
[6.308s] writing requirements to ../../build/cpmr_apb/cpmr_apb.egg-info/requires.txt
[6.370s] writing top-level names to ../../build/cpmr_apb/cpmr_apb.egg-info/top_level.txt
[6.370s] writing manifest file '../../build/cpmr_apb/cpmr_apb.egg-info/SOURCES.txt'
[6.460s] reading manifest file '../../build/cpmr_apb/cpmr_apb.egg-info/SOURCES.txt'
[6.461s] writing manifest file '../../build/cpmr_apb/cpmr_apb.egg-info/SOURCES.txt'
[6.462s] running build
[6.462s] running build_py
[6.467s] creating /Users/mafu/Desktop/robotics/Lab8/ros2_ws/build/cpmr_apb/build
[6.467s] creating /Users/mafu/Desktop/robotics/Lab8/ros2_ws/build/cpmr_apb/build/lib
[6.467s] creating /Users/mafu/Desktop/robotics/Lab8/ros2_ws/build/cpmr_apb/build/lib/cpmr_apb
[6.467s] copying cpmr_apb/depopulate.py -> /Users/mafu/Desktop/robotics/Lab8/ros2_ws/build/cpmr_apb/build/lib/cpmr_apb
[6.471s] copying cpmr_apb/__init__.py -> /Users/mafu/Desktop/robotics/Lab8/ros2_ws/build/cpmr_apb/build/lib/cpmr_apb
[6.472s] copying cpmr_apb/populate.py -> /Users/mafu/Desktop/robotics/Lab8/ros2_ws/build/cpmr_apb/build/lib/cpmr_apb
[6.475s] running install
[6.475s] running install_lib
[6.547s] creating /Users/mafu/Desktop/robotics/Lab8/ros2_ws/install/cpmr_apb/lib/python3.10/site-packages/cpmr_apb
[6.547s] copying /Users/mafu/Desktop/robotics/Lab8/ros2_ws/build/cpmr_apb/build/lib/cpmr_apb/depopulate.py -> /Users/mafu/Desktop/robotics/Lab8/ros2_ws/install/cpmr_apb/lib/python3.10/site-packages/cpmr_apb
[6.548s] copying /Users/mafu/Desktop/robotics/Lab8/ros2_ws/build/cpmr_apb/build/lib/cpmr_apb/__init__.py -> /Users/mafu/Desktop/robotics/Lab8/ros2_ws/install/cpmr_apb/lib/python3.10/site-packages/cpmr_apb
[6.549s] copying /Users/mafu/Desktop/robotics/Lab8/ros2_ws/build/cpmr_apb/build/lib/cpmr_apb/populate.py -> /Users/mafu/Desktop/robotics/Lab8/ros2_ws/install/cpmr_apb/lib/python3.10/site-packages/cpmr_apb
[6.550s] byte-compiling /Users/mafu/Desktop/robotics/Lab8/ros2_ws/install/cpmr_apb/lib/python3.10/site-packages/cpmr_apb/depopulate.py to depopulate.cpython-310.pyc
[6.551s] byte-compiling /Users/mafu/Desktop/robotics/Lab8/ros2_ws/install/cpmr_apb/lib/python3.10/site-packages/cpmr_apb/__init__.py to __init__.cpython-310.pyc
[6.551s] byte-compiling /Users/mafu/Desktop/robotics/Lab8/ros2_ws/install/cpmr_apb/lib/python3.10/site-packages/cpmr_apb/populate.py to populate.cpython-310.pyc
[6.552s] running install_data
[6.552s] creating /Users/mafu/Desktop/robotics/Lab8/ros2_ws/install/cpmr_apb/share/ament_index
[6.552s] creating /Users/mafu/Desktop/robotics/Lab8/ros2_ws/install/cpmr_apb/share/ament_index/resource_index
[6.552s] creating /Users/mafu/Desktop/robotics/Lab8/ros2_ws/install/cpmr_apb/share/ament_index/resource_index/packages
[6.552s] copying resource/cpmr_apb -> /Users/mafu/Desktop/robotics/Lab8/ros2_ws/install/cpmr_apb/share/ament_index/resource_index/packages
[6.552s] copying package.xml -> /Users/mafu/Desktop/robotics/Lab8/ros2_ws/install/cpmr_apb/share/cpmr_apb
[6.553s] copying launch/gazebo.launch.py -> /Users/mafu/Desktop/robotics/Lab8/ros2_ws/install/cpmr_apb/share/cpmr_apb
[6.553s] copying urdf/blockrobot.urdf -> /Users/mafu/Desktop/robotics/Lab8/ros2_ws/install/cpmr_apb/share/cpmr_apb
[6.554s] running install_egg_info
[6.636s] Copying ../../build/cpmr_apb/cpmr_apb.egg-info to /Users/mafu/Desktop/robotics/Lab8/ros2_ws/install/cpmr_apb/lib/python3.10/site-packages/cpmr_apb-3.1.0-py3.10.egg-info
[6.653s] running install_scripts
[6.866s] Installing depopulate_world script to /Users/mafu/Desktop/robotics/Lab8/ros2_ws/install/cpmr_apb/lib/cpmr_apb
[6.866s] Installing populate_world script to /Users/mafu/Desktop/robotics/Lab8/ros2_ws/install/cpmr_apb/lib/cpmr_apb
[6.867s] writing list of installed files to '/Users/mafu/Desktop/robotics/Lab8/ros2_ws/build/cpmr_apb/install.log'
[6.942s] Invoked command in '/Users/mafu/Desktop/robotics/Lab8/ros2_ws/src/cpmr_apb' returned '0': CONDA_PROMPT_MODIFIER=(ros_env) PYTHONPATH=/Users/mafu/Desktop/robotics/Lab8/ros2_ws/build/cpmr_apb/prefix_override:/Users/mafu/miniforge3/envs/ros_env/lib/python3.10/site-packages/colcon_core/task/python/colcon_distutils_commands:/Users/mafu/Desktop/robotics/Lab8/ros2_ws/install/cpmr_apb/lib/python3.10/site-packages:${PYTHONPATH} SHLVL=2 _=/Users/mafu/miniforge3/envs/ros_env/bin/env __CF_USER_TEXT_ENCODING=0x1F5:0x0:0x0 /Users/mafu/miniforge3/envs/ros_env/bin/python3.10 -W ignore:setup.py install is deprecated setup.py egg_info --egg-base ../../build/cpmr_apb build --build-base /Users/mafu/Desktop/robotics/Lab8/ros2_ws/build/cpmr_apb/build install --record /Users/mafu/Desktop/robotics/Lab8/ros2_ws/build/cpmr_apb/install.log --single-version-externally-managed install_data
