-- The C compiler identification is Clang 17.0.6
-- The CXX compiler identification is Clang 17.0.6
-- Detecting C compiler ABI info
-- Detecting C compiler ABI info - done
-- Check for working C compiler: /opt/miniconda3/envs/ros_env/bin/arm64-apple-darwin20.0.0-clang - skipped
-- Detecting C compile features
-- Detecting C compile features - done
-- Detecting CXX compiler ABI info
-- Detecting CXX compiler ABI info - done
-- Check for working CXX compiler: /opt/miniconda3/envs/ros_env/bin/arm64-apple-darwin20.0.0-clang++ - skipped
-- Detecting CXX compile features
-- Detecting CXX compile features - done
-- Found ament_cmake: 1.3.7 (/opt/miniconda3/envs/ros_env/share/ament_cmake/cmake)
-- Found Python3: /opt/miniconda3/envs/ros_env/bin/python3.11 (found version "3.11.8") found components: Interpreter 
-- Found builtin_interfaces: 1.2.1 (/opt/miniconda3/envs/ros_env/share/builtin_interfaces/cmake)
-- Found rosidl_generator_c: 3.1.5 (/opt/miniconda3/envs/ros_env/share/rosidl_generator_c/cmake)
-- Found rosidl_adapter: 3.1.5 (/opt/miniconda3/envs/ros_env/share/rosidl_adapter/cmake)
-- Found rosidl_generator_cpp: 3.1.5 (/opt/miniconda3/envs/ros_env/share/rosidl_generator_cpp/cmake)
-- Using all available rosidl_typesupport_c: rosidl_typesupport_fastrtps_c;rosidl_typesupport_introspection_c
-- Using all available rosidl_typesupport_cpp: rosidl_typesupport_fastrtps_cpp;rosidl_typesupport_introspection_cpp
-- Found rcl_interfaces: 1.2.1 (/opt/miniconda3/envs/ros_env/share/rcl_interfaces/cmake)
-- Found std_msgs: 4.2.3 (/opt/miniconda3/envs/ros_env/share/std_msgs/cmake)
-- Found geometry_msgs: 4.2.3 (/opt/miniconda3/envs/ros_env/share/geometry_msgs/cmake)
-- Found rosidl_default_generators: 1.2.0 (/opt/miniconda3/envs/ros_env/share/rosidl_default_generators/cmake)
-- Found Python3: /opt/miniconda3/envs/ros_env/include/python3.11 (found version "3.11.8") found components: Development NumPy Interpreter Development.Module Development.Embed 
-- Found Python3: /opt/miniconda3/envs/ros_env/bin/python3.11 (found version "3.11.8") found components: Interpreter 
-- Found ament_cmake_cppcheck: 0.12.10 (/opt/miniconda3/envs/ros_env/share/ament_cmake_cppcheck/cmake)
-- Found ament_cmake_cpplint: 0.12.10 (/opt/miniconda3/envs/ros_env/share/ament_cmake_cpplint/cmake)
-- Found ament_cmake_uncrustify: 0.12.10 (/opt/miniconda3/envs/ros_env/share/ament_cmake_uncrustify/cmake)
-- Found ament_cmake_ros: 0.10.0 (/opt/miniconda3/envs/ros_env/share/ament_cmake_ros/cmake)
-- Using all available rosidl_typesupport_c: rosidl_typesupport_fastrtps_c;rosidl_typesupport_introspection_c
-- Using all available rosidl_typesupport_cpp: rosidl_typesupport_fastrtps_cpp;rosidl_typesupport_introspection_cpp
CMake Warning (dev) at /opt/miniconda3/envs/ros_env/share/rosidl_generator_py/cmake/rosidl_generator_py_generate_interfaces.cmake:20 (find_package):
  Policy CMP0148 is not set: The FindPythonInterp and FindPythonLibs modules
  are removed.  Run "cmake --help-policy CMP0148" for policy details.  Use
  the cmake_policy command to set the policy and suppress this warning.

Call Stack (most recent call first):
  /opt/miniconda3/envs/ros_env/share/ament_cmake_core/cmake/core/ament_execute_extensions.cmake:48 (include)
  /opt/miniconda3/envs/ros_env/share/rosidl_cmake/cmake/rosidl_generate_interfaces.cmake:286 (ament_execute_extensions)
  CMakeLists.txt:48 (rosidl_generate_interfaces)
This warning is for project developers.  Use -Wno-dev to suppress it.

-- Found PythonInterp: /opt/miniconda3/envs/ros_env/bin/python3 (found suitable version "3.11.8", minimum required is "3.6") 
-- Found python_cmake_module: 0.10.0 (/opt/miniconda3/envs/ros_env/share/python_cmake_module/cmake)
CMake Warning (dev) at /opt/miniconda3/envs/ros_env/share/python_cmake_module/cmake/Modules/FindPythonExtra.cmake:52 (find_package):
  Policy CMP0148 is not set: The FindPythonInterp and FindPythonLibs modules
  are removed.  Run "cmake --help-policy CMP0148" for policy details.  Use
  the cmake_policy command to set the policy and suppress this warning.

Call Stack (most recent call first):
  /opt/miniconda3/envs/ros_env/share/rosidl_generator_py/cmake/rosidl_generator_py_generate_interfaces.cmake:23 (find_package)
  /opt/miniconda3/envs/ros_env/share/ament_cmake_core/cmake/core/ament_execute_extensions.cmake:48 (include)
  /opt/miniconda3/envs/ros_env/share/rosidl_cmake/cmake/rosidl_generate_interfaces.cmake:286 (ament_execute_extensions)
  CMakeLists.txt:48 (rosidl_generate_interfaces)
This warning is for project developers.  Use -Wno-dev to suppress it.

-- Using PythonExtra_INCLUDE_DIRS: /opt/miniconda3/envs/ros_env/include/python3.11;/opt/miniconda3/envs/ros_env/include/python3.11
-- Using PythonExtra_LIBRARIES: /opt/miniconda3/envs/ros_env/lib/libpython3.11.dylib
-- Found PythonExtra: .so  
-- Found Python3: /opt/miniconda3/envs/ros_env/include/python3.11 (found version "3.11.8") found components: Development NumPy Interpreter Development.Module Development.Embed 
-- Found ament_cmake_flake8: 0.12.10 (/opt/miniconda3/envs/ros_env/share/ament_cmake_flake8/cmake)
-- Found ament_cmake_pep257: 0.12.10 (/opt/miniconda3/envs/ros_env/share/ament_cmake_pep257/cmake)
-- Configuring done (12.5s)
-- Generating done (0.1s)
-- Build files have been written to: /Users/mafu/Library/CloudStorage/GoogleDrive-mafu@my.yorku.ca/Other computers/My Laptop/E:/0.2 Fall 2024/EECS_4421_Robotics/Labs/Lab2/CPMR3/ros2_ws/build/ros_gz_interfaces
