[0.059s] Invoking command in '/Users/mafu/Library/CloudStorage/GoogleDrive-mafu@my.yorku.ca/Other computers/My Laptop/E:/0.2 Fall 2024/EECS_4421_Robotics/Labs/Lab2/CPMR3/ros2_ws/build/ros_gz_interfaces': CONDA_PROMPT_MODIFIER=(ros_env) SHLVL=2 _=/opt/miniconda3/envs/ros_env/bin/env __CF_USER_TEXT_ENCODING=0x1F5:0x0:0x52 /opt/miniconda3/envs/ros_env/bin/cmake /Users/mafu/Library/CloudStorage/GoogleDrive-mafu@my.yorku.ca/Other computers/My Laptop/E:/0.2 Fall 2024/EECS_4421_Robotics/Labs/Lab2/CPMR3/ros2_ws/src/ros_gz/ros_gz_interfaces -DCMAKE_INSTALL_PREFIX=/Users/mafu/Library/CloudStorage/GoogleDrive-mafu@my.yorku.ca/Other computers/My Laptop/E:/0.2 Fall 2024/EECS_4421_Robotics/Labs/Lab2/CPMR3/ros2_ws/install/ros_gz_interfaces
[4.639s] -- The C compiler identification is Clang 17.0.6
[6.444s] -- The CXX compiler identification is Clang 17.0.6
[6.485s] -- Detecting C compiler ABI info
[6.869s] -- Detecting C compiler ABI info - done
[6.873s] -- Check for working C compiler: /opt/miniconda3/envs/ros_env/bin/arm64-apple-darwin20.0.0-clang - skipped
[6.874s] -- Detecting C compile features
[6.874s] -- Detecting C compile features - done
[6.911s] -- Detecting CXX compiler ABI info
[7.114s] -- Detecting CXX compiler ABI info - done
[7.121s] -- Check for working CXX compiler: /opt/miniconda3/envs/ros_env/bin/arm64-apple-darwin20.0.0-clang++ - skipped
[7.121s] -- Detecting CXX compile features
[7.122s] -- Detecting CXX compile features - done
[7.150s] -- Found ament_cmake: 1.3.7 (/opt/miniconda3/envs/ros_env/share/ament_cmake/cmake)
[8.298s] -- Found Python3: /opt/miniconda3/envs/ros_env/bin/python3.11 (found version "3.11.8") found components: Interpreter 
[8.596s] -- Found builtin_interfaces: 1.2.1 (/opt/miniconda3/envs/ros_env/share/builtin_interfaces/cmake)
[8.733s] -- Found rosidl_generator_c: 3.1.5 (/opt/miniconda3/envs/ros_env/share/rosidl_generator_c/cmake)
[8.763s] -- Found rosidl_adapter: 3.1.5 (/opt/miniconda3/envs/ros_env/share/rosidl_adapter/cmake)
[8.795s] -- Found rosidl_generator_cpp: 3.1.5 (/opt/miniconda3/envs/ros_env/share/rosidl_generator_cpp/cmake)
[8.839s] -- Using all available rosidl_typesupport_c: rosidl_typesupport_fastrtps_c;rosidl_typesupport_introspection_c
[8.902s] -- Using all available rosidl_typesupport_cpp: rosidl_typesupport_fastrtps_cpp;rosidl_typesupport_introspection_cpp
[8.955s] -- Found rcl_interfaces: 1.2.1 (/opt/miniconda3/envs/ros_env/share/rcl_interfaces/cmake)
[9.001s] -- Found std_msgs: 4.2.3 (/opt/miniconda3/envs/ros_env/share/std_msgs/cmake)
[9.041s] -- Found geometry_msgs: 4.2.3 (/opt/miniconda3/envs/ros_env/share/geometry_msgs/cmake)
[9.089s] -- Found rosidl_default_generators: 1.2.0 (/opt/miniconda3/envs/ros_env/share/rosidl_default_generators/cmake)
[12.436s] -- Found Python3: /opt/miniconda3/envs/ros_env/include/python3.11 (found version "3.11.8") found components: Development NumPy Interpreter Development.Module Development.Embed 
[12.464s] -- Found Python3: /opt/miniconda3/envs/ros_env/bin/python3.11 (found version "3.11.8") found components: Interpreter 
[12.718s] -- Found ament_cmake_cppcheck: 0.12.10 (/opt/miniconda3/envs/ros_env/share/ament_cmake_cppcheck/cmake)
[12.728s] -- Found ament_cmake_cpplint: 0.12.10 (/opt/miniconda3/envs/ros_env/share/ament_cmake_cpplint/cmake)
[12.739s] -- Found ament_cmake_uncrustify: 0.12.10 (/opt/miniconda3/envs/ros_env/share/ament_cmake_uncrustify/cmake)
[12.749s] -- Found ament_cmake_ros: 0.10.0 (/opt/miniconda3/envs/ros_env/share/ament_cmake_ros/cmake)
[13.059s] -- Using all available rosidl_typesupport_c: rosidl_typesupport_fastrtps_c;rosidl_typesupport_introspection_c
[13.157s] -- Using all available rosidl_typesupport_cpp: rosidl_typesupport_fastrtps_cpp;rosidl_typesupport_introspection_cpp
[13.160s] CMake Warning (dev) at /opt/miniconda3/envs/ros_env/share/rosidl_generator_py/cmake/rosidl_generator_py_generate_interfaces.cmake:20 (find_package):
[13.160s]   Policy CMP0148 is not set: The FindPythonInterp and FindPythonLibs modules
[13.160s]   are removed.  Run "cmake --help-policy CMP0148" for policy details.  Use
[13.160s]   the cmake_policy command to set the policy and suppress this warning.
[13.160s] 
[13.160s] Call Stack (most recent call first):
[13.160s]   /opt/miniconda3/envs/ros_env/share/ament_cmake_core/cmake/core/ament_execute_extensions.cmake:48 (include)
[13.160s]   /opt/miniconda3/envs/ros_env/share/rosidl_cmake/cmake/rosidl_generate_interfaces.cmake:286 (ament_execute_extensions)
[13.161s]   CMakeLists.txt:48 (rosidl_generate_interfaces)
[13.161s] This warning is for project developers.  Use -Wno-dev to suppress it.
[13.161s] 
[13.173s] -- Found PythonInterp: /opt/miniconda3/envs/ros_env/bin/python3 (found suitable version "3.11.8", minimum required is "3.6") 
[13.181s] -- Found python_cmake_module: 0.10.0 (/opt/miniconda3/envs/ros_env/share/python_cmake_module/cmake)
[13.182s] CMake Warning (dev) at /opt/miniconda3/envs/ros_env/share/python_cmake_module/cmake/Modules/FindPythonExtra.cmake:52 (find_package):
[13.182s]   Policy CMP0148 is not set: The FindPythonInterp and FindPythonLibs modules
[13.182s]   are removed.  Run "cmake --help-policy CMP0148" for policy details.  Use
[13.182s]   the cmake_policy command to set the policy and suppress this warning.
[13.182s] 
[13.182s] Call Stack (most recent call first):
[13.182s]   /opt/miniconda3/envs/ros_env/share/rosidl_generator_py/cmake/rosidl_generator_py_generate_interfaces.cmake:23 (find_package)
[13.182s]   /opt/miniconda3/envs/ros_env/share/ament_cmake_core/cmake/core/ament_execute_extensions.cmake:48 (include)
[13.182s]   /opt/miniconda3/envs/ros_env/share/rosidl_cmake/cmake/rosidl_generate_interfaces.cmake:286 (ament_execute_extensions)
[13.182s]   CMakeLists.txt:48 (rosidl_generate_interfaces)
[13.182s] This warning is for project developers.  Use -Wno-dev to suppress it.
[13.182s] 
[13.376s] -- Using PythonExtra_INCLUDE_DIRS: /opt/miniconda3/envs/ros_env/include/python3.11;/opt/miniconda3/envs/ros_env/include/python3.11
[13.413s] -- Using PythonExtra_LIBRARIES: /opt/miniconda3/envs/ros_env/lib/libpython3.11.dylib
[13.431s] -- Found PythonExtra: .so  
[13.604s] -- Found Python3: /opt/miniconda3/envs/ros_env/include/python3.11 (found version "3.11.8") found components: Development NumPy Interpreter Development.Module Development.Embed 
[13.678s] -- Found ament_cmake_flake8: 0.12.10 (/opt/miniconda3/envs/ros_env/share/ament_cmake_flake8/cmake)
[13.687s] -- Found ament_cmake_pep257: 0.12.10 (/opt/miniconda3/envs/ros_env/share/ament_cmake_pep257/cmake)
[13.708s] -- Configuring done (12.5s)
[13.880s] -- Generating done (0.1s)
[13.891s] -- Build files have been written to: /Users/mafu/Library/CloudStorage/GoogleDrive-mafu@my.yorku.ca/Other computers/My Laptop/E:/0.2 Fall 2024/EECS_4421_Robotics/Labs/Lab2/CPMR3/ros2_ws/build/ros_gz_interfaces
