running egg_info
writing ../../build/cpmr_ch12/cpmr_ch12.egg-info/PKG-INFO
writing dependency_links to ../../build/cpmr_ch12/cpmr_ch12.egg-info/dependency_links.txt
writing entry points to ../../build/cpmr_ch12/cpmr_ch12.egg-info/entry_points.txt
writing requirements to ../../build/cpmr_ch12/cpmr_ch12.egg-info/requires.txt
writing top-level names to ../../build/cpmr_ch12/cpmr_ch12.egg-info/top_level.txt
reading manifest file '../../build/cpmr_ch12/cpmr_ch12.egg-info/SOURCES.txt'
writing manifest file '../../build/cpmr_ch12/cpmr_ch12.egg-info/SOURCES.txt'
running build
running build_py
copying cpmr_ch12/yolo_pose.py -> /Users/mafu/Desktop/robotics/ros2_ws/build/cpmr_ch12/build/lib/cpmr_ch12
copying cpmr_ch12/robot_movement.py -> /Users/mafu/Desktop/robotics/ros2_ws/build/cpmr_ch12/build/lib/cpmr_ch12
copying cpmr_ch12/kinova_movement.py -> /Users/mafu/Desktop/robotics/ros2_ws/build/cpmr_ch12/build/lib/cpmr_ch12
running install
running install_lib
creating /Users/mafu/Desktop/robotics/ros2_ws/install/cpmr_ch12/lib/python3.10/site-packages/cpmr_ch12
copying /Users/mafu/Desktop/robotics/ros2_ws/build/cpmr_ch12/build/lib/cpmr_ch12/opencv_camera.py -> /Users/mafu/Desktop/robotics/ros2_ws/install/cpmr_ch12/lib/python3.10/site-packages/cpmr_ch12
copying /Users/mafu/Desktop/robotics/ros2_ws/build/cpmr_ch12/build/lib/cpmr_ch12/yolo_pose.py -> /Users/mafu/Desktop/robotics/ros2_ws/install/cpmr_ch12/lib/python3.10/site-packages/cpmr_ch12
copying /Users/mafu/Desktop/robotics/ros2_ws/build/cpmr_ch12/build/lib/cpmr_ch12/__init__.py -> /Users/mafu/Desktop/robotics/ros2_ws/install/cpmr_ch12/lib/python3.10/site-packages/cpmr_ch12
copying /Users/mafu/Desktop/robotics/ros2_ws/build/cpmr_ch12/build/lib/cpmr_ch12/robot_movement.py -> /Users/mafu/Desktop/robotics/ros2_ws/install/cpmr_ch12/lib/python3.10/site-packages/cpmr_ch12
copying /Users/mafu/Desktop/robotics/ros2_ws/build/cpmr_ch12/build/lib/cpmr_ch12/kinova_movement.py -> /Users/mafu/Desktop/robotics/ros2_ws/install/cpmr_ch12/lib/python3.10/site-packages/cpmr_ch12
copying /Users/mafu/Desktop/robotics/ros2_ws/build/cpmr_ch12/build/lib/cpmr_ch12/utilities.py -> /Users/mafu/Desktop/robotics/ros2_ws/install/cpmr_ch12/lib/python3.10/site-packages/cpmr_ch12
byte-compiling /Users/mafu/Desktop/robotics/ros2_ws/install/cpmr_ch12/lib/python3.10/site-packages/cpmr_ch12/opencv_camera.py to opencv_camera.cpython-310.pyc
byte-compiling /Users/mafu/Desktop/robotics/ros2_ws/install/cpmr_ch12/lib/python3.10/site-packages/cpmr_ch12/yolo_pose.py to yolo_pose.cpython-310.pyc
byte-compiling /Users/mafu/Desktop/robotics/ros2_ws/install/cpmr_ch12/lib/python3.10/site-packages/cpmr_ch12/__init__.py to __init__.cpython-310.pyc
byte-compiling /Users/mafu/Desktop/robotics/ros2_ws/install/cpmr_ch12/lib/python3.10/site-packages/cpmr_ch12/robot_movement.py to robot_movement.cpython-310.pyc
byte-compiling /Users/mafu/Desktop/robotics/ros2_ws/install/cpmr_ch12/lib/python3.10/site-packages/cpmr_ch12/kinova_movement.py to kinova_movement.cpython-310.pyc
byte-compiling /Users/mafu/Desktop/robotics/ros2_ws/install/cpmr_ch12/lib/python3.10/site-packages/cpmr_ch12/utilities.py to utilities.cpython-310.pyc
running install_data
creating /Users/mafu/Desktop/robotics/ros2_ws/install/cpmr_ch12/share/ament_index
creating /Users/mafu/Desktop/robotics/ros2_ws/install/cpmr_ch12/share/ament_index/resource_index
creating /Users/mafu/Desktop/robotics/ros2_ws/install/cpmr_ch12/share/ament_index/resource_index/packages
copying resource/cpmr_ch12 -> /Users/mafu/Desktop/robotics/ros2_ws/install/cpmr_ch12/share/ament_index/resource_index/packages
copying package.xml -> /Users/mafu/Desktop/robotics/ros2_ws/install/cpmr_ch12/share/cpmr_ch12
copying launch/camera-robot.launch.py -> /Users/mafu/Desktop/robotics/ros2_ws/install/cpmr_ch12/share/cpmr_ch12
copying launch/launch.py -> /Users/mafu/Desktop/robotics/ros2_ws/install/cpmr_ch12/share/cpmr_ch12
copying urdf/scout-camera.urdf.xacro -> /Users/mafu/Desktop/robotics/ros2_ws/install/cpmr_ch12/share/cpmr_ch12
copying urdf/colors.xacro -> /Users/mafu/Desktop/robotics/ros2_ws/install/cpmr_ch12/share/cpmr_ch12
running install_egg_info
Copying ../../build/cpmr_ch12/cpmr_ch12.egg-info to /Users/mafu/Desktop/robotics/ros2_ws/install/cpmr_ch12/lib/python3.10/site-packages/cpmr_ch12-3.1.0-py3.10.egg-info
running install_scripts
Installing opencv_camera script to /Users/mafu/Desktop/robotics/ros2_ws/install/cpmr_ch12/lib/cpmr_ch12
Installing yolo_pose script to /Users/mafu/Desktop/robotics/ros2_ws/install/cpmr_ch12/lib/cpmr_ch12
writing list of installed files to '/Users/mafu/Desktop/robotics/ros2_ws/build/cpmr_ch12/install.log'
