[1.128s] Invoking command in '/Users/mafu/Desktop/robotics/Assignment2/CPMR3/ros2_ws/src/cpmr_ch6': CONDA_PROMPT_MODIFIER=(ros_env) PYTHONPATH=/Users/mafu/Desktop/robotics/Assignment2/CPMR3/ros2_ws/src/cpmr_ch6/build/cpmr_ch6/prefix_override:/Users/mafu/miniforge3/envs/ros_env/lib/python3.10/site-packages/colcon_core/task/python/colcon_distutils_commands:/Users/mafu/Desktop/robotics/Assignment2/CPMR3/ros2_ws/src/cpmr_ch6/install/cpmr_ch6/lib/python3.10/site-packages:${PYTHONPATH} SHLVL=2 _=/Users/mafu/miniforge3/envs/ros_env/bin/env /Users/mafu/miniforge3/envs/ros_env/bin/python3.10 -W ignore:setup.py install is deprecated setup.py egg_info --egg-base build/cpmr_ch6 build --build-base /Users/mafu/Desktop/robotics/Assignment2/CPMR3/ros2_ws/src/cpmr_ch6/build/cpmr_ch6/build install --record /Users/mafu/Desktop/robotics/Assignment2/CPMR3/ros2_ws/src/cpmr_ch6/build/cpmr_ch6/install.log --single-version-externally-managed install_data
[1.669s] running egg_info
[1.669s] creating build/cpmr_ch6/cpmr_ch6.egg-info
[1.706s] writing build/cpmr_ch6/cpmr_ch6.egg-info/PKG-INFO
[1.733s] writing dependency_links to build/cpmr_ch6/cpmr_ch6.egg-info/dependency_links.txt
[1.815s] writing entry points to build/cpmr_ch6/cpmr_ch6.egg-info/entry_points.txt
[1.867s] writing requirements to build/cpmr_ch6/cpmr_ch6.egg-info/requires.txt
[1.893s] writing top-level names to build/cpmr_ch6/cpmr_ch6.egg-info/top_level.txt
[1.893s] writing manifest file 'build/cpmr_ch6/cpmr_ch6.egg-info/SOURCES.txt'
[1.938s] reading manifest file 'build/cpmr_ch6/cpmr_ch6.egg-info/SOURCES.txt'
[1.939s] writing manifest file 'build/cpmr_ch6/cpmr_ch6.egg-info/SOURCES.txt'
[1.939s] running build
[1.939s] running build_py
[1.939s] creating /Users/mafu/Desktop/robotics/Assignment2/CPMR3/ros2_ws/src/cpmr_ch6/build/cpmr_ch6/build
[1.939s] creating /Users/mafu/Desktop/robotics/Assignment2/CPMR3/ros2_ws/src/cpmr_ch6/build/cpmr_ch6/build/lib
[1.939s] creating /Users/mafu/Desktop/robotics/Assignment2/CPMR3/ros2_ws/src/cpmr_ch6/build/cpmr_ch6/build/lib/cpmr_ch6
[1.940s] copying cpmr_ch6/__init__.py -> /Users/mafu/Desktop/robotics/Assignment2/CPMR3/ros2_ws/src/cpmr_ch6/build/cpmr_ch6/build/lib/cpmr_ch6
[1.940s] copying cpmr_ch6/auto_drive_by_road.py -> /Users/mafu/Desktop/robotics/Assignment2/CPMR3/ros2_ws/src/cpmr_ch6/build/cpmr_ch6/build/lib/cpmr_ch6
[1.940s] copying cpmr_ch6/drive_by_line.py -> /Users/mafu/Desktop/robotics/Assignment2/CPMR3/ros2_ws/src/cpmr_ch6/build/cpmr_ch6/build/lib/cpmr_ch6
[1.940s] copying cpmr_ch6/auto_drive_by_line.py -> /Users/mafu/Desktop/robotics/Assignment2/CPMR3/ros2_ws/src/cpmr_ch6/build/cpmr_ch6/build/lib/cpmr_ch6
[1.940s] copying cpmr_ch6/drive_by_road.py -> /Users/mafu/Desktop/robotics/Assignment2/CPMR3/ros2_ws/src/cpmr_ch6/build/cpmr_ch6/build/lib/cpmr_ch6
[1.941s] running install
[1.944s] running install_lib
[1.979s] creating /Users/mafu/Desktop/robotics/Assignment2/CPMR3/ros2_ws/src/cpmr_ch6/install/cpmr_ch6/lib/python3.10/site-packages/cpmr_ch6
[1.979s] copying /Users/mafu/Desktop/robotics/Assignment2/CPMR3/ros2_ws/src/cpmr_ch6/build/cpmr_ch6/build/lib/cpmr_ch6/__init__.py -> /Users/mafu/Desktop/robotics/Assignment2/CPMR3/ros2_ws/src/cpmr_ch6/install/cpmr_ch6/lib/python3.10/site-packages/cpmr_ch6
[1.979s] copying /Users/mafu/Desktop/robotics/Assignment2/CPMR3/ros2_ws/src/cpmr_ch6/build/cpmr_ch6/build/lib/cpmr_ch6/auto_drive_by_road.py -> /Users/mafu/Desktop/robotics/Assignment2/CPMR3/ros2_ws/src/cpmr_ch6/install/cpmr_ch6/lib/python3.10/site-packages/cpmr_ch6
[1.980s] copying /Users/mafu/Desktop/robotics/Assignment2/CPMR3/ros2_ws/src/cpmr_ch6/build/cpmr_ch6/build/lib/cpmr_ch6/drive_by_line.py -> /Users/mafu/Desktop/robotics/Assignment2/CPMR3/ros2_ws/src/cpmr_ch6/install/cpmr_ch6/lib/python3.10/site-packages/cpmr_ch6
[1.980s] copying /Users/mafu/Desktop/robotics/Assignment2/CPMR3/ros2_ws/src/cpmr_ch6/build/cpmr_ch6/build/lib/cpmr_ch6/auto_drive_by_line.py -> /Users/mafu/Desktop/robotics/Assignment2/CPMR3/ros2_ws/src/cpmr_ch6/install/cpmr_ch6/lib/python3.10/site-packages/cpmr_ch6
[1.980s] copying /Users/mafu/Desktop/robotics/Assignment2/CPMR3/ros2_ws/src/cpmr_ch6/build/cpmr_ch6/build/lib/cpmr_ch6/drive_by_road.py -> /Users/mafu/Desktop/robotics/Assignment2/CPMR3/ros2_ws/src/cpmr_ch6/install/cpmr_ch6/lib/python3.10/site-packages/cpmr_ch6
[1.980s] byte-compiling /Users/mafu/Desktop/robotics/Assignment2/CPMR3/ros2_ws/src/cpmr_ch6/install/cpmr_ch6/lib/python3.10/site-packages/cpmr_ch6/__init__.py to __init__.cpython-310.pyc
[1.981s] byte-compiling /Users/mafu/Desktop/robotics/Assignment2/CPMR3/ros2_ws/src/cpmr_ch6/install/cpmr_ch6/lib/python3.10/site-packages/cpmr_ch6/auto_drive_by_road.py to auto_drive_by_road.cpython-310.pyc
[1.981s] byte-compiling /Users/mafu/Desktop/robotics/Assignment2/CPMR3/ros2_ws/src/cpmr_ch6/install/cpmr_ch6/lib/python3.10/site-packages/cpmr_ch6/drive_by_line.py to drive_by_line.cpython-310.pyc
[1.982s] byte-compiling /Users/mafu/Desktop/robotics/Assignment2/CPMR3/ros2_ws/src/cpmr_ch6/install/cpmr_ch6/lib/python3.10/site-packages/cpmr_ch6/auto_drive_by_line.py to auto_drive_by_line.cpython-310.pyc
[1.983s] byte-compiling /Users/mafu/Desktop/robotics/Assignment2/CPMR3/ros2_ws/src/cpmr_ch6/install/cpmr_ch6/lib/python3.10/site-packages/cpmr_ch6/drive_by_road.py to drive_by_road.cpython-310.pyc
[1.984s] running install_data
[1.984s] creating /Users/mafu/Desktop/robotics/Assignment2/CPMR3/ros2_ws/src/cpmr_ch6/install/cpmr_ch6/share/ament_index
[1.984s] creating /Users/mafu/Desktop/robotics/Assignment2/CPMR3/ros2_ws/src/cpmr_ch6/install/cpmr_ch6/share/ament_index/resource_index
[1.984s] creating /Users/mafu/Desktop/robotics/Assignment2/CPMR3/ros2_ws/src/cpmr_ch6/install/cpmr_ch6/share/ament_index/resource_index/packages
[1.984s] copying resource/cpmr_ch6 -> /Users/mafu/Desktop/robotics/Assignment2/CPMR3/ros2_ws/src/cpmr_ch6/install/cpmr_ch6/share/ament_index/resource_index/packages
[1.984s] copying package.xml -> /Users/mafu/Desktop/robotics/Assignment2/CPMR3/ros2_ws/src/cpmr_ch6/install/cpmr_ch6/share/cpmr_ch6
[1.985s] copying launch/drive_by_line.launch.py -> /Users/mafu/Desktop/robotics/Assignment2/CPMR3/ros2_ws/src/cpmr_ch6/install/cpmr_ch6/share/cpmr_ch6
[1.985s] copying launch/drive_by_road.launch.py -> /Users/mafu/Desktop/robotics/Assignment2/CPMR3/ros2_ws/src/cpmr_ch6/install/cpmr_ch6/share/cpmr_ch6
[1.985s] copying launch/auto_drive_by_road.launch.py -> /Users/mafu/Desktop/robotics/Assignment2/CPMR3/ros2_ws/src/cpmr_ch6/install/cpmr_ch6/share/cpmr_ch6
[1.985s] copying launch/auto_drive_by_line.launch.py -> /Users/mafu/Desktop/robotics/Assignment2/CPMR3/ros2_ws/src/cpmr_ch6/install/cpmr_ch6/share/cpmr_ch6
[1.985s] copying urdf/scout-camera.urdf.xacro -> /Users/mafu/Desktop/robotics/Assignment2/CPMR3/ros2_ws/src/cpmr_ch6/install/cpmr_ch6/share/cpmr_ch6
[1.986s] copying urdf/scout-line-follower.urdf.xacro -> /Users/mafu/Desktop/robotics/Assignment2/CPMR3/ros2_ws/src/cpmr_ch6/install/cpmr_ch6/share/cpmr_ch6
[1.986s] copying urdf/colors.xacro -> /Users/mafu/Desktop/robotics/Assignment2/CPMR3/ros2_ws/src/cpmr_ch6/install/cpmr_ch6/share/cpmr_ch6
[1.987s] running install_egg_info
[2.023s] Copying build/cpmr_ch6/cpmr_ch6.egg-info to /Users/mafu/Desktop/robotics/Assignment2/CPMR3/ros2_ws/src/cpmr_ch6/install/cpmr_ch6/lib/python3.10/site-packages/cpmr_ch6-3.1.0-py3.10.egg-info
[2.024s] running install_scripts
[2.108s] Installing auto_drive_by_line script to /Users/mafu/Desktop/robotics/Assignment2/CPMR3/ros2_ws/src/cpmr_ch6/install/cpmr_ch6/lib/cpmr_ch6
[2.108s] Installing auto_drive_by_road script to /Users/mafu/Desktop/robotics/Assignment2/CPMR3/ros2_ws/src/cpmr_ch6/install/cpmr_ch6/lib/cpmr_ch6
[2.108s] Installing drive_by_line script to /Users/mafu/Desktop/robotics/Assignment2/CPMR3/ros2_ws/src/cpmr_ch6/install/cpmr_ch6/lib/cpmr_ch6
[2.109s] Installing drive_by_road script to /Users/mafu/Desktop/robotics/Assignment2/CPMR3/ros2_ws/src/cpmr_ch6/install/cpmr_ch6/lib/cpmr_ch6
[2.109s] writing list of installed files to '/Users/mafu/Desktop/robotics/Assignment2/CPMR3/ros2_ws/src/cpmr_ch6/build/cpmr_ch6/install.log'
[2.123s] Invoked command in '/Users/mafu/Desktop/robotics/Assignment2/CPMR3/ros2_ws/src/cpmr_ch6' returned '0': CONDA_PROMPT_MODIFIER=(ros_env) PYTHONPATH=/Users/mafu/Desktop/robotics/Assignment2/CPMR3/ros2_ws/src/cpmr_ch6/build/cpmr_ch6/prefix_override:/Users/mafu/miniforge3/envs/ros_env/lib/python3.10/site-packages/colcon_core/task/python/colcon_distutils_commands:/Users/mafu/Desktop/robotics/Assignment2/CPMR3/ros2_ws/src/cpmr_ch6/install/cpmr_ch6/lib/python3.10/site-packages:${PYTHONPATH} SHLVL=2 _=/Users/mafu/miniforge3/envs/ros_env/bin/env /Users/mafu/miniforge3/envs/ros_env/bin/python3.10 -W ignore:setup.py install is deprecated setup.py egg_info --egg-base build/cpmr_ch6 build --build-base /Users/mafu/Desktop/robotics/Assignment2/CPMR3/ros2_ws/src/cpmr_ch6/build/cpmr_ch6/build install --record /Users/mafu/Desktop/robotics/Assignment2/CPMR3/ros2_ws/src/cpmr_ch6/build/cpmr_ch6/install.log --single-version-externally-managed install_data
