[4.820s] Invoking command in '/Users/mafu/Library/CloudStorage/GoogleDrive-mafu@my.yorku.ca/Other computers/My Laptop/E:/0.2 Fall 2024/EECS_4421_Robotics/Labs/Lab3/CPMR3/ros2_ws/src/cpmr_ch5': CONDA_PROMPT_MODIFIER=(ros3) PYTHONPATH=/Users/mafu/Library/CloudStorage/GoogleDrive-mafu@my.yorku.ca/Other computers/My Laptop/E:/0.2 Fall 2024/EECS_4421_Robotics/Labs/Lab3/CPMR3/ros2_ws/build/cpmr_ch5/prefix_override:/opt/miniconda3/envs/ros3/lib/python3.10/site-packages/colcon_core/task/python/colcon_distutils_commands:/Users/mafu/Library/CloudStorage/GoogleDrive-mafu@my.yorku.ca/Other computers/My Laptop/E:/0.2 Fall 2024/EECS_4421_Robotics/Labs/Lab3/CPMR3/ros2_ws/install/cpmr_ch5/lib/python3.10/site-packages:${PYTHONPATH} SHLVL=2 _=/usr/bin/env /opt/miniconda3/envs/ros3/bin/python3.10 -W ignore:setup.py install is deprecated setup.py egg_info --egg-base ../../build/cpmr_ch5 build --build-base /Users/mafu/Library/CloudStorage/GoogleDrive-mafu@my.yorku.ca/Other computers/My Laptop/E:/0.2 Fall 2024/EECS_4421_Robotics/Labs/Lab3/CPMR3/ros2_ws/build/cpmr_ch5/build install --record /Users/mafu/Library/CloudStorage/GoogleDrive-mafu@my.yorku.ca/Other computers/My Laptop/E:/0.2 Fall 2024/EECS_4421_Robotics/Labs/Lab3/CPMR3/ros2_ws/build/cpmr_ch5/install.log --single-version-externally-managed install_data
[5.874s] running egg_info
[5.939s] writing ../../build/cpmr_ch5/cpmr_ch5.egg-info/PKG-INFO
[6.009s] writing dependency_links to ../../build/cpmr_ch5/cpmr_ch5.egg-info/dependency_links.txt
[6.175s] writing entry points to ../../build/cpmr_ch5/cpmr_ch5.egg-info/entry_points.txt
[6.320s] writing requirements to ../../build/cpmr_ch5/cpmr_ch5.egg-info/requires.txt
[6.382s] writing top-level names to ../../build/cpmr_ch5/cpmr_ch5.egg-info/top_level.txt
[6.469s] reading manifest file '../../build/cpmr_ch5/cpmr_ch5.egg-info/SOURCES.txt'
[6.470s] writing manifest file '../../build/cpmr_ch5/cpmr_ch5.egg-info/SOURCES.txt'
[6.470s] running build
[6.470s] running build_py
[6.471s] running install
[6.475s] running install_lib
[6.588s] running install_data
[6.588s] copying resource/cpmr_ch5 -> /opt/miniconda3/envs/ros3/share/ament_index/resource_index/packages
[6.590s] copying package.xml -> /opt/miniconda3/envs/ros3/share/cpmr_ch5
[6.590s] copying launch/camera-robot.launch.py -> /opt/miniconda3/envs/ros3/share/cpmr_ch5
[6.590s] copying launch/good-features-camera-robot.launch.py -> /opt/miniconda3/envs/ros3/share/cpmr_ch5
[6.591s] copying launch/aruco-robot.launch.py -> /opt/miniconda3/envs/ros3/share/cpmr_ch5
[6.591s] copying launch/view-camera-robot.launch.py -> /opt/miniconda3/envs/ros3/share/cpmr_ch5
[6.591s] copying launch/harris-corners-camera-robot.launch.py -> /opt/miniconda3/envs/ros3/share/cpmr_ch5
[6.599s] copying launch/canny-edges-camera-robot.launch.py -> /opt/miniconda3/envs/ros3/share/cpmr_ch5
[6.602s] copying urdf/scout-camera.urdf.xacro -> /opt/miniconda3/envs/ros3/share/cpmr_ch5
[6.605s] copying urdf/colors.xacro -> /opt/miniconda3/envs/ros3/share/cpmr_ch5
[6.605s] running install_egg_info
[6.686s] removing '/opt/miniconda3/envs/ros3/lib/python3.10/site-packages/cpmr_ch5-3.1.0-py3.10.egg-info' (and everything under it)
[6.687s] Copying ../../build/cpmr_ch5/cpmr_ch5.egg-info to /opt/miniconda3/envs/ros3/lib/python3.10/site-packages/cpmr_ch5-3.1.0-py3.10.egg-info
[6.689s] running install_scripts
[7.450s] Installing aruco_target script to /opt/miniconda3/envs/ros3/lib/cpmr_ch5
[7.450s] Installing canny_edges script to /opt/miniconda3/envs/ros3/lib/cpmr_ch5
[7.450s] Installing good_features script to /opt/miniconda3/envs/ros3/lib/cpmr_ch5
[7.450s] Installing harris_corners script to /opt/miniconda3/envs/ros3/lib/cpmr_ch5
[7.450s] Installing opencv_camera script to /opt/miniconda3/envs/ros3/lib/cpmr_ch5
[7.450s] Installing view_camera script to /opt/miniconda3/envs/ros3/lib/cpmr_ch5
[7.450s] writing list of installed files to '/Users/mafu/Library/CloudStorage/GoogleDrive-mafu@my.yorku.ca/Other computers/My Laptop/E:/0.2 Fall 2024/EECS_4421_Robotics/Labs/Lab3/CPMR3/ros2_ws/build/cpmr_ch5/install.log'
[7.461s] Invoked command in '/Users/mafu/Library/CloudStorage/GoogleDrive-mafu@my.yorku.ca/Other computers/My Laptop/E:/0.2 Fall 2024/EECS_4421_Robotics/Labs/Lab3/CPMR3/ros2_ws/src/cpmr_ch5' returned '0': CONDA_PROMPT_MODIFIER=(ros3) PYTHONPATH=/Users/mafu/Library/CloudStorage/GoogleDrive-mafu@my.yorku.ca/Other computers/My Laptop/E:/0.2 Fall 2024/EECS_4421_Robotics/Labs/Lab3/CPMR3/ros2_ws/build/cpmr_ch5/prefix_override:/opt/miniconda3/envs/ros3/lib/python3.10/site-packages/colcon_core/task/python/colcon_distutils_commands:/Users/mafu/Library/CloudStorage/GoogleDrive-mafu@my.yorku.ca/Other computers/My Laptop/E:/0.2 Fall 2024/EECS_4421_Robotics/Labs/Lab3/CPMR3/ros2_ws/install/cpmr_ch5/lib/python3.10/site-packages:${PYTHONPATH} SHLVL=2 _=/usr/bin/env /opt/miniconda3/envs/ros3/bin/python3.10 -W ignore:setup.py install is deprecated setup.py egg_info --egg-base ../../build/cpmr_ch5 build --build-base /Users/mafu/Library/CloudStorage/GoogleDrive-mafu@my.yorku.ca/Other computers/My Laptop/E:/0.2 Fall 2024/EECS_4421_Robotics/Labs/Lab3/CPMR3/ros2_ws/build/cpmr_ch5/build install --record /Users/mafu/Library/CloudStorage/GoogleDrive-mafu@my.yorku.ca/Other computers/My Laptop/E:/0.2 Fall 2024/EECS_4421_Robotics/Labs/Lab3/CPMR3/ros2_ws/build/cpmr_ch5/install.log --single-version-externally-managed install_data
