[11.280s] Invoking command in '/Users/mafu/Library/CloudStorage/GoogleDrive-mafu@my.yorku.ca/Other computers/My Laptop/E:/0.2 Fall 2024/EECS_4421_Robotics/Labs/Lab2/CPMR3/ros2_ws/src/cpmr_ch6': CONDA_PROMPT_MODIFIER=(ros3) PYTHONPATH=/Users/mafu/Library/CloudStorage/GoogleDrive-mafu@my.yorku.ca/Other computers/My Laptop/E:/0.2 Fall 2024/EECS_4421_Robotics/Labs/Lab2/CPMR3/ros2_ws/build/cpmr_ch6/prefix_override:/opt/miniconda3/envs/ros3/lib/python3.10/site-packages/colcon_core/task/python/colcon_distutils_commands:/Users/mafu/Library/CloudStorage/GoogleDrive-mafu@my.yorku.ca/Other computers/My Laptop/E:/0.2 Fall 2024/EECS_4421_Robotics/Labs/Lab2/CPMR3/ros2_ws/install/cpmr_ch6/lib/python3.10/site-packages:${PYTHONPATH} SHLVL=2 _=/opt/miniconda3/envs/ros3/bin/env __CF_USER_TEXT_ENCODING=0x1F5:0x0:0x52 /opt/miniconda3/envs/ros3/bin/python3.10 -W ignore:setup.py install is deprecated setup.py egg_info --egg-base ../../build/cpmr_ch6 build --build-base /Users/mafu/Library/CloudStorage/GoogleDrive-mafu@my.yorku.ca/Other computers/My Laptop/E:/0.2 Fall 2024/EECS_4421_Robotics/Labs/Lab2/CPMR3/ros2_ws/build/cpmr_ch6/build install --record /Users/mafu/Library/CloudStorage/GoogleDrive-mafu@my.yorku.ca/Other computers/My Laptop/E:/0.2 Fall 2024/EECS_4421_Robotics/Labs/Lab2/CPMR3/ros2_ws/build/cpmr_ch6/install.log --single-version-externally-managed install_data
[12.336s] running egg_info
[12.409s] writing ../../build/cpmr_ch6/cpmr_ch6.egg-info/PKG-INFO
[12.450s] writing dependency_links to ../../build/cpmr_ch6/cpmr_ch6.egg-info/dependency_links.txt
[12.607s] writing entry points to ../../build/cpmr_ch6/cpmr_ch6.egg-info/entry_points.txt
[12.722s] writing requirements to ../../build/cpmr_ch6/cpmr_ch6.egg-info/requires.txt
[12.791s] writing top-level names to ../../build/cpmr_ch6/cpmr_ch6.egg-info/top_level.txt
[12.861s] reading manifest file '../../build/cpmr_ch6/cpmr_ch6.egg-info/SOURCES.txt'
[12.863s] writing manifest file '../../build/cpmr_ch6/cpmr_ch6.egg-info/SOURCES.txt'
[12.863s] running build
[12.863s] running build_py
[12.867s] running install
[12.879s] running install_lib
[12.937s] running install_data
[12.937s] running install_egg_info
[13.021s] removing '/opt/miniconda3/envs/ros3/lib/python3.10/site-packages/cpmr_ch6-3.1.0-py3.10.egg-info' (and everything under it)
[13.021s] Copying ../../build/cpmr_ch6/cpmr_ch6.egg-info to /opt/miniconda3/envs/ros3/lib/python3.10/site-packages/cpmr_ch6-3.1.0-py3.10.egg-info
[13.023s] running install_scripts
[13.632s] Installing auto_drive_by_line script to /opt/miniconda3/envs/ros3/lib/cpmr_ch6
[13.632s] Installing auto_drive_by_road script to /opt/miniconda3/envs/ros3/lib/cpmr_ch6
[13.632s] Installing drive_by_line script to /opt/miniconda3/envs/ros3/lib/cpmr_ch6
[13.632s] Installing drive_by_road script to /opt/miniconda3/envs/ros3/lib/cpmr_ch6
[13.632s] writing list of installed files to '/Users/mafu/Library/CloudStorage/GoogleDrive-mafu@my.yorku.ca/Other computers/My Laptop/E:/0.2 Fall 2024/EECS_4421_Robotics/Labs/Lab2/CPMR3/ros2_ws/build/cpmr_ch6/install.log'
[13.660s] Invoked command in '/Users/mafu/Library/CloudStorage/GoogleDrive-mafu@my.yorku.ca/Other computers/My Laptop/E:/0.2 Fall 2024/EECS_4421_Robotics/Labs/Lab2/CPMR3/ros2_ws/src/cpmr_ch6' returned '0': CONDA_PROMPT_MODIFIER=(ros3) PYTHONPATH=/Users/mafu/Library/CloudStorage/GoogleDrive-mafu@my.yorku.ca/Other computers/My Laptop/E:/0.2 Fall 2024/EECS_4421_Robotics/Labs/Lab2/CPMR3/ros2_ws/build/cpmr_ch6/prefix_override:/opt/miniconda3/envs/ros3/lib/python3.10/site-packages/colcon_core/task/python/colcon_distutils_commands:/Users/mafu/Library/CloudStorage/GoogleDrive-mafu@my.yorku.ca/Other computers/My Laptop/E:/0.2 Fall 2024/EECS_4421_Robotics/Labs/Lab2/CPMR3/ros2_ws/install/cpmr_ch6/lib/python3.10/site-packages:${PYTHONPATH} SHLVL=2 _=/opt/miniconda3/envs/ros3/bin/env __CF_USER_TEXT_ENCODING=0x1F5:0x0:0x52 /opt/miniconda3/envs/ros3/bin/python3.10 -W ignore:setup.py install is deprecated setup.py egg_info --egg-base ../../build/cpmr_ch6 build --build-base /Users/mafu/Library/CloudStorage/GoogleDrive-mafu@my.yorku.ca/Other computers/My Laptop/E:/0.2 Fall 2024/EECS_4421_Robotics/Labs/Lab2/CPMR3/ros2_ws/build/cpmr_ch6/build install --record /Users/mafu/Library/CloudStorage/GoogleDrive-mafu@my.yorku.ca/Other computers/My Laptop/E:/0.2 Fall 2024/EECS_4421_Robotics/Labs/Lab2/CPMR3/ros2_ws/build/cpmr_ch6/install.log --single-version-externally-managed install_data
