[8.104s] Invoking command in '/Users/mafu/Desktop/EECS_4421_Robotics/Labs/Assignment1/CPMR3/ros2_ws/src/cpmr_ch7': CONDA_PROMPT_MODIFIER=(ros2) PYTHONPATH=/Users/mafu/Desktop/EECS_4421_Robotics/Labs/Assignment1/CPMR3/ros2_ws/build/cpmr_ch7/prefix_override:/Users/mafu/miniconda3/envs/ros2/lib/python3.10/site-packages/colcon_core/task/python/colcon_distutils_commands:/Users/mafu/Desktop/EECS_4421_Robotics/Labs/Assignment1/CPMR3/ros2_ws/install/cpmr_ch7/lib/python3.10/site-packages:${PYTHONPATH} SHLVL=2 _=/Users/mafu/miniconda3/envs/ros2/bin/env __CF_USER_TEXT_ENCODING=0x1F5:0x0:0x52 /Users/mafu/miniconda3/envs/ros2/bin/python3.10 -W ignore:setup.py install is deprecated setup.py egg_info --egg-base ../../build/cpmr_ch7 build --build-base /Users/mafu/Desktop/EECS_4421_Robotics/Labs/Assignment1/CPMR3/ros2_ws/build/cpmr_ch7/build install --record /Users/mafu/Desktop/EECS_4421_Robotics/Labs/Assignment1/CPMR3/ros2_ws/build/cpmr_ch7/install.log --single-version-externally-managed install_data
[9.530s] running egg_info
[9.641s] writing ../../build/cpmr_ch7/cpmr_ch7.egg-info/PKG-INFO
[9.717s] writing dependency_links to ../../build/cpmr_ch7/cpmr_ch7.egg-info/dependency_links.txt
[10.033s] writing entry points to ../../build/cpmr_ch7/cpmr_ch7.egg-info/entry_points.txt
[10.236s] writing requirements to ../../build/cpmr_ch7/cpmr_ch7.egg-info/requires.txt
[10.359s] writing top-level names to ../../build/cpmr_ch7/cpmr_ch7.egg-info/top_level.txt
[10.557s] reading manifest file '../../build/cpmr_ch7/cpmr_ch7.egg-info/SOURCES.txt'
[10.558s] writing manifest file '../../build/cpmr_ch7/cpmr_ch7.egg-info/SOURCES.txt'
[10.558s] running build
[10.558s] running build_py
[10.559s] running install
[10.562s] running install_lib
[10.740s] running install_data
[10.740s] running install_egg_info
[11.352s] removing '/Users/mafu/Desktop/EECS_4421_Robotics/Labs/Assignment1/CPMR3/ros2_ws/install/cpmr_ch7/lib/python3.10/site-packages/cpmr_ch7-3.1.0-py3.10.egg-info' (and everything under it)
[11.352s] Copying ../../build/cpmr_ch7/cpmr_ch7.egg-info to /Users/mafu/Desktop/EECS_4421_Robotics/Labs/Assignment1/CPMR3/ros2_ws/install/cpmr_ch7/lib/python3.10/site-packages/cpmr_ch7-3.1.0-py3.10.egg-info
[11.352s] running install_scripts
[11.352s] Installing build_map script to /Users/mafu/Desktop/EECS_4421_Robotics/Labs/Assignment1/CPMR3/ros2_ws/install/cpmr_ch7/lib/cpmr_ch7
[11.353s] writing list of installed files to '/Users/mafu/Desktop/EECS_4421_Robotics/Labs/Assignment1/CPMR3/ros2_ws/build/cpmr_ch7/install.log'
[11.375s] Invoked command in '/Users/mafu/Desktop/EECS_4421_Robotics/Labs/Assignment1/CPMR3/ros2_ws/src/cpmr_ch7' returned '0': CONDA_PROMPT_MODIFIER=(ros2) PYTHONPATH=/Users/mafu/Desktop/EECS_4421_Robotics/Labs/Assignment1/CPMR3/ros2_ws/build/cpmr_ch7/prefix_override:/Users/mafu/miniconda3/envs/ros2/lib/python3.10/site-packages/colcon_core/task/python/colcon_distutils_commands:/Users/mafu/Desktop/EECS_4421_Robotics/Labs/Assignment1/CPMR3/ros2_ws/install/cpmr_ch7/lib/python3.10/site-packages:${PYTHONPATH} SHLVL=2 _=/Users/mafu/miniconda3/envs/ros2/bin/env __CF_USER_TEXT_ENCODING=0x1F5:0x0:0x52 /Users/mafu/miniconda3/envs/ros2/bin/python3.10 -W ignore:setup.py install is deprecated setup.py egg_info --egg-base ../../build/cpmr_ch7 build --build-base /Users/mafu/Desktop/EECS_4421_Robotics/Labs/Assignment1/CPMR3/ros2_ws/build/cpmr_ch7/build install --record /Users/mafu/Desktop/EECS_4421_Robotics/Labs/Assignment1/CPMR3/ros2_ws/build/cpmr_ch7/install.log --single-version-externally-managed install_data
