/Users/mafu/miniforge3/envs/ros_env/lib/python3.11/site-packages/setuptools/_distutils/dist.py:261: UserWarning: Unknown distribution option: 'tests_require'
  warnings.warn(msg)
running egg_info
writing ../../build/cpmr_ch11/cpmr_ch11.egg-info/PKG-INFO
writing dependency_links to ../../build/cpmr_ch11/cpmr_ch11.egg-info/dependency_links.txt
writing requirements to ../../build/cpmr_ch11/cpmr_ch11.egg-info/requires.txt
writing top-level names to ../../build/cpmr_ch11/cpmr_ch11.egg-info/top_level.txt
reading manifest file '../../build/cpmr_ch11/cpmr_ch11.egg-info/SOURCES.txt'
writing manifest file '../../build/cpmr_ch11/cpmr_ch11.egg-info/SOURCES.txt'
running build
running build_py
running install
running install_lib
creating /Users/mafu/miniforge3/envs/ros_env/lib/python3.11/site-packages/cpmr_ch11
copying /Users/mafu/Library/CloudStorage/GoogleDrive-mafu@my.yorku.ca/Other computers/My Laptop/E:/0.2 Fall 2024/EECS_4421_Robotics/Labs/Lab2/CPMR3/ros2_ws/build/cpmr_ch11/build/lib/cpmr_ch11/__init__.py -> /Users/mafu/miniforge3/envs/ros_env/lib/python3.11/site-packages/cpmr_ch11
byte-compiling /Users/mafu/miniforge3/envs/ros_env/lib/python3.11/site-packages/cpmr_ch11/__init__.py to __init__.cpython-311.pyc
running install_data
copying resource/cpmr_ch11 -> /Users/mafu/miniforge3/envs/ros_env/share/ament_index/resource_index/packages
creating /Users/mafu/miniforge3/envs/ros_env/share/cpmr_ch11
copying package.xml -> /Users/mafu/miniforge3/envs/ros_env/share/cpmr_ch11
copying launch/chairs.launch.py -> /Users/mafu/miniforge3/envs/ros_env/share/cpmr_ch11
copying urdf/wheelchair.urdf.xacro -> /Users/mafu/miniforge3/envs/ros_env/share/cpmr_ch11
copying urdf/emptychair.obj -> /Users/mafu/miniforge3/envs/ros_env/share/cpmr_ch11
copying urdf/emptychair.obj.orig -> /Users/mafu/miniforge3/envs/ros_env/share/cpmr_ch11
copying urdf/colors.xacro -> /Users/mafu/miniforge3/envs/ros_env/share/cpmr_ch11
running install_egg_info
Copying ../../build/cpmr_ch11/cpmr_ch11.egg-info to /Users/mafu/miniforge3/envs/ros_env/lib/python3.11/site-packages/cpmr_ch11-0.3.1-py3.11.egg-info
running install_scripts
writing list of installed files to '/Users/mafu/Library/CloudStorage/GoogleDrive-mafu@my.yorku.ca/Other computers/My Laptop/E:/0.2 Fall 2024/EECS_4421_Robotics/Labs/Lab2/CPMR3/ros2_ws/build/cpmr_ch11/install.log'
