running egg_info
writing ../../build/cpmr_ch11/cpmr_ch11.egg-info/PKG-INFO
writing dependency_links to ../../build/cpmr_ch11/cpmr_ch11.egg-info/dependency_links.txt
writing entry points to ../../build/cpmr_ch11/cpmr_ch11.egg-info/entry_points.txt
writing requirements to ../../build/cpmr_ch11/cpmr_ch11.egg-info/requires.txt
writing top-level names to ../../build/cpmr_ch11/cpmr_ch11.egg-info/top_level.txt
reading manifest file '../../build/cpmr_ch11/cpmr_ch11.egg-info/SOURCES.txt'
writing manifest file '../../build/cpmr_ch11/cpmr_ch11.egg-info/SOURCES.txt'
running build
running build_py
copying cpmr_ch11/leader_chair.py -> /Users/mafu/Desktop/robotics/Assignment4/CPMR3/ros2_ws/build/cpmr_ch11/build/lib/cpmr_ch11
running install
running install_lib
copying /Users/mafu/Desktop/robotics/Assignment4/CPMR3/ros2_ws/build/cpmr_ch11/build/lib/cpmr_ch11/leader_chair.py -> /Users/mafu/Desktop/robotics/Assignment4/CPMR3/ros2_ws/install/cpmr_ch11/lib/python3.10/site-packages/cpmr_ch11
byte-compiling /Users/mafu/Desktop/robotics/Assignment4/CPMR3/ros2_ws/install/cpmr_ch11/lib/python3.10/site-packages/cpmr_ch11/leader_chair.py to leader_chair.cpython-310.pyc
running install_data
running install_egg_info
removing '/Users/mafu/Desktop/robotics/Assignment4/CPMR3/ros2_ws/install/cpmr_ch11/lib/python3.10/site-packages/cpmr_ch11-0.3.1-py3.10.egg-info' (and everything under it)
Copying ../../build/cpmr_ch11/cpmr_ch11.egg-info to /Users/mafu/Desktop/robotics/Assignment4/CPMR3/ros2_ws/install/cpmr_ch11/lib/python3.10/site-packages/cpmr_ch11-0.3.1-py3.10.egg-info
running install_scripts
Installing follow_chair script to /Users/mafu/Desktop/robotics/Assignment4/CPMR3/ros2_ws/install/cpmr_ch11/lib/cpmr_ch11
Installing leader_chair script to /Users/mafu/Desktop/robotics/Assignment4/CPMR3/ros2_ws/install/cpmr_ch11/lib/cpmr_ch11
writing list of installed files to '/Users/mafu/Desktop/robotics/Assignment4/CPMR3/ros2_ws/build/cpmr_ch11/install.log'
