running develop
/opt/miniconda3/envs/ros3/lib/python3.10/site-packages/setuptools/command/easy_install.py:144: EasyInstallDeprecationWarning: easy_install command is deprecated. Use build and pip and other standards-based tools.
  warnings.warn(
running egg_info
writing cpmr_ch4.egg-info/PKG-INFO
writing dependency_links to cpmr_ch4.egg-info/dependency_links.txt
writing entry points to cpmr_ch4.egg-info/entry_points.txt
writing requirements to cpmr_ch4.egg-info/requires.txt
writing top-level names to cpmr_ch4.egg-info/top_level.txt
reading manifest file 'cpmr_ch4.egg-info/SOURCES.txt'
writing manifest file 'cpmr_ch4.egg-info/SOURCES.txt'
running build_ext
Creating /opt/miniconda3/envs/ros3/lib/python3.10/site-packages/cpmr-ch4.egg-link (link to .)
Installing collect_lidar script to /opt/miniconda3/envs/ros3/lib/cpmr_ch4

Installed /Users/mafu/Library/CloudStorage/GoogleDrive-mafu@my.yorku.ca/Other computers/My Laptop/E:/0.2 Fall 2024/EECS_4421_Robotics/Labs/Lab2/CPMR3/ros2_ws/build/cpmr_ch4
running symlink_data
symbolically linking /Users/mafu/Library/CloudStorage/GoogleDrive-mafu@my.yorku.ca/Other computers/My Laptop/E:/0.2 Fall 2024/EECS_4421_Robotics/Labs/Lab2/CPMR3/ros2_ws/build/cpmr_ch4/resource/cpmr_ch4 -> /opt/miniconda3/envs/ros3/share/ament_index/resource_index/packages
symbolically linking /Users/mafu/Library/CloudStorage/GoogleDrive-mafu@my.yorku.ca/Other computers/My Laptop/E:/0.2 Fall 2024/EECS_4421_Robotics/Labs/Lab2/CPMR3/ros2_ws/build/cpmr_ch4/package.xml -> /opt/miniconda3/envs/ros3/share/cpmr_ch4
symbolically linking /Users/mafu/Library/CloudStorage/GoogleDrive-mafu@my.yorku.ca/Other computers/My Laptop/E:/0.2 Fall 2024/EECS_4421_Robotics/Labs/Lab2/CPMR3/ros2_ws/build/cpmr_ch4/launch/lidar-collector.launch.py -> /opt/miniconda3/envs/ros3/share/cpmr_ch4
symbolically linking /Users/mafu/Library/CloudStorage/GoogleDrive-mafu@my.yorku.ca/Other computers/My Laptop/E:/0.2 Fall 2024/EECS_4421_Robotics/Labs/Lab2/CPMR3/ros2_ws/build/cpmr_ch4/launch/bumper-robot.launch.py -> /opt/miniconda3/envs/ros3/share/cpmr_ch4
symbolically linking /Users/mafu/Library/CloudStorage/GoogleDrive-mafu@my.yorku.ca/Other computers/My Laptop/E:/0.2 Fall 2024/EECS_4421_Robotics/Labs/Lab2/CPMR3/ros2_ws/build/cpmr_ch4/launch/sonar-robot.launch.py -> /opt/miniconda3/envs/ros3/share/cpmr_ch4
symbolically linking /Users/mafu/Library/CloudStorage/GoogleDrive-mafu@my.yorku.ca/Other computers/My Laptop/E:/0.2 Fall 2024/EECS_4421_Robotics/Labs/Lab2/CPMR3/ros2_ws/build/cpmr_ch4/launch/laser-robot.launch.py -> /opt/miniconda3/envs/ros3/share/cpmr_ch4
symbolically linking /Users/mafu/Library/CloudStorage/GoogleDrive-mafu@my.yorku.ca/Other computers/My Laptop/E:/0.2 Fall 2024/EECS_4421_Robotics/Labs/Lab2/CPMR3/ros2_ws/build/cpmr_ch4/launch/imu-robot.launch.py -> /opt/miniconda3/envs/ros3/share/cpmr_ch4
symbolically linking /Users/mafu/Library/CloudStorage/GoogleDrive-mafu@my.yorku.ca/Other computers/My Laptop/E:/0.2 Fall 2024/EECS_4421_Robotics/Labs/Lab2/CPMR3/ros2_ws/build/cpmr_ch4/urdf/scout-bumper.urdf.xacro -> /opt/miniconda3/envs/ros3/share/cpmr_ch4
symbolically linking /Users/mafu/Library/CloudStorage/GoogleDrive-mafu@my.yorku.ca/Other computers/My Laptop/E:/0.2 Fall 2024/EECS_4421_Robotics/Labs/Lab2/CPMR3/ros2_ws/build/cpmr_ch4/urdf/scout-sonar.urdf.xacro -> /opt/miniconda3/envs/ros3/share/cpmr_ch4
symbolically linking /Users/mafu/Library/CloudStorage/GoogleDrive-mafu@my.yorku.ca/Other computers/My Laptop/E:/0.2 Fall 2024/EECS_4421_Robotics/Labs/Lab2/CPMR3/ros2_ws/build/cpmr_ch4/urdf/scout-laser.urdf.xacro -> /opt/miniconda3/envs/ros3/share/cpmr_ch4
symbolically linking /Users/mafu/Library/CloudStorage/GoogleDrive-mafu@my.yorku.ca/Other computers/My Laptop/E:/0.2 Fall 2024/EECS_4421_Robotics/Labs/Lab2/CPMR3/ros2_ws/build/cpmr_ch4/urdf/scout-imu.urdf.xacro -> /opt/miniconda3/envs/ros3/share/cpmr_ch4
symbolically linking /Users/mafu/Library/CloudStorage/GoogleDrive-mafu@my.yorku.ca/Other computers/My Laptop/E:/0.2 Fall 2024/EECS_4421_Robotics/Labs/Lab2/CPMR3/ros2_ws/build/cpmr_ch4/urdf/colors.xacro -> /opt/miniconda3/envs/ros3/share/cpmr_ch4
