[0.228s] [34mcolcon[0m [1;30mDEBUG[0m [32mCommand line arguments: ['/opt/miniconda3/envs/ros_env/bin/colcon', 'build'][0m
[0.228s] [34mcolcon[0m [1;30mDEBUG[0m [32mParsed command line arguments: Namespace(log_base=None, log_level=None, verb_name='build', build_base='build', install_base='install', merge_install=False, symlink_install=False, test_result_base=None, continue_on_error=False, executor='parallel', parallel_workers=8, event_handlers=None, ignore_user_meta=False, metas=['./colcon.meta'], base_paths=['.'], packages_ignore=None, packages_ignore_regex=None, paths=None, packages_up_to=None, packages_up_to_regex=None, packages_above=None, packages_above_and_dependencies=None, packages_above_depth=None, packages_select_by_dep=None, packages_skip_by_dep=None, packages_skip_up_to=None, packages_select_build_failed=False, packages_skip_build_finished=False, packages_select_test_failures=False, packages_skip_test_passed=False, packages_select=None, packages_skip=None, packages_select_regex=None, packages_skip_regex=None, packages_start=None, packages_end=None, cmake_args=None, cmake_target=None, cmake_target_skip_unavailable=False, cmake_clean_cache=False, cmake_clean_first=False, cmake_force_configure=False, ament_cmake_args=None, catkin_cmake_args=None, catkin_skip_building_tests=False, verb_parser=<colcon_defaults.argument_parser.defaults.DefaultArgumentsDecorator object at 0x105a50dd0>, verb_extension=<colcon_core.verb.build.BuildVerb object at 0x105a506d0>, main=<bound method BuildVerb.main of <colcon_core.verb.build.BuildVerb object at 0x105a506d0>>)[0m
[0.375s] [34mcolcon.colcon_core.package_discovery[0m [1;30mLevel 1[0m discover_packages(colcon_meta) check parameters
[0.375s] [34mcolcon.colcon_core.package_discovery[0m [1;30mLevel 1[0m discover_packages(recursive) check parameters
[0.375s] [34mcolcon.colcon_core.package_discovery[0m [1;30mLevel 1[0m discover_packages(ignore) check parameters
[0.375s] [34mcolcon.colcon_core.package_discovery[0m [1;30mLevel 1[0m discover_packages(path) check parameters
[0.375s] [34mcolcon.colcon_core.package_discovery[0m [1;30mLevel 1[0m discover_packages(colcon_meta) discover
[0.375s] [34mcolcon.colcon_core.package_discovery[0m [1;30mLevel 1[0m discover_packages(recursive) discover
[0.375s] [34mcolcon.colcon_core.package_discovery[0m [1;30mINFO[0m Crawling recursively for packages in '/Users/mafu/Library/CloudStorage/GoogleDrive-mafu@my.yorku.ca/Other computers/My Laptop/E:/0.2 Fall 2024/EECS_4421_Robotics/Labs/Lab2/CPMR3/ros2_ws/src'
[0.375s] [34mcolcon.colcon_core.package_identification[0m [1;30mLevel 1[0m _identify(.) by extensions ['ignore', 'ignore_ament_install']
[0.375s] [34mcolcon.colcon_core.package_identification[0m [1;30mLevel 1[0m _identify(.) by extension 'ignore'
[0.375s] [34mcolcon.colcon_core.package_identification[0m [1;30mLevel 1[0m _identify(.) by extension 'ignore_ament_install'
[0.375s] [34mcolcon.colcon_core.package_identification[0m [1;30mLevel 1[0m _identify(.) by extensions ['colcon_pkg']
[0.375s] [34mcolcon.colcon_core.package_identification[0m [1;30mLevel 1[0m _identify(.) by extension 'colcon_pkg'
[0.375s] [34mcolcon.colcon_core.package_identification[0m [1;30mLevel 1[0m _identify(.) by extensions ['colcon_meta']
[0.376s] [34mcolcon.colcon_core.package_identification[0m [1;30mLevel 1[0m _identify(.) by extension 'colcon_meta'
[0.376s] [34mcolcon.colcon_core.package_identification[0m [1;30mLevel 1[0m _identify(.) by extensions ['ros']
[0.376s] [34mcolcon.colcon_core.package_identification[0m [1;30mLevel 1[0m _identify(.) by extension 'ros'
[0.395s] [34mcolcon.colcon_core.package_identification[0m [1;30mLevel 1[0m _identify(.) by extensions ['cmake', 'python']
[0.395s] [34mcolcon.colcon_core.package_identification[0m [1;30mLevel 1[0m _identify(.) by extension 'cmake'
[0.395s] [34mcolcon.colcon_core.package_identification[0m [1;30mLevel 1[0m _identify(.) by extension 'python'
[0.395s] [34mcolcon.colcon_core.package_identification[0m [1;30mLevel 1[0m _identify(.) by extensions ['python_setup_py']
[0.395s] [34mcolcon.colcon_core.package_identification[0m [1;30mLevel 1[0m _identify(.) by extension 'python_setup_py'
[0.395s] [34mcolcon.colcon_core.package_identification[0m [1;30mLevel 1[0m _identify(build) by extensions ['ignore', 'ignore_ament_install']
[0.395s] [34mcolcon.colcon_core.package_identification[0m [1;30mLevel 1[0m _identify(build) by extension 'ignore'
[0.396s] [34mcolcon.colcon_core.package_identification[0m [1;30mLevel 1[0m _identify(build) ignored
[0.396s] [34mcolcon.colcon_core.package_identification[0m [1;30mLevel 1[0m _identify(cpmr_apb) by extensions ['ignore', 'ignore_ament_install']
[0.396s] [34mcolcon.colcon_core.package_identification[0m [1;30mLevel 1[0m _identify(cpmr_apb) by extension 'ignore'
[0.396s] [34mcolcon.colcon_core.package_identification[0m [1;30mLevel 1[0m _identify(cpmr_apb) by extension 'ignore_ament_install'
[0.396s] [34mcolcon.colcon_core.package_identification[0m [1;30mLevel 1[0m _identify(cpmr_apb) by extensions ['colcon_pkg']
[0.396s] [34mcolcon.colcon_core.package_identification[0m [1;30mLevel 1[0m _identify(cpmr_apb) by extension 'colcon_pkg'
[0.396s] [34mcolcon.colcon_core.package_identification[0m [1;30mLevel 1[0m _identify(cpmr_apb) by extensions ['colcon_meta']
[0.396s] [34mcolcon.colcon_core.package_identification[0m [1;30mLevel 1[0m _identify(cpmr_apb) by extension 'colcon_meta'
[0.396s] [34mcolcon.colcon_core.package_identification[0m [1;30mLevel 1[0m _identify(cpmr_apb) by extensions ['ros']
[0.396s] [34mcolcon.colcon_core.package_identification[0m [1;30mLevel 1[0m _identify(cpmr_apb) by extension 'ros'
[0.399s] [34mcolcon.colcon_core.package_identification[0m [1;30mDEBUG[0m [32mPackage 'cpmr_apb' with type 'ros.ament_python' and name 'cpmr_apb'[0m
[0.399s] [34mcolcon.colcon_core.package_identification[0m [1;30mLevel 1[0m _identify(cpmr_ch11) by extensions ['ignore', 'ignore_ament_install']
[0.399s] [34mcolcon.colcon_core.package_identification[0m [1;30mLevel 1[0m _identify(cpmr_ch11) by extension 'ignore'
[0.399s] [34mcolcon.colcon_core.package_identification[0m [1;30mLevel 1[0m _identify(cpmr_ch11) by extension 'ignore_ament_install'
[0.399s] [34mcolcon.colcon_core.package_identification[0m [1;30mLevel 1[0m _identify(cpmr_ch11) by extensions ['colcon_pkg']
[0.399s] [34mcolcon.colcon_core.package_identification[0m [1;30mLevel 1[0m _identify(cpmr_ch11) by extension 'colcon_pkg'
[0.399s] [34mcolcon.colcon_core.package_identification[0m [1;30mLevel 1[0m _identify(cpmr_ch11) by extensions ['colcon_meta']
[0.399s] [34mcolcon.colcon_core.package_identification[0m [1;30mLevel 1[0m _identify(cpmr_ch11) by extension 'colcon_meta'
[0.399s] [34mcolcon.colcon_core.package_identification[0m [1;30mLevel 1[0m _identify(cpmr_ch11) by extensions ['ros']
[0.399s] [34mcolcon.colcon_core.package_identification[0m [1;30mLevel 1[0m _identify(cpmr_ch11) by extension 'ros'
[0.400s] [34mcolcon.colcon_core.package_identification[0m [1;30mDEBUG[0m [32mPackage 'cpmr_ch11' with type 'ros.ament_python' and name 'cpmr_ch11'[0m
[0.400s] [34mcolcon.colcon_core.package_identification[0m [1;30mLevel 1[0m _identify(cpmr_ch12) by extensions ['ignore', 'ignore_ament_install']
[0.400s] [34mcolcon.colcon_core.package_identification[0m [1;30mLevel 1[0m _identify(cpmr_ch12) by extension 'ignore'
[0.400s] [34mcolcon.colcon_core.package_identification[0m [1;30mLevel 1[0m _identify(cpmr_ch12) by extension 'ignore_ament_install'
[0.400s] [34mcolcon.colcon_core.package_identification[0m [1;30mLevel 1[0m _identify(cpmr_ch12) by extensions ['colcon_pkg']
[0.400s] [34mcolcon.colcon_core.package_identification[0m [1;30mLevel 1[0m _identify(cpmr_ch12) by extension 'colcon_pkg'
[0.400s] [34mcolcon.colcon_core.package_identification[0m [1;30mLevel 1[0m _identify(cpmr_ch12) by extensions ['colcon_meta']
[0.400s] [34mcolcon.colcon_core.package_identification[0m [1;30mLevel 1[0m _identify(cpmr_ch12) by extension 'colcon_meta'
[0.400s] [34mcolcon.colcon_core.package_identification[0m [1;30mLevel 1[0m _identify(cpmr_ch12) by extensions ['ros']
[0.400s] [34mcolcon.colcon_core.package_identification[0m [1;30mLevel 1[0m _identify(cpmr_ch12) by extension 'ros'
[0.401s] [34mcolcon.colcon_core.package_identification[0m [1;30mDEBUG[0m [32mPackage 'cpmr_ch12' with type 'ros.ament_python' and name 'cpmr_ch12'[0m
[0.401s] [34mcolcon.colcon_core.package_identification[0m [1;30mLevel 1[0m _identify(cpmr_ch2) by extensions ['ignore', 'ignore_ament_install']
[0.401s] [34mcolcon.colcon_core.package_identification[0m [1;30mLevel 1[0m _identify(cpmr_ch2) by extension 'ignore'
[0.401s] [34mcolcon.colcon_core.package_identification[0m [1;30mLevel 1[0m _identify(cpmr_ch2) by extension 'ignore_ament_install'
[0.401s] [34mcolcon.colcon_core.package_identification[0m [1;30mLevel 1[0m _identify(cpmr_ch2) by extensions ['colcon_pkg']
[0.401s] [34mcolcon.colcon_core.package_identification[0m [1;30mLevel 1[0m _identify(cpmr_ch2) by extension 'colcon_pkg'
[0.401s] [34mcolcon.colcon_core.package_identification[0m [1;30mLevel 1[0m _identify(cpmr_ch2) by extensions ['colcon_meta']
[0.401s] [34mcolcon.colcon_core.package_identification[0m [1;30mLevel 1[0m _identify(cpmr_ch2) by extension 'colcon_meta'
[0.401s] [34mcolcon.colcon_core.package_identification[0m [1;30mLevel 1[0m _identify(cpmr_ch2) by extensions ['ros']
[0.401s] [34mcolcon.colcon_core.package_identification[0m [1;30mLevel 1[0m _identify(cpmr_ch2) by extension 'ros'
[0.401s] [34mcolcon.colcon_core.package_identification[0m [1;30mDEBUG[0m [32mPackage 'cpmr_ch2' with type 'ros.ament_python' and name 'cpmr_ch2'[0m
[0.402s] [34mcolcon.colcon_core.package_identification[0m [1;30mLevel 1[0m _identify(cpmr_ch4) by extensions ['ignore', 'ignore_ament_install']
[0.402s] [34mcolcon.colcon_core.package_identification[0m [1;30mLevel 1[0m _identify(cpmr_ch4) by extension 'ignore'
[0.402s] [34mcolcon.colcon_core.package_identification[0m [1;30mLevel 1[0m _identify(cpmr_ch4) by extension 'ignore_ament_install'
[0.402s] [34mcolcon.colcon_core.package_identification[0m [1;30mLevel 1[0m _identify(cpmr_ch4) by extensions ['colcon_pkg']
[0.402s] [34mcolcon.colcon_core.package_identification[0m [1;30mLevel 1[0m _identify(cpmr_ch4) by extension 'colcon_pkg'
[0.402s] [34mcolcon.colcon_core.package_identification[0m [1;30mLevel 1[0m _identify(cpmr_ch4) by extensions ['colcon_meta']
[0.402s] [34mcolcon.colcon_core.package_identification[0m [1;30mLevel 1[0m _identify(cpmr_ch4) by extension 'colcon_meta'
[0.402s] [34mcolcon.colcon_core.package_identification[0m [1;30mLevel 1[0m _identify(cpmr_ch4) by extensions ['ros']
[0.402s] [34mcolcon.colcon_core.package_identification[0m [1;30mLevel 1[0m _identify(cpmr_ch4) by extension 'ros'
[0.402s] [34mcolcon.colcon_core.package_identification[0m [1;30mDEBUG[0m [32mPackage 'cpmr_ch4' with type 'ros.ament_python' and name 'cpmr_ch4'[0m
[0.402s] [34mcolcon.colcon_core.package_identification[0m [1;30mLevel 1[0m _identify(cpmr_ch5) by extensions ['ignore', 'ignore_ament_install']
[0.403s] [34mcolcon.colcon_core.package_identification[0m [1;30mLevel 1[0m _identify(cpmr_ch5) by extension 'ignore'
[0.403s] [34mcolcon.colcon_core.package_identification[0m [1;30mLevel 1[0m _identify(cpmr_ch5) by extension 'ignore_ament_install'
[0.403s] [34mcolcon.colcon_core.package_identification[0m [1;30mLevel 1[0m _identify(cpmr_ch5) by extensions ['colcon_pkg']
[0.403s] [34mcolcon.colcon_core.package_identification[0m [1;30mLevel 1[0m _identify(cpmr_ch5) by extension 'colcon_pkg'
[0.403s] [34mcolcon.colcon_core.package_identification[0m [1;30mLevel 1[0m _identify(cpmr_ch5) by extensions ['colcon_meta']
[0.403s] [34mcolcon.colcon_core.package_identification[0m [1;30mLevel 1[0m _identify(cpmr_ch5) by extension 'colcon_meta'
[0.403s] [34mcolcon.colcon_core.package_identification[0m [1;30mLevel 1[0m _identify(cpmr_ch5) by extensions ['ros']
[0.403s] [34mcolcon.colcon_core.package_identification[0m [1;30mLevel 1[0m _identify(cpmr_ch5) by extension 'ros'
[0.403s] [34mcolcon.colcon_core.package_identification[0m [1;30mDEBUG[0m [32mPackage 'cpmr_ch5' with type 'ros.ament_python' and name 'cpmr_ch5'[0m
[0.403s] [34mcolcon.colcon_core.package_identification[0m [1;30mLevel 1[0m _identify(cpmr_ch6) by extensions ['ignore', 'ignore_ament_install']
[0.403s] [34mcolcon.colcon_core.package_identification[0m [1;30mLevel 1[0m _identify(cpmr_ch6) by extension 'ignore'
[0.403s] [34mcolcon.colcon_core.package_identification[0m [1;30mLevel 1[0m _identify(cpmr_ch6) by extension 'ignore_ament_install'
[0.403s] [34mcolcon.colcon_core.package_identification[0m [1;30mLevel 1[0m _identify(cpmr_ch6) by extensions ['colcon_pkg']
[0.403s] [34mcolcon.colcon_core.package_identification[0m [1;30mLevel 1[0m _identify(cpmr_ch6) by extension 'colcon_pkg'
[0.403s] [34mcolcon.colcon_core.package_identification[0m [1;30mLevel 1[0m _identify(cpmr_ch6) by extensions ['colcon_meta']
[0.403s] [34mcolcon.colcon_core.package_identification[0m [1;30mLevel 1[0m _identify(cpmr_ch6) by extension 'colcon_meta'
[0.403s] [34mcolcon.colcon_core.package_identification[0m [1;30mLevel 1[0m _identify(cpmr_ch6) by extensions ['ros']
[0.403s] [34mcolcon.colcon_core.package_identification[0m [1;30mLevel 1[0m _identify(cpmr_ch6) by extension 'ros'
[0.404s] [34mcolcon.colcon_core.package_identification[0m [1;30mDEBUG[0m [32mPackage 'cpmr_ch6' with type 'ros.ament_python' and name 'cpmr_ch6'[0m
[0.404s] [34mcolcon.colcon_core.package_identification[0m [1;30mLevel 1[0m _identify(cpmr_ch7) by extensions ['ignore', 'ignore_ament_install']
[0.404s] [34mcolcon.colcon_core.package_identification[0m [1;30mLevel 1[0m _identify(cpmr_ch7) by extension 'ignore'
[0.404s] [34mcolcon.colcon_core.package_identification[0m [1;30mLevel 1[0m _identify(cpmr_ch7) by extension 'ignore_ament_install'
[0.404s] [34mcolcon.colcon_core.package_identification[0m [1;30mLevel 1[0m _identify(cpmr_ch7) by extensions ['colcon_pkg']
[0.404s] [34mcolcon.colcon_core.package_identification[0m [1;30mLevel 1[0m _identify(cpmr_ch7) by extension 'colcon_pkg'
[0.404s] [34mcolcon.colcon_core.package_identification[0m [1;30mLevel 1[0m _identify(cpmr_ch7) by extensions ['colcon_meta']
[0.404s] [34mcolcon.colcon_core.package_identification[0m [1;30mLevel 1[0m _identify(cpmr_ch7) by extension 'colcon_meta'
[0.404s] [34mcolcon.colcon_core.package_identification[0m [1;30mLevel 1[0m _identify(cpmr_ch7) by extensions ['ros']
[0.404s] [34mcolcon.colcon_core.package_identification[0m [1;30mLevel 1[0m _identify(cpmr_ch7) by extension 'ros'
[0.405s] [34mcolcon.colcon_core.package_identification[0m [1;30mDEBUG[0m [32mPackage 'cpmr_ch7' with type 'ros.ament_python' and name 'cpmr_ch7'[0m
[0.405s] [34mcolcon.colcon_core.package_identification[0m [1;30mLevel 1[0m _identify(cpmr_ch8) by extensions ['ignore', 'ignore_ament_install']
[0.405s] [34mcolcon.colcon_core.package_identification[0m [1;30mLevel 1[0m _identify(cpmr_ch8) by extension 'ignore'
[0.405s] [34mcolcon.colcon_core.package_identification[0m [1;30mLevel 1[0m _identify(cpmr_ch8) by extension 'ignore_ament_install'
[0.405s] [34mcolcon.colcon_core.package_identification[0m [1;30mLevel 1[0m _identify(cpmr_ch8) by extensions ['colcon_pkg']
[0.405s] [34mcolcon.colcon_core.package_identification[0m [1;30mLevel 1[0m _identify(cpmr_ch8) by extension 'colcon_pkg'
[0.405s] [34mcolcon.colcon_core.package_identification[0m [1;30mLevel 1[0m _identify(cpmr_ch8) by extensions ['colcon_meta']
[0.405s] [34mcolcon.colcon_core.package_identification[0m [1;30mLevel 1[0m _identify(cpmr_ch8) by extension 'colcon_meta'
[0.405s] [34mcolcon.colcon_core.package_identification[0m [1;30mLevel 1[0m _identify(cpmr_ch8) by extensions ['ros']
[0.405s] [34mcolcon.colcon_core.package_identification[0m [1;30mLevel 1[0m _identify(cpmr_ch8) by extension 'ros'
[0.406s] [34mcolcon.colcon_core.package_identification[0m [1;30mDEBUG[0m [32mPackage 'cpmr_ch8' with type 'ros.ament_python' and name 'cpmr_ch8'[0m
[0.406s] [34mcolcon.colcon_core.package_identification[0m [1;30mLevel 1[0m _identify(install) by extensions ['ignore', 'ignore_ament_install']
[0.406s] [34mcolcon.colcon_core.package_identification[0m [1;30mLevel 1[0m _identify(install) by extension 'ignore'
[0.406s] [34mcolcon.colcon_core.package_identification[0m [1;30mLevel 1[0m _identify(install) ignored
[0.406s] [34mcolcon.colcon_core.package_identification[0m [1;30mLevel 1[0m _identify(log) by extensions ['ignore', 'ignore_ament_install']
[0.406s] [34mcolcon.colcon_core.package_identification[0m [1;30mLevel 1[0m _identify(log) by extension 'ignore'
[0.406s] [34mcolcon.colcon_core.package_identification[0m [1;30mLevel 1[0m _identify(log) ignored
[0.406s] [34mcolcon.colcon_core.package_discovery[0m [1;30mLevel 1[0m discover_packages(recursive) using defaults
[0.406s] [34mcolcon.colcon_core.package_discovery[0m [1;30mLevel 1[0m discover_packages(ignore) discover
[0.406s] [34mcolcon.colcon_core.package_discovery[0m [1;30mLevel 1[0m discover_packages(ignore) using defaults
[0.406s] [34mcolcon.colcon_core.package_discovery[0m [1;30mLevel 1[0m discover_packages(path) discover
[0.406s] [34mcolcon.colcon_core.package_discovery[0m [1;30mLevel 1[0m discover_packages(path) using defaults
[0.423s] [34mcolcon.colcon_core.verb[0m [1;30mLevel 5[0m set package 'cpmr_apb' build argument 'cmake_args' from command line to 'None'
[0.423s] [34mcolcon.colcon_core.verb[0m [1;30mLevel 5[0m set package 'cpmr_apb' build argument 'cmake_target' from command line to 'None'
[0.423s] [34mcolcon.colcon_core.verb[0m [1;30mLevel 5[0m set package 'cpmr_apb' build argument 'cmake_target_skip_unavailable' from command line to 'False'
[0.423s] [34mcolcon.colcon_core.verb[0m [1;30mLevel 5[0m set package 'cpmr_apb' build argument 'cmake_clean_cache' from command line to 'False'
[0.423s] [34mcolcon.colcon_core.verb[0m [1;30mLevel 5[0m set package 'cpmr_apb' build argument 'cmake_clean_first' from command line to 'False'
[0.423s] [34mcolcon.colcon_core.verb[0m [1;30mLevel 5[0m set package 'cpmr_apb' build argument 'cmake_force_configure' from command line to 'False'
[0.423s] [34mcolcon.colcon_core.verb[0m [1;30mLevel 5[0m set package 'cpmr_apb' build argument 'ament_cmake_args' from command line to 'None'
[0.423s] [34mcolcon.colcon_core.verb[0m [1;30mLevel 5[0m set package 'cpmr_apb' build argument 'catkin_cmake_args' from command line to 'None'
[0.423s] [34mcolcon.colcon_core.verb[0m [1;30mLevel 5[0m set package 'cpmr_apb' build argument 'catkin_skip_building_tests' from command line to 'False'
[0.423s] [34mcolcon.colcon_core.verb[0m [1;30mDEBUG[0m [32mBuilding package 'cpmr_apb' with the following arguments: {'ament_cmake_args': None, 'build_base': '/Users/mafu/Library/CloudStorage/GoogleDrive-mafu@my.yorku.ca/Other computers/My Laptop/E:/0.2 Fall 2024/EECS_4421_Robotics/Labs/Lab2/CPMR3/ros2_ws/src/build/cpmr_apb', 'catkin_cmake_args': None, 'catkin_skip_building_tests': False, 'cmake_args': None, 'cmake_clean_cache': False, 'cmake_clean_first': False, 'cmake_force_configure': False, 'cmake_target': None, 'cmake_target_skip_unavailable': False, 'install_base': '/Users/mafu/Library/CloudStorage/GoogleDrive-mafu@my.yorku.ca/Other computers/My Laptop/E:/0.2 Fall 2024/EECS_4421_Robotics/Labs/Lab2/CPMR3/ros2_ws/src/install/cpmr_apb', 'merge_install': False, 'path': '/Users/mafu/Library/CloudStorage/GoogleDrive-mafu@my.yorku.ca/Other computers/My Laptop/E:/0.2 Fall 2024/EECS_4421_Robotics/Labs/Lab2/CPMR3/ros2_ws/src/cpmr_apb', 'symlink_install': False, 'test_result_base': None}[0m
[0.423s] [34mcolcon.colcon_core.verb[0m [1;30mLevel 5[0m set package 'cpmr_ch11' build argument 'cmake_args' from command line to 'None'
[0.423s] [34mcolcon.colcon_core.verb[0m [1;30mLevel 5[0m set package 'cpmr_ch11' build argument 'cmake_target' from command line to 'None'
[0.423s] [34mcolcon.colcon_core.verb[0m [1;30mLevel 5[0m set package 'cpmr_ch11' build argument 'cmake_target_skip_unavailable' from command line to 'False'
[0.423s] [34mcolcon.colcon_core.verb[0m [1;30mLevel 5[0m set package 'cpmr_ch11' build argument 'cmake_clean_cache' from command line to 'False'
[0.423s] [34mcolcon.colcon_core.verb[0m [1;30mLevel 5[0m set package 'cpmr_ch11' build argument 'cmake_clean_first' from command line to 'False'
[0.423s] [34mcolcon.colcon_core.verb[0m [1;30mLevel 5[0m set package 'cpmr_ch11' build argument 'cmake_force_configure' from command line to 'False'
[0.423s] [34mcolcon.colcon_core.verb[0m [1;30mLevel 5[0m set package 'cpmr_ch11' build argument 'ament_cmake_args' from command line to 'None'
[0.423s] [34mcolcon.colcon_core.verb[0m [1;30mLevel 5[0m set package 'cpmr_ch11' build argument 'catkin_cmake_args' from command line to 'None'
[0.423s] [34mcolcon.colcon_core.verb[0m [1;30mLevel 5[0m set package 'cpmr_ch11' build argument 'catkin_skip_building_tests' from command line to 'False'
[0.423s] [34mcolcon.colcon_core.verb[0m [1;30mDEBUG[0m [32mBuilding package 'cpmr_ch11' with the following arguments: {'ament_cmake_args': None, 'build_base': '/Users/mafu/Library/CloudStorage/GoogleDrive-mafu@my.yorku.ca/Other computers/My Laptop/E:/0.2 Fall 2024/EECS_4421_Robotics/Labs/Lab2/CPMR3/ros2_ws/src/build/cpmr_ch11', 'catkin_cmake_args': None, 'catkin_skip_building_tests': False, 'cmake_args': None, 'cmake_clean_cache': False, 'cmake_clean_first': False, 'cmake_force_configure': False, 'cmake_target': None, 'cmake_target_skip_unavailable': False, 'install_base': '/Users/mafu/Library/CloudStorage/GoogleDrive-mafu@my.yorku.ca/Other computers/My Laptop/E:/0.2 Fall 2024/EECS_4421_Robotics/Labs/Lab2/CPMR3/ros2_ws/src/install/cpmr_ch11', 'merge_install': False, 'path': '/Users/mafu/Library/CloudStorage/GoogleDrive-mafu@my.yorku.ca/Other computers/My Laptop/E:/0.2 Fall 2024/EECS_4421_Robotics/Labs/Lab2/CPMR3/ros2_ws/src/cpmr_ch11', 'symlink_install': False, 'test_result_base': None}[0m
[0.423s] [34mcolcon.colcon_core.verb[0m [1;30mLevel 5[0m set package 'cpmr_ch12' build argument 'cmake_args' from command line to 'None'
[0.423s] [34mcolcon.colcon_core.verb[0m [1;30mLevel 5[0m set package 'cpmr_ch12' build argument 'cmake_target' from command line to 'None'
[0.423s] [34mcolcon.colcon_core.verb[0m [1;30mLevel 5[0m set package 'cpmr_ch12' build argument 'cmake_target_skip_unavailable' from command line to 'False'
[0.423s] [34mcolcon.colcon_core.verb[0m [1;30mLevel 5[0m set package 'cpmr_ch12' build argument 'cmake_clean_cache' from command line to 'False'
[0.423s] [34mcolcon.colcon_core.verb[0m [1;30mLevel 5[0m set package 'cpmr_ch12' build argument 'cmake_clean_first' from command line to 'False'
[0.423s] [34mcolcon.colcon_core.verb[0m [1;30mLevel 5[0m set package 'cpmr_ch12' build argument 'cmake_force_configure' from command line to 'False'
[0.423s] [34mcolcon.colcon_core.verb[0m [1;30mLevel 5[0m set package 'cpmr_ch12' build argument 'ament_cmake_args' from command line to 'None'
[0.423s] [34mcolcon.colcon_core.verb[0m [1;30mLevel 5[0m set package 'cpmr_ch12' build argument 'catkin_cmake_args' from command line to 'None'
[0.423s] [34mcolcon.colcon_core.verb[0m [1;30mLevel 5[0m set package 'cpmr_ch12' build argument 'catkin_skip_building_tests' from command line to 'False'
[0.423s] [34mcolcon.colcon_core.verb[0m [1;30mDEBUG[0m [32mBuilding package 'cpmr_ch12' with the following arguments: {'ament_cmake_args': None, 'build_base': '/Users/mafu/Library/CloudStorage/GoogleDrive-mafu@my.yorku.ca/Other computers/My Laptop/E:/0.2 Fall 2024/EECS_4421_Robotics/Labs/Lab2/CPMR3/ros2_ws/src/build/cpmr_ch12', 'catkin_cmake_args': None, 'catkin_skip_building_tests': False, 'cmake_args': None, 'cmake_clean_cache': False, 'cmake_clean_first': False, 'cmake_force_configure': False, 'cmake_target': None, 'cmake_target_skip_unavailable': False, 'install_base': '/Users/mafu/Library/CloudStorage/GoogleDrive-mafu@my.yorku.ca/Other computers/My Laptop/E:/0.2 Fall 2024/EECS_4421_Robotics/Labs/Lab2/CPMR3/ros2_ws/src/install/cpmr_ch12', 'merge_install': False, 'path': '/Users/mafu/Library/CloudStorage/GoogleDrive-mafu@my.yorku.ca/Other computers/My Laptop/E:/0.2 Fall 2024/EECS_4421_Robotics/Labs/Lab2/CPMR3/ros2_ws/src/cpmr_ch12', 'symlink_install': False, 'test_result_base': None}[0m
[0.424s] [34mcolcon.colcon_core.verb[0m [1;30mLevel 5[0m set package 'cpmr_ch2' build argument 'cmake_args' from command line to 'None'
[0.424s] [34mcolcon.colcon_core.verb[0m [1;30mLevel 5[0m set package 'cpmr_ch2' build argument 'cmake_target' from command line to 'None'
[0.424s] [34mcolcon.colcon_core.verb[0m [1;30mLevel 5[0m set package 'cpmr_ch2' build argument 'cmake_target_skip_unavailable' from command line to 'False'
[0.424s] [34mcolcon.colcon_core.verb[0m [1;30mLevel 5[0m set package 'cpmr_ch2' build argument 'cmake_clean_cache' from command line to 'False'
[0.424s] [34mcolcon.colcon_core.verb[0m [1;30mLevel 5[0m set package 'cpmr_ch2' build argument 'cmake_clean_first' from command line to 'False'
[0.424s] [34mcolcon.colcon_core.verb[0m [1;30mLevel 5[0m set package 'cpmr_ch2' build argument 'cmake_force_configure' from command line to 'False'
[0.424s] [34mcolcon.colcon_core.verb[0m [1;30mLevel 5[0m set package 'cpmr_ch2' build argument 'ament_cmake_args' from command line to 'None'
[0.424s] [34mcolcon.colcon_core.verb[0m [1;30mLevel 5[0m set package 'cpmr_ch2' build argument 'catkin_cmake_args' from command line to 'None'
[0.424s] [34mcolcon.colcon_core.verb[0m [1;30mLevel 5[0m set package 'cpmr_ch2' build argument 'catkin_skip_building_tests' from command line to 'False'
[0.424s] [34mcolcon.colcon_core.verb[0m [1;30mDEBUG[0m [32mBuilding package 'cpmr_ch2' with the following arguments: {'ament_cmake_args': None, 'build_base': '/Users/mafu/Library/CloudStorage/GoogleDrive-mafu@my.yorku.ca/Other computers/My Laptop/E:/0.2 Fall 2024/EECS_4421_Robotics/Labs/Lab2/CPMR3/ros2_ws/src/build/cpmr_ch2', 'catkin_cmake_args': None, 'catkin_skip_building_tests': False, 'cmake_args': None, 'cmake_clean_cache': False, 'cmake_clean_first': False, 'cmake_force_configure': False, 'cmake_target': None, 'cmake_target_skip_unavailable': False, 'install_base': '/Users/mafu/Library/CloudStorage/GoogleDrive-mafu@my.yorku.ca/Other computers/My Laptop/E:/0.2 Fall 2024/EECS_4421_Robotics/Labs/Lab2/CPMR3/ros2_ws/src/install/cpmr_ch2', 'merge_install': False, 'path': '/Users/mafu/Library/CloudStorage/GoogleDrive-mafu@my.yorku.ca/Other computers/My Laptop/E:/0.2 Fall 2024/EECS_4421_Robotics/Labs/Lab2/CPMR3/ros2_ws/src/cpmr_ch2', 'symlink_install': False, 'test_result_base': None}[0m
[0.424s] [34mcolcon.colcon_core.verb[0m [1;30mLevel 5[0m set package 'cpmr_ch4' build argument 'cmake_args' from command line to 'None'
[0.424s] [34mcolcon.colcon_core.verb[0m [1;30mLevel 5[0m set package 'cpmr_ch4' build argument 'cmake_target' from command line to 'None'
[0.424s] [34mcolcon.colcon_core.verb[0m [1;30mLevel 5[0m set package 'cpmr_ch4' build argument 'cmake_target_skip_unavailable' from command line to 'False'
[0.424s] [34mcolcon.colcon_core.verb[0m [1;30mLevel 5[0m set package 'cpmr_ch4' build argument 'cmake_clean_cache' from command line to 'False'
[0.424s] [34mcolcon.colcon_core.verb[0m [1;30mLevel 5[0m set package 'cpmr_ch4' build argument 'cmake_clean_first' from command line to 'False'
[0.424s] [34mcolcon.colcon_core.verb[0m [1;30mLevel 5[0m set package 'cpmr_ch4' build argument 'cmake_force_configure' from command line to 'False'
[0.424s] [34mcolcon.colcon_core.verb[0m [1;30mLevel 5[0m set package 'cpmr_ch4' build argument 'ament_cmake_args' from command line to 'None'
[0.424s] [34mcolcon.colcon_core.verb[0m [1;30mLevel 5[0m set package 'cpmr_ch4' build argument 'catkin_cmake_args' from command line to 'None'
[0.424s] [34mcolcon.colcon_core.verb[0m [1;30mLevel 5[0m set package 'cpmr_ch4' build argument 'catkin_skip_building_tests' from command line to 'False'
[0.424s] [34mcolcon.colcon_core.verb[0m [1;30mDEBUG[0m [32mBuilding package 'cpmr_ch4' with the following arguments: {'ament_cmake_args': None, 'build_base': '/Users/mafu/Library/CloudStorage/GoogleDrive-mafu@my.yorku.ca/Other computers/My Laptop/E:/0.2 Fall 2024/EECS_4421_Robotics/Labs/Lab2/CPMR3/ros2_ws/src/build/cpmr_ch4', 'catkin_cmake_args': None, 'catkin_skip_building_tests': False, 'cmake_args': None, 'cmake_clean_cache': False, 'cmake_clean_first': False, 'cmake_force_configure': False, 'cmake_target': None, 'cmake_target_skip_unavailable': False, 'install_base': '/Users/mafu/Library/CloudStorage/GoogleDrive-mafu@my.yorku.ca/Other computers/My Laptop/E:/0.2 Fall 2024/EECS_4421_Robotics/Labs/Lab2/CPMR3/ros2_ws/src/install/cpmr_ch4', 'merge_install': False, 'path': '/Users/mafu/Library/CloudStorage/GoogleDrive-mafu@my.yorku.ca/Other computers/My Laptop/E:/0.2 Fall 2024/EECS_4421_Robotics/Labs/Lab2/CPMR3/ros2_ws/src/cpmr_ch4', 'symlink_install': False, 'test_result_base': None}[0m
[0.424s] [34mcolcon.colcon_core.verb[0m [1;30mLevel 5[0m set package 'cpmr_ch5' build argument 'cmake_args' from command line to 'None'
[0.424s] [34mcolcon.colcon_core.verb[0m [1;30mLevel 5[0m set package 'cpmr_ch5' build argument 'cmake_target' from command line to 'None'
[0.424s] [34mcolcon.colcon_core.verb[0m [1;30mLevel 5[0m set package 'cpmr_ch5' build argument 'cmake_target_skip_unavailable' from command line to 'False'
[0.424s] [34mcolcon.colcon_core.verb[0m [1;30mLevel 5[0m set package 'cpmr_ch5' build argument 'cmake_clean_cache' from command line to 'False'
[0.424s] [34mcolcon.colcon_core.verb[0m [1;30mLevel 5[0m set package 'cpmr_ch5' build argument 'cmake_clean_first' from command line to 'False'
[0.424s] [34mcolcon.colcon_core.verb[0m [1;30mLevel 5[0m set package 'cpmr_ch5' build argument 'cmake_force_configure' from command line to 'False'
[0.424s] [34mcolcon.colcon_core.verb[0m [1;30mLevel 5[0m set package 'cpmr_ch5' build argument 'ament_cmake_args' from command line to 'None'
[0.424s] [34mcolcon.colcon_core.verb[0m [1;30mLevel 5[0m set package 'cpmr_ch5' build argument 'catkin_cmake_args' from command line to 'None'
[0.424s] [34mcolcon.colcon_core.verb[0m [1;30mLevel 5[0m set package 'cpmr_ch5' build argument 'catkin_skip_building_tests' from command line to 'False'
[0.424s] [34mcolcon.colcon_core.verb[0m [1;30mDEBUG[0m [32mBuilding package 'cpmr_ch5' with the following arguments: {'ament_cmake_args': None, 'build_base': '/Users/mafu/Library/CloudStorage/GoogleDrive-mafu@my.yorku.ca/Other computers/My Laptop/E:/0.2 Fall 2024/EECS_4421_Robotics/Labs/Lab2/CPMR3/ros2_ws/src/build/cpmr_ch5', 'catkin_cmake_args': None, 'catkin_skip_building_tests': False, 'cmake_args': None, 'cmake_clean_cache': False, 'cmake_clean_first': False, 'cmake_force_configure': False, 'cmake_target': None, 'cmake_target_skip_unavailable': False, 'install_base': '/Users/mafu/Library/CloudStorage/GoogleDrive-mafu@my.yorku.ca/Other computers/My Laptop/E:/0.2 Fall 2024/EECS_4421_Robotics/Labs/Lab2/CPMR3/ros2_ws/src/install/cpmr_ch5', 'merge_install': False, 'path': '/Users/mafu/Library/CloudStorage/GoogleDrive-mafu@my.yorku.ca/Other computers/My Laptop/E:/0.2 Fall 2024/EECS_4421_Robotics/Labs/Lab2/CPMR3/ros2_ws/src/cpmr_ch5', 'symlink_install': False, 'test_result_base': None}[0m
[0.424s] [34mcolcon.colcon_core.verb[0m [1;30mLevel 5[0m set package 'cpmr_ch6' build argument 'cmake_args' from command line to 'None'
[0.424s] [34mcolcon.colcon_core.verb[0m [1;30mLevel 5[0m set package 'cpmr_ch6' build argument 'cmake_target' from command line to 'None'
[0.424s] [34mcolcon.colcon_core.verb[0m [1;30mLevel 5[0m set package 'cpmr_ch6' build argument 'cmake_target_skip_unavailable' from command line to 'False'
[0.424s] [34mcolcon.colcon_core.verb[0m [1;30mLevel 5[0m set package 'cpmr_ch6' build argument 'cmake_clean_cache' from command line to 'False'
[0.424s] [34mcolcon.colcon_core.verb[0m [1;30mLevel 5[0m set package 'cpmr_ch6' build argument 'cmake_clean_first' from command line to 'False'
[0.424s] [34mcolcon.colcon_core.verb[0m [1;30mLevel 5[0m set package 'cpmr_ch6' build argument 'cmake_force_configure' from command line to 'False'
[0.424s] [34mcolcon.colcon_core.verb[0m [1;30mLevel 5[0m set package 'cpmr_ch6' build argument 'ament_cmake_args' from command line to 'None'
[0.424s] [34mcolcon.colcon_core.verb[0m [1;30mLevel 5[0m set package 'cpmr_ch6' build argument 'catkin_cmake_args' from command line to 'None'
[0.424s] [34mcolcon.colcon_core.verb[0m [1;30mLevel 5[0m set package 'cpmr_ch6' build argument 'catkin_skip_building_tests' from command line to 'False'
[0.424s] [34mcolcon.colcon_core.verb[0m [1;30mDEBUG[0m [32mBuilding package 'cpmr_ch6' with the following arguments: {'ament_cmake_args': None, 'build_base': '/Users/mafu/Library/CloudStorage/GoogleDrive-mafu@my.yorku.ca/Other computers/My Laptop/E:/0.2 Fall 2024/EECS_4421_Robotics/Labs/Lab2/CPMR3/ros2_ws/src/build/cpmr_ch6', 'catkin_cmake_args': None, 'catkin_skip_building_tests': False, 'cmake_args': None, 'cmake_clean_cache': False, 'cmake_clean_first': False, 'cmake_force_configure': False, 'cmake_target': None, 'cmake_target_skip_unavailable': False, 'install_base': '/Users/mafu/Library/CloudStorage/GoogleDrive-mafu@my.yorku.ca/Other computers/My Laptop/E:/0.2 Fall 2024/EECS_4421_Robotics/Labs/Lab2/CPMR3/ros2_ws/src/install/cpmr_ch6', 'merge_install': False, 'path': '/Users/mafu/Library/CloudStorage/GoogleDrive-mafu@my.yorku.ca/Other computers/My Laptop/E:/0.2 Fall 2024/EECS_4421_Robotics/Labs/Lab2/CPMR3/ros2_ws/src/cpmr_ch6', 'symlink_install': False, 'test_result_base': None}[0m
[0.425s] [34mcolcon.colcon_core.verb[0m [1;30mLevel 5[0m set package 'cpmr_ch7' build argument 'cmake_args' from command line to 'None'
[0.425s] [34mcolcon.colcon_core.verb[0m [1;30mLevel 5[0m set package 'cpmr_ch7' build argument 'cmake_target' from command line to 'None'
[0.425s] [34mcolcon.colcon_core.verb[0m [1;30mLevel 5[0m set package 'cpmr_ch7' build argument 'cmake_target_skip_unavailable' from command line to 'False'
[0.425s] [34mcolcon.colcon_core.verb[0m [1;30mLevel 5[0m set package 'cpmr_ch7' build argument 'cmake_clean_cache' from command line to 'False'
[0.425s] [34mcolcon.colcon_core.verb[0m [1;30mLevel 5[0m set package 'cpmr_ch7' build argument 'cmake_clean_first' from command line to 'False'
[0.425s] [34mcolcon.colcon_core.verb[0m [1;30mLevel 5[0m set package 'cpmr_ch7' build argument 'cmake_force_configure' from command line to 'False'
[0.425s] [34mcolcon.colcon_core.verb[0m [1;30mLevel 5[0m set package 'cpmr_ch7' build argument 'ament_cmake_args' from command line to 'None'
[0.425s] [34mcolcon.colcon_core.verb[0m [1;30mLevel 5[0m set package 'cpmr_ch7' build argument 'catkin_cmake_args' from command line to 'None'
[0.425s] [34mcolcon.colcon_core.verb[0m [1;30mLevel 5[0m set package 'cpmr_ch7' build argument 'catkin_skip_building_tests' from command line to 'False'
[0.425s] [34mcolcon.colcon_core.verb[0m [1;30mDEBUG[0m [32mBuilding package 'cpmr_ch7' with the following arguments: {'ament_cmake_args': None, 'build_base': '/Users/mafu/Library/CloudStorage/GoogleDrive-mafu@my.yorku.ca/Other computers/My Laptop/E:/0.2 Fall 2024/EECS_4421_Robotics/Labs/Lab2/CPMR3/ros2_ws/src/build/cpmr_ch7', 'catkin_cmake_args': None, 'catkin_skip_building_tests': False, 'cmake_args': None, 'cmake_clean_cache': False, 'cmake_clean_first': False, 'cmake_force_configure': False, 'cmake_target': None, 'cmake_target_skip_unavailable': False, 'install_base': '/Users/mafu/Library/CloudStorage/GoogleDrive-mafu@my.yorku.ca/Other computers/My Laptop/E:/0.2 Fall 2024/EECS_4421_Robotics/Labs/Lab2/CPMR3/ros2_ws/src/install/cpmr_ch7', 'merge_install': False, 'path': '/Users/mafu/Library/CloudStorage/GoogleDrive-mafu@my.yorku.ca/Other computers/My Laptop/E:/0.2 Fall 2024/EECS_4421_Robotics/Labs/Lab2/CPMR3/ros2_ws/src/cpmr_ch7', 'symlink_install': False, 'test_result_base': None}[0m
[0.425s] [34mcolcon.colcon_core.verb[0m [1;30mLevel 5[0m set package 'cpmr_ch8' build argument 'cmake_args' from command line to 'None'
[0.425s] [34mcolcon.colcon_core.verb[0m [1;30mLevel 5[0m set package 'cpmr_ch8' build argument 'cmake_target' from command line to 'None'
[0.425s] [34mcolcon.colcon_core.verb[0m [1;30mLevel 5[0m set package 'cpmr_ch8' build argument 'cmake_target_skip_unavailable' from command line to 'False'
[0.425s] [34mcolcon.colcon_core.verb[0m [1;30mLevel 5[0m set package 'cpmr_ch8' build argument 'cmake_clean_cache' from command line to 'False'
[0.425s] [34mcolcon.colcon_core.verb[0m [1;30mLevel 5[0m set package 'cpmr_ch8' build argument 'cmake_clean_first' from command line to 'False'
[0.425s] [34mcolcon.colcon_core.verb[0m [1;30mLevel 5[0m set package 'cpmr_ch8' build argument 'cmake_force_configure' from command line to 'False'
[0.425s] [34mcolcon.colcon_core.verb[0m [1;30mLevel 5[0m set package 'cpmr_ch8' build argument 'ament_cmake_args' from command line to 'None'
[0.425s] [34mcolcon.colcon_core.verb[0m [1;30mLevel 5[0m set package 'cpmr_ch8' build argument 'catkin_cmake_args' from command line to 'None'
[0.425s] [34mcolcon.colcon_core.verb[0m [1;30mLevel 5[0m set package 'cpmr_ch8' build argument 'catkin_skip_building_tests' from command line to 'False'
[0.425s] [34mcolcon.colcon_core.verb[0m [1;30mDEBUG[0m [32mBuilding package 'cpmr_ch8' with the following arguments: {'ament_cmake_args': None, 'build_base': '/Users/mafu/Library/CloudStorage/GoogleDrive-mafu@my.yorku.ca/Other computers/My Laptop/E:/0.2 Fall 2024/EECS_4421_Robotics/Labs/Lab2/CPMR3/ros2_ws/src/build/cpmr_ch8', 'catkin_cmake_args': None, 'catkin_skip_building_tests': False, 'cmake_args': None, 'cmake_clean_cache': False, 'cmake_clean_first': False, 'cmake_force_configure': False, 'cmake_target': None, 'cmake_target_skip_unavailable': False, 'install_base': '/Users/mafu/Library/CloudStorage/GoogleDrive-mafu@my.yorku.ca/Other computers/My Laptop/E:/0.2 Fall 2024/EECS_4421_Robotics/Labs/Lab2/CPMR3/ros2_ws/src/install/cpmr_ch8', 'merge_install': False, 'path': '/Users/mafu/Library/CloudStorage/GoogleDrive-mafu@my.yorku.ca/Other computers/My Laptop/E:/0.2 Fall 2024/EECS_4421_Robotics/Labs/Lab2/CPMR3/ros2_ws/src/cpmr_ch8', 'symlink_install': False, 'test_result_base': None}[0m
[0.425s] [34mcolcon.colcon_core.executor[0m [1;30mINFO[0m Executing jobs using 'parallel' executor
[0.426s] [34mcolcon.colcon_parallel_executor.executor.parallel[0m [1;30mDEBUG[0m [32mrun_until_complete[0m
[0.426s] [34mcolcon.colcon_ros.task.ament_python.build[0m [1;30mINFO[0m Building ROS package in '/Users/mafu/Library/CloudStorage/GoogleDrive-mafu@my.yorku.ca/Other computers/My Laptop/E:/0.2 Fall 2024/EECS_4421_Robotics/Labs/Lab2/CPMR3/ros2_ws/src/cpmr_apb' with build type 'ament_python'
[0.426s] [34mcolcon.colcon_core.shell[0m [1;30mLevel 1[0m create_environment_hook('cpmr_apb', 'ament_prefix_path')
[0.430s] [34mcolcon.colcon_core.plugin_system[0m [1;30mINFO[0m Skipping extension 'colcon_core.shell.bat': Not used on non-Windows systems
[0.430s] [34mcolcon.colcon_core.shell[0m [1;30mINFO[0m Creating environment hook '/Users/mafu/Library/CloudStorage/GoogleDrive-mafu@my.yorku.ca/Other computers/My Laptop/E:/0.2 Fall 2024/EECS_4421_Robotics/Labs/Lab2/CPMR3/ros2_ws/src/install/cpmr_apb/share/cpmr_apb/hook/ament_prefix_path.ps1'
[0.431s] [34mcolcon.colcon_core.shell[0m [1;30mINFO[0m Creating environment descriptor '/Users/mafu/Library/CloudStorage/GoogleDrive-mafu@my.yorku.ca/Other computers/My Laptop/E:/0.2 Fall 2024/EECS_4421_Robotics/Labs/Lab2/CPMR3/ros2_ws/src/install/cpmr_apb/share/cpmr_apb/hook/ament_prefix_path.dsv'
[0.432s] [34mcolcon.colcon_core.shell[0m [1;30mINFO[0m Creating environment hook '/Users/mafu/Library/CloudStorage/GoogleDrive-mafu@my.yorku.ca/Other computers/My Laptop/E:/0.2 Fall 2024/EECS_4421_Robotics/Labs/Lab2/CPMR3/ros2_ws/src/install/cpmr_apb/share/cpmr_apb/hook/ament_prefix_path.sh'
[0.432s] [34mcolcon.colcon_core.shell[0m [1;30mINFO[0m Skip shell extension 'powershell' for command environment: Not usable outside of PowerShell
[0.432s] [34mcolcon.colcon_core.shell[0m [1;30mDEBUG[0m [32mSkip shell extension 'dsv' for command environment[0m
[0.438s] [34mcolcon.colcon_ros.task.ament_python.build[0m [1;30mINFO[0m Building ROS package in '/Users/mafu/Library/CloudStorage/GoogleDrive-mafu@my.yorku.ca/Other computers/My Laptop/E:/0.2 Fall 2024/EECS_4421_Robotics/Labs/Lab2/CPMR3/ros2_ws/src/cpmr_ch11' with build type 'ament_python'
[0.439s] [34mcolcon.colcon_core.shell[0m [1;30mLevel 1[0m create_environment_hook('cpmr_ch11', 'ament_prefix_path')
[0.439s] [34mcolcon.colcon_core.shell[0m [1;30mINFO[0m Creating environment hook '/Users/mafu/Library/CloudStorage/GoogleDrive-mafu@my.yorku.ca/Other computers/My Laptop/E:/0.2 Fall 2024/EECS_4421_Robotics/Labs/Lab2/CPMR3/ros2_ws/src/install/cpmr_ch11/share/cpmr_ch11/hook/ament_prefix_path.ps1'
[0.440s] [34mcolcon.colcon_core.shell[0m [1;30mINFO[0m Creating environment descriptor '/Users/mafu/Library/CloudStorage/GoogleDrive-mafu@my.yorku.ca/Other computers/My Laptop/E:/0.2 Fall 2024/EECS_4421_Robotics/Labs/Lab2/CPMR3/ros2_ws/src/install/cpmr_ch11/share/cpmr_ch11/hook/ament_prefix_path.dsv'
[0.440s] [34mcolcon.colcon_core.shell[0m [1;30mINFO[0m Creating environment hook '/Users/mafu/Library/CloudStorage/GoogleDrive-mafu@my.yorku.ca/Other computers/My Laptop/E:/0.2 Fall 2024/EECS_4421_Robotics/Labs/Lab2/CPMR3/ros2_ws/src/install/cpmr_ch11/share/cpmr_ch11/hook/ament_prefix_path.sh'
[0.441s] [34mcolcon.colcon_core.shell[0m [1;30mINFO[0m Skip shell extension 'powershell' for command environment: Not usable outside of PowerShell
[0.441s] [34mcolcon.colcon_core.shell[0m [1;30mDEBUG[0m [32mSkip shell extension 'dsv' for command environment[0m
[0.444s] [34mcolcon.colcon_ros.task.ament_python.build[0m [1;30mINFO[0m Building ROS package in '/Users/mafu/Library/CloudStorage/GoogleDrive-mafu@my.yorku.ca/Other computers/My Laptop/E:/0.2 Fall 2024/EECS_4421_Robotics/Labs/Lab2/CPMR3/ros2_ws/src/cpmr_ch12' with build type 'ament_python'
[0.445s] [34mcolcon.colcon_core.shell[0m [1;30mLevel 1[0m create_environment_hook('cpmr_ch12', 'ament_prefix_path')
[0.445s] [34mcolcon.colcon_core.shell[0m [1;30mINFO[0m Creating environment hook '/Users/mafu/Library/CloudStorage/GoogleDrive-mafu@my.yorku.ca/Other computers/My Laptop/E:/0.2 Fall 2024/EECS_4421_Robotics/Labs/Lab2/CPMR3/ros2_ws/src/install/cpmr_ch12/share/cpmr_ch12/hook/ament_prefix_path.ps1'
[0.447s] [34mcolcon.colcon_core.shell[0m [1;30mINFO[0m Creating environment descriptor '/Users/mafu/Library/CloudStorage/GoogleDrive-mafu@my.yorku.ca/Other computers/My Laptop/E:/0.2 Fall 2024/EECS_4421_Robotics/Labs/Lab2/CPMR3/ros2_ws/src/install/cpmr_ch12/share/cpmr_ch12/hook/ament_prefix_path.dsv'
[0.447s] [34mcolcon.colcon_core.shell[0m [1;30mINFO[0m Creating environment hook '/Users/mafu/Library/CloudStorage/GoogleDrive-mafu@my.yorku.ca/Other computers/My Laptop/E:/0.2 Fall 2024/EECS_4421_Robotics/Labs/Lab2/CPMR3/ros2_ws/src/install/cpmr_ch12/share/cpmr_ch12/hook/ament_prefix_path.sh'
[0.448s] [34mcolcon.colcon_core.shell[0m [1;30mINFO[0m Skip shell extension 'powershell' for command environment: Not usable outside of PowerShell
[0.448s] [34mcolcon.colcon_core.shell[0m [1;30mDEBUG[0m [32mSkip shell extension 'dsv' for command environment[0m
[0.451s] [34mcolcon.colcon_ros.task.ament_python.build[0m [1;30mINFO[0m Building ROS package in '/Users/mafu/Library/CloudStorage/GoogleDrive-mafu@my.yorku.ca/Other computers/My Laptop/E:/0.2 Fall 2024/EECS_4421_Robotics/Labs/Lab2/CPMR3/ros2_ws/src/cpmr_ch2' with build type 'ament_python'
[0.451s] [34mcolcon.colcon_core.shell[0m [1;30mLevel 1[0m create_environment_hook('cpmr_ch2', 'ament_prefix_path')
[0.452s] [34mcolcon.colcon_core.shell[0m [1;30mINFO[0m Creating environment hook '/Users/mafu/Library/CloudStorage/GoogleDrive-mafu@my.yorku.ca/Other computers/My Laptop/E:/0.2 Fall 2024/EECS_4421_Robotics/Labs/Lab2/CPMR3/ros2_ws/src/install/cpmr_ch2/share/cpmr_ch2/hook/ament_prefix_path.ps1'
[0.452s] [34mcolcon.colcon_core.shell[0m [1;30mINFO[0m Creating environment descriptor '/Users/mafu/Library/CloudStorage/GoogleDrive-mafu@my.yorku.ca/Other computers/My Laptop/E:/0.2 Fall 2024/EECS_4421_Robotics/Labs/Lab2/CPMR3/ros2_ws/src/install/cpmr_ch2/share/cpmr_ch2/hook/ament_prefix_path.dsv'
[0.453s] [34mcolcon.colcon_core.shell[0m [1;30mINFO[0m Creating environment hook '/Users/mafu/Library/CloudStorage/GoogleDrive-mafu@my.yorku.ca/Other computers/My Laptop/E:/0.2 Fall 2024/EECS_4421_Robotics/Labs/Lab2/CPMR3/ros2_ws/src/install/cpmr_ch2/share/cpmr_ch2/hook/ament_prefix_path.sh'
[0.453s] [34mcolcon.colcon_core.shell[0m [1;30mINFO[0m Skip shell extension 'powershell' for command environment: Not usable outside of PowerShell
[0.453s] [34mcolcon.colcon_core.shell[0m [1;30mDEBUG[0m [32mSkip shell extension 'dsv' for command environment[0m
[0.457s] [34mcolcon.colcon_ros.task.ament_python.build[0m [1;30mINFO[0m Building ROS package in '/Users/mafu/Library/CloudStorage/GoogleDrive-mafu@my.yorku.ca/Other computers/My Laptop/E:/0.2 Fall 2024/EECS_4421_Robotics/Labs/Lab2/CPMR3/ros2_ws/src/cpmr_ch4' with build type 'ament_python'
[0.457s] [34mcolcon.colcon_core.shell[0m [1;30mLevel 1[0m create_environment_hook('cpmr_ch4', 'ament_prefix_path')
[0.457s] [34mcolcon.colcon_core.shell[0m [1;30mINFO[0m Creating environment hook '/Users/mafu/Library/CloudStorage/GoogleDrive-mafu@my.yorku.ca/Other computers/My Laptop/E:/0.2 Fall 2024/EECS_4421_Robotics/Labs/Lab2/CPMR3/ros2_ws/src/install/cpmr_ch4/share/cpmr_ch4/hook/ament_prefix_path.ps1'
[0.458s] [34mcolcon.colcon_core.shell[0m [1;30mINFO[0m Creating environment descriptor '/Users/mafu/Library/CloudStorage/GoogleDrive-mafu@my.yorku.ca/Other computers/My Laptop/E:/0.2 Fall 2024/EECS_4421_Robotics/Labs/Lab2/CPMR3/ros2_ws/src/install/cpmr_ch4/share/cpmr_ch4/hook/ament_prefix_path.dsv'
[0.459s] [34mcolcon.colcon_core.shell[0m [1;30mINFO[0m Creating environment hook '/Users/mafu/Library/CloudStorage/GoogleDrive-mafu@my.yorku.ca/Other computers/My Laptop/E:/0.2 Fall 2024/EECS_4421_Robotics/Labs/Lab2/CPMR3/ros2_ws/src/install/cpmr_ch4/share/cpmr_ch4/hook/ament_prefix_path.sh'
[0.459s] [34mcolcon.colcon_core.shell[0m [1;30mINFO[0m Skip shell extension 'powershell' for command environment: Not usable outside of PowerShell
[0.459s] [34mcolcon.colcon_core.shell[0m [1;30mDEBUG[0m [32mSkip shell extension 'dsv' for command environment[0m
[0.463s] [34mcolcon.colcon_ros.task.ament_python.build[0m [1;30mINFO[0m Building ROS package in '/Users/mafu/Library/CloudStorage/GoogleDrive-mafu@my.yorku.ca/Other computers/My Laptop/E:/0.2 Fall 2024/EECS_4421_Robotics/Labs/Lab2/CPMR3/ros2_ws/src/cpmr_ch5' with build type 'ament_python'
[0.463s] [34mcolcon.colcon_core.shell[0m [1;30mLevel 1[0m create_environment_hook('cpmr_ch5', 'ament_prefix_path')
[0.464s] [34mcolcon.colcon_core.shell[0m [1;30mINFO[0m Creating environment hook '/Users/mafu/Library/CloudStorage/GoogleDrive-mafu@my.yorku.ca/Other computers/My Laptop/E:/0.2 Fall 2024/EECS_4421_Robotics/Labs/Lab2/CPMR3/ros2_ws/src/install/cpmr_ch5/share/cpmr_ch5/hook/ament_prefix_path.ps1'
[0.464s] [34mcolcon.colcon_core.shell[0m [1;30mINFO[0m Creating environment descriptor '/Users/mafu/Library/CloudStorage/GoogleDrive-mafu@my.yorku.ca/Other computers/My Laptop/E:/0.2 Fall 2024/EECS_4421_Robotics/Labs/Lab2/CPMR3/ros2_ws/src/install/cpmr_ch5/share/cpmr_ch5/hook/ament_prefix_path.dsv'
[0.465s] [34mcolcon.colcon_core.shell[0m [1;30mINFO[0m Creating environment hook '/Users/mafu/Library/CloudStorage/GoogleDrive-mafu@my.yorku.ca/Other computers/My Laptop/E:/0.2 Fall 2024/EECS_4421_Robotics/Labs/Lab2/CPMR3/ros2_ws/src/install/cpmr_ch5/share/cpmr_ch5/hook/ament_prefix_path.sh'
[0.465s] [34mcolcon.colcon_core.shell[0m [1;30mINFO[0m Skip shell extension 'powershell' for command environment: Not usable outside of PowerShell
[0.465s] [34mcolcon.colcon_core.shell[0m [1;30mDEBUG[0m [32mSkip shell extension 'dsv' for command environment[0m
[0.469s] [34mcolcon.colcon_ros.task.ament_python.build[0m [1;30mINFO[0m Building ROS package in '/Users/mafu/Library/CloudStorage/GoogleDrive-mafu@my.yorku.ca/Other computers/My Laptop/E:/0.2 Fall 2024/EECS_4421_Robotics/Labs/Lab2/CPMR3/ros2_ws/src/cpmr_ch6' with build type 'ament_python'
[0.469s] [34mcolcon.colcon_core.shell[0m [1;30mLevel 1[0m create_environment_hook('cpmr_ch6', 'ament_prefix_path')
[0.469s] [34mcolcon.colcon_core.shell[0m [1;30mINFO[0m Creating environment hook '/Users/mafu/Library/CloudStorage/GoogleDrive-mafu@my.yorku.ca/Other computers/My Laptop/E:/0.2 Fall 2024/EECS_4421_Robotics/Labs/Lab2/CPMR3/ros2_ws/src/install/cpmr_ch6/share/cpmr_ch6/hook/ament_prefix_path.ps1'
[0.470s] [34mcolcon.colcon_core.shell[0m [1;30mINFO[0m Creating environment descriptor '/Users/mafu/Library/CloudStorage/GoogleDrive-mafu@my.yorku.ca/Other computers/My Laptop/E:/0.2 Fall 2024/EECS_4421_Robotics/Labs/Lab2/CPMR3/ros2_ws/src/install/cpmr_ch6/share/cpmr_ch6/hook/ament_prefix_path.dsv'
[0.470s] [34mcolcon.colcon_core.shell[0m [1;30mINFO[0m Creating environment hook '/Users/mafu/Library/CloudStorage/GoogleDrive-mafu@my.yorku.ca/Other computers/My Laptop/E:/0.2 Fall 2024/EECS_4421_Robotics/Labs/Lab2/CPMR3/ros2_ws/src/install/cpmr_ch6/share/cpmr_ch6/hook/ament_prefix_path.sh'
[0.471s] [34mcolcon.colcon_core.shell[0m [1;30mINFO[0m Skip shell extension 'powershell' for command environment: Not usable outside of PowerShell
[0.471s] [34mcolcon.colcon_core.shell[0m [1;30mDEBUG[0m [32mSkip shell extension 'dsv' for command environment[0m
[0.475s] [34mcolcon.colcon_ros.task.ament_python.build[0m [1;30mINFO[0m Building ROS package in '/Users/mafu/Library/CloudStorage/GoogleDrive-mafu@my.yorku.ca/Other computers/My Laptop/E:/0.2 Fall 2024/EECS_4421_Robotics/Labs/Lab2/CPMR3/ros2_ws/src/cpmr_ch7' with build type 'ament_python'
[0.475s] [34mcolcon.colcon_core.shell[0m [1;30mLevel 1[0m create_environment_hook('cpmr_ch7', 'ament_prefix_path')
[0.476s] [34mcolcon.colcon_core.shell[0m [1;30mINFO[0m Creating environment hook '/Users/mafu/Library/CloudStorage/GoogleDrive-mafu@my.yorku.ca/Other computers/My Laptop/E:/0.2 Fall 2024/EECS_4421_Robotics/Labs/Lab2/CPMR3/ros2_ws/src/install/cpmr_ch7/share/cpmr_ch7/hook/ament_prefix_path.ps1'
[0.476s] [34mcolcon.colcon_core.shell[0m [1;30mINFO[0m Creating environment descriptor '/Users/mafu/Library/CloudStorage/GoogleDrive-mafu@my.yorku.ca/Other computers/My Laptop/E:/0.2 Fall 2024/EECS_4421_Robotics/Labs/Lab2/CPMR3/ros2_ws/src/install/cpmr_ch7/share/cpmr_ch7/hook/ament_prefix_path.dsv'
[0.477s] [34mcolcon.colcon_core.shell[0m [1;30mINFO[0m Creating environment hook '/Users/mafu/Library/CloudStorage/GoogleDrive-mafu@my.yorku.ca/Other computers/My Laptop/E:/0.2 Fall 2024/EECS_4421_Robotics/Labs/Lab2/CPMR3/ros2_ws/src/install/cpmr_ch7/share/cpmr_ch7/hook/ament_prefix_path.sh'
[0.482s] [34mcolcon.colcon_core.shell[0m [1;30mINFO[0m Skip shell extension 'powershell' for command environment: Not usable outside of PowerShell
[0.482s] [34mcolcon.colcon_core.shell[0m [1;30mDEBUG[0m [32mSkip shell extension 'dsv' for command environment[0m
[0.664s] [34mcolcon.colcon_core.task.python.build[0m [1;30mINFO[0m Building Python package in '/Users/mafu/Library/CloudStorage/GoogleDrive-mafu@my.yorku.ca/Other computers/My Laptop/E:/0.2 Fall 2024/EECS_4421_Robotics/Labs/Lab2/CPMR3/ros2_ws/src/cpmr_apb'
[0.664s] [34mcolcon.colcon_core.shell[0m [1;30mINFO[0m Skip shell extension 'powershell' for command environment: Not usable outside of PowerShell
[0.664s] [34mcolcon.colcon_core.shell[0m [1;30mDEBUG[0m [32mSkip shell extension 'dsv' for command environment[0m
[0.825s] [34mcolcon.colcon_core.task.python.build[0m [1;30mINFO[0m Building Python package in '/Users/mafu/Library/CloudStorage/GoogleDrive-mafu@my.yorku.ca/Other computers/My Laptop/E:/0.2 Fall 2024/EECS_4421_Robotics/Labs/Lab2/CPMR3/ros2_ws/src/cpmr_ch11'
[0.825s] [34mcolcon.colcon_core.shell[0m [1;30mINFO[0m Skip shell extension 'powershell' for command environment: Not usable outside of PowerShell
[0.825s] [34mcolcon.colcon_core.shell[0m [1;30mDEBUG[0m [32mSkip shell extension 'dsv' for command environment[0m
[0.979s] [34mcolcon.colcon_core.task.python.build[0m [1;30mINFO[0m Building Python package in '/Users/mafu/Library/CloudStorage/GoogleDrive-mafu@my.yorku.ca/Other computers/My Laptop/E:/0.2 Fall 2024/EECS_4421_Robotics/Labs/Lab2/CPMR3/ros2_ws/src/cpmr_ch12'
[0.979s] [34mcolcon.colcon_core.shell[0m [1;30mINFO[0m Skip shell extension 'powershell' for command environment: Not usable outside of PowerShell
[0.979s] [34mcolcon.colcon_core.shell[0m [1;30mDEBUG[0m [32mSkip shell extension 'dsv' for command environment[0m
[1.142s] [34mcolcon.colcon_core.task.python.build[0m [1;30mINFO[0m Building Python package in '/Users/mafu/Library/CloudStorage/GoogleDrive-mafu@my.yorku.ca/Other computers/My Laptop/E:/0.2 Fall 2024/EECS_4421_Robotics/Labs/Lab2/CPMR3/ros2_ws/src/cpmr_ch2'
[1.143s] [34mcolcon.colcon_core.shell[0m [1;30mINFO[0m Skip shell extension 'powershell' for command environment: Not usable outside of PowerShell
[1.143s] [34mcolcon.colcon_core.shell[0m [1;30mDEBUG[0m [32mSkip shell extension 'dsv' for command environment[0m
[1.295s] [34mcolcon.colcon_core.task.python.build[0m [1;30mINFO[0m Building Python package in '/Users/mafu/Library/CloudStorage/GoogleDrive-mafu@my.yorku.ca/Other computers/My Laptop/E:/0.2 Fall 2024/EECS_4421_Robotics/Labs/Lab2/CPMR3/ros2_ws/src/cpmr_ch4'
[1.296s] [34mcolcon.colcon_core.shell[0m [1;30mINFO[0m Skip shell extension 'powershell' for command environment: Not usable outside of PowerShell
[1.296s] [34mcolcon.colcon_core.shell[0m [1;30mDEBUG[0m [32mSkip shell extension 'dsv' for command environment[0m
[1.451s] [34mcolcon.colcon_core.task.python.build[0m [1;30mINFO[0m Building Python package in '/Users/mafu/Library/CloudStorage/GoogleDrive-mafu@my.yorku.ca/Other computers/My Laptop/E:/0.2 Fall 2024/EECS_4421_Robotics/Labs/Lab2/CPMR3/ros2_ws/src/cpmr_ch5'
[1.451s] [34mcolcon.colcon_core.shell[0m [1;30mINFO[0m Skip shell extension 'powershell' for command environment: Not usable outside of PowerShell
[1.451s] [34mcolcon.colcon_core.shell[0m [1;30mDEBUG[0m [32mSkip shell extension 'dsv' for command environment[0m
[1.613s] [34mcolcon.colcon_core.task.python.build[0m [1;30mINFO[0m Building Python package in '/Users/mafu/Library/CloudStorage/GoogleDrive-mafu@my.yorku.ca/Other computers/My Laptop/E:/0.2 Fall 2024/EECS_4421_Robotics/Labs/Lab2/CPMR3/ros2_ws/src/cpmr_ch6'
[1.613s] [34mcolcon.colcon_core.shell[0m [1;30mINFO[0m Skip shell extension 'powershell' for command environment: Not usable outside of PowerShell
[1.613s] [34mcolcon.colcon_core.shell[0m [1;30mDEBUG[0m [32mSkip shell extension 'dsv' for command environment[0m
[1.774s] [34mcolcon.colcon_core.task.python.build[0m [1;30mINFO[0m Building Python package in '/Users/mafu/Library/CloudStorage/GoogleDrive-mafu@my.yorku.ca/Other computers/My Laptop/E:/0.2 Fall 2024/EECS_4421_Robotics/Labs/Lab2/CPMR3/ros2_ws/src/cpmr_ch7'
[1.774s] [34mcolcon.colcon_core.shell[0m [1;30mINFO[0m Skip shell extension 'powershell' for command environment: Not usable outside of PowerShell
[1.774s] [34mcolcon.colcon_core.shell[0m [1;30mDEBUG[0m [32mSkip shell extension 'dsv' for command environment[0m
[2.308s] [34mcolcon.colcon_core.event_handler.log_command[0m [1;30mDEBUG[0m [32mInvoking command in '/Users/mafu/Library/CloudStorage/GoogleDrive-mafu@my.yorku.ca/Other computers/My Laptop/E:/0.2 Fall 2024/EECS_4421_Robotics/Labs/Lab2/CPMR3/ros2_ws/src/build/cpmr_ch12': CONDA_PROMPT_MODIFIER=(ros_env) PYTHONPATH=/Users/mafu/Library/CloudStorage/GoogleDrive-mafu@my.yorku.ca/Other computers/My Laptop/E:/0.2 Fall 2024/EECS_4421_Robotics/Labs/Lab2/CPMR3/ros2_ws/src/build/cpmr_ch12/prefix_override:/opt/miniconda3/envs/ros_env/lib/python3.11/site-packages/colcon_core/task/python/colcon_distutils_commands:/Users/mafu/Library/CloudStorage/GoogleDrive-mafu@my.yorku.ca/Other computers/My Laptop/E:/0.2 Fall 2024/EECS_4421_Robotics/Labs/Lab2/CPMR3/ros2_ws/src/install/cpmr_ch12/lib/python3.11/site-packages:${PYTHONPATH} SHLVL=2 _=/opt/miniconda3/envs/ros_env/bin/env __CF_USER_TEXT_ENCODING=0x1F5:0x0:0x52 /opt/miniconda3/envs/ros_env/bin/python3.11 -W ignore:setup.py install is deprecated setup.py develop --uninstall --editable --build-directory /Users/mafu/Library/CloudStorage/GoogleDrive-mafu@my.yorku.ca/Other computers/My Laptop/E:/0.2 Fall 2024/EECS_4421_Robotics/Labs/Lab2/CPMR3/ros2_ws/src/build/cpmr_ch12/build[0m
[2.323s] [34mcolcon.colcon_core.event_handler.log_command[0m [1;30mDEBUG[0m [32mInvoking command in '/Users/mafu/Library/CloudStorage/GoogleDrive-mafu@my.yorku.ca/Other computers/My Laptop/E:/0.2 Fall 2024/EECS_4421_Robotics/Labs/Lab2/CPMR3/ros2_ws/src/build/cpmr_apb': CONDA_PROMPT_MODIFIER=(ros_env) PYTHONPATH=/Users/mafu/Library/CloudStorage/GoogleDrive-mafu@my.yorku.ca/Other computers/My Laptop/E:/0.2 Fall 2024/EECS_4421_Robotics/Labs/Lab2/CPMR3/ros2_ws/src/build/cpmr_apb/prefix_override:/opt/miniconda3/envs/ros_env/lib/python3.11/site-packages/colcon_core/task/python/colcon_distutils_commands:/Users/mafu/Library/CloudStorage/GoogleDrive-mafu@my.yorku.ca/Other computers/My Laptop/E:/0.2 Fall 2024/EECS_4421_Robotics/Labs/Lab2/CPMR3/ros2_ws/src/install/cpmr_apb/lib/python3.11/site-packages:${PYTHONPATH} SHLVL=2 _=/opt/miniconda3/envs/ros_env/bin/env __CF_USER_TEXT_ENCODING=0x1F5:0x0:0x52 /opt/miniconda3/envs/ros_env/bin/python3.11 -W ignore:setup.py install is deprecated setup.py develop --uninstall --editable --build-directory /Users/mafu/Library/CloudStorage/GoogleDrive-mafu@my.yorku.ca/Other computers/My Laptop/E:/0.2 Fall 2024/EECS_4421_Robotics/Labs/Lab2/CPMR3/ros2_ws/src/build/cpmr_apb/build[0m
[2.328s] [34mcolcon.colcon_core.event_handler.log_command[0m [1;30mDEBUG[0m [32mInvoking command in '/Users/mafu/Library/CloudStorage/GoogleDrive-mafu@my.yorku.ca/Other computers/My Laptop/E:/0.2 Fall 2024/EECS_4421_Robotics/Labs/Lab2/CPMR3/ros2_ws/src/build/cpmr_ch4': CONDA_PROMPT_MODIFIER=(ros_env) PYTHONPATH=/Users/mafu/Library/CloudStorage/GoogleDrive-mafu@my.yorku.ca/Other computers/My Laptop/E:/0.2 Fall 2024/EECS_4421_Robotics/Labs/Lab2/CPMR3/ros2_ws/src/build/cpmr_ch4/prefix_override:/opt/miniconda3/envs/ros_env/lib/python3.11/site-packages/colcon_core/task/python/colcon_distutils_commands:/Users/mafu/Library/CloudStorage/GoogleDrive-mafu@my.yorku.ca/Other computers/My Laptop/E:/0.2 Fall 2024/EECS_4421_Robotics/Labs/Lab2/CPMR3/ros2_ws/src/install/cpmr_ch4/lib/python3.11/site-packages:${PYTHONPATH} SHLVL=2 _=/opt/miniconda3/envs/ros_env/bin/env __CF_USER_TEXT_ENCODING=0x1F5:0x0:0x52 /opt/miniconda3/envs/ros_env/bin/python3.11 -W ignore:setup.py install is deprecated setup.py develop --uninstall --editable --build-directory /Users/mafu/Library/CloudStorage/GoogleDrive-mafu@my.yorku.ca/Other computers/My Laptop/E:/0.2 Fall 2024/EECS_4421_Robotics/Labs/Lab2/CPMR3/ros2_ws/src/build/cpmr_ch4/build[0m
[2.338s] [34mcolcon.colcon_core.event_handler.log_command[0m [1;30mDEBUG[0m [32mInvoking command in '/Users/mafu/Library/CloudStorage/GoogleDrive-mafu@my.yorku.ca/Other computers/My Laptop/E:/0.2 Fall 2024/EECS_4421_Robotics/Labs/Lab2/CPMR3/ros2_ws/src/cpmr_ch6': CONDA_PROMPT_MODIFIER=(ros_env) PYTHONPATH=/Users/mafu/Library/CloudStorage/GoogleDrive-mafu@my.yorku.ca/Other computers/My Laptop/E:/0.2 Fall 2024/EECS_4421_Robotics/Labs/Lab2/CPMR3/ros2_ws/src/build/cpmr_ch6/prefix_override:/opt/miniconda3/envs/ros_env/lib/python3.11/site-packages/colcon_core/task/python/colcon_distutils_commands:/Users/mafu/Library/CloudStorage/GoogleDrive-mafu@my.yorku.ca/Other computers/My Laptop/E:/0.2 Fall 2024/EECS_4421_Robotics/Labs/Lab2/CPMR3/ros2_ws/src/install/cpmr_ch6/lib/python3.11/site-packages:${PYTHONPATH} SHLVL=2 _=/opt/miniconda3/envs/ros_env/bin/env __CF_USER_TEXT_ENCODING=0x1F5:0x0:0x52 /opt/miniconda3/envs/ros_env/bin/python3.11 -W ignore:setup.py install is deprecated setup.py egg_info --egg-base ../build/cpmr_ch6 build --build-base /Users/mafu/Library/CloudStorage/GoogleDrive-mafu@my.yorku.ca/Other computers/My Laptop/E:/0.2 Fall 2024/EECS_4421_Robotics/Labs/Lab2/CPMR3/ros2_ws/src/build/cpmr_ch6/build install --record /Users/mafu/Library/CloudStorage/GoogleDrive-mafu@my.yorku.ca/Other computers/My Laptop/E:/0.2 Fall 2024/EECS_4421_Robotics/Labs/Lab2/CPMR3/ros2_ws/src/build/cpmr_ch6/install.log --single-version-externally-managed install_data[0m
[2.346s] [34mcolcon.colcon_core.event_handler.log_command[0m [1;30mDEBUG[0m [32mInvoking command in '/Users/mafu/Library/CloudStorage/GoogleDrive-mafu@my.yorku.ca/Other computers/My Laptop/E:/0.2 Fall 2024/EECS_4421_Robotics/Labs/Lab2/CPMR3/ros2_ws/src/build/cpmr_ch2': CONDA_PROMPT_MODIFIER=(ros_env) PYTHONPATH=/Users/mafu/Library/CloudStorage/GoogleDrive-mafu@my.yorku.ca/Other computers/My Laptop/E:/0.2 Fall 2024/EECS_4421_Robotics/Labs/Lab2/CPMR3/ros2_ws/src/build/cpmr_ch2/prefix_override:/opt/miniconda3/envs/ros_env/lib/python3.11/site-packages/colcon_core/task/python/colcon_distutils_commands:/Users/mafu/Library/CloudStorage/GoogleDrive-mafu@my.yorku.ca/Other computers/My Laptop/E:/0.2 Fall 2024/EECS_4421_Robotics/Labs/Lab2/CPMR3/ros2_ws/src/install/cpmr_ch2/lib/python3.11/site-packages:${PYTHONPATH} SHLVL=2 _=/opt/miniconda3/envs/ros_env/bin/env __CF_USER_TEXT_ENCODING=0x1F5:0x0:0x52 /opt/miniconda3/envs/ros_env/bin/python3.11 -W ignore:setup.py install is deprecated setup.py develop --uninstall --editable --build-directory /Users/mafu/Library/CloudStorage/GoogleDrive-mafu@my.yorku.ca/Other computers/My Laptop/E:/0.2 Fall 2024/EECS_4421_Robotics/Labs/Lab2/CPMR3/ros2_ws/src/build/cpmr_ch2/build[0m
[2.347s] [34mcolcon.colcon_core.event_handler.log_command[0m [1;30mDEBUG[0m [32mInvoked command in '/Users/mafu/Library/CloudStorage/GoogleDrive-mafu@my.yorku.ca/Other computers/My Laptop/E:/0.2 Fall 2024/EECS_4421_Robotics/Labs/Lab2/CPMR3/ros2_ws/src/build/cpmr_ch12' returned '2': CONDA_PROMPT_MODIFIER=(ros_env) PYTHONPATH=/Users/mafu/Library/CloudStorage/GoogleDrive-mafu@my.yorku.ca/Other computers/My Laptop/E:/0.2 Fall 2024/EECS_4421_Robotics/Labs/Lab2/CPMR3/ros2_ws/src/build/cpmr_ch12/prefix_override:/opt/miniconda3/envs/ros_env/lib/python3.11/site-packages/colcon_core/task/python/colcon_distutils_commands:/Users/mafu/Library/CloudStorage/GoogleDrive-mafu@my.yorku.ca/Other computers/My Laptop/E:/0.2 Fall 2024/EECS_4421_Robotics/Labs/Lab2/CPMR3/ros2_ws/src/install/cpmr_ch12/lib/python3.11/site-packages:${PYTHONPATH} SHLVL=2 _=/opt/miniconda3/envs/ros_env/bin/env __CF_USER_TEXT_ENCODING=0x1F5:0x0:0x52 /opt/miniconda3/envs/ros_env/bin/python3.11 -W ignore:setup.py install is deprecated setup.py develop --uninstall --editable --build-directory /Users/mafu/Library/CloudStorage/GoogleDrive-mafu@my.yorku.ca/Other computers/My Laptop/E:/0.2 Fall 2024/EECS_4421_Robotics/Labs/Lab2/CPMR3/ros2_ws/src/build/cpmr_ch12/build[0m
[2.355s] [34mcolcon.colcon_core.event_handler.log_command[0m [1;30mDEBUG[0m [32mInvoking command in '/Users/mafu/Library/CloudStorage/GoogleDrive-mafu@my.yorku.ca/Other computers/My Laptop/E:/0.2 Fall 2024/EECS_4421_Robotics/Labs/Lab2/CPMR3/ros2_ws/src/build/cpmr_ch11': CONDA_PROMPT_MODIFIER=(ros_env) PYTHONPATH=/Users/mafu/Library/CloudStorage/GoogleDrive-mafu@my.yorku.ca/Other computers/My Laptop/E:/0.2 Fall 2024/EECS_4421_Robotics/Labs/Lab2/CPMR3/ros2_ws/src/build/cpmr_ch11/prefix_override:/opt/miniconda3/envs/ros_env/lib/python3.11/site-packages/colcon_core/task/python/colcon_distutils_commands:/Users/mafu/Library/CloudStorage/GoogleDrive-mafu@my.yorku.ca/Other computers/My Laptop/E:/0.2 Fall 2024/EECS_4421_Robotics/Labs/Lab2/CPMR3/ros2_ws/src/install/cpmr_ch11/lib/python3.11/site-packages:${PYTHONPATH} SHLVL=2 _=/opt/miniconda3/envs/ros_env/bin/env __CF_USER_TEXT_ENCODING=0x1F5:0x0:0x52 /opt/miniconda3/envs/ros_env/bin/python3.11 -W ignore:setup.py install is deprecated setup.py develop --uninstall --editable --build-directory /Users/mafu/Library/CloudStorage/GoogleDrive-mafu@my.yorku.ca/Other computers/My Laptop/E:/0.2 Fall 2024/EECS_4421_Robotics/Labs/Lab2/CPMR3/ros2_ws/src/build/cpmr_ch11/build[0m
[2.356s] [34mcolcon.colcon_core.event_handler.log_command[0m [1;30mDEBUG[0m [32mInvoking command in '/Users/mafu/Library/CloudStorage/GoogleDrive-mafu@my.yorku.ca/Other computers/My Laptop/E:/0.2 Fall 2024/EECS_4421_Robotics/Labs/Lab2/CPMR3/ros2_ws/src/cpmr_ch7': CONDA_PROMPT_MODIFIER=(ros_env) PYTHONPATH=/Users/mafu/Library/CloudStorage/GoogleDrive-mafu@my.yorku.ca/Other computers/My Laptop/E:/0.2 Fall 2024/EECS_4421_Robotics/Labs/Lab2/CPMR3/ros2_ws/src/build/cpmr_ch7/prefix_override:/opt/miniconda3/envs/ros_env/lib/python3.11/site-packages/colcon_core/task/python/colcon_distutils_commands:/Users/mafu/Library/CloudStorage/GoogleDrive-mafu@my.yorku.ca/Other computers/My Laptop/E:/0.2 Fall 2024/EECS_4421_Robotics/Labs/Lab2/CPMR3/ros2_ws/src/install/cpmr_ch7/lib/python3.11/site-packages:${PYTHONPATH} SHLVL=2 _=/opt/miniconda3/envs/ros_env/bin/env __CF_USER_TEXT_ENCODING=0x1F5:0x0:0x52 /opt/miniconda3/envs/ros_env/bin/python3.11 -W ignore:setup.py install is deprecated setup.py egg_info --egg-base ../build/cpmr_ch7 build --build-base /Users/mafu/Library/CloudStorage/GoogleDrive-mafu@my.yorku.ca/Other computers/My Laptop/E:/0.2 Fall 2024/EECS_4421_Robotics/Labs/Lab2/CPMR3/ros2_ws/src/build/cpmr_ch7/build install --record /Users/mafu/Library/CloudStorage/GoogleDrive-mafu@my.yorku.ca/Other computers/My Laptop/E:/0.2 Fall 2024/EECS_4421_Robotics/Labs/Lab2/CPMR3/ros2_ws/src/build/cpmr_ch7/install.log --single-version-externally-managed install_data[0m
[2.529s] [34mcolcon.colcon_parallel_executor.executor.parallel[0m [1;30mDEBUG[0m [32mclosing loop[0m
[2.529s] [34mcolcon.colcon_parallel_executor.executor.parallel[0m [1;30mDEBUG[0m [32mloop closed[0m
[2.529s] [34mcolcon.colcon_parallel_executor.executor.parallel[0m [1;30mDEBUG[0m [32mrun_until_complete finished with '2'[0m
[2.529s] [34mcolcon.colcon_core.event_reactor[0m [1;30mDEBUG[0m [32mjoining thread[0m
[2.529s] [34mcolcon.colcon_core.event_reactor[0m [1;30mDEBUG[0m [32mjoined thread[0m
[2.530s] [34mcolcon.colcon_core.shell[0m [1;30mINFO[0m Creating prefix script '/Users/mafu/Library/CloudStorage/GoogleDrive-mafu@my.yorku.ca/Other computers/My Laptop/E:/0.2 Fall 2024/EECS_4421_Robotics/Labs/Lab2/CPMR3/ros2_ws/src/install/local_setup.ps1'
[2.531s] [34mcolcon.colcon_core.shell[0m [1;30mINFO[0m Creating prefix util module '/Users/mafu/Library/CloudStorage/GoogleDrive-mafu@my.yorku.ca/Other computers/My Laptop/E:/0.2 Fall 2024/EECS_4421_Robotics/Labs/Lab2/CPMR3/ros2_ws/src/install/_local_setup_util_ps1.py'
[2.532s] [34mcolcon.colcon_core.shell[0m [1;30mINFO[0m Creating prefix chain script '/Users/mafu/Library/CloudStorage/GoogleDrive-mafu@my.yorku.ca/Other computers/My Laptop/E:/0.2 Fall 2024/EECS_4421_Robotics/Labs/Lab2/CPMR3/ros2_ws/src/install/setup.ps1'
[2.533s] [34mcolcon.colcon_core.shell[0m [1;30mINFO[0m Creating prefix script '/Users/mafu/Library/CloudStorage/GoogleDrive-mafu@my.yorku.ca/Other computers/My Laptop/E:/0.2 Fall 2024/EECS_4421_Robotics/Labs/Lab2/CPMR3/ros2_ws/src/install/local_setup.sh'
[2.533s] [34mcolcon.colcon_core.shell[0m [1;30mINFO[0m Creating prefix util module '/Users/mafu/Library/CloudStorage/GoogleDrive-mafu@my.yorku.ca/Other computers/My Laptop/E:/0.2 Fall 2024/EECS_4421_Robotics/Labs/Lab2/CPMR3/ros2_ws/src/install/_local_setup_util_sh.py'
[2.534s] [34mcolcon.colcon_core.shell[0m [1;30mINFO[0m Creating prefix chain script '/Users/mafu/Library/CloudStorage/GoogleDrive-mafu@my.yorku.ca/Other computers/My Laptop/E:/0.2 Fall 2024/EECS_4421_Robotics/Labs/Lab2/CPMR3/ros2_ws/src/install/setup.sh'
[2.534s] [34mcolcon.colcon_core.shell[0m [1;30mINFO[0m Creating prefix script '/Users/mafu/Library/CloudStorage/GoogleDrive-mafu@my.yorku.ca/Other computers/My Laptop/E:/0.2 Fall 2024/EECS_4421_Robotics/Labs/Lab2/CPMR3/ros2_ws/src/install/local_setup.bash'
[2.535s] [34mcolcon.colcon_core.shell[0m [1;30mINFO[0m Creating prefix chain script '/Users/mafu/Library/CloudStorage/GoogleDrive-mafu@my.yorku.ca/Other computers/My Laptop/E:/0.2 Fall 2024/EECS_4421_Robotics/Labs/Lab2/CPMR3/ros2_ws/src/install/setup.bash'
[2.536s] [34mcolcon.colcon_core.shell[0m [1;30mINFO[0m Creating prefix script '/Users/mafu/Library/CloudStorage/GoogleDrive-mafu@my.yorku.ca/Other computers/My Laptop/E:/0.2 Fall 2024/EECS_4421_Robotics/Labs/Lab2/CPMR3/ros2_ws/src/install/local_setup.zsh'
[2.536s] [34mcolcon.colcon_core.shell[0m [1;30mINFO[0m Creating prefix chain script '/Users/mafu/Library/CloudStorage/GoogleDrive-mafu@my.yorku.ca/Other computers/My Laptop/E:/0.2 Fall 2024/EECS_4421_Robotics/Labs/Lab2/CPMR3/ros2_ws/src/install/setup.zsh'
