[1.087s] Invoking command in '/Users/mafu/Desktop/robotics/Assignment3/ros2_ws/src/cpmr_ch8': CONDA_PROMPT_MODIFIER=(ros_env) PYTHONPATH=/Users/mafu/Desktop/robotics/Assignment3/ros2_ws/build/cpmr_ch8/prefix_override:/Users/mafu/miniforge3/envs/ros_env/lib/python3.10/site-packages/colcon_core/task/python/colcon_distutils_commands:/Users/mafu/Desktop/robotics/Assignment3/ros2_ws/install/cpmr_ch8/lib/python3.10/site-packages:${PYTHONPATH} SHLVL=2 _=/Users/mafu/miniforge3/envs/ros_env/bin/env /Users/mafu/miniforge3/envs/ros_env/bin/python3.10 -W ignore:setup.py install is deprecated setup.py egg_info --egg-base ../../build/cpmr_ch8 build --build-base /Users/mafu/Desktop/robotics/Assignment3/ros2_ws/build/cpmr_ch8/build install --record /Users/mafu/Desktop/robotics/Assignment3/ros2_ws/build/cpmr_ch8/install.log --single-version-externally-managed install_data
[1.595s] running egg_info
[1.633s] writing ../../build/cpmr_ch8/cpmr_ch8.egg-info/PKG-INFO
[1.689s] writing dependency_links to ../../build/cpmr_ch8/cpmr_ch8.egg-info/dependency_links.txt
[1.777s] writing entry points to ../../build/cpmr_ch8/cpmr_ch8.egg-info/entry_points.txt
[1.831s] writing requirements to ../../build/cpmr_ch8/cpmr_ch8.egg-info/requires.txt
[1.859s] writing top-level names to ../../build/cpmr_ch8/cpmr_ch8.egg-info/top_level.txt
[1.907s] reading manifest file '../../build/cpmr_ch8/cpmr_ch8.egg-info/SOURCES.txt'
[1.908s] writing manifest file '../../build/cpmr_ch8/cpmr_ch8.egg-info/SOURCES.txt'
[1.908s] running build
[1.908s] running build_py
[1.909s] running install
[1.912s] running install_lib
[1.950s] running install_data
[1.950s] running install_egg_info
[1.988s] removing '/Users/mafu/Desktop/robotics/Assignment3/ros2_ws/install/cpmr_ch8/lib/python3.10/site-packages/cpmr_ch8-3.1.0-py3.10.egg-info' (and everything under it)
[1.988s] Copying ../../build/cpmr_ch8/cpmr_ch8.egg-info to /Users/mafu/Desktop/robotics/Assignment3/ros2_ws/install/cpmr_ch8/lib/python3.10/site-packages/cpmr_ch8-3.1.0-py3.10.egg-info
[1.990s] running install_scripts
[2.076s] Installing fsm script to /Users/mafu/Desktop/robotics/Assignment3/ros2_ws/install/cpmr_ch8/lib/cpmr_ch8
[2.076s] Installing subsumption script to /Users/mafu/Desktop/robotics/Assignment3/ros2_ws/install/cpmr_ch8/lib/cpmr_ch8
[2.076s] Installing view_camera script to /Users/mafu/Desktop/robotics/Assignment3/ros2_ws/install/cpmr_ch8/lib/cpmr_ch8
[2.077s] writing list of installed files to '/Users/mafu/Desktop/robotics/Assignment3/ros2_ws/build/cpmr_ch8/install.log'
[2.097s] Invoked command in '/Users/mafu/Desktop/robotics/Assignment3/ros2_ws/src/cpmr_ch8' returned '0': CONDA_PROMPT_MODIFIER=(ros_env) PYTHONPATH=/Users/mafu/Desktop/robotics/Assignment3/ros2_ws/build/cpmr_ch8/prefix_override:/Users/mafu/miniforge3/envs/ros_env/lib/python3.10/site-packages/colcon_core/task/python/colcon_distutils_commands:/Users/mafu/Desktop/robotics/Assignment3/ros2_ws/install/cpmr_ch8/lib/python3.10/site-packages:${PYTHONPATH} SHLVL=2 _=/Users/mafu/miniforge3/envs/ros_env/bin/env /Users/mafu/miniforge3/envs/ros_env/bin/python3.10 -W ignore:setup.py install is deprecated setup.py egg_info --egg-base ../../build/cpmr_ch8 build --build-base /Users/mafu/Desktop/robotics/Assignment3/ros2_ws/build/cpmr_ch8/build install --record /Users/mafu/Desktop/robotics/Assignment3/ros2_ws/build/cpmr_ch8/install.log --single-version-externally-managed install_data
