[3.593s] Invoking command in '/Users/mafu/Library/CloudStorage/GoogleDrive-mafu@my.yorku.ca/Other computers/My Laptop/E:/0.2 Fall 2024/EECS_4421_Robotics/Labs/Lab2/CPMR3/ros2_ws/src/cpmr_ch4': CONDA_PROMPT_MODIFIER=(ros_env) PYTHONPATH=/Users/mafu/Library/CloudStorage/GoogleDrive-mafu@my.yorku.ca/Other computers/My Laptop/E:/0.2 Fall 2024/EECS_4421_Robotics/Labs/Lab2/CPMR3/ros2_ws/build/cpmr_ch4/prefix_override:/opt/homebrew/Caskroom/miniforge/base/envs/ros_env/lib/python3.11/site-packages/colcon_core/task/python/colcon_distutils_commands:/Users/mafu/Library/CloudStorage/GoogleDrive-mafu@my.yorku.ca/Other computers/My Laptop/E:/0.2 Fall 2024/EECS_4421_Robotics/Labs/Lab2/CPMR3/ros2_ws/install/cpmr_ch4/lib/python3.11/site-packages:${PYTHONPATH} SHLVL=2 _=/opt/homebrew/Caskroom/miniforge/base/envs/ros_env/bin/env __CF_USER_TEXT_ENCODING=0x1F5:0x0:0x52 /opt/homebrew/Caskroom/miniforge/base/envs/ros_env/bin/python3.11 -W ignore:setup.py install is deprecated setup.py egg_info --egg-base ../../build/cpmr_ch4 build --build-base /Users/mafu/Library/CloudStorage/GoogleDrive-mafu@my.yorku.ca/Other computers/My Laptop/E:/0.2 Fall 2024/EECS_4421_Robotics/Labs/Lab2/CPMR3/ros2_ws/build/cpmr_ch4/build install --record /Users/mafu/Library/CloudStorage/GoogleDrive-mafu@my.yorku.ca/Other computers/My Laptop/E:/0.2 Fall 2024/EECS_4421_Robotics/Labs/Lab2/CPMR3/ros2_ws/build/cpmr_ch4/install.log --single-version-externally-managed install_data
[4.107s] /opt/homebrew/Caskroom/miniforge/base/envs/ros_env/lib/python3.11/site-packages/setuptools/_distutils/dist.py:261: UserWarning: Unknown distribution option: 'tests_require'
[4.107s]   warnings.warn(msg)
[4.426s] running egg_info
[4.477s] writing ../../build/cpmr_ch4/cpmr_ch4.egg-info/PKG-INFO
[4.484s] writing dependency_links to ../../build/cpmr_ch4/cpmr_ch4.egg-info/dependency_links.txt
[4.484s] writing entry points to ../../build/cpmr_ch4/cpmr_ch4.egg-info/entry_points.txt
[4.487s] writing requirements to ../../build/cpmr_ch4/cpmr_ch4.egg-info/requires.txt
[4.488s] writing top-level names to ../../build/cpmr_ch4/cpmr_ch4.egg-info/top_level.txt
[4.582s] reading manifest file '../../build/cpmr_ch4/cpmr_ch4.egg-info/SOURCES.txt'
[4.584s] writing manifest file '../../build/cpmr_ch4/cpmr_ch4.egg-info/SOURCES.txt'
[4.585s] running build
[4.585s] running build_py
[4.585s] running install
[4.599s] running install_lib
[4.667s] creating /opt/homebrew/Caskroom/miniforge/base/envs/ros_env/lib/python3.11/site-packages/cpmr_ch4
[4.668s] copying /Users/mafu/Library/CloudStorage/GoogleDrive-mafu@my.yorku.ca/Other computers/My Laptop/E:/0.2 Fall 2024/EECS_4421_Robotics/Labs/Lab2/CPMR3/ros2_ws/build/cpmr_ch4/build/lib/cpmr_ch4/__init__.py -> /opt/homebrew/Caskroom/miniforge/base/envs/ros_env/lib/python3.11/site-packages/cpmr_ch4
[4.669s] copying /Users/mafu/Library/CloudStorage/GoogleDrive-mafu@my.yorku.ca/Other computers/My Laptop/E:/0.2 Fall 2024/EECS_4421_Robotics/Labs/Lab2/CPMR3/ros2_ws/build/cpmr_ch4/build/lib/cpmr_ch4/collect_lidar.py -> /opt/homebrew/Caskroom/miniforge/base/envs/ros_env/lib/python3.11/site-packages/cpmr_ch4
[4.672s] byte-compiling /opt/homebrew/Caskroom/miniforge/base/envs/ros_env/lib/python3.11/site-packages/cpmr_ch4/__init__.py to __init__.cpython-311.pyc
[4.677s] byte-compiling /opt/homebrew/Caskroom/miniforge/base/envs/ros_env/lib/python3.11/site-packages/cpmr_ch4/collect_lidar.py to collect_lidar.cpython-311.pyc
[4.677s] running install_data
[4.678s] copying resource/cpmr_ch4 -> /opt/homebrew/Caskroom/miniforge/base/envs/ros_env/share/ament_index/resource_index/packages
[4.679s] creating /opt/homebrew/Caskroom/miniforge/base/envs/ros_env/share/cpmr_ch4
[4.679s] copying package.xml -> /opt/homebrew/Caskroom/miniforge/base/envs/ros_env/share/cpmr_ch4
[4.679s] copying launch/lidar-collector.launch.py -> /opt/homebrew/Caskroom/miniforge/base/envs/ros_env/share/cpmr_ch4
[4.683s] copying launch/bumper-robot.launch.py -> /opt/homebrew/Caskroom/miniforge/base/envs/ros_env/share/cpmr_ch4
[4.685s] copying launch/sonar-robot.launch.py -> /opt/homebrew/Caskroom/miniforge/base/envs/ros_env/share/cpmr_ch4
[4.685s] copying launch/laser-robot.launch.py -> /opt/homebrew/Caskroom/miniforge/base/envs/ros_env/share/cpmr_ch4
[4.685s] copying launch/imu-robot.launch.py -> /opt/homebrew/Caskroom/miniforge/base/envs/ros_env/share/cpmr_ch4
[4.686s] copying urdf/scout-bumper.urdf.xacro -> /opt/homebrew/Caskroom/miniforge/base/envs/ros_env/share/cpmr_ch4
[4.686s] copying urdf/scout-sonar.urdf.xacro -> /opt/homebrew/Caskroom/miniforge/base/envs/ros_env/share/cpmr_ch4
[4.687s] copying urdf/scout-laser.urdf.xacro -> /opt/homebrew/Caskroom/miniforge/base/envs/ros_env/share/cpmr_ch4
[4.688s] copying urdf/scout-imu.urdf.xacro -> /opt/homebrew/Caskroom/miniforge/base/envs/ros_env/share/cpmr_ch4
[4.689s] copying urdf/colors.xacro -> /opt/homebrew/Caskroom/miniforge/base/envs/ros_env/share/cpmr_ch4
[4.690s] running install_egg_info
[4.748s] Copying ../../build/cpmr_ch4/cpmr_ch4.egg-info to /opt/homebrew/Caskroom/miniforge/base/envs/ros_env/lib/python3.11/site-packages/cpmr_ch4-3.1.0-py3.11.egg-info
[4.753s] running install_scripts
[5.094s] Installing collect_lidar script to /opt/homebrew/Caskroom/miniforge/base/envs/ros_env/lib/cpmr_ch4
[5.094s] writing list of installed files to '/Users/mafu/Library/CloudStorage/GoogleDrive-mafu@my.yorku.ca/Other computers/My Laptop/E:/0.2 Fall 2024/EECS_4421_Robotics/Labs/Lab2/CPMR3/ros2_ws/build/cpmr_ch4/install.log'
[5.522s] Invoked command in '/Users/mafu/Library/CloudStorage/GoogleDrive-mafu@my.yorku.ca/Other computers/My Laptop/E:/0.2 Fall 2024/EECS_4421_Robotics/Labs/Lab2/CPMR3/ros2_ws/src/cpmr_ch4' returned '0': CONDA_PROMPT_MODIFIER=(ros_env) PYTHONPATH=/Users/mafu/Library/CloudStorage/GoogleDrive-mafu@my.yorku.ca/Other computers/My Laptop/E:/0.2 Fall 2024/EECS_4421_Robotics/Labs/Lab2/CPMR3/ros2_ws/build/cpmr_ch4/prefix_override:/opt/homebrew/Caskroom/miniforge/base/envs/ros_env/lib/python3.11/site-packages/colcon_core/task/python/colcon_distutils_commands:/Users/mafu/Library/CloudStorage/GoogleDrive-mafu@my.yorku.ca/Other computers/My Laptop/E:/0.2 Fall 2024/EECS_4421_Robotics/Labs/Lab2/CPMR3/ros2_ws/install/cpmr_ch4/lib/python3.11/site-packages:${PYTHONPATH} SHLVL=2 _=/opt/homebrew/Caskroom/miniforge/base/envs/ros_env/bin/env __CF_USER_TEXT_ENCODING=0x1F5:0x0:0x52 /opt/homebrew/Caskroom/miniforge/base/envs/ros_env/bin/python3.11 -W ignore:setup.py install is deprecated setup.py egg_info --egg-base ../../build/cpmr_ch4 build --build-base /Users/mafu/Library/CloudStorage/GoogleDrive-mafu@my.yorku.ca/Other computers/My Laptop/E:/0.2 Fall 2024/EECS_4421_Robotics/Labs/Lab2/CPMR3/ros2_ws/build/cpmr_ch4/build install --record /Users/mafu/Library/CloudStorage/GoogleDrive-mafu@my.yorku.ca/Other computers/My Laptop/E:/0.2 Fall 2024/EECS_4421_Robotics/Labs/Lab2/CPMR3/ros2_ws/build/cpmr_ch4/install.log --single-version-externally-managed install_data
