[4.477s] Invoking command in '/Users/mafu/Desktop/EECS_4421_Robotics/Labs/Lab3/CPMR3/ros2_ws/src/cpmr_apb': CONDA_PROMPT_MODIFIER=(ros2) PYTHONPATH=/Users/mafu/Desktop/EECS_4421_Robotics/Labs/Lab3/CPMR3/ros2_ws/build/cpmr_apb/prefix_override:/Users/mafu/miniconda3/envs/ros2/lib/python3.10/site-packages/colcon_core/task/python/colcon_distutils_commands:/Users/mafu/Desktop/EECS_4421_Robotics/Labs/Lab3/CPMR3/ros2_ws/install/cpmr_apb/lib/python3.10/site-packages:${PYTHONPATH} SHLVL=2 _=/Users/mafu/miniconda3/envs/ros2/bin/env __CF_USER_TEXT_ENCODING=0x1F5:0x0:0x52 /Users/mafu/miniconda3/envs/ros2/bin/python3.10 -W ignore:setup.py install is deprecated setup.py egg_info --egg-base ../../build/cpmr_apb build --build-base /Users/mafu/Desktop/EECS_4421_Robotics/Labs/Lab3/CPMR3/ros2_ws/build/cpmr_apb/build install --record /Users/mafu/Desktop/EECS_4421_Robotics/Labs/Lab3/CPMR3/ros2_ws/build/cpmr_apb/install.log --single-version-externally-managed install_data
[5.402s] running egg_info
[5.402s] creating ../../build/cpmr_apb/cpmr_apb.egg-info
[5.435s] writing ../../build/cpmr_apb/cpmr_apb.egg-info/PKG-INFO
[5.477s] writing dependency_links to ../../build/cpmr_apb/cpmr_apb.egg-info/dependency_links.txt
[5.612s] writing entry points to ../../build/cpmr_apb/cpmr_apb.egg-info/entry_points.txt
[5.710s] writing requirements to ../../build/cpmr_apb/cpmr_apb.egg-info/requires.txt
[5.775s] writing top-level names to ../../build/cpmr_apb/cpmr_apb.egg-info/top_level.txt
[5.777s] writing manifest file '../../build/cpmr_apb/cpmr_apb.egg-info/SOURCES.txt'
[5.844s] reading manifest file '../../build/cpmr_apb/cpmr_apb.egg-info/SOURCES.txt'
[5.844s] writing manifest file '../../build/cpmr_apb/cpmr_apb.egg-info/SOURCES.txt'
[5.845s] running build
[5.845s] running build_py
[5.845s] creating /Users/mafu/Desktop/EECS_4421_Robotics/Labs/Lab3/CPMR3/ros2_ws/build/cpmr_apb/build
[5.845s] creating /Users/mafu/Desktop/EECS_4421_Robotics/Labs/Lab3/CPMR3/ros2_ws/build/cpmr_apb/build/lib
[5.845s] creating /Users/mafu/Desktop/EECS_4421_Robotics/Labs/Lab3/CPMR3/ros2_ws/build/cpmr_apb/build/lib/cpmr_apb
[5.845s] copying cpmr_apb/depopulate.py -> /Users/mafu/Desktop/EECS_4421_Robotics/Labs/Lab3/CPMR3/ros2_ws/build/cpmr_apb/build/lib/cpmr_apb
[5.845s] copying cpmr_apb/__init__.py -> /Users/mafu/Desktop/EECS_4421_Robotics/Labs/Lab3/CPMR3/ros2_ws/build/cpmr_apb/build/lib/cpmr_apb
[5.846s] copying cpmr_apb/populate.py -> /Users/mafu/Desktop/EECS_4421_Robotics/Labs/Lab3/CPMR3/ros2_ws/build/cpmr_apb/build/lib/cpmr_apb
[5.846s] running install
[5.854s] running install_lib
[5.920s] creating /Users/mafu/Desktop/EECS_4421_Robotics/Labs/Lab3/CPMR3/ros2_ws/install/cpmr_apb/lib/python3.10/site-packages/cpmr_apb
[5.920s] copying /Users/mafu/Desktop/EECS_4421_Robotics/Labs/Lab3/CPMR3/ros2_ws/build/cpmr_apb/build/lib/cpmr_apb/depopulate.py -> /Users/mafu/Desktop/EECS_4421_Robotics/Labs/Lab3/CPMR3/ros2_ws/install/cpmr_apb/lib/python3.10/site-packages/cpmr_apb
[5.920s] copying /Users/mafu/Desktop/EECS_4421_Robotics/Labs/Lab3/CPMR3/ros2_ws/build/cpmr_apb/build/lib/cpmr_apb/__init__.py -> /Users/mafu/Desktop/EECS_4421_Robotics/Labs/Lab3/CPMR3/ros2_ws/install/cpmr_apb/lib/python3.10/site-packages/cpmr_apb
[5.920s] copying /Users/mafu/Desktop/EECS_4421_Robotics/Labs/Lab3/CPMR3/ros2_ws/build/cpmr_apb/build/lib/cpmr_apb/populate.py -> /Users/mafu/Desktop/EECS_4421_Robotics/Labs/Lab3/CPMR3/ros2_ws/install/cpmr_apb/lib/python3.10/site-packages/cpmr_apb
[5.921s] byte-compiling /Users/mafu/Desktop/EECS_4421_Robotics/Labs/Lab3/CPMR3/ros2_ws/install/cpmr_apb/lib/python3.10/site-packages/cpmr_apb/depopulate.py to depopulate.cpython-310.pyc
[5.922s] byte-compiling /Users/mafu/Desktop/EECS_4421_Robotics/Labs/Lab3/CPMR3/ros2_ws/install/cpmr_apb/lib/python3.10/site-packages/cpmr_apb/__init__.py to __init__.cpython-310.pyc
[5.922s] byte-compiling /Users/mafu/Desktop/EECS_4421_Robotics/Labs/Lab3/CPMR3/ros2_ws/install/cpmr_apb/lib/python3.10/site-packages/cpmr_apb/populate.py to populate.cpython-310.pyc
[5.923s] running install_data
[5.923s] creating /Users/mafu/Desktop/EECS_4421_Robotics/Labs/Lab3/CPMR3/ros2_ws/install/cpmr_apb/share/ament_index
[5.924s] creating /Users/mafu/Desktop/EECS_4421_Robotics/Labs/Lab3/CPMR3/ros2_ws/install/cpmr_apb/share/ament_index/resource_index
[5.924s] creating /Users/mafu/Desktop/EECS_4421_Robotics/Labs/Lab3/CPMR3/ros2_ws/install/cpmr_apb/share/ament_index/resource_index/packages
[5.924s] copying resource/cpmr_apb -> /Users/mafu/Desktop/EECS_4421_Robotics/Labs/Lab3/CPMR3/ros2_ws/install/cpmr_apb/share/ament_index/resource_index/packages
[5.924s] copying package.xml -> /Users/mafu/Desktop/EECS_4421_Robotics/Labs/Lab3/CPMR3/ros2_ws/install/cpmr_apb/share/cpmr_apb
[5.925s] copying launch/gazebo.launch.py -> /Users/mafu/Desktop/EECS_4421_Robotics/Labs/Lab3/CPMR3/ros2_ws/install/cpmr_apb/share/cpmr_apb
[5.925s] copying urdf/blockrobot.urdf -> /Users/mafu/Desktop/EECS_4421_Robotics/Labs/Lab3/CPMR3/ros2_ws/install/cpmr_apb/share/cpmr_apb
[5.925s] running install_egg_info
[5.995s] Copying ../../build/cpmr_apb/cpmr_apb.egg-info to /Users/mafu/Desktop/EECS_4421_Robotics/Labs/Lab3/CPMR3/ros2_ws/install/cpmr_apb/lib/python3.10/site-packages/cpmr_apb-3.1.0-py3.10.egg-info
[6.001s] running install_scripts
[6.136s] Installing depopulate_world script to /Users/mafu/Desktop/EECS_4421_Robotics/Labs/Lab3/CPMR3/ros2_ws/install/cpmr_apb/lib/cpmr_apb
[6.139s] Installing populate_world script to /Users/mafu/Desktop/EECS_4421_Robotics/Labs/Lab3/CPMR3/ros2_ws/install/cpmr_apb/lib/cpmr_apb
[6.141s] writing list of installed files to '/Users/mafu/Desktop/EECS_4421_Robotics/Labs/Lab3/CPMR3/ros2_ws/build/cpmr_apb/install.log'
[6.180s] Invoked command in '/Users/mafu/Desktop/EECS_4421_Robotics/Labs/Lab3/CPMR3/ros2_ws/src/cpmr_apb' returned '0': CONDA_PROMPT_MODIFIER=(ros2) PYTHONPATH=/Users/mafu/Desktop/EECS_4421_Robotics/Labs/Lab3/CPMR3/ros2_ws/build/cpmr_apb/prefix_override:/Users/mafu/miniconda3/envs/ros2/lib/python3.10/site-packages/colcon_core/task/python/colcon_distutils_commands:/Users/mafu/Desktop/EECS_4421_Robotics/Labs/Lab3/CPMR3/ros2_ws/install/cpmr_apb/lib/python3.10/site-packages:${PYTHONPATH} SHLVL=2 _=/Users/mafu/miniconda3/envs/ros2/bin/env __CF_USER_TEXT_ENCODING=0x1F5:0x0:0x52 /Users/mafu/miniconda3/envs/ros2/bin/python3.10 -W ignore:setup.py install is deprecated setup.py egg_info --egg-base ../../build/cpmr_apb build --build-base /Users/mafu/Desktop/EECS_4421_Robotics/Labs/Lab3/CPMR3/ros2_ws/build/cpmr_apb/build install --record /Users/mafu/Desktop/EECS_4421_Robotics/Labs/Lab3/CPMR3/ros2_ws/build/cpmr_apb/install.log --single-version-externally-managed install_data
