[2.004s] Invoking command in '/Users/mafu/Library/CloudStorage/GoogleDrive-mafu@my.yorku.ca/Other computers/My Laptop/E:/0.2 Fall 2024/EECS_4421_Robotics/Labs/Lab3/CPMR3/ros2_ws/src/cpmr_apb': CONDA_PROMPT_MODIFIER=(ros2) PYTHONPATH=/Users/mafu/Library/CloudStorage/GoogleDrive-mafu@my.yorku.ca/Other computers/My Laptop/E:/0.2 Fall 2024/EECS_4421_Robotics/Labs/Lab3/CPMR3/ros2_ws/build/cpmr_apb/prefix_override:/opt/miniconda3/envs/ros2/lib/python3.11/site-packages/colcon_core/task/python/colcon_distutils_commands:/Users/mafu/Library/CloudStorage/GoogleDrive-mafu@my.yorku.ca/Other computers/My Laptop/E:/0.2 Fall 2024/EECS_4421_Robotics/Labs/Lab3/CPMR3/ros2_ws/install/cpmr_apb/lib/python3.11/site-packages:${PYTHONPATH} SHLVL=2 _=/opt/miniconda3/envs/ros2/bin/env __CF_USER_TEXT_ENCODING=0x1F5:0x0:0x52 /opt/miniconda3/envs/ros2/bin/python3.11 -W ignore:setup.py install is deprecated setup.py egg_info --egg-base ../../build/cpmr_apb build --build-base /Users/mafu/Library/CloudStorage/GoogleDrive-mafu@my.yorku.ca/Other computers/My Laptop/E:/0.2 Fall 2024/EECS_4421_Robotics/Labs/Lab3/CPMR3/ros2_ws/build/cpmr_apb/build install --record /Users/mafu/Library/CloudStorage/GoogleDrive-mafu@my.yorku.ca/Other computers/My Laptop/E:/0.2 Fall 2024/EECS_4421_Robotics/Labs/Lab3/CPMR3/ros2_ws/build/cpmr_apb/install.log --single-version-externally-managed install_data
[2.201s] /opt/miniconda3/envs/ros2/lib/python3.11/site-packages/setuptools/_distutils/dist.py:261: UserWarning: Unknown distribution option: 'tests_require'
[2.201s]   warnings.warn(msg)
[2.380s] running egg_info
[2.401s] writing ../../build/cpmr_apb/cpmr_apb.egg-info/PKG-INFO
[2.403s] writing dependency_links to ../../build/cpmr_apb/cpmr_apb.egg-info/dependency_links.txt
[2.404s] writing entry points to ../../build/cpmr_apb/cpmr_apb.egg-info/entry_points.txt
[2.404s] writing requirements to ../../build/cpmr_apb/cpmr_apb.egg-info/requires.txt
[2.405s] writing top-level names to ../../build/cpmr_apb/cpmr_apb.egg-info/top_level.txt
[2.451s] reading manifest file '../../build/cpmr_apb/cpmr_apb.egg-info/SOURCES.txt'
[2.452s] writing manifest file '../../build/cpmr_apb/cpmr_apb.egg-info/SOURCES.txt'
[2.452s] running build
[2.453s] running build_py
[2.454s] copying cpmr_apb/depopulate.py -> /Users/mafu/Library/CloudStorage/GoogleDrive-mafu@my.yorku.ca/Other computers/My Laptop/E:/0.2 Fall 2024/EECS_4421_Robotics/Labs/Lab3/CPMR3/ros2_ws/build/cpmr_apb/build/lib/cpmr_apb
[2.454s] copying cpmr_apb/__init__.py -> /Users/mafu/Library/CloudStorage/GoogleDrive-mafu@my.yorku.ca/Other computers/My Laptop/E:/0.2 Fall 2024/EECS_4421_Robotics/Labs/Lab3/CPMR3/ros2_ws/build/cpmr_apb/build/lib/cpmr_apb
[2.454s] copying cpmr_apb/populate.py -> /Users/mafu/Library/CloudStorage/GoogleDrive-mafu@my.yorku.ca/Other computers/My Laptop/E:/0.2 Fall 2024/EECS_4421_Robotics/Labs/Lab3/CPMR3/ros2_ws/build/cpmr_apb/build/lib/cpmr_apb
[2.454s] running install
[2.458s] running install_lib
[2.480s] creating /opt/miniconda3/envs/ros2/lib/python3.11/site-packages/cpmr_apb
[2.480s] copying /Users/mafu/Library/CloudStorage/GoogleDrive-mafu@my.yorku.ca/Other computers/My Laptop/E:/0.2 Fall 2024/EECS_4421_Robotics/Labs/Lab3/CPMR3/ros2_ws/build/cpmr_apb/build/lib/cpmr_apb/depopulate.py -> /opt/miniconda3/envs/ros2/lib/python3.11/site-packages/cpmr_apb
[2.480s] copying /Users/mafu/Library/CloudStorage/GoogleDrive-mafu@my.yorku.ca/Other computers/My Laptop/E:/0.2 Fall 2024/EECS_4421_Robotics/Labs/Lab3/CPMR3/ros2_ws/build/cpmr_apb/build/lib/cpmr_apb/__init__.py -> /opt/miniconda3/envs/ros2/lib/python3.11/site-packages/cpmr_apb
[2.481s] copying /Users/mafu/Library/CloudStorage/GoogleDrive-mafu@my.yorku.ca/Other computers/My Laptop/E:/0.2 Fall 2024/EECS_4421_Robotics/Labs/Lab3/CPMR3/ros2_ws/build/cpmr_apb/build/lib/cpmr_apb/populate.py -> /opt/miniconda3/envs/ros2/lib/python3.11/site-packages/cpmr_apb
[2.482s] byte-compiling /opt/miniconda3/envs/ros2/lib/python3.11/site-packages/cpmr_apb/depopulate.py to depopulate.cpython-311.pyc
[2.483s] byte-compiling /opt/miniconda3/envs/ros2/lib/python3.11/site-packages/cpmr_apb/__init__.py to __init__.cpython-311.pyc
[2.484s] byte-compiling /opt/miniconda3/envs/ros2/lib/python3.11/site-packages/cpmr_apb/populate.py to populate.cpython-311.pyc
[2.485s] running install_data
[2.485s] copying resource/cpmr_apb -> /opt/miniconda3/envs/ros2/share/ament_index/resource_index/packages
[2.486s] creating /opt/miniconda3/envs/ros2/share/cpmr_apb
[2.486s] copying package.xml -> /opt/miniconda3/envs/ros2/share/cpmr_apb
[2.486s] copying launch/gazebo.launch.py -> /opt/miniconda3/envs/ros2/share/cpmr_apb
[2.486s] copying urdf/blockrobot.urdf -> /opt/miniconda3/envs/ros2/share/cpmr_apb
[2.487s] running install_egg_info
[2.517s] Copying ../../build/cpmr_apb/cpmr_apb.egg-info to /opt/miniconda3/envs/ros2/lib/python3.11/site-packages/cpmr_apb-3.1.0-py3.11.egg-info
[2.520s] running install_scripts
[2.830s] Installing depopulate_world script to /opt/miniconda3/envs/ros2/lib/cpmr_apb
[2.830s] Installing populate_world script to /opt/miniconda3/envs/ros2/lib/cpmr_apb
[2.830s] writing list of installed files to '/Users/mafu/Library/CloudStorage/GoogleDrive-mafu@my.yorku.ca/Other computers/My Laptop/E:/0.2 Fall 2024/EECS_4421_Robotics/Labs/Lab3/CPMR3/ros2_ws/build/cpmr_apb/install.log'
[2.832s] Invoked command in '/Users/mafu/Library/CloudStorage/GoogleDrive-mafu@my.yorku.ca/Other computers/My Laptop/E:/0.2 Fall 2024/EECS_4421_Robotics/Labs/Lab3/CPMR3/ros2_ws/src/cpmr_apb' returned '0': CONDA_PROMPT_MODIFIER=(ros2) PYTHONPATH=/Users/mafu/Library/CloudStorage/GoogleDrive-mafu@my.yorku.ca/Other computers/My Laptop/E:/0.2 Fall 2024/EECS_4421_Robotics/Labs/Lab3/CPMR3/ros2_ws/build/cpmr_apb/prefix_override:/opt/miniconda3/envs/ros2/lib/python3.11/site-packages/colcon_core/task/python/colcon_distutils_commands:/Users/mafu/Library/CloudStorage/GoogleDrive-mafu@my.yorku.ca/Other computers/My Laptop/E:/0.2 Fall 2024/EECS_4421_Robotics/Labs/Lab3/CPMR3/ros2_ws/install/cpmr_apb/lib/python3.11/site-packages:${PYTHONPATH} SHLVL=2 _=/opt/miniconda3/envs/ros2/bin/env __CF_USER_TEXT_ENCODING=0x1F5:0x0:0x52 /opt/miniconda3/envs/ros2/bin/python3.11 -W ignore:setup.py install is deprecated setup.py egg_info --egg-base ../../build/cpmr_apb build --build-base /Users/mafu/Library/CloudStorage/GoogleDrive-mafu@my.yorku.ca/Other computers/My Laptop/E:/0.2 Fall 2024/EECS_4421_Robotics/Labs/Lab3/CPMR3/ros2_ws/build/cpmr_apb/build install --record /Users/mafu/Library/CloudStorage/GoogleDrive-mafu@my.yorku.ca/Other computers/My Laptop/E:/0.2 Fall 2024/EECS_4421_Robotics/Labs/Lab3/CPMR3/ros2_ws/build/cpmr_apb/install.log --single-version-externally-managed install_data
