running develop
running egg_info
writing cpmr_ch8.egg-info/PKG-INFO
writing dependency_links to cpmr_ch8.egg-info/dependency_links.txt
writing entry points to cpmr_ch8.egg-info/entry_points.txt
writing requirements to cpmr_ch8.egg-info/requires.txt
writing top-level names to cpmr_ch8.egg-info/top_level.txt
reading manifest file 'cpmr_ch8.egg-info/SOURCES.txt'
writing manifest file 'cpmr_ch8.egg-info/SOURCES.txt'
running build_ext
Creating /opt/miniconda3/envs/ros3/lib/python3.10/site-packages/cpmr-ch8.egg-link (link to .)
Installing fsm script to /opt/miniconda3/envs/ros3/lib/cpmr_ch8
Installing view_camera script to /opt/miniconda3/envs/ros3/lib/cpmr_ch8

Installed /Users/mafu/Library/CloudStorage/GoogleDrive-mafu@my.yorku.ca/Other computers/My Laptop/E:/0.2 Fall 2024/EECS_4421_Robotics/Labs/Lab2/CPMR3/ros2_ws/build/cpmr_ch8
running symlink_data
symbolically linking /Users/mafu/Library/CloudStorage/GoogleDrive-mafu@my.yorku.ca/Other computers/My Laptop/E:/0.2 Fall 2024/EECS_4421_Robotics/Labs/Lab2/CPMR3/ros2_ws/build/cpmr_ch8/resource/cpmr_ch8 -> /opt/miniconda3/envs/ros3/share/ament_index/resource_index/packages
symbolically linking /Users/mafu/Library/CloudStorage/GoogleDrive-mafu@my.yorku.ca/Other computers/My Laptop/E:/0.2 Fall 2024/EECS_4421_Robotics/Labs/Lab2/CPMR3/ros2_ws/build/cpmr_ch8/package.xml -> /opt/miniconda3/envs/ros3/share/cpmr_ch8
symbolically linking /Users/mafu/Library/CloudStorage/GoogleDrive-mafu@my.yorku.ca/Other computers/My Laptop/E:/0.2 Fall 2024/EECS_4421_Robotics/Labs/Lab2/CPMR3/ros2_ws/build/cpmr_ch8/launch/view-camera-robot.launch.py -> /opt/miniconda3/envs/ros3/share/cpmr_ch8
symbolically linking /Users/mafu/Library/CloudStorage/GoogleDrive-mafu@my.yorku.ca/Other computers/My Laptop/E:/0.2 Fall 2024/EECS_4421_Robotics/Labs/Lab2/CPMR3/ros2_ws/build/cpmr_ch8/urdf/scout-camera.urdf.xacro -> /opt/miniconda3/envs/ros3/share/cpmr_ch8
symbolically linking /Users/mafu/Library/CloudStorage/GoogleDrive-mafu@my.yorku.ca/Other computers/My Laptop/E:/0.2 Fall 2024/EECS_4421_Robotics/Labs/Lab2/CPMR3/ros2_ws/build/cpmr_ch8/urdf/colors.xacro -> /opt/miniconda3/envs/ros3/share/cpmr_ch8
