[0.210s] [34mcolcon[0m [1;30mDEBUG[0m [32mCommand line arguments: ['/Users/mafu/miniconda3/envs/ros2/bin/colcon', 'build', '--symlink-install'][0m
[0.210s] [34mcolcon[0m [1;30mDEBUG[0m [32mParsed command line arguments: Namespace(log_base=None, log_level=None, verb_name='build', build_base='build', install_base='install', merge_install=False, symlink_install=True, test_result_base=None, continue_on_error=False, executor='parallel', parallel_workers=8, event_handlers=None, ignore_user_meta=False, metas=['./colcon.meta'], base_paths=['.'], packages_ignore=None, packages_ignore_regex=None, paths=None, packages_up_to=None, packages_up_to_regex=None, packages_above=None, packages_above_and_dependencies=None, packages_above_depth=None, packages_select_by_dep=None, packages_skip_by_dep=None, packages_skip_up_to=None, packages_select_build_failed=False, packages_skip_build_finished=False, packages_select_test_failures=False, packages_skip_test_passed=False, packages_select=None, packages_skip=None, packages_select_regex=None, packages_skip_regex=None, packages_start=None, packages_end=None, cmake_args=None, cmake_target=None, cmake_target_skip_unavailable=False, cmake_clean_cache=False, cmake_clean_first=False, cmake_force_configure=False, ament_cmake_args=None, catkin_cmake_args=None, catkin_skip_building_tests=False, verb_parser=<colcon_defaults.argument_parser.defaults.DefaultArgumentsDecorator object at 0x1055e9450>, verb_extension=<colcon_core.verb.build.BuildVerb object at 0x1055e8e80>, main=<bound method BuildVerb.main of <colcon_core.verb.build.BuildVerb object at 0x1055e8e80>>)[0m
[0.385s] [34mcolcon.colcon_core.package_discovery[0m [1;30mLevel 1[0m discover_packages(colcon_meta) check parameters
[0.385s] [34mcolcon.colcon_core.package_discovery[0m [1;30mLevel 1[0m discover_packages(recursive) check parameters
[0.385s] [34mcolcon.colcon_core.package_discovery[0m [1;30mLevel 1[0m discover_packages(ignore) check parameters
[0.385s] [34mcolcon.colcon_core.package_discovery[0m [1;30mLevel 1[0m discover_packages(path) check parameters
[0.385s] [34mcolcon.colcon_core.package_discovery[0m [1;30mLevel 1[0m discover_packages(colcon_meta) discover
[0.385s] [34mcolcon.colcon_core.package_discovery[0m [1;30mLevel 1[0m discover_packages(recursive) discover
[0.385s] [34mcolcon.colcon_core.package_discovery[0m [1;30mINFO[0m Crawling recursively for packages in '/Users/mafu/Desktop/EECS_4421_Robotics/CPMR3/ros2_ws/src'
[0.385s] [34mcolcon.colcon_core.package_identification[0m [1;30mLevel 1[0m _identify(.) by extensions ['ignore', 'ignore_ament_install']
[0.385s] [34mcolcon.colcon_core.package_identification[0m [1;30mLevel 1[0m _identify(.) by extension 'ignore'
[0.385s] [34mcolcon.colcon_core.package_identification[0m [1;30mLevel 1[0m _identify(.) by extension 'ignore_ament_install'
[0.385s] [34mcolcon.colcon_core.package_identification[0m [1;30mLevel 1[0m _identify(.) by extensions ['colcon_pkg']
[0.385s] [34mcolcon.colcon_core.package_identification[0m [1;30mLevel 1[0m _identify(.) by extension 'colcon_pkg'
[0.385s] [34mcolcon.colcon_core.package_identification[0m [1;30mLevel 1[0m _identify(.) by extensions ['colcon_meta']
[0.385s] [34mcolcon.colcon_core.package_identification[0m [1;30mLevel 1[0m _identify(.) by extension 'colcon_meta'
[0.385s] [34mcolcon.colcon_core.package_identification[0m [1;30mLevel 1[0m _identify(.) by extensions ['ros']
[0.385s] [34mcolcon.colcon_core.package_identification[0m [1;30mLevel 1[0m _identify(.) by extension 'ros'
[0.409s] [34mcolcon.colcon_core.package_identification[0m [1;30mLevel 1[0m _identify(.) by extensions ['cmake', 'python']
[0.409s] [34mcolcon.colcon_core.package_identification[0m [1;30mLevel 1[0m _identify(.) by extension 'cmake'
[0.409s] [34mcolcon.colcon_core.package_identification[0m [1;30mLevel 1[0m _identify(.) by extension 'python'
[0.409s] [34mcolcon.colcon_core.package_identification[0m [1;30mLevel 1[0m _identify(.) by extensions ['python_setup_py']
[0.410s] [34mcolcon.colcon_core.package_identification[0m [1;30mLevel 1[0m _identify(.) by extension 'python_setup_py'
[0.410s] [34mcolcon.colcon_core.package_identification[0m [1;30mLevel 1[0m _identify(build) by extensions ['ignore', 'ignore_ament_install']
[0.410s] [34mcolcon.colcon_core.package_identification[0m [1;30mLevel 1[0m _identify(build) by extension 'ignore'
[0.410s] [34mcolcon.colcon_core.package_identification[0m [1;30mLevel 1[0m _identify(build) ignored
[0.410s] [34mcolcon.colcon_core.package_identification[0m [1;30mLevel 1[0m _identify(cpmr_apb) by extensions ['ignore', 'ignore_ament_install']
[0.410s] [34mcolcon.colcon_core.package_identification[0m [1;30mLevel 1[0m _identify(cpmr_apb) by extension 'ignore'
[0.410s] [34mcolcon.colcon_core.package_identification[0m [1;30mLevel 1[0m _identify(cpmr_apb) by extension 'ignore_ament_install'
[0.410s] [34mcolcon.colcon_core.package_identification[0m [1;30mLevel 1[0m _identify(cpmr_apb) by extensions ['colcon_pkg']
[0.410s] [34mcolcon.colcon_core.package_identification[0m [1;30mLevel 1[0m _identify(cpmr_apb) by extension 'colcon_pkg'
[0.410s] [34mcolcon.colcon_core.package_identification[0m [1;30mLevel 1[0m _identify(cpmr_apb) by extensions ['colcon_meta']
[0.410s] [34mcolcon.colcon_core.package_identification[0m [1;30mLevel 1[0m _identify(cpmr_apb) by extension 'colcon_meta'
[0.410s] [34mcolcon.colcon_core.package_identification[0m [1;30mLevel 1[0m _identify(cpmr_apb) by extensions ['ros']
[0.410s] [34mcolcon.colcon_core.package_identification[0m [1;30mLevel 1[0m _identify(cpmr_apb) by extension 'ros'
[0.412s] [34mcolcon.colcon_core.package_identification[0m [1;30mDEBUG[0m [32mPackage 'cpmr_apb' with type 'ros.ament_python' and name 'cpmr_apb'[0m
[0.412s] [34mcolcon.colcon_core.package_identification[0m [1;30mLevel 1[0m _identify(cpmr_ch11) by extensions ['ignore', 'ignore_ament_install']
[0.412s] [34mcolcon.colcon_core.package_identification[0m [1;30mLevel 1[0m _identify(cpmr_ch11) by extension 'ignore'
[0.412s] [34mcolcon.colcon_core.package_identification[0m [1;30mLevel 1[0m _identify(cpmr_ch11) by extension 'ignore_ament_install'
[0.412s] [34mcolcon.colcon_core.package_identification[0m [1;30mLevel 1[0m _identify(cpmr_ch11) by extensions ['colcon_pkg']
[0.412s] [34mcolcon.colcon_core.package_identification[0m [1;30mLevel 1[0m _identify(cpmr_ch11) by extension 'colcon_pkg'
[0.412s] [34mcolcon.colcon_core.package_identification[0m [1;30mLevel 1[0m _identify(cpmr_ch11) by extensions ['colcon_meta']
[0.412s] [34mcolcon.colcon_core.package_identification[0m [1;30mLevel 1[0m _identify(cpmr_ch11) by extension 'colcon_meta'
[0.413s] [34mcolcon.colcon_core.package_identification[0m [1;30mLevel 1[0m _identify(cpmr_ch11) by extensions ['ros']
[0.413s] [34mcolcon.colcon_core.package_identification[0m [1;30mLevel 1[0m _identify(cpmr_ch11) by extension 'ros'
[0.413s] [34mcolcon.colcon_core.package_identification[0m [1;30mDEBUG[0m [32mPackage 'cpmr_ch11' with type 'ros.ament_python' and name 'cpmr_ch11'[0m
[0.413s] [34mcolcon.colcon_core.package_identification[0m [1;30mLevel 1[0m _identify(cpmr_ch12) by extensions ['ignore', 'ignore_ament_install']
[0.413s] [34mcolcon.colcon_core.package_identification[0m [1;30mLevel 1[0m _identify(cpmr_ch12) by extension 'ignore'
[0.413s] [34mcolcon.colcon_core.package_identification[0m [1;30mLevel 1[0m _identify(cpmr_ch12) by extension 'ignore_ament_install'
[0.413s] [34mcolcon.colcon_core.package_identification[0m [1;30mLevel 1[0m _identify(cpmr_ch12) by extensions ['colcon_pkg']
[0.414s] [34mcolcon.colcon_core.package_identification[0m [1;30mLevel 1[0m _identify(cpmr_ch12) by extension 'colcon_pkg'
[0.414s] [34mcolcon.colcon_core.package_identification[0m [1;30mLevel 1[0m _identify(cpmr_ch12) by extensions ['colcon_meta']
[0.414s] [34mcolcon.colcon_core.package_identification[0m [1;30mLevel 1[0m _identify(cpmr_ch12) by extension 'colcon_meta'
[0.414s] [34mcolcon.colcon_core.package_identification[0m [1;30mLevel 1[0m _identify(cpmr_ch12) by extensions ['ros']
[0.414s] [34mcolcon.colcon_core.package_identification[0m [1;30mLevel 1[0m _identify(cpmr_ch12) by extension 'ros'
[0.414s] [34mcolcon.colcon_core.package_identification[0m [1;30mDEBUG[0m [32mPackage 'cpmr_ch12' with type 'ros.ament_python' and name 'cpmr_ch12'[0m
[0.414s] [34mcolcon.colcon_core.package_identification[0m [1;30mLevel 1[0m _identify(cpmr_ch2) by extensions ['ignore', 'ignore_ament_install']
[0.414s] [34mcolcon.colcon_core.package_identification[0m [1;30mLevel 1[0m _identify(cpmr_ch2) by extension 'ignore'
[0.414s] [34mcolcon.colcon_core.package_identification[0m [1;30mLevel 1[0m _identify(cpmr_ch2) by extension 'ignore_ament_install'
[0.414s] [34mcolcon.colcon_core.package_identification[0m [1;30mLevel 1[0m _identify(cpmr_ch2) by extensions ['colcon_pkg']
[0.414s] [34mcolcon.colcon_core.package_identification[0m [1;30mLevel 1[0m _identify(cpmr_ch2) by extension 'colcon_pkg'
[0.414s] [34mcolcon.colcon_core.package_identification[0m [1;30mLevel 1[0m _identify(cpmr_ch2) by extensions ['colcon_meta']
[0.414s] [34mcolcon.colcon_core.package_identification[0m [1;30mLevel 1[0m _identify(cpmr_ch2) by extension 'colcon_meta'
[0.414s] [34mcolcon.colcon_core.package_identification[0m [1;30mLevel 1[0m _identify(cpmr_ch2) by extensions ['ros']
[0.414s] [34mcolcon.colcon_core.package_identification[0m [1;30mLevel 1[0m _identify(cpmr_ch2) by extension 'ros'
[0.415s] [34mcolcon.colcon_core.package_identification[0m [1;30mDEBUG[0m [32mPackage 'cpmr_ch2' with type 'ros.ament_python' and name 'cpmr_ch2'[0m
[0.415s] [34mcolcon.colcon_core.package_identification[0m [1;30mLevel 1[0m _identify(cpmr_ch4) by extensions ['ignore', 'ignore_ament_install']
[0.415s] [34mcolcon.colcon_core.package_identification[0m [1;30mLevel 1[0m _identify(cpmr_ch4) by extension 'ignore'
[0.415s] [34mcolcon.colcon_core.package_identification[0m [1;30mLevel 1[0m _identify(cpmr_ch4) by extension 'ignore_ament_install'
[0.415s] [34mcolcon.colcon_core.package_identification[0m [1;30mLevel 1[0m _identify(cpmr_ch4) by extensions ['colcon_pkg']
[0.415s] [34mcolcon.colcon_core.package_identification[0m [1;30mLevel 1[0m _identify(cpmr_ch4) by extension 'colcon_pkg'
[0.415s] [34mcolcon.colcon_core.package_identification[0m [1;30mLevel 1[0m _identify(cpmr_ch4) by extensions ['colcon_meta']
[0.415s] [34mcolcon.colcon_core.package_identification[0m [1;30mLevel 1[0m _identify(cpmr_ch4) by extension 'colcon_meta'
[0.415s] [34mcolcon.colcon_core.package_identification[0m [1;30mLevel 1[0m _identify(cpmr_ch4) by extensions ['ros']
[0.415s] [34mcolcon.colcon_core.package_identification[0m [1;30mLevel 1[0m _identify(cpmr_ch4) by extension 'ros'
[0.416s] [34mcolcon.colcon_core.package_identification[0m [1;30mDEBUG[0m [32mPackage 'cpmr_ch4' with type 'ros.ament_python' and name 'cpmr_ch4'[0m
[0.416s] [34mcolcon.colcon_core.package_identification[0m [1;30mLevel 1[0m _identify(cpmr_ch5) by extensions ['ignore', 'ignore_ament_install']
[0.416s] [34mcolcon.colcon_core.package_identification[0m [1;30mLevel 1[0m _identify(cpmr_ch5) by extension 'ignore'
[0.416s] [34mcolcon.colcon_core.package_identification[0m [1;30mLevel 1[0m _identify(cpmr_ch5) by extension 'ignore_ament_install'
[0.416s] [34mcolcon.colcon_core.package_identification[0m [1;30mLevel 1[0m _identify(cpmr_ch5) by extensions ['colcon_pkg']
[0.416s] [34mcolcon.colcon_core.package_identification[0m [1;30mLevel 1[0m _identify(cpmr_ch5) by extension 'colcon_pkg'
[0.416s] [34mcolcon.colcon_core.package_identification[0m [1;30mLevel 1[0m _identify(cpmr_ch5) by extensions ['colcon_meta']
[0.416s] [34mcolcon.colcon_core.package_identification[0m [1;30mLevel 1[0m _identify(cpmr_ch5) by extension 'colcon_meta'
[0.416s] [34mcolcon.colcon_core.package_identification[0m [1;30mLevel 1[0m _identify(cpmr_ch5) by extensions ['ros']
[0.416s] [34mcolcon.colcon_core.package_identification[0m [1;30mLevel 1[0m _identify(cpmr_ch5) by extension 'ros'
[0.417s] [34mcolcon.colcon_core.package_identification[0m [1;30mDEBUG[0m [32mPackage 'cpmr_ch5' with type 'ros.ament_python' and name 'cpmr_ch5'[0m
[0.417s] [34mcolcon.colcon_core.package_identification[0m [1;30mLevel 1[0m _identify(cpmr_ch6) by extensions ['ignore', 'ignore_ament_install']
[0.417s] [34mcolcon.colcon_core.package_identification[0m [1;30mLevel 1[0m _identify(cpmr_ch6) by extension 'ignore'
[0.417s] [34mcolcon.colcon_core.package_identification[0m [1;30mLevel 1[0m _identify(cpmr_ch6) by extension 'ignore_ament_install'
[0.417s] [34mcolcon.colcon_core.package_identification[0m [1;30mLevel 1[0m _identify(cpmr_ch6) by extensions ['colcon_pkg']
[0.417s] [34mcolcon.colcon_core.package_identification[0m [1;30mLevel 1[0m _identify(cpmr_ch6) by extension 'colcon_pkg'
[0.417s] [34mcolcon.colcon_core.package_identification[0m [1;30mLevel 1[0m _identify(cpmr_ch6) by extensions ['colcon_meta']
[0.417s] [34mcolcon.colcon_core.package_identification[0m [1;30mLevel 1[0m _identify(cpmr_ch6) by extension 'colcon_meta'
[0.417s] [34mcolcon.colcon_core.package_identification[0m [1;30mLevel 1[0m _identify(cpmr_ch6) by extensions ['ros']
[0.417s] [34mcolcon.colcon_core.package_identification[0m [1;30mLevel 1[0m _identify(cpmr_ch6) by extension 'ros'
[0.418s] [34mcolcon.colcon_core.package_identification[0m [1;30mDEBUG[0m [32mPackage 'cpmr_ch6' with type 'ros.ament_python' and name 'cpmr_ch6'[0m
[0.418s] [34mcolcon.colcon_core.package_identification[0m [1;30mLevel 1[0m _identify(cpmr_ch7) by extensions ['ignore', 'ignore_ament_install']
[0.418s] [34mcolcon.colcon_core.package_identification[0m [1;30mLevel 1[0m _identify(cpmr_ch7) by extension 'ignore'
[0.418s] [34mcolcon.colcon_core.package_identification[0m [1;30mLevel 1[0m _identify(cpmr_ch7) by extension 'ignore_ament_install'
[0.418s] [34mcolcon.colcon_core.package_identification[0m [1;30mLevel 1[0m _identify(cpmr_ch7) by extensions ['colcon_pkg']
[0.418s] [34mcolcon.colcon_core.package_identification[0m [1;30mLevel 1[0m _identify(cpmr_ch7) by extension 'colcon_pkg'
[0.418s] [34mcolcon.colcon_core.package_identification[0m [1;30mLevel 1[0m _identify(cpmr_ch7) by extensions ['colcon_meta']
[0.418s] [34mcolcon.colcon_core.package_identification[0m [1;30mLevel 1[0m _identify(cpmr_ch7) by extension 'colcon_meta'
[0.418s] [34mcolcon.colcon_core.package_identification[0m [1;30mLevel 1[0m _identify(cpmr_ch7) by extensions ['ros']
[0.418s] [34mcolcon.colcon_core.package_identification[0m [1;30mLevel 1[0m _identify(cpmr_ch7) by extension 'ros'
[0.419s] [34mcolcon.colcon_core.package_identification[0m [1;30mDEBUG[0m [32mPackage 'cpmr_ch7' with type 'ros.ament_python' and name 'cpmr_ch7'[0m
[0.419s] [34mcolcon.colcon_core.package_identification[0m [1;30mLevel 1[0m _identify(cpmr_ch8) by extensions ['ignore', 'ignore_ament_install']
[0.419s] [34mcolcon.colcon_core.package_identification[0m [1;30mLevel 1[0m _identify(cpmr_ch8) by extension 'ignore'
[0.419s] [34mcolcon.colcon_core.package_identification[0m [1;30mLevel 1[0m _identify(cpmr_ch8) by extension 'ignore_ament_install'
[0.419s] [34mcolcon.colcon_core.package_identification[0m [1;30mLevel 1[0m _identify(cpmr_ch8) by extensions ['colcon_pkg']
[0.419s] [34mcolcon.colcon_core.package_identification[0m [1;30mLevel 1[0m _identify(cpmr_ch8) by extension 'colcon_pkg'
[0.419s] [34mcolcon.colcon_core.package_identification[0m [1;30mLevel 1[0m _identify(cpmr_ch8) by extensions ['colcon_meta']
[0.419s] [34mcolcon.colcon_core.package_identification[0m [1;30mLevel 1[0m _identify(cpmr_ch8) by extension 'colcon_meta'
[0.419s] [34mcolcon.colcon_core.package_identification[0m [1;30mLevel 1[0m _identify(cpmr_ch8) by extensions ['ros']
[0.419s] [34mcolcon.colcon_core.package_identification[0m [1;30mLevel 1[0m _identify(cpmr_ch8) by extension 'ros'
[0.420s] [34mcolcon.colcon_core.package_identification[0m [1;30mDEBUG[0m [32mPackage 'cpmr_ch8' with type 'ros.ament_python' and name 'cpmr_ch8'[0m
[0.420s] [34mcolcon.colcon_core.package_identification[0m [1;30mLevel 1[0m _identify(gazebo_ros_pkgs) by extensions ['ignore', 'ignore_ament_install']
[0.420s] [34mcolcon.colcon_core.package_identification[0m [1;30mLevel 1[0m _identify(gazebo_ros_pkgs) by extension 'ignore'
[0.420s] [34mcolcon.colcon_core.package_identification[0m [1;30mLevel 1[0m _identify(gazebo_ros_pkgs) by extension 'ignore_ament_install'
[0.420s] [34mcolcon.colcon_core.package_identification[0m [1;30mLevel 1[0m _identify(gazebo_ros_pkgs) by extensions ['colcon_pkg']
[0.420s] [34mcolcon.colcon_core.package_identification[0m [1;30mLevel 1[0m _identify(gazebo_ros_pkgs) by extension 'colcon_pkg'
[0.420s] [34mcolcon.colcon_core.package_identification[0m [1;30mLevel 1[0m _identify(gazebo_ros_pkgs) by extensions ['colcon_meta']
[0.420s] [34mcolcon.colcon_core.package_identification[0m [1;30mLevel 1[0m _identify(gazebo_ros_pkgs) by extension 'colcon_meta'
[0.420s] [34mcolcon.colcon_core.package_identification[0m [1;30mLevel 1[0m _identify(gazebo_ros_pkgs) by extensions ['ros']
[0.420s] [34mcolcon.colcon_core.package_identification[0m [1;30mLevel 1[0m _identify(gazebo_ros_pkgs) by extension 'ros'
[0.420s] [34mcolcon.colcon_core.package_identification[0m [1;30mLevel 1[0m _identify(gazebo_ros_pkgs) by extensions ['cmake', 'python']
[0.420s] [34mcolcon.colcon_core.package_identification[0m [1;30mLevel 1[0m _identify(gazebo_ros_pkgs) by extension 'cmake'
[0.420s] [34mcolcon.colcon_core.package_identification[0m [1;30mLevel 1[0m _identify(gazebo_ros_pkgs) by extension 'python'
[0.420s] [34mcolcon.colcon_core.package_identification[0m [1;30mLevel 1[0m _identify(gazebo_ros_pkgs) by extensions ['python_setup_py']
[0.420s] [34mcolcon.colcon_core.package_identification[0m [1;30mLevel 1[0m _identify(gazebo_ros_pkgs) by extension 'python_setup_py'
[0.420s] [34mcolcon.colcon_core.package_identification[0m [1;30mLevel 1[0m _identify(gazebo_ros_pkgs/gazebo_dev) by extensions ['ignore', 'ignore_ament_install']
[0.420s] [34mcolcon.colcon_core.package_identification[0m [1;30mLevel 1[0m _identify(gazebo_ros_pkgs/gazebo_dev) by extension 'ignore'
[0.420s] [34mcolcon.colcon_core.package_identification[0m [1;30mLevel 1[0m _identify(gazebo_ros_pkgs/gazebo_dev) by extension 'ignore_ament_install'
[0.420s] [34mcolcon.colcon_core.package_identification[0m [1;30mLevel 1[0m _identify(gazebo_ros_pkgs/gazebo_dev) by extensions ['colcon_pkg']
[0.420s] [34mcolcon.colcon_core.package_identification[0m [1;30mLevel 1[0m _identify(gazebo_ros_pkgs/gazebo_dev) by extension 'colcon_pkg'
[0.420s] [34mcolcon.colcon_core.package_identification[0m [1;30mLevel 1[0m _identify(gazebo_ros_pkgs/gazebo_dev) by extensions ['colcon_meta']
[0.420s] [34mcolcon.colcon_core.package_identification[0m [1;30mLevel 1[0m _identify(gazebo_ros_pkgs/gazebo_dev) by extension 'colcon_meta'
[0.421s] [34mcolcon.colcon_core.package_identification[0m [1;30mLevel 1[0m _identify(gazebo_ros_pkgs/gazebo_dev) by extensions ['ros']
[0.421s] [34mcolcon.colcon_core.package_identification[0m [1;30mLevel 1[0m _identify(gazebo_ros_pkgs/gazebo_dev) by extension 'ros'
[0.421s] [34mcolcon.colcon_core.package_identification[0m [1;30mDEBUG[0m [32mPackage 'gazebo_ros_pkgs/gazebo_dev' with type 'ros.ament_cmake' and name 'gazebo_dev'[0m
[0.421s] [34mcolcon.colcon_core.package_identification[0m [1;30mLevel 1[0m _identify(gazebo_ros_pkgs/gazebo_msgs) by extensions ['ignore', 'ignore_ament_install']
[0.421s] [34mcolcon.colcon_core.package_identification[0m [1;30mLevel 1[0m _identify(gazebo_ros_pkgs/gazebo_msgs) by extension 'ignore'
[0.421s] [34mcolcon.colcon_core.package_identification[0m [1;30mLevel 1[0m _identify(gazebo_ros_pkgs/gazebo_msgs) by extension 'ignore_ament_install'
[0.421s] [34mcolcon.colcon_core.package_identification[0m [1;30mLevel 1[0m _identify(gazebo_ros_pkgs/gazebo_msgs) by extensions ['colcon_pkg']
[0.421s] [34mcolcon.colcon_core.package_identification[0m [1;30mLevel 1[0m _identify(gazebo_ros_pkgs/gazebo_msgs) by extension 'colcon_pkg'
[0.421s] [34mcolcon.colcon_core.package_identification[0m [1;30mLevel 1[0m _identify(gazebo_ros_pkgs/gazebo_msgs) by extensions ['colcon_meta']
[0.421s] [34mcolcon.colcon_core.package_identification[0m [1;30mLevel 1[0m _identify(gazebo_ros_pkgs/gazebo_msgs) by extension 'colcon_meta'
[0.421s] [34mcolcon.colcon_core.package_identification[0m [1;30mLevel 1[0m _identify(gazebo_ros_pkgs/gazebo_msgs) by extensions ['ros']
[0.421s] [34mcolcon.colcon_core.package_identification[0m [1;30mLevel 1[0m _identify(gazebo_ros_pkgs/gazebo_msgs) by extension 'ros'
[0.422s] [34mcolcon.colcon_core.package_identification[0m [1;30mDEBUG[0m [32mPackage 'gazebo_ros_pkgs/gazebo_msgs' with type 'ros.ament_cmake' and name 'gazebo_msgs'[0m
[0.422s] [34mcolcon.colcon_core.package_identification[0m [1;30mLevel 1[0m _identify(gazebo_ros_pkgs/gazebo_plugins) by extensions ['ignore', 'ignore_ament_install']
[0.422s] [34mcolcon.colcon_core.package_identification[0m [1;30mLevel 1[0m _identify(gazebo_ros_pkgs/gazebo_plugins) by extension 'ignore'
[0.422s] [34mcolcon.colcon_core.package_identification[0m [1;30mLevel 1[0m _identify(gazebo_ros_pkgs/gazebo_plugins) by extension 'ignore_ament_install'
[0.422s] [34mcolcon.colcon_core.package_identification[0m [1;30mLevel 1[0m _identify(gazebo_ros_pkgs/gazebo_plugins) by extensions ['colcon_pkg']
[0.422s] [34mcolcon.colcon_core.package_identification[0m [1;30mLevel 1[0m _identify(gazebo_ros_pkgs/gazebo_plugins) by extension 'colcon_pkg'
[0.422s] [34mcolcon.colcon_core.package_identification[0m [1;30mLevel 1[0m _identify(gazebo_ros_pkgs/gazebo_plugins) by extensions ['colcon_meta']
[0.422s] [34mcolcon.colcon_core.package_identification[0m [1;30mLevel 1[0m _identify(gazebo_ros_pkgs/gazebo_plugins) by extension 'colcon_meta'
[0.422s] [34mcolcon.colcon_core.package_identification[0m [1;30mLevel 1[0m _identify(gazebo_ros_pkgs/gazebo_plugins) by extensions ['ros']
[0.422s] [34mcolcon.colcon_core.package_identification[0m [1;30mLevel 1[0m _identify(gazebo_ros_pkgs/gazebo_plugins) by extension 'ros'
[0.423s] [34mcolcon.colcon_core.package_identification[0m [1;30mDEBUG[0m [32mPackage 'gazebo_ros_pkgs/gazebo_plugins' with type 'ros.ament_cmake' and name 'gazebo_plugins'[0m
[0.423s] [34mcolcon.colcon_core.package_identification[0m [1;30mLevel 1[0m _identify(gazebo_ros_pkgs/gazebo_ros) by extensions ['ignore', 'ignore_ament_install']
[0.423s] [34mcolcon.colcon_core.package_identification[0m [1;30mLevel 1[0m _identify(gazebo_ros_pkgs/gazebo_ros) by extension 'ignore'
[0.423s] [34mcolcon.colcon_core.package_identification[0m [1;30mLevel 1[0m _identify(gazebo_ros_pkgs/gazebo_ros) by extension 'ignore_ament_install'
[0.423s] [34mcolcon.colcon_core.package_identification[0m [1;30mLevel 1[0m _identify(gazebo_ros_pkgs/gazebo_ros) by extensions ['colcon_pkg']
[0.423s] [34mcolcon.colcon_core.package_identification[0m [1;30mLevel 1[0m _identify(gazebo_ros_pkgs/gazebo_ros) by extension 'colcon_pkg'
[0.424s] [34mcolcon.colcon_core.package_identification[0m [1;30mLevel 1[0m _identify(gazebo_ros_pkgs/gazebo_ros) by extensions ['colcon_meta']
[0.424s] [34mcolcon.colcon_core.package_identification[0m [1;30mLevel 1[0m _identify(gazebo_ros_pkgs/gazebo_ros) by extension 'colcon_meta'
[0.424s] [34mcolcon.colcon_core.package_identification[0m [1;30mLevel 1[0m _identify(gazebo_ros_pkgs/gazebo_ros) by extensions ['ros']
[0.424s] [34mcolcon.colcon_core.package_identification[0m [1;30mLevel 1[0m _identify(gazebo_ros_pkgs/gazebo_ros) by extension 'ros'
[0.424s] [34mcolcon.colcon_core.package_identification[0m [1;30mDEBUG[0m [32mPackage 'gazebo_ros_pkgs/gazebo_ros' with type 'ros.ament_cmake' and name 'gazebo_ros'[0m
[0.425s] [34mcolcon.colcon_core.package_identification[0m [1;30mLevel 1[0m _identify(gazebo_ros_pkgs/gazebo_ros_control) by extensions ['ignore', 'ignore_ament_install']
[0.425s] [34mcolcon.colcon_core.package_identification[0m [1;30mLevel 1[0m _identify(gazebo_ros_pkgs/gazebo_ros_control) by extension 'ignore'
[0.425s] [34mcolcon.colcon_core.package_identification[0m [1;30mLevel 1[0m _identify(gazebo_ros_pkgs/gazebo_ros_control) by extension 'ignore_ament_install'
[0.425s] [34mcolcon.colcon_core.package_identification[0m [1;30mLevel 1[0m _identify(gazebo_ros_pkgs/gazebo_ros_control) by extensions ['colcon_pkg']
[0.425s] [34mcolcon.colcon_core.package_identification[0m [1;30mLevel 1[0m _identify(gazebo_ros_pkgs/gazebo_ros_control) by extension 'colcon_pkg'
[0.425s] [34mcolcon.colcon_core.package_identification[0m [1;30mLevel 1[0m _identify(gazebo_ros_pkgs/gazebo_ros_control) by extensions ['colcon_meta']
[0.425s] [34mcolcon.colcon_core.package_identification[0m [1;30mLevel 1[0m _identify(gazebo_ros_pkgs/gazebo_ros_control) by extension 'colcon_meta'
[0.425s] [34mcolcon.colcon_core.package_identification[0m [1;30mLevel 1[0m _identify(gazebo_ros_pkgs/gazebo_ros_control) by extensions ['ros']
[0.425s] [34mcolcon.colcon_core.package_identification[0m [1;30mLevel 1[0m _identify(gazebo_ros_pkgs/gazebo_ros_control) by extension 'ros'
[0.425s] [34mcolcon.colcon_core.package_identification[0m [1;30mLevel 1[0m _identify(gazebo_ros_pkgs/gazebo_ros_control) by extensions ['cmake', 'python']
[0.425s] [34mcolcon.colcon_core.package_identification[0m [1;30mLevel 1[0m _identify(gazebo_ros_pkgs/gazebo_ros_control) by extension 'cmake'
[0.425s] [34mcolcon.colcon_core.package_identification[0m [1;30mLevel 1[0m _identify(gazebo_ros_pkgs/gazebo_ros_control) by extension 'python'
[0.425s] [34mcolcon.colcon_core.package_identification[0m [1;30mLevel 1[0m _identify(gazebo_ros_pkgs/gazebo_ros_control) by extensions ['python_setup_py']
[0.425s] [34mcolcon.colcon_core.package_identification[0m [1;30mLevel 1[0m _identify(gazebo_ros_pkgs/gazebo_ros_control) by extension 'python_setup_py'
[0.425s] [34mcolcon.colcon_core.package_identification[0m [1;30mLevel 1[0m _identify(gazebo_ros_pkgs/gazebo_ros_pkgs) by extensions ['ignore', 'ignore_ament_install']
[0.425s] [34mcolcon.colcon_core.package_identification[0m [1;30mLevel 1[0m _identify(gazebo_ros_pkgs/gazebo_ros_pkgs) by extension 'ignore'
[0.425s] [34mcolcon.colcon_core.package_identification[0m [1;30mLevel 1[0m _identify(gazebo_ros_pkgs/gazebo_ros_pkgs) by extension 'ignore_ament_install'
[0.425s] [34mcolcon.colcon_core.package_identification[0m [1;30mLevel 1[0m _identify(gazebo_ros_pkgs/gazebo_ros_pkgs) by extensions ['colcon_pkg']
[0.425s] [34mcolcon.colcon_core.package_identification[0m [1;30mLevel 1[0m _identify(gazebo_ros_pkgs/gazebo_ros_pkgs) by extension 'colcon_pkg'
[0.425s] [34mcolcon.colcon_core.package_identification[0m [1;30mLevel 1[0m _identify(gazebo_ros_pkgs/gazebo_ros_pkgs) by extensions ['colcon_meta']
[0.425s] [34mcolcon.colcon_core.package_identification[0m [1;30mLevel 1[0m _identify(gazebo_ros_pkgs/gazebo_ros_pkgs) by extension 'colcon_meta'
[0.425s] [34mcolcon.colcon_core.package_identification[0m [1;30mLevel 1[0m _identify(gazebo_ros_pkgs/gazebo_ros_pkgs) by extensions ['ros']
[0.425s] [34mcolcon.colcon_core.package_identification[0m [1;30mLevel 1[0m _identify(gazebo_ros_pkgs/gazebo_ros_pkgs) by extension 'ros'
[0.426s] [34mcolcon.colcon_core.package_identification[0m [1;30mDEBUG[0m [32mPackage 'gazebo_ros_pkgs/gazebo_ros_pkgs' with type 'ros.ament_cmake' and name 'gazebo_ros_pkgs'[0m
[0.426s] [34mcolcon.colcon_core.package_identification[0m [1;30mLevel 1[0m _identify(install) by extensions ['ignore', 'ignore_ament_install']
[0.426s] [34mcolcon.colcon_core.package_identification[0m [1;30mLevel 1[0m _identify(install) by extension 'ignore'
[0.426s] [34mcolcon.colcon_core.package_identification[0m [1;30mLevel 1[0m _identify(install) ignored
[0.426s] [34mcolcon.colcon_core.package_identification[0m [1;30mLevel 1[0m _identify(log) by extensions ['ignore', 'ignore_ament_install']
[0.426s] [34mcolcon.colcon_core.package_identification[0m [1;30mLevel 1[0m _identify(log) by extension 'ignore'
[0.426s] [34mcolcon.colcon_core.package_identification[0m [1;30mLevel 1[0m _identify(log) ignored
[0.426s] [34mcolcon.colcon_core.package_discovery[0m [1;30mLevel 1[0m discover_packages(recursive) using defaults
[0.426s] [34mcolcon.colcon_core.package_discovery[0m [1;30mLevel 1[0m discover_packages(ignore) discover
[0.426s] [34mcolcon.colcon_core.package_discovery[0m [1;30mLevel 1[0m discover_packages(ignore) using defaults
[0.426s] [34mcolcon.colcon_core.package_discovery[0m [1;30mLevel 1[0m discover_packages(path) discover
[0.426s] [34mcolcon.colcon_core.package_discovery[0m [1;30mLevel 1[0m discover_packages(path) using defaults
[0.443s] [34mcolcon.colcon_metadata.metadata.colcon_pkg[0m [1;30mINFO[0m Updating descriptor of package 'gazebo_ros_pkgs/gazebo_plugins' from colcon.pkg: {'dependencies': ['Gazebo']}
[0.443s] [34mcolcon.colcon_metadata.metadata.colcon_pkg[0m [1;30mINFO[0m Updating descriptor of package 'gazebo_ros_pkgs/gazebo_ros' from colcon.pkg: {'dependencies': ['Gazebo']}
[0.443s] [34mcolcon.colcon_metadata.metadata.colcon_pkg[0m [1;30mINFO[0m Updating descriptor of package 'gazebo_ros_pkgs/gazebo_dev' from colcon.pkg: {'dependencies': ['Gazebo']}
[0.447s] [34mcolcon.colcon_core.verb[0m [1;30mLevel 5[0m set package 'cpmr_apb' build argument 'cmake_args' from command line to 'None'
[0.447s] [34mcolcon.colcon_core.verb[0m [1;30mLevel 5[0m set package 'cpmr_apb' build argument 'cmake_target' from command line to 'None'
[0.447s] [34mcolcon.colcon_core.verb[0m [1;30mLevel 5[0m set package 'cpmr_apb' build argument 'cmake_target_skip_unavailable' from command line to 'False'
[0.447s] [34mcolcon.colcon_core.verb[0m [1;30mLevel 5[0m set package 'cpmr_apb' build argument 'cmake_clean_cache' from command line to 'False'
[0.447s] [34mcolcon.colcon_core.verb[0m [1;30mLevel 5[0m set package 'cpmr_apb' build argument 'cmake_clean_first' from command line to 'False'
[0.447s] [34mcolcon.colcon_core.verb[0m [1;30mLevel 5[0m set package 'cpmr_apb' build argument 'cmake_force_configure' from command line to 'False'
[0.447s] [34mcolcon.colcon_core.verb[0m [1;30mLevel 5[0m set package 'cpmr_apb' build argument 'ament_cmake_args' from command line to 'None'
[0.447s] [34mcolcon.colcon_core.verb[0m [1;30mLevel 5[0m set package 'cpmr_apb' build argument 'catkin_cmake_args' from command line to 'None'
[0.447s] [34mcolcon.colcon_core.verb[0m [1;30mLevel 5[0m set package 'cpmr_apb' build argument 'catkin_skip_building_tests' from command line to 'False'
[0.447s] [34mcolcon.colcon_core.verb[0m [1;30mDEBUG[0m [32mBuilding package 'cpmr_apb' with the following arguments: {'ament_cmake_args': None, 'build_base': '/Users/mafu/Desktop/EECS_4421_Robotics/CPMR3/ros2_ws/src/build/cpmr_apb', 'catkin_cmake_args': None, 'catkin_skip_building_tests': False, 'cmake_args': None, 'cmake_clean_cache': False, 'cmake_clean_first': False, 'cmake_force_configure': False, 'cmake_target': None, 'cmake_target_skip_unavailable': False, 'install_base': '/Users/mafu/Desktop/EECS_4421_Robotics/CPMR3/ros2_ws/src/install/cpmr_apb', 'merge_install': False, 'path': '/Users/mafu/Desktop/EECS_4421_Robotics/CPMR3/ros2_ws/src/cpmr_apb', 'symlink_install': True, 'test_result_base': None}[0m
[0.448s] [34mcolcon.colcon_core.verb[0m [1;30mLevel 5[0m set package 'cpmr_ch11' build argument 'cmake_args' from command line to 'None'
[0.448s] [34mcolcon.colcon_core.verb[0m [1;30mLevel 5[0m set package 'cpmr_ch11' build argument 'cmake_target' from command line to 'None'
[0.448s] [34mcolcon.colcon_core.verb[0m [1;30mLevel 5[0m set package 'cpmr_ch11' build argument 'cmake_target_skip_unavailable' from command line to 'False'
[0.448s] [34mcolcon.colcon_core.verb[0m [1;30mLevel 5[0m set package 'cpmr_ch11' build argument 'cmake_clean_cache' from command line to 'False'
[0.448s] [34mcolcon.colcon_core.verb[0m [1;30mLevel 5[0m set package 'cpmr_ch11' build argument 'cmake_clean_first' from command line to 'False'
[0.448s] [34mcolcon.colcon_core.verb[0m [1;30mLevel 5[0m set package 'cpmr_ch11' build argument 'cmake_force_configure' from command line to 'False'
[0.448s] [34mcolcon.colcon_core.verb[0m [1;30mLevel 5[0m set package 'cpmr_ch11' build argument 'ament_cmake_args' from command line to 'None'
[0.448s] [34mcolcon.colcon_core.verb[0m [1;30mLevel 5[0m set package 'cpmr_ch11' build argument 'catkin_cmake_args' from command line to 'None'
[0.448s] [34mcolcon.colcon_core.verb[0m [1;30mLevel 5[0m set package 'cpmr_ch11' build argument 'catkin_skip_building_tests' from command line to 'False'
[0.448s] [34mcolcon.colcon_core.verb[0m [1;30mDEBUG[0m [32mBuilding package 'cpmr_ch11' with the following arguments: {'ament_cmake_args': None, 'build_base': '/Users/mafu/Desktop/EECS_4421_Robotics/CPMR3/ros2_ws/src/build/cpmr_ch11', 'catkin_cmake_args': None, 'catkin_skip_building_tests': False, 'cmake_args': None, 'cmake_clean_cache': False, 'cmake_clean_first': False, 'cmake_force_configure': False, 'cmake_target': None, 'cmake_target_skip_unavailable': False, 'install_base': '/Users/mafu/Desktop/EECS_4421_Robotics/CPMR3/ros2_ws/src/install/cpmr_ch11', 'merge_install': False, 'path': '/Users/mafu/Desktop/EECS_4421_Robotics/CPMR3/ros2_ws/src/cpmr_ch11', 'symlink_install': True, 'test_result_base': None}[0m
[0.448s] [34mcolcon.colcon_core.verb[0m [1;30mLevel 5[0m set package 'cpmr_ch12' build argument 'cmake_args' from command line to 'None'
[0.448s] [34mcolcon.colcon_core.verb[0m [1;30mLevel 5[0m set package 'cpmr_ch12' build argument 'cmake_target' from command line to 'None'
[0.448s] [34mcolcon.colcon_core.verb[0m [1;30mLevel 5[0m set package 'cpmr_ch12' build argument 'cmake_target_skip_unavailable' from command line to 'False'
[0.448s] [34mcolcon.colcon_core.verb[0m [1;30mLevel 5[0m set package 'cpmr_ch12' build argument 'cmake_clean_cache' from command line to 'False'
[0.448s] [34mcolcon.colcon_core.verb[0m [1;30mLevel 5[0m set package 'cpmr_ch12' build argument 'cmake_clean_first' from command line to 'False'
[0.448s] [34mcolcon.colcon_core.verb[0m [1;30mLevel 5[0m set package 'cpmr_ch12' build argument 'cmake_force_configure' from command line to 'False'
[0.448s] [34mcolcon.colcon_core.verb[0m [1;30mLevel 5[0m set package 'cpmr_ch12' build argument 'ament_cmake_args' from command line to 'None'
[0.448s] [34mcolcon.colcon_core.verb[0m [1;30mLevel 5[0m set package 'cpmr_ch12' build argument 'catkin_cmake_args' from command line to 'None'
[0.448s] [34mcolcon.colcon_core.verb[0m [1;30mLevel 5[0m set package 'cpmr_ch12' build argument 'catkin_skip_building_tests' from command line to 'False'
[0.448s] [34mcolcon.colcon_core.verb[0m [1;30mDEBUG[0m [32mBuilding package 'cpmr_ch12' with the following arguments: {'ament_cmake_args': None, 'build_base': '/Users/mafu/Desktop/EECS_4421_Robotics/CPMR3/ros2_ws/src/build/cpmr_ch12', 'catkin_cmake_args': None, 'catkin_skip_building_tests': False, 'cmake_args': None, 'cmake_clean_cache': False, 'cmake_clean_first': False, 'cmake_force_configure': False, 'cmake_target': None, 'cmake_target_skip_unavailable': False, 'install_base': '/Users/mafu/Desktop/EECS_4421_Robotics/CPMR3/ros2_ws/src/install/cpmr_ch12', 'merge_install': False, 'path': '/Users/mafu/Desktop/EECS_4421_Robotics/CPMR3/ros2_ws/src/cpmr_ch12', 'symlink_install': True, 'test_result_base': None}[0m
[0.448s] [34mcolcon.colcon_core.verb[0m [1;30mLevel 5[0m set package 'cpmr_ch2' build argument 'cmake_args' from command line to 'None'
[0.448s] [34mcolcon.colcon_core.verb[0m [1;30mLevel 5[0m set package 'cpmr_ch2' build argument 'cmake_target' from command line to 'None'
[0.448s] [34mcolcon.colcon_core.verb[0m [1;30mLevel 5[0m set package 'cpmr_ch2' build argument 'cmake_target_skip_unavailable' from command line to 'False'
[0.448s] [34mcolcon.colcon_core.verb[0m [1;30mLevel 5[0m set package 'cpmr_ch2' build argument 'cmake_clean_cache' from command line to 'False'
[0.448s] [34mcolcon.colcon_core.verb[0m [1;30mLevel 5[0m set package 'cpmr_ch2' build argument 'cmake_clean_first' from command line to 'False'
[0.448s] [34mcolcon.colcon_core.verb[0m [1;30mLevel 5[0m set package 'cpmr_ch2' build argument 'cmake_force_configure' from command line to 'False'
[0.448s] [34mcolcon.colcon_core.verb[0m [1;30mLevel 5[0m set package 'cpmr_ch2' build argument 'ament_cmake_args' from command line to 'None'
[0.448s] [34mcolcon.colcon_core.verb[0m [1;30mLevel 5[0m set package 'cpmr_ch2' build argument 'catkin_cmake_args' from command line to 'None'
[0.448s] [34mcolcon.colcon_core.verb[0m [1;30mLevel 5[0m set package 'cpmr_ch2' build argument 'catkin_skip_building_tests' from command line to 'False'
[0.448s] [34mcolcon.colcon_core.verb[0m [1;30mDEBUG[0m [32mBuilding package 'cpmr_ch2' with the following arguments: {'ament_cmake_args': None, 'build_base': '/Users/mafu/Desktop/EECS_4421_Robotics/CPMR3/ros2_ws/src/build/cpmr_ch2', 'catkin_cmake_args': None, 'catkin_skip_building_tests': False, 'cmake_args': None, 'cmake_clean_cache': False, 'cmake_clean_first': False, 'cmake_force_configure': False, 'cmake_target': None, 'cmake_target_skip_unavailable': False, 'install_base': '/Users/mafu/Desktop/EECS_4421_Robotics/CPMR3/ros2_ws/src/install/cpmr_ch2', 'merge_install': False, 'path': '/Users/mafu/Desktop/EECS_4421_Robotics/CPMR3/ros2_ws/src/cpmr_ch2', 'symlink_install': True, 'test_result_base': None}[0m
[0.449s] [34mcolcon.colcon_core.verb[0m [1;30mLevel 5[0m set package 'cpmr_ch4' build argument 'cmake_args' from command line to 'None'
[0.449s] [34mcolcon.colcon_core.verb[0m [1;30mLevel 5[0m set package 'cpmr_ch4' build argument 'cmake_target' from command line to 'None'
[0.449s] [34mcolcon.colcon_core.verb[0m [1;30mLevel 5[0m set package 'cpmr_ch4' build argument 'cmake_target_skip_unavailable' from command line to 'False'
[0.449s] [34mcolcon.colcon_core.verb[0m [1;30mLevel 5[0m set package 'cpmr_ch4' build argument 'cmake_clean_cache' from command line to 'False'
[0.449s] [34mcolcon.colcon_core.verb[0m [1;30mLevel 5[0m set package 'cpmr_ch4' build argument 'cmake_clean_first' from command line to 'False'
[0.449s] [34mcolcon.colcon_core.verb[0m [1;30mLevel 5[0m set package 'cpmr_ch4' build argument 'cmake_force_configure' from command line to 'False'
[0.449s] [34mcolcon.colcon_core.verb[0m [1;30mLevel 5[0m set package 'cpmr_ch4' build argument 'ament_cmake_args' from command line to 'None'
[0.449s] [34mcolcon.colcon_core.verb[0m [1;30mLevel 5[0m set package 'cpmr_ch4' build argument 'catkin_cmake_args' from command line to 'None'
[0.449s] [34mcolcon.colcon_core.verb[0m [1;30mLevel 5[0m set package 'cpmr_ch4' build argument 'catkin_skip_building_tests' from command line to 'False'
[0.449s] [34mcolcon.colcon_core.verb[0m [1;30mDEBUG[0m [32mBuilding package 'cpmr_ch4' with the following arguments: {'ament_cmake_args': None, 'build_base': '/Users/mafu/Desktop/EECS_4421_Robotics/CPMR3/ros2_ws/src/build/cpmr_ch4', 'catkin_cmake_args': None, 'catkin_skip_building_tests': False, 'cmake_args': None, 'cmake_clean_cache': False, 'cmake_clean_first': False, 'cmake_force_configure': False, 'cmake_target': None, 'cmake_target_skip_unavailable': False, 'install_base': '/Users/mafu/Desktop/EECS_4421_Robotics/CPMR3/ros2_ws/src/install/cpmr_ch4', 'merge_install': False, 'path': '/Users/mafu/Desktop/EECS_4421_Robotics/CPMR3/ros2_ws/src/cpmr_ch4', 'symlink_install': True, 'test_result_base': None}[0m
[0.449s] [34mcolcon.colcon_core.verb[0m [1;30mLevel 5[0m set package 'cpmr_ch5' build argument 'cmake_args' from command line to 'None'
[0.449s] [34mcolcon.colcon_core.verb[0m [1;30mLevel 5[0m set package 'cpmr_ch5' build argument 'cmake_target' from command line to 'None'
[0.449s] [34mcolcon.colcon_core.verb[0m [1;30mLevel 5[0m set package 'cpmr_ch5' build argument 'cmake_target_skip_unavailable' from command line to 'False'
[0.449s] [34mcolcon.colcon_core.verb[0m [1;30mLevel 5[0m set package 'cpmr_ch5' build argument 'cmake_clean_cache' from command line to 'False'
[0.449s] [34mcolcon.colcon_core.verb[0m [1;30mLevel 5[0m set package 'cpmr_ch5' build argument 'cmake_clean_first' from command line to 'False'
[0.449s] [34mcolcon.colcon_core.verb[0m [1;30mLevel 5[0m set package 'cpmr_ch5' build argument 'cmake_force_configure' from command line to 'False'
[0.449s] [34mcolcon.colcon_core.verb[0m [1;30mLevel 5[0m set package 'cpmr_ch5' build argument 'ament_cmake_args' from command line to 'None'
[0.449s] [34mcolcon.colcon_core.verb[0m [1;30mLevel 5[0m set package 'cpmr_ch5' build argument 'catkin_cmake_args' from command line to 'None'
[0.449s] [34mcolcon.colcon_core.verb[0m [1;30mLevel 5[0m set package 'cpmr_ch5' build argument 'catkin_skip_building_tests' from command line to 'False'
[0.449s] [34mcolcon.colcon_core.verb[0m [1;30mDEBUG[0m [32mBuilding package 'cpmr_ch5' with the following arguments: {'ament_cmake_args': None, 'build_base': '/Users/mafu/Desktop/EECS_4421_Robotics/CPMR3/ros2_ws/src/build/cpmr_ch5', 'catkin_cmake_args': None, 'catkin_skip_building_tests': False, 'cmake_args': None, 'cmake_clean_cache': False, 'cmake_clean_first': False, 'cmake_force_configure': False, 'cmake_target': None, 'cmake_target_skip_unavailable': False, 'install_base': '/Users/mafu/Desktop/EECS_4421_Robotics/CPMR3/ros2_ws/src/install/cpmr_ch5', 'merge_install': False, 'path': '/Users/mafu/Desktop/EECS_4421_Robotics/CPMR3/ros2_ws/src/cpmr_ch5', 'symlink_install': True, 'test_result_base': None}[0m
[0.449s] [34mcolcon.colcon_core.verb[0m [1;30mLevel 5[0m set package 'cpmr_ch6' build argument 'cmake_args' from command line to 'None'
[0.449s] [34mcolcon.colcon_core.verb[0m [1;30mLevel 5[0m set package 'cpmr_ch6' build argument 'cmake_target' from command line to 'None'
[0.449s] [34mcolcon.colcon_core.verb[0m [1;30mLevel 5[0m set package 'cpmr_ch6' build argument 'cmake_target_skip_unavailable' from command line to 'False'
[0.449s] [34mcolcon.colcon_core.verb[0m [1;30mLevel 5[0m set package 'cpmr_ch6' build argument 'cmake_clean_cache' from command line to 'False'
[0.449s] [34mcolcon.colcon_core.verb[0m [1;30mLevel 5[0m set package 'cpmr_ch6' build argument 'cmake_clean_first' from command line to 'False'
[0.449s] [34mcolcon.colcon_core.verb[0m [1;30mLevel 5[0m set package 'cpmr_ch6' build argument 'cmake_force_configure' from command line to 'False'
[0.449s] [34mcolcon.colcon_core.verb[0m [1;30mLevel 5[0m set package 'cpmr_ch6' build argument 'ament_cmake_args' from command line to 'None'
[0.449s] [34mcolcon.colcon_core.verb[0m [1;30mLevel 5[0m set package 'cpmr_ch6' build argument 'catkin_cmake_args' from command line to 'None'
[0.449s] [34mcolcon.colcon_core.verb[0m [1;30mLevel 5[0m set package 'cpmr_ch6' build argument 'catkin_skip_building_tests' from command line to 'False'
[0.449s] [34mcolcon.colcon_core.verb[0m [1;30mDEBUG[0m [32mBuilding package 'cpmr_ch6' with the following arguments: {'ament_cmake_args': None, 'build_base': '/Users/mafu/Desktop/EECS_4421_Robotics/CPMR3/ros2_ws/src/build/cpmr_ch6', 'catkin_cmake_args': None, 'catkin_skip_building_tests': False, 'cmake_args': None, 'cmake_clean_cache': False, 'cmake_clean_first': False, 'cmake_force_configure': False, 'cmake_target': None, 'cmake_target_skip_unavailable': False, 'install_base': '/Users/mafu/Desktop/EECS_4421_Robotics/CPMR3/ros2_ws/src/install/cpmr_ch6', 'merge_install': False, 'path': '/Users/mafu/Desktop/EECS_4421_Robotics/CPMR3/ros2_ws/src/cpmr_ch6', 'symlink_install': True, 'test_result_base': None}[0m
[0.450s] [34mcolcon.colcon_core.verb[0m [1;30mLevel 5[0m set package 'cpmr_ch7' build argument 'cmake_args' from command line to 'None'
[0.450s] [34mcolcon.colcon_core.verb[0m [1;30mLevel 5[0m set package 'cpmr_ch7' build argument 'cmake_target' from command line to 'None'
[0.450s] [34mcolcon.colcon_core.verb[0m [1;30mLevel 5[0m set package 'cpmr_ch7' build argument 'cmake_target_skip_unavailable' from command line to 'False'
[0.450s] [34mcolcon.colcon_core.verb[0m [1;30mLevel 5[0m set package 'cpmr_ch7' build argument 'cmake_clean_cache' from command line to 'False'
[0.450s] [34mcolcon.colcon_core.verb[0m [1;30mLevel 5[0m set package 'cpmr_ch7' build argument 'cmake_clean_first' from command line to 'False'
[0.450s] [34mcolcon.colcon_core.verb[0m [1;30mLevel 5[0m set package 'cpmr_ch7' build argument 'cmake_force_configure' from command line to 'False'
[0.450s] [34mcolcon.colcon_core.verb[0m [1;30mLevel 5[0m set package 'cpmr_ch7' build argument 'ament_cmake_args' from command line to 'None'
[0.450s] [34mcolcon.colcon_core.verb[0m [1;30mLevel 5[0m set package 'cpmr_ch7' build argument 'catkin_cmake_args' from command line to 'None'
[0.450s] [34mcolcon.colcon_core.verb[0m [1;30mLevel 5[0m set package 'cpmr_ch7' build argument 'catkin_skip_building_tests' from command line to 'False'
[0.450s] [34mcolcon.colcon_core.verb[0m [1;30mDEBUG[0m [32mBuilding package 'cpmr_ch7' with the following arguments: {'ament_cmake_args': None, 'build_base': '/Users/mafu/Desktop/EECS_4421_Robotics/CPMR3/ros2_ws/src/build/cpmr_ch7', 'catkin_cmake_args': None, 'catkin_skip_building_tests': False, 'cmake_args': None, 'cmake_clean_cache': False, 'cmake_clean_first': False, 'cmake_force_configure': False, 'cmake_target': None, 'cmake_target_skip_unavailable': False, 'install_base': '/Users/mafu/Desktop/EECS_4421_Robotics/CPMR3/ros2_ws/src/install/cpmr_ch7', 'merge_install': False, 'path': '/Users/mafu/Desktop/EECS_4421_Robotics/CPMR3/ros2_ws/src/cpmr_ch7', 'symlink_install': True, 'test_result_base': None}[0m
[0.450s] [34mcolcon.colcon_core.verb[0m [1;30mLevel 5[0m set package 'cpmr_ch8' build argument 'cmake_args' from command line to 'None'
[0.450s] [34mcolcon.colcon_core.verb[0m [1;30mLevel 5[0m set package 'cpmr_ch8' build argument 'cmake_target' from command line to 'None'
[0.450s] [34mcolcon.colcon_core.verb[0m [1;30mLevel 5[0m set package 'cpmr_ch8' build argument 'cmake_target_skip_unavailable' from command line to 'False'
[0.450s] [34mcolcon.colcon_core.verb[0m [1;30mLevel 5[0m set package 'cpmr_ch8' build argument 'cmake_clean_cache' from command line to 'False'
[0.450s] [34mcolcon.colcon_core.verb[0m [1;30mLevel 5[0m set package 'cpmr_ch8' build argument 'cmake_clean_first' from command line to 'False'
[0.450s] [34mcolcon.colcon_core.verb[0m [1;30mLevel 5[0m set package 'cpmr_ch8' build argument 'cmake_force_configure' from command line to 'False'
[0.450s] [34mcolcon.colcon_core.verb[0m [1;30mLevel 5[0m set package 'cpmr_ch8' build argument 'ament_cmake_args' from command line to 'None'
[0.450s] [34mcolcon.colcon_core.verb[0m [1;30mLevel 5[0m set package 'cpmr_ch8' build argument 'catkin_cmake_args' from command line to 'None'
[0.450s] [34mcolcon.colcon_core.verb[0m [1;30mLevel 5[0m set package 'cpmr_ch8' build argument 'catkin_skip_building_tests' from command line to 'False'
[0.450s] [34mcolcon.colcon_core.verb[0m [1;30mDEBUG[0m [32mBuilding package 'cpmr_ch8' with the following arguments: {'ament_cmake_args': None, 'build_base': '/Users/mafu/Desktop/EECS_4421_Robotics/CPMR3/ros2_ws/src/build/cpmr_ch8', 'catkin_cmake_args': None, 'catkin_skip_building_tests': False, 'cmake_args': None, 'cmake_clean_cache': False, 'cmake_clean_first': False, 'cmake_force_configure': False, 'cmake_target': None, 'cmake_target_skip_unavailable': False, 'install_base': '/Users/mafu/Desktop/EECS_4421_Robotics/CPMR3/ros2_ws/src/install/cpmr_ch8', 'merge_install': False, 'path': '/Users/mafu/Desktop/EECS_4421_Robotics/CPMR3/ros2_ws/src/cpmr_ch8', 'symlink_install': True, 'test_result_base': None}[0m
[0.450s] [34mcolcon.colcon_core.verb[0m [1;30mLevel 5[0m set package 'gazebo_dev' build argument 'cmake_args' from command line to 'None'
[0.450s] [34mcolcon.colcon_core.verb[0m [1;30mLevel 5[0m set package 'gazebo_dev' build argument 'cmake_target' from command line to 'None'
[0.450s] [34mcolcon.colcon_core.verb[0m [1;30mLevel 5[0m set package 'gazebo_dev' build argument 'cmake_target_skip_unavailable' from command line to 'False'
[0.450s] [34mcolcon.colcon_core.verb[0m [1;30mLevel 5[0m set package 'gazebo_dev' build argument 'cmake_clean_cache' from command line to 'False'
[0.450s] [34mcolcon.colcon_core.verb[0m [1;30mLevel 5[0m set package 'gazebo_dev' build argument 'cmake_clean_first' from command line to 'False'
[0.450s] [34mcolcon.colcon_core.verb[0m [1;30mLevel 5[0m set package 'gazebo_dev' build argument 'cmake_force_configure' from command line to 'False'
[0.450s] [34mcolcon.colcon_core.verb[0m [1;30mLevel 5[0m set package 'gazebo_dev' build argument 'ament_cmake_args' from command line to 'None'
[0.450s] [34mcolcon.colcon_core.verb[0m [1;30mLevel 5[0m set package 'gazebo_dev' build argument 'catkin_cmake_args' from command line to 'None'
[0.450s] [34mcolcon.colcon_core.verb[0m [1;30mLevel 5[0m set package 'gazebo_dev' build argument 'catkin_skip_building_tests' from command line to 'False'
[0.450s] [34mcolcon.colcon_core.verb[0m [1;30mDEBUG[0m [32mBuilding package 'gazebo_dev' with the following arguments: {'ament_cmake_args': None, 'build_base': '/Users/mafu/Desktop/EECS_4421_Robotics/CPMR3/ros2_ws/src/build/gazebo_dev', 'catkin_cmake_args': None, 'catkin_skip_building_tests': False, 'cmake_args': None, 'cmake_clean_cache': False, 'cmake_clean_first': False, 'cmake_force_configure': False, 'cmake_target': None, 'cmake_target_skip_unavailable': False, 'install_base': '/Users/mafu/Desktop/EECS_4421_Robotics/CPMR3/ros2_ws/src/install/gazebo_dev', 'merge_install': False, 'path': '/Users/mafu/Desktop/EECS_4421_Robotics/CPMR3/ros2_ws/src/gazebo_ros_pkgs/gazebo_dev', 'symlink_install': True, 'test_result_base': None}[0m
[0.451s] [34mcolcon.colcon_core.verb[0m [1;30mLevel 5[0m set package 'gazebo_msgs' build argument 'cmake_args' from command line to 'None'
[0.451s] [34mcolcon.colcon_core.verb[0m [1;30mLevel 5[0m set package 'gazebo_msgs' build argument 'cmake_target' from command line to 'None'
[0.451s] [34mcolcon.colcon_core.verb[0m [1;30mLevel 5[0m set package 'gazebo_msgs' build argument 'cmake_target_skip_unavailable' from command line to 'False'
[0.451s] [34mcolcon.colcon_core.verb[0m [1;30mLevel 5[0m set package 'gazebo_msgs' build argument 'cmake_clean_cache' from command line to 'False'
[0.451s] [34mcolcon.colcon_core.verb[0m [1;30mLevel 5[0m set package 'gazebo_msgs' build argument 'cmake_clean_first' from command line to 'False'
[0.451s] [34mcolcon.colcon_core.verb[0m [1;30mLevel 5[0m set package 'gazebo_msgs' build argument 'cmake_force_configure' from command line to 'False'
[0.451s] [34mcolcon.colcon_core.verb[0m [1;30mLevel 5[0m set package 'gazebo_msgs' build argument 'ament_cmake_args' from command line to 'None'
[0.451s] [34mcolcon.colcon_core.verb[0m [1;30mLevel 5[0m set package 'gazebo_msgs' build argument 'catkin_cmake_args' from command line to 'None'
[0.451s] [34mcolcon.colcon_core.verb[0m [1;30mLevel 5[0m set package 'gazebo_msgs' build argument 'catkin_skip_building_tests' from command line to 'False'
[0.451s] [34mcolcon.colcon_core.verb[0m [1;30mDEBUG[0m [32mBuilding package 'gazebo_msgs' with the following arguments: {'ament_cmake_args': None, 'build_base': '/Users/mafu/Desktop/EECS_4421_Robotics/CPMR3/ros2_ws/src/build/gazebo_msgs', 'catkin_cmake_args': None, 'catkin_skip_building_tests': False, 'cmake_args': None, 'cmake_clean_cache': False, 'cmake_clean_first': False, 'cmake_force_configure': False, 'cmake_target': None, 'cmake_target_skip_unavailable': False, 'install_base': '/Users/mafu/Desktop/EECS_4421_Robotics/CPMR3/ros2_ws/src/install/gazebo_msgs', 'merge_install': False, 'path': '/Users/mafu/Desktop/EECS_4421_Robotics/CPMR3/ros2_ws/src/gazebo_ros_pkgs/gazebo_msgs', 'symlink_install': True, 'test_result_base': None}[0m
[0.451s] [34mcolcon.colcon_core.verb[0m [1;30mLevel 5[0m set package 'gazebo_ros' build argument 'cmake_args' from command line to 'None'
[0.451s] [34mcolcon.colcon_core.verb[0m [1;30mLevel 5[0m set package 'gazebo_ros' build argument 'cmake_target' from command line to 'None'
[0.451s] [34mcolcon.colcon_core.verb[0m [1;30mLevel 5[0m set package 'gazebo_ros' build argument 'cmake_target_skip_unavailable' from command line to 'False'
[0.451s] [34mcolcon.colcon_core.verb[0m [1;30mLevel 5[0m set package 'gazebo_ros' build argument 'cmake_clean_cache' from command line to 'False'
[0.451s] [34mcolcon.colcon_core.verb[0m [1;30mLevel 5[0m set package 'gazebo_ros' build argument 'cmake_clean_first' from command line to 'False'
[0.451s] [34mcolcon.colcon_core.verb[0m [1;30mLevel 5[0m set package 'gazebo_ros' build argument 'cmake_force_configure' from command line to 'False'
[0.451s] [34mcolcon.colcon_core.verb[0m [1;30mLevel 5[0m set package 'gazebo_ros' build argument 'ament_cmake_args' from command line to 'None'
[0.451s] [34mcolcon.colcon_core.verb[0m [1;30mLevel 5[0m set package 'gazebo_ros' build argument 'catkin_cmake_args' from command line to 'None'
[0.451s] [34mcolcon.colcon_core.verb[0m [1;30mLevel 5[0m set package 'gazebo_ros' build argument 'catkin_skip_building_tests' from command line to 'False'
[0.451s] [34mcolcon.colcon_core.verb[0m [1;30mDEBUG[0m [32mBuilding package 'gazebo_ros' with the following arguments: {'ament_cmake_args': None, 'build_base': '/Users/mafu/Desktop/EECS_4421_Robotics/CPMR3/ros2_ws/src/build/gazebo_ros', 'catkin_cmake_args': None, 'catkin_skip_building_tests': False, 'cmake_args': None, 'cmake_clean_cache': False, 'cmake_clean_first': False, 'cmake_force_configure': False, 'cmake_target': None, 'cmake_target_skip_unavailable': False, 'install_base': '/Users/mafu/Desktop/EECS_4421_Robotics/CPMR3/ros2_ws/src/install/gazebo_ros', 'merge_install': False, 'path': '/Users/mafu/Desktop/EECS_4421_Robotics/CPMR3/ros2_ws/src/gazebo_ros_pkgs/gazebo_ros', 'symlink_install': True, 'test_result_base': None}[0m
[0.451s] [34mcolcon.colcon_core.verb[0m [1;30mLevel 5[0m set package 'gazebo_plugins' build argument 'cmake_args' from command line to 'None'
[0.451s] [34mcolcon.colcon_core.verb[0m [1;30mLevel 5[0m set package 'gazebo_plugins' build argument 'cmake_target' from command line to 'None'
[0.451s] [34mcolcon.colcon_core.verb[0m [1;30mLevel 5[0m set package 'gazebo_plugins' build argument 'cmake_target_skip_unavailable' from command line to 'False'
[0.451s] [34mcolcon.colcon_core.verb[0m [1;30mLevel 5[0m set package 'gazebo_plugins' build argument 'cmake_clean_cache' from command line to 'False'
[0.451s] [34mcolcon.colcon_core.verb[0m [1;30mLevel 5[0m set package 'gazebo_plugins' build argument 'cmake_clean_first' from command line to 'False'
[0.451s] [34mcolcon.colcon_core.verb[0m [1;30mLevel 5[0m set package 'gazebo_plugins' build argument 'cmake_force_configure' from command line to 'False'
[0.451s] [34mcolcon.colcon_core.verb[0m [1;30mLevel 5[0m set package 'gazebo_plugins' build argument 'ament_cmake_args' from command line to 'None'
[0.451s] [34mcolcon.colcon_core.verb[0m [1;30mLevel 5[0m set package 'gazebo_plugins' build argument 'catkin_cmake_args' from command line to 'None'
[0.451s] [34mcolcon.colcon_core.verb[0m [1;30mLevel 5[0m set package 'gazebo_plugins' build argument 'catkin_skip_building_tests' from command line to 'False'
[0.451s] [34mcolcon.colcon_core.verb[0m [1;30mDEBUG[0m [32mBuilding package 'gazebo_plugins' with the following arguments: {'ament_cmake_args': None, 'build_base': '/Users/mafu/Desktop/EECS_4421_Robotics/CPMR3/ros2_ws/src/build/gazebo_plugins', 'catkin_cmake_args': None, 'catkin_skip_building_tests': False, 'cmake_args': None, 'cmake_clean_cache': False, 'cmake_clean_first': False, 'cmake_force_configure': False, 'cmake_target': None, 'cmake_target_skip_unavailable': False, 'install_base': '/Users/mafu/Desktop/EECS_4421_Robotics/CPMR3/ros2_ws/src/install/gazebo_plugins', 'merge_install': False, 'path': '/Users/mafu/Desktop/EECS_4421_Robotics/CPMR3/ros2_ws/src/gazebo_ros_pkgs/gazebo_plugins', 'symlink_install': True, 'test_result_base': None}[0m
[0.452s] [34mcolcon.colcon_core.verb[0m [1;30mLevel 5[0m set package 'gazebo_ros_pkgs' build argument 'cmake_args' from command line to 'None'
[0.452s] [34mcolcon.colcon_core.verb[0m [1;30mLevel 5[0m set package 'gazebo_ros_pkgs' build argument 'cmake_target' from command line to 'None'
[0.452s] [34mcolcon.colcon_core.verb[0m [1;30mLevel 5[0m set package 'gazebo_ros_pkgs' build argument 'cmake_target_skip_unavailable' from command line to 'False'
[0.452s] [34mcolcon.colcon_core.verb[0m [1;30mLevel 5[0m set package 'gazebo_ros_pkgs' build argument 'cmake_clean_cache' from command line to 'False'
[0.452s] [34mcolcon.colcon_core.verb[0m [1;30mLevel 5[0m set package 'gazebo_ros_pkgs' build argument 'cmake_clean_first' from command line to 'False'
[0.452s] [34mcolcon.colcon_core.verb[0m [1;30mLevel 5[0m set package 'gazebo_ros_pkgs' build argument 'cmake_force_configure' from command line to 'False'
[0.452s] [34mcolcon.colcon_core.verb[0m [1;30mLevel 5[0m set package 'gazebo_ros_pkgs' build argument 'ament_cmake_args' from command line to 'None'
[0.452s] [34mcolcon.colcon_core.verb[0m [1;30mLevel 5[0m set package 'gazebo_ros_pkgs' build argument 'catkin_cmake_args' from command line to 'None'
[0.452s] [34mcolcon.colcon_core.verb[0m [1;30mLevel 5[0m set package 'gazebo_ros_pkgs' build argument 'catkin_skip_building_tests' from command line to 'False'
[0.452s] [34mcolcon.colcon_core.verb[0m [1;30mDEBUG[0m [32mBuilding package 'gazebo_ros_pkgs' with the following arguments: {'ament_cmake_args': None, 'build_base': '/Users/mafu/Desktop/EECS_4421_Robotics/CPMR3/ros2_ws/src/build/gazebo_ros_pkgs', 'catkin_cmake_args': None, 'catkin_skip_building_tests': False, 'cmake_args': None, 'cmake_clean_cache': False, 'cmake_clean_first': False, 'cmake_force_configure': False, 'cmake_target': None, 'cmake_target_skip_unavailable': False, 'install_base': '/Users/mafu/Desktop/EECS_4421_Robotics/CPMR3/ros2_ws/src/install/gazebo_ros_pkgs', 'merge_install': False, 'path': '/Users/mafu/Desktop/EECS_4421_Robotics/CPMR3/ros2_ws/src/gazebo_ros_pkgs/gazebo_ros_pkgs', 'symlink_install': True, 'test_result_base': None}[0m
[0.452s] [34mcolcon.colcon_core.executor[0m [1;30mINFO[0m Executing jobs using 'parallel' executor
[0.452s] [34mcolcon.colcon_parallel_executor.executor.parallel[0m [1;30mDEBUG[0m [32mrun_until_complete[0m
[0.453s] [34mcolcon.colcon_ros.task.ament_cmake.build[0m [1;30mINFO[0m Building ROS package in '/Users/mafu/Desktop/EECS_4421_Robotics/CPMR3/ros2_ws/src/gazebo_ros_pkgs/gazebo_dev' with build type 'ament_cmake'
[0.453s] [34mcolcon.colcon_cmake.task.cmake.build[0m [1;30mINFO[0m Building CMake package in '/Users/mafu/Desktop/EECS_4421_Robotics/CPMR3/ros2_ws/src/gazebo_ros_pkgs/gazebo_dev'
[0.455s] [34mcolcon.colcon_core.plugin_system[0m [1;30mINFO[0m Skipping extension 'colcon_core.shell.bat': Not used on non-Windows systems
[0.456s] [34mcolcon.colcon_core.shell[0m [1;30mINFO[0m Skip shell extension 'powershell' for command environment: Not usable outside of PowerShell
[0.456s] [34mcolcon.colcon_core.shell[0m [1;30mDEBUG[0m [32mSkip shell extension 'dsv' for command environment[0m
[0.466s] [34mcolcon.colcon_ros.task.ament_cmake.build[0m [1;30mINFO[0m Building ROS package in '/Users/mafu/Desktop/EECS_4421_Robotics/CPMR3/ros2_ws/src/gazebo_ros_pkgs/gazebo_msgs' with build type 'ament_cmake'
[0.466s] [34mcolcon.colcon_cmake.task.cmake.build[0m [1;30mINFO[0m Building CMake package in '/Users/mafu/Desktop/EECS_4421_Robotics/CPMR3/ros2_ws/src/gazebo_ros_pkgs/gazebo_msgs'
[0.467s] [34mcolcon.colcon_core.shell[0m [1;30mINFO[0m Skip shell extension 'powershell' for command environment: Not usable outside of PowerShell
[0.467s] [34mcolcon.colcon_core.shell[0m [1;30mDEBUG[0m [32mSkip shell extension 'dsv' for command environment[0m
[0.471s] [34mcolcon.colcon_ros.task.ament_python.build[0m [1;30mINFO[0m Building ROS package in '/Users/mafu/Desktop/EECS_4421_Robotics/CPMR3/ros2_ws/src/cpmr_apb' with build type 'ament_python'
[0.471s] [34mcolcon.colcon_core.shell[0m [1;30mLevel 1[0m create_environment_hook('cpmr_apb', 'ament_prefix_path')
[0.471s] [34mcolcon.colcon_core.shell[0m [1;30mINFO[0m Creating environment hook '/Users/mafu/Desktop/EECS_4421_Robotics/CPMR3/ros2_ws/src/install/cpmr_apb/share/cpmr_apb/hook/ament_prefix_path.ps1'
[0.472s] [34mcolcon.colcon_core.shell[0m [1;30mINFO[0m Creating environment descriptor '/Users/mafu/Desktop/EECS_4421_Robotics/CPMR3/ros2_ws/src/install/cpmr_apb/share/cpmr_apb/hook/ament_prefix_path.dsv'
[0.473s] [34mcolcon.colcon_core.shell[0m [1;30mINFO[0m Creating environment hook '/Users/mafu/Desktop/EECS_4421_Robotics/CPMR3/ros2_ws/src/install/cpmr_apb/share/cpmr_apb/hook/ament_prefix_path.sh'
[0.474s] [34mcolcon.colcon_core.shell[0m [1;30mINFO[0m Skip shell extension 'powershell' for command environment: Not usable outside of PowerShell
[0.474s] [34mcolcon.colcon_core.shell[0m [1;30mDEBUG[0m [32mSkip shell extension 'dsv' for command environment[0m
[0.478s] [34mcolcon.colcon_ros.task.ament_python.build[0m [1;30mINFO[0m Building ROS package in '/Users/mafu/Desktop/EECS_4421_Robotics/CPMR3/ros2_ws/src/cpmr_ch11' with build type 'ament_python'
[0.479s] [34mcolcon.colcon_core.shell[0m [1;30mLevel 1[0m create_environment_hook('cpmr_ch11', 'ament_prefix_path')
[0.479s] [34mcolcon.colcon_core.shell[0m [1;30mINFO[0m Creating environment hook '/Users/mafu/Desktop/EECS_4421_Robotics/CPMR3/ros2_ws/src/install/cpmr_ch11/share/cpmr_ch11/hook/ament_prefix_path.ps1'
[0.480s] [34mcolcon.colcon_core.shell[0m [1;30mINFO[0m Creating environment descriptor '/Users/mafu/Desktop/EECS_4421_Robotics/CPMR3/ros2_ws/src/install/cpmr_ch11/share/cpmr_ch11/hook/ament_prefix_path.dsv'
[0.481s] [34mcolcon.colcon_core.shell[0m [1;30mINFO[0m Creating environment hook '/Users/mafu/Desktop/EECS_4421_Robotics/CPMR3/ros2_ws/src/install/cpmr_ch11/share/cpmr_ch11/hook/ament_prefix_path.sh'
[0.481s] [34mcolcon.colcon_core.shell[0m [1;30mINFO[0m Skip shell extension 'powershell' for command environment: Not usable outside of PowerShell
[0.481s] [34mcolcon.colcon_core.shell[0m [1;30mDEBUG[0m [32mSkip shell extension 'dsv' for command environment[0m
[0.485s] [34mcolcon.colcon_ros.task.ament_python.build[0m [1;30mINFO[0m Building ROS package in '/Users/mafu/Desktop/EECS_4421_Robotics/CPMR3/ros2_ws/src/cpmr_ch12' with build type 'ament_python'
[0.485s] [34mcolcon.colcon_core.shell[0m [1;30mLevel 1[0m create_environment_hook('cpmr_ch12', 'ament_prefix_path')
[0.486s] [34mcolcon.colcon_core.shell[0m [1;30mINFO[0m Creating environment hook '/Users/mafu/Desktop/EECS_4421_Robotics/CPMR3/ros2_ws/src/install/cpmr_ch12/share/cpmr_ch12/hook/ament_prefix_path.ps1'
[0.486s] [34mcolcon.colcon_core.shell[0m [1;30mINFO[0m Creating environment descriptor '/Users/mafu/Desktop/EECS_4421_Robotics/CPMR3/ros2_ws/src/install/cpmr_ch12/share/cpmr_ch12/hook/ament_prefix_path.dsv'
[0.487s] [34mcolcon.colcon_core.shell[0m [1;30mINFO[0m Creating environment hook '/Users/mafu/Desktop/EECS_4421_Robotics/CPMR3/ros2_ws/src/install/cpmr_ch12/share/cpmr_ch12/hook/ament_prefix_path.sh'
[0.487s] [34mcolcon.colcon_core.shell[0m [1;30mINFO[0m Skip shell extension 'powershell' for command environment: Not usable outside of PowerShell
[0.488s] [34mcolcon.colcon_core.shell[0m [1;30mDEBUG[0m [32mSkip shell extension 'dsv' for command environment[0m
[0.491s] [34mcolcon.colcon_ros.task.ament_python.build[0m [1;30mINFO[0m Building ROS package in '/Users/mafu/Desktop/EECS_4421_Robotics/CPMR3/ros2_ws/src/cpmr_ch2' with build type 'ament_python'
[0.492s] [34mcolcon.colcon_core.shell[0m [1;30mLevel 1[0m create_environment_hook('cpmr_ch2', 'ament_prefix_path')
[0.492s] [34mcolcon.colcon_core.shell[0m [1;30mINFO[0m Creating environment hook '/Users/mafu/Desktop/EECS_4421_Robotics/CPMR3/ros2_ws/src/install/cpmr_ch2/share/cpmr_ch2/hook/ament_prefix_path.ps1'
[0.492s] [34mcolcon.colcon_core.shell[0m [1;30mINFO[0m Creating environment descriptor '/Users/mafu/Desktop/EECS_4421_Robotics/CPMR3/ros2_ws/src/install/cpmr_ch2/share/cpmr_ch2/hook/ament_prefix_path.dsv'
[0.493s] [34mcolcon.colcon_core.shell[0m [1;30mINFO[0m Creating environment hook '/Users/mafu/Desktop/EECS_4421_Robotics/CPMR3/ros2_ws/src/install/cpmr_ch2/share/cpmr_ch2/hook/ament_prefix_path.sh'
[0.493s] [34mcolcon.colcon_core.shell[0m [1;30mINFO[0m Skip shell extension 'powershell' for command environment: Not usable outside of PowerShell
[0.493s] [34mcolcon.colcon_core.shell[0m [1;30mDEBUG[0m [32mSkip shell extension 'dsv' for command environment[0m
[0.497s] [34mcolcon.colcon_ros.task.ament_python.build[0m [1;30mINFO[0m Building ROS package in '/Users/mafu/Desktop/EECS_4421_Robotics/CPMR3/ros2_ws/src/cpmr_ch4' with build type 'ament_python'
[0.497s] [34mcolcon.colcon_core.shell[0m [1;30mLevel 1[0m create_environment_hook('cpmr_ch4', 'ament_prefix_path')
[0.498s] [34mcolcon.colcon_core.shell[0m [1;30mINFO[0m Creating environment hook '/Users/mafu/Desktop/EECS_4421_Robotics/CPMR3/ros2_ws/src/install/cpmr_ch4/share/cpmr_ch4/hook/ament_prefix_path.ps1'
[0.499s] [34mcolcon.colcon_core.shell[0m [1;30mINFO[0m Creating environment descriptor '/Users/mafu/Desktop/EECS_4421_Robotics/CPMR3/ros2_ws/src/install/cpmr_ch4/share/cpmr_ch4/hook/ament_prefix_path.dsv'
[0.499s] [34mcolcon.colcon_core.shell[0m [1;30mINFO[0m Creating environment hook '/Users/mafu/Desktop/EECS_4421_Robotics/CPMR3/ros2_ws/src/install/cpmr_ch4/share/cpmr_ch4/hook/ament_prefix_path.sh'
[0.500s] [34mcolcon.colcon_core.shell[0m [1;30mINFO[0m Skip shell extension 'powershell' for command environment: Not usable outside of PowerShell
[0.500s] [34mcolcon.colcon_core.shell[0m [1;30mDEBUG[0m [32mSkip shell extension 'dsv' for command environment[0m
[0.504s] [34mcolcon.colcon_ros.task.ament_python.build[0m [1;30mINFO[0m Building ROS package in '/Users/mafu/Desktop/EECS_4421_Robotics/CPMR3/ros2_ws/src/cpmr_ch5' with build type 'ament_python'
[0.505s] [34mcolcon.colcon_core.shell[0m [1;30mLevel 1[0m create_environment_hook('cpmr_ch5', 'ament_prefix_path')
[0.505s] [34mcolcon.colcon_core.shell[0m [1;30mINFO[0m Creating environment hook '/Users/mafu/Desktop/EECS_4421_Robotics/CPMR3/ros2_ws/src/install/cpmr_ch5/share/cpmr_ch5/hook/ament_prefix_path.ps1'
[0.506s] [34mcolcon.colcon_core.shell[0m [1;30mINFO[0m Creating environment descriptor '/Users/mafu/Desktop/EECS_4421_Robotics/CPMR3/ros2_ws/src/install/cpmr_ch5/share/cpmr_ch5/hook/ament_prefix_path.dsv'
[0.506s] [34mcolcon.colcon_core.shell[0m [1;30mINFO[0m Creating environment hook '/Users/mafu/Desktop/EECS_4421_Robotics/CPMR3/ros2_ws/src/install/cpmr_ch5/share/cpmr_ch5/hook/ament_prefix_path.sh'
[0.506s] [34mcolcon.colcon_core.shell[0m [1;30mINFO[0m Skip shell extension 'powershell' for command environment: Not usable outside of PowerShell
[0.506s] [34mcolcon.colcon_core.shell[0m [1;30mDEBUG[0m [32mSkip shell extension 'dsv' for command environment[0m
[0.516s] [34mcolcon.colcon_core.event_handler.log_command[0m [1;30mDEBUG[0m [32mInvoking command in '/Users/mafu/Desktop/EECS_4421_Robotics/CPMR3/ros2_ws/src/build/gazebo_dev': CMAKE_PREFIX_PATH=${CMAKE_PREFIX_PATH}:/Users/mafu/Desktop/EECS_4421_Robotics/CPMR3/ros2_ws/install/cpmr_ch8:/Users/mafu/Desktop/EECS_4421_Robotics/CPMR3/ros2_ws/install/cpmr_ch7:/Users/mafu/Desktop/EECS_4421_Robotics/CPMR3/ros2_ws/install/cpmr_ch6:/Users/mafu/Desktop/EECS_4421_Robotics/CPMR3/ros2_ws/install/cpmr_ch5:/Users/mafu/Desktop/EECS_4421_Robotics/CPMR3/ros2_ws/install/cpmr_ch4:/Users/mafu/Desktop/EECS_4421_Robotics/CPMR3/ros2_ws/install/cpmr_ch2:/Users/mafu/Desktop/EECS_4421_Robotics/CPMR3/ros2_ws/install/cpmr_ch12:/Users/mafu/Desktop/EECS_4421_Robotics/CPMR3/ros2_ws/install/cpmr_ch11:/Users/mafu/Desktop/EECS_4421_Robotics/CPMR3/ros2_ws/install/cpmr_apb CONDA_PROMPT_MODIFIER=(ros2) SHLVL=2 _=/Users/mafu/miniconda3/envs/ros2/bin/env __CF_USER_TEXT_ENCODING=0x1F5:0x0:0x52 /Users/mafu/miniconda3/envs/ros2/bin/cmake /Users/mafu/Desktop/EECS_4421_Robotics/CPMR3/ros2_ws/src/gazebo_ros_pkgs/gazebo_dev -DAMENT_CMAKE_SYMLINK_INSTALL=1 -DCMAKE_INSTALL_PREFIX=/Users/mafu/Desktop/EECS_4421_Robotics/CPMR3/ros2_ws/src/install/gazebo_dev[0m
[0.520s] [34mcolcon.colcon_core.event_handler.log_command[0m [1;30mDEBUG[0m [32mInvoking command in '/Users/mafu/Desktop/EECS_4421_Robotics/CPMR3/ros2_ws/src/build/gazebo_msgs': CMAKE_PREFIX_PATH=${CMAKE_PREFIX_PATH}:/Users/mafu/Desktop/EECS_4421_Robotics/CPMR3/ros2_ws/install/cpmr_ch8:/Users/mafu/Desktop/EECS_4421_Robotics/CPMR3/ros2_ws/install/cpmr_ch7:/Users/mafu/Desktop/EECS_4421_Robotics/CPMR3/ros2_ws/install/cpmr_ch6:/Users/mafu/Desktop/EECS_4421_Robotics/CPMR3/ros2_ws/install/cpmr_ch5:/Users/mafu/Desktop/EECS_4421_Robotics/CPMR3/ros2_ws/install/cpmr_ch4:/Users/mafu/Desktop/EECS_4421_Robotics/CPMR3/ros2_ws/install/cpmr_ch2:/Users/mafu/Desktop/EECS_4421_Robotics/CPMR3/ros2_ws/install/cpmr_ch12:/Users/mafu/Desktop/EECS_4421_Robotics/CPMR3/ros2_ws/install/cpmr_ch11:/Users/mafu/Desktop/EECS_4421_Robotics/CPMR3/ros2_ws/install/cpmr_apb CONDA_PROMPT_MODIFIER=(ros2) SHLVL=2 _=/Users/mafu/miniconda3/envs/ros2/bin/env __CF_USER_TEXT_ENCODING=0x1F5:0x0:0x52 /Users/mafu/miniconda3/envs/ros2/bin/cmake /Users/mafu/Desktop/EECS_4421_Robotics/CPMR3/ros2_ws/src/gazebo_ros_pkgs/gazebo_msgs -DAMENT_CMAKE_SYMLINK_INSTALL=1 -DCMAKE_INSTALL_PREFIX=/Users/mafu/Desktop/EECS_4421_Robotics/CPMR3/ros2_ws/src/install/gazebo_msgs[0m
[0.974s] [34mcolcon.colcon_core.task.python.build[0m [1;30mINFO[0m Building Python package in '/Users/mafu/Desktop/EECS_4421_Robotics/CPMR3/ros2_ws/src/cpmr_apb'
[0.974s] [34mcolcon.colcon_core.shell[0m [1;30mINFO[0m Skip shell extension 'powershell' for command environment: Not usable outside of PowerShell
[0.974s] [34mcolcon.colcon_core.shell[0m [1;30mDEBUG[0m [32mSkip shell extension 'dsv' for command environment[0m
[1.440s] [34mcolcon.colcon_core.task.python.build[0m [1;30mINFO[0m Building Python package in '/Users/mafu/Desktop/EECS_4421_Robotics/CPMR3/ros2_ws/src/cpmr_ch11'
[1.440s] [34mcolcon.colcon_core.shell[0m [1;30mINFO[0m Skip shell extension 'powershell' for command environment: Not usable outside of PowerShell
[1.440s] [34mcolcon.colcon_core.shell[0m [1;30mDEBUG[0m [32mSkip shell extension 'dsv' for command environment[0m
[1.888s] [34mcolcon.colcon_core.task.python.build[0m [1;30mINFO[0m Building Python package in '/Users/mafu/Desktop/EECS_4421_Robotics/CPMR3/ros2_ws/src/cpmr_ch12'
[1.888s] [34mcolcon.colcon_core.shell[0m [1;30mINFO[0m Skip shell extension 'powershell' for command environment: Not usable outside of PowerShell
[1.888s] [34mcolcon.colcon_core.shell[0m [1;30mDEBUG[0m [32mSkip shell extension 'dsv' for command environment[0m
[2.335s] [34mcolcon.colcon_core.task.python.build[0m [1;30mINFO[0m Building Python package in '/Users/mafu/Desktop/EECS_4421_Robotics/CPMR3/ros2_ws/src/cpmr_ch2'
[2.336s] [34mcolcon.colcon_core.shell[0m [1;30mINFO[0m Skip shell extension 'powershell' for command environment: Not usable outside of PowerShell
[2.336s] [34mcolcon.colcon_core.shell[0m [1;30mDEBUG[0m [32mSkip shell extension 'dsv' for command environment[0m
[2.778s] [34mcolcon.colcon_core.task.python.build[0m [1;30mINFO[0m Building Python package in '/Users/mafu/Desktop/EECS_4421_Robotics/CPMR3/ros2_ws/src/cpmr_ch4'
[2.778s] [34mcolcon.colcon_core.shell[0m [1;30mINFO[0m Skip shell extension 'powershell' for command environment: Not usable outside of PowerShell
[2.778s] [34mcolcon.colcon_core.shell[0m [1;30mDEBUG[0m [32mSkip shell extension 'dsv' for command environment[0m
[3.251s] [34mcolcon.colcon_core.task.python.build[0m [1;30mINFO[0m Building Python package in '/Users/mafu/Desktop/EECS_4421_Robotics/CPMR3/ros2_ws/src/cpmr_ch5'
[3.251s] [34mcolcon.colcon_core.shell[0m [1;30mINFO[0m Skip shell extension 'powershell' for command environment: Not usable outside of PowerShell
[3.251s] [34mcolcon.colcon_core.shell[0m [1;30mDEBUG[0m [32mSkip shell extension 'dsv' for command environment[0m
[3.256s] [34mcolcon.colcon_core.event_handler.log_command[0m [1;30mDEBUG[0m [32mInvoked command in '/Users/mafu/Desktop/EECS_4421_Robotics/CPMR3/ros2_ws/src/build/gazebo_dev' returned '0': CMAKE_PREFIX_PATH=${CMAKE_PREFIX_PATH}:/Users/mafu/Desktop/EECS_4421_Robotics/CPMR3/ros2_ws/install/cpmr_ch8:/Users/mafu/Desktop/EECS_4421_Robotics/CPMR3/ros2_ws/install/cpmr_ch7:/Users/mafu/Desktop/EECS_4421_Robotics/CPMR3/ros2_ws/install/cpmr_ch6:/Users/mafu/Desktop/EECS_4421_Robotics/CPMR3/ros2_ws/install/cpmr_ch5:/Users/mafu/Desktop/EECS_4421_Robotics/CPMR3/ros2_ws/install/cpmr_ch4:/Users/mafu/Desktop/EECS_4421_Robotics/CPMR3/ros2_ws/install/cpmr_ch2:/Users/mafu/Desktop/EECS_4421_Robotics/CPMR3/ros2_ws/install/cpmr_ch12:/Users/mafu/Desktop/EECS_4421_Robotics/CPMR3/ros2_ws/install/cpmr_ch11:/Users/mafu/Desktop/EECS_4421_Robotics/CPMR3/ros2_ws/install/cpmr_apb CONDA_PROMPT_MODIFIER=(ros2) SHLVL=2 _=/Users/mafu/miniconda3/envs/ros2/bin/env __CF_USER_TEXT_ENCODING=0x1F5:0x0:0x52 /Users/mafu/miniconda3/envs/ros2/bin/cmake /Users/mafu/Desktop/EECS_4421_Robotics/CPMR3/ros2_ws/src/gazebo_ros_pkgs/gazebo_dev -DAMENT_CMAKE_SYMLINK_INSTALL=1 -DCMAKE_INSTALL_PREFIX=/Users/mafu/Desktop/EECS_4421_Robotics/CPMR3/ros2_ws/src/install/gazebo_dev[0m
[3.259s] [34mcolcon.colcon_core.event_handler.log_command[0m [1;30mDEBUG[0m [32mInvoking command in '/Users/mafu/Desktop/EECS_4421_Robotics/CPMR3/ros2_ws/src/build/gazebo_dev': CMAKE_PREFIX_PATH=${CMAKE_PREFIX_PATH}:/Users/mafu/Desktop/EECS_4421_Robotics/CPMR3/ros2_ws/install/cpmr_ch8:/Users/mafu/Desktop/EECS_4421_Robotics/CPMR3/ros2_ws/install/cpmr_ch7:/Users/mafu/Desktop/EECS_4421_Robotics/CPMR3/ros2_ws/install/cpmr_ch6:/Users/mafu/Desktop/EECS_4421_Robotics/CPMR3/ros2_ws/install/cpmr_ch5:/Users/mafu/Desktop/EECS_4421_Robotics/CPMR3/ros2_ws/install/cpmr_ch4:/Users/mafu/Desktop/EECS_4421_Robotics/CPMR3/ros2_ws/install/cpmr_ch2:/Users/mafu/Desktop/EECS_4421_Robotics/CPMR3/ros2_ws/install/cpmr_ch12:/Users/mafu/Desktop/EECS_4421_Robotics/CPMR3/ros2_ws/install/cpmr_ch11:/Users/mafu/Desktop/EECS_4421_Robotics/CPMR3/ros2_ws/install/cpmr_apb CONDA_PROMPT_MODIFIER=(ros2) SHLVL=2 _=/Users/mafu/miniconda3/envs/ros2/bin/env __CF_USER_TEXT_ENCODING=0x1F5:0x0:0x52 /Users/mafu/miniconda3/envs/ros2/bin/cmake --build /Users/mafu/Desktop/EECS_4421_Robotics/CPMR3/ros2_ws/src/build/gazebo_dev -- -j8 -l8[0m
[3.335s] [34mcolcon.colcon_core.event_handler.log_command[0m [1;30mDEBUG[0m [32mInvoked command in '/Users/mafu/Desktop/EECS_4421_Robotics/CPMR3/ros2_ws/src/build/gazebo_dev' returned '0': CMAKE_PREFIX_PATH=${CMAKE_PREFIX_PATH}:/Users/mafu/Desktop/EECS_4421_Robotics/CPMR3/ros2_ws/install/cpmr_ch8:/Users/mafu/Desktop/EECS_4421_Robotics/CPMR3/ros2_ws/install/cpmr_ch7:/Users/mafu/Desktop/EECS_4421_Robotics/CPMR3/ros2_ws/install/cpmr_ch6:/Users/mafu/Desktop/EECS_4421_Robotics/CPMR3/ros2_ws/install/cpmr_ch5:/Users/mafu/Desktop/EECS_4421_Robotics/CPMR3/ros2_ws/install/cpmr_ch4:/Users/mafu/Desktop/EECS_4421_Robotics/CPMR3/ros2_ws/install/cpmr_ch2:/Users/mafu/Desktop/EECS_4421_Robotics/CPMR3/ros2_ws/install/cpmr_ch12:/Users/mafu/Desktop/EECS_4421_Robotics/CPMR3/ros2_ws/install/cpmr_ch11:/Users/mafu/Desktop/EECS_4421_Robotics/CPMR3/ros2_ws/install/cpmr_apb CONDA_PROMPT_MODIFIER=(ros2) SHLVL=2 _=/Users/mafu/miniconda3/envs/ros2/bin/env __CF_USER_TEXT_ENCODING=0x1F5:0x0:0x52 /Users/mafu/miniconda3/envs/ros2/bin/cmake --build /Users/mafu/Desktop/EECS_4421_Robotics/CPMR3/ros2_ws/src/build/gazebo_dev -- -j8 -l8[0m
[3.504s] [34mcolcon.colcon_core.event_handler.log_command[0m [1;30mDEBUG[0m [32mInvoking command in '/Users/mafu/Desktop/EECS_4421_Robotics/CPMR3/ros2_ws/src/build/gazebo_dev': CMAKE_PREFIX_PATH=${CMAKE_PREFIX_PATH}:/Users/mafu/Desktop/EECS_4421_Robotics/CPMR3/ros2_ws/install/cpmr_ch8:/Users/mafu/Desktop/EECS_4421_Robotics/CPMR3/ros2_ws/install/cpmr_ch7:/Users/mafu/Desktop/EECS_4421_Robotics/CPMR3/ros2_ws/install/cpmr_ch6:/Users/mafu/Desktop/EECS_4421_Robotics/CPMR3/ros2_ws/install/cpmr_ch5:/Users/mafu/Desktop/EECS_4421_Robotics/CPMR3/ros2_ws/install/cpmr_ch4:/Users/mafu/Desktop/EECS_4421_Robotics/CPMR3/ros2_ws/install/cpmr_ch2:/Users/mafu/Desktop/EECS_4421_Robotics/CPMR3/ros2_ws/install/cpmr_ch12:/Users/mafu/Desktop/EECS_4421_Robotics/CPMR3/ros2_ws/install/cpmr_ch11:/Users/mafu/Desktop/EECS_4421_Robotics/CPMR3/ros2_ws/install/cpmr_apb CONDA_PROMPT_MODIFIER=(ros2) SHLVL=2 _=/Users/mafu/miniconda3/envs/ros2/bin/env __CF_USER_TEXT_ENCODING=0x1F5:0x0:0x52 /Users/mafu/miniconda3/envs/ros2/bin/cmake --install /Users/mafu/Desktop/EECS_4421_Robotics/CPMR3/ros2_ws/src/build/gazebo_dev[0m
[3.903s] [34mcolcon.colcon_core.environment[0m [1;30mLevel 1[0m create_environment_scripts_only(gazebo_dev)
[3.904s] [34mcolcon.colcon_core.event_handler.log_command[0m [1;30mDEBUG[0m [32mInvoked command in '/Users/mafu/Desktop/EECS_4421_Robotics/CPMR3/ros2_ws/src/build/gazebo_dev' returned '0': CMAKE_PREFIX_PATH=${CMAKE_PREFIX_PATH}:/Users/mafu/Desktop/EECS_4421_Robotics/CPMR3/ros2_ws/install/cpmr_ch8:/Users/mafu/Desktop/EECS_4421_Robotics/CPMR3/ros2_ws/install/cpmr_ch7:/Users/mafu/Desktop/EECS_4421_Robotics/CPMR3/ros2_ws/install/cpmr_ch6:/Users/mafu/Desktop/EECS_4421_Robotics/CPMR3/ros2_ws/install/cpmr_ch5:/Users/mafu/Desktop/EECS_4421_Robotics/CPMR3/ros2_ws/install/cpmr_ch4:/Users/mafu/Desktop/EECS_4421_Robotics/CPMR3/ros2_ws/install/cpmr_ch2:/Users/mafu/Desktop/EECS_4421_Robotics/CPMR3/ros2_ws/install/cpmr_ch12:/Users/mafu/Desktop/EECS_4421_Robotics/CPMR3/ros2_ws/install/cpmr_ch11:/Users/mafu/Desktop/EECS_4421_Robotics/CPMR3/ros2_ws/install/cpmr_apb CONDA_PROMPT_MODIFIER=(ros2) SHLVL=2 _=/Users/mafu/miniconda3/envs/ros2/bin/env __CF_USER_TEXT_ENCODING=0x1F5:0x0:0x52 /Users/mafu/miniconda3/envs/ros2/bin/cmake --install /Users/mafu/Desktop/EECS_4421_Robotics/CPMR3/ros2_ws/src/build/gazebo_dev[0m
[3.909s] [34mcolcon.colcon_core.environment[0m [1;30mLevel 1[0m checking '/Users/mafu/Desktop/EECS_4421_Robotics/CPMR3/ros2_ws/src/install/gazebo_dev' for CMake module files
[3.909s] [34mcolcon.colcon_core.environment[0m [1;30mLevel 1[0m checking '/Users/mafu/Desktop/EECS_4421_Robotics/CPMR3/ros2_ws/src/install/gazebo_dev' for CMake config files
[3.910s] [34mcolcon.colcon_core.shell[0m [1;30mLevel 1[0m create_environment_hook('gazebo_dev', 'cmake_prefix_path')
[3.910s] [34mcolcon.colcon_core.shell[0m [1;30mINFO[0m Creating environment hook '/Users/mafu/Desktop/EECS_4421_Robotics/CPMR3/ros2_ws/src/install/gazebo_dev/share/gazebo_dev/hook/cmake_prefix_path.ps1'
[3.910s] [34mcolcon.colcon_core.shell[0m [1;30mINFO[0m Creating environment descriptor '/Users/mafu/Desktop/EECS_4421_Robotics/CPMR3/ros2_ws/src/install/gazebo_dev/share/gazebo_dev/hook/cmake_prefix_path.dsv'
[3.910s] [34mcolcon.colcon_core.shell[0m [1;30mINFO[0m Creating environment hook '/Users/mafu/Desktop/EECS_4421_Robotics/CPMR3/ros2_ws/src/install/gazebo_dev/share/gazebo_dev/hook/cmake_prefix_path.sh'
[3.911s] [34mcolcon.colcon_core.environment[0m [1;30mLevel 1[0m checking '/Users/mafu/Desktop/EECS_4421_Robotics/CPMR3/ros2_ws/src/install/gazebo_dev/lib'
[3.911s] [34mcolcon.colcon_core.environment[0m [1;30mLevel 1[0m checking '/Users/mafu/Desktop/EECS_4421_Robotics/CPMR3/ros2_ws/src/install/gazebo_dev/bin'
[3.911s] [34mcolcon.colcon_core.environment[0m [1;30mLevel 1[0m checking '/Users/mafu/Desktop/EECS_4421_Robotics/CPMR3/ros2_ws/src/install/gazebo_dev/lib/pkgconfig/gazebo_dev.pc'
[3.911s] [34mcolcon.colcon_core.environment[0m [1;30mLevel 1[0m checking '/Users/mafu/Desktop/EECS_4421_Robotics/CPMR3/ros2_ws/src/install/gazebo_dev/lib/python3.10/site-packages'
[3.911s] [34mcolcon.colcon_core.environment[0m [1;30mLevel 1[0m checking '/Users/mafu/Desktop/EECS_4421_Robotics/CPMR3/ros2_ws/src/install/gazebo_dev/bin'
[3.911s] [34mcolcon.colcon_core.shell[0m [1;30mINFO[0m Creating package script '/Users/mafu/Desktop/EECS_4421_Robotics/CPMR3/ros2_ws/src/install/gazebo_dev/share/gazebo_dev/package.ps1'
[3.912s] [34mcolcon.colcon_core.shell[0m [1;30mINFO[0m Creating package descriptor '/Users/mafu/Desktop/EECS_4421_Robotics/CPMR3/ros2_ws/src/install/gazebo_dev/share/gazebo_dev/package.dsv'
[3.913s] [34mcolcon.colcon_core.shell[0m [1;30mINFO[0m Creating package script '/Users/mafu/Desktop/EECS_4421_Robotics/CPMR3/ros2_ws/src/install/gazebo_dev/share/gazebo_dev/package.sh'
[3.914s] [34mcolcon.colcon_core.shell[0m [1;30mINFO[0m Creating package script '/Users/mafu/Desktop/EECS_4421_Robotics/CPMR3/ros2_ws/src/install/gazebo_dev/share/gazebo_dev/package.bash'
[3.915s] [34mcolcon.colcon_core.shell[0m [1;30mINFO[0m Creating package script '/Users/mafu/Desktop/EECS_4421_Robotics/CPMR3/ros2_ws/src/install/gazebo_dev/share/gazebo_dev/package.zsh'
[3.915s] [34mcolcon.colcon_core.environment[0m [1;30mLevel 1[0m create_file_with_runtime_dependencies(/Users/mafu/Desktop/EECS_4421_Robotics/CPMR3/ros2_ws/src/install/gazebo_dev/share/colcon-core/packages/gazebo_dev)
[4.042s] [34mcolcon.colcon_core.environment[0m [1;30mLevel 1[0m create_environment_scripts_only(gazebo_dev)
[4.043s] [34mcolcon.colcon_core.environment[0m [1;30mLevel 1[0m checking '/Users/mafu/Desktop/EECS_4421_Robotics/CPMR3/ros2_ws/src/install/gazebo_dev' for CMake module files
[4.045s] [34mcolcon.colcon_core.environment[0m [1;30mLevel 1[0m checking '/Users/mafu/Desktop/EECS_4421_Robotics/CPMR3/ros2_ws/src/install/gazebo_dev' for CMake config files
[4.046s] [34mcolcon.colcon_core.shell[0m [1;30mLevel 1[0m create_environment_hook('gazebo_dev', 'cmake_prefix_path')
[4.046s] [34mcolcon.colcon_core.shell[0m [1;30mINFO[0m Creating environment hook '/Users/mafu/Desktop/EECS_4421_Robotics/CPMR3/ros2_ws/src/install/gazebo_dev/share/gazebo_dev/hook/cmake_prefix_path.ps1'
[4.046s] [34mcolcon.colcon_core.shell[0m [1;30mINFO[0m Creating environment descriptor '/Users/mafu/Desktop/EECS_4421_Robotics/CPMR3/ros2_ws/src/install/gazebo_dev/share/gazebo_dev/hook/cmake_prefix_path.dsv'
[4.047s] [34mcolcon.colcon_core.shell[0m [1;30mINFO[0m Creating environment hook '/Users/mafu/Desktop/EECS_4421_Robotics/CPMR3/ros2_ws/src/install/gazebo_dev/share/gazebo_dev/hook/cmake_prefix_path.sh'
[4.047s] [34mcolcon.colcon_core.environment[0m [1;30mLevel 1[0m checking '/Users/mafu/Desktop/EECS_4421_Robotics/CPMR3/ros2_ws/src/install/gazebo_dev/lib'
[4.047s] [34mcolcon.colcon_core.environment[0m [1;30mLevel 1[0m checking '/Users/mafu/Desktop/EECS_4421_Robotics/CPMR3/ros2_ws/src/install/gazebo_dev/bin'
[4.047s] [34mcolcon.colcon_core.environment[0m [1;30mLevel 1[0m checking '/Users/mafu/Desktop/EECS_4421_Robotics/CPMR3/ros2_ws/src/install/gazebo_dev/lib/pkgconfig/gazebo_dev.pc'
[4.047s] [34mcolcon.colcon_core.environment[0m [1;30mLevel 1[0m checking '/Users/mafu/Desktop/EECS_4421_Robotics/CPMR3/ros2_ws/src/install/gazebo_dev/lib/python3.10/site-packages'
[4.047s] [34mcolcon.colcon_core.environment[0m [1;30mLevel 1[0m checking '/Users/mafu/Desktop/EECS_4421_Robotics/CPMR3/ros2_ws/src/install/gazebo_dev/bin'
[4.048s] [34mcolcon.colcon_core.shell[0m [1;30mINFO[0m Creating package script '/Users/mafu/Desktop/EECS_4421_Robotics/CPMR3/ros2_ws/src/install/gazebo_dev/share/gazebo_dev/package.ps1'
[4.048s] [34mcolcon.colcon_core.shell[0m [1;30mINFO[0m Creating package descriptor '/Users/mafu/Desktop/EECS_4421_Robotics/CPMR3/ros2_ws/src/install/gazebo_dev/share/gazebo_dev/package.dsv'
[4.048s] [34mcolcon.colcon_core.shell[0m [1;30mINFO[0m Creating package script '/Users/mafu/Desktop/EECS_4421_Robotics/CPMR3/ros2_ws/src/install/gazebo_dev/share/gazebo_dev/package.sh'
[4.048s] [34mcolcon.colcon_core.shell[0m [1;30mINFO[0m Creating package script '/Users/mafu/Desktop/EECS_4421_Robotics/CPMR3/ros2_ws/src/install/gazebo_dev/share/gazebo_dev/package.bash'
[4.049s] [34mcolcon.colcon_core.shell[0m [1;30mINFO[0m Creating package script '/Users/mafu/Desktop/EECS_4421_Robotics/CPMR3/ros2_ws/src/install/gazebo_dev/share/gazebo_dev/package.zsh'
[4.051s] [34mcolcon.colcon_core.environment[0m [1;30mLevel 1[0m create_file_with_runtime_dependencies(/Users/mafu/Desktop/EECS_4421_Robotics/CPMR3/ros2_ws/src/install/gazebo_dev/share/colcon-core/packages/gazebo_dev)
[4.053s] [34mcolcon.colcon_ros.task.ament_python.build[0m [1;30mINFO[0m Building ROS package in '/Users/mafu/Desktop/EECS_4421_Robotics/CPMR3/ros2_ws/src/cpmr_ch6' with build type 'ament_python'
[4.053s] [34mcolcon.colcon_core.shell[0m [1;30mLevel 1[0m create_environment_hook('cpmr_ch6', 'ament_prefix_path')
[4.053s] [34mcolcon.colcon_core.shell[0m [1;30mINFO[0m Creating environment hook '/Users/mafu/Desktop/EECS_4421_Robotics/CPMR3/ros2_ws/src/install/cpmr_ch6/share/cpmr_ch6/hook/ament_prefix_path.ps1'
[4.055s] [34mcolcon.colcon_core.shell[0m [1;30mINFO[0m Creating environment descriptor '/Users/mafu/Desktop/EECS_4421_Robotics/CPMR3/ros2_ws/src/install/cpmr_ch6/share/cpmr_ch6/hook/ament_prefix_path.dsv'
[4.055s] [34mcolcon.colcon_core.shell[0m [1;30mINFO[0m Creating environment hook '/Users/mafu/Desktop/EECS_4421_Robotics/CPMR3/ros2_ws/src/install/cpmr_ch6/share/cpmr_ch6/hook/ament_prefix_path.sh'
[4.060s] [34mcolcon.colcon_core.shell[0m [1;30mINFO[0m Skip shell extension 'powershell' for command environment: Not usable outside of PowerShell
[4.060s] [34mcolcon.colcon_core.shell[0m [1;30mDEBUG[0m [32mSkip shell extension 'dsv' for command environment[0m
[4.754s] [34mcolcon.colcon_core.task.python.build[0m [1;30mINFO[0m Building Python package in '/Users/mafu/Desktop/EECS_4421_Robotics/CPMR3/ros2_ws/src/cpmr_ch6'
[4.755s] [34mcolcon.colcon_core.shell[0m [1;30mINFO[0m Skip shell extension 'powershell' for command environment: Not usable outside of PowerShell
[4.755s] [34mcolcon.colcon_core.shell[0m [1;30mDEBUG[0m [32mSkip shell extension 'dsv' for command environment[0m
[4.763s] [34mcolcon.colcon_core.event_handler.log_command[0m [1;30mDEBUG[0m [32mInvoked command in '/Users/mafu/Desktop/EECS_4421_Robotics/CPMR3/ros2_ws/src/build/gazebo_msgs' returned '1': CMAKE_PREFIX_PATH=${CMAKE_PREFIX_PATH}:/Users/mafu/Desktop/EECS_4421_Robotics/CPMR3/ros2_ws/install/cpmr_ch8:/Users/mafu/Desktop/EECS_4421_Robotics/CPMR3/ros2_ws/install/cpmr_ch7:/Users/mafu/Desktop/EECS_4421_Robotics/CPMR3/ros2_ws/install/cpmr_ch6:/Users/mafu/Desktop/EECS_4421_Robotics/CPMR3/ros2_ws/install/cpmr_ch5:/Users/mafu/Desktop/EECS_4421_Robotics/CPMR3/ros2_ws/install/cpmr_ch4:/Users/mafu/Desktop/EECS_4421_Robotics/CPMR3/ros2_ws/install/cpmr_ch2:/Users/mafu/Desktop/EECS_4421_Robotics/CPMR3/ros2_ws/install/cpmr_ch12:/Users/mafu/Desktop/EECS_4421_Robotics/CPMR3/ros2_ws/install/cpmr_ch11:/Users/mafu/Desktop/EECS_4421_Robotics/CPMR3/ros2_ws/install/cpmr_apb CONDA_PROMPT_MODIFIER=(ros2) SHLVL=2 _=/Users/mafu/miniconda3/envs/ros2/bin/env __CF_USER_TEXT_ENCODING=0x1F5:0x0:0x52 /Users/mafu/miniconda3/envs/ros2/bin/cmake /Users/mafu/Desktop/EECS_4421_Robotics/CPMR3/ros2_ws/src/gazebo_ros_pkgs/gazebo_msgs -DAMENT_CMAKE_SYMLINK_INSTALL=1 -DCMAKE_INSTALL_PREFIX=/Users/mafu/Desktop/EECS_4421_Robotics/CPMR3/ros2_ws/src/install/gazebo_msgs[0m
[4.767s] [34mcolcon.colcon_core.event_handler.log_command[0m [1;30mDEBUG[0m [32mInvoking command in '/Users/mafu/Desktop/EECS_4421_Robotics/CPMR3/ros2_ws/src/build/cpmr_ch11': CONDA_PROMPT_MODIFIER=(ros2) PYTHONPATH=/Users/mafu/Desktop/EECS_4421_Robotics/CPMR3/ros2_ws/src/build/cpmr_ch11/prefix_override:/Users/mafu/miniconda3/envs/ros2/lib/python3.10/site-packages/colcon_core/task/python/colcon_distutils_commands:/Users/mafu/Desktop/EECS_4421_Robotics/CPMR3/ros2_ws/src/install/cpmr_ch11/lib/python3.10/site-packages:${PYTHONPATH} SHLVL=2 _=/Users/mafu/miniconda3/envs/ros2/bin/env __CF_USER_TEXT_ENCODING=0x1F5:0x0:0x52 /Users/mafu/miniconda3/envs/ros2/bin/python3.10 -W ignore:setup.py install is deprecated setup.py develop --editable --build-directory /Users/mafu/Desktop/EECS_4421_Robotics/CPMR3/ros2_ws/src/build/cpmr_ch11/build --no-deps symlink_data[0m
[4.771s] [34mcolcon.colcon_core.event_handler.log_command[0m [1;30mDEBUG[0m [32mInvoking command in '/Users/mafu/Desktop/EECS_4421_Robotics/CPMR3/ros2_ws/src/build/cpmr_apb': CONDA_PROMPT_MODIFIER=(ros2) PYTHONPATH=/Users/mafu/Desktop/EECS_4421_Robotics/CPMR3/ros2_ws/src/build/cpmr_apb/prefix_override:/Users/mafu/miniconda3/envs/ros2/lib/python3.10/site-packages/colcon_core/task/python/colcon_distutils_commands:/Users/mafu/Desktop/EECS_4421_Robotics/CPMR3/ros2_ws/src/install/cpmr_apb/lib/python3.10/site-packages:${PYTHONPATH} SHLVL=2 _=/Users/mafu/miniconda3/envs/ros2/bin/env __CF_USER_TEXT_ENCODING=0x1F5:0x0:0x52 /Users/mafu/miniconda3/envs/ros2/bin/python3.10 -W ignore:setup.py install is deprecated setup.py develop --editable --build-directory /Users/mafu/Desktop/EECS_4421_Robotics/CPMR3/ros2_ws/src/build/cpmr_apb/build --no-deps symlink_data[0m
[4.777s] [34mcolcon.colcon_core.event_handler.log_command[0m [1;30mDEBUG[0m [32mInvoking command in '/Users/mafu/Desktop/EECS_4421_Robotics/CPMR3/ros2_ws/src/build/cpmr_ch4': CONDA_PROMPT_MODIFIER=(ros2) PYTHONPATH=/Users/mafu/Desktop/EECS_4421_Robotics/CPMR3/ros2_ws/src/build/cpmr_ch4/prefix_override:/Users/mafu/miniconda3/envs/ros2/lib/python3.10/site-packages/colcon_core/task/python/colcon_distutils_commands:/Users/mafu/Desktop/EECS_4421_Robotics/CPMR3/ros2_ws/src/install/cpmr_ch4/lib/python3.10/site-packages:${PYTHONPATH} SHLVL=2 _=/Users/mafu/miniconda3/envs/ros2/bin/env __CF_USER_TEXT_ENCODING=0x1F5:0x0:0x52 /Users/mafu/miniconda3/envs/ros2/bin/python3.10 -W ignore:setup.py install is deprecated setup.py develop --editable --build-directory /Users/mafu/Desktop/EECS_4421_Robotics/CPMR3/ros2_ws/src/build/cpmr_ch4/build --no-deps symlink_data[0m
[4.786s] [34mcolcon.colcon_core.event_handler.log_command[0m [1;30mDEBUG[0m [32mInvoking command in '/Users/mafu/Desktop/EECS_4421_Robotics/CPMR3/ros2_ws/src/build/cpmr_ch12': CONDA_PROMPT_MODIFIER=(ros2) PYTHONPATH=/Users/mafu/Desktop/EECS_4421_Robotics/CPMR3/ros2_ws/src/build/cpmr_ch12/prefix_override:/Users/mafu/miniconda3/envs/ros2/lib/python3.10/site-packages/colcon_core/task/python/colcon_distutils_commands:/Users/mafu/Desktop/EECS_4421_Robotics/CPMR3/ros2_ws/src/install/cpmr_ch12/lib/python3.10/site-packages:${PYTHONPATH} SHLVL=2 _=/Users/mafu/miniconda3/envs/ros2/bin/env __CF_USER_TEXT_ENCODING=0x1F5:0x0:0x52 /Users/mafu/miniconda3/envs/ros2/bin/python3.10 -W ignore:setup.py install is deprecated setup.py develop --editable --build-directory /Users/mafu/Desktop/EECS_4421_Robotics/CPMR3/ros2_ws/src/build/cpmr_ch12/build --no-deps symlink_data[0m
[4.792s] [34mcolcon.colcon_core.event_handler.log_command[0m [1;30mDEBUG[0m [32mInvoking command in '/Users/mafu/Desktop/EECS_4421_Robotics/CPMR3/ros2_ws/src/build/cpmr_ch5': CONDA_PROMPT_MODIFIER=(ros2) PYTHONPATH=/Users/mafu/Desktop/EECS_4421_Robotics/CPMR3/ros2_ws/src/build/cpmr_ch5/prefix_override:/Users/mafu/miniconda3/envs/ros2/lib/python3.10/site-packages/colcon_core/task/python/colcon_distutils_commands:/Users/mafu/Desktop/EECS_4421_Robotics/CPMR3/ros2_ws/src/install/cpmr_ch5/lib/python3.10/site-packages:${PYTHONPATH} SHLVL=2 _=/Users/mafu/miniconda3/envs/ros2/bin/env __CF_USER_TEXT_ENCODING=0x1F5:0x0:0x52 /Users/mafu/miniconda3/envs/ros2/bin/python3.10 -W ignore:setup.py install is deprecated setup.py develop --editable --build-directory /Users/mafu/Desktop/EECS_4421_Robotics/CPMR3/ros2_ws/src/build/cpmr_ch5/build --no-deps symlink_data[0m
[4.797s] [34mcolcon.colcon_core.event_handler.log_command[0m [1;30mDEBUG[0m [32mInvoking command in '/Users/mafu/Desktop/EECS_4421_Robotics/CPMR3/ros2_ws/src/build/cpmr_ch2': CONDA_PROMPT_MODIFIER=(ros2) PYTHONPATH=/Users/mafu/Desktop/EECS_4421_Robotics/CPMR3/ros2_ws/src/build/cpmr_ch2/prefix_override:/Users/mafu/miniconda3/envs/ros2/lib/python3.10/site-packages/colcon_core/task/python/colcon_distutils_commands:/Users/mafu/Desktop/EECS_4421_Robotics/CPMR3/ros2_ws/src/install/cpmr_ch2/lib/python3.10/site-packages:${PYTHONPATH} SHLVL=2 _=/Users/mafu/miniconda3/envs/ros2/bin/env __CF_USER_TEXT_ENCODING=0x1F5:0x0:0x52 /Users/mafu/miniconda3/envs/ros2/bin/python3.10 -W ignore:setup.py install is deprecated setup.py develop --editable --build-directory /Users/mafu/Desktop/EECS_4421_Robotics/CPMR3/ros2_ws/src/build/cpmr_ch2/build --no-deps symlink_data[0m
[4.818s] [34mcolcon.colcon_core.environment[0m [1;30mLevel 1[0m create_environment_scripts_only(gazebo_msgs)
[4.819s] [34mcolcon.colcon_core.environment[0m [1;30mLevel 1[0m checking '/Users/mafu/Desktop/EECS_4421_Robotics/CPMR3/ros2_ws/src/install/gazebo_msgs' for CMake module files
[4.819s] [34mcolcon.colcon_core.environment[0m [1;30mLevel 1[0m checking '/Users/mafu/Desktop/EECS_4421_Robotics/CPMR3/ros2_ws/src/install/gazebo_msgs' for CMake config files
[4.819s] [34mcolcon.colcon_core.environment[0m [1;30mLevel 1[0m checking '/Users/mafu/Desktop/EECS_4421_Robotics/CPMR3/ros2_ws/src/install/gazebo_msgs/lib'
[4.819s] [34mcolcon.colcon_core.environment[0m [1;30mLevel 1[0m checking '/Users/mafu/Desktop/EECS_4421_Robotics/CPMR3/ros2_ws/src/install/gazebo_msgs/bin'
[4.819s] [34mcolcon.colcon_core.environment[0m [1;30mLevel 1[0m checking '/Users/mafu/Desktop/EECS_4421_Robotics/CPMR3/ros2_ws/src/install/gazebo_msgs/lib/pkgconfig/gazebo_msgs.pc'
[4.820s] [34mcolcon.colcon_core.environment[0m [1;30mLevel 1[0m checking '/Users/mafu/Desktop/EECS_4421_Robotics/CPMR3/ros2_ws/src/install/gazebo_msgs/lib/python3.10/site-packages'
[4.820s] [34mcolcon.colcon_core.environment[0m [1;30mLevel 1[0m checking '/Users/mafu/Desktop/EECS_4421_Robotics/CPMR3/ros2_ws/src/install/gazebo_msgs/bin'
[4.820s] [34mcolcon.colcon_core.shell[0m [1;30mINFO[0m Creating package script '/Users/mafu/Desktop/EECS_4421_Robotics/CPMR3/ros2_ws/src/install/gazebo_msgs/share/gazebo_msgs/package.ps1'
[4.821s] [34mcolcon.colcon_core.shell[0m [1;30mINFO[0m Creating package descriptor '/Users/mafu/Desktop/EECS_4421_Robotics/CPMR3/ros2_ws/src/install/gazebo_msgs/share/gazebo_msgs/package.dsv'
[4.822s] [34mcolcon.colcon_core.shell[0m [1;30mINFO[0m Creating package script '/Users/mafu/Desktop/EECS_4421_Robotics/CPMR3/ros2_ws/src/install/gazebo_msgs/share/gazebo_msgs/package.sh'
[4.824s] [34mcolcon.colcon_core.shell[0m [1;30mINFO[0m Creating package script '/Users/mafu/Desktop/EECS_4421_Robotics/CPMR3/ros2_ws/src/install/gazebo_msgs/share/gazebo_msgs/package.bash'
[4.824s] [34mcolcon.colcon_core.shell[0m [1;30mINFO[0m Creating package script '/Users/mafu/Desktop/EECS_4421_Robotics/CPMR3/ros2_ws/src/install/gazebo_msgs/share/gazebo_msgs/package.zsh'
[4.825s] [34mcolcon.colcon_core.environment[0m [1;30mLevel 1[0m create_file_with_runtime_dependencies(/Users/mafu/Desktop/EECS_4421_Robotics/CPMR3/ros2_ws/src/install/gazebo_msgs/share/colcon-core/packages/gazebo_msgs)
[6.536s] [34mcolcon.colcon_parallel_executor.executor.parallel[0m [1;30mDEBUG[0m [32mclosing loop[0m
[6.536s] [34mcolcon.colcon_parallel_executor.executor.parallel[0m [1;30mDEBUG[0m [32mloop closed[0m
[6.536s] [34mcolcon.colcon_parallel_executor.executor.parallel[0m [1;30mDEBUG[0m [32mrun_until_complete finished with '1'[0m
[6.536s] [34mcolcon.colcon_core.event_reactor[0m [1;30mDEBUG[0m [32mjoining thread[0m
[6.541s] [34mcolcon.colcon_core.plugin_system[0m [1;30mINFO[0m Skipping extension 'colcon_notification.desktop_notification.notify2': 'notify2' not found
[6.541s] [34mcolcon.colcon_core.plugin_system[0m [1;30mINFO[0m Skipping extension 'colcon_notification.desktop_notification.notify_send': Not used on non-Linux systems
[6.541s] [34mcolcon.colcon_core.plugin_system[0m [1;30mINFO[0m Skipping extension 'colcon_notification.desktop_notification.win32': Not used on non-Windows systems
[6.541s] [34mcolcon.colcon_notification.desktop_notification[0m [1;30mINFO[0m Sending desktop notification using 'terminal_notifier'
[6.593s] [34mcolcon.colcon_core.event_reactor[0m [1;30mDEBUG[0m [32mjoined thread[0m
[6.593s] [34mcolcon.colcon_core.shell[0m [1;30mINFO[0m Creating prefix script '/Users/mafu/Desktop/EECS_4421_Robotics/CPMR3/ros2_ws/src/install/local_setup.ps1'
[6.595s] [34mcolcon.colcon_core.shell[0m [1;30mINFO[0m Creating prefix util module '/Users/mafu/Desktop/EECS_4421_Robotics/CPMR3/ros2_ws/src/install/_local_setup_util_ps1.py'
[6.596s] [34mcolcon.colcon_core.shell[0m [1;30mINFO[0m Creating prefix chain script '/Users/mafu/Desktop/EECS_4421_Robotics/CPMR3/ros2_ws/src/install/setup.ps1'
[6.598s] [34mcolcon.colcon_core.shell[0m [1;30mINFO[0m Creating prefix script '/Users/mafu/Desktop/EECS_4421_Robotics/CPMR3/ros2_ws/src/install/local_setup.sh'
[6.598s] [34mcolcon.colcon_core.shell[0m [1;30mINFO[0m Creating prefix util module '/Users/mafu/Desktop/EECS_4421_Robotics/CPMR3/ros2_ws/src/install/_local_setup_util_sh.py'
[6.599s] [34mcolcon.colcon_core.shell[0m [1;30mINFO[0m Creating prefix chain script '/Users/mafu/Desktop/EECS_4421_Robotics/CPMR3/ros2_ws/src/install/setup.sh'
[6.600s] [34mcolcon.colcon_core.shell[0m [1;30mINFO[0m Creating prefix script '/Users/mafu/Desktop/EECS_4421_Robotics/CPMR3/ros2_ws/src/install/local_setup.bash'
[6.601s] [34mcolcon.colcon_core.shell[0m [1;30mINFO[0m Creating prefix chain script '/Users/mafu/Desktop/EECS_4421_Robotics/CPMR3/ros2_ws/src/install/setup.bash'
[6.602s] [34mcolcon.colcon_core.shell[0m [1;30mINFO[0m Creating prefix script '/Users/mafu/Desktop/EECS_4421_Robotics/CPMR3/ros2_ws/src/install/local_setup.zsh'
[6.603s] [34mcolcon.colcon_core.shell[0m [1;30mINFO[0m Creating prefix chain script '/Users/mafu/Desktop/EECS_4421_Robotics/CPMR3/ros2_ws/src/install/setup.zsh'
