[1.544s] Invoking command in '/Users/mafu/Desktop/robotics/Assignment4/CPMR3/ros2_ws/src/cpmr_ch11': CONDA_PROMPT_MODIFIER=(ros_env) PYTHONPATH=/Users/mafu/Desktop/robotics/Assignment4/CPMR3/ros2_ws/build/cpmr_ch11/prefix_override:/Users/mafu/miniforge3/envs/ros_env/lib/python3.10/site-packages/colcon_core/task/python/colcon_distutils_commands:/Users/mafu/Desktop/robotics/Assignment4/CPMR3/ros2_ws/install/cpmr_ch11/lib/python3.10/site-packages:${PYTHONPATH} SHLVL=2 _=/Users/mafu/miniforge3/envs/ros_env/bin/env /Users/mafu/miniforge3/envs/ros_env/bin/python3.10 -W ignore:setup.py install is deprecated setup.py egg_info --egg-base ../../build/cpmr_ch11 build --build-base /Users/mafu/Desktop/robotics/Assignment4/CPMR3/ros2_ws/build/cpmr_ch11/build install --record /Users/mafu/Desktop/robotics/Assignment4/CPMR3/ros2_ws/build/cpmr_ch11/install.log --single-version-externally-managed install_data
[2.229s] running egg_info
[2.277s] writing ../../build/cpmr_ch11/cpmr_ch11.egg-info/PKG-INFO
[2.312s] writing dependency_links to ../../build/cpmr_ch11/cpmr_ch11.egg-info/dependency_links.txt
[2.423s] writing entry points to ../../build/cpmr_ch11/cpmr_ch11.egg-info/entry_points.txt
[2.494s] writing requirements to ../../build/cpmr_ch11/cpmr_ch11.egg-info/requires.txt
[2.530s] writing top-level names to ../../build/cpmr_ch11/cpmr_ch11.egg-info/top_level.txt
[2.594s] reading manifest file '../../build/cpmr_ch11/cpmr_ch11.egg-info/SOURCES.txt'
[2.595s] writing manifest file '../../build/cpmr_ch11/cpmr_ch11.egg-info/SOURCES.txt'
[2.595s] running build
[2.595s] running build_py
[2.596s] running install
[2.600s] running install_lib
[2.649s] running install_data
[2.649s] running install_egg_info
[2.699s] removing '/Users/mafu/Desktop/robotics/Assignment4/CPMR3/ros2_ws/install/cpmr_ch11/lib/python3.10/site-packages/cpmr_ch11-0.3.1-py3.10.egg-info' (and everything under it)
[2.699s] Copying ../../build/cpmr_ch11/cpmr_ch11.egg-info to /Users/mafu/Desktop/robotics/Assignment4/CPMR3/ros2_ws/install/cpmr_ch11/lib/python3.10/site-packages/cpmr_ch11-0.3.1-py3.10.egg-info
[2.702s] running install_scripts
[2.825s] Installing follow_chair script to /Users/mafu/Desktop/robotics/Assignment4/CPMR3/ros2_ws/install/cpmr_ch11/lib/cpmr_ch11
[2.825s] Installing leader_chair script to /Users/mafu/Desktop/robotics/Assignment4/CPMR3/ros2_ws/install/cpmr_ch11/lib/cpmr_ch11
[2.825s] writing list of installed files to '/Users/mafu/Desktop/robotics/Assignment4/CPMR3/ros2_ws/build/cpmr_ch11/install.log'
[2.864s] Invoked command in '/Users/mafu/Desktop/robotics/Assignment4/CPMR3/ros2_ws/src/cpmr_ch11' returned '0': CONDA_PROMPT_MODIFIER=(ros_env) PYTHONPATH=/Users/mafu/Desktop/robotics/Assignment4/CPMR3/ros2_ws/build/cpmr_ch11/prefix_override:/Users/mafu/miniforge3/envs/ros_env/lib/python3.10/site-packages/colcon_core/task/python/colcon_distutils_commands:/Users/mafu/Desktop/robotics/Assignment4/CPMR3/ros2_ws/install/cpmr_ch11/lib/python3.10/site-packages:${PYTHONPATH} SHLVL=2 _=/Users/mafu/miniforge3/envs/ros_env/bin/env /Users/mafu/miniforge3/envs/ros_env/bin/python3.10 -W ignore:setup.py install is deprecated setup.py egg_info --egg-base ../../build/cpmr_ch11 build --build-base /Users/mafu/Desktop/robotics/Assignment4/CPMR3/ros2_ws/build/cpmr_ch11/build install --record /Users/mafu/Desktop/robotics/Assignment4/CPMR3/ros2_ws/build/cpmr_ch11/install.log --single-version-externally-managed install_data
