[4.934s] Invoking command in '/Users/mafu/Desktop/robotics/Lab8/ros2_ws/src/cpmr_ch6': CONDA_PROMPT_MODIFIER=(ros_env) PYTHONPATH=/Users/mafu/Desktop/robotics/Lab8/ros2_ws/build/cpmr_ch6/prefix_override:/Users/mafu/miniforge3/envs/ros_env/lib/python3.10/site-packages/colcon_core/task/python/colcon_distutils_commands:/Users/mafu/Desktop/robotics/Lab8/ros2_ws/install/cpmr_ch6/lib/python3.10/site-packages:${PYTHONPATH} SHLVL=2 _=/Users/mafu/miniforge3/envs/ros_env/bin/env __CF_USER_TEXT_ENCODING=0x1F5:0x0:0x0 /Users/mafu/miniforge3/envs/ros_env/bin/python3.10 -W ignore:setup.py install is deprecated setup.py egg_info --egg-base ../../build/cpmr_ch6 build --build-base /Users/mafu/Desktop/robotics/Lab8/ros2_ws/build/cpmr_ch6/build install --record /Users/mafu/Desktop/robotics/Lab8/ros2_ws/build/cpmr_ch6/install.log --single-version-externally-managed install_data
[6.100s] running egg_info
[6.100s] creating ../../build/cpmr_ch6/cpmr_ch6.egg-info
[6.184s] writing ../../build/cpmr_ch6/cpmr_ch6.egg-info/PKG-INFO
[6.234s] writing dependency_links to ../../build/cpmr_ch6/cpmr_ch6.egg-info/dependency_links.txt
[6.406s] writing entry points to ../../build/cpmr_ch6/cpmr_ch6.egg-info/entry_points.txt
[6.513s] writing requirements to ../../build/cpmr_ch6/cpmr_ch6.egg-info/requires.txt
[6.577s] writing top-level names to ../../build/cpmr_ch6/cpmr_ch6.egg-info/top_level.txt
[6.577s] writing manifest file '../../build/cpmr_ch6/cpmr_ch6.egg-info/SOURCES.txt'
[6.696s] reading manifest file '../../build/cpmr_ch6/cpmr_ch6.egg-info/SOURCES.txt'
[6.696s] writing manifest file '../../build/cpmr_ch6/cpmr_ch6.egg-info/SOURCES.txt'
[6.696s] running build
[6.696s] running build_py
[6.696s] creating /Users/mafu/Desktop/robotics/Lab8/ros2_ws/build/cpmr_ch6/build
[6.696s] creating /Users/mafu/Desktop/robotics/Lab8/ros2_ws/build/cpmr_ch6/build/lib
[6.696s] creating /Users/mafu/Desktop/robotics/Lab8/ros2_ws/build/cpmr_ch6/build/lib/cpmr_ch6
[6.696s] copying cpmr_ch6/__init__.py -> /Users/mafu/Desktop/robotics/Lab8/ros2_ws/build/cpmr_ch6/build/lib/cpmr_ch6
[6.696s] copying cpmr_ch6/auto_drive_by_road.py -> /Users/mafu/Desktop/robotics/Lab8/ros2_ws/build/cpmr_ch6/build/lib/cpmr_ch6
[6.712s] copying cpmr_ch6/drive_by_line.py -> /Users/mafu/Desktop/robotics/Lab8/ros2_ws/build/cpmr_ch6/build/lib/cpmr_ch6
[6.713s] copying cpmr_ch6/auto_drive_by_line.py -> /Users/mafu/Desktop/robotics/Lab8/ros2_ws/build/cpmr_ch6/build/lib/cpmr_ch6
[6.713s] copying cpmr_ch6/drive_by_road.py -> /Users/mafu/Desktop/robotics/Lab8/ros2_ws/build/cpmr_ch6/build/lib/cpmr_ch6
[6.713s] running install
[6.729s] running install_lib
[6.782s] creating /Users/mafu/Desktop/robotics/Lab8/ros2_ws/install/cpmr_ch6/lib/python3.10/site-packages/cpmr_ch6
[6.782s] copying /Users/mafu/Desktop/robotics/Lab8/ros2_ws/build/cpmr_ch6/build/lib/cpmr_ch6/__init__.py -> /Users/mafu/Desktop/robotics/Lab8/ros2_ws/install/cpmr_ch6/lib/python3.10/site-packages/cpmr_ch6
[6.782s] copying /Users/mafu/Desktop/robotics/Lab8/ros2_ws/build/cpmr_ch6/build/lib/cpmr_ch6/auto_drive_by_road.py -> /Users/mafu/Desktop/robotics/Lab8/ros2_ws/install/cpmr_ch6/lib/python3.10/site-packages/cpmr_ch6
[6.783s] copying /Users/mafu/Desktop/robotics/Lab8/ros2_ws/build/cpmr_ch6/build/lib/cpmr_ch6/drive_by_line.py -> /Users/mafu/Desktop/robotics/Lab8/ros2_ws/install/cpmr_ch6/lib/python3.10/site-packages/cpmr_ch6
[6.783s] copying /Users/mafu/Desktop/robotics/Lab8/ros2_ws/build/cpmr_ch6/build/lib/cpmr_ch6/auto_drive_by_line.py -> /Users/mafu/Desktop/robotics/Lab8/ros2_ws/install/cpmr_ch6/lib/python3.10/site-packages/cpmr_ch6
[6.783s] copying /Users/mafu/Desktop/robotics/Lab8/ros2_ws/build/cpmr_ch6/build/lib/cpmr_ch6/drive_by_road.py -> /Users/mafu/Desktop/robotics/Lab8/ros2_ws/install/cpmr_ch6/lib/python3.10/site-packages/cpmr_ch6
[6.783s] byte-compiling /Users/mafu/Desktop/robotics/Lab8/ros2_ws/install/cpmr_ch6/lib/python3.10/site-packages/cpmr_ch6/__init__.py to __init__.cpython-310.pyc
[6.783s] byte-compiling /Users/mafu/Desktop/robotics/Lab8/ros2_ws/install/cpmr_ch6/lib/python3.10/site-packages/cpmr_ch6/auto_drive_by_road.py to auto_drive_by_road.cpython-310.pyc
[6.786s] byte-compiling /Users/mafu/Desktop/robotics/Lab8/ros2_ws/install/cpmr_ch6/lib/python3.10/site-packages/cpmr_ch6/drive_by_line.py to drive_by_line.cpython-310.pyc
[6.786s] byte-compiling /Users/mafu/Desktop/robotics/Lab8/ros2_ws/install/cpmr_ch6/lib/python3.10/site-packages/cpmr_ch6/auto_drive_by_line.py to auto_drive_by_line.cpython-310.pyc
[6.787s] byte-compiling /Users/mafu/Desktop/robotics/Lab8/ros2_ws/install/cpmr_ch6/lib/python3.10/site-packages/cpmr_ch6/drive_by_road.py to drive_by_road.cpython-310.pyc
[6.790s] running install_data
[6.790s] creating /Users/mafu/Desktop/robotics/Lab8/ros2_ws/install/cpmr_ch6/share/ament_index
[6.790s] creating /Users/mafu/Desktop/robotics/Lab8/ros2_ws/install/cpmr_ch6/share/ament_index/resource_index
[6.790s] creating /Users/mafu/Desktop/robotics/Lab8/ros2_ws/install/cpmr_ch6/share/ament_index/resource_index/packages
[6.790s] copying resource/cpmr_ch6 -> /Users/mafu/Desktop/robotics/Lab8/ros2_ws/install/cpmr_ch6/share/ament_index/resource_index/packages
[6.790s] copying package.xml -> /Users/mafu/Desktop/robotics/Lab8/ros2_ws/install/cpmr_ch6/share/cpmr_ch6
[6.790s] copying launch/drive_by_line.launch.py -> /Users/mafu/Desktop/robotics/Lab8/ros2_ws/install/cpmr_ch6/share/cpmr_ch6
[6.793s] copying launch/drive_by_road.launch.py -> /Users/mafu/Desktop/robotics/Lab8/ros2_ws/install/cpmr_ch6/share/cpmr_ch6
[6.793s] copying launch/auto_drive_by_road.launch.py -> /Users/mafu/Desktop/robotics/Lab8/ros2_ws/install/cpmr_ch6/share/cpmr_ch6
[6.794s] copying launch/auto_drive_by_line.launch.py -> /Users/mafu/Desktop/robotics/Lab8/ros2_ws/install/cpmr_ch6/share/cpmr_ch6
[6.796s] copying urdf/scout-camera.urdf.xacro -> /Users/mafu/Desktop/robotics/Lab8/ros2_ws/install/cpmr_ch6/share/cpmr_ch6
[6.796s] copying urdf/scout-line-follower.urdf.xacro -> /Users/mafu/Desktop/robotics/Lab8/ros2_ws/install/cpmr_ch6/share/cpmr_ch6
[6.796s] copying urdf/colors.xacro -> /Users/mafu/Desktop/robotics/Lab8/ros2_ws/install/cpmr_ch6/share/cpmr_ch6
[6.796s] running install_egg_info
[6.899s] Copying ../../build/cpmr_ch6/cpmr_ch6.egg-info to /Users/mafu/Desktop/robotics/Lab8/ros2_ws/install/cpmr_ch6/lib/python3.10/site-packages/cpmr_ch6-3.1.0-py3.10.egg-info
[6.904s] running install_scripts
[7.529s] Installing auto_drive_by_line script to /Users/mafu/Desktop/robotics/Lab8/ros2_ws/install/cpmr_ch6/lib/cpmr_ch6
[7.529s] Installing auto_drive_by_road script to /Users/mafu/Desktop/robotics/Lab8/ros2_ws/install/cpmr_ch6/lib/cpmr_ch6
[7.530s] Installing drive_by_line script to /Users/mafu/Desktop/robotics/Lab8/ros2_ws/install/cpmr_ch6/lib/cpmr_ch6
[7.530s] Installing drive_by_road script to /Users/mafu/Desktop/robotics/Lab8/ros2_ws/install/cpmr_ch6/lib/cpmr_ch6
[7.530s] writing list of installed files to '/Users/mafu/Desktop/robotics/Lab8/ros2_ws/build/cpmr_ch6/install.log'
[7.540s] Invoked command in '/Users/mafu/Desktop/robotics/Lab8/ros2_ws/src/cpmr_ch6' returned '0': CONDA_PROMPT_MODIFIER=(ros_env) PYTHONPATH=/Users/mafu/Desktop/robotics/Lab8/ros2_ws/build/cpmr_ch6/prefix_override:/Users/mafu/miniforge3/envs/ros_env/lib/python3.10/site-packages/colcon_core/task/python/colcon_distutils_commands:/Users/mafu/Desktop/robotics/Lab8/ros2_ws/install/cpmr_ch6/lib/python3.10/site-packages:${PYTHONPATH} SHLVL=2 _=/Users/mafu/miniforge3/envs/ros_env/bin/env __CF_USER_TEXT_ENCODING=0x1F5:0x0:0x0 /Users/mafu/miniforge3/envs/ros_env/bin/python3.10 -W ignore:setup.py install is deprecated setup.py egg_info --egg-base ../../build/cpmr_ch6 build --build-base /Users/mafu/Desktop/robotics/Lab8/ros2_ws/build/cpmr_ch6/build install --record /Users/mafu/Desktop/robotics/Lab8/ros2_ws/build/cpmr_ch6/install.log --single-version-externally-managed install_data
