running develop
running egg_info
writing cpmr_ch7.egg-info/PKG-INFO
writing dependency_links to cpmr_ch7.egg-info/dependency_links.txt
writing entry points to cpmr_ch7.egg-info/entry_points.txt
writing requirements to cpmr_ch7.egg-info/requires.txt
writing top-level names to cpmr_ch7.egg-info/top_level.txt
reading manifest file 'cpmr_ch7.egg-info/SOURCES.txt'
writing manifest file 'cpmr_ch7.egg-info/SOURCES.txt'
running build_ext
Creating /opt/miniconda3/envs/ros3/lib/python3.10/site-packages/cpmr-ch7.egg-link (link to .)
Installing build_map script to /opt/miniconda3/envs/ros3/lib/cpmr_ch7

Installed /Users/mafu/Library/CloudStorage/GoogleDrive-mafu@my.yorku.ca/Other computers/My Laptop/E:/0.2 Fall 2024/EECS_4421_Robotics/Labs/Lab2/CPMR3/ros2_ws/build/cpmr_ch7
running symlink_data
symbolically linking /Users/mafu/Library/CloudStorage/GoogleDrive-mafu@my.yorku.ca/Other computers/My Laptop/E:/0.2 Fall 2024/EECS_4421_Robotics/Labs/Lab2/CPMR3/ros2_ws/build/cpmr_ch7/resource/cpmr_ch7 -> /opt/miniconda3/envs/ros3/share/ament_index/resource_index/packages
symbolically linking /Users/mafu/Library/CloudStorage/GoogleDrive-mafu@my.yorku.ca/Other computers/My Laptop/E:/0.2 Fall 2024/EECS_4421_Robotics/Labs/Lab2/CPMR3/ros2_ws/build/cpmr_ch7/package.xml -> /opt/miniconda3/envs/ros3/share/cpmr_ch7
symbolically linking /Users/mafu/Library/CloudStorage/GoogleDrive-mafu@my.yorku.ca/Other computers/My Laptop/E:/0.2 Fall 2024/EECS_4421_Robotics/Labs/Lab2/CPMR3/ros2_ws/build/cpmr_ch7/launch/map-world.launch.py -> /opt/miniconda3/envs/ros3/share/cpmr_ch7
symbolically linking /Users/mafu/Library/CloudStorage/GoogleDrive-mafu@my.yorku.ca/Other computers/My Laptop/E:/0.2 Fall 2024/EECS_4421_Robotics/Labs/Lab2/CPMR3/ros2_ws/build/cpmr_ch7/urdf/scout-laser.urdf.xacro -> /opt/miniconda3/envs/ros3/share/cpmr_ch7
symbolically linking /Users/mafu/Library/CloudStorage/GoogleDrive-mafu@my.yorku.ca/Other computers/My Laptop/E:/0.2 Fall 2024/EECS_4421_Robotics/Labs/Lab2/CPMR3/ros2_ws/build/cpmr_ch7/urdf/colors.xacro -> /opt/miniconda3/envs/ros3/share/cpmr_ch7
symbolically linking /Users/mafu/Library/CloudStorage/GoogleDrive-mafu@my.yorku.ca/Other computers/My Laptop/E:/0.2 Fall 2024/EECS_4421_Robotics/Labs/Lab2/CPMR3/ros2_ws/build/cpmr_ch7/gazebo/mapping.world -> /opt/miniconda3/envs/ros3/share/cpmr_ch7
