running egg_info
creating ../../build/cpmr_ch2/cpmr_ch2.egg-info
writing ../../build/cpmr_ch2/cpmr_ch2.egg-info/PKG-INFO
writing dependency_links to ../../build/cpmr_ch2/cpmr_ch2.egg-info/dependency_links.txt
writing entry points to ../../build/cpmr_ch2/cpmr_ch2.egg-info/entry_points.txt
writing requirements to ../../build/cpmr_ch2/cpmr_ch2.egg-info/requires.txt
writing top-level names to ../../build/cpmr_ch2/cpmr_ch2.egg-info/top_level.txt
writing manifest file '../../build/cpmr_ch2/cpmr_ch2.egg-info/SOURCES.txt'
reading manifest file '../../build/cpmr_ch2/cpmr_ch2.egg-info/SOURCES.txt'
writing manifest file '../../build/cpmr_ch2/cpmr_ch2.egg-info/SOURCES.txt'
running build
running build_py
creating /Users/mafu/Desktop/robotics/Lab8/ros2_ws/build/cpmr_ch2/build
creating /Users/mafu/Desktop/robotics/Lab8/ros2_ws/build/cpmr_ch2/build/lib
creating /Users/mafu/Desktop/robotics/Lab8/ros2_ws/build/cpmr_ch2/build/lib/cpmr_ch2
copying cpmr_ch2/drive_to_goal.py -> /Users/mafu/Desktop/robotics/Lab8/ros2_ws/build/cpmr_ch2/build/lib/cpmr_ch2
copying cpmr_ch2/build_map.py -> /Users/mafu/Desktop/robotics/Lab8/ros2_ws/build/cpmr_ch2/build/lib/cpmr_ch2
copying cpmr_ch2/__init__.py -> /Users/mafu/Desktop/robotics/Lab8/ros2_ws/build/cpmr_ch2/build/lib/cpmr_ch2
copying cpmr_ch2/add_obstacle.py -> /Users/mafu/Desktop/robotics/Lab8/ros2_ws/build/cpmr_ch2/build/lib/cpmr_ch2
copying cpmr_ch2/destroy_map.py -> /Users/mafu/Desktop/robotics/Lab8/ros2_ws/build/cpmr_ch2/build/lib/cpmr_ch2
running install
running install_lib
creating /Users/mafu/Desktop/robotics/Lab8/ros2_ws/install/cpmr_ch2/lib/python3.10/site-packages/cpmr_ch2
copying /Users/mafu/Desktop/robotics/Lab8/ros2_ws/build/cpmr_ch2/build/lib/cpmr_ch2/drive_to_goal.py -> /Users/mafu/Desktop/robotics/Lab8/ros2_ws/install/cpmr_ch2/lib/python3.10/site-packages/cpmr_ch2
copying /Users/mafu/Desktop/robotics/Lab8/ros2_ws/build/cpmr_ch2/build/lib/cpmr_ch2/build_map.py -> /Users/mafu/Desktop/robotics/Lab8/ros2_ws/install/cpmr_ch2/lib/python3.10/site-packages/cpmr_ch2
copying /Users/mafu/Desktop/robotics/Lab8/ros2_ws/build/cpmr_ch2/build/lib/cpmr_ch2/__init__.py -> /Users/mafu/Desktop/robotics/Lab8/ros2_ws/install/cpmr_ch2/lib/python3.10/site-packages/cpmr_ch2
copying /Users/mafu/Desktop/robotics/Lab8/ros2_ws/build/cpmr_ch2/build/lib/cpmr_ch2/add_obstacle.py -> /Users/mafu/Desktop/robotics/Lab8/ros2_ws/install/cpmr_ch2/lib/python3.10/site-packages/cpmr_ch2
copying /Users/mafu/Desktop/robotics/Lab8/ros2_ws/build/cpmr_ch2/build/lib/cpmr_ch2/destroy_map.py -> /Users/mafu/Desktop/robotics/Lab8/ros2_ws/install/cpmr_ch2/lib/python3.10/site-packages/cpmr_ch2
byte-compiling /Users/mafu/Desktop/robotics/Lab8/ros2_ws/install/cpmr_ch2/lib/python3.10/site-packages/cpmr_ch2/drive_to_goal.py to drive_to_goal.cpython-310.pyc
byte-compiling /Users/mafu/Desktop/robotics/Lab8/ros2_ws/install/cpmr_ch2/lib/python3.10/site-packages/cpmr_ch2/build_map.py to build_map.cpython-310.pyc
byte-compiling /Users/mafu/Desktop/robotics/Lab8/ros2_ws/install/cpmr_ch2/lib/python3.10/site-packages/cpmr_ch2/__init__.py to __init__.cpython-310.pyc
byte-compiling /Users/mafu/Desktop/robotics/Lab8/ros2_ws/install/cpmr_ch2/lib/python3.10/site-packages/cpmr_ch2/add_obstacle.py to add_obstacle.cpython-310.pyc
byte-compiling /Users/mafu/Desktop/robotics/Lab8/ros2_ws/install/cpmr_ch2/lib/python3.10/site-packages/cpmr_ch2/destroy_map.py to destroy_map.cpython-310.pyc
running install_data
creating /Users/mafu/Desktop/robotics/Lab8/ros2_ws/install/cpmr_ch2/share/ament_index
creating /Users/mafu/Desktop/robotics/Lab8/ros2_ws/install/cpmr_ch2/share/ament_index/resource_index
creating /Users/mafu/Desktop/robotics/Lab8/ros2_ws/install/cpmr_ch2/share/ament_index/resource_index/packages
copying resource/cpmr_ch2 -> /Users/mafu/Desktop/robotics/Lab8/ros2_ws/install/cpmr_ch2/share/ament_index/resource_index/packages
copying package.xml -> /Users/mafu/Desktop/robotics/Lab8/ros2_ws/install/cpmr_ch2/share/cpmr_ch2
copying launch/destroy_map.launch.py -> /Users/mafu/Desktop/robotics/Lab8/ros2_ws/install/cpmr_ch2/share/cpmr_ch2
copying launch/drive_robot.launch.py -> /Users/mafu/Desktop/robotics/Lab8/ros2_ws/install/cpmr_ch2/share/cpmr_ch2
copying launch/build_map.launch.py -> /Users/mafu/Desktop/robotics/Lab8/ros2_ws/install/cpmr_ch2/share/cpmr_ch2
copying launch/gazebo.launch.py -> /Users/mafu/Desktop/robotics/Lab8/ros2_ws/install/cpmr_ch2/share/cpmr_ch2
copying maps/default.json -> /Users/mafu/Desktop/robotics/Lab8/ros2_ws/install/cpmr_ch2/share/cpmr_ch2
running install_egg_info
Copying ../../build/cpmr_ch2/cpmr_ch2.egg-info to /Users/mafu/Desktop/robotics/Lab8/ros2_ws/install/cpmr_ch2/lib/python3.10/site-packages/cpmr_ch2-3.1.0-py3.10.egg-info
running install_scripts
Installing add_obstacle script to /Users/mafu/Desktop/robotics/Lab8/ros2_ws/install/cpmr_ch2/lib/cpmr_ch2
Installing build_map script to /Users/mafu/Desktop/robotics/Lab8/ros2_ws/install/cpmr_ch2/lib/cpmr_ch2
Installing destroy_map script to /Users/mafu/Desktop/robotics/Lab8/ros2_ws/install/cpmr_ch2/lib/cpmr_ch2
Installing drive_to_goal script to /Users/mafu/Desktop/robotics/Lab8/ros2_ws/install/cpmr_ch2/lib/cpmr_ch2
writing list of installed files to '/Users/mafu/Desktop/robotics/Lab8/ros2_ws/build/cpmr_ch2/install.log'
