[4.764s] Invoking command in '/Users/mafu/Desktop/robotics/Lab8/ros2_ws/src/cpmr_ch2': CONDA_PROMPT_MODIFIER=(ros_env) PYTHONPATH=/Users/mafu/Desktop/robotics/Lab8/ros2_ws/build/cpmr_ch2/prefix_override:/Users/mafu/miniforge3/envs/ros_env/lib/python3.10/site-packages/colcon_core/task/python/colcon_distutils_commands:/Users/mafu/Desktop/robotics/Lab8/ros2_ws/install/cpmr_ch2/lib/python3.10/site-packages:${PYTHONPATH} SHLVL=2 _=/Users/mafu/miniforge3/envs/ros_env/bin/env __CF_USER_TEXT_ENCODING=0x1F5:0x0:0x0 /Users/mafu/miniforge3/envs/ros_env/bin/python3.10 -W ignore:setup.py install is deprecated setup.py egg_info --egg-base ../../build/cpmr_ch2 build --build-base /Users/mafu/Desktop/robotics/Lab8/ros2_ws/build/cpmr_ch2/build install --record /Users/mafu/Desktop/robotics/Lab8/ros2_ws/build/cpmr_ch2/install.log --single-version-externally-managed install_data
[5.837s] running egg_info
[5.837s] creating ../../build/cpmr_ch2/cpmr_ch2.egg-info
[5.914s] writing ../../build/cpmr_ch2/cpmr_ch2.egg-info/PKG-INFO
[5.960s] writing dependency_links to ../../build/cpmr_ch2/cpmr_ch2.egg-info/dependency_links.txt
[6.139s] writing entry points to ../../build/cpmr_ch2/cpmr_ch2.egg-info/entry_points.txt
[6.236s] writing requirements to ../../build/cpmr_ch2/cpmr_ch2.egg-info/requires.txt
[6.309s] writing top-level names to ../../build/cpmr_ch2/cpmr_ch2.egg-info/top_level.txt
[6.309s] writing manifest file '../../build/cpmr_ch2/cpmr_ch2.egg-info/SOURCES.txt'
[6.400s] reading manifest file '../../build/cpmr_ch2/cpmr_ch2.egg-info/SOURCES.txt'
[6.400s] writing manifest file '../../build/cpmr_ch2/cpmr_ch2.egg-info/SOURCES.txt'
[6.400s] running build
[6.400s] running build_py
[6.400s] creating /Users/mafu/Desktop/robotics/Lab8/ros2_ws/build/cpmr_ch2/build
[6.401s] creating /Users/mafu/Desktop/robotics/Lab8/ros2_ws/build/cpmr_ch2/build/lib
[6.401s] creating /Users/mafu/Desktop/robotics/Lab8/ros2_ws/build/cpmr_ch2/build/lib/cpmr_ch2
[6.401s] copying cpmr_ch2/drive_to_goal.py -> /Users/mafu/Desktop/robotics/Lab8/ros2_ws/build/cpmr_ch2/build/lib/cpmr_ch2
[6.401s] copying cpmr_ch2/build_map.py -> /Users/mafu/Desktop/robotics/Lab8/ros2_ws/build/cpmr_ch2/build/lib/cpmr_ch2
[6.401s] copying cpmr_ch2/__init__.py -> /Users/mafu/Desktop/robotics/Lab8/ros2_ws/build/cpmr_ch2/build/lib/cpmr_ch2
[6.402s] copying cpmr_ch2/add_obstacle.py -> /Users/mafu/Desktop/robotics/Lab8/ros2_ws/build/cpmr_ch2/build/lib/cpmr_ch2
[6.402s] copying cpmr_ch2/destroy_map.py -> /Users/mafu/Desktop/robotics/Lab8/ros2_ws/build/cpmr_ch2/build/lib/cpmr_ch2
[6.402s] running install
[6.402s] running install_lib
[6.456s] creating /Users/mafu/Desktop/robotics/Lab8/ros2_ws/install/cpmr_ch2/lib/python3.10/site-packages/cpmr_ch2
[6.456s] copying /Users/mafu/Desktop/robotics/Lab8/ros2_ws/build/cpmr_ch2/build/lib/cpmr_ch2/drive_to_goal.py -> /Users/mafu/Desktop/robotics/Lab8/ros2_ws/install/cpmr_ch2/lib/python3.10/site-packages/cpmr_ch2
[6.457s] copying /Users/mafu/Desktop/robotics/Lab8/ros2_ws/build/cpmr_ch2/build/lib/cpmr_ch2/build_map.py -> /Users/mafu/Desktop/robotics/Lab8/ros2_ws/install/cpmr_ch2/lib/python3.10/site-packages/cpmr_ch2
[6.457s] copying /Users/mafu/Desktop/robotics/Lab8/ros2_ws/build/cpmr_ch2/build/lib/cpmr_ch2/__init__.py -> /Users/mafu/Desktop/robotics/Lab8/ros2_ws/install/cpmr_ch2/lib/python3.10/site-packages/cpmr_ch2
[6.457s] copying /Users/mafu/Desktop/robotics/Lab8/ros2_ws/build/cpmr_ch2/build/lib/cpmr_ch2/add_obstacle.py -> /Users/mafu/Desktop/robotics/Lab8/ros2_ws/install/cpmr_ch2/lib/python3.10/site-packages/cpmr_ch2
[6.458s] copying /Users/mafu/Desktop/robotics/Lab8/ros2_ws/build/cpmr_ch2/build/lib/cpmr_ch2/destroy_map.py -> /Users/mafu/Desktop/robotics/Lab8/ros2_ws/install/cpmr_ch2/lib/python3.10/site-packages/cpmr_ch2
[6.458s] byte-compiling /Users/mafu/Desktop/robotics/Lab8/ros2_ws/install/cpmr_ch2/lib/python3.10/site-packages/cpmr_ch2/drive_to_goal.py to drive_to_goal.cpython-310.pyc
[6.459s] byte-compiling /Users/mafu/Desktop/robotics/Lab8/ros2_ws/install/cpmr_ch2/lib/python3.10/site-packages/cpmr_ch2/build_map.py to build_map.cpython-310.pyc
[6.459s] byte-compiling /Users/mafu/Desktop/robotics/Lab8/ros2_ws/install/cpmr_ch2/lib/python3.10/site-packages/cpmr_ch2/__init__.py to __init__.cpython-310.pyc
[6.459s] byte-compiling /Users/mafu/Desktop/robotics/Lab8/ros2_ws/install/cpmr_ch2/lib/python3.10/site-packages/cpmr_ch2/add_obstacle.py to add_obstacle.cpython-310.pyc
[6.459s] byte-compiling /Users/mafu/Desktop/robotics/Lab8/ros2_ws/install/cpmr_ch2/lib/python3.10/site-packages/cpmr_ch2/destroy_map.py to destroy_map.cpython-310.pyc
[6.460s] running install_data
[6.461s] creating /Users/mafu/Desktop/robotics/Lab8/ros2_ws/install/cpmr_ch2/share/ament_index
[6.461s] creating /Users/mafu/Desktop/robotics/Lab8/ros2_ws/install/cpmr_ch2/share/ament_index/resource_index
[6.461s] creating /Users/mafu/Desktop/robotics/Lab8/ros2_ws/install/cpmr_ch2/share/ament_index/resource_index/packages
[6.461s] copying resource/cpmr_ch2 -> /Users/mafu/Desktop/robotics/Lab8/ros2_ws/install/cpmr_ch2/share/ament_index/resource_index/packages
[6.461s] copying package.xml -> /Users/mafu/Desktop/robotics/Lab8/ros2_ws/install/cpmr_ch2/share/cpmr_ch2
[6.461s] copying launch/destroy_map.launch.py -> /Users/mafu/Desktop/robotics/Lab8/ros2_ws/install/cpmr_ch2/share/cpmr_ch2
[6.461s] copying launch/drive_robot.launch.py -> /Users/mafu/Desktop/robotics/Lab8/ros2_ws/install/cpmr_ch2/share/cpmr_ch2
[6.462s] copying launch/build_map.launch.py -> /Users/mafu/Desktop/robotics/Lab8/ros2_ws/install/cpmr_ch2/share/cpmr_ch2
[6.462s] copying launch/gazebo.launch.py -> /Users/mafu/Desktop/robotics/Lab8/ros2_ws/install/cpmr_ch2/share/cpmr_ch2
[6.465s] copying maps/default.json -> /Users/mafu/Desktop/robotics/Lab8/ros2_ws/install/cpmr_ch2/share/cpmr_ch2
[6.465s] running install_egg_info
[6.574s] Copying ../../build/cpmr_ch2/cpmr_ch2.egg-info to /Users/mafu/Desktop/robotics/Lab8/ros2_ws/install/cpmr_ch2/lib/python3.10/site-packages/cpmr_ch2-3.1.0-py3.10.egg-info
[6.578s] running install_scripts
[6.885s] Installing add_obstacle script to /Users/mafu/Desktop/robotics/Lab8/ros2_ws/install/cpmr_ch2/lib/cpmr_ch2
[6.885s] Installing build_map script to /Users/mafu/Desktop/robotics/Lab8/ros2_ws/install/cpmr_ch2/lib/cpmr_ch2
[6.885s] Installing destroy_map script to /Users/mafu/Desktop/robotics/Lab8/ros2_ws/install/cpmr_ch2/lib/cpmr_ch2
[6.885s] Installing drive_to_goal script to /Users/mafu/Desktop/robotics/Lab8/ros2_ws/install/cpmr_ch2/lib/cpmr_ch2
[6.885s] writing list of installed files to '/Users/mafu/Desktop/robotics/Lab8/ros2_ws/build/cpmr_ch2/install.log'
[6.894s] Invoked command in '/Users/mafu/Desktop/robotics/Lab8/ros2_ws/src/cpmr_ch2' returned '0': CONDA_PROMPT_MODIFIER=(ros_env) PYTHONPATH=/Users/mafu/Desktop/robotics/Lab8/ros2_ws/build/cpmr_ch2/prefix_override:/Users/mafu/miniforge3/envs/ros_env/lib/python3.10/site-packages/colcon_core/task/python/colcon_distutils_commands:/Users/mafu/Desktop/robotics/Lab8/ros2_ws/install/cpmr_ch2/lib/python3.10/site-packages:${PYTHONPATH} SHLVL=2 _=/Users/mafu/miniforge3/envs/ros_env/bin/env __CF_USER_TEXT_ENCODING=0x1F5:0x0:0x0 /Users/mafu/miniforge3/envs/ros_env/bin/python3.10 -W ignore:setup.py install is deprecated setup.py egg_info --egg-base ../../build/cpmr_ch2 build --build-base /Users/mafu/Desktop/robotics/Lab8/ros2_ws/build/cpmr_ch2/build install --record /Users/mafu/Desktop/robotics/Lab8/ros2_ws/build/cpmr_ch2/install.log --single-version-externally-managed install_data
