[0.471s] Invoking command in '/Users/mafu/Library/CloudStorage/GoogleDrive-mafu@my.yorku.ca/Other computers/My Laptop/E:/0.2 Fall 2024/EECS_4421_Robotics/Labs/Lab5/CPMR3/ros2_ws/build/kinova_gen3_interfaces': CMAKE_PREFIX_PATH=${CMAKE_PREFIX_PATH}:/Users/mafu/Library/CloudStorage/GoogleDrive-mafu@my.yorku.ca/Other computers/My Laptop/E:/0.2 Fall 2024/EECS_4421_Robotics/Labs/Lab5/CPMR3/ros2_ws/install/cpmr_ch8:/0.2 Fall 2024/EECS_4421_Robotics/Labs/Lab5/CPMR3/ros2_ws/install/cpmr_ch7:/0.2 Fall 2024/EECS_4421_Robotics/Labs/Lab5/CPMR3/ros2_ws/install/cpmr_ch6:/0.2 Fall 2024/EECS_4421_Robotics/Labs/Lab5/CPMR3/ros2_ws/install/cpmr_ch5:/0.2 Fall 2024/EECS_4421_Robotics/Labs/Lab5/CPMR3/ros2_ws/install/cpmr_ch4:/0.2 Fall 2024/EECS_4421_Robotics/Labs/Lab5/CPMR3/ros2_ws/install/cpmr_ch2:/0.2 Fall 2024/EECS_4421_Robotics/Labs/Lab5/CPMR3/ros2_ws/install/cpmr_ch12:/0.2 Fall 2024/EECS_4421_Robotics/Labs/Lab5/CPMR3/ros2_ws/install/cpmr_ch11:/0.2 Fall 2024/EECS_4421_Robotics/Labs/Lab5/CPMR3/ros2_ws/install/cpmr_apb CONDA_PROMPT_MODIFIER=(ros2) SHLVL=2 _=/usr/bin/env /opt/homebrew/bin/cmake /Users/mafu/Library/CloudStorage/GoogleDrive-mafu@my.yorku.ca/Other computers/My Laptop/E:/0.2 Fall 2024/EECS_4421_Robotics/Labs/Lab5/CPMR3/ros2_ws/src/kinova_gen3_interfaces -DCMAKE_INSTALL_PREFIX=/Users/mafu/Library/CloudStorage/GoogleDrive-mafu@my.yorku.ca/Other computers/My Laptop/E:/0.2 Fall 2024/EECS_4421_Robotics/Labs/Lab5/CPMR3/ros2_ws/install/kinova_gen3_interfaces
[1.232s] -- The C compiler identification is Clang 16.0.1
[1.397s] -- The CXX compiler identification is Clang 16.0.1
[1.412s] -- Detecting C compiler ABI info
[1.554s] -- Detecting C compiler ABI info - done
[1.563s] -- Check for working C compiler: /Users/mafu/miniforge3/envs/ros2/bin/arm64-apple-darwin20.0.0-clang - skipped
[1.563s] -- Detecting C compile features
[1.564s] -- Detecting C compile features - done
[1.570s] -- Detecting CXX compiler ABI info
[1.700s] -- Detecting CXX compiler ABI info - done
[1.709s] -- Check for working CXX compiler: /Users/mafu/miniforge3/envs/ros2/bin/arm64-apple-darwin20.0.0-clang++ - skipped
[1.709s] -- Detecting CXX compile features
[1.710s] -- Detecting CXX compile features - done
[1.737s] -- Found ament_cmake: 1.3.3 (/Users/mafu/miniforge3/envs/ros2/share/ament_cmake/cmake)
[2.981s] -- Found Python3: /opt/homebrew/Frameworks/Python.framework/Versions/3.11/bin/python3.11 (found version "3.11.10") found components: Interpreter
[3.223s] -- Found rosidl_default_generators: 1.2.0 (/Users/mafu/miniforge3/envs/ros2/share/rosidl_default_generators/cmake)
[3.263s] -- Using all available rosidl_typesupport_c: rosidl_typesupport_fastrtps_c;rosidl_typesupport_introspection_c
[3.295s] -- Found rosidl_adapter: 3.1.4 (/Users/mafu/miniforge3/envs/ros2/share/rosidl_adapter/cmake)
[3.446s] -- Using all available rosidl_typesupport_cpp: rosidl_typesupport_fastrtps_cpp;rosidl_typesupport_introspection_cpp
[3.956s] -- Found ament_cmake_ros: 0.10.0 (/Users/mafu/miniforge3/envs/ros2/share/ament_cmake_ros/cmake)
[4.378s] -- Using all available rosidl_typesupport_c: rosidl_typesupport_fastrtps_c;rosidl_typesupport_introspection_c
[4.894s] -- Using all available rosidl_typesupport_cpp: rosidl_typesupport_fastrtps_cpp;rosidl_typesupport_introspection_cpp
[4.896s] CMake Warning (dev) at /Users/mafu/miniforge3/envs/ros2/share/rosidl_generator_py/cmake/rosidl_generator_py_generate_interfaces.cmake:20 (find_package):
[4.896s]   Policy CMP0148 is not set: The FindPythonInterp and FindPythonLibs modules
[4.897s]   are removed.  Run "cmake --help-policy CMP0148" for policy details.  Use
[4.897s]   the cmake_policy command to set the policy and suppress this warning.
[4.897s] 
[4.897s] Call Stack (most recent call first):
[4.897s]   /Users/mafu/miniforge3/envs/ros2/share/ament_cmake_core/cmake/core/ament_execute_extensions.cmake:48 (include)
[4.897s]   /Users/mafu/miniforge3/envs/ros2/share/rosidl_cmake/cmake/rosidl_generate_interfaces.cmake:286 (ament_execute_extensions)
[4.897s]   CMakeLists.txt:15 (rosidl_generate_interfaces)
[4.897s] This warning is for project developers.  Use -Wno-dev to suppress it.
[4.897s] 
[4.911s] -- Found PythonInterp: /Users/mafu/miniforge3/envs/ros2/bin/python3 (found suitable version "3.10.13", minimum required is "3.6")
[4.921s] -- Found python_cmake_module: 0.10.0 (/Users/mafu/miniforge3/envs/ros2/share/python_cmake_module/cmake)
[4.922s] CMake Warning (dev) at /Users/mafu/miniforge3/envs/ros2/share/python_cmake_module/cmake/Modules/FindPythonExtra.cmake:52 (find_package):
[4.922s]   Policy CMP0148 is not set: The FindPythonInterp and FindPythonLibs modules
[4.922s]   are removed.  Run "cmake --help-policy CMP0148" for policy details.  Use
[4.922s]   the cmake_policy command to set the policy and suppress this warning.
[4.922s] 
[4.922s] Call Stack (most recent call first):
[4.922s]   /Users/mafu/miniforge3/envs/ros2/share/rosidl_generator_py/cmake/rosidl_generator_py_generate_interfaces.cmake:23 (find_package)
[4.922s]   /Users/mafu/miniforge3/envs/ros2/share/ament_cmake_core/cmake/core/ament_execute_extensions.cmake:48 (include)
[4.922s]   /Users/mafu/miniforge3/envs/ros2/share/rosidl_cmake/cmake/rosidl_generate_interfaces.cmake:286 (ament_execute_extensions)
[4.922s]   CMakeLists.txt:15 (rosidl_generate_interfaces)
[4.922s] This warning is for project developers.  Use -Wno-dev to suppress it.
[4.922s] 
[4.997s] -- Using PythonExtra_INCLUDE_DIRS: /Users/mafu/miniforge3/envs/ros2/include/python3.10;/Users/mafu/miniforge3/envs/ros2/include/python3.10
[5.040s] -- Using PythonExtra_LIBRARIES: /Users/mafu/miniforge3/envs/ros2/lib/libpython3.10.dylib
[5.059s] -- Found PythonExtra: .so
[5.293s] CMake Error at /opt/homebrew/Cellar/cmake/3.30.5/share/cmake/Modules/FindPackageHandleStandardArgs.cmake:233 (message):
[5.293s]   Could NOT find Python3 (missing: Python3_NumPy_INCLUDE_DIRS NumPy) (found
[5.293s]   version "3.11.10")
[5.293s] Call Stack (most recent call first):
[5.293s]   /opt/homebrew/Cellar/cmake/3.30.5/share/cmake/Modules/FindPackageHandleStandardArgs.cmake:603 (_FPHSA_FAILURE_MESSAGE)
[5.293s]   /opt/homebrew/Cellar/cmake/3.30.5/share/cmake/Modules/FindPython/Support.cmake:4001 (find_package_handle_standard_args)
[5.293s]   /opt/homebrew/Cellar/cmake/3.30.5/share/cmake/Modules/FindPython3.cmake:602 (include)
[5.293s]   /Users/mafu/miniforge3/envs/ros2/share/rosidl_generator_py/cmake/rosidl_generator_py_generate_interfaces.cmake:24 (find_package)
[5.293s]   /Users/mafu/miniforge3/envs/ros2/share/ament_cmake_core/cmake/core/ament_execute_extensions.cmake:48 (include)
[5.293s]   /Users/mafu/miniforge3/envs/ros2/share/rosidl_cmake/cmake/rosidl_generate_interfaces.cmake:286 (ament_execute_extensions)
[5.293s]   CMakeLists.txt:15 (rosidl_generate_interfaces)
[5.293s] 
[5.293s] 
[5.294s] -- Configuring incomplete, errors occurred!
[5.299s] Invoked command in '/Users/mafu/Library/CloudStorage/GoogleDrive-mafu@my.yorku.ca/Other computers/My Laptop/E:/0.2 Fall 2024/EECS_4421_Robotics/Labs/Lab5/CPMR3/ros2_ws/build/kinova_gen3_interfaces' returned '1': CMAKE_PREFIX_PATH=${CMAKE_PREFIX_PATH}:/Users/mafu/Library/CloudStorage/GoogleDrive-mafu@my.yorku.ca/Other computers/My Laptop/E:/0.2 Fall 2024/EECS_4421_Robotics/Labs/Lab5/CPMR3/ros2_ws/install/cpmr_ch8:/0.2 Fall 2024/EECS_4421_Robotics/Labs/Lab5/CPMR3/ros2_ws/install/cpmr_ch7:/0.2 Fall 2024/EECS_4421_Robotics/Labs/Lab5/CPMR3/ros2_ws/install/cpmr_ch6:/0.2 Fall 2024/EECS_4421_Robotics/Labs/Lab5/CPMR3/ros2_ws/install/cpmr_ch5:/0.2 Fall 2024/EECS_4421_Robotics/Labs/Lab5/CPMR3/ros2_ws/install/cpmr_ch4:/0.2 Fall 2024/EECS_4421_Robotics/Labs/Lab5/CPMR3/ros2_ws/install/cpmr_ch2:/0.2 Fall 2024/EECS_4421_Robotics/Labs/Lab5/CPMR3/ros2_ws/install/cpmr_ch12:/0.2 Fall 2024/EECS_4421_Robotics/Labs/Lab5/CPMR3/ros2_ws/install/cpmr_ch11:/0.2 Fall 2024/EECS_4421_Robotics/Labs/Lab5/CPMR3/ros2_ws/install/cpmr_apb CONDA_PROMPT_MODIFIER=(ros2) SHLVL=2 _=/usr/bin/env /opt/homebrew/bin/cmake /Users/mafu/Library/CloudStorage/GoogleDrive-mafu@my.yorku.ca/Other computers/My Laptop/E:/0.2 Fall 2024/EECS_4421_Robotics/Labs/Lab5/CPMR3/ros2_ws/src/kinova_gen3_interfaces -DCMAKE_INSTALL_PREFIX=/Users/mafu/Library/CloudStorage/GoogleDrive-mafu@my.yorku.ca/Other computers/My Laptop/E:/0.2 Fall 2024/EECS_4421_Robotics/Labs/Lab5/CPMR3/ros2_ws/install/kinova_gen3_interfaces
