running egg_info
writing ../../build/cpmr_ch7/cpmr_ch7.egg-info/PKG-INFO
writing dependency_links to ../../build/cpmr_ch7/cpmr_ch7.egg-info/dependency_links.txt
writing entry points to ../../build/cpmr_ch7/cpmr_ch7.egg-info/entry_points.txt
writing requirements to ../../build/cpmr_ch7/cpmr_ch7.egg-info/requires.txt
writing top-level names to ../../build/cpmr_ch7/cpmr_ch7.egg-info/top_level.txt
reading manifest file '../../build/cpmr_ch7/cpmr_ch7.egg-info/SOURCES.txt'
writing manifest file '../../build/cpmr_ch7/cpmr_ch7.egg-info/SOURCES.txt'
running build
running build_py
running install
running install_lib
creating /Users/mafu/miniforge3/envs/ros_env/lib/python3.11/site-packages/cpmr_ch7
copying /Users/mafu/Library/CloudStorage/GoogleDrive-mafu@my.yorku.ca/Other computers/My Laptop/E:/0.2 Fall 2024/EECS_4421_Robotics/Labs/Lab2/CPMR3/ros2_ws/build/cpmr_ch7/build/lib/cpmr_ch7/build_map.py -> /Users/mafu/miniforge3/envs/ros_env/lib/python3.11/site-packages/cpmr_ch7
copying /Users/mafu/Library/CloudStorage/GoogleDrive-mafu@my.yorku.ca/Other computers/My Laptop/E:/0.2 Fall 2024/EECS_4421_Robotics/Labs/Lab2/CPMR3/ros2_ws/build/cpmr_ch7/build/lib/cpmr_ch7/__init__.py -> /Users/mafu/miniforge3/envs/ros_env/lib/python3.11/site-packages/cpmr_ch7
byte-compiling /Users/mafu/miniforge3/envs/ros_env/lib/python3.11/site-packages/cpmr_ch7/build_map.py to build_map.cpython-311.pyc
byte-compiling /Users/mafu/miniforge3/envs/ros_env/lib/python3.11/site-packages/cpmr_ch7/__init__.py to __init__.cpython-311.pyc
running install_data
copying resource/cpmr_ch7 -> /Users/mafu/miniforge3/envs/ros_env/share/ament_index/resource_index/packages
creating /Users/mafu/miniforge3/envs/ros_env/share/cpmr_ch7
copying package.xml -> /Users/mafu/miniforge3/envs/ros_env/share/cpmr_ch7
copying launch/map-world.launch.py -> /Users/mafu/miniforge3/envs/ros_env/share/cpmr_ch7
copying urdf/scout-laser.urdf.xacro -> /Users/mafu/miniforge3/envs/ros_env/share/cpmr_ch7
copying urdf/colors.xacro -> /Users/mafu/miniforge3/envs/ros_env/share/cpmr_ch7
copying gazebo/mapping.world -> /Users/mafu/miniforge3/envs/ros_env/share/cpmr_ch7
running install_egg_info
Copying ../../build/cpmr_ch7/cpmr_ch7.egg-info to /Users/mafu/miniforge3/envs/ros_env/lib/python3.11/site-packages/cpmr_ch7-3.1.0-py3.11.egg-info
running install_scripts
Installing build_map script to /Users/mafu/miniforge3/envs/ros_env/lib/cpmr_ch7
writing list of installed files to '/Users/mafu/Library/CloudStorage/GoogleDrive-mafu@my.yorku.ca/Other computers/My Laptop/E:/0.2 Fall 2024/EECS_4421_Robotics/Labs/Lab2/CPMR3/ros2_ws/build/cpmr_ch7/install.log'
