[1.842s] Invoking command in '/Users/mafu/Library/CloudStorage/GoogleDrive-mafu@my.yorku.ca/Other computers/My Laptop/E:/0.2 Fall 2024/EECS_4421_Robotics/Labs/Lab2/CPMR3/ros2_ws/src/cpmr_ch2': CONDA_PROMPT_MODIFIER=(ros_env) PYTHONPATH=/Users/mafu/Library/CloudStorage/GoogleDrive-mafu@my.yorku.ca/Other computers/My Laptop/E:/0.2 Fall 2024/EECS_4421_Robotics/Labs/Lab2/CPMR3/ros2_ws/build/cpmr_ch2/prefix_override:/Users/mafu/miniforge3/envs/ros_env/lib/python3.11/site-packages/colcon_core/task/python/colcon_distutils_commands:/Users/mafu/Library/CloudStorage/GoogleDrive-mafu@my.yorku.ca/Other computers/My Laptop/E:/0.2 Fall 2024/EECS_4421_Robotics/Labs/Lab2/CPMR3/ros2_ws/install/cpmr_ch2/lib/python3.11/site-packages:${PYTHONPATH} SHLVL=2 _=/Users/mafu/miniforge3/envs/ros_env/bin/env __CF_USER_TEXT_ENCODING=0x1F5:0x0:0x52 /Users/mafu/miniforge3/envs/ros_env/bin/python3.11 -W ignore:setup.py install is deprecated setup.py egg_info --egg-base ../../build/cpmr_ch2 build --build-base /Users/mafu/Library/CloudStorage/GoogleDrive-mafu@my.yorku.ca/Other computers/My Laptop/E:/0.2 Fall 2024/EECS_4421_Robotics/Labs/Lab2/CPMR3/ros2_ws/build/cpmr_ch2/build install --record /Users/mafu/Library/CloudStorage/GoogleDrive-mafu@my.yorku.ca/Other computers/My Laptop/E:/0.2 Fall 2024/EECS_4421_Robotics/Labs/Lab2/CPMR3/ros2_ws/build/cpmr_ch2/install.log --single-version-externally-managed install_data
[2.052s] /Users/mafu/miniforge3/envs/ros_env/lib/python3.11/site-packages/setuptools/_distutils/dist.py:261: UserWarning: Unknown distribution option: 'tests_require'
[2.052s]   warnings.warn(msg)
[2.235s] running egg_info
[2.255s] writing ../../build/cpmr_ch2/cpmr_ch2.egg-info/PKG-INFO
[2.257s] writing dependency_links to ../../build/cpmr_ch2/cpmr_ch2.egg-info/dependency_links.txt
[2.257s] writing entry points to ../../build/cpmr_ch2/cpmr_ch2.egg-info/entry_points.txt
[2.258s] writing requirements to ../../build/cpmr_ch2/cpmr_ch2.egg-info/requires.txt
[2.258s] writing top-level names to ../../build/cpmr_ch2/cpmr_ch2.egg-info/top_level.txt
[2.309s] reading manifest file '../../build/cpmr_ch2/cpmr_ch2.egg-info/SOURCES.txt'
[2.311s] writing manifest file '../../build/cpmr_ch2/cpmr_ch2.egg-info/SOURCES.txt'
[2.311s] running build
[2.312s] running build_py
[2.312s] running install
[2.322s] running install_lib
[2.343s] copying /Users/mafu/Library/CloudStorage/GoogleDrive-mafu@my.yorku.ca/Other computers/My Laptop/E:/0.2 Fall 2024/EECS_4421_Robotics/Labs/Lab2/CPMR3/ros2_ws/build/cpmr_ch2/build/lib/cpmr_ch2/drive_to_goal.py -> /Users/mafu/miniforge3/envs/ros_env/lib/python3.11/site-packages/cpmr_ch2
[2.343s] copying /Users/mafu/Library/CloudStorage/GoogleDrive-mafu@my.yorku.ca/Other computers/My Laptop/E:/0.2 Fall 2024/EECS_4421_Robotics/Labs/Lab2/CPMR3/ros2_ws/build/cpmr_ch2/build/lib/cpmr_ch2/build_map.py -> /Users/mafu/miniforge3/envs/ros_env/lib/python3.11/site-packages/cpmr_ch2
[2.343s] copying /Users/mafu/Library/CloudStorage/GoogleDrive-mafu@my.yorku.ca/Other computers/My Laptop/E:/0.2 Fall 2024/EECS_4421_Robotics/Labs/Lab2/CPMR3/ros2_ws/build/cpmr_ch2/build/lib/cpmr_ch2/__init__.py -> /Users/mafu/miniforge3/envs/ros_env/lib/python3.11/site-packages/cpmr_ch2
[2.343s] copying /Users/mafu/Library/CloudStorage/GoogleDrive-mafu@my.yorku.ca/Other computers/My Laptop/E:/0.2 Fall 2024/EECS_4421_Robotics/Labs/Lab2/CPMR3/ros2_ws/build/cpmr_ch2/build/lib/cpmr_ch2/add_obstacle.py -> /Users/mafu/miniforge3/envs/ros_env/lib/python3.11/site-packages/cpmr_ch2
[2.344s] copying /Users/mafu/Library/CloudStorage/GoogleDrive-mafu@my.yorku.ca/Other computers/My Laptop/E:/0.2 Fall 2024/EECS_4421_Robotics/Labs/Lab2/CPMR3/ros2_ws/build/cpmr_ch2/build/lib/cpmr_ch2/destroy_map.py -> /Users/mafu/miniforge3/envs/ros_env/lib/python3.11/site-packages/cpmr_ch2
[2.344s] running install_data
[2.344s] copying resource/cpmr_ch2 -> /Users/mafu/miniforge3/envs/ros_env/share/ament_index/resource_index/packages
[2.344s] copying package.xml -> /Users/mafu/miniforge3/envs/ros_env/share/cpmr_ch2
[2.344s] copying launch/destroy_map.launch.py -> /Users/mafu/miniforge3/envs/ros_env/share/cpmr_ch2
[2.344s] copying launch/drive_robot.launch.py -> /Users/mafu/miniforge3/envs/ros_env/share/cpmr_ch2
[2.344s] copying launch/build_map.launch.py -> /Users/mafu/miniforge3/envs/ros_env/share/cpmr_ch2
[2.346s] copying launch/gazebo.launch.py -> /Users/mafu/miniforge3/envs/ros_env/share/cpmr_ch2
[2.347s] copying maps/default.json -> /Users/mafu/miniforge3/envs/ros_env/share/cpmr_ch2
[2.347s] running install_egg_info
[2.371s] removing '/Users/mafu/miniforge3/envs/ros_env/lib/python3.11/site-packages/cpmr_ch2-3.1.0-py3.11.egg-info' (and everything under it)
[2.371s] Copying ../../build/cpmr_ch2/cpmr_ch2.egg-info to /Users/mafu/miniforge3/envs/ros_env/lib/python3.11/site-packages/cpmr_ch2-3.1.0-py3.11.egg-info
[2.381s] running install_scripts
[2.535s] Installing add_obstacle script to /Users/mafu/miniforge3/envs/ros_env/lib/cpmr_ch2
[2.535s] Installing build_map script to /Users/mafu/miniforge3/envs/ros_env/lib/cpmr_ch2
[2.535s] Installing destroy_map script to /Users/mafu/miniforge3/envs/ros_env/lib/cpmr_ch2
[2.535s] Installing drive_to_goal script to /Users/mafu/miniforge3/envs/ros_env/lib/cpmr_ch2
[2.535s] writing list of installed files to '/Users/mafu/Library/CloudStorage/GoogleDrive-mafu@my.yorku.ca/Other computers/My Laptop/E:/0.2 Fall 2024/EECS_4421_Robotics/Labs/Lab2/CPMR3/ros2_ws/build/cpmr_ch2/install.log'
[2.703s] Invoked command in '/Users/mafu/Library/CloudStorage/GoogleDrive-mafu@my.yorku.ca/Other computers/My Laptop/E:/0.2 Fall 2024/EECS_4421_Robotics/Labs/Lab2/CPMR3/ros2_ws/src/cpmr_ch2' returned '0': CONDA_PROMPT_MODIFIER=(ros_env) PYTHONPATH=/Users/mafu/Library/CloudStorage/GoogleDrive-mafu@my.yorku.ca/Other computers/My Laptop/E:/0.2 Fall 2024/EECS_4421_Robotics/Labs/Lab2/CPMR3/ros2_ws/build/cpmr_ch2/prefix_override:/Users/mafu/miniforge3/envs/ros_env/lib/python3.11/site-packages/colcon_core/task/python/colcon_distutils_commands:/Users/mafu/Library/CloudStorage/GoogleDrive-mafu@my.yorku.ca/Other computers/My Laptop/E:/0.2 Fall 2024/EECS_4421_Robotics/Labs/Lab2/CPMR3/ros2_ws/install/cpmr_ch2/lib/python3.11/site-packages:${PYTHONPATH} SHLVL=2 _=/Users/mafu/miniforge3/envs/ros_env/bin/env __CF_USER_TEXT_ENCODING=0x1F5:0x0:0x52 /Users/mafu/miniforge3/envs/ros_env/bin/python3.11 -W ignore:setup.py install is deprecated setup.py egg_info --egg-base ../../build/cpmr_ch2 build --build-base /Users/mafu/Library/CloudStorage/GoogleDrive-mafu@my.yorku.ca/Other computers/My Laptop/E:/0.2 Fall 2024/EECS_4421_Robotics/Labs/Lab2/CPMR3/ros2_ws/build/cpmr_ch2/build install --record /Users/mafu/Library/CloudStorage/GoogleDrive-mafu@my.yorku.ca/Other computers/My Laptop/E:/0.2 Fall 2024/EECS_4421_Robotics/Labs/Lab2/CPMR3/ros2_ws/build/cpmr_ch2/install.log --single-version-externally-managed install_data
