[4.900s] Invoking command in '/Users/mafu/Desktop/robotics/Lab8/ros2_ws/src/cpmr_ch7': CONDA_PROMPT_MODIFIER=(ros_env) PYTHONPATH=/Users/mafu/Desktop/robotics/Lab8/ros2_ws/build/cpmr_ch7/prefix_override:/Users/mafu/miniforge3/envs/ros_env/lib/python3.10/site-packages/colcon_core/task/python/colcon_distutils_commands:/Users/mafu/Desktop/robotics/Lab8/ros2_ws/install/cpmr_ch7/lib/python3.10/site-packages:${PYTHONPATH} SHLVL=2 _=/Users/mafu/miniforge3/envs/ros_env/bin/env __CF_USER_TEXT_ENCODING=0x1F5:0x0:0x0 /Users/mafu/miniforge3/envs/ros_env/bin/python3.10 -W ignore:setup.py install is deprecated setup.py egg_info --egg-base ../../build/cpmr_ch7 build --build-base /Users/mafu/Desktop/robotics/Lab8/ros2_ws/build/cpmr_ch7/build install --record /Users/mafu/Desktop/robotics/Lab8/ros2_ws/build/cpmr_ch7/install.log --single-version-externally-managed install_data
[5.962s] running egg_info
[5.962s] creating ../../build/cpmr_ch7/cpmr_ch7.egg-info
[6.027s] writing ../../build/cpmr_ch7/cpmr_ch7.egg-info/PKG-INFO
[6.089s] writing dependency_links to ../../build/cpmr_ch7/cpmr_ch7.egg-info/dependency_links.txt
[6.227s] writing entry points to ../../build/cpmr_ch7/cpmr_ch7.egg-info/entry_points.txt
[6.339s] writing requirements to ../../build/cpmr_ch7/cpmr_ch7.egg-info/requires.txt
[6.379s] writing top-level names to ../../build/cpmr_ch7/cpmr_ch7.egg-info/top_level.txt
[6.379s] writing manifest file '../../build/cpmr_ch7/cpmr_ch7.egg-info/SOURCES.txt'
[6.482s] reading manifest file '../../build/cpmr_ch7/cpmr_ch7.egg-info/SOURCES.txt'
[6.483s] writing manifest file '../../build/cpmr_ch7/cpmr_ch7.egg-info/SOURCES.txt'
[6.483s] running build
[6.483s] running build_py
[6.484s] creating /Users/mafu/Desktop/robotics/Lab8/ros2_ws/build/cpmr_ch7/build
[6.484s] creating /Users/mafu/Desktop/robotics/Lab8/ros2_ws/build/cpmr_ch7/build/lib
[6.484s] creating /Users/mafu/Desktop/robotics/Lab8/ros2_ws/build/cpmr_ch7/build/lib/cpmr_ch7
[6.484s] copying cpmr_ch7/build_map.py -> /Users/mafu/Desktop/robotics/Lab8/ros2_ws/build/cpmr_ch7/build/lib/cpmr_ch7
[6.484s] copying cpmr_ch7/__init__.py -> /Users/mafu/Desktop/robotics/Lab8/ros2_ws/build/cpmr_ch7/build/lib/cpmr_ch7
[6.484s] running install
[6.487s] running install_lib
[6.570s] creating /Users/mafu/Desktop/robotics/Lab8/ros2_ws/install/cpmr_ch7/lib/python3.10/site-packages/cpmr_ch7
[6.571s] copying /Users/mafu/Desktop/robotics/Lab8/ros2_ws/build/cpmr_ch7/build/lib/cpmr_ch7/build_map.py -> /Users/mafu/Desktop/robotics/Lab8/ros2_ws/install/cpmr_ch7/lib/python3.10/site-packages/cpmr_ch7
[6.571s] copying /Users/mafu/Desktop/robotics/Lab8/ros2_ws/build/cpmr_ch7/build/lib/cpmr_ch7/__init__.py -> /Users/mafu/Desktop/robotics/Lab8/ros2_ws/install/cpmr_ch7/lib/python3.10/site-packages/cpmr_ch7
[6.571s] byte-compiling /Users/mafu/Desktop/robotics/Lab8/ros2_ws/install/cpmr_ch7/lib/python3.10/site-packages/cpmr_ch7/build_map.py to build_map.cpython-310.pyc
[6.571s] byte-compiling /Users/mafu/Desktop/robotics/Lab8/ros2_ws/install/cpmr_ch7/lib/python3.10/site-packages/cpmr_ch7/__init__.py to __init__.cpython-310.pyc
[6.571s] running install_data
[6.571s] creating /Users/mafu/Desktop/robotics/Lab8/ros2_ws/install/cpmr_ch7/share/ament_index
[6.571s] creating /Users/mafu/Desktop/robotics/Lab8/ros2_ws/install/cpmr_ch7/share/ament_index/resource_index
[6.571s] creating /Users/mafu/Desktop/robotics/Lab8/ros2_ws/install/cpmr_ch7/share/ament_index/resource_index/packages
[6.576s] copying resource/cpmr_ch7 -> /Users/mafu/Desktop/robotics/Lab8/ros2_ws/install/cpmr_ch7/share/ament_index/resource_index/packages
[6.576s] copying package.xml -> /Users/mafu/Desktop/robotics/Lab8/ros2_ws/install/cpmr_ch7/share/cpmr_ch7
[6.576s] copying launch/map-world.launch.py -> /Users/mafu/Desktop/robotics/Lab8/ros2_ws/install/cpmr_ch7/share/cpmr_ch7
[6.576s] copying urdf/scout-laser.urdf.xacro -> /Users/mafu/Desktop/robotics/Lab8/ros2_ws/install/cpmr_ch7/share/cpmr_ch7
[6.580s] copying urdf/colors.xacro -> /Users/mafu/Desktop/robotics/Lab8/ros2_ws/install/cpmr_ch7/share/cpmr_ch7
[6.580s] copying gazebo/mapping.world -> /Users/mafu/Desktop/robotics/Lab8/ros2_ws/install/cpmr_ch7/share/cpmr_ch7
[6.580s] running install_egg_info
[6.643s] Copying ../../build/cpmr_ch7/cpmr_ch7.egg-info to /Users/mafu/Desktop/robotics/Lab8/ros2_ws/install/cpmr_ch7/lib/python3.10/site-packages/cpmr_ch7-3.1.0-py3.10.egg-info
[6.645s] running install_scripts
[6.860s] Installing build_map script to /Users/mafu/Desktop/robotics/Lab8/ros2_ws/install/cpmr_ch7/lib/cpmr_ch7
[6.868s] writing list of installed files to '/Users/mafu/Desktop/robotics/Lab8/ros2_ws/build/cpmr_ch7/install.log'
[7.524s] Invoked command in '/Users/mafu/Desktop/robotics/Lab8/ros2_ws/src/cpmr_ch7' returned '0': CONDA_PROMPT_MODIFIER=(ros_env) PYTHONPATH=/Users/mafu/Desktop/robotics/Lab8/ros2_ws/build/cpmr_ch7/prefix_override:/Users/mafu/miniforge3/envs/ros_env/lib/python3.10/site-packages/colcon_core/task/python/colcon_distutils_commands:/Users/mafu/Desktop/robotics/Lab8/ros2_ws/install/cpmr_ch7/lib/python3.10/site-packages:${PYTHONPATH} SHLVL=2 _=/Users/mafu/miniforge3/envs/ros_env/bin/env __CF_USER_TEXT_ENCODING=0x1F5:0x0:0x0 /Users/mafu/miniforge3/envs/ros_env/bin/python3.10 -W ignore:setup.py install is deprecated setup.py egg_info --egg-base ../../build/cpmr_ch7 build --build-base /Users/mafu/Desktop/robotics/Lab8/ros2_ws/build/cpmr_ch7/build install --record /Users/mafu/Desktop/robotics/Lab8/ros2_ws/build/cpmr_ch7/install.log --single-version-externally-managed install_data
