/Users/mafu/miniforge3/envs/ros_env/lib/python3.11/site-packages/setuptools/_distutils/dist.py:261: UserWarning: Unknown distribution option: 'tests_require'
  warnings.warn(msg)
running egg_info
writing ../../build/cpmr_ch4/cpmr_ch4.egg-info/PKG-INFO
writing dependency_links to ../../build/cpmr_ch4/cpmr_ch4.egg-info/dependency_links.txt
writing entry points to ../../build/cpmr_ch4/cpmr_ch4.egg-info/entry_points.txt
writing requirements to ../../build/cpmr_ch4/cpmr_ch4.egg-info/requires.txt
writing top-level names to ../../build/cpmr_ch4/cpmr_ch4.egg-info/top_level.txt
reading manifest file '../../build/cpmr_ch4/cpmr_ch4.egg-info/SOURCES.txt'
writing manifest file '../../build/cpmr_ch4/cpmr_ch4.egg-info/SOURCES.txt'
running build
running build_py
running install
running install_lib
creating /Users/mafu/miniforge3/envs/ros_env/lib/python3.11/site-packages/cpmr_ch4
copying /Users/mafu/Library/CloudStorage/GoogleDrive-mafu@my.yorku.ca/Other computers/My Laptop/E:/0.2 Fall 2024/EECS_4421_Robotics/Labs/Lab2/CPMR3/ros2_ws/build/cpmr_ch4/build/lib/cpmr_ch4/__init__.py -> /Users/mafu/miniforge3/envs/ros_env/lib/python3.11/site-packages/cpmr_ch4
copying /Users/mafu/Library/CloudStorage/GoogleDrive-mafu@my.yorku.ca/Other computers/My Laptop/E:/0.2 Fall 2024/EECS_4421_Robotics/Labs/Lab2/CPMR3/ros2_ws/build/cpmr_ch4/build/lib/cpmr_ch4/collect_lidar.py -> /Users/mafu/miniforge3/envs/ros_env/lib/python3.11/site-packages/cpmr_ch4
byte-compiling /Users/mafu/miniforge3/envs/ros_env/lib/python3.11/site-packages/cpmr_ch4/__init__.py to __init__.cpython-311.pyc
byte-compiling /Users/mafu/miniforge3/envs/ros_env/lib/python3.11/site-packages/cpmr_ch4/collect_lidar.py to collect_lidar.cpython-311.pyc
running install_data
copying resource/cpmr_ch4 -> /Users/mafu/miniforge3/envs/ros_env/share/ament_index/resource_index/packages
creating /Users/mafu/miniforge3/envs/ros_env/share/cpmr_ch4
copying package.xml -> /Users/mafu/miniforge3/envs/ros_env/share/cpmr_ch4
copying launch/lidar-collector.launch.py -> /Users/mafu/miniforge3/envs/ros_env/share/cpmr_ch4
copying launch/bumper-robot.launch.py -> /Users/mafu/miniforge3/envs/ros_env/share/cpmr_ch4
copying launch/sonar-robot.launch.py -> /Users/mafu/miniforge3/envs/ros_env/share/cpmr_ch4
copying launch/laser-robot.launch.py -> /Users/mafu/miniforge3/envs/ros_env/share/cpmr_ch4
copying launch/imu-robot.launch.py -> /Users/mafu/miniforge3/envs/ros_env/share/cpmr_ch4
copying urdf/scout-bumper.urdf.xacro -> /Users/mafu/miniforge3/envs/ros_env/share/cpmr_ch4
copying urdf/scout-sonar.urdf.xacro -> /Users/mafu/miniforge3/envs/ros_env/share/cpmr_ch4
copying urdf/scout-laser.urdf.xacro -> /Users/mafu/miniforge3/envs/ros_env/share/cpmr_ch4
copying urdf/scout-imu.urdf.xacro -> /Users/mafu/miniforge3/envs/ros_env/share/cpmr_ch4
copying urdf/colors.xacro -> /Users/mafu/miniforge3/envs/ros_env/share/cpmr_ch4
running install_egg_info
Copying ../../build/cpmr_ch4/cpmr_ch4.egg-info to /Users/mafu/miniforge3/envs/ros_env/lib/python3.11/site-packages/cpmr_ch4-3.1.0-py3.11.egg-info
running install_scripts
Installing collect_lidar script to /Users/mafu/miniforge3/envs/ros_env/lib/cpmr_ch4
writing list of installed files to '/Users/mafu/Library/CloudStorage/GoogleDrive-mafu@my.yorku.ca/Other computers/My Laptop/E:/0.2 Fall 2024/EECS_4421_Robotics/Labs/Lab2/CPMR3/ros2_ws/build/cpmr_ch4/install.log'
