[0.386s] Invoking command in '/Users/mafu/Desktop/EECS_4421_Robotics/Labs/Lab4/CPMR3/ros2_ws/src/cpmr_ch5': CONDA_PROMPT_MODIFIER=(ros2) PYTHONPATH=/Users/mafu/Desktop/EECS_4421_Robotics/Labs/Lab4/CPMR3/ros2_ws/build/cpmr_ch5/prefix_override:/Users/mafu/miniconda3/envs/ros2/lib/python3.11/site-packages/colcon_core/task/python/colcon_distutils_commands:/Users/mafu/Desktop/EECS_4421_Robotics/Labs/Lab4/CPMR3/ros2_ws/install/cpmr_ch5/lib/python3.11/site-packages:${PYTHONPATH} SHLVL=2 _=/Users/mafu/miniconda3/envs/ros2/bin/env __CF_USER_TEXT_ENCODING=0x1F5:0x0:0x52 /Users/mafu/miniconda3/envs/ros2/bin/python3.11 -W ignore:setup.py install is deprecated setup.py egg_info --egg-base ../../build/cpmr_ch5 build --build-base /Users/mafu/Desktop/EECS_4421_Robotics/Labs/Lab4/CPMR3/ros2_ws/build/cpmr_ch5/build install --record /Users/mafu/Desktop/EECS_4421_Robotics/Labs/Lab4/CPMR3/ros2_ws/build/cpmr_ch5/install.log --single-version-externally-managed install_data
[0.510s] running egg_info
[0.510s] writing ../../build/cpmr_ch5/cpmr_ch5.egg-info/PKG-INFO
[0.511s] writing dependency_links to ../../build/cpmr_ch5/cpmr_ch5.egg-info/dependency_links.txt
[0.511s] writing entry points to ../../build/cpmr_ch5/cpmr_ch5.egg-info/entry_points.txt
[0.511s] writing requirements to ../../build/cpmr_ch5/cpmr_ch5.egg-info/requires.txt
[0.511s] writing top-level names to ../../build/cpmr_ch5/cpmr_ch5.egg-info/top_level.txt
[0.513s] reading manifest file '../../build/cpmr_ch5/cpmr_ch5.egg-info/SOURCES.txt'
[0.514s] writing manifest file '../../build/cpmr_ch5/cpmr_ch5.egg-info/SOURCES.txt'
[0.514s] running build
[0.514s] running build_py
[0.515s] running install
[0.515s] running install_lib
[0.516s] running install_data
[0.517s] running install_egg_info
[0.518s] removing '/Users/mafu/Desktop/EECS_4421_Robotics/Labs/Lab4/CPMR3/ros2_ws/install/cpmr_ch5/lib/python3.11/site-packages/cpmr_ch5-3.1.0-py3.11.egg-info' (and everything under it)
[0.518s] Copying ../../build/cpmr_ch5/cpmr_ch5.egg-info to /Users/mafu/Desktop/EECS_4421_Robotics/Labs/Lab4/CPMR3/ros2_ws/install/cpmr_ch5/lib/python3.11/site-packages/cpmr_ch5-3.1.0-py3.11.egg-info
[0.520s] running install_scripts
[0.537s] Installing aruco_target script to /Users/mafu/Desktop/EECS_4421_Robotics/Labs/Lab4/CPMR3/ros2_ws/install/cpmr_ch5/lib/cpmr_ch5
[0.537s] Installing canny_edges script to /Users/mafu/Desktop/EECS_4421_Robotics/Labs/Lab4/CPMR3/ros2_ws/install/cpmr_ch5/lib/cpmr_ch5
[0.537s] Installing drive script to /Users/mafu/Desktop/EECS_4421_Robotics/Labs/Lab4/CPMR3/ros2_ws/install/cpmr_ch5/lib/cpmr_ch5
[0.537s] Installing good_features script to /Users/mafu/Desktop/EECS_4421_Robotics/Labs/Lab4/CPMR3/ros2_ws/install/cpmr_ch5/lib/cpmr_ch5
[0.537s] Installing harris_corners script to /Users/mafu/Desktop/EECS_4421_Robotics/Labs/Lab4/CPMR3/ros2_ws/install/cpmr_ch5/lib/cpmr_ch5
[0.537s] Installing opencv_camera script to /Users/mafu/Desktop/EECS_4421_Robotics/Labs/Lab4/CPMR3/ros2_ws/install/cpmr_ch5/lib/cpmr_ch5
[0.538s] Installing opencv_camera_calibrated script to /Users/mafu/Desktop/EECS_4421_Robotics/Labs/Lab4/CPMR3/ros2_ws/install/cpmr_ch5/lib/cpmr_ch5
[0.538s] Installing view_camera script to /Users/mafu/Desktop/EECS_4421_Robotics/Labs/Lab4/CPMR3/ros2_ws/install/cpmr_ch5/lib/cpmr_ch5
[0.538s] writing list of installed files to '/Users/mafu/Desktop/EECS_4421_Robotics/Labs/Lab4/CPMR3/ros2_ws/build/cpmr_ch5/install.log'
[0.552s] Invoked command in '/Users/mafu/Desktop/EECS_4421_Robotics/Labs/Lab4/CPMR3/ros2_ws/src/cpmr_ch5' returned '0': CONDA_PROMPT_MODIFIER=(ros2) PYTHONPATH=/Users/mafu/Desktop/EECS_4421_Robotics/Labs/Lab4/CPMR3/ros2_ws/build/cpmr_ch5/prefix_override:/Users/mafu/miniconda3/envs/ros2/lib/python3.11/site-packages/colcon_core/task/python/colcon_distutils_commands:/Users/mafu/Desktop/EECS_4421_Robotics/Labs/Lab4/CPMR3/ros2_ws/install/cpmr_ch5/lib/python3.11/site-packages:${PYTHONPATH} SHLVL=2 _=/Users/mafu/miniconda3/envs/ros2/bin/env __CF_USER_TEXT_ENCODING=0x1F5:0x0:0x52 /Users/mafu/miniconda3/envs/ros2/bin/python3.11 -W ignore:setup.py install is deprecated setup.py egg_info --egg-base ../../build/cpmr_ch5 build --build-base /Users/mafu/Desktop/EECS_4421_Robotics/Labs/Lab4/CPMR3/ros2_ws/build/cpmr_ch5/build install --record /Users/mafu/Desktop/EECS_4421_Robotics/Labs/Lab4/CPMR3/ros2_ws/build/cpmr_ch5/install.log --single-version-externally-managed install_data
