[2.027s] Invoking command in '/Users/mafu/Library/CloudStorage/GoogleDrive-mafu@my.yorku.ca/Other computers/My Laptop/E:/0.2 Fall 2024/EECS_4421_Robotics/Labs/Lab2/CPMR3/ros2_ws/src/cpmr_ch7': CONDA_PROMPT_MODIFIER=(ros_env) PYTHONPATH=/Users/mafu/Library/CloudStorage/GoogleDrive-mafu@my.yorku.ca/Other computers/My Laptop/E:/0.2 Fall 2024/EECS_4421_Robotics/Labs/Lab2/CPMR3/ros2_ws/build/cpmr_ch7/prefix_override:/opt/miniconda3/envs/ros_env/lib/python3.11/site-packages/colcon_core/task/python/colcon_distutils_commands:/Users/mafu/Library/CloudStorage/GoogleDrive-mafu@my.yorku.ca/Other computers/My Laptop/E:/0.2 Fall 2024/EECS_4421_Robotics/Labs/Lab2/CPMR3/ros2_ws/install/cpmr_ch7/lib/python3.11/site-packages:${PYTHONPATH} SHLVL=2 _=/opt/miniconda3/envs/ros_env/bin/env __CF_USER_TEXT_ENCODING=0x1F5:0x0:0x52 /opt/miniconda3/envs/ros_env/bin/python3.11 -W ignore:setup.py install is deprecated setup.py egg_info --egg-base ../../build/cpmr_ch7 build --build-base /Users/mafu/Library/CloudStorage/GoogleDrive-mafu@my.yorku.ca/Other computers/My Laptop/E:/0.2 Fall 2024/EECS_4421_Robotics/Labs/Lab2/CPMR3/ros2_ws/build/cpmr_ch7/build install --record /Users/mafu/Library/CloudStorage/GoogleDrive-mafu@my.yorku.ca/Other computers/My Laptop/E:/0.2 Fall 2024/EECS_4421_Robotics/Labs/Lab2/CPMR3/ros2_ws/build/cpmr_ch7/install.log --single-version-externally-managed install_data
[2.233s] /opt/miniconda3/envs/ros_env/lib/python3.11/site-packages/setuptools/_distutils/dist.py:261: UserWarning: Unknown distribution option: 'tests_require'
[2.233s]   warnings.warn(msg)
[2.356s] running egg_info
[2.375s] writing ../../build/cpmr_ch7/cpmr_ch7.egg-info/PKG-INFO
[2.392s] writing dependency_links to ../../build/cpmr_ch7/cpmr_ch7.egg-info/dependency_links.txt
[2.392s] writing entry points to ../../build/cpmr_ch7/cpmr_ch7.egg-info/entry_points.txt
[2.392s] writing requirements to ../../build/cpmr_ch7/cpmr_ch7.egg-info/requires.txt
[2.392s] writing top-level names to ../../build/cpmr_ch7/cpmr_ch7.egg-info/top_level.txt
[2.457s] reading manifest file '../../build/cpmr_ch7/cpmr_ch7.egg-info/SOURCES.txt'
[2.458s] writing manifest file '../../build/cpmr_ch7/cpmr_ch7.egg-info/SOURCES.txt'
[2.459s] running build
[2.459s] running build_py
[2.460s] copying cpmr_ch7/build_map.py -> /Users/mafu/Library/CloudStorage/GoogleDrive-mafu@my.yorku.ca/Other computers/My Laptop/E:/0.2 Fall 2024/EECS_4421_Robotics/Labs/Lab2/CPMR3/ros2_ws/build/cpmr_ch7/build/lib/cpmr_ch7
[2.462s] copying cpmr_ch7/__init__.py -> /Users/mafu/Library/CloudStorage/GoogleDrive-mafu@my.yorku.ca/Other computers/My Laptop/E:/0.2 Fall 2024/EECS_4421_Robotics/Labs/Lab2/CPMR3/ros2_ws/build/cpmr_ch7/build/lib/cpmr_ch7
[2.462s] running install
[2.473s] running install_lib
[2.489s] creating /opt/miniconda3/envs/ros_env/lib/python3.11/site-packages/cpmr_ch7
[2.490s] copying /Users/mafu/Library/CloudStorage/GoogleDrive-mafu@my.yorku.ca/Other computers/My Laptop/E:/0.2 Fall 2024/EECS_4421_Robotics/Labs/Lab2/CPMR3/ros2_ws/build/cpmr_ch7/build/lib/cpmr_ch7/build_map.py -> /opt/miniconda3/envs/ros_env/lib/python3.11/site-packages/cpmr_ch7
[2.490s] copying /Users/mafu/Library/CloudStorage/GoogleDrive-mafu@my.yorku.ca/Other computers/My Laptop/E:/0.2 Fall 2024/EECS_4421_Robotics/Labs/Lab2/CPMR3/ros2_ws/build/cpmr_ch7/build/lib/cpmr_ch7/__init__.py -> /opt/miniconda3/envs/ros_env/lib/python3.11/site-packages/cpmr_ch7
[2.490s] byte-compiling /opt/miniconda3/envs/ros_env/lib/python3.11/site-packages/cpmr_ch7/build_map.py to build_map.cpython-311.pyc
[2.493s] byte-compiling /opt/miniconda3/envs/ros_env/lib/python3.11/site-packages/cpmr_ch7/__init__.py to __init__.cpython-311.pyc
[2.494s] running install_data
[2.494s] copying resource/cpmr_ch7 -> /opt/miniconda3/envs/ros_env/share/ament_index/resource_index/packages
[2.494s] creating /opt/miniconda3/envs/ros_env/share/cpmr_ch7
[2.494s] copying package.xml -> /opt/miniconda3/envs/ros_env/share/cpmr_ch7
[2.494s] copying launch/map-world.launch.py -> /opt/miniconda3/envs/ros_env/share/cpmr_ch7
[2.494s] copying urdf/scout-laser.urdf.xacro -> /opt/miniconda3/envs/ros_env/share/cpmr_ch7
[2.495s] copying urdf/colors.xacro -> /opt/miniconda3/envs/ros_env/share/cpmr_ch7
[2.495s] copying gazebo/mapping.world -> /opt/miniconda3/envs/ros_env/share/cpmr_ch7
[2.498s] running install_egg_info
[2.526s] Copying ../../build/cpmr_ch7/cpmr_ch7.egg-info to /opt/miniconda3/envs/ros_env/lib/python3.11/site-packages/cpmr_ch7-3.1.0-py3.11.egg-info
[2.527s] running install_scripts
[2.690s] Installing build_map script to /opt/miniconda3/envs/ros_env/lib/cpmr_ch7
[2.690s] writing list of installed files to '/Users/mafu/Library/CloudStorage/GoogleDrive-mafu@my.yorku.ca/Other computers/My Laptop/E:/0.2 Fall 2024/EECS_4421_Robotics/Labs/Lab2/CPMR3/ros2_ws/build/cpmr_ch7/install.log'
[2.741s] Invoked command in '/Users/mafu/Library/CloudStorage/GoogleDrive-mafu@my.yorku.ca/Other computers/My Laptop/E:/0.2 Fall 2024/EECS_4421_Robotics/Labs/Lab2/CPMR3/ros2_ws/src/cpmr_ch7' returned '0': CONDA_PROMPT_MODIFIER=(ros_env) PYTHONPATH=/Users/mafu/Library/CloudStorage/GoogleDrive-mafu@my.yorku.ca/Other computers/My Laptop/E:/0.2 Fall 2024/EECS_4421_Robotics/Labs/Lab2/CPMR3/ros2_ws/build/cpmr_ch7/prefix_override:/opt/miniconda3/envs/ros_env/lib/python3.11/site-packages/colcon_core/task/python/colcon_distutils_commands:/Users/mafu/Library/CloudStorage/GoogleDrive-mafu@my.yorku.ca/Other computers/My Laptop/E:/0.2 Fall 2024/EECS_4421_Robotics/Labs/Lab2/CPMR3/ros2_ws/install/cpmr_ch7/lib/python3.11/site-packages:${PYTHONPATH} SHLVL=2 _=/opt/miniconda3/envs/ros_env/bin/env __CF_USER_TEXT_ENCODING=0x1F5:0x0:0x52 /opt/miniconda3/envs/ros_env/bin/python3.11 -W ignore:setup.py install is deprecated setup.py egg_info --egg-base ../../build/cpmr_ch7 build --build-base /Users/mafu/Library/CloudStorage/GoogleDrive-mafu@my.yorku.ca/Other computers/My Laptop/E:/0.2 Fall 2024/EECS_4421_Robotics/Labs/Lab2/CPMR3/ros2_ws/build/cpmr_ch7/build install --record /Users/mafu/Library/CloudStorage/GoogleDrive-mafu@my.yorku.ca/Other computers/My Laptop/E:/0.2 Fall 2024/EECS_4421_Robotics/Labs/Lab2/CPMR3/ros2_ws/build/cpmr_ch7/install.log --single-version-externally-managed install_data
