[1.761s] Invoking command in '/Users/mafu/Desktop/robotics/Assignment3/ros2_ws/src/cpmr_ch2': CONDA_PROMPT_MODIFIER=(ros_env) PYTHONPATH=/Users/mafu/Desktop/robotics/Assignment3/ros2_ws/build/cpmr_ch2/prefix_override:/Users/mafu/miniforge3/envs/ros_env/lib/python3.10/site-packages/colcon_core/task/python/colcon_distutils_commands:/Users/mafu/Desktop/robotics/Assignment3/ros2_ws/install/cpmr_ch2/lib/python3.10/site-packages:${PYTHONPATH} SHLVL=2 _=/Users/mafu/miniforge3/envs/ros_env/bin/env /Users/mafu/miniforge3/envs/ros_env/bin/python3.10 -W ignore:setup.py install is deprecated setup.py egg_info --egg-base ../../build/cpmr_ch2 build --build-base /Users/mafu/Desktop/robotics/Assignment3/ros2_ws/build/cpmr_ch2/build install --record /Users/mafu/Desktop/robotics/Assignment3/ros2_ws/build/cpmr_ch2/install.log --single-version-externally-managed install_data
[2.354s] running egg_info
[2.392s] writing ../../build/cpmr_ch2/cpmr_ch2.egg-info/PKG-INFO
[2.419s] writing dependency_links to ../../build/cpmr_ch2/cpmr_ch2.egg-info/dependency_links.txt
[2.508s] writing entry points to ../../build/cpmr_ch2/cpmr_ch2.egg-info/entry_points.txt
[2.563s] writing requirements to ../../build/cpmr_ch2/cpmr_ch2.egg-info/requires.txt
[2.591s] writing top-level names to ../../build/cpmr_ch2/cpmr_ch2.egg-info/top_level.txt
[2.642s] reading manifest file '../../build/cpmr_ch2/cpmr_ch2.egg-info/SOURCES.txt'
[2.643s] writing manifest file '../../build/cpmr_ch2/cpmr_ch2.egg-info/SOURCES.txt'
[2.643s] running build
[2.643s] running build_py
[2.644s] running install
[2.647s] running install_lib
[2.686s] running install_data
[2.686s] running install_egg_info
[2.725s] removing '/Users/mafu/Desktop/robotics/Assignment3/ros2_ws/install/cpmr_ch2/lib/python3.10/site-packages/cpmr_ch2-3.1.0-py3.10.egg-info' (and everything under it)
[2.726s] Copying ../../build/cpmr_ch2/cpmr_ch2.egg-info to /Users/mafu/Desktop/robotics/Assignment3/ros2_ws/install/cpmr_ch2/lib/python3.10/site-packages/cpmr_ch2-3.1.0-py3.10.egg-info
[2.728s] running install_scripts
[2.822s] Installing add_obstacle script to /Users/mafu/Desktop/robotics/Assignment3/ros2_ws/install/cpmr_ch2/lib/cpmr_ch2
[2.823s] Installing build_map script to /Users/mafu/Desktop/robotics/Assignment3/ros2_ws/install/cpmr_ch2/lib/cpmr_ch2
[2.823s] Installing destroy_map script to /Users/mafu/Desktop/robotics/Assignment3/ros2_ws/install/cpmr_ch2/lib/cpmr_ch2
[2.823s] Installing drive_to_goal script to /Users/mafu/Desktop/robotics/Assignment3/ros2_ws/install/cpmr_ch2/lib/cpmr_ch2
[2.823s] writing list of installed files to '/Users/mafu/Desktop/robotics/Assignment3/ros2_ws/build/cpmr_ch2/install.log'
[2.844s] Invoked command in '/Users/mafu/Desktop/robotics/Assignment3/ros2_ws/src/cpmr_ch2' returned '0': CONDA_PROMPT_MODIFIER=(ros_env) PYTHONPATH=/Users/mafu/Desktop/robotics/Assignment3/ros2_ws/build/cpmr_ch2/prefix_override:/Users/mafu/miniforge3/envs/ros_env/lib/python3.10/site-packages/colcon_core/task/python/colcon_distutils_commands:/Users/mafu/Desktop/robotics/Assignment3/ros2_ws/install/cpmr_ch2/lib/python3.10/site-packages:${PYTHONPATH} SHLVL=2 _=/Users/mafu/miniforge3/envs/ros_env/bin/env /Users/mafu/miniforge3/envs/ros_env/bin/python3.10 -W ignore:setup.py install is deprecated setup.py egg_info --egg-base ../../build/cpmr_ch2 build --build-base /Users/mafu/Desktop/robotics/Assignment3/ros2_ws/build/cpmr_ch2/build install --record /Users/mafu/Desktop/robotics/Assignment3/ros2_ws/build/cpmr_ch2/install.log --single-version-externally-managed install_data
