running egg_info
creating ../../build/cpmr_ch5/cpmr_ch5.egg-info
writing ../../build/cpmr_ch5/cpmr_ch5.egg-info/PKG-INFO
writing dependency_links to ../../build/cpmr_ch5/cpmr_ch5.egg-info/dependency_links.txt
writing entry points to ../../build/cpmr_ch5/cpmr_ch5.egg-info/entry_points.txt
writing requirements to ../../build/cpmr_ch5/cpmr_ch5.egg-info/requires.txt
writing top-level names to ../../build/cpmr_ch5/cpmr_ch5.egg-info/top_level.txt
writing manifest file '../../build/cpmr_ch5/cpmr_ch5.egg-info/SOURCES.txt'
reading manifest file '../../build/cpmr_ch5/cpmr_ch5.egg-info/SOURCES.txt'
writing manifest file '../../build/cpmr_ch5/cpmr_ch5.egg-info/SOURCES.txt'
running build
running build_py
creating /Users/mafu/Desktop/EECS_4421_Robotics/Labs/Lab4/CPMR3/ros2_ws/build/cpmr_ch5/build
creating /Users/mafu/Desktop/EECS_4421_Robotics/Labs/Lab4/CPMR3/ros2_ws/build/cpmr_ch5/build/lib
creating /Users/mafu/Desktop/EECS_4421_Robotics/Labs/Lab4/CPMR3/ros2_ws/build/cpmr_ch5/build/lib/cpmr_ch5
copying cpmr_ch5/aruco_target.py -> /Users/mafu/Desktop/EECS_4421_Robotics/Labs/Lab4/CPMR3/ros2_ws/build/cpmr_ch5/build/lib/cpmr_ch5
copying cpmr_ch5/opencv_camera.py -> /Users/mafu/Desktop/EECS_4421_Robotics/Labs/Lab4/CPMR3/ros2_ws/build/cpmr_ch5/build/lib/cpmr_ch5
copying cpmr_ch5/view_camera.py -> /Users/mafu/Desktop/EECS_4421_Robotics/Labs/Lab4/CPMR3/ros2_ws/build/cpmr_ch5/build/lib/cpmr_ch5
copying cpmr_ch5/good_features.py -> /Users/mafu/Desktop/EECS_4421_Robotics/Labs/Lab4/CPMR3/ros2_ws/build/cpmr_ch5/build/lib/cpmr_ch5
copying cpmr_ch5/__init__.py -> /Users/mafu/Desktop/EECS_4421_Robotics/Labs/Lab4/CPMR3/ros2_ws/build/cpmr_ch5/build/lib/cpmr_ch5
copying cpmr_ch5/harris_corners.py -> /Users/mafu/Desktop/EECS_4421_Robotics/Labs/Lab4/CPMR3/ros2_ws/build/cpmr_ch5/build/lib/cpmr_ch5
copying cpmr_ch5/canny_edges.py -> /Users/mafu/Desktop/EECS_4421_Robotics/Labs/Lab4/CPMR3/ros2_ws/build/cpmr_ch5/build/lib/cpmr_ch5
copying cpmr_ch5/drive.py -> /Users/mafu/Desktop/EECS_4421_Robotics/Labs/Lab4/CPMR3/ros2_ws/build/cpmr_ch5/build/lib/cpmr_ch5
copying cpmr_ch5/opencv_camera_calibrated.py -> /Users/mafu/Desktop/EECS_4421_Robotics/Labs/Lab4/CPMR3/ros2_ws/build/cpmr_ch5/build/lib/cpmr_ch5
running install
running install_lib
creating /Users/mafu/Desktop/EECS_4421_Robotics/Labs/Lab4/CPMR3/ros2_ws/install/cpmr_ch5/lib/python3.11/site-packages/cpmr_ch5
copying /Users/mafu/Desktop/EECS_4421_Robotics/Labs/Lab4/CPMR3/ros2_ws/build/cpmr_ch5/build/lib/cpmr_ch5/aruco_target.py -> /Users/mafu/Desktop/EECS_4421_Robotics/Labs/Lab4/CPMR3/ros2_ws/install/cpmr_ch5/lib/python3.11/site-packages/cpmr_ch5
copying /Users/mafu/Desktop/EECS_4421_Robotics/Labs/Lab4/CPMR3/ros2_ws/build/cpmr_ch5/build/lib/cpmr_ch5/opencv_camera.py -> /Users/mafu/Desktop/EECS_4421_Robotics/Labs/Lab4/CPMR3/ros2_ws/install/cpmr_ch5/lib/python3.11/site-packages/cpmr_ch5
copying /Users/mafu/Desktop/EECS_4421_Robotics/Labs/Lab4/CPMR3/ros2_ws/build/cpmr_ch5/build/lib/cpmr_ch5/view_camera.py -> /Users/mafu/Desktop/EECS_4421_Robotics/Labs/Lab4/CPMR3/ros2_ws/install/cpmr_ch5/lib/python3.11/site-packages/cpmr_ch5
copying /Users/mafu/Desktop/EECS_4421_Robotics/Labs/Lab4/CPMR3/ros2_ws/build/cpmr_ch5/build/lib/cpmr_ch5/good_features.py -> /Users/mafu/Desktop/EECS_4421_Robotics/Labs/Lab4/CPMR3/ros2_ws/install/cpmr_ch5/lib/python3.11/site-packages/cpmr_ch5
copying /Users/mafu/Desktop/EECS_4421_Robotics/Labs/Lab4/CPMR3/ros2_ws/build/cpmr_ch5/build/lib/cpmr_ch5/__init__.py -> /Users/mafu/Desktop/EECS_4421_Robotics/Labs/Lab4/CPMR3/ros2_ws/install/cpmr_ch5/lib/python3.11/site-packages/cpmr_ch5
copying /Users/mafu/Desktop/EECS_4421_Robotics/Labs/Lab4/CPMR3/ros2_ws/build/cpmr_ch5/build/lib/cpmr_ch5/harris_corners.py -> /Users/mafu/Desktop/EECS_4421_Robotics/Labs/Lab4/CPMR3/ros2_ws/install/cpmr_ch5/lib/python3.11/site-packages/cpmr_ch5
copying /Users/mafu/Desktop/EECS_4421_Robotics/Labs/Lab4/CPMR3/ros2_ws/build/cpmr_ch5/build/lib/cpmr_ch5/canny_edges.py -> /Users/mafu/Desktop/EECS_4421_Robotics/Labs/Lab4/CPMR3/ros2_ws/install/cpmr_ch5/lib/python3.11/site-packages/cpmr_ch5
copying /Users/mafu/Desktop/EECS_4421_Robotics/Labs/Lab4/CPMR3/ros2_ws/build/cpmr_ch5/build/lib/cpmr_ch5/drive.py -> /Users/mafu/Desktop/EECS_4421_Robotics/Labs/Lab4/CPMR3/ros2_ws/install/cpmr_ch5/lib/python3.11/site-packages/cpmr_ch5
copying /Users/mafu/Desktop/EECS_4421_Robotics/Labs/Lab4/CPMR3/ros2_ws/build/cpmr_ch5/build/lib/cpmr_ch5/opencv_camera_calibrated.py -> /Users/mafu/Desktop/EECS_4421_Robotics/Labs/Lab4/CPMR3/ros2_ws/install/cpmr_ch5/lib/python3.11/site-packages/cpmr_ch5
byte-compiling /Users/mafu/Desktop/EECS_4421_Robotics/Labs/Lab4/CPMR3/ros2_ws/install/cpmr_ch5/lib/python3.11/site-packages/cpmr_ch5/aruco_target.py to aruco_target.cpython-311.pyc
byte-compiling /Users/mafu/Desktop/EECS_4421_Robotics/Labs/Lab4/CPMR3/ros2_ws/install/cpmr_ch5/lib/python3.11/site-packages/cpmr_ch5/opencv_camera.py to opencv_camera.cpython-311.pyc
byte-compiling /Users/mafu/Desktop/EECS_4421_Robotics/Labs/Lab4/CPMR3/ros2_ws/install/cpmr_ch5/lib/python3.11/site-packages/cpmr_ch5/view_camera.py to view_camera.cpython-311.pyc
byte-compiling /Users/mafu/Desktop/EECS_4421_Robotics/Labs/Lab4/CPMR3/ros2_ws/install/cpmr_ch5/lib/python3.11/site-packages/cpmr_ch5/good_features.py to good_features.cpython-311.pyc
byte-compiling /Users/mafu/Desktop/EECS_4421_Robotics/Labs/Lab4/CPMR3/ros2_ws/install/cpmr_ch5/lib/python3.11/site-packages/cpmr_ch5/__init__.py to __init__.cpython-311.pyc
byte-compiling /Users/mafu/Desktop/EECS_4421_Robotics/Labs/Lab4/CPMR3/ros2_ws/install/cpmr_ch5/lib/python3.11/site-packages/cpmr_ch5/harris_corners.py to harris_corners.cpython-311.pyc
byte-compiling /Users/mafu/Desktop/EECS_4421_Robotics/Labs/Lab4/CPMR3/ros2_ws/install/cpmr_ch5/lib/python3.11/site-packages/cpmr_ch5/canny_edges.py to canny_edges.cpython-311.pyc
byte-compiling /Users/mafu/Desktop/EECS_4421_Robotics/Labs/Lab4/CPMR3/ros2_ws/install/cpmr_ch5/lib/python3.11/site-packages/cpmr_ch5/drive.py to drive.cpython-311.pyc
byte-compiling /Users/mafu/Desktop/EECS_4421_Robotics/Labs/Lab4/CPMR3/ros2_ws/install/cpmr_ch5/lib/python3.11/site-packages/cpmr_ch5/opencv_camera_calibrated.py to opencv_camera_calibrated.cpython-311.pyc
running install_data
creating /Users/mafu/Desktop/EECS_4421_Robotics/Labs/Lab4/CPMR3/ros2_ws/install/cpmr_ch5/share/ament_index
creating /Users/mafu/Desktop/EECS_4421_Robotics/Labs/Lab4/CPMR3/ros2_ws/install/cpmr_ch5/share/ament_index/resource_index
creating /Users/mafu/Desktop/EECS_4421_Robotics/Labs/Lab4/CPMR3/ros2_ws/install/cpmr_ch5/share/ament_index/resource_index/packages
copying resource/cpmr_ch5 -> /Users/mafu/Desktop/EECS_4421_Robotics/Labs/Lab4/CPMR3/ros2_ws/install/cpmr_ch5/share/ament_index/resource_index/packages
copying package.xml -> /Users/mafu/Desktop/EECS_4421_Robotics/Labs/Lab4/CPMR3/ros2_ws/install/cpmr_ch5/share/cpmr_ch5
copying launch/camera-robot.launch.py -> /Users/mafu/Desktop/EECS_4421_Robotics/Labs/Lab4/CPMR3/ros2_ws/install/cpmr_ch5/share/cpmr_ch5
copying launch/good-features-camera-robot.launch.py -> /Users/mafu/Desktop/EECS_4421_Robotics/Labs/Lab4/CPMR3/ros2_ws/install/cpmr_ch5/share/cpmr_ch5
copying launch/aruco-robot.launch.py -> /Users/mafu/Desktop/EECS_4421_Robotics/Labs/Lab4/CPMR3/ros2_ws/install/cpmr_ch5/share/cpmr_ch5
copying launch/view-camera-robot.launch.py -> /Users/mafu/Desktop/EECS_4421_Robotics/Labs/Lab4/CPMR3/ros2_ws/install/cpmr_ch5/share/cpmr_ch5
copying launch/harris-corners-camera-robot.launch.py -> /Users/mafu/Desktop/EECS_4421_Robotics/Labs/Lab4/CPMR3/ros2_ws/install/cpmr_ch5/share/cpmr_ch5
copying launch/canny-edges-camera-robot.launch.py -> /Users/mafu/Desktop/EECS_4421_Robotics/Labs/Lab4/CPMR3/ros2_ws/install/cpmr_ch5/share/cpmr_ch5
copying urdf/scout-camera.urdf.xacro -> /Users/mafu/Desktop/EECS_4421_Robotics/Labs/Lab4/CPMR3/ros2_ws/install/cpmr_ch5/share/cpmr_ch5
copying urdf/colors.xacro -> /Users/mafu/Desktop/EECS_4421_Robotics/Labs/Lab4/CPMR3/ros2_ws/install/cpmr_ch5/share/cpmr_ch5
running install_egg_info
Copying ../../build/cpmr_ch5/cpmr_ch5.egg-info to /Users/mafu/Desktop/EECS_4421_Robotics/Labs/Lab4/CPMR3/ros2_ws/install/cpmr_ch5/lib/python3.11/site-packages/cpmr_ch5-3.1.0-py3.11.egg-info
running install_scripts
Installing aruco_target script to /Users/mafu/Desktop/EECS_4421_Robotics/Labs/Lab4/CPMR3/ros2_ws/install/cpmr_ch5/lib/cpmr_ch5
Installing canny_edges script to /Users/mafu/Desktop/EECS_4421_Robotics/Labs/Lab4/CPMR3/ros2_ws/install/cpmr_ch5/lib/cpmr_ch5
Installing drive script to /Users/mafu/Desktop/EECS_4421_Robotics/Labs/Lab4/CPMR3/ros2_ws/install/cpmr_ch5/lib/cpmr_ch5
Installing good_features script to /Users/mafu/Desktop/EECS_4421_Robotics/Labs/Lab4/CPMR3/ros2_ws/install/cpmr_ch5/lib/cpmr_ch5
Installing harris_corners script to /Users/mafu/Desktop/EECS_4421_Robotics/Labs/Lab4/CPMR3/ros2_ws/install/cpmr_ch5/lib/cpmr_ch5
Installing opencv_camera script to /Users/mafu/Desktop/EECS_4421_Robotics/Labs/Lab4/CPMR3/ros2_ws/install/cpmr_ch5/lib/cpmr_ch5
Installing opencv_camera_calibrated script to /Users/mafu/Desktop/EECS_4421_Robotics/Labs/Lab4/CPMR3/ros2_ws/install/cpmr_ch5/lib/cpmr_ch5
Installing view_camera script to /Users/mafu/Desktop/EECS_4421_Robotics/Labs/Lab4/CPMR3/ros2_ws/install/cpmr_ch5/lib/cpmr_ch5
writing list of installed files to '/Users/mafu/Desktop/EECS_4421_Robotics/Labs/Lab4/CPMR3/ros2_ws/build/cpmr_ch5/install.log'
