[1.134s] Invoking command in '/Users/mafu/Desktop/robotics/Assignment3/ros2_ws/src/cpmr_ch8': CONDA_PROMPT_MODIFIER=(ros_env) PYTHONPATH=/Users/mafu/Desktop/robotics/Assignment3/ros2_ws/build/cpmr_ch8/prefix_override:/Users/mafu/miniforge3/envs/ros_env/lib/python3.10/site-packages/colcon_core/task/python/colcon_distutils_commands:/Users/mafu/Desktop/robotics/Assignment3/ros2_ws/install/cpmr_ch8/lib/python3.10/site-packages:${PYTHONPATH} SHLVL=2 _=/Users/mafu/miniforge3/envs/ros_env/bin/env /Users/mafu/miniforge3/envs/ros_env/bin/python3.10 -W ignore:setup.py install is deprecated setup.py egg_info --egg-base ../../build/cpmr_ch8 build --build-base /Users/mafu/Desktop/robotics/Assignment3/ros2_ws/build/cpmr_ch8/build install --record /Users/mafu/Desktop/robotics/Assignment3/ros2_ws/build/cpmr_ch8/install.log --single-version-externally-managed install_data
[1.634s] running egg_info
[1.670s] writing ../../build/cpmr_ch8/cpmr_ch8.egg-info/PKG-INFO
[1.698s] writing dependency_links to ../../build/cpmr_ch8/cpmr_ch8.egg-info/dependency_links.txt
[1.781s] writing entry points to ../../build/cpmr_ch8/cpmr_ch8.egg-info/entry_points.txt
[1.836s] writing requirements to ../../build/cpmr_ch8/cpmr_ch8.egg-info/requires.txt
[1.863s] writing top-level names to ../../build/cpmr_ch8/cpmr_ch8.egg-info/top_level.txt
[1.912s] reading manifest file '../../build/cpmr_ch8/cpmr_ch8.egg-info/SOURCES.txt'
[1.912s] writing manifest file '../../build/cpmr_ch8/cpmr_ch8.egg-info/SOURCES.txt'
[1.913s] running build
[1.913s] running build_py
[1.913s] running install
[1.916s] running install_lib
[1.953s] running install_data
[1.954s] copying launch/robot.launch.py -> /Users/mafu/Desktop/robotics/Assignment3/ros2_ws/install/cpmr_ch8/share/cpmr_ch8
[1.954s] copying launch/apartment.launch.py -> /Users/mafu/Desktop/robotics/Assignment3/ros2_ws/install/cpmr_ch8/share/cpmr_ch8
[1.954s] running install_egg_info
[1.991s] removing '/Users/mafu/Desktop/robotics/Assignment3/ros2_ws/install/cpmr_ch8/lib/python3.10/site-packages/cpmr_ch8-3.1.0-py3.10.egg-info' (and everything under it)
[1.992s] Copying ../../build/cpmr_ch8/cpmr_ch8.egg-info to /Users/mafu/Desktop/robotics/Assignment3/ros2_ws/install/cpmr_ch8/lib/python3.10/site-packages/cpmr_ch8-3.1.0-py3.10.egg-info
[1.994s] running install_scripts
[2.082s] Installing drive_to_goal script to /Users/mafu/Desktop/robotics/Assignment3/ros2_ws/install/cpmr_ch8/lib/cpmr_ch8
[2.082s] Installing find_path script to /Users/mafu/Desktop/robotics/Assignment3/ros2_ws/install/cpmr_ch8/lib/cpmr_ch8
[2.082s] Installing fsm script to /Users/mafu/Desktop/robotics/Assignment3/ros2_ws/install/cpmr_ch8/lib/cpmr_ch8
[2.082s] Installing subsumption script to /Users/mafu/Desktop/robotics/Assignment3/ros2_ws/install/cpmr_ch8/lib/cpmr_ch8
[2.082s] Installing view_camera script to /Users/mafu/Desktop/robotics/Assignment3/ros2_ws/install/cpmr_ch8/lib/cpmr_ch8
[2.083s] writing list of installed files to '/Users/mafu/Desktop/robotics/Assignment3/ros2_ws/build/cpmr_ch8/install.log'
[2.100s] Invoked command in '/Users/mafu/Desktop/robotics/Assignment3/ros2_ws/src/cpmr_ch8' returned '0': CONDA_PROMPT_MODIFIER=(ros_env) PYTHONPATH=/Users/mafu/Desktop/robotics/Assignment3/ros2_ws/build/cpmr_ch8/prefix_override:/Users/mafu/miniforge3/envs/ros_env/lib/python3.10/site-packages/colcon_core/task/python/colcon_distutils_commands:/Users/mafu/Desktop/robotics/Assignment3/ros2_ws/install/cpmr_ch8/lib/python3.10/site-packages:${PYTHONPATH} SHLVL=2 _=/Users/mafu/miniforge3/envs/ros_env/bin/env /Users/mafu/miniforge3/envs/ros_env/bin/python3.10 -W ignore:setup.py install is deprecated setup.py egg_info --egg-base ../../build/cpmr_ch8 build --build-base /Users/mafu/Desktop/robotics/Assignment3/ros2_ws/build/cpmr_ch8/build install --record /Users/mafu/Desktop/robotics/Assignment3/ros2_ws/build/cpmr_ch8/install.log --single-version-externally-managed install_data
