[0.000000] (-) TimerEvent: {}
[0.000165] (cpmr_apb) JobQueued: {'identifier': 'cpmr_apb', 'dependencies': OrderedDict()}
[0.000204] (cpmr_ch11) JobQueued: {'identifier': 'cpmr_ch11', 'dependencies': OrderedDict()}
[0.000303] (cpmr_ch12) JobQueued: {'identifier': 'cpmr_ch12', 'dependencies': OrderedDict()}
[0.000343] (cpmr_ch2) JobQueued: {'identifier': 'cpmr_ch2', 'dependencies': OrderedDict()}
[0.000404] (cpmr_ch4) JobQueued: {'identifier': 'cpmr_ch4', 'dependencies': OrderedDict()}
[0.000461] (cpmr_ch5) JobQueued: {'identifier': 'cpmr_ch5', 'dependencies': OrderedDict()}
[0.000478] (cpmr_ch6) JobQueued: {'identifier': 'cpmr_ch6', 'dependencies': OrderedDict()}
[0.000491] (cpmr_ch7) JobQueued: {'identifier': 'cpmr_ch7', 'dependencies': OrderedDict()}
[0.000505] (cpmr_ch8) JobQueued: {'identifier': 'cpmr_ch8', 'dependencies': OrderedDict()}
[0.000526] (cpmr_apb) JobStarted: {'identifier': 'cpmr_apb'}
[0.012252] (cpmr_ch11) JobStarted: {'identifier': 'cpmr_ch11'}
[0.017574] (cpmr_ch12) JobStarted: {'identifier': 'cpmr_ch12'}
[0.023026] (cpmr_ch2) JobStarted: {'identifier': 'cpmr_ch2'}
[0.028285] (cpmr_ch4) JobStarted: {'identifier': 'cpmr_ch4'}
[0.032833] (cpmr_ch5) JobStarted: {'identifier': 'cpmr_ch5'}
[0.037328] (cpmr_ch6) JobStarted: {'identifier': 'cpmr_ch6'}
[0.043140] (cpmr_ch7) JobStarted: {'identifier': 'cpmr_ch7'}
[0.105266] (-) TimerEvent: {}
[0.208441] (-) TimerEvent: {}
[0.259635] (cpmr_ch12) StderrLine: {'line': b'Traceback (most recent call last):\n  File "/Users/mafu/miniconda3/envs/ros2/lib/python3.10/site-packages/colcon_core/executor/__init__.py", line 91, in __call__\n    rc = await self.task(*args, **kwargs)\n         ^^^^^^^^^^^^^^^^^^^^^^^^^^^^^^^^\n  File "/Users/mafu/miniconda3/envs/ros2/lib/python3.10/site-packages/colcon_core/task/__init__.py", line 93, in __call__\n    return await task_method(*args, **kwargs)\n           ^^^^^^^^^^^^^^^^^^^^^^^^^^^^^^^^^^\n  File "/Users/mafu/miniconda3/envs/ros2/lib/python3.10/site-packages/colcon_ros/task/ament_python/build.py", line 102, in build\n    return await extension.build(additional_hooks=additional_hooks)\n           ^^^^^^^^^^^^^^^^^^^^^^^^^^^^^^^^^^^^^^^^^^^^^^^^^^^^^^^^\n  File "/Users/mafu/miniconda3/envs/ros2/lib/python3.10/site-packages/colcon_core/task/python/build.py", line 94, in build\n    available_commands = await self._get_available_commands(\n                         ^^^^^^^^^^^^^^^^^^^^^^^^^^^^^^^^^^^\n  File "/Users/mafu/miniconda3/envs/ros2/lib/python3.10/site-packages/colcon_core/task/python/build.py", line 192, in _get_available_commands\n    output = await check_output(\n             ^^^^^^^^^^^^^^^^^^^\n  File "/Users/mafu/miniconda3/envs/ros2/lib/python3.10/site-packages/colcon_core/subprocess.py", line 129, in check_output\n    assert not rc, f\'Expected {args} to pass: {stderr_data}\'\nAssertionError: Expected [\'/Library/Frameworks/Python.framework/Versions/3.12/bin/python3\', \'-W\', \'ignore:setup.py install is deprecated\', \'setup.py\', \'--help-commands\'] to pass: Traceback (most recent call last):\n  File "/Users/mafu/Desktop/EECS_4421_Robotics/Labs/Lab3/CPMR3/ros2_ws/src/cpmr_ch12/setup.py", line 3, in <module>\n    from setuptools import setup\n  File "/Users/mafu/miniconda3/envs/ros2/lib/python3.10/site-packages/setuptools/__init__.py", line 14, in <module>\n    import setuptools.version\n  File "/Users/mafu/miniconda3/envs/ros2/lib/python3.10/site-packages/setuptools/version.py", line 1, in <module>\n    import pkg_resources\n  File "/Users/mafu/miniconda3/envs/ros2/lib/python3.10/site-packages/pkg_resources/__init__.py", line 2178, in <module>\n    register_finder(pkgutil.ImpImporter, find_on_path)\n                    ^^^^^^^^^^^^^^^^^^^\nAttributeError: module \'pkgutil\' has no attribute \'ImpImporter\'. Did you mean: \'zipimporter\'?\n\n'}
[0.262000] (cpmr_ch12) JobEnded: {'identifier': 'cpmr_ch12', 'rc': 1}
[0.263030] (cpmr_apb) JobEnded: {'identifier': 'cpmr_apb', 'rc': 'SIGINT'}
[0.265570] (cpmr_ch11) JobEnded: {'identifier': 'cpmr_ch11', 'rc': 'SIGINT'}
[0.271883] (cpmr_ch5) JobEnded: {'identifier': 'cpmr_ch5', 'rc': 'SIGINT'}
[0.277116] (cpmr_ch2) JobEnded: {'identifier': 'cpmr_ch2', 'rc': 'SIGINT'}
[0.288230] (cpmr_ch4) JobEnded: {'identifier': 'cpmr_ch4', 'rc': 'SIGINT'}
[0.296448] (cpmr_ch6) JobEnded: {'identifier': 'cpmr_ch6', 'rc': 'SIGINT'}
[0.311279] (-) TimerEvent: {}
[0.312786] (cpmr_ch7) JobEnded: {'identifier': 'cpmr_ch7', 'rc': 'SIGINT'}
[0.313381] (cpmr_ch8) JobSkipped: {'identifier': 'cpmr_ch8'}
[0.313395] (-) EventReactorShutdown: {}
