/opt/miniconda3/envs/ros2/lib/python3.11/site-packages/setuptools/_distutils/dist.py:261: UserWarning: Unknown distribution option: 'tests_require'
  warnings.warn(msg)
running develop
/opt/miniconda3/envs/ros2/lib/python3.11/site-packages/setuptools/command/develop.py:41: EasyInstallDeprecationWarning: easy_install command is deprecated.
!!

        ********************************************************************************
        Please avoid running ``setup.py`` and ``easy_install``.
        Instead, use pypa/build, pypa/installer or other
        standards-based tools.

        See https://github.com/pypa/setuptools/issues/917 for details.
        ********************************************************************************

!!
  easy_install.initialize_options(self)
/opt/miniconda3/envs/ros2/lib/python3.11/site-packages/setuptools/_distutils/dist.py:261: UserWarning: Unknown distribution option: 'tests_require'
  warnings.warn(msg)
running egg_info
writing ../../build/cpmr_ch4/cpmr_ch4.egg-info/PKG-INFO
writing dependency_links to ../../build/cpmr_ch4/cpmr_ch4.egg-info/dependency_links.txt
writing entry points to ../../build/cpmr_ch4/cpmr_ch4.egg-info/entry_points.txt
writing requirements to ../../build/cpmr_ch4/cpmr_ch4.egg-info/requires.txt
writing top-level names to ../../build/cpmr_ch4/cpmr_ch4.egg-info/top_level.txt
reading manifest file '../../build/cpmr_ch4/cpmr_ch4.egg-info/SOURCES.txt'
writing manifest file '../../build/cpmr_ch4/cpmr_ch4.egg-info/SOURCES.txt'
running build
running build_py
running install
running install_lib
copying /Users/mafu/Library/CloudStorage/GoogleDrive-mafu@my.yorku.ca/Other computers/My Laptop/E:/0.2 Fall 2024/EECS_4421_Robotics/Labs/Lab2/CPMR3/ros2_ws/build/cpmr_ch4/build/lib/cpmr_ch4/__init__.py -> /opt/miniconda3/envs/ros2/lib/python3.11/site-packages/cpmr_ch4
copying /Users/mafu/Library/CloudStorage/GoogleDrive-mafu@my.yorku.ca/Other computers/My Laptop/E:/0.2 Fall 2024/EECS_4421_Robotics/Labs/Lab2/CPMR3/ros2_ws/build/cpmr_ch4/build/lib/cpmr_ch4/collect_lidar.py -> /opt/miniconda3/envs/ros2/lib/python3.11/site-packages/cpmr_ch4
running install_data
copying resource/cpmr_ch4 -> /opt/miniconda3/envs/ros2/share/ament_index/resource_index/packages
copying package.xml -> /opt/miniconda3/envs/ros2/share/cpmr_ch4
copying launch/lidar-collector.launch.py -> /opt/miniconda3/envs/ros2/share/cpmr_ch4
copying launch/bumper-robot.launch.py -> /opt/miniconda3/envs/ros2/share/cpmr_ch4
copying launch/sonar-robot.launch.py -> /opt/miniconda3/envs/ros2/share/cpmr_ch4
copying launch/laser-robot.launch.py -> /opt/miniconda3/envs/ros2/share/cpmr_ch4
copying launch/imu-robot.launch.py -> /opt/miniconda3/envs/ros2/share/cpmr_ch4
copying urdf/scout-bumper.urdf.xacro -> /opt/miniconda3/envs/ros2/share/cpmr_ch4
copying urdf/scout-sonar.urdf.xacro -> /opt/miniconda3/envs/ros2/share/cpmr_ch4
copying urdf/scout-laser.urdf.xacro -> /opt/miniconda3/envs/ros2/share/cpmr_ch4
copying urdf/scout-imu.urdf.xacro -> /opt/miniconda3/envs/ros2/share/cpmr_ch4
copying urdf/colors.xacro -> /opt/miniconda3/envs/ros2/share/cpmr_ch4
running install_egg_info
removing '/opt/miniconda3/envs/ros2/lib/python3.11/site-packages/cpmr_ch4-3.1.0-py3.11.egg-info' (and everything under it)
Copying ../../build/cpmr_ch4/cpmr_ch4.egg-info to /opt/miniconda3/envs/ros2/lib/python3.11/site-packages/cpmr_ch4-3.1.0-py3.11.egg-info
running install_scripts
Installing collect_lidar script to /opt/miniconda3/envs/ros2/lib/cpmr_ch4
writing list of installed files to '/Users/mafu/Library/CloudStorage/GoogleDrive-mafu@my.yorku.ca/Other computers/My Laptop/E:/0.2 Fall 2024/EECS_4421_Robotics/Labs/Lab2/CPMR3/ros2_ws/build/cpmr_ch4/install.log'
