[4.624s] Invoking command in '/Users/mafu/Library/CloudStorage/GoogleDrive-mafu@my.yorku.ca/Other computers/My Laptop/E:/0.2 Fall 2024/EECS_4421_Robotics/Labs/Lab2/CPMR3/ros2_ws/src/cpmr_apb': CONDA_PROMPT_MODIFIER=(ros2) PYTHONPATH=/Users/mafu/Library/CloudStorage/GoogleDrive-mafu@my.yorku.ca/Other computers/My Laptop/E:/0.2 Fall 2024/EECS_4421_Robotics/Labs/Lab2/CPMR3/ros2_ws/build/cpmr_apb/prefix_override:/Users/mafu/miniforge3/envs/ros2/lib/python3.10/site-packages/colcon_core/task/python/colcon_distutils_commands:/Users/mafu/Library/CloudStorage/GoogleDrive-mafu@my.yorku.ca/Other computers/My Laptop/E:/0.2 Fall 2024/EECS_4421_Robotics/Labs/Lab2/CPMR3/ros2_ws/install/cpmr_apb/lib/python3.10/site-packages:${PYTHONPATH} SHLVL=2 _=/Users/mafu/miniforge3/envs/ros2/bin/env __CF_USER_TEXT_ENCODING=0x1F5:0x0:0x52 /Users/mafu/miniforge3/envs/ros2/bin/python3.10 -W ignore:setup.py install is deprecated setup.py egg_info --egg-base ../../build/cpmr_apb build --build-base /Users/mafu/Library/CloudStorage/GoogleDrive-mafu@my.yorku.ca/Other computers/My Laptop/E:/0.2 Fall 2024/EECS_4421_Robotics/Labs/Lab2/CPMR3/ros2_ws/build/cpmr_apb/build install --record /Users/mafu/Library/CloudStorage/GoogleDrive-mafu@my.yorku.ca/Other computers/My Laptop/E:/0.2 Fall 2024/EECS_4421_Robotics/Labs/Lab2/CPMR3/ros2_ws/build/cpmr_apb/install.log --single-version-externally-managed install_data
[5.551s] running egg_info
[5.621s] writing ../../build/cpmr_apb/cpmr_apb.egg-info/PKG-INFO
[5.658s] writing dependency_links to ../../build/cpmr_apb/cpmr_apb.egg-info/dependency_links.txt
[5.815s] writing entry points to ../../build/cpmr_apb/cpmr_apb.egg-info/entry_points.txt
[5.902s] writing requirements to ../../build/cpmr_apb/cpmr_apb.egg-info/requires.txt
[5.944s] writing top-level names to ../../build/cpmr_apb/cpmr_apb.egg-info/top_level.txt
[6.029s] reading manifest file '../../build/cpmr_apb/cpmr_apb.egg-info/SOURCES.txt'
[6.029s] writing manifest file '../../build/cpmr_apb/cpmr_apb.egg-info/SOURCES.txt'
[6.029s] running build
[6.029s] running build_py
[6.030s] running install
[6.031s] running install_lib
[6.088s] running install_data
[6.089s] running install_egg_info
[6.148s] removing '/Users/mafu/miniforge3/envs/ros2/lib/python3.10/site-packages/cpmr_apb-3.1.0-py3.10.egg-info' (and everything under it)
[6.150s] Copying ../../build/cpmr_apb/cpmr_apb.egg-info to /Users/mafu/miniforge3/envs/ros2/lib/python3.10/site-packages/cpmr_apb-3.1.0-py3.10.egg-info
[6.157s] running install_scripts
[6.309s] Installing depopulate_world script to /Users/mafu/miniforge3/envs/ros2/lib/cpmr_apb
[6.310s] Installing populate_world script to /Users/mafu/miniforge3/envs/ros2/lib/cpmr_apb
[6.318s] writing list of installed files to '/Users/mafu/Library/CloudStorage/GoogleDrive-mafu@my.yorku.ca/Other computers/My Laptop/E:/0.2 Fall 2024/EECS_4421_Robotics/Labs/Lab2/CPMR3/ros2_ws/build/cpmr_apb/install.log'
[6.352s] Invoked command in '/Users/mafu/Library/CloudStorage/GoogleDrive-mafu@my.yorku.ca/Other computers/My Laptop/E:/0.2 Fall 2024/EECS_4421_Robotics/Labs/Lab2/CPMR3/ros2_ws/src/cpmr_apb' returned '0': CONDA_PROMPT_MODIFIER=(ros2) PYTHONPATH=/Users/mafu/Library/CloudStorage/GoogleDrive-mafu@my.yorku.ca/Other computers/My Laptop/E:/0.2 Fall 2024/EECS_4421_Robotics/Labs/Lab2/CPMR3/ros2_ws/build/cpmr_apb/prefix_override:/Users/mafu/miniforge3/envs/ros2/lib/python3.10/site-packages/colcon_core/task/python/colcon_distutils_commands:/Users/mafu/Library/CloudStorage/GoogleDrive-mafu@my.yorku.ca/Other computers/My Laptop/E:/0.2 Fall 2024/EECS_4421_Robotics/Labs/Lab2/CPMR3/ros2_ws/install/cpmr_apb/lib/python3.10/site-packages:${PYTHONPATH} SHLVL=2 _=/Users/mafu/miniforge3/envs/ros2/bin/env __CF_USER_TEXT_ENCODING=0x1F5:0x0:0x52 /Users/mafu/miniforge3/envs/ros2/bin/python3.10 -W ignore:setup.py install is deprecated setup.py egg_info --egg-base ../../build/cpmr_apb build --build-base /Users/mafu/Library/CloudStorage/GoogleDrive-mafu@my.yorku.ca/Other computers/My Laptop/E:/0.2 Fall 2024/EECS_4421_Robotics/Labs/Lab2/CPMR3/ros2_ws/build/cpmr_apb/build install --record /Users/mafu/Library/CloudStorage/GoogleDrive-mafu@my.yorku.ca/Other computers/My Laptop/E:/0.2 Fall 2024/EECS_4421_Robotics/Labs/Lab2/CPMR3/ros2_ws/build/cpmr_apb/install.log --single-version-externally-managed install_data
