[2.151s] Invoking command in '/Users/mafu/Library/CloudStorage/GoogleDrive-mafu@my.yorku.ca/Other computers/My Laptop/E:/0.2 Fall 2024/EECS_4421_Robotics/Labs/Lab2/CPMR3/ros2_ws/src/cpmr_ch5': CONDA_PROMPT_MODIFIER=(ros_env) PYTHONPATH=/Users/mafu/Library/CloudStorage/GoogleDrive-mafu@my.yorku.ca/Other computers/My Laptop/E:/0.2 Fall 2024/EECS_4421_Robotics/Labs/Lab2/CPMR3/ros2_ws/build/cpmr_ch5/prefix_override:/opt/miniconda3/envs/ros_env/lib/python3.11/site-packages/colcon_core/task/python/colcon_distutils_commands:/Users/mafu/Library/CloudStorage/GoogleDrive-mafu@my.yorku.ca/Other computers/My Laptop/E:/0.2 Fall 2024/EECS_4421_Robotics/Labs/Lab2/CPMR3/ros2_ws/install/cpmr_ch5/lib/python3.11/site-packages:${PYTHONPATH} SHLVL=2 _=/opt/miniconda3/envs/ros_env/bin/env __CF_USER_TEXT_ENCODING=0x1F5:0x0:0x52 /opt/miniconda3/envs/ros_env/bin/python3.11 -W ignore:setup.py install is deprecated setup.py egg_info --egg-base ../../build/cpmr_ch5 build --build-base /Users/mafu/Library/CloudStorage/GoogleDrive-mafu@my.yorku.ca/Other computers/My Laptop/E:/0.2 Fall 2024/EECS_4421_Robotics/Labs/Lab2/CPMR3/ros2_ws/build/cpmr_ch5/build install --record /Users/mafu/Library/CloudStorage/GoogleDrive-mafu@my.yorku.ca/Other computers/My Laptop/E:/0.2 Fall 2024/EECS_4421_Robotics/Labs/Lab2/CPMR3/ros2_ws/build/cpmr_ch5/install.log --single-version-externally-managed install_data
[2.414s] /opt/miniconda3/envs/ros_env/lib/python3.11/site-packages/setuptools/_distutils/dist.py:261: UserWarning: Unknown distribution option: 'tests_require'
[2.414s]   warnings.warn(msg)
[2.560s] running egg_info
[2.584s] writing ../../build/cpmr_ch5/cpmr_ch5.egg-info/PKG-INFO
[2.586s] writing dependency_links to ../../build/cpmr_ch5/cpmr_ch5.egg-info/dependency_links.txt
[2.586s] writing entry points to ../../build/cpmr_ch5/cpmr_ch5.egg-info/entry_points.txt
[2.586s] writing requirements to ../../build/cpmr_ch5/cpmr_ch5.egg-info/requires.txt
[2.587s] writing top-level names to ../../build/cpmr_ch5/cpmr_ch5.egg-info/top_level.txt
[2.606s] reading manifest file '../../build/cpmr_ch5/cpmr_ch5.egg-info/SOURCES.txt'
[2.607s] writing manifest file '../../build/cpmr_ch5/cpmr_ch5.egg-info/SOURCES.txt'
[2.607s] running build
[2.609s] running build_py
[2.609s] running install
[2.612s] running install_lib
[2.622s] copying /Users/mafu/Library/CloudStorage/GoogleDrive-mafu@my.yorku.ca/Other computers/My Laptop/E:/0.2 Fall 2024/EECS_4421_Robotics/Labs/Lab2/CPMR3/ros2_ws/build/cpmr_ch5/build/lib/cpmr_ch5/aruco_target.py -> /opt/miniconda3/envs/ros_env/lib/python3.11/site-packages/cpmr_ch5
[2.623s] copying /Users/mafu/Library/CloudStorage/GoogleDrive-mafu@my.yorku.ca/Other computers/My Laptop/E:/0.2 Fall 2024/EECS_4421_Robotics/Labs/Lab2/CPMR3/ros2_ws/build/cpmr_ch5/build/lib/cpmr_ch5/opencv_camera.py -> /opt/miniconda3/envs/ros_env/lib/python3.11/site-packages/cpmr_ch5
[2.623s] copying /Users/mafu/Library/CloudStorage/GoogleDrive-mafu@my.yorku.ca/Other computers/My Laptop/E:/0.2 Fall 2024/EECS_4421_Robotics/Labs/Lab2/CPMR3/ros2_ws/build/cpmr_ch5/build/lib/cpmr_ch5/view_camera.py -> /opt/miniconda3/envs/ros_env/lib/python3.11/site-packages/cpmr_ch5
[2.623s] copying /Users/mafu/Library/CloudStorage/GoogleDrive-mafu@my.yorku.ca/Other computers/My Laptop/E:/0.2 Fall 2024/EECS_4421_Robotics/Labs/Lab2/CPMR3/ros2_ws/build/cpmr_ch5/build/lib/cpmr_ch5/good_features.py -> /opt/miniconda3/envs/ros_env/lib/python3.11/site-packages/cpmr_ch5
[2.624s] copying /Users/mafu/Library/CloudStorage/GoogleDrive-mafu@my.yorku.ca/Other computers/My Laptop/E:/0.2 Fall 2024/EECS_4421_Robotics/Labs/Lab2/CPMR3/ros2_ws/build/cpmr_ch5/build/lib/cpmr_ch5/__init__.py -> /opt/miniconda3/envs/ros_env/lib/python3.11/site-packages/cpmr_ch5
[5.442s] copying /Users/mafu/Library/CloudStorage/GoogleDrive-mafu@my.yorku.ca/Other computers/My Laptop/E:/0.2 Fall 2024/EECS_4421_Robotics/Labs/Lab2/CPMR3/ros2_ws/build/cpmr_ch5/build/lib/cpmr_ch5/harris_corners.py -> /opt/miniconda3/envs/ros_env/lib/python3.11/site-packages/cpmr_ch5
[5.443s] copying /Users/mafu/Library/CloudStorage/GoogleDrive-mafu@my.yorku.ca/Other computers/My Laptop/E:/0.2 Fall 2024/EECS_4421_Robotics/Labs/Lab2/CPMR3/ros2_ws/build/cpmr_ch5/build/lib/cpmr_ch5/canny_edges.py -> /opt/miniconda3/envs/ros_env/lib/python3.11/site-packages/cpmr_ch5
[5.445s] byte-compiling /opt/miniconda3/envs/ros_env/lib/python3.11/site-packages/cpmr_ch5/aruco_target.py to aruco_target.cpython-311.pyc
[5.449s] byte-compiling /opt/miniconda3/envs/ros_env/lib/python3.11/site-packages/cpmr_ch5/opencv_camera.py to opencv_camera.cpython-311.pyc
[5.451s] byte-compiling /opt/miniconda3/envs/ros_env/lib/python3.11/site-packages/cpmr_ch5/view_camera.py to view_camera.cpython-311.pyc
[5.452s] byte-compiling /opt/miniconda3/envs/ros_env/lib/python3.11/site-packages/cpmr_ch5/good_features.py to good_features.cpython-311.pyc
[5.454s] byte-compiling /opt/miniconda3/envs/ros_env/lib/python3.11/site-packages/cpmr_ch5/__init__.py to __init__.cpython-311.pyc
[5.455s] byte-compiling /opt/miniconda3/envs/ros_env/lib/python3.11/site-packages/cpmr_ch5/harris_corners.py to harris_corners.cpython-311.pyc
[5.456s] byte-compiling /opt/miniconda3/envs/ros_env/lib/python3.11/site-packages/cpmr_ch5/canny_edges.py to canny_edges.cpython-311.pyc
[5.458s] running install_data
[5.459s] copying resource/cpmr_ch5 -> /opt/miniconda3/envs/ros_env/share/ament_index/resource_index/packages
[5.459s] copying package.xml -> /opt/miniconda3/envs/ros_env/share/cpmr_ch5
[5.460s] copying launch/camera-robot.launch.py -> /opt/miniconda3/envs/ros_env/share/cpmr_ch5
[5.461s] copying launch/good-features-camera-robot.launch.py -> /opt/miniconda3/envs/ros_env/share/cpmr_ch5
[5.461s] copying launch/aruco-robot.launch.py -> /opt/miniconda3/envs/ros_env/share/cpmr_ch5
[5.462s] copying launch/view-camera-robot.launch.py -> /opt/miniconda3/envs/ros_env/share/cpmr_ch5
[5.463s] copying launch/harrs-corners-camera-robot.launch.py -> /opt/miniconda3/envs/ros_env/share/cpmr_ch5
[5.463s] copying launch/canny-edges-camera-robot.launch.py -> /opt/miniconda3/envs/ros_env/share/cpmr_ch5
[5.464s] copying urdf/scout-camera.urdf.xacro -> /opt/miniconda3/envs/ros_env/share/cpmr_ch5
[5.466s] copying urdf/colors.xacro -> /opt/miniconda3/envs/ros_env/share/cpmr_ch5
[5.466s] running install_egg_info
[5.509s] removing '/opt/miniconda3/envs/ros_env/lib/python3.11/site-packages/cpmr_ch5-3.1.0-py3.11.egg-info' (and everything under it)
[5.510s] Copying ../../build/cpmr_ch5/cpmr_ch5.egg-info to /opt/miniconda3/envs/ros_env/lib/python3.11/site-packages/cpmr_ch5-3.1.0-py3.11.egg-info
[5.519s] running install_scripts
[5.682s] Installing aruco_target script to /opt/miniconda3/envs/ros_env/lib/cpmr_ch5
[5.703s] Installing canny_edges script to /opt/miniconda3/envs/ros_env/lib/cpmr_ch5
[5.703s] Installing good_features script to /opt/miniconda3/envs/ros_env/lib/cpmr_ch5
[5.703s] Installing harris_corners script to /opt/miniconda3/envs/ros_env/lib/cpmr_ch5
[5.703s] Installing opencv_camera script to /opt/miniconda3/envs/ros_env/lib/cpmr_ch5
[5.703s] Installing view_camera script to /opt/miniconda3/envs/ros_env/lib/cpmr_ch5
[5.703s] writing list of installed files to '/Users/mafu/Library/CloudStorage/GoogleDrive-mafu@my.yorku.ca/Other computers/My Laptop/E:/0.2 Fall 2024/EECS_4421_Robotics/Labs/Lab2/CPMR3/ros2_ws/build/cpmr_ch5/install.log'
[5.743s] Invoked command in '/Users/mafu/Library/CloudStorage/GoogleDrive-mafu@my.yorku.ca/Other computers/My Laptop/E:/0.2 Fall 2024/EECS_4421_Robotics/Labs/Lab2/CPMR3/ros2_ws/src/cpmr_ch5' returned '0': CONDA_PROMPT_MODIFIER=(ros_env) PYTHONPATH=/Users/mafu/Library/CloudStorage/GoogleDrive-mafu@my.yorku.ca/Other computers/My Laptop/E:/0.2 Fall 2024/EECS_4421_Robotics/Labs/Lab2/CPMR3/ros2_ws/build/cpmr_ch5/prefix_override:/opt/miniconda3/envs/ros_env/lib/python3.11/site-packages/colcon_core/task/python/colcon_distutils_commands:/Users/mafu/Library/CloudStorage/GoogleDrive-mafu@my.yorku.ca/Other computers/My Laptop/E:/0.2 Fall 2024/EECS_4421_Robotics/Labs/Lab2/CPMR3/ros2_ws/install/cpmr_ch5/lib/python3.11/site-packages:${PYTHONPATH} SHLVL=2 _=/opt/miniconda3/envs/ros_env/bin/env __CF_USER_TEXT_ENCODING=0x1F5:0x0:0x52 /opt/miniconda3/envs/ros_env/bin/python3.11 -W ignore:setup.py install is deprecated setup.py egg_info --egg-base ../../build/cpmr_ch5 build --build-base /Users/mafu/Library/CloudStorage/GoogleDrive-mafu@my.yorku.ca/Other computers/My Laptop/E:/0.2 Fall 2024/EECS_4421_Robotics/Labs/Lab2/CPMR3/ros2_ws/build/cpmr_ch5/build install --record /Users/mafu/Library/CloudStorage/GoogleDrive-mafu@my.yorku.ca/Other computers/My Laptop/E:/0.2 Fall 2024/EECS_4421_Robotics/Labs/Lab2/CPMR3/ros2_ws/build/cpmr_ch5/install.log --single-version-externally-managed install_data
