[0.385s] Invoking command in '/Users/mafu/Desktop/EECS_4421_Robotics/Labs/Lab4/CPMR3/ros2_ws/src/cpmr_ch2': CONDA_PROMPT_MODIFIER=(ros2) PYTHONPATH=/Users/mafu/Desktop/EECS_4421_Robotics/Labs/Lab4/CPMR3/ros2_ws/build/cpmr_ch2/prefix_override:/Users/mafu/miniconda3/envs/ros2/lib/python3.11/site-packages/colcon_core/task/python/colcon_distutils_commands:/Users/mafu/Desktop/EECS_4421_Robotics/Labs/Lab4/CPMR3/ros2_ws/install/cpmr_ch2/lib/python3.11/site-packages:${PYTHONPATH} SHLVL=2 _=/Users/mafu/miniconda3/envs/ros2/bin/env __CF_USER_TEXT_ENCODING=0x1F5:0x0:0x52 /Users/mafu/miniconda3/envs/ros2/bin/python3.11 -W ignore:setup.py install is deprecated setup.py egg_info --egg-base ../../build/cpmr_ch2 build --build-base /Users/mafu/Desktop/EECS_4421_Robotics/Labs/Lab4/CPMR3/ros2_ws/build/cpmr_ch2/build install --record /Users/mafu/Desktop/EECS_4421_Robotics/Labs/Lab4/CPMR3/ros2_ws/build/cpmr_ch2/install.log --single-version-externally-managed install_data
[0.510s] running egg_info
[0.510s] creating ../../build/cpmr_ch2/cpmr_ch2.egg-info
[0.510s] writing ../../build/cpmr_ch2/cpmr_ch2.egg-info/PKG-INFO
[0.511s] writing dependency_links to ../../build/cpmr_ch2/cpmr_ch2.egg-info/dependency_links.txt
[0.511s] writing entry points to ../../build/cpmr_ch2/cpmr_ch2.egg-info/entry_points.txt
[0.511s] writing requirements to ../../build/cpmr_ch2/cpmr_ch2.egg-info/requires.txt
[0.511s] writing top-level names to ../../build/cpmr_ch2/cpmr_ch2.egg-info/top_level.txt
[0.511s] writing manifest file '../../build/cpmr_ch2/cpmr_ch2.egg-info/SOURCES.txt'
[0.512s] reading manifest file '../../build/cpmr_ch2/cpmr_ch2.egg-info/SOURCES.txt'
[0.513s] writing manifest file '../../build/cpmr_ch2/cpmr_ch2.egg-info/SOURCES.txt'
[0.513s] running build
[0.513s] running build_py
[0.513s] creating /Users/mafu/Desktop/EECS_4421_Robotics/Labs/Lab4/CPMR3/ros2_ws/build/cpmr_ch2/build
[0.513s] creating /Users/mafu/Desktop/EECS_4421_Robotics/Labs/Lab4/CPMR3/ros2_ws/build/cpmr_ch2/build/lib
[0.513s] creating /Users/mafu/Desktop/EECS_4421_Robotics/Labs/Lab4/CPMR3/ros2_ws/build/cpmr_ch2/build/lib/cpmr_ch2
[0.513s] copying cpmr_ch2/drive_to_goal.py -> /Users/mafu/Desktop/EECS_4421_Robotics/Labs/Lab4/CPMR3/ros2_ws/build/cpmr_ch2/build/lib/cpmr_ch2
[0.514s] copying cpmr_ch2/build_map.py -> /Users/mafu/Desktop/EECS_4421_Robotics/Labs/Lab4/CPMR3/ros2_ws/build/cpmr_ch2/build/lib/cpmr_ch2
[0.514s] copying cpmr_ch2/__init__.py -> /Users/mafu/Desktop/EECS_4421_Robotics/Labs/Lab4/CPMR3/ros2_ws/build/cpmr_ch2/build/lib/cpmr_ch2
[0.514s] copying cpmr_ch2/add_obstacle.py -> /Users/mafu/Desktop/EECS_4421_Robotics/Labs/Lab4/CPMR3/ros2_ws/build/cpmr_ch2/build/lib/cpmr_ch2
[0.515s] copying cpmr_ch2/destroy_map.py -> /Users/mafu/Desktop/EECS_4421_Robotics/Labs/Lab4/CPMR3/ros2_ws/build/cpmr_ch2/build/lib/cpmr_ch2
[0.515s] running install
[0.515s] running install_lib
[0.515s] creating /Users/mafu/Desktop/EECS_4421_Robotics/Labs/Lab4/CPMR3/ros2_ws/install/cpmr_ch2/lib/python3.11/site-packages/cpmr_ch2
[0.515s] copying /Users/mafu/Desktop/EECS_4421_Robotics/Labs/Lab4/CPMR3/ros2_ws/build/cpmr_ch2/build/lib/cpmr_ch2/drive_to_goal.py -> /Users/mafu/Desktop/EECS_4421_Robotics/Labs/Lab4/CPMR3/ros2_ws/install/cpmr_ch2/lib/python3.11/site-packages/cpmr_ch2
[0.516s] copying /Users/mafu/Desktop/EECS_4421_Robotics/Labs/Lab4/CPMR3/ros2_ws/build/cpmr_ch2/build/lib/cpmr_ch2/build_map.py -> /Users/mafu/Desktop/EECS_4421_Robotics/Labs/Lab4/CPMR3/ros2_ws/install/cpmr_ch2/lib/python3.11/site-packages/cpmr_ch2
[0.516s] copying /Users/mafu/Desktop/EECS_4421_Robotics/Labs/Lab4/CPMR3/ros2_ws/build/cpmr_ch2/build/lib/cpmr_ch2/__init__.py -> /Users/mafu/Desktop/EECS_4421_Robotics/Labs/Lab4/CPMR3/ros2_ws/install/cpmr_ch2/lib/python3.11/site-packages/cpmr_ch2
[0.516s] copying /Users/mafu/Desktop/EECS_4421_Robotics/Labs/Lab4/CPMR3/ros2_ws/build/cpmr_ch2/build/lib/cpmr_ch2/add_obstacle.py -> /Users/mafu/Desktop/EECS_4421_Robotics/Labs/Lab4/CPMR3/ros2_ws/install/cpmr_ch2/lib/python3.11/site-packages/cpmr_ch2
[0.516s] copying /Users/mafu/Desktop/EECS_4421_Robotics/Labs/Lab4/CPMR3/ros2_ws/build/cpmr_ch2/build/lib/cpmr_ch2/destroy_map.py -> /Users/mafu/Desktop/EECS_4421_Robotics/Labs/Lab4/CPMR3/ros2_ws/install/cpmr_ch2/lib/python3.11/site-packages/cpmr_ch2
[0.516s] byte-compiling /Users/mafu/Desktop/EECS_4421_Robotics/Labs/Lab4/CPMR3/ros2_ws/install/cpmr_ch2/lib/python3.11/site-packages/cpmr_ch2/drive_to_goal.py to drive_to_goal.cpython-311.pyc
[0.518s] byte-compiling /Users/mafu/Desktop/EECS_4421_Robotics/Labs/Lab4/CPMR3/ros2_ws/install/cpmr_ch2/lib/python3.11/site-packages/cpmr_ch2/build_map.py to build_map.cpython-311.pyc
[0.518s] byte-compiling /Users/mafu/Desktop/EECS_4421_Robotics/Labs/Lab4/CPMR3/ros2_ws/install/cpmr_ch2/lib/python3.11/site-packages/cpmr_ch2/__init__.py to __init__.cpython-311.pyc
[0.518s] byte-compiling /Users/mafu/Desktop/EECS_4421_Robotics/Labs/Lab4/CPMR3/ros2_ws/install/cpmr_ch2/lib/python3.11/site-packages/cpmr_ch2/add_obstacle.py to add_obstacle.cpython-311.pyc
[0.519s] byte-compiling /Users/mafu/Desktop/EECS_4421_Robotics/Labs/Lab4/CPMR3/ros2_ws/install/cpmr_ch2/lib/python3.11/site-packages/cpmr_ch2/destroy_map.py to destroy_map.cpython-311.pyc
[0.519s] running install_data
[0.519s] creating /Users/mafu/Desktop/EECS_4421_Robotics/Labs/Lab4/CPMR3/ros2_ws/install/cpmr_ch2/share/ament_index
[0.519s] creating /Users/mafu/Desktop/EECS_4421_Robotics/Labs/Lab4/CPMR3/ros2_ws/install/cpmr_ch2/share/ament_index/resource_index
[0.519s] creating /Users/mafu/Desktop/EECS_4421_Robotics/Labs/Lab4/CPMR3/ros2_ws/install/cpmr_ch2/share/ament_index/resource_index/packages
[0.519s] copying resource/cpmr_ch2 -> /Users/mafu/Desktop/EECS_4421_Robotics/Labs/Lab4/CPMR3/ros2_ws/install/cpmr_ch2/share/ament_index/resource_index/packages
[0.519s] copying package.xml -> /Users/mafu/Desktop/EECS_4421_Robotics/Labs/Lab4/CPMR3/ros2_ws/install/cpmr_ch2/share/cpmr_ch2
[0.520s] copying launch/destroy_map.launch.py -> /Users/mafu/Desktop/EECS_4421_Robotics/Labs/Lab4/CPMR3/ros2_ws/install/cpmr_ch2/share/cpmr_ch2
[0.520s] copying launch/drive_robot.launch.py -> /Users/mafu/Desktop/EECS_4421_Robotics/Labs/Lab4/CPMR3/ros2_ws/install/cpmr_ch2/share/cpmr_ch2
[0.520s] copying launch/build_map.launch.py -> /Users/mafu/Desktop/EECS_4421_Robotics/Labs/Lab4/CPMR3/ros2_ws/install/cpmr_ch2/share/cpmr_ch2
[0.520s] copying launch/gazebo.launch.py -> /Users/mafu/Desktop/EECS_4421_Robotics/Labs/Lab4/CPMR3/ros2_ws/install/cpmr_ch2/share/cpmr_ch2
[0.522s] copying maps/default.json -> /Users/mafu/Desktop/EECS_4421_Robotics/Labs/Lab4/CPMR3/ros2_ws/install/cpmr_ch2/share/cpmr_ch2
[0.522s] running install_egg_info
[0.523s] Copying ../../build/cpmr_ch2/cpmr_ch2.egg-info to /Users/mafu/Desktop/EECS_4421_Robotics/Labs/Lab4/CPMR3/ros2_ws/install/cpmr_ch2/lib/python3.11/site-packages/cpmr_ch2-3.1.0-py3.11.egg-info
[0.525s] running install_scripts
[0.542s] Installing add_obstacle script to /Users/mafu/Desktop/EECS_4421_Robotics/Labs/Lab4/CPMR3/ros2_ws/install/cpmr_ch2/lib/cpmr_ch2
[0.542s] Installing build_map script to /Users/mafu/Desktop/EECS_4421_Robotics/Labs/Lab4/CPMR3/ros2_ws/install/cpmr_ch2/lib/cpmr_ch2
[0.542s] Installing destroy_map script to /Users/mafu/Desktop/EECS_4421_Robotics/Labs/Lab4/CPMR3/ros2_ws/install/cpmr_ch2/lib/cpmr_ch2
[0.542s] Installing drive_to_goal script to /Users/mafu/Desktop/EECS_4421_Robotics/Labs/Lab4/CPMR3/ros2_ws/install/cpmr_ch2/lib/cpmr_ch2
[0.542s] writing list of installed files to '/Users/mafu/Desktop/EECS_4421_Robotics/Labs/Lab4/CPMR3/ros2_ws/build/cpmr_ch2/install.log'
[0.556s] Invoked command in '/Users/mafu/Desktop/EECS_4421_Robotics/Labs/Lab4/CPMR3/ros2_ws/src/cpmr_ch2' returned '0': CONDA_PROMPT_MODIFIER=(ros2) PYTHONPATH=/Users/mafu/Desktop/EECS_4421_Robotics/Labs/Lab4/CPMR3/ros2_ws/build/cpmr_ch2/prefix_override:/Users/mafu/miniconda3/envs/ros2/lib/python3.11/site-packages/colcon_core/task/python/colcon_distutils_commands:/Users/mafu/Desktop/EECS_4421_Robotics/Labs/Lab4/CPMR3/ros2_ws/install/cpmr_ch2/lib/python3.11/site-packages:${PYTHONPATH} SHLVL=2 _=/Users/mafu/miniconda3/envs/ros2/bin/env __CF_USER_TEXT_ENCODING=0x1F5:0x0:0x52 /Users/mafu/miniconda3/envs/ros2/bin/python3.11 -W ignore:setup.py install is deprecated setup.py egg_info --egg-base ../../build/cpmr_ch2 build --build-base /Users/mafu/Desktop/EECS_4421_Robotics/Labs/Lab4/CPMR3/ros2_ws/build/cpmr_ch2/build install --record /Users/mafu/Desktop/EECS_4421_Robotics/Labs/Lab4/CPMR3/ros2_ws/build/cpmr_ch2/install.log --single-version-externally-managed install_data
