[4.912s] Invoking command in '/Users/mafu/Desktop/EECS_4421_Robotics/CPMR3/ros2_ws/src/cpmr_ch7': CONDA_PROMPT_MODIFIER=(ros2) PYTHONPATH=/Users/mafu/Desktop/EECS_4421_Robotics/CPMR3/ros2_ws/build/cpmr_ch7/prefix_override:/Users/mafu/miniconda3/envs/ros2/lib/python3.10/site-packages/colcon_core/task/python/colcon_distutils_commands:/Users/mafu/Desktop/EECS_4421_Robotics/CPMR3/ros2_ws/install/cpmr_ch7/lib/python3.10/site-packages:${PYTHONPATH} SHLVL=2 _=/Users/mafu/miniconda3/envs/ros2/bin/env __CF_USER_TEXT_ENCODING=0x1F5:0x0:0x52 /Users/mafu/miniconda3/envs/ros2/bin/python3.10 -W ignore:setup.py install is deprecated setup.py egg_info --egg-base ../../build/cpmr_ch7 build --build-base /Users/mafu/Desktop/EECS_4421_Robotics/CPMR3/ros2_ws/build/cpmr_ch7/build install --record /Users/mafu/Desktop/EECS_4421_Robotics/CPMR3/ros2_ws/build/cpmr_ch7/install.log --single-version-externally-managed install_data
[6.090s] running egg_info
[6.148s] writing ../../build/cpmr_ch7/cpmr_ch7.egg-info/PKG-INFO
[6.202s] writing dependency_links to ../../build/cpmr_ch7/cpmr_ch7.egg-info/dependency_links.txt
[6.342s] writing entry points to ../../build/cpmr_ch7/cpmr_ch7.egg-info/entry_points.txt
[6.452s] writing requirements to ../../build/cpmr_ch7/cpmr_ch7.egg-info/requires.txt
[6.517s] writing top-level names to ../../build/cpmr_ch7/cpmr_ch7.egg-info/top_level.txt
[6.610s] reading manifest file '../../build/cpmr_ch7/cpmr_ch7.egg-info/SOURCES.txt'
[6.613s] writing manifest file '../../build/cpmr_ch7/cpmr_ch7.egg-info/SOURCES.txt'
[6.614s] running build
[6.614s] running build_py
[6.615s] running install
[6.618s] running install_lib
[6.689s] running install_data
[6.689s] running install_egg_info
[6.773s] removing '/Users/mafu/Desktop/EECS_4421_Robotics/CPMR3/ros2_ws/install/cpmr_ch7/lib/python3.10/site-packages/cpmr_ch7-3.1.0-py3.10.egg-info' (and everything under it)
[6.774s] Copying ../../build/cpmr_ch7/cpmr_ch7.egg-info to /Users/mafu/Desktop/EECS_4421_Robotics/CPMR3/ros2_ws/install/cpmr_ch7/lib/python3.10/site-packages/cpmr_ch7-3.1.0-py3.10.egg-info
[6.825s] running install_scripts
[7.355s] Installing build_map script to /Users/mafu/Desktop/EECS_4421_Robotics/CPMR3/ros2_ws/install/cpmr_ch7/lib/cpmr_ch7
[7.355s] writing list of installed files to '/Users/mafu/Desktop/EECS_4421_Robotics/CPMR3/ros2_ws/build/cpmr_ch7/install.log'
[7.372s] Invoked command in '/Users/mafu/Desktop/EECS_4421_Robotics/CPMR3/ros2_ws/src/cpmr_ch7' returned '0': CONDA_PROMPT_MODIFIER=(ros2) PYTHONPATH=/Users/mafu/Desktop/EECS_4421_Robotics/CPMR3/ros2_ws/build/cpmr_ch7/prefix_override:/Users/mafu/miniconda3/envs/ros2/lib/python3.10/site-packages/colcon_core/task/python/colcon_distutils_commands:/Users/mafu/Desktop/EECS_4421_Robotics/CPMR3/ros2_ws/install/cpmr_ch7/lib/python3.10/site-packages:${PYTHONPATH} SHLVL=2 _=/Users/mafu/miniconda3/envs/ros2/bin/env __CF_USER_TEXT_ENCODING=0x1F5:0x0:0x52 /Users/mafu/miniconda3/envs/ros2/bin/python3.10 -W ignore:setup.py install is deprecated setup.py egg_info --egg-base ../../build/cpmr_ch7 build --build-base /Users/mafu/Desktop/EECS_4421_Robotics/CPMR3/ros2_ws/build/cpmr_ch7/build install --record /Users/mafu/Desktop/EECS_4421_Robotics/CPMR3/ros2_ws/build/cpmr_ch7/install.log --single-version-externally-managed install_data
