[1.098s] Invoking command in '/Users/mafu/Desktop/robotics/Assignment3/ros2_ws/src/cpmr_ch2': CONDA_PROMPT_MODIFIER=(ros_env) PYTHONPATH=/Users/mafu/Desktop/robotics/Assignment3/ros2_ws/build/cpmr_ch2/prefix_override:/Users/mafu/miniforge3/envs/ros_env/lib/python3.10/site-packages/colcon_core/task/python/colcon_distutils_commands:/Users/mafu/Desktop/robotics/Assignment3/ros2_ws/install/cpmr_ch2/lib/python3.10/site-packages:${PYTHONPATH} SHLVL=2 _=/Users/mafu/miniforge3/envs/ros_env/bin/env /Users/mafu/miniforge3/envs/ros_env/bin/python3.10 -W ignore:setup.py install is deprecated setup.py egg_info --egg-base ../../build/cpmr_ch2 build --build-base /Users/mafu/Desktop/robotics/Assignment3/ros2_ws/build/cpmr_ch2/build install --record /Users/mafu/Desktop/robotics/Assignment3/ros2_ws/build/cpmr_ch2/install.log --single-version-externally-managed install_data
[1.594s] running egg_info
[1.628s] writing ../../build/cpmr_ch2/cpmr_ch2.egg-info/PKG-INFO
[1.654s] writing dependency_links to ../../build/cpmr_ch2/cpmr_ch2.egg-info/dependency_links.txt
[1.736s] writing entry points to ../../build/cpmr_ch2/cpmr_ch2.egg-info/entry_points.txt
[1.789s] writing requirements to ../../build/cpmr_ch2/cpmr_ch2.egg-info/requires.txt
[1.816s] writing top-level names to ../../build/cpmr_ch2/cpmr_ch2.egg-info/top_level.txt
[1.861s] reading manifest file '../../build/cpmr_ch2/cpmr_ch2.egg-info/SOURCES.txt'
[1.862s] writing manifest file '../../build/cpmr_ch2/cpmr_ch2.egg-info/SOURCES.txt'
[1.862s] running build
[1.862s] running build_py
[1.862s] running install
[1.866s] running install_lib
[1.901s] running install_data
[1.901s] copying launch/gazebo.launch.py -> /Users/mafu/Desktop/robotics/Assignment3/ros2_ws/install/cpmr_ch2/share/cpmr_ch2
[1.902s] running install_egg_info
[1.938s] removing '/Users/mafu/Desktop/robotics/Assignment3/ros2_ws/install/cpmr_ch2/lib/python3.10/site-packages/cpmr_ch2-3.1.0-py3.10.egg-info' (and everything under it)
[1.938s] Copying ../../build/cpmr_ch2/cpmr_ch2.egg-info to /Users/mafu/Desktop/robotics/Assignment3/ros2_ws/install/cpmr_ch2/lib/python3.10/site-packages/cpmr_ch2-3.1.0-py3.10.egg-info
[1.940s] running install_scripts
[2.028s] Installing add_obstacle script to /Users/mafu/Desktop/robotics/Assignment3/ros2_ws/install/cpmr_ch2/lib/cpmr_ch2
[2.028s] Installing build_map script to /Users/mafu/Desktop/robotics/Assignment3/ros2_ws/install/cpmr_ch2/lib/cpmr_ch2
[2.029s] Installing destroy_map script to /Users/mafu/Desktop/robotics/Assignment3/ros2_ws/install/cpmr_ch2/lib/cpmr_ch2
[2.029s] Installing drive_to_goal script to /Users/mafu/Desktop/robotics/Assignment3/ros2_ws/install/cpmr_ch2/lib/cpmr_ch2
[2.029s] writing list of installed files to '/Users/mafu/Desktop/robotics/Assignment3/ros2_ws/build/cpmr_ch2/install.log'
[2.045s] Invoked command in '/Users/mafu/Desktop/robotics/Assignment3/ros2_ws/src/cpmr_ch2' returned '0': CONDA_PROMPT_MODIFIER=(ros_env) PYTHONPATH=/Users/mafu/Desktop/robotics/Assignment3/ros2_ws/build/cpmr_ch2/prefix_override:/Users/mafu/miniforge3/envs/ros_env/lib/python3.10/site-packages/colcon_core/task/python/colcon_distutils_commands:/Users/mafu/Desktop/robotics/Assignment3/ros2_ws/install/cpmr_ch2/lib/python3.10/site-packages:${PYTHONPATH} SHLVL=2 _=/Users/mafu/miniforge3/envs/ros_env/bin/env /Users/mafu/miniforge3/envs/ros_env/bin/python3.10 -W ignore:setup.py install is deprecated setup.py egg_info --egg-base ../../build/cpmr_ch2 build --build-base /Users/mafu/Desktop/robotics/Assignment3/ros2_ws/build/cpmr_ch2/build install --record /Users/mafu/Desktop/robotics/Assignment3/ros2_ws/build/cpmr_ch2/install.log --single-version-externally-managed install_data
