[3.534s] Invoking command in '/Users/mafu/Library/CloudStorage/GoogleDrive-mafu@my.yorku.ca/Other computers/My Laptop/E:/0.2 Fall 2024/EECS_4421_Robotics/Labs/Lab2/CPMR3/ros2_ws/src/cpmr_ch7': CONDA_PROMPT_MODIFIER=(ros_env) PYTHONPATH=/Users/mafu/Library/CloudStorage/GoogleDrive-mafu@my.yorku.ca/Other computers/My Laptop/E:/0.2 Fall 2024/EECS_4421_Robotics/Labs/Lab2/CPMR3/ros2_ws/build/cpmr_ch7/prefix_override:/opt/homebrew/Caskroom/miniforge/base/envs/ros_env/lib/python3.11/site-packages/colcon_core/task/python/colcon_distutils_commands:/Users/mafu/Library/CloudStorage/GoogleDrive-mafu@my.yorku.ca/Other computers/My Laptop/E:/0.2 Fall 2024/EECS_4421_Robotics/Labs/Lab2/CPMR3/ros2_ws/install/cpmr_ch7/lib/python3.11/site-packages:${PYTHONPATH} SHLVL=2 _=/opt/homebrew/Caskroom/miniforge/base/envs/ros_env/bin/env __CF_USER_TEXT_ENCODING=0x1F5:0x0:0x52 /opt/homebrew/Caskroom/miniforge/base/envs/ros_env/bin/python3.11 -W ignore:setup.py install is deprecated setup.py egg_info --egg-base ../../build/cpmr_ch7 build --build-base /Users/mafu/Library/CloudStorage/GoogleDrive-mafu@my.yorku.ca/Other computers/My Laptop/E:/0.2 Fall 2024/EECS_4421_Robotics/Labs/Lab2/CPMR3/ros2_ws/build/cpmr_ch7/build install --record /Users/mafu/Library/CloudStorage/GoogleDrive-mafu@my.yorku.ca/Other computers/My Laptop/E:/0.2 Fall 2024/EECS_4421_Robotics/Labs/Lab2/CPMR3/ros2_ws/build/cpmr_ch7/install.log --single-version-externally-managed install_data
[4.030s] /opt/homebrew/Caskroom/miniforge/base/envs/ros_env/lib/python3.11/site-packages/setuptools/_distutils/dist.py:261: UserWarning: Unknown distribution option: 'tests_require'
[4.030s]   warnings.warn(msg)
[4.347s] running egg_info
[4.400s] writing ../../build/cpmr_ch7/cpmr_ch7.egg-info/PKG-INFO
[4.420s] writing dependency_links to ../../build/cpmr_ch7/cpmr_ch7.egg-info/dependency_links.txt
[4.420s] writing entry points to ../../build/cpmr_ch7/cpmr_ch7.egg-info/entry_points.txt
[4.420s] writing requirements to ../../build/cpmr_ch7/cpmr_ch7.egg-info/requires.txt
[4.442s] writing top-level names to ../../build/cpmr_ch7/cpmr_ch7.egg-info/top_level.txt
[4.520s] reading manifest file '../../build/cpmr_ch7/cpmr_ch7.egg-info/SOURCES.txt'
[4.521s] writing manifest file '../../build/cpmr_ch7/cpmr_ch7.egg-info/SOURCES.txt'
[4.521s] running build
[4.521s] running build_py
[4.524s] running install
[4.539s] running install_lib
[4.593s] creating /opt/homebrew/Caskroom/miniforge/base/envs/ros_env/lib/python3.11/site-packages/cpmr_ch7
[4.593s] copying /Users/mafu/Library/CloudStorage/GoogleDrive-mafu@my.yorku.ca/Other computers/My Laptop/E:/0.2 Fall 2024/EECS_4421_Robotics/Labs/Lab2/CPMR3/ros2_ws/build/cpmr_ch7/build/lib/cpmr_ch7/build_map.py -> /opt/homebrew/Caskroom/miniforge/base/envs/ros_env/lib/python3.11/site-packages/cpmr_ch7
[4.598s] copying /Users/mafu/Library/CloudStorage/GoogleDrive-mafu@my.yorku.ca/Other computers/My Laptop/E:/0.2 Fall 2024/EECS_4421_Robotics/Labs/Lab2/CPMR3/ros2_ws/build/cpmr_ch7/build/lib/cpmr_ch7/__init__.py -> /opt/homebrew/Caskroom/miniforge/base/envs/ros_env/lib/python3.11/site-packages/cpmr_ch7
[4.599s] byte-compiling /opt/homebrew/Caskroom/miniforge/base/envs/ros_env/lib/python3.11/site-packages/cpmr_ch7/build_map.py to build_map.cpython-311.pyc
[4.605s] byte-compiling /opt/homebrew/Caskroom/miniforge/base/envs/ros_env/lib/python3.11/site-packages/cpmr_ch7/__init__.py to __init__.cpython-311.pyc
[4.605s] running install_data
[4.606s] copying resource/cpmr_ch7 -> /opt/homebrew/Caskroom/miniforge/base/envs/ros_env/share/ament_index/resource_index/packages
[4.607s] creating /opt/homebrew/Caskroom/miniforge/base/envs/ros_env/share/cpmr_ch7
[4.607s] copying package.xml -> /opt/homebrew/Caskroom/miniforge/base/envs/ros_env/share/cpmr_ch7
[4.607s] copying launch/map-world.launch.py -> /opt/homebrew/Caskroom/miniforge/base/envs/ros_env/share/cpmr_ch7
[4.608s] copying urdf/scout-laser.urdf.xacro -> /opt/homebrew/Caskroom/miniforge/base/envs/ros_env/share/cpmr_ch7
[4.609s] copying urdf/colors.xacro -> /opt/homebrew/Caskroom/miniforge/base/envs/ros_env/share/cpmr_ch7
[4.609s] copying gazebo/mapping.world -> /opt/homebrew/Caskroom/miniforge/base/envs/ros_env/share/cpmr_ch7
[4.610s] running install_egg_info
[4.700s] Copying ../../build/cpmr_ch7/cpmr_ch7.egg-info to /opt/homebrew/Caskroom/miniforge/base/envs/ros_env/lib/python3.11/site-packages/cpmr_ch7-3.1.0-py3.11.egg-info
[4.705s] running install_scripts
[5.058s] Installing build_map script to /opt/homebrew/Caskroom/miniforge/base/envs/ros_env/lib/cpmr_ch7
[5.059s] writing list of installed files to '/Users/mafu/Library/CloudStorage/GoogleDrive-mafu@my.yorku.ca/Other computers/My Laptop/E:/0.2 Fall 2024/EECS_4421_Robotics/Labs/Lab2/CPMR3/ros2_ws/build/cpmr_ch7/install.log'
[5.478s] Invoked command in '/Users/mafu/Library/CloudStorage/GoogleDrive-mafu@my.yorku.ca/Other computers/My Laptop/E:/0.2 Fall 2024/EECS_4421_Robotics/Labs/Lab2/CPMR3/ros2_ws/src/cpmr_ch7' returned '0': CONDA_PROMPT_MODIFIER=(ros_env) PYTHONPATH=/Users/mafu/Library/CloudStorage/GoogleDrive-mafu@my.yorku.ca/Other computers/My Laptop/E:/0.2 Fall 2024/EECS_4421_Robotics/Labs/Lab2/CPMR3/ros2_ws/build/cpmr_ch7/prefix_override:/opt/homebrew/Caskroom/miniforge/base/envs/ros_env/lib/python3.11/site-packages/colcon_core/task/python/colcon_distutils_commands:/Users/mafu/Library/CloudStorage/GoogleDrive-mafu@my.yorku.ca/Other computers/My Laptop/E:/0.2 Fall 2024/EECS_4421_Robotics/Labs/Lab2/CPMR3/ros2_ws/install/cpmr_ch7/lib/python3.11/site-packages:${PYTHONPATH} SHLVL=2 _=/opt/homebrew/Caskroom/miniforge/base/envs/ros_env/bin/env __CF_USER_TEXT_ENCODING=0x1F5:0x0:0x52 /opt/homebrew/Caskroom/miniforge/base/envs/ros_env/bin/python3.11 -W ignore:setup.py install is deprecated setup.py egg_info --egg-base ../../build/cpmr_ch7 build --build-base /Users/mafu/Library/CloudStorage/GoogleDrive-mafu@my.yorku.ca/Other computers/My Laptop/E:/0.2 Fall 2024/EECS_4421_Robotics/Labs/Lab2/CPMR3/ros2_ws/build/cpmr_ch7/build install --record /Users/mafu/Library/CloudStorage/GoogleDrive-mafu@my.yorku.ca/Other computers/My Laptop/E:/0.2 Fall 2024/EECS_4421_Robotics/Labs/Lab2/CPMR3/ros2_ws/build/cpmr_ch7/install.log --single-version-externally-managed install_data
