[1.813s] Invoking command in '/Users/mafu/Library/CloudStorage/GoogleDrive-mafu@my.yorku.ca/Other computers/My Laptop/E:/0.2 Fall 2024/EECS_4421_Robotics/Labs/Lab2/CPMR3/ros2_ws/src/cpmr_ch5': CONDA_PROMPT_MODIFIER=(ros_env) PYTHONPATH=/Users/mafu/Library/CloudStorage/GoogleDrive-mafu@my.yorku.ca/Other computers/My Laptop/E:/0.2 Fall 2024/EECS_4421_Robotics/Labs/Lab2/CPMR3/ros2_ws/build/cpmr_ch5/prefix_override:/Users/mafu/miniforge3/envs/ros_env/lib/python3.11/site-packages/colcon_core/task/python/colcon_distutils_commands:/Users/mafu/Library/CloudStorage/GoogleDrive-mafu@my.yorku.ca/Other computers/My Laptop/E:/0.2 Fall 2024/EECS_4421_Robotics/Labs/Lab2/CPMR3/ros2_ws/install/cpmr_ch5/lib/python3.11/site-packages:${PYTHONPATH} SHLVL=2 _=/Users/mafu/miniforge3/envs/ros_env/bin/env __CF_USER_TEXT_ENCODING=0x1F5:0x0:0x52 /Users/mafu/miniforge3/envs/ros_env/bin/python3.11 -W ignore:setup.py install is deprecated setup.py egg_info --egg-base ../../build/cpmr_ch5 build --build-base /Users/mafu/Library/CloudStorage/GoogleDrive-mafu@my.yorku.ca/Other computers/My Laptop/E:/0.2 Fall 2024/EECS_4421_Robotics/Labs/Lab2/CPMR3/ros2_ws/build/cpmr_ch5/build install --record /Users/mafu/Library/CloudStorage/GoogleDrive-mafu@my.yorku.ca/Other computers/My Laptop/E:/0.2 Fall 2024/EECS_4421_Robotics/Labs/Lab2/CPMR3/ros2_ws/build/cpmr_ch5/install.log --single-version-externally-managed install_data
[1.979s] /Users/mafu/miniforge3/envs/ros_env/lib/python3.11/site-packages/setuptools/_distutils/dist.py:261: UserWarning: Unknown distribution option: 'tests_require'
[1.980s]   warnings.warn(msg)
[2.136s] running egg_info
[2.171s] writing ../../build/cpmr_ch5/cpmr_ch5.egg-info/PKG-INFO
[2.173s] writing dependency_links to ../../build/cpmr_ch5/cpmr_ch5.egg-info/dependency_links.txt
[2.174s] writing entry points to ../../build/cpmr_ch5/cpmr_ch5.egg-info/entry_points.txt
[2.174s] writing requirements to ../../build/cpmr_ch5/cpmr_ch5.egg-info/requires.txt
[2.175s] writing top-level names to ../../build/cpmr_ch5/cpmr_ch5.egg-info/top_level.txt
[2.234s] reading manifest file '../../build/cpmr_ch5/cpmr_ch5.egg-info/SOURCES.txt'
[2.236s] writing manifest file '../../build/cpmr_ch5/cpmr_ch5.egg-info/SOURCES.txt'
[2.236s] running build
[2.236s] running build_py
[2.237s] running install
[2.246s] running install_lib
[2.273s] creating /Users/mafu/miniforge3/envs/ros_env/lib/python3.11/site-packages/cpmr_ch5
[2.273s] copying /Users/mafu/Library/CloudStorage/GoogleDrive-mafu@my.yorku.ca/Other computers/My Laptop/E:/0.2 Fall 2024/EECS_4421_Robotics/Labs/Lab2/CPMR3/ros2_ws/build/cpmr_ch5/build/lib/cpmr_ch5/aruco_target.py -> /Users/mafu/miniforge3/envs/ros_env/lib/python3.11/site-packages/cpmr_ch5
[2.273s] copying /Users/mafu/Library/CloudStorage/GoogleDrive-mafu@my.yorku.ca/Other computers/My Laptop/E:/0.2 Fall 2024/EECS_4421_Robotics/Labs/Lab2/CPMR3/ros2_ws/build/cpmr_ch5/build/lib/cpmr_ch5/opencv_camera.py -> /Users/mafu/miniforge3/envs/ros_env/lib/python3.11/site-packages/cpmr_ch5
[2.274s] copying /Users/mafu/Library/CloudStorage/GoogleDrive-mafu@my.yorku.ca/Other computers/My Laptop/E:/0.2 Fall 2024/EECS_4421_Robotics/Labs/Lab2/CPMR3/ros2_ws/build/cpmr_ch5/build/lib/cpmr_ch5/view_camera.py -> /Users/mafu/miniforge3/envs/ros_env/lib/python3.11/site-packages/cpmr_ch5
[2.274s] copying /Users/mafu/Library/CloudStorage/GoogleDrive-mafu@my.yorku.ca/Other computers/My Laptop/E:/0.2 Fall 2024/EECS_4421_Robotics/Labs/Lab2/CPMR3/ros2_ws/build/cpmr_ch5/build/lib/cpmr_ch5/good_features.py -> /Users/mafu/miniforge3/envs/ros_env/lib/python3.11/site-packages/cpmr_ch5
[2.274s] copying /Users/mafu/Library/CloudStorage/GoogleDrive-mafu@my.yorku.ca/Other computers/My Laptop/E:/0.2 Fall 2024/EECS_4421_Robotics/Labs/Lab2/CPMR3/ros2_ws/build/cpmr_ch5/build/lib/cpmr_ch5/__init__.py -> /Users/mafu/miniforge3/envs/ros_env/lib/python3.11/site-packages/cpmr_ch5
[2.274s] copying /Users/mafu/Library/CloudStorage/GoogleDrive-mafu@my.yorku.ca/Other computers/My Laptop/E:/0.2 Fall 2024/EECS_4421_Robotics/Labs/Lab2/CPMR3/ros2_ws/build/cpmr_ch5/build/lib/cpmr_ch5/harris_corners.py -> /Users/mafu/miniforge3/envs/ros_env/lib/python3.11/site-packages/cpmr_ch5
[2.275s] copying /Users/mafu/Library/CloudStorage/GoogleDrive-mafu@my.yorku.ca/Other computers/My Laptop/E:/0.2 Fall 2024/EECS_4421_Robotics/Labs/Lab2/CPMR3/ros2_ws/build/cpmr_ch5/build/lib/cpmr_ch5/canny_edges.py -> /Users/mafu/miniforge3/envs/ros_env/lib/python3.11/site-packages/cpmr_ch5
[2.275s] byte-compiling /Users/mafu/miniforge3/envs/ros_env/lib/python3.11/site-packages/cpmr_ch5/aruco_target.py to aruco_target.cpython-311.pyc
[2.279s] byte-compiling /Users/mafu/miniforge3/envs/ros_env/lib/python3.11/site-packages/cpmr_ch5/opencv_camera.py to opencv_camera.cpython-311.pyc
[2.281s] byte-compiling /Users/mafu/miniforge3/envs/ros_env/lib/python3.11/site-packages/cpmr_ch5/view_camera.py to view_camera.cpython-311.pyc
[2.281s] byte-compiling /Users/mafu/miniforge3/envs/ros_env/lib/python3.11/site-packages/cpmr_ch5/good_features.py to good_features.cpython-311.pyc
[2.282s] byte-compiling /Users/mafu/miniforge3/envs/ros_env/lib/python3.11/site-packages/cpmr_ch5/__init__.py to __init__.cpython-311.pyc
[2.284s] byte-compiling /Users/mafu/miniforge3/envs/ros_env/lib/python3.11/site-packages/cpmr_ch5/harris_corners.py to harris_corners.cpython-311.pyc
[2.285s] byte-compiling /Users/mafu/miniforge3/envs/ros_env/lib/python3.11/site-packages/cpmr_ch5/canny_edges.py to canny_edges.cpython-311.pyc
[2.285s] running install_data
[2.285s] copying resource/cpmr_ch5 -> /Users/mafu/miniforge3/envs/ros_env/share/ament_index/resource_index/packages
[2.285s] creating /Users/mafu/miniforge3/envs/ros_env/share/cpmr_ch5
[2.285s] copying package.xml -> /Users/mafu/miniforge3/envs/ros_env/share/cpmr_ch5
[2.285s] copying launch/camera-robot.launch.py -> /Users/mafu/miniforge3/envs/ros_env/share/cpmr_ch5
[2.285s] copying launch/good-features-camera-robot.launch.py -> /Users/mafu/miniforge3/envs/ros_env/share/cpmr_ch5
[2.285s] copying launch/aruco-robot.launch.py -> /Users/mafu/miniforge3/envs/ros_env/share/cpmr_ch5
[2.286s] copying launch/view-camera-robot.launch.py -> /Users/mafu/miniforge3/envs/ros_env/share/cpmr_ch5
[2.286s] copying launch/harrs-corners-camera-robot.launch.py -> /Users/mafu/miniforge3/envs/ros_env/share/cpmr_ch5
[2.287s] copying launch/canny-edges-camera-robot.launch.py -> /Users/mafu/miniforge3/envs/ros_env/share/cpmr_ch5
[2.287s] copying urdf/scout-camera.urdf.xacro -> /Users/mafu/miniforge3/envs/ros_env/share/cpmr_ch5
[2.287s] copying urdf/colors.xacro -> /Users/mafu/miniforge3/envs/ros_env/share/cpmr_ch5
[2.289s] running install_egg_info
[2.321s] Copying ../../build/cpmr_ch5/cpmr_ch5.egg-info to /Users/mafu/miniforge3/envs/ros_env/lib/python3.11/site-packages/cpmr_ch5-3.1.0-py3.11.egg-info
[2.334s] running install_scripts
[2.521s] Installing aruco_target script to /Users/mafu/miniforge3/envs/ros_env/lib/cpmr_ch5
[2.524s] Installing canny_edges script to /Users/mafu/miniforge3/envs/ros_env/lib/cpmr_ch5
[2.524s] Installing good_features script to /Users/mafu/miniforge3/envs/ros_env/lib/cpmr_ch5
[2.524s] Installing harris_corners script to /Users/mafu/miniforge3/envs/ros_env/lib/cpmr_ch5
[2.525s] Installing opencv_camera script to /Users/mafu/miniforge3/envs/ros_env/lib/cpmr_ch5
[2.525s] Installing view_camera script to /Users/mafu/miniforge3/envs/ros_env/lib/cpmr_ch5
[2.525s] writing list of installed files to '/Users/mafu/Library/CloudStorage/GoogleDrive-mafu@my.yorku.ca/Other computers/My Laptop/E:/0.2 Fall 2024/EECS_4421_Robotics/Labs/Lab2/CPMR3/ros2_ws/build/cpmr_ch5/install.log'
[2.698s] Invoked command in '/Users/mafu/Library/CloudStorage/GoogleDrive-mafu@my.yorku.ca/Other computers/My Laptop/E:/0.2 Fall 2024/EECS_4421_Robotics/Labs/Lab2/CPMR3/ros2_ws/src/cpmr_ch5' returned '0': CONDA_PROMPT_MODIFIER=(ros_env) PYTHONPATH=/Users/mafu/Library/CloudStorage/GoogleDrive-mafu@my.yorku.ca/Other computers/My Laptop/E:/0.2 Fall 2024/EECS_4421_Robotics/Labs/Lab2/CPMR3/ros2_ws/build/cpmr_ch5/prefix_override:/Users/mafu/miniforge3/envs/ros_env/lib/python3.11/site-packages/colcon_core/task/python/colcon_distutils_commands:/Users/mafu/Library/CloudStorage/GoogleDrive-mafu@my.yorku.ca/Other computers/My Laptop/E:/0.2 Fall 2024/EECS_4421_Robotics/Labs/Lab2/CPMR3/ros2_ws/install/cpmr_ch5/lib/python3.11/site-packages:${PYTHONPATH} SHLVL=2 _=/Users/mafu/miniforge3/envs/ros_env/bin/env __CF_USER_TEXT_ENCODING=0x1F5:0x0:0x52 /Users/mafu/miniforge3/envs/ros_env/bin/python3.11 -W ignore:setup.py install is deprecated setup.py egg_info --egg-base ../../build/cpmr_ch5 build --build-base /Users/mafu/Library/CloudStorage/GoogleDrive-mafu@my.yorku.ca/Other computers/My Laptop/E:/0.2 Fall 2024/EECS_4421_Robotics/Labs/Lab2/CPMR3/ros2_ws/build/cpmr_ch5/build install --record /Users/mafu/Library/CloudStorage/GoogleDrive-mafu@my.yorku.ca/Other computers/My Laptop/E:/0.2 Fall 2024/EECS_4421_Robotics/Labs/Lab2/CPMR3/ros2_ws/build/cpmr_ch5/install.log --single-version-externally-managed install_data
