[0.352s] Invoking command in '/Users/mafu/Desktop/EECS_4421_Robotics/Labs/Lab4/CPMR3/ros2_ws/src/cpmr_ch6': CONDA_PROMPT_MODIFIER=(ros2) PYTHONPATH=/Users/mafu/Desktop/EECS_4421_Robotics/Labs/Lab4/CPMR3/ros2_ws/build/cpmr_ch6/prefix_override:/Users/mafu/miniconda3/envs/ros2/lib/python3.11/site-packages/colcon_core/task/python/colcon_distutils_commands:/Users/mafu/Desktop/EECS_4421_Robotics/Labs/Lab4/CPMR3/ros2_ws/install/cpmr_ch6/lib/python3.11/site-packages:${PYTHONPATH} SHLVL=2 _=/Users/mafu/miniconda3/envs/ros2/bin/env __CF_USER_TEXT_ENCODING=0x1F5:0x0:0x52 /Users/mafu/miniconda3/envs/ros2/bin/python3.11 -W ignore:setup.py install is deprecated setup.py egg_info --egg-base ../../build/cpmr_ch6 build --build-base /Users/mafu/Desktop/EECS_4421_Robotics/Labs/Lab4/CPMR3/ros2_ws/build/cpmr_ch6/build install --record /Users/mafu/Desktop/EECS_4421_Robotics/Labs/Lab4/CPMR3/ros2_ws/build/cpmr_ch6/install.log --single-version-externally-managed install_data
[0.476s] running egg_info
[0.476s] creating ../../build/cpmr_ch6/cpmr_ch6.egg-info
[0.476s] writing ../../build/cpmr_ch6/cpmr_ch6.egg-info/PKG-INFO
[0.476s] writing dependency_links to ../../build/cpmr_ch6/cpmr_ch6.egg-info/dependency_links.txt
[0.476s] writing entry points to ../../build/cpmr_ch6/cpmr_ch6.egg-info/entry_points.txt
[0.477s] writing requirements to ../../build/cpmr_ch6/cpmr_ch6.egg-info/requires.txt
[0.477s] writing top-level names to ../../build/cpmr_ch6/cpmr_ch6.egg-info/top_level.txt
[0.477s] writing manifest file '../../build/cpmr_ch6/cpmr_ch6.egg-info/SOURCES.txt'
[0.478s] reading manifest file '../../build/cpmr_ch6/cpmr_ch6.egg-info/SOURCES.txt'
[0.478s] writing manifest file '../../build/cpmr_ch6/cpmr_ch6.egg-info/SOURCES.txt'
[0.478s] running build
[0.478s] running build_py
[0.478s] creating /Users/mafu/Desktop/EECS_4421_Robotics/Labs/Lab4/CPMR3/ros2_ws/build/cpmr_ch6/build
[0.478s] creating /Users/mafu/Desktop/EECS_4421_Robotics/Labs/Lab4/CPMR3/ros2_ws/build/cpmr_ch6/build/lib
[0.478s] creating /Users/mafu/Desktop/EECS_4421_Robotics/Labs/Lab4/CPMR3/ros2_ws/build/cpmr_ch6/build/lib/cpmr_ch6
[0.478s] copying cpmr_ch6/__init__.py -> /Users/mafu/Desktop/EECS_4421_Robotics/Labs/Lab4/CPMR3/ros2_ws/build/cpmr_ch6/build/lib/cpmr_ch6
[0.479s] copying cpmr_ch6/auto_drive_by_road.py -> /Users/mafu/Desktop/EECS_4421_Robotics/Labs/Lab4/CPMR3/ros2_ws/build/cpmr_ch6/build/lib/cpmr_ch6
[0.479s] copying cpmr_ch6/drive_by_line.py -> /Users/mafu/Desktop/EECS_4421_Robotics/Labs/Lab4/CPMR3/ros2_ws/build/cpmr_ch6/build/lib/cpmr_ch6
[0.479s] copying cpmr_ch6/auto_drive_by_line.py -> /Users/mafu/Desktop/EECS_4421_Robotics/Labs/Lab4/CPMR3/ros2_ws/build/cpmr_ch6/build/lib/cpmr_ch6
[0.480s] copying cpmr_ch6/drive_by_road.py -> /Users/mafu/Desktop/EECS_4421_Robotics/Labs/Lab4/CPMR3/ros2_ws/build/cpmr_ch6/build/lib/cpmr_ch6
[0.481s] running install
[0.481s] running install_lib
[0.481s] creating /Users/mafu/Desktop/EECS_4421_Robotics/Labs/Lab4/CPMR3/ros2_ws/install/cpmr_ch6/lib/python3.11/site-packages/cpmr_ch6
[0.481s] copying /Users/mafu/Desktop/EECS_4421_Robotics/Labs/Lab4/CPMR3/ros2_ws/build/cpmr_ch6/build/lib/cpmr_ch6/__init__.py -> /Users/mafu/Desktop/EECS_4421_Robotics/Labs/Lab4/CPMR3/ros2_ws/install/cpmr_ch6/lib/python3.11/site-packages/cpmr_ch6
[0.481s] copying /Users/mafu/Desktop/EECS_4421_Robotics/Labs/Lab4/CPMR3/ros2_ws/build/cpmr_ch6/build/lib/cpmr_ch6/auto_drive_by_road.py -> /Users/mafu/Desktop/EECS_4421_Robotics/Labs/Lab4/CPMR3/ros2_ws/install/cpmr_ch6/lib/python3.11/site-packages/cpmr_ch6
[0.482s] copying /Users/mafu/Desktop/EECS_4421_Robotics/Labs/Lab4/CPMR3/ros2_ws/build/cpmr_ch6/build/lib/cpmr_ch6/drive_by_line.py -> /Users/mafu/Desktop/EECS_4421_Robotics/Labs/Lab4/CPMR3/ros2_ws/install/cpmr_ch6/lib/python3.11/site-packages/cpmr_ch6
[0.482s] copying /Users/mafu/Desktop/EECS_4421_Robotics/Labs/Lab4/CPMR3/ros2_ws/build/cpmr_ch6/build/lib/cpmr_ch6/auto_drive_by_line.py -> /Users/mafu/Desktop/EECS_4421_Robotics/Labs/Lab4/CPMR3/ros2_ws/install/cpmr_ch6/lib/python3.11/site-packages/cpmr_ch6
[0.482s] copying /Users/mafu/Desktop/EECS_4421_Robotics/Labs/Lab4/CPMR3/ros2_ws/build/cpmr_ch6/build/lib/cpmr_ch6/drive_by_road.py -> /Users/mafu/Desktop/EECS_4421_Robotics/Labs/Lab4/CPMR3/ros2_ws/install/cpmr_ch6/lib/python3.11/site-packages/cpmr_ch6
[0.482s] byte-compiling /Users/mafu/Desktop/EECS_4421_Robotics/Labs/Lab4/CPMR3/ros2_ws/install/cpmr_ch6/lib/python3.11/site-packages/cpmr_ch6/__init__.py to __init__.cpython-311.pyc
[0.483s] byte-compiling /Users/mafu/Desktop/EECS_4421_Robotics/Labs/Lab4/CPMR3/ros2_ws/install/cpmr_ch6/lib/python3.11/site-packages/cpmr_ch6/auto_drive_by_road.py to auto_drive_by_road.cpython-311.pyc
[0.483s] byte-compiling /Users/mafu/Desktop/EECS_4421_Robotics/Labs/Lab4/CPMR3/ros2_ws/install/cpmr_ch6/lib/python3.11/site-packages/cpmr_ch6/drive_by_line.py to drive_by_line.cpython-311.pyc
[0.484s] byte-compiling /Users/mafu/Desktop/EECS_4421_Robotics/Labs/Lab4/CPMR3/ros2_ws/install/cpmr_ch6/lib/python3.11/site-packages/cpmr_ch6/auto_drive_by_line.py to auto_drive_by_line.cpython-311.pyc
[0.485s] byte-compiling /Users/mafu/Desktop/EECS_4421_Robotics/Labs/Lab4/CPMR3/ros2_ws/install/cpmr_ch6/lib/python3.11/site-packages/cpmr_ch6/drive_by_road.py to drive_by_road.cpython-311.pyc
[0.486s] running install_data
[0.486s] creating /Users/mafu/Desktop/EECS_4421_Robotics/Labs/Lab4/CPMR3/ros2_ws/install/cpmr_ch6/share/ament_index
[0.486s] creating /Users/mafu/Desktop/EECS_4421_Robotics/Labs/Lab4/CPMR3/ros2_ws/install/cpmr_ch6/share/ament_index/resource_index
[0.486s] creating /Users/mafu/Desktop/EECS_4421_Robotics/Labs/Lab4/CPMR3/ros2_ws/install/cpmr_ch6/share/ament_index/resource_index/packages
[0.486s] copying resource/cpmr_ch6 -> /Users/mafu/Desktop/EECS_4421_Robotics/Labs/Lab4/CPMR3/ros2_ws/install/cpmr_ch6/share/ament_index/resource_index/packages
[0.486s] copying package.xml -> /Users/mafu/Desktop/EECS_4421_Robotics/Labs/Lab4/CPMR3/ros2_ws/install/cpmr_ch6/share/cpmr_ch6
[0.487s] copying launch/drive_by_line.launch.py -> /Users/mafu/Desktop/EECS_4421_Robotics/Labs/Lab4/CPMR3/ros2_ws/install/cpmr_ch6/share/cpmr_ch6
[0.487s] copying launch/drive_by_road.launch.py -> /Users/mafu/Desktop/EECS_4421_Robotics/Labs/Lab4/CPMR3/ros2_ws/install/cpmr_ch6/share/cpmr_ch6
[0.487s] copying launch/auto_drive_by_road.launch.py -> /Users/mafu/Desktop/EECS_4421_Robotics/Labs/Lab4/CPMR3/ros2_ws/install/cpmr_ch6/share/cpmr_ch6
[0.487s] copying launch/auto_drive_by_line.launch.py -> /Users/mafu/Desktop/EECS_4421_Robotics/Labs/Lab4/CPMR3/ros2_ws/install/cpmr_ch6/share/cpmr_ch6
[0.488s] copying urdf/scout-camera.urdf.xacro -> /Users/mafu/Desktop/EECS_4421_Robotics/Labs/Lab4/CPMR3/ros2_ws/install/cpmr_ch6/share/cpmr_ch6
[0.488s] copying urdf/scout-line-follower.urdf.xacro -> /Users/mafu/Desktop/EECS_4421_Robotics/Labs/Lab4/CPMR3/ros2_ws/install/cpmr_ch6/share/cpmr_ch6
[0.489s] copying urdf/colors.xacro -> /Users/mafu/Desktop/EECS_4421_Robotics/Labs/Lab4/CPMR3/ros2_ws/install/cpmr_ch6/share/cpmr_ch6
[0.489s] running install_egg_info
[0.490s] Copying ../../build/cpmr_ch6/cpmr_ch6.egg-info to /Users/mafu/Desktop/EECS_4421_Robotics/Labs/Lab4/CPMR3/ros2_ws/install/cpmr_ch6/lib/python3.11/site-packages/cpmr_ch6-3.1.0-py3.11.egg-info
[0.491s] running install_scripts
[0.508s] Installing auto_drive_by_line script to /Users/mafu/Desktop/EECS_4421_Robotics/Labs/Lab4/CPMR3/ros2_ws/install/cpmr_ch6/lib/cpmr_ch6
[0.508s] Installing auto_drive_by_road script to /Users/mafu/Desktop/EECS_4421_Robotics/Labs/Lab4/CPMR3/ros2_ws/install/cpmr_ch6/lib/cpmr_ch6
[0.509s] Installing drive_by_line script to /Users/mafu/Desktop/EECS_4421_Robotics/Labs/Lab4/CPMR3/ros2_ws/install/cpmr_ch6/lib/cpmr_ch6
[0.509s] Installing drive_by_road script to /Users/mafu/Desktop/EECS_4421_Robotics/Labs/Lab4/CPMR3/ros2_ws/install/cpmr_ch6/lib/cpmr_ch6
[0.509s] writing list of installed files to '/Users/mafu/Desktop/EECS_4421_Robotics/Labs/Lab4/CPMR3/ros2_ws/build/cpmr_ch6/install.log'
[0.523s] Invoked command in '/Users/mafu/Desktop/EECS_4421_Robotics/Labs/Lab4/CPMR3/ros2_ws/src/cpmr_ch6' returned '0': CONDA_PROMPT_MODIFIER=(ros2) PYTHONPATH=/Users/mafu/Desktop/EECS_4421_Robotics/Labs/Lab4/CPMR3/ros2_ws/build/cpmr_ch6/prefix_override:/Users/mafu/miniconda3/envs/ros2/lib/python3.11/site-packages/colcon_core/task/python/colcon_distutils_commands:/Users/mafu/Desktop/EECS_4421_Robotics/Labs/Lab4/CPMR3/ros2_ws/install/cpmr_ch6/lib/python3.11/site-packages:${PYTHONPATH} SHLVL=2 _=/Users/mafu/miniconda3/envs/ros2/bin/env __CF_USER_TEXT_ENCODING=0x1F5:0x0:0x52 /Users/mafu/miniconda3/envs/ros2/bin/python3.11 -W ignore:setup.py install is deprecated setup.py egg_info --egg-base ../../build/cpmr_ch6 build --build-base /Users/mafu/Desktop/EECS_4421_Robotics/Labs/Lab4/CPMR3/ros2_ws/build/cpmr_ch6/build install --record /Users/mafu/Desktop/EECS_4421_Robotics/Labs/Lab4/CPMR3/ros2_ws/build/cpmr_ch6/install.log --single-version-externally-managed install_data
