[2.108s] Invoking command in '/Users/mafu/Desktop/robotics/Assignment2/CPMR3/ros2_ws/src/cpmr_ch6': CONDA_PROMPT_MODIFIER=(ros2) PYTHONPATH=/Users/mafu/Desktop/robotics/Assignment2/CPMR3/ros2_ws/build/cpmr_ch6/prefix_override:/Users/mafu/miniforge3/envs/ros2/lib/python3.10/site-packages/colcon_core/task/python/colcon_distutils_commands:/Users/mafu/Desktop/robotics/Assignment2/CPMR3/ros2_ws/install/cpmr_ch6/lib/python3.10/site-packages:${PYTHONPATH} SHLVL=2 _=/usr/bin/env /Users/mafu/miniforge3/envs/ros2/bin/python3.10 -W ignore:setup.py install is deprecated setup.py egg_info --egg-base ../../build/cpmr_ch6 build --build-base /Users/mafu/Desktop/robotics/Assignment2/CPMR3/ros2_ws/build/cpmr_ch6/build install --record /Users/mafu/Desktop/robotics/Assignment2/CPMR3/ros2_ws/build/cpmr_ch6/install.log --single-version-externally-managed install_data
[2.700s] running egg_info
[2.739s] writing ../../build/cpmr_ch6/cpmr_ch6.egg-info/PKG-INFO
[2.768s] writing dependency_links to ../../build/cpmr_ch6/cpmr_ch6.egg-info/dependency_links.txt
[2.860s] writing entry points to ../../build/cpmr_ch6/cpmr_ch6.egg-info/entry_points.txt
[2.922s] writing requirements to ../../build/cpmr_ch6/cpmr_ch6.egg-info/requires.txt
[2.952s] writing top-level names to ../../build/cpmr_ch6/cpmr_ch6.egg-info/top_level.txt
[3.048s] reading manifest file '../../build/cpmr_ch6/cpmr_ch6.egg-info/SOURCES.txt'
[3.049s] writing manifest file '../../build/cpmr_ch6/cpmr_ch6.egg-info/SOURCES.txt'
[3.049s] running build
[3.049s] running build_py
[3.049s] running install
[3.052s] running install_lib
[3.093s] running install_data
[3.094s] running install_egg_info
[3.136s] removing '/Users/mafu/Desktop/robotics/Assignment2/CPMR3/ros2_ws/install/cpmr_ch6/lib/python3.10/site-packages/cpmr_ch6-3.1.0-py3.10.egg-info' (and everything under it)
[3.136s] Copying ../../build/cpmr_ch6/cpmr_ch6.egg-info to /Users/mafu/Desktop/robotics/Assignment2/CPMR3/ros2_ws/install/cpmr_ch6/lib/python3.10/site-packages/cpmr_ch6-3.1.0-py3.10.egg-info
[3.138s] running install_scripts
[3.240s] Installing auto_drive_by_line script to /Users/mafu/Desktop/robotics/Assignment2/CPMR3/ros2_ws/install/cpmr_ch6/lib/cpmr_ch6
[3.240s] Installing auto_drive_by_road script to /Users/mafu/Desktop/robotics/Assignment2/CPMR3/ros2_ws/install/cpmr_ch6/lib/cpmr_ch6
[3.241s] Installing drive_by_line script to /Users/mafu/Desktop/robotics/Assignment2/CPMR3/ros2_ws/install/cpmr_ch6/lib/cpmr_ch6
[3.241s] Installing drive_by_road script to /Users/mafu/Desktop/robotics/Assignment2/CPMR3/ros2_ws/install/cpmr_ch6/lib/cpmr_ch6
[3.241s] writing list of installed files to '/Users/mafu/Desktop/robotics/Assignment2/CPMR3/ros2_ws/build/cpmr_ch6/install.log'
[3.284s] Invoked command in '/Users/mafu/Desktop/robotics/Assignment2/CPMR3/ros2_ws/src/cpmr_ch6' returned '0': CONDA_PROMPT_MODIFIER=(ros2) PYTHONPATH=/Users/mafu/Desktop/robotics/Assignment2/CPMR3/ros2_ws/build/cpmr_ch6/prefix_override:/Users/mafu/miniforge3/envs/ros2/lib/python3.10/site-packages/colcon_core/task/python/colcon_distutils_commands:/Users/mafu/Desktop/robotics/Assignment2/CPMR3/ros2_ws/install/cpmr_ch6/lib/python3.10/site-packages:${PYTHONPATH} SHLVL=2 _=/usr/bin/env /Users/mafu/miniforge3/envs/ros2/bin/python3.10 -W ignore:setup.py install is deprecated setup.py egg_info --egg-base ../../build/cpmr_ch6 build --build-base /Users/mafu/Desktop/robotics/Assignment2/CPMR3/ros2_ws/build/cpmr_ch6/build install --record /Users/mafu/Desktop/robotics/Assignment2/CPMR3/ros2_ws/build/cpmr_ch6/install.log --single-version-externally-managed install_data
