[5.167s] Invoking command in '/Users/mafu/Desktop/robotics/Lab8/ros2_ws/src/cpmr_ch2': CONDA_PROMPT_MODIFIER=(ros_env) PYTHONPATH=/Users/mafu/Desktop/robotics/Lab8/ros2_ws/build/cpmr_ch2/prefix_override:/Users/mafu/miniforge3/envs/ros_env/lib/python3.10/site-packages/colcon_core/task/python/colcon_distutils_commands:/Users/mafu/Desktop/robotics/Lab8/ros2_ws/install/cpmr_ch2/lib/python3.10/site-packages:${PYTHONPATH} SHLVL=2 _=/Users/mafu/miniforge3/envs/ros_env/bin/env __CF_USER_TEXT_ENCODING=0x1F5:0x0:0x0 /Users/mafu/miniforge3/envs/ros_env/bin/python3.10 -W ignore:setup.py install is deprecated setup.py egg_info --egg-base ../../build/cpmr_ch2 build --build-base /Users/mafu/Desktop/robotics/Lab8/ros2_ws/build/cpmr_ch2/build install --record /Users/mafu/Desktop/robotics/Lab8/ros2_ws/build/cpmr_ch2/install.log --single-version-externally-managed install_data
[6.398s] running egg_info
[6.458s] writing ../../build/cpmr_ch2/cpmr_ch2.egg-info/PKG-INFO
[6.515s] writing dependency_links to ../../build/cpmr_ch2/cpmr_ch2.egg-info/dependency_links.txt
[6.721s] writing entry points to ../../build/cpmr_ch2/cpmr_ch2.egg-info/entry_points.txt
[6.840s] writing requirements to ../../build/cpmr_ch2/cpmr_ch2.egg-info/requires.txt
[6.897s] writing top-level names to ../../build/cpmr_ch2/cpmr_ch2.egg-info/top_level.txt
[6.971s] reading manifest file '../../build/cpmr_ch2/cpmr_ch2.egg-info/SOURCES.txt'
[6.971s] writing manifest file '../../build/cpmr_ch2/cpmr_ch2.egg-info/SOURCES.txt'
[6.971s] running build
[6.971s] running build_py
[6.972s] running install
[6.983s] running install_lib
[7.039s] running install_data
[7.039s] running install_egg_info
[7.130s] removing '/Users/mafu/Desktop/robotics/Lab8/ros2_ws/install/cpmr_ch2/lib/python3.10/site-packages/cpmr_ch2-3.1.0-py3.10.egg-info' (and everything under it)
[7.131s] Copying ../../build/cpmr_ch2/cpmr_ch2.egg-info to /Users/mafu/Desktop/robotics/Lab8/ros2_ws/install/cpmr_ch2/lib/python3.10/site-packages/cpmr_ch2-3.1.0-py3.10.egg-info
[7.135s] running install_scripts
[7.322s] Installing add_obstacle script to /Users/mafu/Desktop/robotics/Lab8/ros2_ws/install/cpmr_ch2/lib/cpmr_ch2
[7.322s] Installing build_map script to /Users/mafu/Desktop/robotics/Lab8/ros2_ws/install/cpmr_ch2/lib/cpmr_ch2
[7.322s] Installing destroy_map script to /Users/mafu/Desktop/robotics/Lab8/ros2_ws/install/cpmr_ch2/lib/cpmr_ch2
[7.322s] Installing drive_to_goal script to /Users/mafu/Desktop/robotics/Lab8/ros2_ws/install/cpmr_ch2/lib/cpmr_ch2
[7.322s] writing list of installed files to '/Users/mafu/Desktop/robotics/Lab8/ros2_ws/build/cpmr_ch2/install.log'
[7.367s] Invoked command in '/Users/mafu/Desktop/robotics/Lab8/ros2_ws/src/cpmr_ch2' returned '0': CONDA_PROMPT_MODIFIER=(ros_env) PYTHONPATH=/Users/mafu/Desktop/robotics/Lab8/ros2_ws/build/cpmr_ch2/prefix_override:/Users/mafu/miniforge3/envs/ros_env/lib/python3.10/site-packages/colcon_core/task/python/colcon_distutils_commands:/Users/mafu/Desktop/robotics/Lab8/ros2_ws/install/cpmr_ch2/lib/python3.10/site-packages:${PYTHONPATH} SHLVL=2 _=/Users/mafu/miniforge3/envs/ros_env/bin/env __CF_USER_TEXT_ENCODING=0x1F5:0x0:0x0 /Users/mafu/miniforge3/envs/ros_env/bin/python3.10 -W ignore:setup.py install is deprecated setup.py egg_info --egg-base ../../build/cpmr_ch2 build --build-base /Users/mafu/Desktop/robotics/Lab8/ros2_ws/build/cpmr_ch2/build install --record /Users/mafu/Desktop/robotics/Lab8/ros2_ws/build/cpmr_ch2/install.log --single-version-externally-managed install_data
