[4.299s] Invoking command in '/Users/mafu/Desktop/EECS_4421_Robotics/CPMR3/ros2_ws/src/build/cpmr_apb': CONDA_PROMPT_MODIFIER=(ros2) PYTHONPATH=/Users/mafu/Desktop/EECS_4421_Robotics/CPMR3/ros2_ws/src/build/cpmr_apb/prefix_override:/Users/mafu/miniconda3/envs/ros2/lib/python3.10/site-packages/colcon_core/task/python/colcon_distutils_commands:/Users/mafu/Desktop/EECS_4421_Robotics/CPMR3/ros2_ws/src/install/cpmr_apb/lib/python3.10/site-packages:${PYTHONPATH} SHLVL=2 _=/Users/mafu/miniconda3/envs/ros2/bin/env __CF_USER_TEXT_ENCODING=0x1F5:0x0:0x52 /Users/mafu/miniconda3/envs/ros2/bin/python3.10 -W ignore:setup.py install is deprecated setup.py develop --editable --build-directory /Users/mafu/Desktop/EECS_4421_Robotics/CPMR3/ros2_ws/src/build/cpmr_apb/build --no-deps symlink_data
[5.089s] running develop
[5.090s] /Users/mafu/miniconda3/envs/ros2/lib/python3.10/site-packages/setuptools/command/easy_install.py:144: EasyInstallDeprecationWarning: easy_install command is deprecated. Use build and pip and other standards-based tools.
[5.093s]   warnings.warn(
[5.513s] running egg_info
[5.514s] creating cpmr_apb.egg-info
[5.558s] writing cpmr_apb.egg-info/PKG-INFO
[5.597s] writing dependency_links to cpmr_apb.egg-info/dependency_links.txt
[5.729s] writing entry points to cpmr_apb.egg-info/entry_points.txt
[5.804s] writing requirements to cpmr_apb.egg-info/requires.txt
[5.850s] writing top-level names to cpmr_apb.egg-info/top_level.txt
[5.850s] writing manifest file 'cpmr_apb.egg-info/SOURCES.txt'
[5.905s] reading manifest file 'cpmr_apb.egg-info/SOURCES.txt'
[5.906s] writing manifest file 'cpmr_apb.egg-info/SOURCES.txt'
[5.951s] running build_ext
[5.951s] Creating /Users/mafu/Desktop/EECS_4421_Robotics/CPMR3/ros2_ws/src/install/cpmr_apb/lib/python3.10/site-packages/cpmr-apb.egg-link (link to .)
[5.952s] Installing depopulate_world script to /Users/mafu/Desktop/EECS_4421_Robotics/CPMR3/ros2_ws/src/install/cpmr_apb/lib/cpmr_apb
[5.953s] Installing populate_world script to /Users/mafu/Desktop/EECS_4421_Robotics/CPMR3/ros2_ws/src/install/cpmr_apb/lib/cpmr_apb
[5.953s] 
[5.953s] Installed /Users/mafu/Desktop/EECS_4421_Robotics/CPMR3/ros2_ws/src/build/cpmr_apb
[5.953s] running symlink_data
[5.953s] creating /Users/mafu/Desktop/EECS_4421_Robotics/CPMR3/ros2_ws/src/install/cpmr_apb/share/ament_index
[5.954s] creating /Users/mafu/Desktop/EECS_4421_Robotics/CPMR3/ros2_ws/src/install/cpmr_apb/share/ament_index/resource_index
[5.954s] creating /Users/mafu/Desktop/EECS_4421_Robotics/CPMR3/ros2_ws/src/install/cpmr_apb/share/ament_index/resource_index/packages
[5.954s] symbolically linking /Users/mafu/Desktop/EECS_4421_Robotics/CPMR3/ros2_ws/src/build/cpmr_apb/resource/cpmr_apb -> /Users/mafu/Desktop/EECS_4421_Robotics/CPMR3/ros2_ws/src/install/cpmr_apb/share/ament_index/resource_index/packages
[5.954s] symbolically linking /Users/mafu/Desktop/EECS_4421_Robotics/CPMR3/ros2_ws/src/build/cpmr_apb/package.xml -> /Users/mafu/Desktop/EECS_4421_Robotics/CPMR3/ros2_ws/src/install/cpmr_apb/share/cpmr_apb
[5.954s] symbolically linking /Users/mafu/Desktop/EECS_4421_Robotics/CPMR3/ros2_ws/src/build/cpmr_apb/launch/gazebo.launch.py -> /Users/mafu/Desktop/EECS_4421_Robotics/CPMR3/ros2_ws/src/install/cpmr_apb/share/cpmr_apb
[5.954s] symbolically linking /Users/mafu/Desktop/EECS_4421_Robotics/CPMR3/ros2_ws/src/build/cpmr_apb/urdf/blockrobot.urdf -> /Users/mafu/Desktop/EECS_4421_Robotics/CPMR3/ros2_ws/src/install/cpmr_apb/share/cpmr_apb
