[0.000000] (-) TimerEvent: {}
[0.000183] (cpmr_apb) JobQueued: {'identifier': 'cpmr_apb', 'dependencies': OrderedDict()}
[0.000246] (cpmr_ch11) JobQueued: {'identifier': 'cpmr_ch11', 'dependencies': OrderedDict()}
[0.000280] (cpmr_ch12) JobQueued: {'identifier': 'cpmr_ch12', 'dependencies': OrderedDict()}
[0.000338] (cpmr_ch2) JobQueued: {'identifier': 'cpmr_ch2', 'dependencies': OrderedDict()}
[0.000364] (cpmr_ch4) JobQueued: {'identifier': 'cpmr_ch4', 'dependencies': OrderedDict()}
[0.000384] (cpmr_ch5) JobQueued: {'identifier': 'cpmr_ch5', 'dependencies': OrderedDict()}
[0.000406] (cpmr_ch6) JobQueued: {'identifier': 'cpmr_ch6', 'dependencies': OrderedDict()}
[0.000454] (cpmr_ch7) JobQueued: {'identifier': 'cpmr_ch7', 'dependencies': OrderedDict()}
[0.000535] (cpmr_ch8) JobQueued: {'identifier': 'cpmr_ch8', 'dependencies': OrderedDict()}
[0.000572] (cpmr_apb) JobStarted: {'identifier': 'cpmr_apb'}
[0.027755] (cpmr_ch11) JobStarted: {'identifier': 'cpmr_ch11'}
[0.037026] (cpmr_ch12) JobStarted: {'identifier': 'cpmr_ch12'}
[0.045183] (cpmr_ch2) JobStarted: {'identifier': 'cpmr_ch2'}
[0.053341] (cpmr_ch4) JobStarted: {'identifier': 'cpmr_ch4'}
[0.060796] (cpmr_ch5) JobStarted: {'identifier': 'cpmr_ch5'}
[0.069996] (cpmr_ch6) JobStarted: {'identifier': 'cpmr_ch6'}
[0.078846] (cpmr_ch7) JobStarted: {'identifier': 'cpmr_ch7'}
[0.099131] (-) TimerEvent: {}
[0.204495] (-) TimerEvent: {}
[0.309662] (-) TimerEvent: {}
[0.382458] (cpmr_apb) StderrLine: {'line': b'Traceback (most recent call last):\n  File "/opt/miniconda3/envs/ros3/lib/python3.10/site-packages/colcon_core/executor/__init__.py", line 91, in __call__\n    rc = await self.task(*args, **kwargs)\n         ^^^^^^^^^^^^^^^^^^^^^^^^^^^^^^^^\n  File "/opt/miniconda3/envs/ros3/lib/python3.10/site-packages/colcon_core/task/__init__.py", line 93, in __call__\n    return await task_method(*args, **kwargs)\n           ^^^^^^^^^^^^^^^^^^^^^^^^^^^^^^^^^^\n  File "/opt/miniconda3/envs/ros3/lib/python3.10/site-packages/colcon_ros/task/ament_python/build.py", line 51, in build\n    setup_py_data = get_setup_data(self.context.pkg, env)\n                    ^^^^^^^^^^^^^^^^^^^^^^^^^^^^^^^^^^^^^\n  File "/opt/miniconda3/envs/ros3/lib/python3.10/site-packages/colcon_core/task/python/__init__.py", line 20, in get_setup_data\n    return dict(pkg.metadata[key](env))\n                ^^^^^^^^^^^^^^^^^^^^^^\n  File "/opt/miniconda3/envs/ros3/lib/python3.10/site-packages/colcon_ros/package_augmentation/ros_ament_python.py", line 57, in getter\n    return get_setup_information(\n           ^^^^^^^^^^^^^^^^^^^^^^\n  File "/opt/miniconda3/envs/ros3/lib/python3.10/site-packages/colcon_python_setup_py/package_identification/python_setup_py.py", line 249, in get_setup_information\n    _setup_information_cache[hashable_env] = _get_setup_information(\n                                             ^^^^^^^^^^^^^^^^^^^^^^^\n  File "/opt/miniconda3/envs/ros3/lib/python3.10/site-packages/colcon_python_setup_py/package_identification/python_setup_py.py", line 296, in _get_setup_information\n    result = subprocess.run(\n             ^^^^^^^^^^^^^^^\n  File "/opt/miniconda3/envs/ros2/lib/python3.11/subprocess.py", line 571, in run\n    raise CalledProcessError(retcode, process.args,\nsubprocess.CalledProcessError: Command \'[\'/opt/miniconda3/envs/ros2/bin/python3.11\', \'-c\', \'import sys;from contextlib import suppress;exec("with suppress(ImportError):    from setuptools.extern.packaging.specifiers    import SpecifierSet");exec("with suppress(ImportError):    from packaging.specifiers import SpecifierSet");from distutils.core import run_setup;dist = run_setup(    \\\'setup.py\\\', script_args=(\\\'--dry-run\\\',), stop_after=\\\'config\\\');skip_keys = (\\\'cmdclass\\\', \\\'distclass\\\', \\\'ext_modules\\\', \\\'metadata\\\');data = {    key: value for key, value in dist.__dict__.items()     if (        not key.startswith(\\\'_\\\') and         not callable(value) and         key not in skip_keys and         key not in dist.display_option_names    )};data[\\\'metadata\\\'] = {    k: v for k, v in dist.metadata.__dict__.items()     if k not in (\\\'license_files\\\', \\\'provides_extras\\\')};sys.stdout.buffer.write(repr(data).encode(\\\'utf-8\\\'))\']\' returned non-zero exit status 1.\n'}
[0.385769] (cpmr_apb) JobEnded: {'identifier': 'cpmr_apb', 'rc': 1}
[0.414693] (-) TimerEvent: {}
[0.519923] (-) TimerEvent: {}
[0.625118] (-) TimerEvent: {}
[0.658582] (cpmr_ch11) StderrLine: {'line': b'Traceback (most recent call last):\n  File "/opt/miniconda3/envs/ros3/lib/python3.10/site-packages/colcon_core/executor/__init__.py", line 91, in __call__\n    rc = await self.task(*args, **kwargs)\n         ^^^^^^^^^^^^^^^^^^^^^^^^^^^^^^^^\n  File "/opt/miniconda3/envs/ros3/lib/python3.10/site-packages/colcon_core/task/__init__.py", line 93, in __call__\n    return await task_method(*args, **kwargs)\n           ^^^^^^^^^^^^^^^^^^^^^^^^^^^^^^^^^^\n  File "/opt/miniconda3/envs/ros3/lib/python3.10/site-packages/colcon_ros/task/ament_python/build.py", line 51, in build\n    setup_py_data = get_setup_data(self.context.pkg, env)\n                    ^^^^^^^^^^^^^^^^^^^^^^^^^^^^^^^^^^^^^\n  File "/opt/miniconda3/envs/ros3/lib/python3.10/site-packages/colcon_core/task/python/__init__.py", line 20, in get_setup_data\n    return dict(pkg.metadata[key](env))\n                ^^^^^^^^^^^^^^^^^^^^^^\n  File "/opt/miniconda3/envs/ros3/lib/python3.10/site-packages/colcon_ros/package_augmentation/ros_ament_python.py", line 57, in getter\n    return get_setup_information(\n           ^^^^^^^^^^^^^^^^^^^^^^\n  File "/opt/miniconda3/envs/ros3/lib/python3.10/site-packages/colcon_python_setup_py/package_identification/python_setup_py.py", line 249, in get_setup_information\n    _setup_information_cache[hashable_env] = _get_setup_information(\n                                             ^^^^^^^^^^^^^^^^^^^^^^^\n  File "/opt/miniconda3/envs/ros3/lib/python3.10/site-packages/colcon_python_setup_py/package_identification/python_setup_py.py", line 296, in _get_setup_information\n    result = subprocess.run(\n             ^^^^^^^^^^^^^^^\n  File "/opt/miniconda3/envs/ros2/lib/python3.11/subprocess.py", line 571, in run\n    raise CalledProcessError(retcode, process.args,\nsubprocess.CalledProcessError: Command \'[\'/opt/miniconda3/envs/ros2/bin/python3.11\', \'-c\', \'import sys;from contextlib import suppress;exec("with suppress(ImportError):    from setuptools.extern.packaging.specifiers    import SpecifierSet");exec("with suppress(ImportError):    from packaging.specifiers import SpecifierSet");from distutils.core import run_setup;dist = run_setup(    \\\'setup.py\\\', script_args=(\\\'--dry-run\\\',), stop_after=\\\'config\\\');skip_keys = (\\\'cmdclass\\\', \\\'distclass\\\', \\\'ext_modules\\\', \\\'metadata\\\');data = {    key: value for key, value in dist.__dict__.items()     if (        not key.startswith(\\\'_\\\') and         not callable(value) and         key not in skip_keys and         key not in dist.display_option_names    )};data[\\\'metadata\\\'] = {    k: v for k, v in dist.metadata.__dict__.items()     if k not in (\\\'license_files\\\', \\\'provides_extras\\\')};sys.stdout.buffer.write(repr(data).encode(\\\'utf-8\\\'))\']\' returned non-zero exit status 1.\n'}
[0.661689] (cpmr_ch11) JobEnded: {'identifier': 'cpmr_ch11', 'rc': 1}
[0.730182] (-) TimerEvent: {}
[0.835409] (-) TimerEvent: {}
[0.932654] (cpmr_ch12) StderrLine: {'line': b'Traceback (most recent call last):\n  File "/opt/miniconda3/envs/ros3/lib/python3.10/site-packages/colcon_core/executor/__init__.py", line 91, in __call__\n    rc = await self.task(*args, **kwargs)\n         ^^^^^^^^^^^^^^^^^^^^^^^^^^^^^^^^\n  File "/opt/miniconda3/envs/ros3/lib/python3.10/site-packages/colcon_core/task/__init__.py", line 93, in __call__\n    return await task_method(*args, **kwargs)\n           ^^^^^^^^^^^^^^^^^^^^^^^^^^^^^^^^^^\n  File "/opt/miniconda3/envs/ros3/lib/python3.10/site-packages/colcon_ros/task/ament_python/build.py", line 51, in build\n    setup_py_data = get_setup_data(self.context.pkg, env)\n                    ^^^^^^^^^^^^^^^^^^^^^^^^^^^^^^^^^^^^^\n  File "/opt/miniconda3/envs/ros3/lib/python3.10/site-packages/colcon_core/task/python/__init__.py", line 20, in get_setup_data\n    return dict(pkg.metadata[key](env))\n                ^^^^^^^^^^^^^^^^^^^^^^\n  File "/opt/miniconda3/envs/ros3/lib/python3.10/site-packages/colcon_ros/package_augmentation/ros_ament_python.py", line 57, in getter\n    return get_setup_information(\n           ^^^^^^^^^^^^^^^^^^^^^^\n  File "/opt/miniconda3/envs/ros3/lib/python3.10/site-packages/colcon_python_setup_py/package_identification/python_setup_py.py", line 249, in get_setup_information\n    _setup_information_cache[hashable_env] = _get_setup_information(\n                                             ^^^^^^^^^^^^^^^^^^^^^^^\n  File "/opt/miniconda3/envs/ros3/lib/python3.10/site-packages/colcon_python_setup_py/package_identification/python_setup_py.py", line 296, in _get_setup_information\n    result = subprocess.run(\n             ^^^^^^^^^^^^^^^\n  File "/opt/miniconda3/envs/ros2/lib/python3.11/subprocess.py", line 571, in run\n    raise CalledProcessError(retcode, process.args,\nsubprocess.CalledProcessError: Command \'[\'/opt/miniconda3/envs/ros2/bin/python3.11\', \'-c\', \'import sys;from contextlib import suppress;exec("with suppress(ImportError):    from setuptools.extern.packaging.specifiers    import SpecifierSet");exec("with suppress(ImportError):    from packaging.specifiers import SpecifierSet");from distutils.core import run_setup;dist = run_setup(    \\\'setup.py\\\', script_args=(\\\'--dry-run\\\',), stop_after=\\\'config\\\');skip_keys = (\\\'cmdclass\\\', \\\'distclass\\\', \\\'ext_modules\\\', \\\'metadata\\\');data = {    key: value for key, value in dist.__dict__.items()     if (        not key.startswith(\\\'_\\\') and         not callable(value) and         key not in skip_keys and         key not in dist.display_option_names    )};data[\\\'metadata\\\'] = {    k: v for k, v in dist.metadata.__dict__.items()     if k not in (\\\'license_files\\\', \\\'provides_extras\\\')};sys.stdout.buffer.write(repr(data).encode(\\\'utf-8\\\'))\']\' returned non-zero exit status 1.\n'}
[0.934025] (cpmr_ch12) JobEnded: {'identifier': 'cpmr_ch12', 'rc': 1}
[0.934851] (cpmr_ch4) JobEnded: {'identifier': 'cpmr_ch4', 'rc': 'SIGINT'}
[0.935120] (cpmr_ch2) JobEnded: {'identifier': 'cpmr_ch2', 'rc': 'SIGINT'}
[0.935492] (-) TimerEvent: {}
[0.935562] (cpmr_ch6) JobEnded: {'identifier': 'cpmr_ch6', 'rc': 'SIGINT'}
[0.935979] (cpmr_ch5) JobEnded: {'identifier': 'cpmr_ch5', 'rc': 'SIGINT'}
[0.936297] (cpmr_ch7) JobEnded: {'identifier': 'cpmr_ch7', 'rc': 'SIGINT'}
[0.944459] (cpmr_ch8) JobSkipped: {'identifier': 'cpmr_ch8'}
[0.944500] (-) EventReactorShutdown: {}
