/opt/miniconda3/envs/ros_env/lib/python3.11/site-packages/cpmr_ch6/__init__.py
/opt/miniconda3/envs/ros_env/lib/python3.11/site-packages/cpmr_ch6/auto_drive_by_road.py
/opt/miniconda3/envs/ros_env/lib/python3.11/site-packages/cpmr_ch6/drive_by_line.py
/opt/miniconda3/envs/ros_env/lib/python3.11/site-packages/cpmr_ch6/auto_drive_by_line.py
/opt/miniconda3/envs/ros_env/lib/python3.11/site-packages/cpmr_ch6/drive_by_road.py
/opt/miniconda3/envs/ros_env/lib/python3.11/site-packages/cpmr_ch6/__pycache__/__init__.cpython-311.pyc
/opt/miniconda3/envs/ros_env/lib/python3.11/site-packages/cpmr_ch6/__pycache__/auto_drive_by_road.cpython-311.pyc
/opt/miniconda3/envs/ros_env/lib/python3.11/site-packages/cpmr_ch6/__pycache__/drive_by_line.cpython-311.pyc
/opt/miniconda3/envs/ros_env/lib/python3.11/site-packages/cpmr_ch6/__pycache__/auto_drive_by_line.cpython-311.pyc
/opt/miniconda3/envs/ros_env/lib/python3.11/site-packages/cpmr_ch6/__pycache__/drive_by_road.cpython-311.pyc
/opt/miniconda3/envs/ros_env/share/ament_index/resource_index/packages/cpmr_ch6
/opt/miniconda3/envs/ros_env/share/cpmr_ch6/package.xml
/opt/miniconda3/envs/ros_env/share/cpmr_ch6/drive_by_line.launch.py
/opt/miniconda3/envs/ros_env/share/cpmr_ch6/drive_by_road.launch.py
/opt/miniconda3/envs/ros_env/share/cpmr_ch6/auto_drive_by_road.launch.py
/opt/miniconda3/envs/ros_env/share/cpmr_ch6/auto_drive_by_line.launch.py
/opt/miniconda3/envs/ros_env/share/cpmr_ch6/scout-camera.urdf.xacro
/opt/miniconda3/envs/ros_env/share/cpmr_ch6/scout-line-follower.urdf.xacro
/opt/miniconda3/envs/ros_env/share/cpmr_ch6/colors.xacro
/opt/miniconda3/envs/ros_env/lib/python3.11/site-packages/cpmr_ch6-3.1.0-py3.11.egg-info/PKG-INFO
/opt/miniconda3/envs/ros_env/lib/python3.11/site-packages/cpmr_ch6-3.1.0-py3.11.egg-info/zip-safe
/opt/miniconda3/envs/ros_env/lib/python3.11/site-packages/cpmr_ch6-3.1.0-py3.11.egg-info/SOURCES.txt
/opt/miniconda3/envs/ros_env/lib/python3.11/site-packages/cpmr_ch6-3.1.0-py3.11.egg-info/entry_points.txt
/opt/miniconda3/envs/ros_env/lib/python3.11/site-packages/cpmr_ch6-3.1.0-py3.11.egg-info/requires.txt
/opt/miniconda3/envs/ros_env/lib/python3.11/site-packages/cpmr_ch6-3.1.0-py3.11.egg-info/top_level.txt
/opt/miniconda3/envs/ros_env/lib/python3.11/site-packages/cpmr_ch6-3.1.0-py3.11.egg-info/dependency_links.txt
/opt/miniconda3/envs/ros_env/lib/cpmr_ch6/auto_drive_by_line
/opt/miniconda3/envs/ros_env/lib/cpmr_ch6/auto_drive_by_road
/opt/miniconda3/envs/ros_env/lib/cpmr_ch6/drive_by_line
/opt/miniconda3/envs/ros_env/lib/cpmr_ch6/drive_by_road
