running egg_info
writing ../../build/cpmr_ch12/cpmr_ch12.egg-info/PKG-INFO
writing dependency_links to ../../build/cpmr_ch12/cpmr_ch12.egg-info/dependency_links.txt
writing entry points to ../../build/cpmr_ch12/cpmr_ch12.egg-info/entry_points.txt
writing requirements to ../../build/cpmr_ch12/cpmr_ch12.egg-info/requires.txt
writing top-level names to ../../build/cpmr_ch12/cpmr_ch12.egg-info/top_level.txt
reading manifest file '../../build/cpmr_ch12/cpmr_ch12.egg-info/SOURCES.txt'
writing manifest file '../../build/cpmr_ch12/cpmr_ch12.egg-info/SOURCES.txt'
running build
running build_py
running install
running install_lib
running install_data
running install_egg_info
removing '/Users/mafu/Desktop/robotics/Lab9/CPMR3/ros2_ws/install/cpmr_ch12/lib/python3.10/site-packages/cpmr_ch12-3.1.0-py3.10.egg-info' (and everything under it)
Copying ../../build/cpmr_ch12/cpmr_ch12.egg-info to /Users/mafu/Desktop/robotics/Lab9/CPMR3/ros2_ws/install/cpmr_ch12/lib/python3.10/site-packages/cpmr_ch12-3.1.0-py3.10.egg-info
running install_scripts
Installing opencv_camera script to /Users/mafu/Desktop/robotics/Lab9/CPMR3/ros2_ws/install/cpmr_ch12/lib/cpmr_ch12
Installing yolo_pose script to /Users/mafu/Desktop/robotics/Lab9/CPMR3/ros2_ws/install/cpmr_ch12/lib/cpmr_ch12
writing list of installed files to '/Users/mafu/Desktop/robotics/Lab9/CPMR3/ros2_ws/build/cpmr_ch12/install.log'
