[2.136s] Invoking command in '/Users/mafu/Library/CloudStorage/GoogleDrive-mafu@my.yorku.ca/Other computers/My Laptop/E:/0.2 Fall 2024/EECS_4421_Robotics/Labs/Lab2/CPMR3/ros2_ws/src/cpmr_ch6': CONDA_PROMPT_MODIFIER=(ros_env) PYTHONPATH=/Users/mafu/Library/CloudStorage/GoogleDrive-mafu@my.yorku.ca/Other computers/My Laptop/E:/0.2 Fall 2024/EECS_4421_Robotics/Labs/Lab2/CPMR3/ros2_ws/build/cpmr_ch6/prefix_override:/opt/miniconda3/envs/ros_env/lib/python3.11/site-packages/colcon_core/task/python/colcon_distutils_commands:/Users/mafu/Library/CloudStorage/GoogleDrive-mafu@my.yorku.ca/Other computers/My Laptop/E:/0.2 Fall 2024/EECS_4421_Robotics/Labs/Lab2/CPMR3/ros2_ws/install/cpmr_ch6/lib/python3.11/site-packages:${PYTHONPATH} SHLVL=2 _=/opt/miniconda3/envs/ros_env/bin/env __CF_USER_TEXT_ENCODING=0x1F5:0x0:0x52 /opt/miniconda3/envs/ros_env/bin/python3.11 -W ignore:setup.py install is deprecated setup.py egg_info --egg-base ../../build/cpmr_ch6 build --build-base /Users/mafu/Library/CloudStorage/GoogleDrive-mafu@my.yorku.ca/Other computers/My Laptop/E:/0.2 Fall 2024/EECS_4421_Robotics/Labs/Lab2/CPMR3/ros2_ws/build/cpmr_ch6/build install --record /Users/mafu/Library/CloudStorage/GoogleDrive-mafu@my.yorku.ca/Other computers/My Laptop/E:/0.2 Fall 2024/EECS_4421_Robotics/Labs/Lab2/CPMR3/ros2_ws/build/cpmr_ch6/install.log --single-version-externally-managed install_data
[2.354s] /opt/miniconda3/envs/ros_env/lib/python3.11/site-packages/setuptools/_distutils/dist.py:261: UserWarning: Unknown distribution option: 'tests_require'
[2.354s]   warnings.warn(msg)
[2.521s] running egg_info
[2.561s] writing ../../build/cpmr_ch6/cpmr_ch6.egg-info/PKG-INFO
[2.563s] writing dependency_links to ../../build/cpmr_ch6/cpmr_ch6.egg-info/dependency_links.txt
[2.564s] writing entry points to ../../build/cpmr_ch6/cpmr_ch6.egg-info/entry_points.txt
[2.564s] writing requirements to ../../build/cpmr_ch6/cpmr_ch6.egg-info/requires.txt
[2.564s] writing top-level names to ../../build/cpmr_ch6/cpmr_ch6.egg-info/top_level.txt
[2.585s] reading manifest file '../../build/cpmr_ch6/cpmr_ch6.egg-info/SOURCES.txt'
[2.586s] writing manifest file '../../build/cpmr_ch6/cpmr_ch6.egg-info/SOURCES.txt'
[2.586s] running build
[2.586s] running build_py
[2.587s] running install
[2.591s] running install_lib
[2.604s] copying /Users/mafu/Library/CloudStorage/GoogleDrive-mafu@my.yorku.ca/Other computers/My Laptop/E:/0.2 Fall 2024/EECS_4421_Robotics/Labs/Lab2/CPMR3/ros2_ws/build/cpmr_ch6/build/lib/cpmr_ch6/__init__.py -> /opt/miniconda3/envs/ros_env/lib/python3.11/site-packages/cpmr_ch6
[5.440s] copying /Users/mafu/Library/CloudStorage/GoogleDrive-mafu@my.yorku.ca/Other computers/My Laptop/E:/0.2 Fall 2024/EECS_4421_Robotics/Labs/Lab2/CPMR3/ros2_ws/build/cpmr_ch6/build/lib/cpmr_ch6/auto_drive_by_road.py -> /opt/miniconda3/envs/ros_env/lib/python3.11/site-packages/cpmr_ch6
[5.441s] copying /Users/mafu/Library/CloudStorage/GoogleDrive-mafu@my.yorku.ca/Other computers/My Laptop/E:/0.2 Fall 2024/EECS_4421_Robotics/Labs/Lab2/CPMR3/ros2_ws/build/cpmr_ch6/build/lib/cpmr_ch6/drive_by_line.py -> /opt/miniconda3/envs/ros_env/lib/python3.11/site-packages/cpmr_ch6
[5.442s] copying /Users/mafu/Library/CloudStorage/GoogleDrive-mafu@my.yorku.ca/Other computers/My Laptop/E:/0.2 Fall 2024/EECS_4421_Robotics/Labs/Lab2/CPMR3/ros2_ws/build/cpmr_ch6/build/lib/cpmr_ch6/auto_drive_by_line.py -> /opt/miniconda3/envs/ros_env/lib/python3.11/site-packages/cpmr_ch6
[5.443s] copying /Users/mafu/Library/CloudStorage/GoogleDrive-mafu@my.yorku.ca/Other computers/My Laptop/E:/0.2 Fall 2024/EECS_4421_Robotics/Labs/Lab2/CPMR3/ros2_ws/build/cpmr_ch6/build/lib/cpmr_ch6/drive_by_road.py -> /opt/miniconda3/envs/ros_env/lib/python3.11/site-packages/cpmr_ch6
[5.445s] byte-compiling /opt/miniconda3/envs/ros_env/lib/python3.11/site-packages/cpmr_ch6/__init__.py to __init__.cpython-311.pyc
[5.446s] byte-compiling /opt/miniconda3/envs/ros_env/lib/python3.11/site-packages/cpmr_ch6/auto_drive_by_road.py to auto_drive_by_road.cpython-311.pyc
[5.449s] byte-compiling /opt/miniconda3/envs/ros_env/lib/python3.11/site-packages/cpmr_ch6/drive_by_line.py to drive_by_line.cpython-311.pyc
[5.451s] byte-compiling /opt/miniconda3/envs/ros_env/lib/python3.11/site-packages/cpmr_ch6/auto_drive_by_line.py to auto_drive_by_line.cpython-311.pyc
[5.455s] byte-compiling /opt/miniconda3/envs/ros_env/lib/python3.11/site-packages/cpmr_ch6/drive_by_road.py to drive_by_road.cpython-311.pyc
[5.457s] running install_data
[5.458s] copying resource/cpmr_ch6 -> /opt/miniconda3/envs/ros_env/share/ament_index/resource_index/packages
[5.459s] copying package.xml -> /opt/miniconda3/envs/ros_env/share/cpmr_ch6
[5.460s] copying launch/drive_by_line.launch.py -> /opt/miniconda3/envs/ros_env/share/cpmr_ch6
[5.460s] copying launch/drive_by_road.launch.py -> /opt/miniconda3/envs/ros_env/share/cpmr_ch6
[5.463s] copying launch/auto_drive_by_road.launch.py -> /opt/miniconda3/envs/ros_env/share/cpmr_ch6
[5.463s] copying launch/auto_drive_by_line.launch.py -> /opt/miniconda3/envs/ros_env/share/cpmr_ch6
[5.464s] copying urdf/scout-camera.urdf.xacro -> /opt/miniconda3/envs/ros_env/share/cpmr_ch6
[5.465s] copying urdf/scout-line-follower.urdf.xacro -> /opt/miniconda3/envs/ros_env/share/cpmr_ch6
[5.466s] copying urdf/colors.xacro -> /opt/miniconda3/envs/ros_env/share/cpmr_ch6
[5.467s] running install_egg_info
[5.498s] removing '/opt/miniconda3/envs/ros_env/lib/python3.11/site-packages/cpmr_ch6-3.1.0-py3.11.egg-info' (and everything under it)
[5.501s] Copying ../../build/cpmr_ch6/cpmr_ch6.egg-info to /opt/miniconda3/envs/ros_env/lib/python3.11/site-packages/cpmr_ch6-3.1.0-py3.11.egg-info
[5.505s] running install_scripts
[5.625s] Installing auto_drive_by_line script to /opt/miniconda3/envs/ros_env/lib/cpmr_ch6
[5.627s] Installing auto_drive_by_road script to /opt/miniconda3/envs/ros_env/lib/cpmr_ch6
[5.631s] Installing drive_by_line script to /opt/miniconda3/envs/ros_env/lib/cpmr_ch6
[5.634s] Installing drive_by_road script to /opt/miniconda3/envs/ros_env/lib/cpmr_ch6
[5.635s] writing list of installed files to '/Users/mafu/Library/CloudStorage/GoogleDrive-mafu@my.yorku.ca/Other computers/My Laptop/E:/0.2 Fall 2024/EECS_4421_Robotics/Labs/Lab2/CPMR3/ros2_ws/build/cpmr_ch6/install.log'
[5.718s] Invoked command in '/Users/mafu/Library/CloudStorage/GoogleDrive-mafu@my.yorku.ca/Other computers/My Laptop/E:/0.2 Fall 2024/EECS_4421_Robotics/Labs/Lab2/CPMR3/ros2_ws/src/cpmr_ch6' returned '0': CONDA_PROMPT_MODIFIER=(ros_env) PYTHONPATH=/Users/mafu/Library/CloudStorage/GoogleDrive-mafu@my.yorku.ca/Other computers/My Laptop/E:/0.2 Fall 2024/EECS_4421_Robotics/Labs/Lab2/CPMR3/ros2_ws/build/cpmr_ch6/prefix_override:/opt/miniconda3/envs/ros_env/lib/python3.11/site-packages/colcon_core/task/python/colcon_distutils_commands:/Users/mafu/Library/CloudStorage/GoogleDrive-mafu@my.yorku.ca/Other computers/My Laptop/E:/0.2 Fall 2024/EECS_4421_Robotics/Labs/Lab2/CPMR3/ros2_ws/install/cpmr_ch6/lib/python3.11/site-packages:${PYTHONPATH} SHLVL=2 _=/opt/miniconda3/envs/ros_env/bin/env __CF_USER_TEXT_ENCODING=0x1F5:0x0:0x52 /opt/miniconda3/envs/ros_env/bin/python3.11 -W ignore:setup.py install is deprecated setup.py egg_info --egg-base ../../build/cpmr_ch6 build --build-base /Users/mafu/Library/CloudStorage/GoogleDrive-mafu@my.yorku.ca/Other computers/My Laptop/E:/0.2 Fall 2024/EECS_4421_Robotics/Labs/Lab2/CPMR3/ros2_ws/build/cpmr_ch6/build install --record /Users/mafu/Library/CloudStorage/GoogleDrive-mafu@my.yorku.ca/Other computers/My Laptop/E:/0.2 Fall 2024/EECS_4421_Robotics/Labs/Lab2/CPMR3/ros2_ws/build/cpmr_ch6/install.log --single-version-externally-managed install_data
