running egg_info
writing ../../build/cpmr_ch2/cpmr_ch2.egg-info/PKG-INFO
writing dependency_links to ../../build/cpmr_ch2/cpmr_ch2.egg-info/dependency_links.txt
writing entry points to ../../build/cpmr_ch2/cpmr_ch2.egg-info/entry_points.txt
writing requirements to ../../build/cpmr_ch2/cpmr_ch2.egg-info/requires.txt
writing top-level names to ../../build/cpmr_ch2/cpmr_ch2.egg-info/top_level.txt
reading manifest file '../../build/cpmr_ch2/cpmr_ch2.egg-info/SOURCES.txt'
writing manifest file '../../build/cpmr_ch2/cpmr_ch2.egg-info/SOURCES.txt'
running build
running build_py
running install
running install_lib
running install_data
copying launch/gazebo.launch.py -> /opt/miniconda3/envs/ros_env/share/cpmr_ch2
running install_egg_info
removing '/opt/miniconda3/envs/ros_env/lib/python3.11/site-packages/cpmr_ch2-3.1.0-py3.11.egg-info' (and everything under it)
Copying ../../build/cpmr_ch2/cpmr_ch2.egg-info to /opt/miniconda3/envs/ros_env/lib/python3.11/site-packages/cpmr_ch2-3.1.0-py3.11.egg-info
running install_scripts
Installing add_obstacle script to /opt/miniconda3/envs/ros_env/lib/cpmr_ch2
Installing build_map script to /opt/miniconda3/envs/ros_env/lib/cpmr_ch2
Installing destroy_map script to /opt/miniconda3/envs/ros_env/lib/cpmr_ch2
Installing drive_to_goal script to /opt/miniconda3/envs/ros_env/lib/cpmr_ch2
writing list of installed files to '/Users/mafu/Library/CloudStorage/GoogleDrive-mafu@my.yorku.ca/Other computers/My Laptop/E:/0.2 Fall 2024/EECS_4421_Robotics/Labs/Lab2/CPMR3/ros2_ws/build/cpmr_ch2/install.log'
