[5.127s] Invoking command in '/Users/mafu/Desktop/robotics/Lab8/ros2_ws/src/cpmr_ch5': CONDA_PROMPT_MODIFIER=(ros_env) PYTHONPATH=/Users/mafu/Desktop/robotics/Lab8/ros2_ws/build/cpmr_ch5/prefix_override:/Users/mafu/miniforge3/envs/ros_env/lib/python3.10/site-packages/colcon_core/task/python/colcon_distutils_commands:/Users/mafu/Desktop/robotics/Lab8/ros2_ws/install/cpmr_ch5/lib/python3.10/site-packages:${PYTHONPATH} SHLVL=2 _=/Users/mafu/miniforge3/envs/ros_env/bin/env __CF_USER_TEXT_ENCODING=0x1F5:0x0:0x0 /Users/mafu/miniforge3/envs/ros_env/bin/python3.10 -W ignore:setup.py install is deprecated setup.py egg_info --egg-base ../../build/cpmr_ch5 build --build-base /Users/mafu/Desktop/robotics/Lab8/ros2_ws/build/cpmr_ch5/build install --record /Users/mafu/Desktop/robotics/Lab8/ros2_ws/build/cpmr_ch5/install.log --single-version-externally-managed install_data
[6.525s] running egg_info
[6.609s] writing ../../build/cpmr_ch5/cpmr_ch5.egg-info/PKG-INFO
[6.690s] writing dependency_links to ../../build/cpmr_ch5/cpmr_ch5.egg-info/dependency_links.txt
[6.853s] writing entry points to ../../build/cpmr_ch5/cpmr_ch5.egg-info/entry_points.txt
[6.999s] writing requirements to ../../build/cpmr_ch5/cpmr_ch5.egg-info/requires.txt
[7.011s] writing top-level names to ../../build/cpmr_ch5/cpmr_ch5.egg-info/top_level.txt
[7.113s] reading manifest file '../../build/cpmr_ch5/cpmr_ch5.egg-info/SOURCES.txt'
[7.115s] writing manifest file '../../build/cpmr_ch5/cpmr_ch5.egg-info/SOURCES.txt'
[7.116s] running build
[7.116s] running build_py
[7.118s] running install
[7.126s] running install_lib
[7.212s] running install_data
[7.212s] running install_egg_info
[7.277s] removing '/Users/mafu/Desktop/robotics/Lab8/ros2_ws/install/cpmr_ch5/lib/python3.10/site-packages/cpmr_ch5-3.1.0-py3.10.egg-info' (and everything under it)
[7.281s] Copying ../../build/cpmr_ch5/cpmr_ch5.egg-info to /Users/mafu/Desktop/robotics/Lab8/ros2_ws/install/cpmr_ch5/lib/python3.10/site-packages/cpmr_ch5-3.1.0-py3.10.egg-info
[7.294s] running install_scripts
[7.971s] Installing aruco_target script to /Users/mafu/Desktop/robotics/Lab8/ros2_ws/install/cpmr_ch5/lib/cpmr_ch5
[7.971s] Installing canny_edges script to /Users/mafu/Desktop/robotics/Lab8/ros2_ws/install/cpmr_ch5/lib/cpmr_ch5
[7.971s] Installing good_features script to /Users/mafu/Desktop/robotics/Lab8/ros2_ws/install/cpmr_ch5/lib/cpmr_ch5
[7.971s] Installing harris_corners script to /Users/mafu/Desktop/robotics/Lab8/ros2_ws/install/cpmr_ch5/lib/cpmr_ch5
[7.971s] Installing opencv_camera script to /Users/mafu/Desktop/robotics/Lab8/ros2_ws/install/cpmr_ch5/lib/cpmr_ch5
[7.971s] Installing opencv_camera_calibrated script to /Users/mafu/Desktop/robotics/Lab8/ros2_ws/install/cpmr_ch5/lib/cpmr_ch5
[7.971s] Installing view_camera script to /Users/mafu/Desktop/robotics/Lab8/ros2_ws/install/cpmr_ch5/lib/cpmr_ch5
[7.971s] writing list of installed files to '/Users/mafu/Desktop/robotics/Lab8/ros2_ws/build/cpmr_ch5/install.log'
[7.994s] Invoked command in '/Users/mafu/Desktop/robotics/Lab8/ros2_ws/src/cpmr_ch5' returned '0': CONDA_PROMPT_MODIFIER=(ros_env) PYTHONPATH=/Users/mafu/Desktop/robotics/Lab8/ros2_ws/build/cpmr_ch5/prefix_override:/Users/mafu/miniforge3/envs/ros_env/lib/python3.10/site-packages/colcon_core/task/python/colcon_distutils_commands:/Users/mafu/Desktop/robotics/Lab8/ros2_ws/install/cpmr_ch5/lib/python3.10/site-packages:${PYTHONPATH} SHLVL=2 _=/Users/mafu/miniforge3/envs/ros_env/bin/env __CF_USER_TEXT_ENCODING=0x1F5:0x0:0x0 /Users/mafu/miniforge3/envs/ros_env/bin/python3.10 -W ignore:setup.py install is deprecated setup.py egg_info --egg-base ../../build/cpmr_ch5 build --build-base /Users/mafu/Desktop/robotics/Lab8/ros2_ws/build/cpmr_ch5/build install --record /Users/mafu/Desktop/robotics/Lab8/ros2_ws/build/cpmr_ch5/install.log --single-version-externally-managed install_data
