[0.191s] [34mcolcon[0m [1;30mDEBUG[0m [32mCommand line arguments: ['/Users/mafu/miniforge3/envs/ros_env/bin/colcon', 'build'][0m
[0.191s] [34mcolcon[0m [1;30mDEBUG[0m [32mParsed command line arguments: Namespace(log_base=None, log_level=None, verb_name='build', build_base='build', install_base='install', merge_install=False, symlink_install=False, test_result_base=None, continue_on_error=False, executor='parallel', parallel_workers=8, event_handlers=None, ignore_user_meta=False, metas=['./colcon.meta'], base_paths=['.'], packages_ignore=None, packages_ignore_regex=None, paths=None, packages_up_to=None, packages_up_to_regex=None, packages_above=None, packages_above_and_dependencies=None, packages_above_depth=None, packages_select_by_dep=None, packages_skip_by_dep=None, packages_skip_up_to=None, packages_select_build_failed=False, packages_skip_build_finished=False, packages_select_test_failures=False, packages_skip_test_passed=False, packages_select=None, packages_skip=None, packages_select_regex=None, packages_skip_regex=None, packages_start=None, packages_end=None, cmake_args=None, cmake_target=None, cmake_target_skip_unavailable=False, cmake_clean_cache=False, cmake_clean_first=False, cmake_force_configure=False, ament_cmake_args=None, catkin_cmake_args=None, catkin_skip_building_tests=False, verb_parser=<colcon_defaults.argument_parser.defaults.DefaultArgumentsDecorator object at 0x1015282b0>, verb_extension=<colcon_core.verb.build.BuildVerb object at 0x1014f7cd0>, main=<bound method BuildVerb.main of <colcon_core.verb.build.BuildVerb object at 0x1014f7cd0>>)[0m
[0.321s] [34mcolcon.colcon_core.package_discovery[0m [1;30mLevel 1[0m discover_packages(colcon_meta) check parameters
[0.321s] [34mcolcon.colcon_core.package_discovery[0m [1;30mLevel 1[0m discover_packages(recursive) check parameters
[0.321s] [34mcolcon.colcon_core.package_discovery[0m [1;30mLevel 1[0m discover_packages(ignore) check parameters
[0.321s] [34mcolcon.colcon_core.package_discovery[0m [1;30mLevel 1[0m discover_packages(path) check parameters
[0.321s] [34mcolcon.colcon_core.package_discovery[0m [1;30mLevel 1[0m discover_packages(colcon_meta) discover
[0.321s] [34mcolcon.colcon_core.package_discovery[0m [1;30mLevel 1[0m discover_packages(recursive) discover
[0.321s] [34mcolcon.colcon_core.package_discovery[0m [1;30mINFO[0m Crawling recursively for packages in '/Users/mafu/Desktop/robotics/Lab8/ros2_ws'
[0.321s] [34mcolcon.colcon_core.package_identification[0m [1;30mLevel 1[0m _identify(.) by extensions ['ignore', 'ignore_ament_install']
[0.321s] [34mcolcon.colcon_core.package_identification[0m [1;30mLevel 1[0m _identify(.) by extension 'ignore'
[0.321s] [34mcolcon.colcon_core.package_identification[0m [1;30mLevel 1[0m _identify(.) by extension 'ignore_ament_install'
[0.321s] [34mcolcon.colcon_core.package_identification[0m [1;30mLevel 1[0m _identify(.) by extensions ['colcon_pkg']
[0.321s] [34mcolcon.colcon_core.package_identification[0m [1;30mLevel 1[0m _identify(.) by extension 'colcon_pkg'
[0.321s] [34mcolcon.colcon_core.package_identification[0m [1;30mLevel 1[0m _identify(.) by extensions ['colcon_meta']
[0.321s] [34mcolcon.colcon_core.package_identification[0m [1;30mLevel 1[0m _identify(.) by extension 'colcon_meta'
[0.321s] [34mcolcon.colcon_core.package_identification[0m [1;30mLevel 1[0m _identify(.) by extensions ['ros']
[0.321s] [34mcolcon.colcon_core.package_identification[0m [1;30mLevel 1[0m _identify(.) by extension 'ros'
[0.344s] [34mcolcon.colcon_core.package_identification[0m [1;30mLevel 1[0m _identify(.) by extensions ['cmake', 'python']
[0.344s] [34mcolcon.colcon_core.package_identification[0m [1;30mLevel 1[0m _identify(.) by extension 'cmake'
[0.344s] [34mcolcon.colcon_core.package_identification[0m [1;30mLevel 1[0m _identify(.) by extension 'python'
[0.344s] [34mcolcon.colcon_core.package_identification[0m [1;30mLevel 1[0m _identify(.) by extensions ['python_setup_py']
[0.345s] [34mcolcon.colcon_core.package_identification[0m [1;30mLevel 1[0m _identify(.) by extension 'python_setup_py'
[0.345s] [34mcolcon.colcon_core.package_identification[0m [1;30mLevel 1[0m _identify(build) by extensions ['ignore', 'ignore_ament_install']
[0.345s] [34mcolcon.colcon_core.package_identification[0m [1;30mLevel 1[0m _identify(build) by extension 'ignore'
[0.345s] [34mcolcon.colcon_core.package_identification[0m [1;30mLevel 1[0m _identify(build) ignored
[0.345s] [34mcolcon.colcon_core.package_identification[0m [1;30mLevel 1[0m _identify(install) by extensions ['ignore', 'ignore_ament_install']
[0.345s] [34mcolcon.colcon_core.package_identification[0m [1;30mLevel 1[0m _identify(install) by extension 'ignore'
[0.345s] [34mcolcon.colcon_core.package_identification[0m [1;30mLevel 1[0m _identify(install) ignored
[0.345s] [34mcolcon.colcon_core.package_identification[0m [1;30mLevel 1[0m _identify(log) by extensions ['ignore', 'ignore_ament_install']
[0.345s] [34mcolcon.colcon_core.package_identification[0m [1;30mLevel 1[0m _identify(log) by extension 'ignore'
[0.345s] [34mcolcon.colcon_core.package_identification[0m [1;30mLevel 1[0m _identify(log) ignored
[0.345s] [34mcolcon.colcon_core.package_identification[0m [1;30mLevel 1[0m _identify(src) by extensions ['ignore', 'ignore_ament_install']
[0.345s] [34mcolcon.colcon_core.package_identification[0m [1;30mLevel 1[0m _identify(src) by extension 'ignore'
[0.345s] [34mcolcon.colcon_core.package_identification[0m [1;30mLevel 1[0m _identify(src) by extension 'ignore_ament_install'
[0.345s] [34mcolcon.colcon_core.package_identification[0m [1;30mLevel 1[0m _identify(src) by extensions ['colcon_pkg']
[0.345s] [34mcolcon.colcon_core.package_identification[0m [1;30mLevel 1[0m _identify(src) by extension 'colcon_pkg'
[0.345s] [34mcolcon.colcon_core.package_identification[0m [1;30mLevel 1[0m _identify(src) by extensions ['colcon_meta']
[0.345s] [34mcolcon.colcon_core.package_identification[0m [1;30mLevel 1[0m _identify(src) by extension 'colcon_meta'
[0.345s] [34mcolcon.colcon_core.package_identification[0m [1;30mLevel 1[0m _identify(src) by extensions ['ros']
[0.345s] [34mcolcon.colcon_core.package_identification[0m [1;30mLevel 1[0m _identify(src) by extension 'ros'
[0.345s] [34mcolcon.colcon_core.package_identification[0m [1;30mLevel 1[0m _identify(src) by extensions ['cmake', 'python']
[0.345s] [34mcolcon.colcon_core.package_identification[0m [1;30mLevel 1[0m _identify(src) by extension 'cmake'
[0.345s] [34mcolcon.colcon_core.package_identification[0m [1;30mLevel 1[0m _identify(src) by extension 'python'
[0.345s] [34mcolcon.colcon_core.package_identification[0m [1;30mLevel 1[0m _identify(src) by extensions ['python_setup_py']
[0.345s] [34mcolcon.colcon_core.package_identification[0m [1;30mLevel 1[0m _identify(src) by extension 'python_setup_py'
[0.345s] [34mcolcon.colcon_core.package_identification[0m [1;30mLevel 1[0m _identify(src/cpmr_apb) by extensions ['ignore', 'ignore_ament_install']
[0.345s] [34mcolcon.colcon_core.package_identification[0m [1;30mLevel 1[0m _identify(src/cpmr_apb) by extension 'ignore'
[0.345s] [34mcolcon.colcon_core.package_identification[0m [1;30mLevel 1[0m _identify(src/cpmr_apb) by extension 'ignore_ament_install'
[0.346s] [34mcolcon.colcon_core.package_identification[0m [1;30mLevel 1[0m _identify(src/cpmr_apb) by extensions ['colcon_pkg']
[0.346s] [34mcolcon.colcon_core.package_identification[0m [1;30mLevel 1[0m _identify(src/cpmr_apb) by extension 'colcon_pkg'
[0.346s] [34mcolcon.colcon_core.package_identification[0m [1;30mLevel 1[0m _identify(src/cpmr_apb) by extensions ['colcon_meta']
[0.346s] [34mcolcon.colcon_core.package_identification[0m [1;30mLevel 1[0m _identify(src/cpmr_apb) by extension 'colcon_meta'
[0.346s] [34mcolcon.colcon_core.package_identification[0m [1;30mLevel 1[0m _identify(src/cpmr_apb) by extensions ['ros']
[0.346s] [34mcolcon.colcon_core.package_identification[0m [1;30mLevel 1[0m _identify(src/cpmr_apb) by extension 'ros'
[0.348s] [34mcolcon.colcon_core.package_identification[0m [1;30mDEBUG[0m [32mPackage 'src/cpmr_apb' with type 'ros.ament_python' and name 'cpmr_apb'[0m
[0.348s] [34mcolcon.colcon_core.package_identification[0m [1;30mLevel 1[0m _identify(src/cpmr_ch11) by extensions ['ignore', 'ignore_ament_install']
[0.348s] [34mcolcon.colcon_core.package_identification[0m [1;30mLevel 1[0m _identify(src/cpmr_ch11) by extension 'ignore'
[0.348s] [34mcolcon.colcon_core.package_identification[0m [1;30mLevel 1[0m _identify(src/cpmr_ch11) by extension 'ignore_ament_install'
[0.348s] [34mcolcon.colcon_core.package_identification[0m [1;30mLevel 1[0m _identify(src/cpmr_ch11) by extensions ['colcon_pkg']
[0.348s] [34mcolcon.colcon_core.package_identification[0m [1;30mLevel 1[0m _identify(src/cpmr_ch11) by extension 'colcon_pkg'
[0.348s] [34mcolcon.colcon_core.package_identification[0m [1;30mLevel 1[0m _identify(src/cpmr_ch11) by extensions ['colcon_meta']
[0.348s] [34mcolcon.colcon_core.package_identification[0m [1;30mLevel 1[0m _identify(src/cpmr_ch11) by extension 'colcon_meta'
[0.348s] [34mcolcon.colcon_core.package_identification[0m [1;30mLevel 1[0m _identify(src/cpmr_ch11) by extensions ['ros']
[0.348s] [34mcolcon.colcon_core.package_identification[0m [1;30mLevel 1[0m _identify(src/cpmr_ch11) by extension 'ros'
[0.349s] [34mcolcon.colcon_core.package_identification[0m [1;30mDEBUG[0m [32mPackage 'src/cpmr_ch11' with type 'ros.ament_python' and name 'cpmr_ch11'[0m
[0.349s] [34mcolcon.colcon_core.package_identification[0m [1;30mLevel 1[0m _identify(src/cpmr_ch12) by extensions ['ignore', 'ignore_ament_install']
[0.349s] [34mcolcon.colcon_core.package_identification[0m [1;30mLevel 1[0m _identify(src/cpmr_ch12) by extension 'ignore'
[0.349s] [34mcolcon.colcon_core.package_identification[0m [1;30mLevel 1[0m _identify(src/cpmr_ch12) by extension 'ignore_ament_install'
[0.349s] [34mcolcon.colcon_core.package_identification[0m [1;30mLevel 1[0m _identify(src/cpmr_ch12) by extensions ['colcon_pkg']
[0.349s] [34mcolcon.colcon_core.package_identification[0m [1;30mLevel 1[0m _identify(src/cpmr_ch12) by extension 'colcon_pkg'
[0.349s] [34mcolcon.colcon_core.package_identification[0m [1;30mLevel 1[0m _identify(src/cpmr_ch12) by extensions ['colcon_meta']
[0.349s] [34mcolcon.colcon_core.package_identification[0m [1;30mLevel 1[0m _identify(src/cpmr_ch12) by extension 'colcon_meta'
[0.349s] [34mcolcon.colcon_core.package_identification[0m [1;30mLevel 1[0m _identify(src/cpmr_ch12) by extensions ['ros']
[0.349s] [34mcolcon.colcon_core.package_identification[0m [1;30mLevel 1[0m _identify(src/cpmr_ch12) by extension 'ros'
[0.349s] [34mcolcon.colcon_core.package_identification[0m [1;30mDEBUG[0m [32mPackage 'src/cpmr_ch12' with type 'ros.ament_python' and name 'cpmr_ch12'[0m
[0.350s] [34mcolcon.colcon_core.package_identification[0m [1;30mLevel 1[0m _identify(src/cpmr_ch2) by extensions ['ignore', 'ignore_ament_install']
[0.350s] [34mcolcon.colcon_core.package_identification[0m [1;30mLevel 1[0m _identify(src/cpmr_ch2) by extension 'ignore'
[0.350s] [34mcolcon.colcon_core.package_identification[0m [1;30mLevel 1[0m _identify(src/cpmr_ch2) by extension 'ignore_ament_install'
[0.350s] [34mcolcon.colcon_core.package_identification[0m [1;30mLevel 1[0m _identify(src/cpmr_ch2) by extensions ['colcon_pkg']
[0.350s] [34mcolcon.colcon_core.package_identification[0m [1;30mLevel 1[0m _identify(src/cpmr_ch2) by extension 'colcon_pkg'
[0.350s] [34mcolcon.colcon_core.package_identification[0m [1;30mLevel 1[0m _identify(src/cpmr_ch2) by extensions ['colcon_meta']
[0.350s] [34mcolcon.colcon_core.package_identification[0m [1;30mLevel 1[0m _identify(src/cpmr_ch2) by extension 'colcon_meta'
[0.350s] [34mcolcon.colcon_core.package_identification[0m [1;30mLevel 1[0m _identify(src/cpmr_ch2) by extensions ['ros']
[0.350s] [34mcolcon.colcon_core.package_identification[0m [1;30mLevel 1[0m _identify(src/cpmr_ch2) by extension 'ros'
[0.350s] [34mcolcon.colcon_core.package_identification[0m [1;30mDEBUG[0m [32mPackage 'src/cpmr_ch2' with type 'ros.ament_python' and name 'cpmr_ch2'[0m
[0.350s] [34mcolcon.colcon_core.package_identification[0m [1;30mLevel 1[0m _identify(src/cpmr_ch4) by extensions ['ignore', 'ignore_ament_install']
[0.350s] [34mcolcon.colcon_core.package_identification[0m [1;30mLevel 1[0m _identify(src/cpmr_ch4) by extension 'ignore'
[0.350s] [34mcolcon.colcon_core.package_identification[0m [1;30mLevel 1[0m _identify(src/cpmr_ch4) by extension 'ignore_ament_install'
[0.350s] [34mcolcon.colcon_core.package_identification[0m [1;30mLevel 1[0m _identify(src/cpmr_ch4) by extensions ['colcon_pkg']
[0.350s] [34mcolcon.colcon_core.package_identification[0m [1;30mLevel 1[0m _identify(src/cpmr_ch4) by extension 'colcon_pkg'
[0.350s] [34mcolcon.colcon_core.package_identification[0m [1;30mLevel 1[0m _identify(src/cpmr_ch4) by extensions ['colcon_meta']
[0.350s] [34mcolcon.colcon_core.package_identification[0m [1;30mLevel 1[0m _identify(src/cpmr_ch4) by extension 'colcon_meta'
[0.350s] [34mcolcon.colcon_core.package_identification[0m [1;30mLevel 1[0m _identify(src/cpmr_ch4) by extensions ['ros']
[0.350s] [34mcolcon.colcon_core.package_identification[0m [1;30mLevel 1[0m _identify(src/cpmr_ch4) by extension 'ros'
[0.351s] [34mcolcon.colcon_core.package_identification[0m [1;30mDEBUG[0m [32mPackage 'src/cpmr_ch4' with type 'ros.ament_python' and name 'cpmr_ch4'[0m
[0.351s] [34mcolcon.colcon_core.package_identification[0m [1;30mLevel 1[0m _identify(src/cpmr_ch5) by extensions ['ignore', 'ignore_ament_install']
[0.351s] [34mcolcon.colcon_core.package_identification[0m [1;30mLevel 1[0m _identify(src/cpmr_ch5) by extension 'ignore'
[0.351s] [34mcolcon.colcon_core.package_identification[0m [1;30mLevel 1[0m _identify(src/cpmr_ch5) by extension 'ignore_ament_install'
[0.351s] [34mcolcon.colcon_core.package_identification[0m [1;30mLevel 1[0m _identify(src/cpmr_ch5) by extensions ['colcon_pkg']
[0.351s] [34mcolcon.colcon_core.package_identification[0m [1;30mLevel 1[0m _identify(src/cpmr_ch5) by extension 'colcon_pkg'
[0.351s] [34mcolcon.colcon_core.package_identification[0m [1;30mLevel 1[0m _identify(src/cpmr_ch5) by extensions ['colcon_meta']
[0.351s] [34mcolcon.colcon_core.package_identification[0m [1;30mLevel 1[0m _identify(src/cpmr_ch5) by extension 'colcon_meta'
[0.351s] [34mcolcon.colcon_core.package_identification[0m [1;30mLevel 1[0m _identify(src/cpmr_ch5) by extensions ['ros']
[0.351s] [34mcolcon.colcon_core.package_identification[0m [1;30mLevel 1[0m _identify(src/cpmr_ch5) by extension 'ros'
[0.352s] [34mcolcon.colcon_core.package_identification[0m [1;30mDEBUG[0m [32mPackage 'src/cpmr_ch5' with type 'ros.ament_python' and name 'cpmr_ch5'[0m
[0.352s] [34mcolcon.colcon_core.package_identification[0m [1;30mLevel 1[0m _identify(src/cpmr_ch6) by extensions ['ignore', 'ignore_ament_install']
[0.352s] [34mcolcon.colcon_core.package_identification[0m [1;30mLevel 1[0m _identify(src/cpmr_ch6) by extension 'ignore'
[0.352s] [34mcolcon.colcon_core.package_identification[0m [1;30mLevel 1[0m _identify(src/cpmr_ch6) by extension 'ignore_ament_install'
[0.352s] [34mcolcon.colcon_core.package_identification[0m [1;30mLevel 1[0m _identify(src/cpmr_ch6) by extensions ['colcon_pkg']
[0.352s] [34mcolcon.colcon_core.package_identification[0m [1;30mLevel 1[0m _identify(src/cpmr_ch6) by extension 'colcon_pkg'
[0.352s] [34mcolcon.colcon_core.package_identification[0m [1;30mLevel 1[0m _identify(src/cpmr_ch6) by extensions ['colcon_meta']
[0.352s] [34mcolcon.colcon_core.package_identification[0m [1;30mLevel 1[0m _identify(src/cpmr_ch6) by extension 'colcon_meta'
[0.352s] [34mcolcon.colcon_core.package_identification[0m [1;30mLevel 1[0m _identify(src/cpmr_ch6) by extensions ['ros']
[0.352s] [34mcolcon.colcon_core.package_identification[0m [1;30mLevel 1[0m _identify(src/cpmr_ch6) by extension 'ros'
[0.353s] [34mcolcon.colcon_core.package_identification[0m [1;30mDEBUG[0m [32mPackage 'src/cpmr_ch6' with type 'ros.ament_python' and name 'cpmr_ch6'[0m
[0.353s] [34mcolcon.colcon_core.package_identification[0m [1;30mLevel 1[0m _identify(src/cpmr_ch7) by extensions ['ignore', 'ignore_ament_install']
[0.353s] [34mcolcon.colcon_core.package_identification[0m [1;30mLevel 1[0m _identify(src/cpmr_ch7) by extension 'ignore'
[0.353s] [34mcolcon.colcon_core.package_identification[0m [1;30mLevel 1[0m _identify(src/cpmr_ch7) by extension 'ignore_ament_install'
[0.353s] [34mcolcon.colcon_core.package_identification[0m [1;30mLevel 1[0m _identify(src/cpmr_ch7) by extensions ['colcon_pkg']
[0.353s] [34mcolcon.colcon_core.package_identification[0m [1;30mLevel 1[0m _identify(src/cpmr_ch7) by extension 'colcon_pkg'
[0.353s] [34mcolcon.colcon_core.package_identification[0m [1;30mLevel 1[0m _identify(src/cpmr_ch7) by extensions ['colcon_meta']
[0.353s] [34mcolcon.colcon_core.package_identification[0m [1;30mLevel 1[0m _identify(src/cpmr_ch7) by extension 'colcon_meta'
[0.353s] [34mcolcon.colcon_core.package_identification[0m [1;30mLevel 1[0m _identify(src/cpmr_ch7) by extensions ['ros']
[0.353s] [34mcolcon.colcon_core.package_identification[0m [1;30mLevel 1[0m _identify(src/cpmr_ch7) by extension 'ros'
[0.353s] [34mcolcon.colcon_core.package_identification[0m [1;30mDEBUG[0m [32mPackage 'src/cpmr_ch7' with type 'ros.ament_python' and name 'cpmr_ch7'[0m
[0.354s] [34mcolcon.colcon_core.package_identification[0m [1;30mLevel 1[0m _identify(src/cpmr_ch8) by extensions ['ignore', 'ignore_ament_install']
[0.354s] [34mcolcon.colcon_core.package_identification[0m [1;30mLevel 1[0m _identify(src/cpmr_ch8) by extension 'ignore'
[0.354s] [34mcolcon.colcon_core.package_identification[0m [1;30mLevel 1[0m _identify(src/cpmr_ch8) by extension 'ignore_ament_install'
[0.354s] [34mcolcon.colcon_core.package_identification[0m [1;30mLevel 1[0m _identify(src/cpmr_ch8) by extensions ['colcon_pkg']
[0.354s] [34mcolcon.colcon_core.package_identification[0m [1;30mLevel 1[0m _identify(src/cpmr_ch8) by extension 'colcon_pkg'
[0.354s] [34mcolcon.colcon_core.package_identification[0m [1;30mLevel 1[0m _identify(src/cpmr_ch8) by extensions ['colcon_meta']
[0.354s] [34mcolcon.colcon_core.package_identification[0m [1;30mLevel 1[0m _identify(src/cpmr_ch8) by extension 'colcon_meta'
[0.354s] [34mcolcon.colcon_core.package_identification[0m [1;30mLevel 1[0m _identify(src/cpmr_ch8) by extensions ['ros']
[0.354s] [34mcolcon.colcon_core.package_identification[0m [1;30mLevel 1[0m _identify(src/cpmr_ch8) by extension 'ros'
[0.354s] [34mcolcon.colcon_core.package_identification[0m [1;30mDEBUG[0m [32mPackage 'src/cpmr_ch8' with type 'ros.ament_python' and name 'cpmr_ch8'[0m
[0.354s] [34mcolcon.colcon_core.package_discovery[0m [1;30mLevel 1[0m discover_packages(recursive) using defaults
[0.354s] [34mcolcon.colcon_core.package_discovery[0m [1;30mLevel 1[0m discover_packages(ignore) discover
[0.354s] [34mcolcon.colcon_core.package_discovery[0m [1;30mLevel 1[0m discover_packages(ignore) using defaults
[0.354s] [34mcolcon.colcon_core.package_discovery[0m [1;30mLevel 1[0m discover_packages(path) discover
[0.354s] [34mcolcon.colcon_core.package_discovery[0m [1;30mLevel 1[0m discover_packages(path) using defaults
[0.371s] [34mcolcon.colcon_core.verb[0m [1;30mLevel 5[0m set package 'cpmr_apb' build argument 'cmake_args' from command line to 'None'
[0.371s] [34mcolcon.colcon_core.verb[0m [1;30mLevel 5[0m set package 'cpmr_apb' build argument 'cmake_target' from command line to 'None'
[0.371s] [34mcolcon.colcon_core.verb[0m [1;30mLevel 5[0m set package 'cpmr_apb' build argument 'cmake_target_skip_unavailable' from command line to 'False'
[0.371s] [34mcolcon.colcon_core.verb[0m [1;30mLevel 5[0m set package 'cpmr_apb' build argument 'cmake_clean_cache' from command line to 'False'
[0.371s] [34mcolcon.colcon_core.verb[0m [1;30mLevel 5[0m set package 'cpmr_apb' build argument 'cmake_clean_first' from command line to 'False'
[0.371s] [34mcolcon.colcon_core.verb[0m [1;30mLevel 5[0m set package 'cpmr_apb' build argument 'cmake_force_configure' from command line to 'False'
[0.371s] [34mcolcon.colcon_core.verb[0m [1;30mLevel 5[0m set package 'cpmr_apb' build argument 'ament_cmake_args' from command line to 'None'
[0.371s] [34mcolcon.colcon_core.verb[0m [1;30mLevel 5[0m set package 'cpmr_apb' build argument 'catkin_cmake_args' from command line to 'None'
[0.371s] [34mcolcon.colcon_core.verb[0m [1;30mLevel 5[0m set package 'cpmr_apb' build argument 'catkin_skip_building_tests' from command line to 'False'
[0.371s] [34mcolcon.colcon_core.verb[0m [1;30mDEBUG[0m [32mBuilding package 'cpmr_apb' with the following arguments: {'ament_cmake_args': None, 'build_base': '/Users/mafu/Desktop/robotics/Lab8/ros2_ws/build/cpmr_apb', 'catkin_cmake_args': None, 'catkin_skip_building_tests': False, 'cmake_args': None, 'cmake_clean_cache': False, 'cmake_clean_first': False, 'cmake_force_configure': False, 'cmake_target': None, 'cmake_target_skip_unavailable': False, 'install_base': '/Users/mafu/Desktop/robotics/Lab8/ros2_ws/install/cpmr_apb', 'merge_install': False, 'path': '/Users/mafu/Desktop/robotics/Lab8/ros2_ws/src/cpmr_apb', 'symlink_install': False, 'test_result_base': None}[0m
[0.371s] [34mcolcon.colcon_core.verb[0m [1;30mLevel 5[0m set package 'cpmr_ch11' build argument 'cmake_args' from command line to 'None'
[0.371s] [34mcolcon.colcon_core.verb[0m [1;30mLevel 5[0m set package 'cpmr_ch11' build argument 'cmake_target' from command line to 'None'
[0.371s] [34mcolcon.colcon_core.verb[0m [1;30mLevel 5[0m set package 'cpmr_ch11' build argument 'cmake_target_skip_unavailable' from command line to 'False'
[0.371s] [34mcolcon.colcon_core.verb[0m [1;30mLevel 5[0m set package 'cpmr_ch11' build argument 'cmake_clean_cache' from command line to 'False'
[0.371s] [34mcolcon.colcon_core.verb[0m [1;30mLevel 5[0m set package 'cpmr_ch11' build argument 'cmake_clean_first' from command line to 'False'
[0.371s] [34mcolcon.colcon_core.verb[0m [1;30mLevel 5[0m set package 'cpmr_ch11' build argument 'cmake_force_configure' from command line to 'False'
[0.371s] [34mcolcon.colcon_core.verb[0m [1;30mLevel 5[0m set package 'cpmr_ch11' build argument 'ament_cmake_args' from command line to 'None'
[0.371s] [34mcolcon.colcon_core.verb[0m [1;30mLevel 5[0m set package 'cpmr_ch11' build argument 'catkin_cmake_args' from command line to 'None'
[0.371s] [34mcolcon.colcon_core.verb[0m [1;30mLevel 5[0m set package 'cpmr_ch11' build argument 'catkin_skip_building_tests' from command line to 'False'
[0.371s] [34mcolcon.colcon_core.verb[0m [1;30mDEBUG[0m [32mBuilding package 'cpmr_ch11' with the following arguments: {'ament_cmake_args': None, 'build_base': '/Users/mafu/Desktop/robotics/Lab8/ros2_ws/build/cpmr_ch11', 'catkin_cmake_args': None, 'catkin_skip_building_tests': False, 'cmake_args': None, 'cmake_clean_cache': False, 'cmake_clean_first': False, 'cmake_force_configure': False, 'cmake_target': None, 'cmake_target_skip_unavailable': False, 'install_base': '/Users/mafu/Desktop/robotics/Lab8/ros2_ws/install/cpmr_ch11', 'merge_install': False, 'path': '/Users/mafu/Desktop/robotics/Lab8/ros2_ws/src/cpmr_ch11', 'symlink_install': False, 'test_result_base': None}[0m
[0.372s] [34mcolcon.colcon_core.verb[0m [1;30mLevel 5[0m set package 'cpmr_ch12' build argument 'cmake_args' from command line to 'None'
[0.372s] [34mcolcon.colcon_core.verb[0m [1;30mLevel 5[0m set package 'cpmr_ch12' build argument 'cmake_target' from command line to 'None'
[0.372s] [34mcolcon.colcon_core.verb[0m [1;30mLevel 5[0m set package 'cpmr_ch12' build argument 'cmake_target_skip_unavailable' from command line to 'False'
[0.372s] [34mcolcon.colcon_core.verb[0m [1;30mLevel 5[0m set package 'cpmr_ch12' build argument 'cmake_clean_cache' from command line to 'False'
[0.372s] [34mcolcon.colcon_core.verb[0m [1;30mLevel 5[0m set package 'cpmr_ch12' build argument 'cmake_clean_first' from command line to 'False'
[0.372s] [34mcolcon.colcon_core.verb[0m [1;30mLevel 5[0m set package 'cpmr_ch12' build argument 'cmake_force_configure' from command line to 'False'
[0.372s] [34mcolcon.colcon_core.verb[0m [1;30mLevel 5[0m set package 'cpmr_ch12' build argument 'ament_cmake_args' from command line to 'None'
[0.372s] [34mcolcon.colcon_core.verb[0m [1;30mLevel 5[0m set package 'cpmr_ch12' build argument 'catkin_cmake_args' from command line to 'None'
[0.372s] [34mcolcon.colcon_core.verb[0m [1;30mLevel 5[0m set package 'cpmr_ch12' build argument 'catkin_skip_building_tests' from command line to 'False'
[0.372s] [34mcolcon.colcon_core.verb[0m [1;30mDEBUG[0m [32mBuilding package 'cpmr_ch12' with the following arguments: {'ament_cmake_args': None, 'build_base': '/Users/mafu/Desktop/robotics/Lab8/ros2_ws/build/cpmr_ch12', 'catkin_cmake_args': None, 'catkin_skip_building_tests': False, 'cmake_args': None, 'cmake_clean_cache': False, 'cmake_clean_first': False, 'cmake_force_configure': False, 'cmake_target': None, 'cmake_target_skip_unavailable': False, 'install_base': '/Users/mafu/Desktop/robotics/Lab8/ros2_ws/install/cpmr_ch12', 'merge_install': False, 'path': '/Users/mafu/Desktop/robotics/Lab8/ros2_ws/src/cpmr_ch12', 'symlink_install': False, 'test_result_base': None}[0m
[0.372s] [34mcolcon.colcon_core.verb[0m [1;30mLevel 5[0m set package 'cpmr_ch2' build argument 'cmake_args' from command line to 'None'
[0.372s] [34mcolcon.colcon_core.verb[0m [1;30mLevel 5[0m set package 'cpmr_ch2' build argument 'cmake_target' from command line to 'None'
[0.372s] [34mcolcon.colcon_core.verb[0m [1;30mLevel 5[0m set package 'cpmr_ch2' build argument 'cmake_target_skip_unavailable' from command line to 'False'
[0.372s] [34mcolcon.colcon_core.verb[0m [1;30mLevel 5[0m set package 'cpmr_ch2' build argument 'cmake_clean_cache' from command line to 'False'
[0.372s] [34mcolcon.colcon_core.verb[0m [1;30mLevel 5[0m set package 'cpmr_ch2' build argument 'cmake_clean_first' from command line to 'False'
[0.372s] [34mcolcon.colcon_core.verb[0m [1;30mLevel 5[0m set package 'cpmr_ch2' build argument 'cmake_force_configure' from command line to 'False'
[0.372s] [34mcolcon.colcon_core.verb[0m [1;30mLevel 5[0m set package 'cpmr_ch2' build argument 'ament_cmake_args' from command line to 'None'
[0.372s] [34mcolcon.colcon_core.verb[0m [1;30mLevel 5[0m set package 'cpmr_ch2' build argument 'catkin_cmake_args' from command line to 'None'
[0.372s] [34mcolcon.colcon_core.verb[0m [1;30mLevel 5[0m set package 'cpmr_ch2' build argument 'catkin_skip_building_tests' from command line to 'False'
[0.372s] [34mcolcon.colcon_core.verb[0m [1;30mDEBUG[0m [32mBuilding package 'cpmr_ch2' with the following arguments: {'ament_cmake_args': None, 'build_base': '/Users/mafu/Desktop/robotics/Lab8/ros2_ws/build/cpmr_ch2', 'catkin_cmake_args': None, 'catkin_skip_building_tests': False, 'cmake_args': None, 'cmake_clean_cache': False, 'cmake_clean_first': False, 'cmake_force_configure': False, 'cmake_target': None, 'cmake_target_skip_unavailable': False, 'install_base': '/Users/mafu/Desktop/robotics/Lab8/ros2_ws/install/cpmr_ch2', 'merge_install': False, 'path': '/Users/mafu/Desktop/robotics/Lab8/ros2_ws/src/cpmr_ch2', 'symlink_install': False, 'test_result_base': None}[0m
[0.372s] [34mcolcon.colcon_core.verb[0m [1;30mLevel 5[0m set package 'cpmr_ch4' build argument 'cmake_args' from command line to 'None'
[0.372s] [34mcolcon.colcon_core.verb[0m [1;30mLevel 5[0m set package 'cpmr_ch4' build argument 'cmake_target' from command line to 'None'
[0.372s] [34mcolcon.colcon_core.verb[0m [1;30mLevel 5[0m set package 'cpmr_ch4' build argument 'cmake_target_skip_unavailable' from command line to 'False'
[0.372s] [34mcolcon.colcon_core.verb[0m [1;30mLevel 5[0m set package 'cpmr_ch4' build argument 'cmake_clean_cache' from command line to 'False'
[0.372s] [34mcolcon.colcon_core.verb[0m [1;30mLevel 5[0m set package 'cpmr_ch4' build argument 'cmake_clean_first' from command line to 'False'
[0.372s] [34mcolcon.colcon_core.verb[0m [1;30mLevel 5[0m set package 'cpmr_ch4' build argument 'cmake_force_configure' from command line to 'False'
[0.372s] [34mcolcon.colcon_core.verb[0m [1;30mLevel 5[0m set package 'cpmr_ch4' build argument 'ament_cmake_args' from command line to 'None'
[0.372s] [34mcolcon.colcon_core.verb[0m [1;30mLevel 5[0m set package 'cpmr_ch4' build argument 'catkin_cmake_args' from command line to 'None'
[0.372s] [34mcolcon.colcon_core.verb[0m [1;30mLevel 5[0m set package 'cpmr_ch4' build argument 'catkin_skip_building_tests' from command line to 'False'
[0.372s] [34mcolcon.colcon_core.verb[0m [1;30mDEBUG[0m [32mBuilding package 'cpmr_ch4' with the following arguments: {'ament_cmake_args': None, 'build_base': '/Users/mafu/Desktop/robotics/Lab8/ros2_ws/build/cpmr_ch4', 'catkin_cmake_args': None, 'catkin_skip_building_tests': False, 'cmake_args': None, 'cmake_clean_cache': False, 'cmake_clean_first': False, 'cmake_force_configure': False, 'cmake_target': None, 'cmake_target_skip_unavailable': False, 'install_base': '/Users/mafu/Desktop/robotics/Lab8/ros2_ws/install/cpmr_ch4', 'merge_install': False, 'path': '/Users/mafu/Desktop/robotics/Lab8/ros2_ws/src/cpmr_ch4', 'symlink_install': False, 'test_result_base': None}[0m
[0.373s] [34mcolcon.colcon_core.verb[0m [1;30mLevel 5[0m set package 'cpmr_ch5' build argument 'cmake_args' from command line to 'None'
[0.373s] [34mcolcon.colcon_core.verb[0m [1;30mLevel 5[0m set package 'cpmr_ch5' build argument 'cmake_target' from command line to 'None'
[0.373s] [34mcolcon.colcon_core.verb[0m [1;30mLevel 5[0m set package 'cpmr_ch5' build argument 'cmake_target_skip_unavailable' from command line to 'False'
[0.373s] [34mcolcon.colcon_core.verb[0m [1;30mLevel 5[0m set package 'cpmr_ch5' build argument 'cmake_clean_cache' from command line to 'False'
[0.373s] [34mcolcon.colcon_core.verb[0m [1;30mLevel 5[0m set package 'cpmr_ch5' build argument 'cmake_clean_first' from command line to 'False'
[0.373s] [34mcolcon.colcon_core.verb[0m [1;30mLevel 5[0m set package 'cpmr_ch5' build argument 'cmake_force_configure' from command line to 'False'
[0.373s] [34mcolcon.colcon_core.verb[0m [1;30mLevel 5[0m set package 'cpmr_ch5' build argument 'ament_cmake_args' from command line to 'None'
[0.373s] [34mcolcon.colcon_core.verb[0m [1;30mLevel 5[0m set package 'cpmr_ch5' build argument 'catkin_cmake_args' from command line to 'None'
[0.373s] [34mcolcon.colcon_core.verb[0m [1;30mLevel 5[0m set package 'cpmr_ch5' build argument 'catkin_skip_building_tests' from command line to 'False'
[0.373s] [34mcolcon.colcon_core.verb[0m [1;30mDEBUG[0m [32mBuilding package 'cpmr_ch5' with the following arguments: {'ament_cmake_args': None, 'build_base': '/Users/mafu/Desktop/robotics/Lab8/ros2_ws/build/cpmr_ch5', 'catkin_cmake_args': None, 'catkin_skip_building_tests': False, 'cmake_args': None, 'cmake_clean_cache': False, 'cmake_clean_first': False, 'cmake_force_configure': False, 'cmake_target': None, 'cmake_target_skip_unavailable': False, 'install_base': '/Users/mafu/Desktop/robotics/Lab8/ros2_ws/install/cpmr_ch5', 'merge_install': False, 'path': '/Users/mafu/Desktop/robotics/Lab8/ros2_ws/src/cpmr_ch5', 'symlink_install': False, 'test_result_base': None}[0m
[0.373s] [34mcolcon.colcon_core.verb[0m [1;30mLevel 5[0m set package 'cpmr_ch6' build argument 'cmake_args' from command line to 'None'
[0.373s] [34mcolcon.colcon_core.verb[0m [1;30mLevel 5[0m set package 'cpmr_ch6' build argument 'cmake_target' from command line to 'None'
[0.373s] [34mcolcon.colcon_core.verb[0m [1;30mLevel 5[0m set package 'cpmr_ch6' build argument 'cmake_target_skip_unavailable' from command line to 'False'
[0.373s] [34mcolcon.colcon_core.verb[0m [1;30mLevel 5[0m set package 'cpmr_ch6' build argument 'cmake_clean_cache' from command line to 'False'
[0.373s] [34mcolcon.colcon_core.verb[0m [1;30mLevel 5[0m set package 'cpmr_ch6' build argument 'cmake_clean_first' from command line to 'False'
[0.373s] [34mcolcon.colcon_core.verb[0m [1;30mLevel 5[0m set package 'cpmr_ch6' build argument 'cmake_force_configure' from command line to 'False'
[0.373s] [34mcolcon.colcon_core.verb[0m [1;30mLevel 5[0m set package 'cpmr_ch6' build argument 'ament_cmake_args' from command line to 'None'
[0.373s] [34mcolcon.colcon_core.verb[0m [1;30mLevel 5[0m set package 'cpmr_ch6' build argument 'catkin_cmake_args' from command line to 'None'
[0.373s] [34mcolcon.colcon_core.verb[0m [1;30mLevel 5[0m set package 'cpmr_ch6' build argument 'catkin_skip_building_tests' from command line to 'False'
[0.373s] [34mcolcon.colcon_core.verb[0m [1;30mDEBUG[0m [32mBuilding package 'cpmr_ch6' with the following arguments: {'ament_cmake_args': None, 'build_base': '/Users/mafu/Desktop/robotics/Lab8/ros2_ws/build/cpmr_ch6', 'catkin_cmake_args': None, 'catkin_skip_building_tests': False, 'cmake_args': None, 'cmake_clean_cache': False, 'cmake_clean_first': False, 'cmake_force_configure': False, 'cmake_target': None, 'cmake_target_skip_unavailable': False, 'install_base': '/Users/mafu/Desktop/robotics/Lab8/ros2_ws/install/cpmr_ch6', 'merge_install': False, 'path': '/Users/mafu/Desktop/robotics/Lab8/ros2_ws/src/cpmr_ch6', 'symlink_install': False, 'test_result_base': None}[0m
[0.373s] [34mcolcon.colcon_core.verb[0m [1;30mLevel 5[0m set package 'cpmr_ch7' build argument 'cmake_args' from command line to 'None'
[0.373s] [34mcolcon.colcon_core.verb[0m [1;30mLevel 5[0m set package 'cpmr_ch7' build argument 'cmake_target' from command line to 'None'
[0.373s] [34mcolcon.colcon_core.verb[0m [1;30mLevel 5[0m set package 'cpmr_ch7' build argument 'cmake_target_skip_unavailable' from command line to 'False'
[0.373s] [34mcolcon.colcon_core.verb[0m [1;30mLevel 5[0m set package 'cpmr_ch7' build argument 'cmake_clean_cache' from command line to 'False'
[0.373s] [34mcolcon.colcon_core.verb[0m [1;30mLevel 5[0m set package 'cpmr_ch7' build argument 'cmake_clean_first' from command line to 'False'
[0.373s] [34mcolcon.colcon_core.verb[0m [1;30mLevel 5[0m set package 'cpmr_ch7' build argument 'cmake_force_configure' from command line to 'False'
[0.373s] [34mcolcon.colcon_core.verb[0m [1;30mLevel 5[0m set package 'cpmr_ch7' build argument 'ament_cmake_args' from command line to 'None'
[0.373s] [34mcolcon.colcon_core.verb[0m [1;30mLevel 5[0m set package 'cpmr_ch7' build argument 'catkin_cmake_args' from command line to 'None'
[0.373s] [34mcolcon.colcon_core.verb[0m [1;30mLevel 5[0m set package 'cpmr_ch7' build argument 'catkin_skip_building_tests' from command line to 'False'
[0.373s] [34mcolcon.colcon_core.verb[0m [1;30mDEBUG[0m [32mBuilding package 'cpmr_ch7' with the following arguments: {'ament_cmake_args': None, 'build_base': '/Users/mafu/Desktop/robotics/Lab8/ros2_ws/build/cpmr_ch7', 'catkin_cmake_args': None, 'catkin_skip_building_tests': False, 'cmake_args': None, 'cmake_clean_cache': False, 'cmake_clean_first': False, 'cmake_force_configure': False, 'cmake_target': None, 'cmake_target_skip_unavailable': False, 'install_base': '/Users/mafu/Desktop/robotics/Lab8/ros2_ws/install/cpmr_ch7', 'merge_install': False, 'path': '/Users/mafu/Desktop/robotics/Lab8/ros2_ws/src/cpmr_ch7', 'symlink_install': False, 'test_result_base': None}[0m
[0.374s] [34mcolcon.colcon_core.verb[0m [1;30mLevel 5[0m set package 'cpmr_ch8' build argument 'cmake_args' from command line to 'None'
[0.374s] [34mcolcon.colcon_core.verb[0m [1;30mLevel 5[0m set package 'cpmr_ch8' build argument 'cmake_target' from command line to 'None'
[0.374s] [34mcolcon.colcon_core.verb[0m [1;30mLevel 5[0m set package 'cpmr_ch8' build argument 'cmake_target_skip_unavailable' from command line to 'False'
[0.374s] [34mcolcon.colcon_core.verb[0m [1;30mLevel 5[0m set package 'cpmr_ch8' build argument 'cmake_clean_cache' from command line to 'False'
[0.374s] [34mcolcon.colcon_core.verb[0m [1;30mLevel 5[0m set package 'cpmr_ch8' build argument 'cmake_clean_first' from command line to 'False'
[0.374s] [34mcolcon.colcon_core.verb[0m [1;30mLevel 5[0m set package 'cpmr_ch8' build argument 'cmake_force_configure' from command line to 'False'
[0.374s] [34mcolcon.colcon_core.verb[0m [1;30mLevel 5[0m set package 'cpmr_ch8' build argument 'ament_cmake_args' from command line to 'None'
[0.374s] [34mcolcon.colcon_core.verb[0m [1;30mLevel 5[0m set package 'cpmr_ch8' build argument 'catkin_cmake_args' from command line to 'None'
[0.374s] [34mcolcon.colcon_core.verb[0m [1;30mLevel 5[0m set package 'cpmr_ch8' build argument 'catkin_skip_building_tests' from command line to 'False'
[0.374s] [34mcolcon.colcon_core.verb[0m [1;30mDEBUG[0m [32mBuilding package 'cpmr_ch8' with the following arguments: {'ament_cmake_args': None, 'build_base': '/Users/mafu/Desktop/robotics/Lab8/ros2_ws/build/cpmr_ch8', 'catkin_cmake_args': None, 'catkin_skip_building_tests': False, 'cmake_args': None, 'cmake_clean_cache': False, 'cmake_clean_first': False, 'cmake_force_configure': False, 'cmake_target': None, 'cmake_target_skip_unavailable': False, 'install_base': '/Users/mafu/Desktop/robotics/Lab8/ros2_ws/install/cpmr_ch8', 'merge_install': False, 'path': '/Users/mafu/Desktop/robotics/Lab8/ros2_ws/src/cpmr_ch8', 'symlink_install': False, 'test_result_base': None}[0m
[0.374s] [34mcolcon.colcon_core.executor[0m [1;30mINFO[0m Executing jobs using 'parallel' executor
[0.375s] [34mcolcon.colcon_parallel_executor.executor.parallel[0m [1;30mDEBUG[0m [32mrun_until_complete[0m
[0.375s] [34mcolcon.colcon_ros.task.ament_python.build[0m [1;30mINFO[0m Building ROS package in '/Users/mafu/Desktop/robotics/Lab8/ros2_ws/src/cpmr_apb' with build type 'ament_python'
[0.375s] [34mcolcon.colcon_core.shell[0m [1;30mLevel 1[0m create_environment_hook('cpmr_apb', 'ament_prefix_path')
[0.378s] [34mcolcon.colcon_core.plugin_system[0m [1;30mINFO[0m Skipping extension 'colcon_core.shell.bat': Not used on non-Windows systems
[0.378s] [34mcolcon.colcon_core.shell[0m [1;30mINFO[0m Creating environment hook '/Users/mafu/Desktop/robotics/Lab8/ros2_ws/install/cpmr_apb/share/cpmr_apb/hook/ament_prefix_path.ps1'
[0.379s] [34mcolcon.colcon_core.shell[0m [1;30mINFO[0m Creating environment descriptor '/Users/mafu/Desktop/robotics/Lab8/ros2_ws/install/cpmr_apb/share/cpmr_apb/hook/ament_prefix_path.dsv'
[0.380s] [34mcolcon.colcon_core.shell[0m [1;30mINFO[0m Creating environment hook '/Users/mafu/Desktop/robotics/Lab8/ros2_ws/install/cpmr_apb/share/cpmr_apb/hook/ament_prefix_path.sh'
[0.380s] [34mcolcon.colcon_core.shell[0m [1;30mINFO[0m Skip shell extension 'powershell' for command environment: Not usable outside of PowerShell
[0.380s] [34mcolcon.colcon_core.shell[0m [1;30mDEBUG[0m [32mSkip shell extension 'dsv' for command environment[0m
[0.386s] [34mcolcon.colcon_ros.task.ament_python.build[0m [1;30mINFO[0m Building ROS package in '/Users/mafu/Desktop/robotics/Lab8/ros2_ws/src/cpmr_ch11' with build type 'ament_python'
[0.386s] [34mcolcon.colcon_core.shell[0m [1;30mLevel 1[0m create_environment_hook('cpmr_ch11', 'ament_prefix_path')
[0.386s] [34mcolcon.colcon_core.shell[0m [1;30mINFO[0m Creating environment hook '/Users/mafu/Desktop/robotics/Lab8/ros2_ws/install/cpmr_ch11/share/cpmr_ch11/hook/ament_prefix_path.ps1'
[0.387s] [34mcolcon.colcon_core.shell[0m [1;30mINFO[0m Creating environment descriptor '/Users/mafu/Desktop/robotics/Lab8/ros2_ws/install/cpmr_ch11/share/cpmr_ch11/hook/ament_prefix_path.dsv'
[0.388s] [34mcolcon.colcon_core.shell[0m [1;30mINFO[0m Creating environment hook '/Users/mafu/Desktop/robotics/Lab8/ros2_ws/install/cpmr_ch11/share/cpmr_ch11/hook/ament_prefix_path.sh'
[0.388s] [34mcolcon.colcon_core.shell[0m [1;30mINFO[0m Skip shell extension 'powershell' for command environment: Not usable outside of PowerShell
[0.388s] [34mcolcon.colcon_core.shell[0m [1;30mDEBUG[0m [32mSkip shell extension 'dsv' for command environment[0m
[0.391s] [34mcolcon.colcon_ros.task.ament_python.build[0m [1;30mINFO[0m Building ROS package in '/Users/mafu/Desktop/robotics/Lab8/ros2_ws/src/cpmr_ch12' with build type 'ament_python'
[0.391s] [34mcolcon.colcon_core.shell[0m [1;30mLevel 1[0m create_environment_hook('cpmr_ch12', 'ament_prefix_path')
[0.392s] [34mcolcon.colcon_core.shell[0m [1;30mINFO[0m Creating environment hook '/Users/mafu/Desktop/robotics/Lab8/ros2_ws/install/cpmr_ch12/share/cpmr_ch12/hook/ament_prefix_path.ps1'
[0.392s] [34mcolcon.colcon_core.shell[0m [1;30mINFO[0m Creating environment descriptor '/Users/mafu/Desktop/robotics/Lab8/ros2_ws/install/cpmr_ch12/share/cpmr_ch12/hook/ament_prefix_path.dsv'
[0.393s] [34mcolcon.colcon_core.shell[0m [1;30mINFO[0m Creating environment hook '/Users/mafu/Desktop/robotics/Lab8/ros2_ws/install/cpmr_ch12/share/cpmr_ch12/hook/ament_prefix_path.sh'
[0.393s] [34mcolcon.colcon_core.shell[0m [1;30mINFO[0m Skip shell extension 'powershell' for command environment: Not usable outside of PowerShell
[0.393s] [34mcolcon.colcon_core.shell[0m [1;30mDEBUG[0m [32mSkip shell extension 'dsv' for command environment[0m
[0.397s] [34mcolcon.colcon_ros.task.ament_python.build[0m [1;30mINFO[0m Building ROS package in '/Users/mafu/Desktop/robotics/Lab8/ros2_ws/src/cpmr_ch2' with build type 'ament_python'
[0.397s] [34mcolcon.colcon_core.shell[0m [1;30mLevel 1[0m create_environment_hook('cpmr_ch2', 'ament_prefix_path')
[0.398s] [34mcolcon.colcon_core.shell[0m [1;30mINFO[0m Creating environment hook '/Users/mafu/Desktop/robotics/Lab8/ros2_ws/install/cpmr_ch2/share/cpmr_ch2/hook/ament_prefix_path.ps1'
[0.399s] [34mcolcon.colcon_core.shell[0m [1;30mINFO[0m Creating environment descriptor '/Users/mafu/Desktop/robotics/Lab8/ros2_ws/install/cpmr_ch2/share/cpmr_ch2/hook/ament_prefix_path.dsv'
[0.399s] [34mcolcon.colcon_core.shell[0m [1;30mINFO[0m Creating environment hook '/Users/mafu/Desktop/robotics/Lab8/ros2_ws/install/cpmr_ch2/share/cpmr_ch2/hook/ament_prefix_path.sh'
[0.399s] [34mcolcon.colcon_core.shell[0m [1;30mINFO[0m Skip shell extension 'powershell' for command environment: Not usable outside of PowerShell
[0.399s] [34mcolcon.colcon_core.shell[0m [1;30mDEBUG[0m [32mSkip shell extension 'dsv' for command environment[0m
[0.403s] [34mcolcon.colcon_ros.task.ament_python.build[0m [1;30mINFO[0m Building ROS package in '/Users/mafu/Desktop/robotics/Lab8/ros2_ws/src/cpmr_ch4' with build type 'ament_python'
[0.403s] [34mcolcon.colcon_core.shell[0m [1;30mLevel 1[0m create_environment_hook('cpmr_ch4', 'ament_prefix_path')
[0.403s] [34mcolcon.colcon_core.shell[0m [1;30mINFO[0m Creating environment hook '/Users/mafu/Desktop/robotics/Lab8/ros2_ws/install/cpmr_ch4/share/cpmr_ch4/hook/ament_prefix_path.ps1'
[0.404s] [34mcolcon.colcon_core.shell[0m [1;30mINFO[0m Creating environment descriptor '/Users/mafu/Desktop/robotics/Lab8/ros2_ws/install/cpmr_ch4/share/cpmr_ch4/hook/ament_prefix_path.dsv'
[0.404s] [34mcolcon.colcon_core.shell[0m [1;30mINFO[0m Creating environment hook '/Users/mafu/Desktop/robotics/Lab8/ros2_ws/install/cpmr_ch4/share/cpmr_ch4/hook/ament_prefix_path.sh'
[0.405s] [34mcolcon.colcon_core.shell[0m [1;30mINFO[0m Skip shell extension 'powershell' for command environment: Not usable outside of PowerShell
[0.405s] [34mcolcon.colcon_core.shell[0m [1;30mDEBUG[0m [32mSkip shell extension 'dsv' for command environment[0m
[0.409s] [34mcolcon.colcon_ros.task.ament_python.build[0m [1;30mINFO[0m Building ROS package in '/Users/mafu/Desktop/robotics/Lab8/ros2_ws/src/cpmr_ch5' with build type 'ament_python'
[0.409s] [34mcolcon.colcon_core.shell[0m [1;30mLevel 1[0m create_environment_hook('cpmr_ch5', 'ament_prefix_path')
[0.409s] [34mcolcon.colcon_core.shell[0m [1;30mINFO[0m Creating environment hook '/Users/mafu/Desktop/robotics/Lab8/ros2_ws/install/cpmr_ch5/share/cpmr_ch5/hook/ament_prefix_path.ps1'
[0.410s] [34mcolcon.colcon_core.shell[0m [1;30mINFO[0m Creating environment descriptor '/Users/mafu/Desktop/robotics/Lab8/ros2_ws/install/cpmr_ch5/share/cpmr_ch5/hook/ament_prefix_path.dsv'
[0.410s] [34mcolcon.colcon_core.shell[0m [1;30mINFO[0m Creating environment hook '/Users/mafu/Desktop/robotics/Lab8/ros2_ws/install/cpmr_ch5/share/cpmr_ch5/hook/ament_prefix_path.sh'
[0.411s] [34mcolcon.colcon_core.shell[0m [1;30mINFO[0m Skip shell extension 'powershell' for command environment: Not usable outside of PowerShell
[0.411s] [34mcolcon.colcon_core.shell[0m [1;30mDEBUG[0m [32mSkip shell extension 'dsv' for command environment[0m
[0.416s] [34mcolcon.colcon_ros.task.ament_python.build[0m [1;30mINFO[0m Building ROS package in '/Users/mafu/Desktop/robotics/Lab8/ros2_ws/src/cpmr_ch6' with build type 'ament_python'
[0.417s] [34mcolcon.colcon_core.shell[0m [1;30mLevel 1[0m create_environment_hook('cpmr_ch6', 'ament_prefix_path')
[0.417s] [34mcolcon.colcon_core.shell[0m [1;30mINFO[0m Creating environment hook '/Users/mafu/Desktop/robotics/Lab8/ros2_ws/install/cpmr_ch6/share/cpmr_ch6/hook/ament_prefix_path.ps1'
[0.418s] [34mcolcon.colcon_core.shell[0m [1;30mINFO[0m Creating environment descriptor '/Users/mafu/Desktop/robotics/Lab8/ros2_ws/install/cpmr_ch6/share/cpmr_ch6/hook/ament_prefix_path.dsv'
[0.418s] [34mcolcon.colcon_core.shell[0m [1;30mINFO[0m Creating environment hook '/Users/mafu/Desktop/robotics/Lab8/ros2_ws/install/cpmr_ch6/share/cpmr_ch6/hook/ament_prefix_path.sh'
[0.419s] [34mcolcon.colcon_core.shell[0m [1;30mINFO[0m Skip shell extension 'powershell' for command environment: Not usable outside of PowerShell
[0.419s] [34mcolcon.colcon_core.shell[0m [1;30mDEBUG[0m [32mSkip shell extension 'dsv' for command environment[0m
[0.423s] [34mcolcon.colcon_ros.task.ament_python.build[0m [1;30mINFO[0m Building ROS package in '/Users/mafu/Desktop/robotics/Lab8/ros2_ws/src/cpmr_ch7' with build type 'ament_python'
[0.423s] [34mcolcon.colcon_core.shell[0m [1;30mLevel 1[0m create_environment_hook('cpmr_ch7', 'ament_prefix_path')
[0.423s] [34mcolcon.colcon_core.shell[0m [1;30mINFO[0m Creating environment hook '/Users/mafu/Desktop/robotics/Lab8/ros2_ws/install/cpmr_ch7/share/cpmr_ch7/hook/ament_prefix_path.ps1'
[0.425s] [34mcolcon.colcon_core.shell[0m [1;30mINFO[0m Creating environment descriptor '/Users/mafu/Desktop/robotics/Lab8/ros2_ws/install/cpmr_ch7/share/cpmr_ch7/hook/ament_prefix_path.dsv'
[0.425s] [34mcolcon.colcon_core.shell[0m [1;30mINFO[0m Creating environment hook '/Users/mafu/Desktop/robotics/Lab8/ros2_ws/install/cpmr_ch7/share/cpmr_ch7/hook/ament_prefix_path.sh'
[0.426s] [34mcolcon.colcon_core.shell[0m [1;30mINFO[0m Skip shell extension 'powershell' for command environment: Not usable outside of PowerShell
[0.426s] [34mcolcon.colcon_core.shell[0m [1;30mDEBUG[0m [32mSkip shell extension 'dsv' for command environment[0m
[0.877s] [34mcolcon.colcon_core.task.python.build[0m [1;30mINFO[0m Building Python package in '/Users/mafu/Desktop/robotics/Lab8/ros2_ws/src/cpmr_ch5'
[0.877s] [34mcolcon.colcon_core.shell[0m [1;30mINFO[0m Skip shell extension 'powershell' for command environment: Not usable outside of PowerShell
[0.877s] [34mcolcon.colcon_core.shell[0m [1;30mDEBUG[0m [32mSkip shell extension 'dsv' for command environment[0m
[1.298s] [34mcolcon.colcon_core.task.python.build[0m [1;30mINFO[0m Building Python package in '/Users/mafu/Desktop/robotics/Lab8/ros2_ws/src/cpmr_ch12'
[1.299s] [34mcolcon.colcon_core.shell[0m [1;30mINFO[0m Skip shell extension 'powershell' for command environment: Not usable outside of PowerShell
[1.299s] [34mcolcon.colcon_core.shell[0m [1;30mDEBUG[0m [32mSkip shell extension 'dsv' for command environment[0m
[1.728s] [34mcolcon.colcon_core.task.python.build[0m [1;30mINFO[0m Building Python package in '/Users/mafu/Desktop/robotics/Lab8/ros2_ws/src/cpmr_ch4'
[1.728s] [34mcolcon.colcon_core.shell[0m [1;30mINFO[0m Skip shell extension 'powershell' for command environment: Not usable outside of PowerShell
[1.728s] [34mcolcon.colcon_core.shell[0m [1;30mDEBUG[0m [32mSkip shell extension 'dsv' for command environment[0m
[2.143s] [34mcolcon.colcon_core.task.python.build[0m [1;30mINFO[0m Building Python package in '/Users/mafu/Desktop/robotics/Lab8/ros2_ws/src/cpmr_apb'
[2.144s] [34mcolcon.colcon_core.shell[0m [1;30mINFO[0m Skip shell extension 'powershell' for command environment: Not usable outside of PowerShell
[2.144s] [34mcolcon.colcon_core.shell[0m [1;30mDEBUG[0m [32mSkip shell extension 'dsv' for command environment[0m
[2.563s] [34mcolcon.colcon_core.task.python.build[0m [1;30mINFO[0m Building Python package in '/Users/mafu/Desktop/robotics/Lab8/ros2_ws/src/cpmr_ch2'
[2.563s] [34mcolcon.colcon_core.shell[0m [1;30mINFO[0m Skip shell extension 'powershell' for command environment: Not usable outside of PowerShell
[2.563s] [34mcolcon.colcon_core.shell[0m [1;30mDEBUG[0m [32mSkip shell extension 'dsv' for command environment[0m
[2.984s] [34mcolcon.colcon_core.task.python.build[0m [1;30mINFO[0m Building Python package in '/Users/mafu/Desktop/robotics/Lab8/ros2_ws/src/cpmr_ch11'
[2.984s] [34mcolcon.colcon_core.shell[0m [1;30mINFO[0m Skip shell extension 'powershell' for command environment: Not usable outside of PowerShell
[2.984s] [34mcolcon.colcon_core.shell[0m [1;30mDEBUG[0m [32mSkip shell extension 'dsv' for command environment[0m
[3.407s] [34mcolcon.colcon_core.task.python.build[0m [1;30mINFO[0m Building Python package in '/Users/mafu/Desktop/robotics/Lab8/ros2_ws/src/cpmr_ch6'
[3.407s] [34mcolcon.colcon_core.shell[0m [1;30mINFO[0m Skip shell extension 'powershell' for command environment: Not usable outside of PowerShell
[3.407s] [34mcolcon.colcon_core.shell[0m [1;30mDEBUG[0m [32mSkip shell extension 'dsv' for command environment[0m
[3.822s] [34mcolcon.colcon_core.task.python.build[0m [1;30mINFO[0m Building Python package in '/Users/mafu/Desktop/robotics/Lab8/ros2_ws/src/cpmr_ch7'
[3.823s] [34mcolcon.colcon_core.shell[0m [1;30mINFO[0m Skip shell extension 'powershell' for command environment: Not usable outside of PowerShell
[3.823s] [34mcolcon.colcon_core.shell[0m [1;30mDEBUG[0m [32mSkip shell extension 'dsv' for command environment[0m
[5.140s] [34mcolcon.colcon_core.event_handler.log_command[0m [1;30mDEBUG[0m [32mInvoking command in '/Users/mafu/Desktop/robotics/Lab8/ros2_ws/src/cpmr_ch5': CONDA_PROMPT_MODIFIER=(ros_env) PYTHONPATH=/Users/mafu/Desktop/robotics/Lab8/ros2_ws/build/cpmr_ch5/prefix_override:/Users/mafu/miniforge3/envs/ros_env/lib/python3.10/site-packages/colcon_core/task/python/colcon_distutils_commands:/Users/mafu/Desktop/robotics/Lab8/ros2_ws/install/cpmr_ch5/lib/python3.10/site-packages:${PYTHONPATH} SHLVL=2 _=/Users/mafu/miniforge3/envs/ros_env/bin/env __CF_USER_TEXT_ENCODING=0x1F5:0x0:0x0 /Users/mafu/miniforge3/envs/ros_env/bin/python3.10 -W ignore:setup.py install is deprecated setup.py egg_info --egg-base ../../build/cpmr_ch5 build --build-base /Users/mafu/Desktop/robotics/Lab8/ros2_ws/build/cpmr_ch5/build install --record /Users/mafu/Desktop/robotics/Lab8/ros2_ws/build/cpmr_ch5/install.log --single-version-externally-managed install_data[0m
[5.162s] [34mcolcon.colcon_core.event_handler.log_command[0m [1;30mDEBUG[0m [32mInvoking command in '/Users/mafu/Desktop/robotics/Lab8/ros2_ws/src/cpmr_ch2': CONDA_PROMPT_MODIFIER=(ros_env) PYTHONPATH=/Users/mafu/Desktop/robotics/Lab8/ros2_ws/build/cpmr_ch2/prefix_override:/Users/mafu/miniforge3/envs/ros_env/lib/python3.10/site-packages/colcon_core/task/python/colcon_distutils_commands:/Users/mafu/Desktop/robotics/Lab8/ros2_ws/install/cpmr_ch2/lib/python3.10/site-packages:${PYTHONPATH} SHLVL=2 _=/Users/mafu/miniforge3/envs/ros_env/bin/env __CF_USER_TEXT_ENCODING=0x1F5:0x0:0x0 /Users/mafu/miniforge3/envs/ros_env/bin/python3.10 -W ignore:setup.py install is deprecated setup.py egg_info --egg-base ../../build/cpmr_ch2 build --build-base /Users/mafu/Desktop/robotics/Lab8/ros2_ws/build/cpmr_ch2/build install --record /Users/mafu/Desktop/robotics/Lab8/ros2_ws/build/cpmr_ch2/install.log --single-version-externally-managed install_data[0m
[5.201s] [34mcolcon.colcon_core.event_handler.log_command[0m [1;30mDEBUG[0m [32mInvoking command in '/Users/mafu/Desktop/robotics/Lab8/ros2_ws/src/cpmr_ch12': CONDA_PROMPT_MODIFIER=(ros_env) PYTHONPATH=/Users/mafu/Desktop/robotics/Lab8/ros2_ws/build/cpmr_ch12/prefix_override:/Users/mafu/miniforge3/envs/ros_env/lib/python3.10/site-packages/colcon_core/task/python/colcon_distutils_commands:/Users/mafu/Desktop/robotics/Lab8/ros2_ws/install/cpmr_ch12/lib/python3.10/site-packages:${PYTHONPATH} SHLVL=2 _=/Users/mafu/miniforge3/envs/ros_env/bin/env __CF_USER_TEXT_ENCODING=0x1F5:0x0:0x0 /Users/mafu/miniforge3/envs/ros_env/bin/python3.10 -W ignore:setup.py install is deprecated setup.py egg_info --egg-base ../../build/cpmr_ch12 build --build-base /Users/mafu/Desktop/robotics/Lab8/ros2_ws/build/cpmr_ch12/build install --record /Users/mafu/Desktop/robotics/Lab8/ros2_ws/build/cpmr_ch12/install.log --single-version-externally-managed install_data[0m
[5.216s] [34mcolcon.colcon_core.event_handler.log_command[0m [1;30mDEBUG[0m [32mInvoking command in '/Users/mafu/Desktop/robotics/Lab8/ros2_ws/src/cpmr_ch4': CONDA_PROMPT_MODIFIER=(ros_env) PYTHONPATH=/Users/mafu/Desktop/robotics/Lab8/ros2_ws/build/cpmr_ch4/prefix_override:/Users/mafu/miniforge3/envs/ros_env/lib/python3.10/site-packages/colcon_core/task/python/colcon_distutils_commands:/Users/mafu/Desktop/robotics/Lab8/ros2_ws/install/cpmr_ch4/lib/python3.10/site-packages:${PYTHONPATH} SHLVL=2 _=/Users/mafu/miniforge3/envs/ros_env/bin/env __CF_USER_TEXT_ENCODING=0x1F5:0x0:0x0 /Users/mafu/miniforge3/envs/ros_env/bin/python3.10 -W ignore:setup.py install is deprecated setup.py egg_info --egg-base ../../build/cpmr_ch4 build --build-base /Users/mafu/Desktop/robotics/Lab8/ros2_ws/build/cpmr_ch4/build install --record /Users/mafu/Desktop/robotics/Lab8/ros2_ws/build/cpmr_ch4/install.log --single-version-externally-managed install_data[0m
[5.267s] [34mcolcon.colcon_core.event_handler.log_command[0m [1;30mDEBUG[0m [32mInvoking command in '/Users/mafu/Desktop/robotics/Lab8/ros2_ws/src/cpmr_apb': CONDA_PROMPT_MODIFIER=(ros_env) PYTHONPATH=/Users/mafu/Desktop/robotics/Lab8/ros2_ws/build/cpmr_apb/prefix_override:/Users/mafu/miniforge3/envs/ros_env/lib/python3.10/site-packages/colcon_core/task/python/colcon_distutils_commands:/Users/mafu/Desktop/robotics/Lab8/ros2_ws/install/cpmr_apb/lib/python3.10/site-packages:${PYTHONPATH} SHLVL=2 _=/Users/mafu/miniforge3/envs/ros_env/bin/env __CF_USER_TEXT_ENCODING=0x1F5:0x0:0x0 /Users/mafu/miniforge3/envs/ros_env/bin/python3.10 -W ignore:setup.py install is deprecated setup.py egg_info --egg-base ../../build/cpmr_apb build --build-base /Users/mafu/Desktop/robotics/Lab8/ros2_ws/build/cpmr_apb/build install --record /Users/mafu/Desktop/robotics/Lab8/ros2_ws/build/cpmr_apb/install.log --single-version-externally-managed install_data[0m
[5.313s] [34mcolcon.colcon_core.event_handler.log_command[0m [1;30mDEBUG[0m [32mInvoking command in '/Users/mafu/Desktop/robotics/Lab8/ros2_ws/src/cpmr_ch11': CONDA_PROMPT_MODIFIER=(ros_env) PYTHONPATH=/Users/mafu/Desktop/robotics/Lab8/ros2_ws/build/cpmr_ch11/prefix_override:/Users/mafu/miniforge3/envs/ros_env/lib/python3.10/site-packages/colcon_core/task/python/colcon_distutils_commands:/Users/mafu/Desktop/robotics/Lab8/ros2_ws/install/cpmr_ch11/lib/python3.10/site-packages:${PYTHONPATH} SHLVL=2 _=/Users/mafu/miniforge3/envs/ros_env/bin/env __CF_USER_TEXT_ENCODING=0x1F5:0x0:0x0 /Users/mafu/miniforge3/envs/ros_env/bin/python3.10 -W ignore:setup.py install is deprecated setup.py egg_info --egg-base ../../build/cpmr_ch11 build --build-base /Users/mafu/Desktop/robotics/Lab8/ros2_ws/build/cpmr_ch11/build install --record /Users/mafu/Desktop/robotics/Lab8/ros2_ws/build/cpmr_ch11/install.log --single-version-externally-managed install_data[0m
[5.323s] [34mcolcon.colcon_core.event_handler.log_command[0m [1;30mDEBUG[0m [32mInvoking command in '/Users/mafu/Desktop/robotics/Lab8/ros2_ws/src/cpmr_ch7': CONDA_PROMPT_MODIFIER=(ros_env) PYTHONPATH=/Users/mafu/Desktop/robotics/Lab8/ros2_ws/build/cpmr_ch7/prefix_override:/Users/mafu/miniforge3/envs/ros_env/lib/python3.10/site-packages/colcon_core/task/python/colcon_distutils_commands:/Users/mafu/Desktop/robotics/Lab8/ros2_ws/install/cpmr_ch7/lib/python3.10/site-packages:${PYTHONPATH} SHLVL=2 _=/Users/mafu/miniforge3/envs/ros_env/bin/env __CF_USER_TEXT_ENCODING=0x1F5:0x0:0x0 /Users/mafu/miniforge3/envs/ros_env/bin/python3.10 -W ignore:setup.py install is deprecated setup.py egg_info --egg-base ../../build/cpmr_ch7 build --build-base /Users/mafu/Desktop/robotics/Lab8/ros2_ws/build/cpmr_ch7/build install --record /Users/mafu/Desktop/robotics/Lab8/ros2_ws/build/cpmr_ch7/install.log --single-version-externally-managed install_data[0m
[5.351s] [34mcolcon.colcon_core.event_handler.log_command[0m [1;30mDEBUG[0m [32mInvoking command in '/Users/mafu/Desktop/robotics/Lab8/ros2_ws/src/cpmr_ch6': CONDA_PROMPT_MODIFIER=(ros_env) PYTHONPATH=/Users/mafu/Desktop/robotics/Lab8/ros2_ws/build/cpmr_ch6/prefix_override:/Users/mafu/miniforge3/envs/ros_env/lib/python3.10/site-packages/colcon_core/task/python/colcon_distutils_commands:/Users/mafu/Desktop/robotics/Lab8/ros2_ws/install/cpmr_ch6/lib/python3.10/site-packages:${PYTHONPATH} SHLVL=2 _=/Users/mafu/miniforge3/envs/ros_env/bin/env __CF_USER_TEXT_ENCODING=0x1F5:0x0:0x0 /Users/mafu/miniforge3/envs/ros_env/bin/python3.10 -W ignore:setup.py install is deprecated setup.py egg_info --egg-base ../../build/cpmr_ch6 build --build-base /Users/mafu/Desktop/robotics/Lab8/ros2_ws/build/cpmr_ch6/build install --record /Users/mafu/Desktop/robotics/Lab8/ros2_ws/build/cpmr_ch6/install.log --single-version-externally-managed install_data[0m
[7.215s] [34mcolcon.colcon_core.event_handler.log_command[0m [1;30mDEBUG[0m [32mInvoked command in '/Users/mafu/Desktop/robotics/Lab8/ros2_ws/src/cpmr_ch4' returned '0': CONDA_PROMPT_MODIFIER=(ros_env) PYTHONPATH=/Users/mafu/Desktop/robotics/Lab8/ros2_ws/build/cpmr_ch4/prefix_override:/Users/mafu/miniforge3/envs/ros_env/lib/python3.10/site-packages/colcon_core/task/python/colcon_distutils_commands:/Users/mafu/Desktop/robotics/Lab8/ros2_ws/install/cpmr_ch4/lib/python3.10/site-packages:${PYTHONPATH} SHLVL=2 _=/Users/mafu/miniforge3/envs/ros_env/bin/env __CF_USER_TEXT_ENCODING=0x1F5:0x0:0x0 /Users/mafu/miniforge3/envs/ros_env/bin/python3.10 -W ignore:setup.py install is deprecated setup.py egg_info --egg-base ../../build/cpmr_ch4 build --build-base /Users/mafu/Desktop/robotics/Lab8/ros2_ws/build/cpmr_ch4/build install --record /Users/mafu/Desktop/robotics/Lab8/ros2_ws/build/cpmr_ch4/install.log --single-version-externally-managed install_data[0m
[7.220s] [34mcolcon.colcon_core.environment[0m [1;30mLevel 1[0m checking '/Users/mafu/Desktop/robotics/Lab8/ros2_ws/install/cpmr_ch4' for CMake module files
[7.221s] [34mcolcon.colcon_core.environment[0m [1;30mLevel 1[0m checking '/Users/mafu/Desktop/robotics/Lab8/ros2_ws/install/cpmr_ch4' for CMake config files
[7.222s] [34mcolcon.colcon_core.environment[0m [1;30mLevel 1[0m checking '/Users/mafu/Desktop/robotics/Lab8/ros2_ws/install/cpmr_ch4/lib'
[7.222s] [34mcolcon.colcon_core.environment[0m [1;30mLevel 1[0m checking '/Users/mafu/Desktop/robotics/Lab8/ros2_ws/install/cpmr_ch4/bin'
[7.222s] [34mcolcon.colcon_core.environment[0m [1;30mLevel 1[0m checking '/Users/mafu/Desktop/robotics/Lab8/ros2_ws/install/cpmr_ch4/lib/pkgconfig/cpmr_ch4.pc'
[7.222s] [34mcolcon.colcon_core.environment[0m [1;30mLevel 1[0m checking '/Users/mafu/Desktop/robotics/Lab8/ros2_ws/install/cpmr_ch4/lib/python3.10/site-packages'
[7.222s] [34mcolcon.colcon_core.shell[0m [1;30mLevel 1[0m create_environment_hook('cpmr_ch4', 'pythonpath')
[7.222s] [34mcolcon.colcon_core.shell[0m [1;30mINFO[0m Creating environment hook '/Users/mafu/Desktop/robotics/Lab8/ros2_ws/install/cpmr_ch4/share/cpmr_ch4/hook/pythonpath.ps1'
[7.223s] [34mcolcon.colcon_core.shell[0m [1;30mINFO[0m Creating environment descriptor '/Users/mafu/Desktop/robotics/Lab8/ros2_ws/install/cpmr_ch4/share/cpmr_ch4/hook/pythonpath.dsv'
[7.224s] [34mcolcon.colcon_core.shell[0m [1;30mINFO[0m Creating environment hook '/Users/mafu/Desktop/robotics/Lab8/ros2_ws/install/cpmr_ch4/share/cpmr_ch4/hook/pythonpath.sh'
[7.228s] [34mcolcon.colcon_core.environment[0m [1;30mLevel 1[0m checking '/Users/mafu/Desktop/robotics/Lab8/ros2_ws/install/cpmr_ch4/bin'
[7.228s] [34mcolcon.colcon_core.environment[0m [1;30mLevel 1[0m create_environment_scripts_only(cpmr_ch4)
[7.228s] [34mcolcon.colcon_core.shell[0m [1;30mINFO[0m Creating package script '/Users/mafu/Desktop/robotics/Lab8/ros2_ws/install/cpmr_ch4/share/cpmr_ch4/package.ps1'
[7.229s] [34mcolcon.colcon_core.shell[0m [1;30mINFO[0m Creating package descriptor '/Users/mafu/Desktop/robotics/Lab8/ros2_ws/install/cpmr_ch4/share/cpmr_ch4/package.dsv'
[7.230s] [34mcolcon.colcon_core.shell[0m [1;30mINFO[0m Creating package script '/Users/mafu/Desktop/robotics/Lab8/ros2_ws/install/cpmr_ch4/share/cpmr_ch4/package.sh'
[7.231s] [34mcolcon.colcon_core.shell[0m [1;30mINFO[0m Creating package script '/Users/mafu/Desktop/robotics/Lab8/ros2_ws/install/cpmr_ch4/share/cpmr_ch4/package.bash'
[7.236s] [34mcolcon.colcon_core.shell[0m [1;30mINFO[0m Creating package script '/Users/mafu/Desktop/robotics/Lab8/ros2_ws/install/cpmr_ch4/share/cpmr_ch4/package.zsh'
[7.237s] [34mcolcon.colcon_core.environment[0m [1;30mLevel 1[0m create_file_with_runtime_dependencies(/Users/mafu/Desktop/robotics/Lab8/ros2_ws/install/cpmr_ch4/share/colcon-core/packages/cpmr_ch4)
[7.241s] [34mcolcon.colcon_ros.task.ament_python.build[0m [1;30mINFO[0m Building ROS package in '/Users/mafu/Desktop/robotics/Lab8/ros2_ws/src/cpmr_ch8' with build type 'ament_python'
[7.243s] [34mcolcon.colcon_core.shell[0m [1;30mLevel 1[0m create_environment_hook('cpmr_ch8', 'ament_prefix_path')
[7.245s] [34mcolcon.colcon_core.shell[0m [1;30mINFO[0m Creating environment hook '/Users/mafu/Desktop/robotics/Lab8/ros2_ws/install/cpmr_ch8/share/cpmr_ch8/hook/ament_prefix_path.ps1'
[7.248s] [34mcolcon.colcon_core.shell[0m [1;30mINFO[0m Creating environment descriptor '/Users/mafu/Desktop/robotics/Lab8/ros2_ws/install/cpmr_ch8/share/cpmr_ch8/hook/ament_prefix_path.dsv'
[7.250s] [34mcolcon.colcon_core.shell[0m [1;30mINFO[0m Creating environment hook '/Users/mafu/Desktop/robotics/Lab8/ros2_ws/install/cpmr_ch8/share/cpmr_ch8/hook/ament_prefix_path.sh'
[7.252s] [34mcolcon.colcon_core.shell[0m [1;30mINFO[0m Skip shell extension 'powershell' for command environment: Not usable outside of PowerShell
[7.252s] [34mcolcon.colcon_core.shell[0m [1;30mDEBUG[0m [32mSkip shell extension 'dsv' for command environment[0m
[7.286s] [34mcolcon.colcon_core.environment[0m [1;30mLevel 1[0m checking '/Users/mafu/Desktop/robotics/Lab8/ros2_ws/install/cpmr_ch2' for CMake module files
[7.288s] [34mcolcon.colcon_core.environment[0m [1;30mLevel 1[0m checking '/Users/mafu/Desktop/robotics/Lab8/ros2_ws/install/cpmr_ch2' for CMake config files
[7.291s] [34mcolcon.colcon_core.environment[0m [1;30mLevel 1[0m checking '/Users/mafu/Desktop/robotics/Lab8/ros2_ws/install/cpmr_ch2/lib'
[7.292s] [34mcolcon.colcon_core.environment[0m [1;30mLevel 1[0m checking '/Users/mafu/Desktop/robotics/Lab8/ros2_ws/install/cpmr_ch2/bin'
[7.293s] [34mcolcon.colcon_core.environment[0m [1;30mLevel 1[0m checking '/Users/mafu/Desktop/robotics/Lab8/ros2_ws/install/cpmr_ch2/lib/pkgconfig/cpmr_ch2.pc'
[7.294s] [34mcolcon.colcon_core.environment[0m [1;30mLevel 1[0m checking '/Users/mafu/Desktop/robotics/Lab8/ros2_ws/install/cpmr_ch2/lib/python3.10/site-packages'
[7.294s] [34mcolcon.colcon_core.shell[0m [1;30mLevel 1[0m create_environment_hook('cpmr_ch2', 'pythonpath')
[7.294s] [34mcolcon.colcon_core.shell[0m [1;30mINFO[0m Creating environment hook '/Users/mafu/Desktop/robotics/Lab8/ros2_ws/install/cpmr_ch2/share/cpmr_ch2/hook/pythonpath.ps1'
[7.295s] [34mcolcon.colcon_core.shell[0m [1;30mINFO[0m Creating environment descriptor '/Users/mafu/Desktop/robotics/Lab8/ros2_ws/install/cpmr_ch2/share/cpmr_ch2/hook/pythonpath.dsv'
[7.293s] [34mcolcon.colcon_core.event_handler.log_command[0m [1;30mDEBUG[0m [32mInvoked command in '/Users/mafu/Desktop/robotics/Lab8/ros2_ws/src/cpmr_ch2' returned '0': CONDA_PROMPT_MODIFIER=(ros_env) PYTHONPATH=/Users/mafu/Desktop/robotics/Lab8/ros2_ws/build/cpmr_ch2/prefix_override:/Users/mafu/miniforge3/envs/ros_env/lib/python3.10/site-packages/colcon_core/task/python/colcon_distutils_commands:/Users/mafu/Desktop/robotics/Lab8/ros2_ws/install/cpmr_ch2/lib/python3.10/site-packages:${PYTHONPATH} SHLVL=2 _=/Users/mafu/miniforge3/envs/ros_env/bin/env __CF_USER_TEXT_ENCODING=0x1F5:0x0:0x0 /Users/mafu/miniforge3/envs/ros_env/bin/python3.10 -W ignore:setup.py install is deprecated setup.py egg_info --egg-base ../../build/cpmr_ch2 build --build-base /Users/mafu/Desktop/robotics/Lab8/ros2_ws/build/cpmr_ch2/build install --record /Users/mafu/Desktop/robotics/Lab8/ros2_ws/build/cpmr_ch2/install.log --single-version-externally-managed install_data[0m
[7.295s] [34mcolcon.colcon_core.shell[0m [1;30mINFO[0m Creating environment hook '/Users/mafu/Desktop/robotics/Lab8/ros2_ws/install/cpmr_ch2/share/cpmr_ch2/hook/pythonpath.sh'
[7.296s] [34mcolcon.colcon_core.environment[0m [1;30mLevel 1[0m checking '/Users/mafu/Desktop/robotics/Lab8/ros2_ws/install/cpmr_ch2/bin'
[7.296s] [34mcolcon.colcon_core.environment[0m [1;30mLevel 1[0m create_environment_scripts_only(cpmr_ch2)
[7.296s] [34mcolcon.colcon_core.shell[0m [1;30mINFO[0m Creating package script '/Users/mafu/Desktop/robotics/Lab8/ros2_ws/install/cpmr_ch2/share/cpmr_ch2/package.ps1'
[7.299s] [34mcolcon.colcon_core.shell[0m [1;30mINFO[0m Creating package descriptor '/Users/mafu/Desktop/robotics/Lab8/ros2_ws/install/cpmr_ch2/share/cpmr_ch2/package.dsv'
[7.299s] [34mcolcon.colcon_core.shell[0m [1;30mINFO[0m Creating package script '/Users/mafu/Desktop/robotics/Lab8/ros2_ws/install/cpmr_ch2/share/cpmr_ch2/package.sh'
[7.300s] [34mcolcon.colcon_core.shell[0m [1;30mINFO[0m Creating package script '/Users/mafu/Desktop/robotics/Lab8/ros2_ws/install/cpmr_ch2/share/cpmr_ch2/package.bash'
[7.300s] [34mcolcon.colcon_core.shell[0m [1;30mINFO[0m Creating package script '/Users/mafu/Desktop/robotics/Lab8/ros2_ws/install/cpmr_ch2/share/cpmr_ch2/package.zsh'
[7.300s] [34mcolcon.colcon_core.environment[0m [1;30mLevel 1[0m create_file_with_runtime_dependencies(/Users/mafu/Desktop/robotics/Lab8/ros2_ws/install/cpmr_ch2/share/colcon-core/packages/cpmr_ch2)
[7.304s] [34mcolcon.colcon_core.environment[0m [1;30mLevel 1[0m checking '/Users/mafu/Desktop/robotics/Lab8/ros2_ws/install/cpmr_apb' for CMake module files
[7.305s] [34mcolcon.colcon_core.environment[0m [1;30mLevel 1[0m checking '/Users/mafu/Desktop/robotics/Lab8/ros2_ws/install/cpmr_apb' for CMake config files
[7.305s] [34mcolcon.colcon_core.environment[0m [1;30mLevel 1[0m checking '/Users/mafu/Desktop/robotics/Lab8/ros2_ws/install/cpmr_apb/lib'
[7.305s] [34mcolcon.colcon_core.environment[0m [1;30mLevel 1[0m checking '/Users/mafu/Desktop/robotics/Lab8/ros2_ws/install/cpmr_apb/bin'
[7.306s] [34mcolcon.colcon_core.environment[0m [1;30mLevel 1[0m checking '/Users/mafu/Desktop/robotics/Lab8/ros2_ws/install/cpmr_apb/lib/pkgconfig/cpmr_apb.pc'
[7.306s] [34mcolcon.colcon_core.environment[0m [1;30mLevel 1[0m checking '/Users/mafu/Desktop/robotics/Lab8/ros2_ws/install/cpmr_apb/lib/python3.10/site-packages'
[7.306s] [34mcolcon.colcon_core.shell[0m [1;30mLevel 1[0m create_environment_hook('cpmr_apb', 'pythonpath')
[7.306s] [34mcolcon.colcon_core.shell[0m [1;30mINFO[0m Creating environment hook '/Users/mafu/Desktop/robotics/Lab8/ros2_ws/install/cpmr_apb/share/cpmr_apb/hook/pythonpath.ps1'
[7.306s] [34mcolcon.colcon_core.shell[0m [1;30mINFO[0m Creating environment descriptor '/Users/mafu/Desktop/robotics/Lab8/ros2_ws/install/cpmr_apb/share/cpmr_apb/hook/pythonpath.dsv'
[7.307s] [34mcolcon.colcon_core.shell[0m [1;30mINFO[0m Creating environment hook '/Users/mafu/Desktop/robotics/Lab8/ros2_ws/install/cpmr_apb/share/cpmr_apb/hook/pythonpath.sh'
[7.307s] [34mcolcon.colcon_core.environment[0m [1;30mLevel 1[0m checking '/Users/mafu/Desktop/robotics/Lab8/ros2_ws/install/cpmr_apb/bin'
[7.307s] [34mcolcon.colcon_core.environment[0m [1;30mLevel 1[0m create_environment_scripts_only(cpmr_apb)
[7.307s] [34mcolcon.colcon_core.shell[0m [1;30mINFO[0m Creating package script '/Users/mafu/Desktop/robotics/Lab8/ros2_ws/install/cpmr_apb/share/cpmr_apb/package.ps1'
[7.309s] [34mcolcon.colcon_core.shell[0m [1;30mINFO[0m Creating package descriptor '/Users/mafu/Desktop/robotics/Lab8/ros2_ws/install/cpmr_apb/share/cpmr_apb/package.dsv'
[7.312s] [34mcolcon.colcon_core.shell[0m [1;30mINFO[0m Creating package script '/Users/mafu/Desktop/robotics/Lab8/ros2_ws/install/cpmr_apb/share/cpmr_apb/package.sh'
[7.314s] [34mcolcon.colcon_core.shell[0m [1;30mINFO[0m Creating package script '/Users/mafu/Desktop/robotics/Lab8/ros2_ws/install/cpmr_apb/share/cpmr_apb/package.bash'
[7.317s] [34mcolcon.colcon_core.event_handler.log_command[0m [1;30mDEBUG[0m [32mInvoked command in '/Users/mafu/Desktop/robotics/Lab8/ros2_ws/src/cpmr_apb' returned '0': CONDA_PROMPT_MODIFIER=(ros_env) PYTHONPATH=/Users/mafu/Desktop/robotics/Lab8/ros2_ws/build/cpmr_apb/prefix_override:/Users/mafu/miniforge3/envs/ros_env/lib/python3.10/site-packages/colcon_core/task/python/colcon_distutils_commands:/Users/mafu/Desktop/robotics/Lab8/ros2_ws/install/cpmr_apb/lib/python3.10/site-packages:${PYTHONPATH} SHLVL=2 _=/Users/mafu/miniforge3/envs/ros_env/bin/env __CF_USER_TEXT_ENCODING=0x1F5:0x0:0x0 /Users/mafu/miniforge3/envs/ros_env/bin/python3.10 -W ignore:setup.py install is deprecated setup.py egg_info --egg-base ../../build/cpmr_apb build --build-base /Users/mafu/Desktop/robotics/Lab8/ros2_ws/build/cpmr_apb/build install --record /Users/mafu/Desktop/robotics/Lab8/ros2_ws/build/cpmr_apb/install.log --single-version-externally-managed install_data[0m
[7.317s] [34mcolcon.colcon_core.shell[0m [1;30mINFO[0m Creating package script '/Users/mafu/Desktop/robotics/Lab8/ros2_ws/install/cpmr_apb/share/cpmr_apb/package.zsh'
[7.319s] [34mcolcon.colcon_core.environment[0m [1;30mLevel 1[0m create_file_with_runtime_dependencies(/Users/mafu/Desktop/robotics/Lab8/ros2_ws/install/cpmr_apb/share/colcon-core/packages/cpmr_apb)
[7.322s] [34mcolcon.colcon_core.environment[0m [1;30mLevel 1[0m checking '/Users/mafu/Desktop/robotics/Lab8/ros2_ws/install/cpmr_ch12' for CMake module files
[7.323s] [34mcolcon.colcon_core.event_handler.log_command[0m [1;30mDEBUG[0m [32mInvoked command in '/Users/mafu/Desktop/robotics/Lab8/ros2_ws/src/cpmr_ch12' returned '0': CONDA_PROMPT_MODIFIER=(ros_env) PYTHONPATH=/Users/mafu/Desktop/robotics/Lab8/ros2_ws/build/cpmr_ch12/prefix_override:/Users/mafu/miniforge3/envs/ros_env/lib/python3.10/site-packages/colcon_core/task/python/colcon_distutils_commands:/Users/mafu/Desktop/robotics/Lab8/ros2_ws/install/cpmr_ch12/lib/python3.10/site-packages:${PYTHONPATH} SHLVL=2 _=/Users/mafu/miniforge3/envs/ros_env/bin/env __CF_USER_TEXT_ENCODING=0x1F5:0x0:0x0 /Users/mafu/miniforge3/envs/ros_env/bin/python3.10 -W ignore:setup.py install is deprecated setup.py egg_info --egg-base ../../build/cpmr_ch12 build --build-base /Users/mafu/Desktop/robotics/Lab8/ros2_ws/build/cpmr_ch12/build install --record /Users/mafu/Desktop/robotics/Lab8/ros2_ws/build/cpmr_ch12/install.log --single-version-externally-managed install_data[0m
[7.324s] [34mcolcon.colcon_core.environment[0m [1;30mLevel 1[0m checking '/Users/mafu/Desktop/robotics/Lab8/ros2_ws/install/cpmr_ch12' for CMake config files
[7.326s] [34mcolcon.colcon_core.environment[0m [1;30mLevel 1[0m checking '/Users/mafu/Desktop/robotics/Lab8/ros2_ws/install/cpmr_ch12/lib'
[7.326s] [34mcolcon.colcon_core.environment[0m [1;30mLevel 1[0m checking '/Users/mafu/Desktop/robotics/Lab8/ros2_ws/install/cpmr_ch12/bin'
[7.327s] [34mcolcon.colcon_core.environment[0m [1;30mLevel 1[0m checking '/Users/mafu/Desktop/robotics/Lab8/ros2_ws/install/cpmr_ch12/lib/pkgconfig/cpmr_ch12.pc'
[7.327s] [34mcolcon.colcon_core.environment[0m [1;30mLevel 1[0m checking '/Users/mafu/Desktop/robotics/Lab8/ros2_ws/install/cpmr_ch12/lib/python3.10/site-packages'
[7.327s] [34mcolcon.colcon_core.shell[0m [1;30mLevel 1[0m create_environment_hook('cpmr_ch12', 'pythonpath')
[7.327s] [34mcolcon.colcon_core.shell[0m [1;30mINFO[0m Creating environment hook '/Users/mafu/Desktop/robotics/Lab8/ros2_ws/install/cpmr_ch12/share/cpmr_ch12/hook/pythonpath.ps1'
[7.328s] [34mcolcon.colcon_core.shell[0m [1;30mINFO[0m Creating environment descriptor '/Users/mafu/Desktop/robotics/Lab8/ros2_ws/install/cpmr_ch12/share/cpmr_ch12/hook/pythonpath.dsv'
[7.329s] [34mcolcon.colcon_core.shell[0m [1;30mINFO[0m Creating environment hook '/Users/mafu/Desktop/robotics/Lab8/ros2_ws/install/cpmr_ch12/share/cpmr_ch12/hook/pythonpath.sh'
[7.329s] [34mcolcon.colcon_core.environment[0m [1;30mLevel 1[0m checking '/Users/mafu/Desktop/robotics/Lab8/ros2_ws/install/cpmr_ch12/bin'
[7.329s] [34mcolcon.colcon_core.environment[0m [1;30mLevel 1[0m create_environment_scripts_only(cpmr_ch12)
[7.330s] [34mcolcon.colcon_core.shell[0m [1;30mINFO[0m Creating package script '/Users/mafu/Desktop/robotics/Lab8/ros2_ws/install/cpmr_ch12/share/cpmr_ch12/package.ps1'
[7.330s] [34mcolcon.colcon_core.shell[0m [1;30mINFO[0m Creating package descriptor '/Users/mafu/Desktop/robotics/Lab8/ros2_ws/install/cpmr_ch12/share/cpmr_ch12/package.dsv'
[7.330s] [34mcolcon.colcon_core.shell[0m [1;30mINFO[0m Creating package script '/Users/mafu/Desktop/robotics/Lab8/ros2_ws/install/cpmr_ch12/share/cpmr_ch12/package.sh'
[7.331s] [34mcolcon.colcon_core.shell[0m [1;30mINFO[0m Creating package script '/Users/mafu/Desktop/robotics/Lab8/ros2_ws/install/cpmr_ch12/share/cpmr_ch12/package.bash'
[7.331s] [34mcolcon.colcon_core.shell[0m [1;30mINFO[0m Creating package script '/Users/mafu/Desktop/robotics/Lab8/ros2_ws/install/cpmr_ch12/share/cpmr_ch12/package.zsh'
[7.331s] [34mcolcon.colcon_core.environment[0m [1;30mLevel 1[0m create_file_with_runtime_dependencies(/Users/mafu/Desktop/robotics/Lab8/ros2_ws/install/cpmr_ch12/share/colcon-core/packages/cpmr_ch12)
[7.906s] [34mcolcon.colcon_core.task.python.build[0m [1;30mINFO[0m Building Python package in '/Users/mafu/Desktop/robotics/Lab8/ros2_ws/src/cpmr_ch8'
[7.906s] [34mcolcon.colcon_core.shell[0m [1;30mINFO[0m Skip shell extension 'powershell' for command environment: Not usable outside of PowerShell
[7.906s] [34mcolcon.colcon_core.shell[0m [1;30mDEBUG[0m [32mSkip shell extension 'dsv' for command environment[0m
[7.916s] [34mcolcon.colcon_core.environment[0m [1;30mLevel 1[0m checking '/Users/mafu/Desktop/robotics/Lab8/ros2_ws/install/cpmr_ch11' for CMake module files
[7.917s] [34mcolcon.colcon_core.event_handler.log_command[0m [1;30mDEBUG[0m [32mInvoked command in '/Users/mafu/Desktop/robotics/Lab8/ros2_ws/src/cpmr_ch11' returned '0': CONDA_PROMPT_MODIFIER=(ros_env) PYTHONPATH=/Users/mafu/Desktop/robotics/Lab8/ros2_ws/build/cpmr_ch11/prefix_override:/Users/mafu/miniforge3/envs/ros_env/lib/python3.10/site-packages/colcon_core/task/python/colcon_distutils_commands:/Users/mafu/Desktop/robotics/Lab8/ros2_ws/install/cpmr_ch11/lib/python3.10/site-packages:${PYTHONPATH} SHLVL=2 _=/Users/mafu/miniforge3/envs/ros_env/bin/env __CF_USER_TEXT_ENCODING=0x1F5:0x0:0x0 /Users/mafu/miniforge3/envs/ros_env/bin/python3.10 -W ignore:setup.py install is deprecated setup.py egg_info --egg-base ../../build/cpmr_ch11 build --build-base /Users/mafu/Desktop/robotics/Lab8/ros2_ws/build/cpmr_ch11/build install --record /Users/mafu/Desktop/robotics/Lab8/ros2_ws/build/cpmr_ch11/install.log --single-version-externally-managed install_data[0m
[7.918s] [34mcolcon.colcon_core.environment[0m [1;30mLevel 1[0m checking '/Users/mafu/Desktop/robotics/Lab8/ros2_ws/install/cpmr_ch11' for CMake config files
[7.919s] [34mcolcon.colcon_core.environment[0m [1;30mLevel 1[0m checking '/Users/mafu/Desktop/robotics/Lab8/ros2_ws/install/cpmr_ch11/lib'
[7.919s] [34mcolcon.colcon_core.environment[0m [1;30mLevel 1[0m checking '/Users/mafu/Desktop/robotics/Lab8/ros2_ws/install/cpmr_ch11/bin'
[7.919s] [34mcolcon.colcon_core.environment[0m [1;30mLevel 1[0m checking '/Users/mafu/Desktop/robotics/Lab8/ros2_ws/install/cpmr_ch11/lib/pkgconfig/cpmr_ch11.pc'
[7.920s] [34mcolcon.colcon_core.environment[0m [1;30mLevel 1[0m checking '/Users/mafu/Desktop/robotics/Lab8/ros2_ws/install/cpmr_ch11/lib/python3.10/site-packages'
[7.920s] [34mcolcon.colcon_core.shell[0m [1;30mLevel 1[0m create_environment_hook('cpmr_ch11', 'pythonpath')
[7.920s] [34mcolcon.colcon_core.shell[0m [1;30mINFO[0m Creating environment hook '/Users/mafu/Desktop/robotics/Lab8/ros2_ws/install/cpmr_ch11/share/cpmr_ch11/hook/pythonpath.ps1'
[7.921s] [34mcolcon.colcon_core.shell[0m [1;30mINFO[0m Creating environment descriptor '/Users/mafu/Desktop/robotics/Lab8/ros2_ws/install/cpmr_ch11/share/cpmr_ch11/hook/pythonpath.dsv'
[7.922s] [34mcolcon.colcon_core.shell[0m [1;30mINFO[0m Creating environment hook '/Users/mafu/Desktop/robotics/Lab8/ros2_ws/install/cpmr_ch11/share/cpmr_ch11/hook/pythonpath.sh'
[7.923s] [34mcolcon.colcon_core.environment[0m [1;30mLevel 1[0m checking '/Users/mafu/Desktop/robotics/Lab8/ros2_ws/install/cpmr_ch11/bin'
[7.923s] [34mcolcon.colcon_core.environment[0m [1;30mLevel 1[0m create_environment_scripts_only(cpmr_ch11)
[7.923s] [34mcolcon.colcon_core.shell[0m [1;30mINFO[0m Creating package script '/Users/mafu/Desktop/robotics/Lab8/ros2_ws/install/cpmr_ch11/share/cpmr_ch11/package.ps1'
[7.924s] [34mcolcon.colcon_core.shell[0m [1;30mINFO[0m Creating package descriptor '/Users/mafu/Desktop/robotics/Lab8/ros2_ws/install/cpmr_ch11/share/cpmr_ch11/package.dsv'
[7.924s] [34mcolcon.colcon_core.shell[0m [1;30mINFO[0m Creating package script '/Users/mafu/Desktop/robotics/Lab8/ros2_ws/install/cpmr_ch11/share/cpmr_ch11/package.sh'
[7.925s] [34mcolcon.colcon_core.shell[0m [1;30mINFO[0m Creating package script '/Users/mafu/Desktop/robotics/Lab8/ros2_ws/install/cpmr_ch11/share/cpmr_ch11/package.bash'
[7.925s] [34mcolcon.colcon_core.shell[0m [1;30mINFO[0m Creating package script '/Users/mafu/Desktop/robotics/Lab8/ros2_ws/install/cpmr_ch11/share/cpmr_ch11/package.zsh'
[7.926s] [34mcolcon.colcon_core.environment[0m [1;30mLevel 1[0m create_file_with_runtime_dependencies(/Users/mafu/Desktop/robotics/Lab8/ros2_ws/install/cpmr_ch11/share/colcon-core/packages/cpmr_ch11)
[7.927s] [34mcolcon.colcon_core.environment[0m [1;30mLevel 1[0m checking '/Users/mafu/Desktop/robotics/Lab8/ros2_ws/install/cpmr_ch5' for CMake module files
[7.929s] [34mcolcon.colcon_core.event_handler.log_command[0m [1;30mDEBUG[0m [32mInvoked command in '/Users/mafu/Desktop/robotics/Lab8/ros2_ws/src/cpmr_ch5' returned '0': CONDA_PROMPT_MODIFIER=(ros_env) PYTHONPATH=/Users/mafu/Desktop/robotics/Lab8/ros2_ws/build/cpmr_ch5/prefix_override:/Users/mafu/miniforge3/envs/ros_env/lib/python3.10/site-packages/colcon_core/task/python/colcon_distutils_commands:/Users/mafu/Desktop/robotics/Lab8/ros2_ws/install/cpmr_ch5/lib/python3.10/site-packages:${PYTHONPATH} SHLVL=2 _=/Users/mafu/miniforge3/envs/ros_env/bin/env __CF_USER_TEXT_ENCODING=0x1F5:0x0:0x0 /Users/mafu/miniforge3/envs/ros_env/bin/python3.10 -W ignore:setup.py install is deprecated setup.py egg_info --egg-base ../../build/cpmr_ch5 build --build-base /Users/mafu/Desktop/robotics/Lab8/ros2_ws/build/cpmr_ch5/build install --record /Users/mafu/Desktop/robotics/Lab8/ros2_ws/build/cpmr_ch5/install.log --single-version-externally-managed install_data[0m
[7.929s] [34mcolcon.colcon_core.environment[0m [1;30mLevel 1[0m checking '/Users/mafu/Desktop/robotics/Lab8/ros2_ws/install/cpmr_ch5' for CMake config files
[7.930s] [34mcolcon.colcon_core.environment[0m [1;30mLevel 1[0m checking '/Users/mafu/Desktop/robotics/Lab8/ros2_ws/install/cpmr_ch5/lib'
[7.930s] [34mcolcon.colcon_core.environment[0m [1;30mLevel 1[0m checking '/Users/mafu/Desktop/robotics/Lab8/ros2_ws/install/cpmr_ch5/bin'
[7.931s] [34mcolcon.colcon_core.environment[0m [1;30mLevel 1[0m checking '/Users/mafu/Desktop/robotics/Lab8/ros2_ws/install/cpmr_ch5/lib/pkgconfig/cpmr_ch5.pc'
[7.931s] [34mcolcon.colcon_core.environment[0m [1;30mLevel 1[0m checking '/Users/mafu/Desktop/robotics/Lab8/ros2_ws/install/cpmr_ch5/lib/python3.10/site-packages'
[7.931s] [34mcolcon.colcon_core.shell[0m [1;30mLevel 1[0m create_environment_hook('cpmr_ch5', 'pythonpath')
[7.931s] [34mcolcon.colcon_core.shell[0m [1;30mINFO[0m Creating environment hook '/Users/mafu/Desktop/robotics/Lab8/ros2_ws/install/cpmr_ch5/share/cpmr_ch5/hook/pythonpath.ps1'
[7.932s] [34mcolcon.colcon_core.shell[0m [1;30mINFO[0m Creating environment descriptor '/Users/mafu/Desktop/robotics/Lab8/ros2_ws/install/cpmr_ch5/share/cpmr_ch5/hook/pythonpath.dsv'
[7.935s] [34mcolcon.colcon_core.shell[0m [1;30mINFO[0m Creating environment hook '/Users/mafu/Desktop/robotics/Lab8/ros2_ws/install/cpmr_ch5/share/cpmr_ch5/hook/pythonpath.sh'
[7.938s] [34mcolcon.colcon_core.environment[0m [1;30mLevel 1[0m checking '/Users/mafu/Desktop/robotics/Lab8/ros2_ws/install/cpmr_ch5/bin'
[7.938s] [34mcolcon.colcon_core.environment[0m [1;30mLevel 1[0m create_environment_scripts_only(cpmr_ch5)
[7.939s] [34mcolcon.colcon_core.shell[0m [1;30mINFO[0m Creating package script '/Users/mafu/Desktop/robotics/Lab8/ros2_ws/install/cpmr_ch5/share/cpmr_ch5/package.ps1'
[7.941s] [34mcolcon.colcon_core.shell[0m [1;30mINFO[0m Creating package descriptor '/Users/mafu/Desktop/robotics/Lab8/ros2_ws/install/cpmr_ch5/share/cpmr_ch5/package.dsv'
[7.942s] [34mcolcon.colcon_core.shell[0m [1;30mINFO[0m Creating package script '/Users/mafu/Desktop/robotics/Lab8/ros2_ws/install/cpmr_ch5/share/cpmr_ch5/package.sh'
[7.943s] [34mcolcon.colcon_core.shell[0m [1;30mINFO[0m Creating package script '/Users/mafu/Desktop/robotics/Lab8/ros2_ws/install/cpmr_ch5/share/cpmr_ch5/package.bash'
[7.943s] [34mcolcon.colcon_core.shell[0m [1;30mINFO[0m Creating package script '/Users/mafu/Desktop/robotics/Lab8/ros2_ws/install/cpmr_ch5/share/cpmr_ch5/package.zsh'
[7.943s] [34mcolcon.colcon_core.environment[0m [1;30mLevel 1[0m create_file_with_runtime_dependencies(/Users/mafu/Desktop/robotics/Lab8/ros2_ws/install/cpmr_ch5/share/colcon-core/packages/cpmr_ch5)
[7.945s] [34mcolcon.colcon_core.environment[0m [1;30mLevel 1[0m checking '/Users/mafu/Desktop/robotics/Lab8/ros2_ws/install/cpmr_ch7' for CMake module files
[7.947s] [34mcolcon.colcon_core.event_handler.log_command[0m [1;30mDEBUG[0m [32mInvoked command in '/Users/mafu/Desktop/robotics/Lab8/ros2_ws/src/cpmr_ch7' returned '0': CONDA_PROMPT_MODIFIER=(ros_env) PYTHONPATH=/Users/mafu/Desktop/robotics/Lab8/ros2_ws/build/cpmr_ch7/prefix_override:/Users/mafu/miniforge3/envs/ros_env/lib/python3.10/site-packages/colcon_core/task/python/colcon_distutils_commands:/Users/mafu/Desktop/robotics/Lab8/ros2_ws/install/cpmr_ch7/lib/python3.10/site-packages:${PYTHONPATH} SHLVL=2 _=/Users/mafu/miniforge3/envs/ros_env/bin/env __CF_USER_TEXT_ENCODING=0x1F5:0x0:0x0 /Users/mafu/miniforge3/envs/ros_env/bin/python3.10 -W ignore:setup.py install is deprecated setup.py egg_info --egg-base ../../build/cpmr_ch7 build --build-base /Users/mafu/Desktop/robotics/Lab8/ros2_ws/build/cpmr_ch7/build install --record /Users/mafu/Desktop/robotics/Lab8/ros2_ws/build/cpmr_ch7/install.log --single-version-externally-managed install_data[0m
[7.948s] [34mcolcon.colcon_core.environment[0m [1;30mLevel 1[0m checking '/Users/mafu/Desktop/robotics/Lab8/ros2_ws/install/cpmr_ch7' for CMake config files
[7.949s] [34mcolcon.colcon_core.environment[0m [1;30mLevel 1[0m checking '/Users/mafu/Desktop/robotics/Lab8/ros2_ws/install/cpmr_ch7/lib'
[7.949s] [34mcolcon.colcon_core.environment[0m [1;30mLevel 1[0m checking '/Users/mafu/Desktop/robotics/Lab8/ros2_ws/install/cpmr_ch7/bin'
[7.950s] [34mcolcon.colcon_core.environment[0m [1;30mLevel 1[0m checking '/Users/mafu/Desktop/robotics/Lab8/ros2_ws/install/cpmr_ch7/lib/pkgconfig/cpmr_ch7.pc'
[7.950s] [34mcolcon.colcon_core.environment[0m [1;30mLevel 1[0m checking '/Users/mafu/Desktop/robotics/Lab8/ros2_ws/install/cpmr_ch7/lib/python3.10/site-packages'
[7.950s] [34mcolcon.colcon_core.shell[0m [1;30mLevel 1[0m create_environment_hook('cpmr_ch7', 'pythonpath')
[7.950s] [34mcolcon.colcon_core.shell[0m [1;30mINFO[0m Creating environment hook '/Users/mafu/Desktop/robotics/Lab8/ros2_ws/install/cpmr_ch7/share/cpmr_ch7/hook/pythonpath.ps1'
[7.951s] [34mcolcon.colcon_core.shell[0m [1;30mINFO[0m Creating environment descriptor '/Users/mafu/Desktop/robotics/Lab8/ros2_ws/install/cpmr_ch7/share/cpmr_ch7/hook/pythonpath.dsv'
[7.952s] [34mcolcon.colcon_core.shell[0m [1;30mINFO[0m Creating environment hook '/Users/mafu/Desktop/robotics/Lab8/ros2_ws/install/cpmr_ch7/share/cpmr_ch7/hook/pythonpath.sh'
[7.952s] [34mcolcon.colcon_core.environment[0m [1;30mLevel 1[0m checking '/Users/mafu/Desktop/robotics/Lab8/ros2_ws/install/cpmr_ch7/bin'
[7.952s] [34mcolcon.colcon_core.environment[0m [1;30mLevel 1[0m create_environment_scripts_only(cpmr_ch7)
[7.953s] [34mcolcon.colcon_core.shell[0m [1;30mINFO[0m Creating package script '/Users/mafu/Desktop/robotics/Lab8/ros2_ws/install/cpmr_ch7/share/cpmr_ch7/package.ps1'
[7.953s] [34mcolcon.colcon_core.shell[0m [1;30mINFO[0m Creating package descriptor '/Users/mafu/Desktop/robotics/Lab8/ros2_ws/install/cpmr_ch7/share/cpmr_ch7/package.dsv'
[7.954s] [34mcolcon.colcon_core.shell[0m [1;30mINFO[0m Creating package script '/Users/mafu/Desktop/robotics/Lab8/ros2_ws/install/cpmr_ch7/share/cpmr_ch7/package.sh'
[7.954s] [34mcolcon.colcon_core.shell[0m [1;30mINFO[0m Creating package script '/Users/mafu/Desktop/robotics/Lab8/ros2_ws/install/cpmr_ch7/share/cpmr_ch7/package.bash'
[7.955s] [34mcolcon.colcon_core.shell[0m [1;30mINFO[0m Creating package script '/Users/mafu/Desktop/robotics/Lab8/ros2_ws/install/cpmr_ch7/share/cpmr_ch7/package.zsh'
[7.955s] [34mcolcon.colcon_core.environment[0m [1;30mLevel 1[0m create_file_with_runtime_dependencies(/Users/mafu/Desktop/robotics/Lab8/ros2_ws/install/cpmr_ch7/share/colcon-core/packages/cpmr_ch7)
[7.956s] [34mcolcon.colcon_core.environment[0m [1;30mLevel 1[0m checking '/Users/mafu/Desktop/robotics/Lab8/ros2_ws/install/cpmr_ch6' for CMake module files
[7.957s] [34mcolcon.colcon_core.event_handler.log_command[0m [1;30mDEBUG[0m [32mInvoked command in '/Users/mafu/Desktop/robotics/Lab8/ros2_ws/src/cpmr_ch6' returned '0': CONDA_PROMPT_MODIFIER=(ros_env) PYTHONPATH=/Users/mafu/Desktop/robotics/Lab8/ros2_ws/build/cpmr_ch6/prefix_override:/Users/mafu/miniforge3/envs/ros_env/lib/python3.10/site-packages/colcon_core/task/python/colcon_distutils_commands:/Users/mafu/Desktop/robotics/Lab8/ros2_ws/install/cpmr_ch6/lib/python3.10/site-packages:${PYTHONPATH} SHLVL=2 _=/Users/mafu/miniforge3/envs/ros_env/bin/env __CF_USER_TEXT_ENCODING=0x1F5:0x0:0x0 /Users/mafu/miniforge3/envs/ros_env/bin/python3.10 -W ignore:setup.py install is deprecated setup.py egg_info --egg-base ../../build/cpmr_ch6 build --build-base /Users/mafu/Desktop/robotics/Lab8/ros2_ws/build/cpmr_ch6/build install --record /Users/mafu/Desktop/robotics/Lab8/ros2_ws/build/cpmr_ch6/install.log --single-version-externally-managed install_data[0m
[7.957s] [34mcolcon.colcon_core.environment[0m [1;30mLevel 1[0m checking '/Users/mafu/Desktop/robotics/Lab8/ros2_ws/install/cpmr_ch6' for CMake config files
[7.958s] [34mcolcon.colcon_core.environment[0m [1;30mLevel 1[0m checking '/Users/mafu/Desktop/robotics/Lab8/ros2_ws/install/cpmr_ch6/lib'
[7.958s] [34mcolcon.colcon_core.environment[0m [1;30mLevel 1[0m checking '/Users/mafu/Desktop/robotics/Lab8/ros2_ws/install/cpmr_ch6/bin'
[7.958s] [34mcolcon.colcon_core.environment[0m [1;30mLevel 1[0m checking '/Users/mafu/Desktop/robotics/Lab8/ros2_ws/install/cpmr_ch6/lib/pkgconfig/cpmr_ch6.pc'
[7.958s] [34mcolcon.colcon_core.environment[0m [1;30mLevel 1[0m checking '/Users/mafu/Desktop/robotics/Lab8/ros2_ws/install/cpmr_ch6/lib/python3.10/site-packages'
[7.958s] [34mcolcon.colcon_core.shell[0m [1;30mLevel 1[0m create_environment_hook('cpmr_ch6', 'pythonpath')
[7.958s] [34mcolcon.colcon_core.shell[0m [1;30mINFO[0m Creating environment hook '/Users/mafu/Desktop/robotics/Lab8/ros2_ws/install/cpmr_ch6/share/cpmr_ch6/hook/pythonpath.ps1'
[7.959s] [34mcolcon.colcon_core.shell[0m [1;30mINFO[0m Creating environment descriptor '/Users/mafu/Desktop/robotics/Lab8/ros2_ws/install/cpmr_ch6/share/cpmr_ch6/hook/pythonpath.dsv'
[7.959s] [34mcolcon.colcon_core.shell[0m [1;30mINFO[0m Creating environment hook '/Users/mafu/Desktop/robotics/Lab8/ros2_ws/install/cpmr_ch6/share/cpmr_ch6/hook/pythonpath.sh'
[7.960s] [34mcolcon.colcon_core.environment[0m [1;30mLevel 1[0m checking '/Users/mafu/Desktop/robotics/Lab8/ros2_ws/install/cpmr_ch6/bin'
[7.960s] [34mcolcon.colcon_core.environment[0m [1;30mLevel 1[0m create_environment_scripts_only(cpmr_ch6)
[7.960s] [34mcolcon.colcon_core.shell[0m [1;30mINFO[0m Creating package script '/Users/mafu/Desktop/robotics/Lab8/ros2_ws/install/cpmr_ch6/share/cpmr_ch6/package.ps1'
[7.960s] [34mcolcon.colcon_core.shell[0m [1;30mINFO[0m Creating package descriptor '/Users/mafu/Desktop/robotics/Lab8/ros2_ws/install/cpmr_ch6/share/cpmr_ch6/package.dsv'
[7.961s] [34mcolcon.colcon_core.shell[0m [1;30mINFO[0m Creating package script '/Users/mafu/Desktop/robotics/Lab8/ros2_ws/install/cpmr_ch6/share/cpmr_ch6/package.sh'
[7.962s] [34mcolcon.colcon_core.shell[0m [1;30mINFO[0m Creating package script '/Users/mafu/Desktop/robotics/Lab8/ros2_ws/install/cpmr_ch6/share/cpmr_ch6/package.bash'
[7.963s] [34mcolcon.colcon_core.shell[0m [1;30mINFO[0m Creating package script '/Users/mafu/Desktop/robotics/Lab8/ros2_ws/install/cpmr_ch6/share/cpmr_ch6/package.zsh'
[7.964s] [34mcolcon.colcon_core.environment[0m [1;30mLevel 1[0m create_file_with_runtime_dependencies(/Users/mafu/Desktop/robotics/Lab8/ros2_ws/install/cpmr_ch6/share/colcon-core/packages/cpmr_ch6)
[8.635s] [34mcolcon.colcon_core.event_handler.log_command[0m [1;30mDEBUG[0m [32mInvoking command in '/Users/mafu/Desktop/robotics/Lab8/ros2_ws/src/cpmr_ch8': CONDA_PROMPT_MODIFIER=(ros_env) PYTHONPATH=/Users/mafu/Desktop/robotics/Lab8/ros2_ws/build/cpmr_ch8/prefix_override:/Users/mafu/miniforge3/envs/ros_env/lib/python3.10/site-packages/colcon_core/task/python/colcon_distutils_commands:/Users/mafu/Desktop/robotics/Lab8/ros2_ws/install/cpmr_ch8/lib/python3.10/site-packages:${PYTHONPATH} SHLVL=2 _=/Users/mafu/miniforge3/envs/ros_env/bin/env __CF_USER_TEXT_ENCODING=0x1F5:0x0:0x0 /Users/mafu/miniforge3/envs/ros_env/bin/python3.10 -W ignore:setup.py install is deprecated setup.py egg_info --egg-base ../../build/cpmr_ch8 build --build-base /Users/mafu/Desktop/robotics/Lab8/ros2_ws/build/cpmr_ch8/build install --record /Users/mafu/Desktop/robotics/Lab8/ros2_ws/build/cpmr_ch8/install.log --single-version-externally-managed install_data[0m
[9.616s] [34mcolcon.colcon_core.environment[0m [1;30mLevel 1[0m checking '/Users/mafu/Desktop/robotics/Lab8/ros2_ws/install/cpmr_ch8' for CMake module files
[9.616s] [34mcolcon.colcon_core.event_handler.log_command[0m [1;30mDEBUG[0m [32mInvoked command in '/Users/mafu/Desktop/robotics/Lab8/ros2_ws/src/cpmr_ch8' returned '0': CONDA_PROMPT_MODIFIER=(ros_env) PYTHONPATH=/Users/mafu/Desktop/robotics/Lab8/ros2_ws/build/cpmr_ch8/prefix_override:/Users/mafu/miniforge3/envs/ros_env/lib/python3.10/site-packages/colcon_core/task/python/colcon_distutils_commands:/Users/mafu/Desktop/robotics/Lab8/ros2_ws/install/cpmr_ch8/lib/python3.10/site-packages:${PYTHONPATH} SHLVL=2 _=/Users/mafu/miniforge3/envs/ros_env/bin/env __CF_USER_TEXT_ENCODING=0x1F5:0x0:0x0 /Users/mafu/miniforge3/envs/ros_env/bin/python3.10 -W ignore:setup.py install is deprecated setup.py egg_info --egg-base ../../build/cpmr_ch8 build --build-base /Users/mafu/Desktop/robotics/Lab8/ros2_ws/build/cpmr_ch8/build install --record /Users/mafu/Desktop/robotics/Lab8/ros2_ws/build/cpmr_ch8/install.log --single-version-externally-managed install_data[0m
[9.616s] [34mcolcon.colcon_core.environment[0m [1;30mLevel 1[0m checking '/Users/mafu/Desktop/robotics/Lab8/ros2_ws/install/cpmr_ch8' for CMake config files
[9.617s] [34mcolcon.colcon_core.environment[0m [1;30mLevel 1[0m checking '/Users/mafu/Desktop/robotics/Lab8/ros2_ws/install/cpmr_ch8/lib'
[9.617s] [34mcolcon.colcon_core.environment[0m [1;30mLevel 1[0m checking '/Users/mafu/Desktop/robotics/Lab8/ros2_ws/install/cpmr_ch8/bin'
[9.617s] [34mcolcon.colcon_core.environment[0m [1;30mLevel 1[0m checking '/Users/mafu/Desktop/robotics/Lab8/ros2_ws/install/cpmr_ch8/lib/pkgconfig/cpmr_ch8.pc'
[9.617s] [34mcolcon.colcon_core.environment[0m [1;30mLevel 1[0m checking '/Users/mafu/Desktop/robotics/Lab8/ros2_ws/install/cpmr_ch8/lib/python3.10/site-packages'
[9.617s] [34mcolcon.colcon_core.shell[0m [1;30mLevel 1[0m create_environment_hook('cpmr_ch8', 'pythonpath')
[9.617s] [34mcolcon.colcon_core.shell[0m [1;30mINFO[0m Creating environment hook '/Users/mafu/Desktop/robotics/Lab8/ros2_ws/install/cpmr_ch8/share/cpmr_ch8/hook/pythonpath.ps1'
[9.618s] [34mcolcon.colcon_core.shell[0m [1;30mINFO[0m Creating environment descriptor '/Users/mafu/Desktop/robotics/Lab8/ros2_ws/install/cpmr_ch8/share/cpmr_ch8/hook/pythonpath.dsv'
[9.618s] [34mcolcon.colcon_core.shell[0m [1;30mINFO[0m Creating environment hook '/Users/mafu/Desktop/robotics/Lab8/ros2_ws/install/cpmr_ch8/share/cpmr_ch8/hook/pythonpath.sh'
[9.618s] [34mcolcon.colcon_core.environment[0m [1;30mLevel 1[0m checking '/Users/mafu/Desktop/robotics/Lab8/ros2_ws/install/cpmr_ch8/bin'
[9.618s] [34mcolcon.colcon_core.environment[0m [1;30mLevel 1[0m create_environment_scripts_only(cpmr_ch8)
[9.619s] [34mcolcon.colcon_core.shell[0m [1;30mINFO[0m Creating package script '/Users/mafu/Desktop/robotics/Lab8/ros2_ws/install/cpmr_ch8/share/cpmr_ch8/package.ps1'
[9.619s] [34mcolcon.colcon_core.shell[0m [1;30mINFO[0m Creating package descriptor '/Users/mafu/Desktop/robotics/Lab8/ros2_ws/install/cpmr_ch8/share/cpmr_ch8/package.dsv'
[9.619s] [34mcolcon.colcon_core.shell[0m [1;30mINFO[0m Creating package script '/Users/mafu/Desktop/robotics/Lab8/ros2_ws/install/cpmr_ch8/share/cpmr_ch8/package.sh'
[9.620s] [34mcolcon.colcon_core.shell[0m [1;30mINFO[0m Creating package script '/Users/mafu/Desktop/robotics/Lab8/ros2_ws/install/cpmr_ch8/share/cpmr_ch8/package.bash'
[9.620s] [34mcolcon.colcon_core.shell[0m [1;30mINFO[0m Creating package script '/Users/mafu/Desktop/robotics/Lab8/ros2_ws/install/cpmr_ch8/share/cpmr_ch8/package.zsh'
[9.620s] [34mcolcon.colcon_core.environment[0m [1;30mLevel 1[0m create_file_with_runtime_dependencies(/Users/mafu/Desktop/robotics/Lab8/ros2_ws/install/cpmr_ch8/share/colcon-core/packages/cpmr_ch8)
[9.620s] [34mcolcon.colcon_parallel_executor.executor.parallel[0m [1;30mDEBUG[0m [32mclosing loop[0m
[9.621s] [34mcolcon.colcon_parallel_executor.executor.parallel[0m [1;30mDEBUG[0m [32mloop closed[0m
[9.621s] [34mcolcon.colcon_parallel_executor.executor.parallel[0m [1;30mDEBUG[0m [32mrun_until_complete finished with '0'[0m
[9.621s] [34mcolcon.colcon_core.event_reactor[0m [1;30mDEBUG[0m [32mjoining thread[0m
[9.621s] [34mcolcon.colcon_core.event_reactor[0m [1;30mDEBUG[0m [32mjoined thread[0m
[9.621s] [34mcolcon.colcon_core.shell[0m [1;30mINFO[0m Creating prefix script '/Users/mafu/Desktop/robotics/Lab8/ros2_ws/install/local_setup.ps1'
[9.622s] [34mcolcon.colcon_core.shell[0m [1;30mINFO[0m Creating prefix util module '/Users/mafu/Desktop/robotics/Lab8/ros2_ws/install/_local_setup_util_ps1.py'
[9.623s] [34mcolcon.colcon_core.shell[0m [1;30mINFO[0m Creating prefix chain script '/Users/mafu/Desktop/robotics/Lab8/ros2_ws/install/setup.ps1'
[9.624s] [34mcolcon.colcon_core.shell[0m [1;30mINFO[0m Creating prefix script '/Users/mafu/Desktop/robotics/Lab8/ros2_ws/install/local_setup.sh'
[9.625s] [34mcolcon.colcon_core.shell[0m [1;30mINFO[0m Creating prefix util module '/Users/mafu/Desktop/robotics/Lab8/ros2_ws/install/_local_setup_util_sh.py'
[9.625s] [34mcolcon.colcon_core.shell[0m [1;30mINFO[0m Creating prefix chain script '/Users/mafu/Desktop/robotics/Lab8/ros2_ws/install/setup.sh'
[9.626s] [34mcolcon.colcon_core.shell[0m [1;30mINFO[0m Creating prefix script '/Users/mafu/Desktop/robotics/Lab8/ros2_ws/install/local_setup.bash'
[9.627s] [34mcolcon.colcon_core.shell[0m [1;30mINFO[0m Creating prefix chain script '/Users/mafu/Desktop/robotics/Lab8/ros2_ws/install/setup.bash'
[9.627s] [34mcolcon.colcon_core.shell[0m [1;30mINFO[0m Creating prefix script '/Users/mafu/Desktop/robotics/Lab8/ros2_ws/install/local_setup.zsh'
[9.628s] [34mcolcon.colcon_core.shell[0m [1;30mINFO[0m Creating prefix chain script '/Users/mafu/Desktop/robotics/Lab8/ros2_ws/install/setup.zsh'
