[4.818s] Invoking command in '/Users/mafu/Library/CloudStorage/GoogleDrive-mafu@my.yorku.ca/Other computers/My Laptop/E:/0.2 Fall 2024/EECS_4421_Robotics/Labs/Lab2/CPMR3/ros2_ws/src/cpmr_apb': CONDA_PROMPT_MODIFIER=(ros2) PYTHONPATH=/Users/mafu/Library/CloudStorage/GoogleDrive-mafu@my.yorku.ca/Other computers/My Laptop/E:/0.2 Fall 2024/EECS_4421_Robotics/Labs/Lab2/CPMR3/ros2_ws/build/cpmr_apb/prefix_override:/Users/mafu/miniforge3/envs/ros2/lib/python3.10/site-packages/colcon_core/task/python/colcon_distutils_commands:/Users/mafu/Library/CloudStorage/GoogleDrive-mafu@my.yorku.ca/Other computers/My Laptop/E:/0.2 Fall 2024/EECS_4421_Robotics/Labs/Lab2/CPMR3/ros2_ws/install/cpmr_apb/lib/python3.10/site-packages:${PYTHONPATH} SHLVL=2 _=/Users/mafu/miniforge3/envs/ros2/bin/env __CF_USER_TEXT_ENCODING=0x1F5:0x0:0x52 /Users/mafu/miniforge3/envs/ros2/bin/python3.10 -W ignore:setup.py install is deprecated setup.py egg_info --egg-base ../../build/cpmr_apb build --build-base /Users/mafu/Library/CloudStorage/GoogleDrive-mafu@my.yorku.ca/Other computers/My Laptop/E:/0.2 Fall 2024/EECS_4421_Robotics/Labs/Lab2/CPMR3/ros2_ws/build/cpmr_apb/build install --record /Users/mafu/Library/CloudStorage/GoogleDrive-mafu@my.yorku.ca/Other computers/My Laptop/E:/0.2 Fall 2024/EECS_4421_Robotics/Labs/Lab2/CPMR3/ros2_ws/build/cpmr_apb/install.log --single-version-externally-managed install_data
[5.763s] running egg_info
[5.815s] writing ../../build/cpmr_apb/cpmr_apb.egg-info/PKG-INFO
[5.859s] writing dependency_links to ../../build/cpmr_apb/cpmr_apb.egg-info/dependency_links.txt
[6.038s] writing entry points to ../../build/cpmr_apb/cpmr_apb.egg-info/entry_points.txt
[6.133s] writing requirements to ../../build/cpmr_apb/cpmr_apb.egg-info/requires.txt
[6.183s] writing top-level names to ../../build/cpmr_apb/cpmr_apb.egg-info/top_level.txt
[6.263s] reading manifest file '../../build/cpmr_apb/cpmr_apb.egg-info/SOURCES.txt'
[6.264s] writing manifest file '../../build/cpmr_apb/cpmr_apb.egg-info/SOURCES.txt'
[6.264s] running build
[6.264s] running build_py
[6.265s] running install
[6.268s] running install_lib
[6.340s] creating /Users/mafu/miniforge3/envs/ros2/lib/python3.10/site-packages/cpmr_apb
[6.341s] copying /Users/mafu/Library/CloudStorage/GoogleDrive-mafu@my.yorku.ca/Other computers/My Laptop/E:/0.2 Fall 2024/EECS_4421_Robotics/Labs/Lab2/CPMR3/ros2_ws/build/cpmr_apb/build/lib/cpmr_apb/depopulate.py -> /Users/mafu/miniforge3/envs/ros2/lib/python3.10/site-packages/cpmr_apb
[6.342s] copying /Users/mafu/Library/CloudStorage/GoogleDrive-mafu@my.yorku.ca/Other computers/My Laptop/E:/0.2 Fall 2024/EECS_4421_Robotics/Labs/Lab2/CPMR3/ros2_ws/build/cpmr_apb/build/lib/cpmr_apb/__init__.py -> /Users/mafu/miniforge3/envs/ros2/lib/python3.10/site-packages/cpmr_apb
[6.342s] copying /Users/mafu/Library/CloudStorage/GoogleDrive-mafu@my.yorku.ca/Other computers/My Laptop/E:/0.2 Fall 2024/EECS_4421_Robotics/Labs/Lab2/CPMR3/ros2_ws/build/cpmr_apb/build/lib/cpmr_apb/populate.py -> /Users/mafu/miniforge3/envs/ros2/lib/python3.10/site-packages/cpmr_apb
[6.343s] byte-compiling /Users/mafu/miniforge3/envs/ros2/lib/python3.10/site-packages/cpmr_apb/depopulate.py to depopulate.cpython-310.pyc
[6.344s] byte-compiling /Users/mafu/miniforge3/envs/ros2/lib/python3.10/site-packages/cpmr_apb/__init__.py to __init__.cpython-310.pyc
[6.344s] byte-compiling /Users/mafu/miniforge3/envs/ros2/lib/python3.10/site-packages/cpmr_apb/populate.py to populate.cpython-310.pyc
[6.344s] running install_data
[6.344s] copying resource/cpmr_apb -> /Users/mafu/miniforge3/envs/ros2/share/ament_index/resource_index/packages
[6.345s] creating /Users/mafu/miniforge3/envs/ros2/share/cpmr_apb
[6.345s] copying package.xml -> /Users/mafu/miniforge3/envs/ros2/share/cpmr_apb
[6.345s] copying launch/gazebo.launch.py -> /Users/mafu/miniforge3/envs/ros2/share/cpmr_apb
[6.345s] copying urdf/blockrobot.urdf -> /Users/mafu/miniforge3/envs/ros2/share/cpmr_apb
[6.345s] running install_egg_info
[6.428s] Copying ../../build/cpmr_apb/cpmr_apb.egg-info to /Users/mafu/miniforge3/envs/ros2/lib/python3.10/site-packages/cpmr_apb-3.1.0-py3.10.egg-info
[6.429s] running install_scripts
[7.053s] Installing depopulate_world script to /Users/mafu/miniforge3/envs/ros2/lib/cpmr_apb
[7.053s] Installing populate_world script to /Users/mafu/miniforge3/envs/ros2/lib/cpmr_apb
[7.054s] writing list of installed files to '/Users/mafu/Library/CloudStorage/GoogleDrive-mafu@my.yorku.ca/Other computers/My Laptop/E:/0.2 Fall 2024/EECS_4421_Robotics/Labs/Lab2/CPMR3/ros2_ws/build/cpmr_apb/install.log'
[7.066s] Invoked command in '/Users/mafu/Library/CloudStorage/GoogleDrive-mafu@my.yorku.ca/Other computers/My Laptop/E:/0.2 Fall 2024/EECS_4421_Robotics/Labs/Lab2/CPMR3/ros2_ws/src/cpmr_apb' returned '0': CONDA_PROMPT_MODIFIER=(ros2) PYTHONPATH=/Users/mafu/Library/CloudStorage/GoogleDrive-mafu@my.yorku.ca/Other computers/My Laptop/E:/0.2 Fall 2024/EECS_4421_Robotics/Labs/Lab2/CPMR3/ros2_ws/build/cpmr_apb/prefix_override:/Users/mafu/miniforge3/envs/ros2/lib/python3.10/site-packages/colcon_core/task/python/colcon_distutils_commands:/Users/mafu/Library/CloudStorage/GoogleDrive-mafu@my.yorku.ca/Other computers/My Laptop/E:/0.2 Fall 2024/EECS_4421_Robotics/Labs/Lab2/CPMR3/ros2_ws/install/cpmr_apb/lib/python3.10/site-packages:${PYTHONPATH} SHLVL=2 _=/Users/mafu/miniforge3/envs/ros2/bin/env __CF_USER_TEXT_ENCODING=0x1F5:0x0:0x52 /Users/mafu/miniforge3/envs/ros2/bin/python3.10 -W ignore:setup.py install is deprecated setup.py egg_info --egg-base ../../build/cpmr_apb build --build-base /Users/mafu/Library/CloudStorage/GoogleDrive-mafu@my.yorku.ca/Other computers/My Laptop/E:/0.2 Fall 2024/EECS_4421_Robotics/Labs/Lab2/CPMR3/ros2_ws/build/cpmr_apb/build install --record /Users/mafu/Library/CloudStorage/GoogleDrive-mafu@my.yorku.ca/Other computers/My Laptop/E:/0.2 Fall 2024/EECS_4421_Robotics/Labs/Lab2/CPMR3/ros2_ws/build/cpmr_apb/install.log --single-version-externally-managed install_data
