[2.116s] Invoking command in '/Users/mafu/Library/CloudStorage/GoogleDrive-mafu@my.yorku.ca/Other computers/My Laptop/E:/0.2 Fall 2024/EECS_4421_Robotics/Labs/Lab2/CPMR3/ros2_ws/src/cpmr_ch11': CONDA_PROMPT_MODIFIER=(ros2) PYTHONPATH=/Users/mafu/Library/CloudStorage/GoogleDrive-mafu@my.yorku.ca/Other computers/My Laptop/E:/0.2 Fall 2024/EECS_4421_Robotics/Labs/Lab2/CPMR3/ros2_ws/build/cpmr_ch11/prefix_override:/opt/miniconda3/envs/ros2/lib/python3.11/site-packages/colcon_core/task/python/colcon_distutils_commands:/Users/mafu/Library/CloudStorage/GoogleDrive-mafu@my.yorku.ca/Other computers/My Laptop/E:/0.2 Fall 2024/EECS_4421_Robotics/Labs/Lab2/CPMR3/ros2_ws/install/cpmr_ch11/lib/python3.11/site-packages:${PYTHONPATH} SHLVL=2 _=/opt/miniconda3/envs/ros2/bin/env __CF_USER_TEXT_ENCODING=0x1F5:0x0:0x52 /opt/miniconda3/envs/ros2/bin/python3.11 -W ignore:setup.py install is deprecated setup.py egg_info --egg-base ../../build/cpmr_ch11 build --build-base /Users/mafu/Library/CloudStorage/GoogleDrive-mafu@my.yorku.ca/Other computers/My Laptop/E:/0.2 Fall 2024/EECS_4421_Robotics/Labs/Lab2/CPMR3/ros2_ws/build/cpmr_ch11/build install --record /Users/mafu/Library/CloudStorage/GoogleDrive-mafu@my.yorku.ca/Other computers/My Laptop/E:/0.2 Fall 2024/EECS_4421_Robotics/Labs/Lab2/CPMR3/ros2_ws/build/cpmr_ch11/install.log --single-version-externally-managed install_data
[2.304s] /opt/miniconda3/envs/ros2/lib/python3.11/site-packages/setuptools/_distutils/dist.py:261: UserWarning: Unknown distribution option: 'tests_require'
[2.304s]   warnings.warn(msg)
[2.447s] running egg_info
[2.473s] writing ../../build/cpmr_ch11/cpmr_ch11.egg-info/PKG-INFO
[2.474s] writing dependency_links to ../../build/cpmr_ch11/cpmr_ch11.egg-info/dependency_links.txt
[2.475s] deleting ../../build/cpmr_ch11/cpmr_ch11.egg-info/entry_points.txt
[2.475s] writing requirements to ../../build/cpmr_ch11/cpmr_ch11.egg-info/requires.txt
[2.475s] writing top-level names to ../../build/cpmr_ch11/cpmr_ch11.egg-info/top_level.txt
[2.521s] reading manifest file '../../build/cpmr_ch11/cpmr_ch11.egg-info/SOURCES.txt'
[2.522s] writing manifest file '../../build/cpmr_ch11/cpmr_ch11.egg-info/SOURCES.txt'
[2.522s] running build
[2.523s] running build_py
[2.525s] running install
[2.529s] running install_lib
[2.546s] creating /opt/miniconda3/envs/ros2/lib/python3.11/site-packages/cpmr_ch11
[2.546s] copying /Users/mafu/Library/CloudStorage/GoogleDrive-mafu@my.yorku.ca/Other computers/My Laptop/E:/0.2 Fall 2024/EECS_4421_Robotics/Labs/Lab2/CPMR3/ros2_ws/build/cpmr_ch11/build/lib/cpmr_ch11/__init__.py -> /opt/miniconda3/envs/ros2/lib/python3.11/site-packages/cpmr_ch11
[2.547s] byte-compiling /opt/miniconda3/envs/ros2/lib/python3.11/site-packages/cpmr_ch11/__init__.py to __init__.cpython-311.pyc
[2.547s] running install_data
[2.547s] copying resource/cpmr_ch11 -> /opt/miniconda3/envs/ros2/share/ament_index/resource_index/packages
[2.547s] creating /opt/miniconda3/envs/ros2/share/cpmr_ch11
[2.548s] copying package.xml -> /opt/miniconda3/envs/ros2/share/cpmr_ch11
[2.548s] copying launch/chairs.launch.py -> /opt/miniconda3/envs/ros2/share/cpmr_ch11
[2.548s] copying urdf/wheelchair.urdf.xacro -> /opt/miniconda3/envs/ros2/share/cpmr_ch11
[2.549s] copying urdf/emptychair.obj -> /opt/miniconda3/envs/ros2/share/cpmr_ch11
[2.550s] copying urdf/emptychair.obj.orig -> /opt/miniconda3/envs/ros2/share/cpmr_ch11
[2.550s] copying urdf/colors.xacro -> /opt/miniconda3/envs/ros2/share/cpmr_ch11
[2.551s] running install_egg_info
[2.582s] Copying ../../build/cpmr_ch11/cpmr_ch11.egg-info to /opt/miniconda3/envs/ros2/lib/python3.11/site-packages/cpmr_ch11-0.3.1-py3.11.egg-info
[2.587s] running install_scripts
[2.918s] writing list of installed files to '/Users/mafu/Library/CloudStorage/GoogleDrive-mafu@my.yorku.ca/Other computers/My Laptop/E:/0.2 Fall 2024/EECS_4421_Robotics/Labs/Lab2/CPMR3/ros2_ws/build/cpmr_ch11/install.log'
[2.937s] Invoked command in '/Users/mafu/Library/CloudStorage/GoogleDrive-mafu@my.yorku.ca/Other computers/My Laptop/E:/0.2 Fall 2024/EECS_4421_Robotics/Labs/Lab2/CPMR3/ros2_ws/src/cpmr_ch11' returned '0': CONDA_PROMPT_MODIFIER=(ros2) PYTHONPATH=/Users/mafu/Library/CloudStorage/GoogleDrive-mafu@my.yorku.ca/Other computers/My Laptop/E:/0.2 Fall 2024/EECS_4421_Robotics/Labs/Lab2/CPMR3/ros2_ws/build/cpmr_ch11/prefix_override:/opt/miniconda3/envs/ros2/lib/python3.11/site-packages/colcon_core/task/python/colcon_distutils_commands:/Users/mafu/Library/CloudStorage/GoogleDrive-mafu@my.yorku.ca/Other computers/My Laptop/E:/0.2 Fall 2024/EECS_4421_Robotics/Labs/Lab2/CPMR3/ros2_ws/install/cpmr_ch11/lib/python3.11/site-packages:${PYTHONPATH} SHLVL=2 _=/opt/miniconda3/envs/ros2/bin/env __CF_USER_TEXT_ENCODING=0x1F5:0x0:0x52 /opt/miniconda3/envs/ros2/bin/python3.11 -W ignore:setup.py install is deprecated setup.py egg_info --egg-base ../../build/cpmr_ch11 build --build-base /Users/mafu/Library/CloudStorage/GoogleDrive-mafu@my.yorku.ca/Other computers/My Laptop/E:/0.2 Fall 2024/EECS_4421_Robotics/Labs/Lab2/CPMR3/ros2_ws/build/cpmr_ch11/build install --record /Users/mafu/Library/CloudStorage/GoogleDrive-mafu@my.yorku.ca/Other computers/My Laptop/E:/0.2 Fall 2024/EECS_4421_Robotics/Labs/Lab2/CPMR3/ros2_ws/build/cpmr_ch11/install.log --single-version-externally-managed install_data
