[1.345s] Invoking command in '/Users/mafu/Desktop/EECS_4421_Robotics/Labs/Lab4/CPMR3/ros2_ws/src/cpmr_ch11': CONDA_PROMPT_MODIFIER=(ros2) PYTHONPATH=/Users/mafu/Desktop/EECS_4421_Robotics/Labs/Lab4/CPMR3/ros2_ws/build/cpmr_ch11/prefix_override:/Users/mafu/miniconda3/envs/ros2/lib/python3.11/site-packages/colcon_core/task/python/colcon_distutils_commands:/Users/mafu/Desktop/EECS_4421_Robotics/Labs/Lab4/CPMR3/ros2_ws/install/cpmr_ch11/lib/python3.11/site-packages:${PYTHONPATH} SHLVL=2 _=/Users/mafu/miniconda3/envs/ros2/bin/env __CF_USER_TEXT_ENCODING=0x1F5:0x0:0x52 /Users/mafu/miniconda3/envs/ros2/bin/python3.11 -W ignore:setup.py install is deprecated setup.py egg_info --egg-base ../../build/cpmr_ch11 build --build-base /Users/mafu/Desktop/EECS_4421_Robotics/Labs/Lab4/CPMR3/ros2_ws/build/cpmr_ch11/build install --record /Users/mafu/Desktop/EECS_4421_Robotics/Labs/Lab4/CPMR3/ros2_ws/build/cpmr_ch11/install.log --single-version-externally-managed install_data
[1.591s] running egg_info
[1.592s] creating ../../build/cpmr_ch11/cpmr_ch11.egg-info
[1.592s] writing ../../build/cpmr_ch11/cpmr_ch11.egg-info/PKG-INFO
[1.592s] writing dependency_links to ../../build/cpmr_ch11/cpmr_ch11.egg-info/dependency_links.txt
[1.594s] writing entry points to ../../build/cpmr_ch11/cpmr_ch11.egg-info/entry_points.txt
[1.597s] writing requirements to ../../build/cpmr_ch11/cpmr_ch11.egg-info/requires.txt
[1.598s] writing top-level names to ../../build/cpmr_ch11/cpmr_ch11.egg-info/top_level.txt
[1.598s] writing manifest file '../../build/cpmr_ch11/cpmr_ch11.egg-info/SOURCES.txt'
[1.598s] reading manifest file '../../build/cpmr_ch11/cpmr_ch11.egg-info/SOURCES.txt'
[1.598s] writing manifest file '../../build/cpmr_ch11/cpmr_ch11.egg-info/SOURCES.txt'
[1.598s] running build
[1.598s] running build_py
[1.598s] creating /Users/mafu/Desktop/EECS_4421_Robotics/Labs/Lab4/CPMR3/ros2_ws/build/cpmr_ch11/build
[1.598s] creating /Users/mafu/Desktop/EECS_4421_Robotics/Labs/Lab4/CPMR3/ros2_ws/build/cpmr_ch11/build/lib
[1.598s] creating /Users/mafu/Desktop/EECS_4421_Robotics/Labs/Lab4/CPMR3/ros2_ws/build/cpmr_ch11/build/lib/cpmr_ch11
[1.598s] copying cpmr_ch11/__init__.py -> /Users/mafu/Desktop/EECS_4421_Robotics/Labs/Lab4/CPMR3/ros2_ws/build/cpmr_ch11/build/lib/cpmr_ch11
[1.598s] running install
[1.598s] running install_lib
[1.598s] creating /Users/mafu/Desktop/EECS_4421_Robotics/Labs/Lab4/CPMR3/ros2_ws/install/cpmr_ch11/lib/python3.11/site-packages/cpmr_ch11
[1.598s] copying /Users/mafu/Desktop/EECS_4421_Robotics/Labs/Lab4/CPMR3/ros2_ws/build/cpmr_ch11/build/lib/cpmr_ch11/__init__.py -> /Users/mafu/Desktop/EECS_4421_Robotics/Labs/Lab4/CPMR3/ros2_ws/install/cpmr_ch11/lib/python3.11/site-packages/cpmr_ch11
[1.598s] byte-compiling /Users/mafu/Desktop/EECS_4421_Robotics/Labs/Lab4/CPMR3/ros2_ws/install/cpmr_ch11/lib/python3.11/site-packages/cpmr_ch11/__init__.py to __init__.cpython-311.pyc
[1.598s] running install_data
[1.598s] creating /Users/mafu/Desktop/EECS_4421_Robotics/Labs/Lab4/CPMR3/ros2_ws/install/cpmr_ch11/share/ament_index
[1.598s] creating /Users/mafu/Desktop/EECS_4421_Robotics/Labs/Lab4/CPMR3/ros2_ws/install/cpmr_ch11/share/ament_index/resource_index
[1.598s] creating /Users/mafu/Desktop/EECS_4421_Robotics/Labs/Lab4/CPMR3/ros2_ws/install/cpmr_ch11/share/ament_index/resource_index/packages
[1.598s] copying resource/cpmr_ch11 -> /Users/mafu/Desktop/EECS_4421_Robotics/Labs/Lab4/CPMR3/ros2_ws/install/cpmr_ch11/share/ament_index/resource_index/packages
[1.599s] copying package.xml -> /Users/mafu/Desktop/EECS_4421_Robotics/Labs/Lab4/CPMR3/ros2_ws/install/cpmr_ch11/share/cpmr_ch11
[1.599s] copying launch/chairs.launch.py -> /Users/mafu/Desktop/EECS_4421_Robotics/Labs/Lab4/CPMR3/ros2_ws/install/cpmr_ch11/share/cpmr_ch11
[1.599s] copying urdf/wheelchair.urdf.xacro -> /Users/mafu/Desktop/EECS_4421_Robotics/Labs/Lab4/CPMR3/ros2_ws/install/cpmr_ch11/share/cpmr_ch11
[1.599s] copying urdf/emptychair.obj -> /Users/mafu/Desktop/EECS_4421_Robotics/Labs/Lab4/CPMR3/ros2_ws/install/cpmr_ch11/share/cpmr_ch11
[1.600s] copying urdf/emptychair.obj.orig -> /Users/mafu/Desktop/EECS_4421_Robotics/Labs/Lab4/CPMR3/ros2_ws/install/cpmr_ch11/share/cpmr_ch11
[1.600s] copying urdf/colors.xacro -> /Users/mafu/Desktop/EECS_4421_Robotics/Labs/Lab4/CPMR3/ros2_ws/install/cpmr_ch11/share/cpmr_ch11
[1.603s] running install_egg_info
[1.603s] Copying ../../build/cpmr_ch11/cpmr_ch11.egg-info to /Users/mafu/Desktop/EECS_4421_Robotics/Labs/Lab4/CPMR3/ros2_ws/install/cpmr_ch11/lib/python3.11/site-packages/cpmr_ch11-0.3.1-py3.11.egg-info
[1.608s] running install_scripts
[1.633s] writing list of installed files to '/Users/mafu/Desktop/EECS_4421_Robotics/Labs/Lab4/CPMR3/ros2_ws/build/cpmr_ch11/install.log'
