running egg_info
creating ../../build/cpmr_ch11/cpmr_ch11.egg-info
writing ../../build/cpmr_ch11/cpmr_ch11.egg-info/PKG-INFO
writing dependency_links to ../../build/cpmr_ch11/cpmr_ch11.egg-info/dependency_links.txt
writing requirements to ../../build/cpmr_ch11/cpmr_ch11.egg-info/requires.txt
writing top-level names to ../../build/cpmr_ch11/cpmr_ch11.egg-info/top_level.txt
writing manifest file '../../build/cpmr_ch11/cpmr_ch11.egg-info/SOURCES.txt'
reading manifest file '../../build/cpmr_ch11/cpmr_ch11.egg-info/SOURCES.txt'
writing manifest file '../../build/cpmr_ch11/cpmr_ch11.egg-info/SOURCES.txt'
running build
running build_py
creating /Users/mafu/Desktop/robotics/Lab9/CPMR3/ros2_ws/build/cpmr_ch11/build
creating /Users/mafu/Desktop/robotics/Lab9/CPMR3/ros2_ws/build/cpmr_ch11/build/lib
creating /Users/mafu/Desktop/robotics/Lab9/CPMR3/ros2_ws/build/cpmr_ch11/build/lib/cpmr_ch11
copying cpmr_ch11/__init__.py -> /Users/mafu/Desktop/robotics/Lab9/CPMR3/ros2_ws/build/cpmr_ch11/build/lib/cpmr_ch11
running install
running install_lib
creating /Users/mafu/Desktop/robotics/Lab9/CPMR3/ros2_ws/install/cpmr_ch11/lib/python3.10/site-packages/cpmr_ch11
copying /Users/mafu/Desktop/robotics/Lab9/CPMR3/ros2_ws/build/cpmr_ch11/build/lib/cpmr_ch11/__init__.py -> /Users/mafu/Desktop/robotics/Lab9/CPMR3/ros2_ws/install/cpmr_ch11/lib/python3.10/site-packages/cpmr_ch11
byte-compiling /Users/mafu/Desktop/robotics/Lab9/CPMR3/ros2_ws/install/cpmr_ch11/lib/python3.10/site-packages/cpmr_ch11/__init__.py to __init__.cpython-310.pyc
running install_data
creating /Users/mafu/Desktop/robotics/Lab9/CPMR3/ros2_ws/install/cpmr_ch11/share/ament_index
creating /Users/mafu/Desktop/robotics/Lab9/CPMR3/ros2_ws/install/cpmr_ch11/share/ament_index/resource_index
creating /Users/mafu/Desktop/robotics/Lab9/CPMR3/ros2_ws/install/cpmr_ch11/share/ament_index/resource_index/packages
copying resource/cpmr_ch11 -> /Users/mafu/Desktop/robotics/Lab9/CPMR3/ros2_ws/install/cpmr_ch11/share/ament_index/resource_index/packages
copying package.xml -> /Users/mafu/Desktop/robotics/Lab9/CPMR3/ros2_ws/install/cpmr_ch11/share/cpmr_ch11
copying launch/chairs.launch.py -> /Users/mafu/Desktop/robotics/Lab9/CPMR3/ros2_ws/install/cpmr_ch11/share/cpmr_ch11
copying urdf/wheelchair.urdf.xacro -> /Users/mafu/Desktop/robotics/Lab9/CPMR3/ros2_ws/install/cpmr_ch11/share/cpmr_ch11
copying urdf/emptychair.obj -> /Users/mafu/Desktop/robotics/Lab9/CPMR3/ros2_ws/install/cpmr_ch11/share/cpmr_ch11
copying urdf/emptychair.obj.orig -> /Users/mafu/Desktop/robotics/Lab9/CPMR3/ros2_ws/install/cpmr_ch11/share/cpmr_ch11
copying urdf/colors.xacro -> /Users/mafu/Desktop/robotics/Lab9/CPMR3/ros2_ws/install/cpmr_ch11/share/cpmr_ch11
running install_egg_info
Copying ../../build/cpmr_ch11/cpmr_ch11.egg-info to /Users/mafu/Desktop/robotics/Lab9/CPMR3/ros2_ws/install/cpmr_ch11/lib/python3.10/site-packages/cpmr_ch11-0.3.1-py3.10.egg-info
running install_scripts
writing list of installed files to '/Users/mafu/Desktop/robotics/Lab9/CPMR3/ros2_ws/build/cpmr_ch11/install.log'
