[8.425s] Invoking command in '/Users/mafu/Desktop/robotics/Lab8/ros2_ws/src/cpmr_ch7': CONDA_PROMPT_MODIFIER=(ros_env) PYTHONPATH=/Users/mafu/Desktop/robotics/Lab8/ros2_ws/build/cpmr_ch7/prefix_override:/Users/mafu/miniforge3/envs/ros_env/lib/python3.10/site-packages/colcon_core/task/python/colcon_distutils_commands:/Users/mafu/Desktop/robotics/Lab8/ros2_ws/install/cpmr_ch7/lib/python3.10/site-packages:${PYTHONPATH} SHLVL=2 _=/Users/mafu/miniforge3/envs/ros_env/bin/env __CF_USER_TEXT_ENCODING=0x1F5:0x0:0x0 /Users/mafu/miniforge3/envs/ros_env/bin/python3.10 -W ignore:setup.py install is deprecated setup.py egg_info --egg-base ../../build/cpmr_ch7 build --build-base /Users/mafu/Desktop/robotics/Lab8/ros2_ws/build/cpmr_ch7/build install --record /Users/mafu/Desktop/robotics/Lab8/ros2_ws/build/cpmr_ch7/install.log --single-version-externally-managed install_data
[10.688s] running egg_info
[10.848s] writing ../../build/cpmr_ch7/cpmr_ch7.egg-info/PKG-INFO
[10.963s] writing dependency_links to ../../build/cpmr_ch7/cpmr_ch7.egg-info/dependency_links.txt
[11.286s] writing entry points to ../../build/cpmr_ch7/cpmr_ch7.egg-info/entry_points.txt
[11.536s] writing requirements to ../../build/cpmr_ch7/cpmr_ch7.egg-info/requires.txt
[11.644s] writing top-level names to ../../build/cpmr_ch7/cpmr_ch7.egg-info/top_level.txt
[11.861s] reading manifest file '../../build/cpmr_ch7/cpmr_ch7.egg-info/SOURCES.txt'
[11.863s] writing manifest file '../../build/cpmr_ch7/cpmr_ch7.egg-info/SOURCES.txt'
[11.864s] running build
[11.864s] running build_py
[11.865s] running install
[11.875s] running install_lib
[12.062s] running install_data
[12.062s] running install_egg_info
[12.286s] removing '/Users/mafu/Desktop/robotics/Lab8/ros2_ws/install/cpmr_ch7/lib/python3.10/site-packages/cpmr_ch7-3.1.0-py3.10.egg-info' (and everything under it)
[12.287s] Copying ../../build/cpmr_ch7/cpmr_ch7.egg-info to /Users/mafu/Desktop/robotics/Lab8/ros2_ws/install/cpmr_ch7/lib/python3.10/site-packages/cpmr_ch7-3.1.0-py3.10.egg-info
[12.287s] running install_scripts
[13.236s] Installing build_map script to /Users/mafu/Desktop/robotics/Lab8/ros2_ws/install/cpmr_ch7/lib/cpmr_ch7
[13.236s] writing list of installed files to '/Users/mafu/Desktop/robotics/Lab8/ros2_ws/build/cpmr_ch7/install.log'
[13.289s] Invoked command in '/Users/mafu/Desktop/robotics/Lab8/ros2_ws/src/cpmr_ch7' returned '0': CONDA_PROMPT_MODIFIER=(ros_env) PYTHONPATH=/Users/mafu/Desktop/robotics/Lab8/ros2_ws/build/cpmr_ch7/prefix_override:/Users/mafu/miniforge3/envs/ros_env/lib/python3.10/site-packages/colcon_core/task/python/colcon_distutils_commands:/Users/mafu/Desktop/robotics/Lab8/ros2_ws/install/cpmr_ch7/lib/python3.10/site-packages:${PYTHONPATH} SHLVL=2 _=/Users/mafu/miniforge3/envs/ros_env/bin/env __CF_USER_TEXT_ENCODING=0x1F5:0x0:0x0 /Users/mafu/miniforge3/envs/ros_env/bin/python3.10 -W ignore:setup.py install is deprecated setup.py egg_info --egg-base ../../build/cpmr_ch7 build --build-base /Users/mafu/Desktop/robotics/Lab8/ros2_ws/build/cpmr_ch7/build install --record /Users/mafu/Desktop/robotics/Lab8/ros2_ws/build/cpmr_ch7/install.log --single-version-externally-managed install_data
