[1.176s] Invoking command in '/Users/mafu/Desktop/robotics/Lab8/ros2_ws/src/cpmr_ch8': CONDA_PROMPT_MODIFIER=(ros_env) PYTHONPATH=/Users/mafu/Desktop/robotics/Lab8/ros2_ws/build/cpmr_ch8/prefix_override:/Users/mafu/miniforge3/envs/ros_env/lib/python3.10/site-packages/colcon_core/task/python/colcon_distutils_commands:/Users/mafu/Desktop/robotics/Lab8/ros2_ws/install/cpmr_ch8/lib/python3.10/site-packages:${PYTHONPATH} SHLVL=2 _=/Users/mafu/miniforge3/envs/ros_env/bin/env __CF_USER_TEXT_ENCODING=0x1F5:0x0:0x0 /Users/mafu/miniforge3/envs/ros_env/bin/python3.10 -W ignore:setup.py install is deprecated setup.py egg_info --egg-base ../../build/cpmr_ch8 build --build-base /Users/mafu/Desktop/robotics/Lab8/ros2_ws/build/cpmr_ch8/build install --record /Users/mafu/Desktop/robotics/Lab8/ros2_ws/build/cpmr_ch8/install.log --single-version-externally-managed install_data
[1.725s] running egg_info
[1.762s] writing ../../build/cpmr_ch8/cpmr_ch8.egg-info/PKG-INFO
[1.791s] writing dependency_links to ../../build/cpmr_ch8/cpmr_ch8.egg-info/dependency_links.txt
[1.877s] writing entry points to ../../build/cpmr_ch8/cpmr_ch8.egg-info/entry_points.txt
[1.931s] writing requirements to ../../build/cpmr_ch8/cpmr_ch8.egg-info/requires.txt
[1.958s] writing top-level names to ../../build/cpmr_ch8/cpmr_ch8.egg-info/top_level.txt
[2.006s] reading manifest file '../../build/cpmr_ch8/cpmr_ch8.egg-info/SOURCES.txt'
[2.007s] writing manifest file '../../build/cpmr_ch8/cpmr_ch8.egg-info/SOURCES.txt'
[2.007s] running build
[2.007s] running build_py
[2.008s] copying cpmr_ch8/subsumption.py -> /Users/mafu/Desktop/robotics/Lab8/ros2_ws/build/cpmr_ch8/build/lib/cpmr_ch8
[2.008s] running install
[2.011s] running install_lib
[2.048s] copying /Users/mafu/Desktop/robotics/Lab8/ros2_ws/build/cpmr_ch8/build/lib/cpmr_ch8/subsumption.py -> /Users/mafu/Desktop/robotics/Lab8/ros2_ws/install/cpmr_ch8/lib/python3.10/site-packages/cpmr_ch8
[2.049s] byte-compiling /Users/mafu/Desktop/robotics/Lab8/ros2_ws/install/cpmr_ch8/lib/python3.10/site-packages/cpmr_ch8/subsumption.py to subsumption.cpython-310.pyc
[2.050s] running install_data
[2.050s] running install_egg_info
[2.139s] removing '/Users/mafu/Desktop/robotics/Lab8/ros2_ws/install/cpmr_ch8/lib/python3.10/site-packages/cpmr_ch8-3.1.0-py3.10.egg-info' (and everything under it)
[2.139s] Copying ../../build/cpmr_ch8/cpmr_ch8.egg-info to /Users/mafu/Desktop/robotics/Lab8/ros2_ws/install/cpmr_ch8/lib/python3.10/site-packages/cpmr_ch8-3.1.0-py3.10.egg-info
[2.141s] running install_scripts
[2.253s] Installing fsm script to /Users/mafu/Desktop/robotics/Lab8/ros2_ws/install/cpmr_ch8/lib/cpmr_ch8
[2.253s] Installing subsumption script to /Users/mafu/Desktop/robotics/Lab8/ros2_ws/install/cpmr_ch8/lib/cpmr_ch8
[2.254s] Installing view_camera script to /Users/mafu/Desktop/robotics/Lab8/ros2_ws/install/cpmr_ch8/lib/cpmr_ch8
[2.254s] writing list of installed files to '/Users/mafu/Desktop/robotics/Lab8/ros2_ws/build/cpmr_ch8/install.log'
[2.274s] Invoked command in '/Users/mafu/Desktop/robotics/Lab8/ros2_ws/src/cpmr_ch8' returned '0': CONDA_PROMPT_MODIFIER=(ros_env) PYTHONPATH=/Users/mafu/Desktop/robotics/Lab8/ros2_ws/build/cpmr_ch8/prefix_override:/Users/mafu/miniforge3/envs/ros_env/lib/python3.10/site-packages/colcon_core/task/python/colcon_distutils_commands:/Users/mafu/Desktop/robotics/Lab8/ros2_ws/install/cpmr_ch8/lib/python3.10/site-packages:${PYTHONPATH} SHLVL=2 _=/Users/mafu/miniforge3/envs/ros_env/bin/env __CF_USER_TEXT_ENCODING=0x1F5:0x0:0x0 /Users/mafu/miniforge3/envs/ros_env/bin/python3.10 -W ignore:setup.py install is deprecated setup.py egg_info --egg-base ../../build/cpmr_ch8 build --build-base /Users/mafu/Desktop/robotics/Lab8/ros2_ws/build/cpmr_ch8/build install --record /Users/mafu/Desktop/robotics/Lab8/ros2_ws/build/cpmr_ch8/install.log --single-version-externally-managed install_data
