/Users/mafu/miniforge3/envs/ros2/lib/python3.10/site-packages/cpmr_ch5/aruco_target.py
/Users/mafu/miniforge3/envs/ros2/lib/python3.10/site-packages/cpmr_ch5/opencv_camera.py
/Users/mafu/miniforge3/envs/ros2/lib/python3.10/site-packages/cpmr_ch5/view_camera.py
/Users/mafu/miniforge3/envs/ros2/lib/python3.10/site-packages/cpmr_ch5/good_features.py
/Users/mafu/miniforge3/envs/ros2/lib/python3.10/site-packages/cpmr_ch5/__init__.py
/Users/mafu/miniforge3/envs/ros2/lib/python3.10/site-packages/cpmr_ch5/harris_corners.py
/Users/mafu/miniforge3/envs/ros2/lib/python3.10/site-packages/cpmr_ch5/canny_edges.py
/Users/mafu/miniforge3/envs/ros2/lib/python3.10/site-packages/cpmr_ch5/drive.py
/Users/mafu/miniforge3/envs/ros2/lib/python3.10/site-packages/cpmr_ch5/opencv_camera_calibrated.py
/Users/mafu/miniforge3/envs/ros2/lib/python3.10/site-packages/cpmr_ch5/__pycache__/aruco_target.cpython-310.pyc
/Users/mafu/miniforge3/envs/ros2/lib/python3.10/site-packages/cpmr_ch5/__pycache__/opencv_camera.cpython-310.pyc
/Users/mafu/miniforge3/envs/ros2/lib/python3.10/site-packages/cpmr_ch5/__pycache__/view_camera.cpython-310.pyc
/Users/mafu/miniforge3/envs/ros2/lib/python3.10/site-packages/cpmr_ch5/__pycache__/good_features.cpython-310.pyc
/Users/mafu/miniforge3/envs/ros2/lib/python3.10/site-packages/cpmr_ch5/__pycache__/__init__.cpython-310.pyc
/Users/mafu/miniforge3/envs/ros2/lib/python3.10/site-packages/cpmr_ch5/__pycache__/harris_corners.cpython-310.pyc
/Users/mafu/miniforge3/envs/ros2/lib/python3.10/site-packages/cpmr_ch5/__pycache__/canny_edges.cpython-310.pyc
/Users/mafu/miniforge3/envs/ros2/lib/python3.10/site-packages/cpmr_ch5/__pycache__/drive.cpython-310.pyc
/Users/mafu/miniforge3/envs/ros2/lib/python3.10/site-packages/cpmr_ch5/__pycache__/opencv_camera_calibrated.cpython-310.pyc
/Users/mafu/miniforge3/envs/ros2/share/ament_index/resource_index/packages/cpmr_ch5
/Users/mafu/miniforge3/envs/ros2/share/cpmr_ch5/package.xml
/Users/mafu/miniforge3/envs/ros2/share/cpmr_ch5/camera-robot.launch.py
/Users/mafu/miniforge3/envs/ros2/share/cpmr_ch5/good-features-camera-robot.launch.py
/Users/mafu/miniforge3/envs/ros2/share/cpmr_ch5/aruco-robot.launch.py
/Users/mafu/miniforge3/envs/ros2/share/cpmr_ch5/view-camera-robot.launch.py
/Users/mafu/miniforge3/envs/ros2/share/cpmr_ch5/harris-corners-camera-robot.launch.py
/Users/mafu/miniforge3/envs/ros2/share/cpmr_ch5/canny-edges-camera-robot.launch.py
/Users/mafu/miniforge3/envs/ros2/share/cpmr_ch5/scout-camera.urdf.xacro
/Users/mafu/miniforge3/envs/ros2/share/cpmr_ch5/colors.xacro
/Users/mafu/miniforge3/envs/ros2/lib/python3.10/site-packages/cpmr_ch5-3.1.0-py3.10.egg-info/PKG-INFO
/Users/mafu/miniforge3/envs/ros2/lib/python3.10/site-packages/cpmr_ch5-3.1.0-py3.10.egg-info/zip-safe
/Users/mafu/miniforge3/envs/ros2/lib/python3.10/site-packages/cpmr_ch5-3.1.0-py3.10.egg-info/SOURCES.txt
/Users/mafu/miniforge3/envs/ros2/lib/python3.10/site-packages/cpmr_ch5-3.1.0-py3.10.egg-info/entry_points.txt
/Users/mafu/miniforge3/envs/ros2/lib/python3.10/site-packages/cpmr_ch5-3.1.0-py3.10.egg-info/requires.txt
/Users/mafu/miniforge3/envs/ros2/lib/python3.10/site-packages/cpmr_ch5-3.1.0-py3.10.egg-info/top_level.txt
/Users/mafu/miniforge3/envs/ros2/lib/python3.10/site-packages/cpmr_ch5-3.1.0-py3.10.egg-info/dependency_links.txt
/Users/mafu/miniforge3/envs/ros2/lib/cpmr_ch5/aruco_target
/Users/mafu/miniforge3/envs/ros2/lib/cpmr_ch5/canny_edges
/Users/mafu/miniforge3/envs/ros2/lib/cpmr_ch5/drive
/Users/mafu/miniforge3/envs/ros2/lib/cpmr_ch5/good_features
/Users/mafu/miniforge3/envs/ros2/lib/cpmr_ch5/harris_corners
/Users/mafu/miniforge3/envs/ros2/lib/cpmr_ch5/opencv_camera
/Users/mafu/miniforge3/envs/ros2/lib/cpmr_ch5/opencv_camera_calibrated
/Users/mafu/miniforge3/envs/ros2/lib/cpmr_ch5/view_camera
