[4.601s] Invoking command in '/Users/mafu/Desktop/EECS_4421_Robotics/Labs/Assignment1/CPMR3/ros2_ws/src/cpmr_ch12': CONDA_PROMPT_MODIFIER=(ros2) PYTHONPATH=/Users/mafu/Desktop/EECS_4421_Robotics/Labs/Assignment1/CPMR3/ros2_ws/build/cpmr_ch12/prefix_override:/Users/mafu/miniconda3/envs/ros2/lib/python3.10/site-packages/colcon_core/task/python/colcon_distutils_commands:/Users/mafu/Desktop/EECS_4421_Robotics/Labs/Assignment1/CPMR3/ros2_ws/install/cpmr_ch12/lib/python3.10/site-packages:${PYTHONPATH} SHLVL=2 _=/Users/mafu/miniconda3/envs/ros2/bin/env __CF_USER_TEXT_ENCODING=0x1F5:0x0:0x52 /Users/mafu/miniconda3/envs/ros2/bin/python3.10 -W ignore:setup.py install is deprecated setup.py egg_info --egg-base ../../build/cpmr_ch12 build --build-base /Users/mafu/Desktop/EECS_4421_Robotics/Labs/Assignment1/CPMR3/ros2_ws/build/cpmr_ch12/build install --record /Users/mafu/Desktop/EECS_4421_Robotics/Labs/Assignment1/CPMR3/ros2_ws/build/cpmr_ch12/install.log --single-version-externally-managed install_data
[5.501s] running egg_info
[5.501s] creating ../../build/cpmr_ch12/cpmr_ch12.egg-info
[5.552s] writing ../../build/cpmr_ch12/cpmr_ch12.egg-info/PKG-INFO
[5.639s] writing dependency_links to ../../build/cpmr_ch12/cpmr_ch12.egg-info/dependency_links.txt
[5.948s] writing requirements to ../../build/cpmr_ch12/cpmr_ch12.egg-info/requires.txt
[5.992s] writing top-level names to ../../build/cpmr_ch12/cpmr_ch12.egg-info/top_level.txt
[5.992s] writing manifest file '../../build/cpmr_ch12/cpmr_ch12.egg-info/SOURCES.txt'
[6.080s] reading manifest file '../../build/cpmr_ch12/cpmr_ch12.egg-info/SOURCES.txt'
[6.081s] writing manifest file '../../build/cpmr_ch12/cpmr_ch12.egg-info/SOURCES.txt'
[6.081s] running build
[6.081s] running build_py
[6.081s] creating /Users/mafu/Desktop/EECS_4421_Robotics/Labs/Assignment1/CPMR3/ros2_ws/build/cpmr_ch12/build
[6.081s] creating /Users/mafu/Desktop/EECS_4421_Robotics/Labs/Assignment1/CPMR3/ros2_ws/build/cpmr_ch12/build/lib
[6.081s] creating /Users/mafu/Desktop/EECS_4421_Robotics/Labs/Assignment1/CPMR3/ros2_ws/build/cpmr_ch12/build/lib/cpmr_ch12
[6.082s] copying cpmr_ch12/opencv_camera.py -> /Users/mafu/Desktop/EECS_4421_Robotics/Labs/Assignment1/CPMR3/ros2_ws/build/cpmr_ch12/build/lib/cpmr_ch12
[6.082s] copying cpmr_ch12/yolo_pose.py -> /Users/mafu/Desktop/EECS_4421_Robotics/Labs/Assignment1/CPMR3/ros2_ws/build/cpmr_ch12/build/lib/cpmr_ch12
[6.082s] copying cpmr_ch12/__init__.py -> /Users/mafu/Desktop/EECS_4421_Robotics/Labs/Assignment1/CPMR3/ros2_ws/build/cpmr_ch12/build/lib/cpmr_ch12
[6.082s] running install
[6.082s] running install_lib
[6.148s] creating /Users/mafu/Desktop/EECS_4421_Robotics/Labs/Assignment1/CPMR3/ros2_ws/install/cpmr_ch12/lib/python3.10/site-packages/cpmr_ch12
[6.148s] copying /Users/mafu/Desktop/EECS_4421_Robotics/Labs/Assignment1/CPMR3/ros2_ws/build/cpmr_ch12/build/lib/cpmr_ch12/opencv_camera.py -> /Users/mafu/Desktop/EECS_4421_Robotics/Labs/Assignment1/CPMR3/ros2_ws/install/cpmr_ch12/lib/python3.10/site-packages/cpmr_ch12
[6.152s] copying /Users/mafu/Desktop/EECS_4421_Robotics/Labs/Assignment1/CPMR3/ros2_ws/build/cpmr_ch12/build/lib/cpmr_ch12/yolo_pose.py -> /Users/mafu/Desktop/EECS_4421_Robotics/Labs/Assignment1/CPMR3/ros2_ws/install/cpmr_ch12/lib/python3.10/site-packages/cpmr_ch12
[6.152s] copying /Users/mafu/Desktop/EECS_4421_Robotics/Labs/Assignment1/CPMR3/ros2_ws/build/cpmr_ch12/build/lib/cpmr_ch12/__init__.py -> /Users/mafu/Desktop/EECS_4421_Robotics/Labs/Assignment1/CPMR3/ros2_ws/install/cpmr_ch12/lib/python3.10/site-packages/cpmr_ch12
[6.153s] byte-compiling /Users/mafu/Desktop/EECS_4421_Robotics/Labs/Assignment1/CPMR3/ros2_ws/install/cpmr_ch12/lib/python3.10/site-packages/cpmr_ch12/opencv_camera.py to opencv_camera.cpython-310.pyc
[6.153s] byte-compiling /Users/mafu/Desktop/EECS_4421_Robotics/Labs/Assignment1/CPMR3/ros2_ws/install/cpmr_ch12/lib/python3.10/site-packages/cpmr_ch12/yolo_pose.py to yolo_pose.cpython-310.pyc
[6.153s] byte-compiling /Users/mafu/Desktop/EECS_4421_Robotics/Labs/Assignment1/CPMR3/ros2_ws/install/cpmr_ch12/lib/python3.10/site-packages/cpmr_ch12/__init__.py to __init__.cpython-310.pyc
[6.153s] running install_data
[6.153s] creating /Users/mafu/Desktop/EECS_4421_Robotics/Labs/Assignment1/CPMR3/ros2_ws/install/cpmr_ch12/share/ament_index
[6.153s] creating /Users/mafu/Desktop/EECS_4421_Robotics/Labs/Assignment1/CPMR3/ros2_ws/install/cpmr_ch12/share/ament_index/resource_index
[6.153s] creating /Users/mafu/Desktop/EECS_4421_Robotics/Labs/Assignment1/CPMR3/ros2_ws/install/cpmr_ch12/share/ament_index/resource_index/packages
[6.153s] copying resource/cpmr_ch12 -> /Users/mafu/Desktop/EECS_4421_Robotics/Labs/Assignment1/CPMR3/ros2_ws/install/cpmr_ch12/share/ament_index/resource_index/packages
[6.153s] copying package.xml -> /Users/mafu/Desktop/EECS_4421_Robotics/Labs/Assignment1/CPMR3/ros2_ws/install/cpmr_ch12/share/cpmr_ch12
[6.153s] copying launch/camera-robot.launch.py -> /Users/mafu/Desktop/EECS_4421_Robotics/Labs/Assignment1/CPMR3/ros2_ws/install/cpmr_ch12/share/cpmr_ch12
[6.155s] copying urdf/scout-camera.urdf.xacro -> /Users/mafu/Desktop/EECS_4421_Robotics/Labs/Assignment1/CPMR3/ros2_ws/install/cpmr_ch12/share/cpmr_ch12
[6.156s] copying urdf/colors.xacro -> /Users/mafu/Desktop/EECS_4421_Robotics/Labs/Assignment1/CPMR3/ros2_ws/install/cpmr_ch12/share/cpmr_ch12
[6.156s] running install_egg_info
[6.266s] Copying ../../build/cpmr_ch12/cpmr_ch12.egg-info to /Users/mafu/Desktop/EECS_4421_Robotics/Labs/Assignment1/CPMR3/ros2_ws/install/cpmr_ch12/lib/python3.10/site-packages/cpmr_ch12-3.1.0-py3.10.egg-info
[6.268s] running install_scripts
[6.465s] writing list of installed files to '/Users/mafu/Desktop/EECS_4421_Robotics/Labs/Assignment1/CPMR3/ros2_ws/build/cpmr_ch12/install.log'
[7.019s] Invoked command in '/Users/mafu/Desktop/EECS_4421_Robotics/Labs/Assignment1/CPMR3/ros2_ws/src/cpmr_ch12' returned '0': CONDA_PROMPT_MODIFIER=(ros2) PYTHONPATH=/Users/mafu/Desktop/EECS_4421_Robotics/Labs/Assignment1/CPMR3/ros2_ws/build/cpmr_ch12/prefix_override:/Users/mafu/miniconda3/envs/ros2/lib/python3.10/site-packages/colcon_core/task/python/colcon_distutils_commands:/Users/mafu/Desktop/EECS_4421_Robotics/Labs/Assignment1/CPMR3/ros2_ws/install/cpmr_ch12/lib/python3.10/site-packages:${PYTHONPATH} SHLVL=2 _=/Users/mafu/miniconda3/envs/ros2/bin/env __CF_USER_TEXT_ENCODING=0x1F5:0x0:0x52 /Users/mafu/miniconda3/envs/ros2/bin/python3.10 -W ignore:setup.py install is deprecated setup.py egg_info --egg-base ../../build/cpmr_ch12 build --build-base /Users/mafu/Desktop/EECS_4421_Robotics/Labs/Assignment1/CPMR3/ros2_ws/build/cpmr_ch12/build install --record /Users/mafu/Desktop/EECS_4421_Robotics/Labs/Assignment1/CPMR3/ros2_ws/build/cpmr_ch12/install.log --single-version-externally-managed install_data
