[0.050s] Invoking command in '/Users/mafu/Desktop/EECS_4421_Robotics/CPMR3/ros2_ws/build/gazebo_msgs': CONDA_PROMPT_MODIFIER=(ros2) SHLVL=2 _=/Users/mafu/miniconda3/envs/ros2/bin/env __CF_USER_TEXT_ENCODING=0x1F5:0x0:0x52 /Users/mafu/miniconda3/envs/ros2/bin/cmake /Users/mafu/Desktop/EECS_4421_Robotics/CPMR3/ros2_ws/src/gazebo_ros_pkgs/gazebo_msgs -DCATKIN_INSTALL_INTO_PREFIX_ROOT=0 -DCMAKE_INSTALL_PREFIX=/Users/mafu/Desktop/EECS_4421_Robotics/CPMR3/ros2_ws/install/gazebo_msgs
[4.637s] -- The C compiler identification is Clang 17.0.6
[4.810s] -- The CXX compiler identification is Clang 17.0.6
[4.815s] -- Detecting C compiler ABI info
[5.356s] -- Detecting C compiler ABI info - done
[5.359s] -- Check for working C compiler: /Users/mafu/miniconda3/envs/ros2/bin/arm64-apple-darwin20.0.0-clang - skipped
[5.359s] -- Detecting C compile features
[5.360s] -- Detecting C compile features - done
[5.370s] -- Detecting CXX compiler ABI info
[5.690s] -- Detecting CXX compiler ABI info - done
[5.692s] -- Check for working CXX compiler: /Users/mafu/miniconda3/envs/ros2/bin/arm64-apple-darwin20.0.0-clang++ - skipped
[5.692s] -- Detecting CXX compile features
[5.693s] -- Detecting CXX compile features - done
[5.736s] CMake Error at CMakeLists.txt:4 (find_package):
[5.737s]   By not providing "Findcatkin.cmake" in CMAKE_MODULE_PATH this project has
[5.737s]   asked CMake to find a package configuration file provided by "catkin", but
[5.737s]   CMake did not find one.
[5.743s] 
[5.744s]   Could not find a package configuration file provided by "catkin" with any
[5.744s]   of the following names:
[5.744s] 
[5.744s]     catkinConfig.cmake
[5.744s]     catkin-config.cmake
[5.744s] 
[5.744s]   Add the installation prefix of "catkin" to CMAKE_PREFIX_PATH or set
[5.745s]   "catkin_DIR" to a directory containing one of the above files.  If "catkin"
[5.745s]   provides a separate development package or SDK, be sure it has been
[5.745s]   installed.
[5.745s] 
[5.745s] 
[5.746s] -- Configuring incomplete, errors occurred!
[5.749s] Invoked command in '/Users/mafu/Desktop/EECS_4421_Robotics/CPMR3/ros2_ws/build/gazebo_msgs' returned '1': CONDA_PROMPT_MODIFIER=(ros2) SHLVL=2 _=/Users/mafu/miniconda3/envs/ros2/bin/env __CF_USER_TEXT_ENCODING=0x1F5:0x0:0x52 /Users/mafu/miniconda3/envs/ros2/bin/cmake /Users/mafu/Desktop/EECS_4421_Robotics/CPMR3/ros2_ws/src/gazebo_ros_pkgs/gazebo_msgs -DCATKIN_INSTALL_INTO_PREFIX_ROOT=0 -DCMAKE_INSTALL_PREFIX=/Users/mafu/Desktop/EECS_4421_Robotics/CPMR3/ros2_ws/install/gazebo_msgs
