[4.643s] Invoking command in '/Users/mafu/Desktop/robotics/Lab9/CPMR3/ros2_ws/src/cpmr_ch2': CONDA_PROMPT_MODIFIER=(ros_env) PYTHONPATH=/Users/mafu/Desktop/robotics/Lab9/CPMR3/ros2_ws/build/cpmr_ch2/prefix_override:/Users/mafu/miniforge3/envs/ros_env/lib/python3.10/site-packages/colcon_core/task/python/colcon_distutils_commands:/Users/mafu/Desktop/robotics/Lab9/CPMR3/ros2_ws/install/cpmr_ch2/lib/python3.10/site-packages:${PYTHONPATH} SHLVL=2 _=/Users/mafu/miniforge3/envs/ros_env/bin/env __CF_USER_TEXT_ENCODING=0x1F5:0x0:0x0 /Users/mafu/miniforge3/envs/ros_env/bin/python3.10 -W ignore:setup.py install is deprecated setup.py egg_info --egg-base ../../build/cpmr_ch2 build --build-base /Users/mafu/Desktop/robotics/Lab9/CPMR3/ros2_ws/build/cpmr_ch2/build install --record /Users/mafu/Desktop/robotics/Lab9/CPMR3/ros2_ws/build/cpmr_ch2/install.log --single-version-externally-managed install_data
[5.764s] running egg_info
[5.764s] creating ../../build/cpmr_ch2/cpmr_ch2.egg-info
[5.850s] writing ../../build/cpmr_ch2/cpmr_ch2.egg-info/PKG-INFO
[5.879s] writing dependency_links to ../../build/cpmr_ch2/cpmr_ch2.egg-info/dependency_links.txt
[6.040s] writing entry points to ../../build/cpmr_ch2/cpmr_ch2.egg-info/entry_points.txt
[6.167s] writing requirements to ../../build/cpmr_ch2/cpmr_ch2.egg-info/requires.txt
[6.208s] writing top-level names to ../../build/cpmr_ch2/cpmr_ch2.egg-info/top_level.txt
[6.208s] writing manifest file '../../build/cpmr_ch2/cpmr_ch2.egg-info/SOURCES.txt'
[6.309s] reading manifest file '../../build/cpmr_ch2/cpmr_ch2.egg-info/SOURCES.txt'
[6.309s] writing manifest file '../../build/cpmr_ch2/cpmr_ch2.egg-info/SOURCES.txt'
[6.310s] running build
[6.310s] running build_py
[6.316s] creating /Users/mafu/Desktop/robotics/Lab9/CPMR3/ros2_ws/build/cpmr_ch2/build
[6.317s] creating /Users/mafu/Desktop/robotics/Lab9/CPMR3/ros2_ws/build/cpmr_ch2/build/lib
[6.317s] creating /Users/mafu/Desktop/robotics/Lab9/CPMR3/ros2_ws/build/cpmr_ch2/build/lib/cpmr_ch2
[6.317s] copying cpmr_ch2/drive_to_goal.py -> /Users/mafu/Desktop/robotics/Lab9/CPMR3/ros2_ws/build/cpmr_ch2/build/lib/cpmr_ch2
[6.321s] copying cpmr_ch2/build_map.py -> /Users/mafu/Desktop/robotics/Lab9/CPMR3/ros2_ws/build/cpmr_ch2/build/lib/cpmr_ch2
[6.322s] copying cpmr_ch2/__init__.py -> /Users/mafu/Desktop/robotics/Lab9/CPMR3/ros2_ws/build/cpmr_ch2/build/lib/cpmr_ch2
[6.322s] copying cpmr_ch2/add_obstacle.py -> /Users/mafu/Desktop/robotics/Lab9/CPMR3/ros2_ws/build/cpmr_ch2/build/lib/cpmr_ch2
[6.322s] copying cpmr_ch2/destroy_map.py -> /Users/mafu/Desktop/robotics/Lab9/CPMR3/ros2_ws/build/cpmr_ch2/build/lib/cpmr_ch2
[6.322s] running install
[6.325s] running install_lib
[6.387s] creating /Users/mafu/Desktop/robotics/Lab9/CPMR3/ros2_ws/install/cpmr_ch2/lib/python3.10/site-packages/cpmr_ch2
[6.387s] copying /Users/mafu/Desktop/robotics/Lab9/CPMR3/ros2_ws/build/cpmr_ch2/build/lib/cpmr_ch2/drive_to_goal.py -> /Users/mafu/Desktop/robotics/Lab9/CPMR3/ros2_ws/install/cpmr_ch2/lib/python3.10/site-packages/cpmr_ch2
[6.387s] copying /Users/mafu/Desktop/robotics/Lab9/CPMR3/ros2_ws/build/cpmr_ch2/build/lib/cpmr_ch2/build_map.py -> /Users/mafu/Desktop/robotics/Lab9/CPMR3/ros2_ws/install/cpmr_ch2/lib/python3.10/site-packages/cpmr_ch2
[6.402s] copying /Users/mafu/Desktop/robotics/Lab9/CPMR3/ros2_ws/build/cpmr_ch2/build/lib/cpmr_ch2/__init__.py -> /Users/mafu/Desktop/robotics/Lab9/CPMR3/ros2_ws/install/cpmr_ch2/lib/python3.10/site-packages/cpmr_ch2
[6.402s] copying /Users/mafu/Desktop/robotics/Lab9/CPMR3/ros2_ws/build/cpmr_ch2/build/lib/cpmr_ch2/add_obstacle.py -> /Users/mafu/Desktop/robotics/Lab9/CPMR3/ros2_ws/install/cpmr_ch2/lib/python3.10/site-packages/cpmr_ch2
[6.402s] copying /Users/mafu/Desktop/robotics/Lab9/CPMR3/ros2_ws/build/cpmr_ch2/build/lib/cpmr_ch2/destroy_map.py -> /Users/mafu/Desktop/robotics/Lab9/CPMR3/ros2_ws/install/cpmr_ch2/lib/python3.10/site-packages/cpmr_ch2
[6.408s] byte-compiling /Users/mafu/Desktop/robotics/Lab9/CPMR3/ros2_ws/install/cpmr_ch2/lib/python3.10/site-packages/cpmr_ch2/drive_to_goal.py to drive_to_goal.cpython-310.pyc
[6.408s] byte-compiling /Users/mafu/Desktop/robotics/Lab9/CPMR3/ros2_ws/install/cpmr_ch2/lib/python3.10/site-packages/cpmr_ch2/build_map.py to build_map.cpython-310.pyc
[6.408s] byte-compiling /Users/mafu/Desktop/robotics/Lab9/CPMR3/ros2_ws/install/cpmr_ch2/lib/python3.10/site-packages/cpmr_ch2/__init__.py to __init__.cpython-310.pyc
[6.408s] byte-compiling /Users/mafu/Desktop/robotics/Lab9/CPMR3/ros2_ws/install/cpmr_ch2/lib/python3.10/site-packages/cpmr_ch2/add_obstacle.py to add_obstacle.cpython-310.pyc
[6.408s] byte-compiling /Users/mafu/Desktop/robotics/Lab9/CPMR3/ros2_ws/install/cpmr_ch2/lib/python3.10/site-packages/cpmr_ch2/destroy_map.py to destroy_map.cpython-310.pyc
[6.408s] running install_data
[6.409s] creating /Users/mafu/Desktop/robotics/Lab9/CPMR3/ros2_ws/install/cpmr_ch2/share/ament_index
[6.409s] creating /Users/mafu/Desktop/robotics/Lab9/CPMR3/ros2_ws/install/cpmr_ch2/share/ament_index/resource_index
[6.409s] creating /Users/mafu/Desktop/robotics/Lab9/CPMR3/ros2_ws/install/cpmr_ch2/share/ament_index/resource_index/packages
[6.409s] copying resource/cpmr_ch2 -> /Users/mafu/Desktop/robotics/Lab9/CPMR3/ros2_ws/install/cpmr_ch2/share/ament_index/resource_index/packages
[6.409s] copying package.xml -> /Users/mafu/Desktop/robotics/Lab9/CPMR3/ros2_ws/install/cpmr_ch2/share/cpmr_ch2
[6.409s] copying launch/destroy_map.launch.py -> /Users/mafu/Desktop/robotics/Lab9/CPMR3/ros2_ws/install/cpmr_ch2/share/cpmr_ch2
[6.409s] copying launch/drive_robot.launch.py -> /Users/mafu/Desktop/robotics/Lab9/CPMR3/ros2_ws/install/cpmr_ch2/share/cpmr_ch2
[6.413s] copying launch/build_map.launch.py -> /Users/mafu/Desktop/robotics/Lab9/CPMR3/ros2_ws/install/cpmr_ch2/share/cpmr_ch2
[6.413s] copying launch/gazebo.launch.py -> /Users/mafu/Desktop/robotics/Lab9/CPMR3/ros2_ws/install/cpmr_ch2/share/cpmr_ch2
[6.413s] copying maps/default.json -> /Users/mafu/Desktop/robotics/Lab9/CPMR3/ros2_ws/install/cpmr_ch2/share/cpmr_ch2
[6.413s] running install_egg_info
[6.499s] Copying ../../build/cpmr_ch2/cpmr_ch2.egg-info to /Users/mafu/Desktop/robotics/Lab9/CPMR3/ros2_ws/install/cpmr_ch2/lib/python3.10/site-packages/cpmr_ch2-3.1.0-py3.10.egg-info
[6.506s] running install_scripts
[7.131s] Installing add_obstacle script to /Users/mafu/Desktop/robotics/Lab9/CPMR3/ros2_ws/install/cpmr_ch2/lib/cpmr_ch2
[7.131s] Installing build_map script to /Users/mafu/Desktop/robotics/Lab9/CPMR3/ros2_ws/install/cpmr_ch2/lib/cpmr_ch2
[7.131s] Installing destroy_map script to /Users/mafu/Desktop/robotics/Lab9/CPMR3/ros2_ws/install/cpmr_ch2/lib/cpmr_ch2
[7.131s] Installing drive_to_goal script to /Users/mafu/Desktop/robotics/Lab9/CPMR3/ros2_ws/install/cpmr_ch2/lib/cpmr_ch2
[7.131s] writing list of installed files to '/Users/mafu/Desktop/robotics/Lab9/CPMR3/ros2_ws/build/cpmr_ch2/install.log'
[7.142s] Invoked command in '/Users/mafu/Desktop/robotics/Lab9/CPMR3/ros2_ws/src/cpmr_ch2' returned '0': CONDA_PROMPT_MODIFIER=(ros_env) PYTHONPATH=/Users/mafu/Desktop/robotics/Lab9/CPMR3/ros2_ws/build/cpmr_ch2/prefix_override:/Users/mafu/miniforge3/envs/ros_env/lib/python3.10/site-packages/colcon_core/task/python/colcon_distutils_commands:/Users/mafu/Desktop/robotics/Lab9/CPMR3/ros2_ws/install/cpmr_ch2/lib/python3.10/site-packages:${PYTHONPATH} SHLVL=2 _=/Users/mafu/miniforge3/envs/ros_env/bin/env __CF_USER_TEXT_ENCODING=0x1F5:0x0:0x0 /Users/mafu/miniforge3/envs/ros_env/bin/python3.10 -W ignore:setup.py install is deprecated setup.py egg_info --egg-base ../../build/cpmr_ch2 build --build-base /Users/mafu/Desktop/robotics/Lab9/CPMR3/ros2_ws/build/cpmr_ch2/build install --record /Users/mafu/Desktop/robotics/Lab9/CPMR3/ros2_ws/build/cpmr_ch2/install.log --single-version-externally-managed install_data
