[4.443s] Invoking command in '/Users/mafu/Desktop/EECS_4421_Robotics/CPMR3/ros2_ws/src/cpmr_ch4': CONDA_PROMPT_MODIFIER=(ros2) PYTHONPATH=/Users/mafu/Desktop/EECS_4421_Robotics/CPMR3/ros2_ws/build/cpmr_ch4/prefix_override:/Users/mafu/miniconda3/envs/ros2/lib/python3.10/site-packages/colcon_core/task/python/colcon_distutils_commands:/Users/mafu/Desktop/EECS_4421_Robotics/CPMR3/ros2_ws/install/cpmr_ch4/lib/python3.10/site-packages:${PYTHONPATH} SHLVL=2 _=/Users/mafu/miniconda3/envs/ros2/bin/env __CF_USER_TEXT_ENCODING=0x1F5:0x0:0x52 /Users/mafu/miniconda3/envs/ros2/bin/python3.10 -W ignore:setup.py install is deprecated setup.py egg_info --egg-base ../../build/cpmr_ch4 build --build-base /Users/mafu/Desktop/EECS_4421_Robotics/CPMR3/ros2_ws/build/cpmr_ch4/build install --record /Users/mafu/Desktop/EECS_4421_Robotics/CPMR3/ros2_ws/build/cpmr_ch4/install.log --single-version-externally-managed install_data
[5.430s] running egg_info
[5.430s] creating ../../build/cpmr_ch4/cpmr_ch4.egg-info
[5.496s] writing ../../build/cpmr_ch4/cpmr_ch4.egg-info/PKG-INFO
[5.549s] writing dependency_links to ../../build/cpmr_ch4/cpmr_ch4.egg-info/dependency_links.txt
[5.735s] writing entry points to ../../build/cpmr_ch4/cpmr_ch4.egg-info/entry_points.txt
[5.849s] writing requirements to ../../build/cpmr_ch4/cpmr_ch4.egg-info/requires.txt
[5.908s] writing top-level names to ../../build/cpmr_ch4/cpmr_ch4.egg-info/top_level.txt
[5.908s] writing manifest file '../../build/cpmr_ch4/cpmr_ch4.egg-info/SOURCES.txt'
[5.975s] reading manifest file '../../build/cpmr_ch4/cpmr_ch4.egg-info/SOURCES.txt'
[5.977s] writing manifest file '../../build/cpmr_ch4/cpmr_ch4.egg-info/SOURCES.txt'
[5.977s] running build
[5.977s] running build_py
[5.978s] creating /Users/mafu/Desktop/EECS_4421_Robotics/CPMR3/ros2_ws/build/cpmr_ch4/build
[5.979s] creating /Users/mafu/Desktop/EECS_4421_Robotics/CPMR3/ros2_ws/build/cpmr_ch4/build/lib
[5.979s] creating /Users/mafu/Desktop/EECS_4421_Robotics/CPMR3/ros2_ws/build/cpmr_ch4/build/lib/cpmr_ch4
[5.979s] copying cpmr_ch4/__init__.py -> /Users/mafu/Desktop/EECS_4421_Robotics/CPMR3/ros2_ws/build/cpmr_ch4/build/lib/cpmr_ch4
[5.979s] copying cpmr_ch4/collect_lidar.py -> /Users/mafu/Desktop/EECS_4421_Robotics/CPMR3/ros2_ws/build/cpmr_ch4/build/lib/cpmr_ch4
[5.989s] running install
[5.990s] running install_lib
[6.051s] creating /Users/mafu/Desktop/EECS_4421_Robotics/CPMR3/ros2_ws/install/cpmr_ch4/lib/python3.10/site-packages/cpmr_ch4
[6.052s] copying /Users/mafu/Desktop/EECS_4421_Robotics/CPMR3/ros2_ws/build/cpmr_ch4/build/lib/cpmr_ch4/__init__.py -> /Users/mafu/Desktop/EECS_4421_Robotics/CPMR3/ros2_ws/install/cpmr_ch4/lib/python3.10/site-packages/cpmr_ch4
[6.052s] copying /Users/mafu/Desktop/EECS_4421_Robotics/CPMR3/ros2_ws/build/cpmr_ch4/build/lib/cpmr_ch4/collect_lidar.py -> /Users/mafu/Desktop/EECS_4421_Robotics/CPMR3/ros2_ws/install/cpmr_ch4/lib/python3.10/site-packages/cpmr_ch4
[6.052s] byte-compiling /Users/mafu/Desktop/EECS_4421_Robotics/CPMR3/ros2_ws/install/cpmr_ch4/lib/python3.10/site-packages/cpmr_ch4/__init__.py to __init__.cpython-310.pyc
[6.052s] byte-compiling /Users/mafu/Desktop/EECS_4421_Robotics/CPMR3/ros2_ws/install/cpmr_ch4/lib/python3.10/site-packages/cpmr_ch4/collect_lidar.py to collect_lidar.cpython-310.pyc
[6.058s] running install_data
[6.058s] creating /Users/mafu/Desktop/EECS_4421_Robotics/CPMR3/ros2_ws/install/cpmr_ch4/share/ament_index
[6.059s] creating /Users/mafu/Desktop/EECS_4421_Robotics/CPMR3/ros2_ws/install/cpmr_ch4/share/ament_index/resource_index
[6.062s] creating /Users/mafu/Desktop/EECS_4421_Robotics/CPMR3/ros2_ws/install/cpmr_ch4/share/ament_index/resource_index/packages
[6.062s] copying resource/cpmr_ch4 -> /Users/mafu/Desktop/EECS_4421_Robotics/CPMR3/ros2_ws/install/cpmr_ch4/share/ament_index/resource_index/packages
[6.068s] copying package.xml -> /Users/mafu/Desktop/EECS_4421_Robotics/CPMR3/ros2_ws/install/cpmr_ch4/share/cpmr_ch4
[6.068s] copying launch/lidar-collector.launch.py -> /Users/mafu/Desktop/EECS_4421_Robotics/CPMR3/ros2_ws/install/cpmr_ch4/share/cpmr_ch4
[6.068s] copying launch/bumper-robot.launch.py -> /Users/mafu/Desktop/EECS_4421_Robotics/CPMR3/ros2_ws/install/cpmr_ch4/share/cpmr_ch4
[6.068s] copying launch/sonar-robot.launch.py -> /Users/mafu/Desktop/EECS_4421_Robotics/CPMR3/ros2_ws/install/cpmr_ch4/share/cpmr_ch4
[6.068s] copying launch/laser-robot.launch.py -> /Users/mafu/Desktop/EECS_4421_Robotics/CPMR3/ros2_ws/install/cpmr_ch4/share/cpmr_ch4
[6.068s] copying launch/imu-robot.launch.py -> /Users/mafu/Desktop/EECS_4421_Robotics/CPMR3/ros2_ws/install/cpmr_ch4/share/cpmr_ch4
[6.069s] copying urdf/scout-bumper.urdf.xacro -> /Users/mafu/Desktop/EECS_4421_Robotics/CPMR3/ros2_ws/install/cpmr_ch4/share/cpmr_ch4
[6.069s] copying urdf/scout-sonar.urdf.xacro -> /Users/mafu/Desktop/EECS_4421_Robotics/CPMR3/ros2_ws/install/cpmr_ch4/share/cpmr_ch4
[6.069s] copying urdf/scout-laser.urdf.xacro -> /Users/mafu/Desktop/EECS_4421_Robotics/CPMR3/ros2_ws/install/cpmr_ch4/share/cpmr_ch4
[6.070s] copying urdf/scout-imu.urdf.xacro -> /Users/mafu/Desktop/EECS_4421_Robotics/CPMR3/ros2_ws/install/cpmr_ch4/share/cpmr_ch4
[6.070s] copying urdf/colors.xacro -> /Users/mafu/Desktop/EECS_4421_Robotics/CPMR3/ros2_ws/install/cpmr_ch4/share/cpmr_ch4
[6.071s] running install_egg_info
[6.151s] Copying ../../build/cpmr_ch4/cpmr_ch4.egg-info to /Users/mafu/Desktop/EECS_4421_Robotics/CPMR3/ros2_ws/install/cpmr_ch4/lib/python3.10/site-packages/cpmr_ch4-3.1.0-py3.10.egg-info
[6.152s] running install_scripts
[6.293s] Installing collect_lidar script to /Users/mafu/Desktop/EECS_4421_Robotics/CPMR3/ros2_ws/install/cpmr_ch4/lib/cpmr_ch4
[6.294s] writing list of installed files to '/Users/mafu/Desktop/EECS_4421_Robotics/CPMR3/ros2_ws/build/cpmr_ch4/install.log'
[6.349s] Invoked command in '/Users/mafu/Desktop/EECS_4421_Robotics/CPMR3/ros2_ws/src/cpmr_ch4' returned '0': CONDA_PROMPT_MODIFIER=(ros2) PYTHONPATH=/Users/mafu/Desktop/EECS_4421_Robotics/CPMR3/ros2_ws/build/cpmr_ch4/prefix_override:/Users/mafu/miniconda3/envs/ros2/lib/python3.10/site-packages/colcon_core/task/python/colcon_distutils_commands:/Users/mafu/Desktop/EECS_4421_Robotics/CPMR3/ros2_ws/install/cpmr_ch4/lib/python3.10/site-packages:${PYTHONPATH} SHLVL=2 _=/Users/mafu/miniconda3/envs/ros2/bin/env __CF_USER_TEXT_ENCODING=0x1F5:0x0:0x52 /Users/mafu/miniconda3/envs/ros2/bin/python3.10 -W ignore:setup.py install is deprecated setup.py egg_info --egg-base ../../build/cpmr_ch4 build --build-base /Users/mafu/Desktop/EECS_4421_Robotics/CPMR3/ros2_ws/build/cpmr_ch4/build install --record /Users/mafu/Desktop/EECS_4421_Robotics/CPMR3/ros2_ws/build/cpmr_ch4/install.log --single-version-externally-managed install_data
