[4.809s] Invoking command in '/Users/mafu/Desktop/robotics/Lab8/ros2_ws/src/cpmr_ch12': CONDA_PROMPT_MODIFIER=(ros_env) PYTHONPATH=/Users/mafu/Desktop/robotics/Lab8/ros2_ws/build/cpmr_ch12/prefix_override:/Users/mafu/miniforge3/envs/ros_env/lib/python3.10/site-packages/colcon_core/task/python/colcon_distutils_commands:/Users/mafu/Desktop/robotics/Lab8/ros2_ws/install/cpmr_ch12/lib/python3.10/site-packages:${PYTHONPATH} SHLVL=2 _=/Users/mafu/miniforge3/envs/ros_env/bin/env __CF_USER_TEXT_ENCODING=0x1F5:0x0:0x0 /Users/mafu/miniforge3/envs/ros_env/bin/python3.10 -W ignore:setup.py install is deprecated setup.py egg_info --egg-base ../../build/cpmr_ch12 build --build-base /Users/mafu/Desktop/robotics/Lab8/ros2_ws/build/cpmr_ch12/build install --record /Users/mafu/Desktop/robotics/Lab8/ros2_ws/build/cpmr_ch12/install.log --single-version-externally-managed install_data
[5.879s] running egg_info
[5.882s] creating ../../build/cpmr_ch12/cpmr_ch12.egg-info
[5.937s] writing ../../build/cpmr_ch12/cpmr_ch12.egg-info/PKG-INFO
[5.999s] writing dependency_links to ../../build/cpmr_ch12/cpmr_ch12.egg-info/dependency_links.txt
[6.178s] writing entry points to ../../build/cpmr_ch12/cpmr_ch12.egg-info/entry_points.txt
[6.292s] writing requirements to ../../build/cpmr_ch12/cpmr_ch12.egg-info/requires.txt
[6.345s] writing top-level names to ../../build/cpmr_ch12/cpmr_ch12.egg-info/top_level.txt
[6.353s] writing manifest file '../../build/cpmr_ch12/cpmr_ch12.egg-info/SOURCES.txt'
[6.458s] reading manifest file '../../build/cpmr_ch12/cpmr_ch12.egg-info/SOURCES.txt'
[6.458s] writing manifest file '../../build/cpmr_ch12/cpmr_ch12.egg-info/SOURCES.txt'
[6.458s] running build
[6.458s] running build_py
[6.458s] creating /Users/mafu/Desktop/robotics/Lab8/ros2_ws/build/cpmr_ch12/build
[6.458s] creating /Users/mafu/Desktop/robotics/Lab8/ros2_ws/build/cpmr_ch12/build/lib
[6.458s] creating /Users/mafu/Desktop/robotics/Lab8/ros2_ws/build/cpmr_ch12/build/lib/cpmr_ch12
[6.461s] copying cpmr_ch12/opencv_camera.py -> /Users/mafu/Desktop/robotics/Lab8/ros2_ws/build/cpmr_ch12/build/lib/cpmr_ch12
[6.461s] copying cpmr_ch12/yolo_pose.py -> /Users/mafu/Desktop/robotics/Lab8/ros2_ws/build/cpmr_ch12/build/lib/cpmr_ch12
[6.463s] copying cpmr_ch12/__init__.py -> /Users/mafu/Desktop/robotics/Lab8/ros2_ws/build/cpmr_ch12/build/lib/cpmr_ch12
[6.463s] running install
[6.472s] running install_lib
[6.542s] creating /Users/mafu/Desktop/robotics/Lab8/ros2_ws/install/cpmr_ch12/lib/python3.10/site-packages/cpmr_ch12
[6.543s] copying /Users/mafu/Desktop/robotics/Lab8/ros2_ws/build/cpmr_ch12/build/lib/cpmr_ch12/opencv_camera.py -> /Users/mafu/Desktop/robotics/Lab8/ros2_ws/install/cpmr_ch12/lib/python3.10/site-packages/cpmr_ch12
[6.543s] copying /Users/mafu/Desktop/robotics/Lab8/ros2_ws/build/cpmr_ch12/build/lib/cpmr_ch12/yolo_pose.py -> /Users/mafu/Desktop/robotics/Lab8/ros2_ws/install/cpmr_ch12/lib/python3.10/site-packages/cpmr_ch12
[6.543s] copying /Users/mafu/Desktop/robotics/Lab8/ros2_ws/build/cpmr_ch12/build/lib/cpmr_ch12/__init__.py -> /Users/mafu/Desktop/robotics/Lab8/ros2_ws/install/cpmr_ch12/lib/python3.10/site-packages/cpmr_ch12
[6.544s] byte-compiling /Users/mafu/Desktop/robotics/Lab8/ros2_ws/install/cpmr_ch12/lib/python3.10/site-packages/cpmr_ch12/opencv_camera.py to opencv_camera.cpython-310.pyc
[6.544s] byte-compiling /Users/mafu/Desktop/robotics/Lab8/ros2_ws/install/cpmr_ch12/lib/python3.10/site-packages/cpmr_ch12/yolo_pose.py to yolo_pose.cpython-310.pyc
[6.545s] byte-compiling /Users/mafu/Desktop/robotics/Lab8/ros2_ws/install/cpmr_ch12/lib/python3.10/site-packages/cpmr_ch12/__init__.py to __init__.cpython-310.pyc
[6.546s] running install_data
[6.547s] creating /Users/mafu/Desktop/robotics/Lab8/ros2_ws/install/cpmr_ch12/share/ament_index
[6.547s] creating /Users/mafu/Desktop/robotics/Lab8/ros2_ws/install/cpmr_ch12/share/ament_index/resource_index
[6.547s] creating /Users/mafu/Desktop/robotics/Lab8/ros2_ws/install/cpmr_ch12/share/ament_index/resource_index/packages
[6.547s] copying resource/cpmr_ch12 -> /Users/mafu/Desktop/robotics/Lab8/ros2_ws/install/cpmr_ch12/share/ament_index/resource_index/packages
[6.547s] copying package.xml -> /Users/mafu/Desktop/robotics/Lab8/ros2_ws/install/cpmr_ch12/share/cpmr_ch12
[6.548s] copying launch/camera-robot.launch.py -> /Users/mafu/Desktop/robotics/Lab8/ros2_ws/install/cpmr_ch12/share/cpmr_ch12
[6.548s] copying urdf/scout-camera.urdf.xacro -> /Users/mafu/Desktop/robotics/Lab8/ros2_ws/install/cpmr_ch12/share/cpmr_ch12
[6.548s] copying urdf/colors.xacro -> /Users/mafu/Desktop/robotics/Lab8/ros2_ws/install/cpmr_ch12/share/cpmr_ch12
[6.549s] running install_egg_info
[6.637s] Copying ../../build/cpmr_ch12/cpmr_ch12.egg-info to /Users/mafu/Desktop/robotics/Lab8/ros2_ws/install/cpmr_ch12/lib/python3.10/site-packages/cpmr_ch12-3.1.0-py3.10.egg-info
[6.644s] running install_scripts
[6.892s] Installing opencv_camera script to /Users/mafu/Desktop/robotics/Lab8/ros2_ws/install/cpmr_ch12/lib/cpmr_ch12
[6.892s] Installing yolo_pose script to /Users/mafu/Desktop/robotics/Lab8/ros2_ws/install/cpmr_ch12/lib/cpmr_ch12
[6.892s] writing list of installed files to '/Users/mafu/Desktop/robotics/Lab8/ros2_ws/build/cpmr_ch12/install.log'
[6.932s] Invoked command in '/Users/mafu/Desktop/robotics/Lab8/ros2_ws/src/cpmr_ch12' returned '0': CONDA_PROMPT_MODIFIER=(ros_env) PYTHONPATH=/Users/mafu/Desktop/robotics/Lab8/ros2_ws/build/cpmr_ch12/prefix_override:/Users/mafu/miniforge3/envs/ros_env/lib/python3.10/site-packages/colcon_core/task/python/colcon_distutils_commands:/Users/mafu/Desktop/robotics/Lab8/ros2_ws/install/cpmr_ch12/lib/python3.10/site-packages:${PYTHONPATH} SHLVL=2 _=/Users/mafu/miniforge3/envs/ros_env/bin/env __CF_USER_TEXT_ENCODING=0x1F5:0x0:0x0 /Users/mafu/miniforge3/envs/ros_env/bin/python3.10 -W ignore:setup.py install is deprecated setup.py egg_info --egg-base ../../build/cpmr_ch12 build --build-base /Users/mafu/Desktop/robotics/Lab8/ros2_ws/build/cpmr_ch12/build install --record /Users/mafu/Desktop/robotics/Lab8/ros2_ws/build/cpmr_ch12/install.log --single-version-externally-managed install_data
