[4.849s] Invoking command in '/Users/mafu/Library/CloudStorage/GoogleDrive-mafu@my.yorku.ca/Other computers/My Laptop/E:/0.2 Fall 2024/EECS_4421_Robotics/Labs/Lab3/CPMR3/ros2_ws/src/cpmr_ch2': CONDA_PROMPT_MODIFIER=(ros3) PYTHONPATH=/Users/mafu/Library/CloudStorage/GoogleDrive-mafu@my.yorku.ca/Other computers/My Laptop/E:/0.2 Fall 2024/EECS_4421_Robotics/Labs/Lab3/CPMR3/ros2_ws/build/cpmr_ch2/prefix_override:/opt/miniconda3/envs/ros3/lib/python3.10/site-packages/colcon_core/task/python/colcon_distutils_commands:/Users/mafu/Library/CloudStorage/GoogleDrive-mafu@my.yorku.ca/Other computers/My Laptop/E:/0.2 Fall 2024/EECS_4421_Robotics/Labs/Lab3/CPMR3/ros2_ws/install/cpmr_ch2/lib/python3.10/site-packages:${PYTHONPATH} SHLVL=2 _=/usr/bin/env /opt/miniconda3/envs/ros3/bin/python3.10 -W ignore:setup.py install is deprecated setup.py egg_info --egg-base ../../build/cpmr_ch2 build --build-base /Users/mafu/Library/CloudStorage/GoogleDrive-mafu@my.yorku.ca/Other computers/My Laptop/E:/0.2 Fall 2024/EECS_4421_Robotics/Labs/Lab3/CPMR3/ros2_ws/build/cpmr_ch2/build install --record /Users/mafu/Library/CloudStorage/GoogleDrive-mafu@my.yorku.ca/Other computers/My Laptop/E:/0.2 Fall 2024/EECS_4421_Robotics/Labs/Lab3/CPMR3/ros2_ws/build/cpmr_ch2/install.log --single-version-externally-managed install_data
[5.822s] running egg_info
[5.902s] writing ../../build/cpmr_ch2/cpmr_ch2.egg-info/PKG-INFO
[5.950s] writing dependency_links to ../../build/cpmr_ch2/cpmr_ch2.egg-info/dependency_links.txt
[6.098s] writing entry points to ../../build/cpmr_ch2/cpmr_ch2.egg-info/entry_points.txt
[6.222s] writing requirements to ../../build/cpmr_ch2/cpmr_ch2.egg-info/requires.txt
[6.282s] writing top-level names to ../../build/cpmr_ch2/cpmr_ch2.egg-info/top_level.txt
[6.402s] reading manifest file '../../build/cpmr_ch2/cpmr_ch2.egg-info/SOURCES.txt'
[6.403s] writing manifest file '../../build/cpmr_ch2/cpmr_ch2.egg-info/SOURCES.txt'
[6.403s] running build
[6.404s] running build_py
[6.404s] running install
[6.411s] running install_lib
[6.515s] running install_data
[6.515s] copying resource/cpmr_ch2 -> /opt/miniconda3/envs/ros3/share/ament_index/resource_index/packages
[6.515s] copying package.xml -> /opt/miniconda3/envs/ros3/share/cpmr_ch2
[6.516s] copying launch/destroy_map.launch.py -> /opt/miniconda3/envs/ros3/share/cpmr_ch2
[6.516s] copying launch/drive_robot.launch.py -> /opt/miniconda3/envs/ros3/share/cpmr_ch2
[6.517s] copying launch/build_map.launch.py -> /opt/miniconda3/envs/ros3/share/cpmr_ch2
[6.517s] copying maps/default.json -> /opt/miniconda3/envs/ros3/share/cpmr_ch2
[6.518s] running install_egg_info
[6.584s] removing '/opt/miniconda3/envs/ros3/lib/python3.10/site-packages/cpmr_ch2-3.1.0-py3.10.egg-info' (and everything under it)
[6.585s] Copying ../../build/cpmr_ch2/cpmr_ch2.egg-info to /opt/miniconda3/envs/ros3/lib/python3.10/site-packages/cpmr_ch2-3.1.0-py3.10.egg-info
[6.588s] running install_scripts
[6.737s] Installing add_obstacle script to /opt/miniconda3/envs/ros3/lib/cpmr_ch2
[6.737s] Installing build_map script to /opt/miniconda3/envs/ros3/lib/cpmr_ch2
[6.738s] Installing destroy_map script to /opt/miniconda3/envs/ros3/lib/cpmr_ch2
[6.739s] Installing drive_to_goal script to /opt/miniconda3/envs/ros3/lib/cpmr_ch2
[6.739s] writing list of installed files to '/Users/mafu/Library/CloudStorage/GoogleDrive-mafu@my.yorku.ca/Other computers/My Laptop/E:/0.2 Fall 2024/EECS_4421_Robotics/Labs/Lab3/CPMR3/ros2_ws/build/cpmr_ch2/install.log'
[6.817s] Invoked command in '/Users/mafu/Library/CloudStorage/GoogleDrive-mafu@my.yorku.ca/Other computers/My Laptop/E:/0.2 Fall 2024/EECS_4421_Robotics/Labs/Lab3/CPMR3/ros2_ws/src/cpmr_ch2' returned '0': CONDA_PROMPT_MODIFIER=(ros3) PYTHONPATH=/Users/mafu/Library/CloudStorage/GoogleDrive-mafu@my.yorku.ca/Other computers/My Laptop/E:/0.2 Fall 2024/EECS_4421_Robotics/Labs/Lab3/CPMR3/ros2_ws/build/cpmr_ch2/prefix_override:/opt/miniconda3/envs/ros3/lib/python3.10/site-packages/colcon_core/task/python/colcon_distutils_commands:/Users/mafu/Library/CloudStorage/GoogleDrive-mafu@my.yorku.ca/Other computers/My Laptop/E:/0.2 Fall 2024/EECS_4421_Robotics/Labs/Lab3/CPMR3/ros2_ws/install/cpmr_ch2/lib/python3.10/site-packages:${PYTHONPATH} SHLVL=2 _=/usr/bin/env /opt/miniconda3/envs/ros3/bin/python3.10 -W ignore:setup.py install is deprecated setup.py egg_info --egg-base ../../build/cpmr_ch2 build --build-base /Users/mafu/Library/CloudStorage/GoogleDrive-mafu@my.yorku.ca/Other computers/My Laptop/E:/0.2 Fall 2024/EECS_4421_Robotics/Labs/Lab3/CPMR3/ros2_ws/build/cpmr_ch2/build install --record /Users/mafu/Library/CloudStorage/GoogleDrive-mafu@my.yorku.ca/Other computers/My Laptop/E:/0.2 Fall 2024/EECS_4421_Robotics/Labs/Lab3/CPMR3/ros2_ws/build/cpmr_ch2/install.log --single-version-externally-managed install_data
