[0.305s] [34mcolcon[0m [1;30mDEBUG[0m [32mCommand line arguments: ['/Users/mafu/miniforge3/envs/ros_env2/bin/colcon', 'build'][0m
[0.305s] [34mcolcon[0m [1;30mDEBUG[0m [32mParsed command line arguments: Namespace(log_base=None, log_level=None, verb_name='build', build_base='build', install_base='install', merge_install=False, symlink_install=False, test_result_base=None, continue_on_error=False, executor='parallel', parallel_workers=8, event_handlers=None, ignore_user_meta=False, metas=['./colcon.meta'], base_paths=['.'], packages_ignore=None, packages_ignore_regex=None, paths=None, packages_up_to=None, packages_up_to_regex=None, packages_above=None, packages_above_and_dependencies=None, packages_above_depth=None, packages_select_by_dep=None, packages_skip_by_dep=None, packages_skip_up_to=None, packages_select_build_failed=False, packages_skip_build_finished=False, packages_select_test_failures=False, packages_skip_test_passed=False, packages_select=None, packages_skip=None, packages_select_regex=None, packages_skip_regex=None, packages_start=None, packages_end=None, cmake_args=None, cmake_target=None, cmake_target_skip_unavailable=False, cmake_clean_cache=False, cmake_clean_first=False, cmake_force_configure=False, ament_cmake_args=None, catkin_cmake_args=None, catkin_skip_building_tests=False, verb_parser=<colcon_defaults.argument_parser.defaults.DefaultArgumentsDecorator object at 0x106278400>, verb_extension=<colcon_core.verb.build.BuildVerb object at 0x106247e20>, main=<bound method BuildVerb.main of <colcon_core.verb.build.BuildVerb object at 0x106247e20>>)[0m
[0.545s] [34mcolcon.colcon_core.package_discovery[0m [1;30mLevel 1[0m discover_packages(colcon_meta) check parameters
[0.546s] [34mcolcon.colcon_core.package_discovery[0m [1;30mLevel 1[0m discover_packages(recursive) check parameters
[0.546s] [34mcolcon.colcon_core.package_discovery[0m [1;30mLevel 1[0m discover_packages(ignore) check parameters
[0.546s] [34mcolcon.colcon_core.package_discovery[0m [1;30mLevel 1[0m discover_packages(path) check parameters
[0.546s] [34mcolcon.colcon_core.package_discovery[0m [1;30mLevel 1[0m discover_packages(colcon_meta) discover
[0.546s] [34mcolcon.colcon_core.package_discovery[0m [1;30mLevel 1[0m discover_packages(recursive) discover
[0.546s] [34mcolcon.colcon_core.package_discovery[0m [1;30mINFO[0m Crawling recursively for packages in '/Users/mafu/Desktop/robotics/Assignment2/CPMR3/ros2_ws'
[0.546s] [34mcolcon.colcon_core.package_identification[0m [1;30mLevel 1[0m _identify(.) by extensions ['ignore', 'ignore_ament_install']
[0.546s] [34mcolcon.colcon_core.package_identification[0m [1;30mLevel 1[0m _identify(.) by extension 'ignore'
[0.546s] [34mcolcon.colcon_core.package_identification[0m [1;30mLevel 1[0m _identify(.) by extension 'ignore_ament_install'
[0.546s] [34mcolcon.colcon_core.package_identification[0m [1;30mLevel 1[0m _identify(.) by extensions ['colcon_pkg']
[0.546s] [34mcolcon.colcon_core.package_identification[0m [1;30mLevel 1[0m _identify(.) by extension 'colcon_pkg'
[0.546s] [34mcolcon.colcon_core.package_identification[0m [1;30mLevel 1[0m _identify(.) by extensions ['colcon_meta']
[0.546s] [34mcolcon.colcon_core.package_identification[0m [1;30mLevel 1[0m _identify(.) by extension 'colcon_meta'
[0.546s] [34mcolcon.colcon_core.package_identification[0m [1;30mLevel 1[0m _identify(.) by extensions ['ros']
[0.546s] [34mcolcon.colcon_core.package_identification[0m [1;30mLevel 1[0m _identify(.) by extension 'ros'
[0.580s] [34mcolcon.colcon_core.package_identification[0m [1;30mLevel 1[0m _identify(.) by extensions ['cmake', 'python']
[0.580s] [34mcolcon.colcon_core.package_identification[0m [1;30mLevel 1[0m _identify(.) by extension 'cmake'
[0.580s] [34mcolcon.colcon_core.package_identification[0m [1;30mLevel 1[0m _identify(.) by extension 'python'
[0.581s] [34mcolcon.colcon_core.package_identification[0m [1;30mLevel 1[0m _identify(.) by extensions ['python_setup_py']
[0.581s] [34mcolcon.colcon_core.package_identification[0m [1;30mLevel 1[0m _identify(.) by extension 'python_setup_py'
[0.581s] [34mcolcon.colcon_core.package_identification[0m [1;30mLevel 1[0m _identify(build) by extensions ['ignore', 'ignore_ament_install']
[0.581s] [34mcolcon.colcon_core.package_identification[0m [1;30mLevel 1[0m _identify(build) by extension 'ignore'
[0.581s] [34mcolcon.colcon_core.package_identification[0m [1;30mLevel 1[0m _identify(build) ignored
[0.581s] [34mcolcon.colcon_core.package_identification[0m [1;30mLevel 1[0m _identify(install) by extensions ['ignore', 'ignore_ament_install']
[0.581s] [34mcolcon.colcon_core.package_identification[0m [1;30mLevel 1[0m _identify(install) by extension 'ignore'
[0.581s] [34mcolcon.colcon_core.package_identification[0m [1;30mLevel 1[0m _identify(install) ignored
[0.581s] [34mcolcon.colcon_core.package_identification[0m [1;30mLevel 1[0m _identify(log) by extensions ['ignore', 'ignore_ament_install']
[0.581s] [34mcolcon.colcon_core.package_identification[0m [1;30mLevel 1[0m _identify(log) by extension 'ignore'
[0.581s] [34mcolcon.colcon_core.package_identification[0m [1;30mLevel 1[0m _identify(log) ignored
[0.582s] [34mcolcon.colcon_core.package_identification[0m [1;30mLevel 1[0m _identify(output) by extensions ['ignore', 'ignore_ament_install']
[0.582s] [34mcolcon.colcon_core.package_identification[0m [1;30mLevel 1[0m _identify(output) by extension 'ignore'
[0.582s] [34mcolcon.colcon_core.package_identification[0m [1;30mLevel 1[0m _identify(output) by extension 'ignore_ament_install'
[0.582s] [34mcolcon.colcon_core.package_identification[0m [1;30mLevel 1[0m _identify(output) by extensions ['colcon_pkg']
[0.582s] [34mcolcon.colcon_core.package_identification[0m [1;30mLevel 1[0m _identify(output) by extension 'colcon_pkg'
[0.582s] [34mcolcon.colcon_core.package_identification[0m [1;30mLevel 1[0m _identify(output) by extensions ['colcon_meta']
[0.582s] [34mcolcon.colcon_core.package_identification[0m [1;30mLevel 1[0m _identify(output) by extension 'colcon_meta'
[0.582s] [34mcolcon.colcon_core.package_identification[0m [1;30mLevel 1[0m _identify(output) by extensions ['ros']
[0.582s] [34mcolcon.colcon_core.package_identification[0m [1;30mLevel 1[0m _identify(output) by extension 'ros'
[0.582s] [34mcolcon.colcon_core.package_identification[0m [1;30mLevel 1[0m _identify(output) by extensions ['cmake', 'python']
[0.582s] [34mcolcon.colcon_core.package_identification[0m [1;30mLevel 1[0m _identify(output) by extension 'cmake'
[0.582s] [34mcolcon.colcon_core.package_identification[0m [1;30mLevel 1[0m _identify(output) by extension 'python'
[0.582s] [34mcolcon.colcon_core.package_identification[0m [1;30mLevel 1[0m _identify(output) by extensions ['python_setup_py']
[0.582s] [34mcolcon.colcon_core.package_identification[0m [1;30mLevel 1[0m _identify(output) by extension 'python_setup_py'
[0.583s] [34mcolcon.colcon_core.package_identification[0m [1;30mLevel 1[0m _identify(output/forward) by extensions ['ignore', 'ignore_ament_install']
[0.583s] [34mcolcon.colcon_core.package_identification[0m [1;30mLevel 1[0m _identify(output/forward) by extension 'ignore'
[0.583s] [34mcolcon.colcon_core.package_identification[0m [1;30mLevel 1[0m _identify(output/forward) by extension 'ignore_ament_install'
[0.583s] [34mcolcon.colcon_core.package_identification[0m [1;30mLevel 1[0m _identify(output/forward) by extensions ['colcon_pkg']
[0.583s] [34mcolcon.colcon_core.package_identification[0m [1;30mLevel 1[0m _identify(output/forward) by extension 'colcon_pkg'
[0.583s] [34mcolcon.colcon_core.package_identification[0m [1;30mLevel 1[0m _identify(output/forward) by extensions ['colcon_meta']
[0.583s] [34mcolcon.colcon_core.package_identification[0m [1;30mLevel 1[0m _identify(output/forward) by extension 'colcon_meta'
[0.583s] [34mcolcon.colcon_core.package_identification[0m [1;30mLevel 1[0m _identify(output/forward) by extensions ['ros']
[0.583s] [34mcolcon.colcon_core.package_identification[0m [1;30mLevel 1[0m _identify(output/forward) by extension 'ros'
[0.583s] [34mcolcon.colcon_core.package_identification[0m [1;30mLevel 1[0m _identify(output/forward) by extensions ['cmake', 'python']
[0.583s] [34mcolcon.colcon_core.package_identification[0m [1;30mLevel 1[0m _identify(output/forward) by extension 'cmake'
[0.583s] [34mcolcon.colcon_core.package_identification[0m [1;30mLevel 1[0m _identify(output/forward) by extension 'python'
[0.583s] [34mcolcon.colcon_core.package_identification[0m [1;30mLevel 1[0m _identify(output/forward) by extensions ['python_setup_py']
[0.583s] [34mcolcon.colcon_core.package_identification[0m [1;30mLevel 1[0m _identify(output/forward) by extension 'python_setup_py'
[0.583s] [34mcolcon.colcon_core.package_identification[0m [1;30mLevel 1[0m _identify(output/left) by extensions ['ignore', 'ignore_ament_install']
[0.583s] [34mcolcon.colcon_core.package_identification[0m [1;30mLevel 1[0m _identify(output/left) by extension 'ignore'
[0.584s] [34mcolcon.colcon_core.package_identification[0m [1;30mLevel 1[0m _identify(output/left) by extension 'ignore_ament_install'
[0.584s] [34mcolcon.colcon_core.package_identification[0m [1;30mLevel 1[0m _identify(output/left) by extensions ['colcon_pkg']
[0.584s] [34mcolcon.colcon_core.package_identification[0m [1;30mLevel 1[0m _identify(output/left) by extension 'colcon_pkg'
[0.584s] [34mcolcon.colcon_core.package_identification[0m [1;30mLevel 1[0m _identify(output/left) by extensions ['colcon_meta']
[0.584s] [34mcolcon.colcon_core.package_identification[0m [1;30mLevel 1[0m _identify(output/left) by extension 'colcon_meta'
[0.584s] [34mcolcon.colcon_core.package_identification[0m [1;30mLevel 1[0m _identify(output/left) by extensions ['ros']
[0.584s] [34mcolcon.colcon_core.package_identification[0m [1;30mLevel 1[0m _identify(output/left) by extension 'ros'
[0.584s] [34mcolcon.colcon_core.package_identification[0m [1;30mLevel 1[0m _identify(output/left) by extensions ['cmake', 'python']
[0.584s] [34mcolcon.colcon_core.package_identification[0m [1;30mLevel 1[0m _identify(output/left) by extension 'cmake'
[0.584s] [34mcolcon.colcon_core.package_identification[0m [1;30mLevel 1[0m _identify(output/left) by extension 'python'
[0.584s] [34mcolcon.colcon_core.package_identification[0m [1;30mLevel 1[0m _identify(output/left) by extensions ['python_setup_py']
[0.584s] [34mcolcon.colcon_core.package_identification[0m [1;30mLevel 1[0m _identify(output/left) by extension 'python_setup_py'
[0.584s] [34mcolcon.colcon_core.package_identification[0m [1;30mLevel 1[0m _identify(output/right) by extensions ['ignore', 'ignore_ament_install']
[0.584s] [34mcolcon.colcon_core.package_identification[0m [1;30mLevel 1[0m _identify(output/right) by extension 'ignore'
[0.584s] [34mcolcon.colcon_core.package_identification[0m [1;30mLevel 1[0m _identify(output/right) by extension 'ignore_ament_install'
[0.584s] [34mcolcon.colcon_core.package_identification[0m [1;30mLevel 1[0m _identify(output/right) by extensions ['colcon_pkg']
[0.584s] [34mcolcon.colcon_core.package_identification[0m [1;30mLevel 1[0m _identify(output/right) by extension 'colcon_pkg'
[0.584s] [34mcolcon.colcon_core.package_identification[0m [1;30mLevel 1[0m _identify(output/right) by extensions ['colcon_meta']
[0.584s] [34mcolcon.colcon_core.package_identification[0m [1;30mLevel 1[0m _identify(output/right) by extension 'colcon_meta'
[0.584s] [34mcolcon.colcon_core.package_identification[0m [1;30mLevel 1[0m _identify(output/right) by extensions ['ros']
[0.584s] [34mcolcon.colcon_core.package_identification[0m [1;30mLevel 1[0m _identify(output/right) by extension 'ros'
[0.585s] [34mcolcon.colcon_core.package_identification[0m [1;30mLevel 1[0m _identify(output/right) by extensions ['cmake', 'python']
[0.585s] [34mcolcon.colcon_core.package_identification[0m [1;30mLevel 1[0m _identify(output/right) by extension 'cmake'
[0.585s] [34mcolcon.colcon_core.package_identification[0m [1;30mLevel 1[0m _identify(output/right) by extension 'python'
[0.585s] [34mcolcon.colcon_core.package_identification[0m [1;30mLevel 1[0m _identify(output/right) by extensions ['python_setup_py']
[0.585s] [34mcolcon.colcon_core.package_identification[0m [1;30mLevel 1[0m _identify(output/right) by extension 'python_setup_py'
[0.585s] [34mcolcon.colcon_core.package_identification[0m [1;30mLevel 1[0m _identify(src) by extensions ['ignore', 'ignore_ament_install']
[0.585s] [34mcolcon.colcon_core.package_identification[0m [1;30mLevel 1[0m _identify(src) by extension 'ignore'
[0.585s] [34mcolcon.colcon_core.package_identification[0m [1;30mLevel 1[0m _identify(src) by extension 'ignore_ament_install'
[0.585s] [34mcolcon.colcon_core.package_identification[0m [1;30mLevel 1[0m _identify(src) by extensions ['colcon_pkg']
[0.585s] [34mcolcon.colcon_core.package_identification[0m [1;30mLevel 1[0m _identify(src) by extension 'colcon_pkg'
[0.585s] [34mcolcon.colcon_core.package_identification[0m [1;30mLevel 1[0m _identify(src) by extensions ['colcon_meta']
[0.585s] [34mcolcon.colcon_core.package_identification[0m [1;30mLevel 1[0m _identify(src) by extension 'colcon_meta'
[0.585s] [34mcolcon.colcon_core.package_identification[0m [1;30mLevel 1[0m _identify(src) by extensions ['ros']
[0.585s] [34mcolcon.colcon_core.package_identification[0m [1;30mLevel 1[0m _identify(src) by extension 'ros'
[0.585s] [34mcolcon.colcon_core.package_identification[0m [1;30mLevel 1[0m _identify(src) by extensions ['cmake', 'python']
[0.585s] [34mcolcon.colcon_core.package_identification[0m [1;30mLevel 1[0m _identify(src) by extension 'cmake'
[0.585s] [34mcolcon.colcon_core.package_identification[0m [1;30mLevel 1[0m _identify(src) by extension 'python'
[0.585s] [34mcolcon.colcon_core.package_identification[0m [1;30mLevel 1[0m _identify(src) by extensions ['python_setup_py']
[0.585s] [34mcolcon.colcon_core.package_identification[0m [1;30mLevel 1[0m _identify(src) by extension 'python_setup_py'
[0.586s] [34mcolcon.colcon_core.package_identification[0m [1;30mLevel 1[0m _identify(src/cpmr_ch2) by extensions ['ignore', 'ignore_ament_install']
[0.586s] [34mcolcon.colcon_core.package_identification[0m [1;30mLevel 1[0m _identify(src/cpmr_ch2) by extension 'ignore'
[0.586s] [34mcolcon.colcon_core.package_identification[0m [1;30mLevel 1[0m _identify(src/cpmr_ch2) by extension 'ignore_ament_install'
[0.586s] [34mcolcon.colcon_core.package_identification[0m [1;30mLevel 1[0m _identify(src/cpmr_ch2) by extensions ['colcon_pkg']
[0.586s] [34mcolcon.colcon_core.package_identification[0m [1;30mLevel 1[0m _identify(src/cpmr_ch2) by extension 'colcon_pkg'
[0.586s] [34mcolcon.colcon_core.package_identification[0m [1;30mLevel 1[0m _identify(src/cpmr_ch2) by extensions ['colcon_meta']
[0.586s] [34mcolcon.colcon_core.package_identification[0m [1;30mLevel 1[0m _identify(src/cpmr_ch2) by extension 'colcon_meta'
[0.586s] [34mcolcon.colcon_core.package_identification[0m [1;30mLevel 1[0m _identify(src/cpmr_ch2) by extensions ['ros']
[0.586s] [34mcolcon.colcon_core.package_identification[0m [1;30mLevel 1[0m _identify(src/cpmr_ch2) by extension 'ros'
[0.589s] [34mcolcon.colcon_core.package_identification[0m [1;30mDEBUG[0m [32mPackage 'src/cpmr_ch2' with type 'ros.ament_python' and name 'cpmr_ch2'[0m
[0.589s] [34mcolcon.colcon_core.package_identification[0m [1;30mLevel 1[0m _identify(src/cpmr_ch4) by extensions ['ignore', 'ignore_ament_install']
[0.589s] [34mcolcon.colcon_core.package_identification[0m [1;30mLevel 1[0m _identify(src/cpmr_ch4) by extension 'ignore'
[0.589s] [34mcolcon.colcon_core.package_identification[0m [1;30mLevel 1[0m _identify(src/cpmr_ch4) by extension 'ignore_ament_install'
[0.590s] [34mcolcon.colcon_core.package_identification[0m [1;30mLevel 1[0m _identify(src/cpmr_ch4) by extensions ['colcon_pkg']
[0.590s] [34mcolcon.colcon_core.package_identification[0m [1;30mLevel 1[0m _identify(src/cpmr_ch4) by extension 'colcon_pkg'
[0.590s] [34mcolcon.colcon_core.package_identification[0m [1;30mLevel 1[0m _identify(src/cpmr_ch4) by extensions ['colcon_meta']
[0.590s] [34mcolcon.colcon_core.package_identification[0m [1;30mLevel 1[0m _identify(src/cpmr_ch4) by extension 'colcon_meta'
[0.590s] [34mcolcon.colcon_core.package_identification[0m [1;30mLevel 1[0m _identify(src/cpmr_ch4) by extensions ['ros']
[0.590s] [34mcolcon.colcon_core.package_identification[0m [1;30mLevel 1[0m _identify(src/cpmr_ch4) by extension 'ros'
[0.591s] [34mcolcon.colcon_core.package_identification[0m [1;30mDEBUG[0m [32mPackage 'src/cpmr_ch4' with type 'ros.ament_python' and name 'cpmr_ch4'[0m
[0.591s] [34mcolcon.colcon_core.package_identification[0m [1;30mLevel 1[0m _identify(src/cpmr_ch6) by extensions ['ignore', 'ignore_ament_install']
[0.591s] [34mcolcon.colcon_core.package_identification[0m [1;30mLevel 1[0m _identify(src/cpmr_ch6) by extension 'ignore'
[0.591s] [34mcolcon.colcon_core.package_identification[0m [1;30mLevel 1[0m _identify(src/cpmr_ch6) by extension 'ignore_ament_install'
[0.591s] [34mcolcon.colcon_core.package_identification[0m [1;30mLevel 1[0m _identify(src/cpmr_ch6) by extensions ['colcon_pkg']
[0.591s] [34mcolcon.colcon_core.package_identification[0m [1;30mLevel 1[0m _identify(src/cpmr_ch6) by extension 'colcon_pkg'
[0.591s] [34mcolcon.colcon_core.package_identification[0m [1;30mLevel 1[0m _identify(src/cpmr_ch6) by extensions ['colcon_meta']
[0.591s] [34mcolcon.colcon_core.package_identification[0m [1;30mLevel 1[0m _identify(src/cpmr_ch6) by extension 'colcon_meta'
[0.591s] [34mcolcon.colcon_core.package_identification[0m [1;30mLevel 1[0m _identify(src/cpmr_ch6) by extensions ['ros']
[0.591s] [34mcolcon.colcon_core.package_identification[0m [1;30mLevel 1[0m _identify(src/cpmr_ch6) by extension 'ros'
[0.592s] [34mcolcon.colcon_core.package_identification[0m [1;30mDEBUG[0m [32mPackage 'src/cpmr_ch6' with type 'ros.ament_python' and name 'cpmr_ch6'[0m
[0.592s] [34mcolcon.colcon_core.package_identification[0m [1;30mLevel 1[0m _identify(src/install) by extensions ['ignore', 'ignore_ament_install']
[0.592s] [34mcolcon.colcon_core.package_identification[0m [1;30mLevel 1[0m _identify(src/install) by extension 'ignore'
[0.592s] [34mcolcon.colcon_core.package_identification[0m [1;30mLevel 1[0m _identify(src/install) ignored
[0.592s] [34mcolcon.colcon_core.package_discovery[0m [1;30mLevel 1[0m discover_packages(recursive) using defaults
[0.592s] [34mcolcon.colcon_core.package_discovery[0m [1;30mLevel 1[0m discover_packages(ignore) discover
[0.592s] [34mcolcon.colcon_core.package_discovery[0m [1;30mLevel 1[0m discover_packages(ignore) using defaults
[0.592s] [34mcolcon.colcon_core.package_discovery[0m [1;30mLevel 1[0m discover_packages(path) discover
[0.592s] [34mcolcon.colcon_core.package_discovery[0m [1;30mLevel 1[0m discover_packages(path) using defaults
[0.615s] [34mcolcon.colcon_core.verb[0m [1;30mLevel 5[0m set package 'cpmr_ch2' build argument 'cmake_args' from command line to 'None'
[0.615s] [34mcolcon.colcon_core.verb[0m [1;30mLevel 5[0m set package 'cpmr_ch2' build argument 'cmake_target' from command line to 'None'
[0.615s] [34mcolcon.colcon_core.verb[0m [1;30mLevel 5[0m set package 'cpmr_ch2' build argument 'cmake_target_skip_unavailable' from command line to 'False'
[0.615s] [34mcolcon.colcon_core.verb[0m [1;30mLevel 5[0m set package 'cpmr_ch2' build argument 'cmake_clean_cache' from command line to 'False'
[0.616s] [34mcolcon.colcon_core.verb[0m [1;30mLevel 5[0m set package 'cpmr_ch2' build argument 'cmake_clean_first' from command line to 'False'
[0.616s] [34mcolcon.colcon_core.verb[0m [1;30mLevel 5[0m set package 'cpmr_ch2' build argument 'cmake_force_configure' from command line to 'False'
[0.616s] [34mcolcon.colcon_core.verb[0m [1;30mLevel 5[0m set package 'cpmr_ch2' build argument 'ament_cmake_args' from command line to 'None'
[0.616s] [34mcolcon.colcon_core.verb[0m [1;30mLevel 5[0m set package 'cpmr_ch2' build argument 'catkin_cmake_args' from command line to 'None'
[0.616s] [34mcolcon.colcon_core.verb[0m [1;30mLevel 5[0m set package 'cpmr_ch2' build argument 'catkin_skip_building_tests' from command line to 'False'
[0.616s] [34mcolcon.colcon_core.verb[0m [1;30mDEBUG[0m [32mBuilding package 'cpmr_ch2' with the following arguments: {'ament_cmake_args': None, 'build_base': '/Users/mafu/Desktop/robotics/Assignment2/CPMR3/ros2_ws/build/cpmr_ch2', 'catkin_cmake_args': None, 'catkin_skip_building_tests': False, 'cmake_args': None, 'cmake_clean_cache': False, 'cmake_clean_first': False, 'cmake_force_configure': False, 'cmake_target': None, 'cmake_target_skip_unavailable': False, 'install_base': '/Users/mafu/Desktop/robotics/Assignment2/CPMR3/ros2_ws/install/cpmr_ch2', 'merge_install': False, 'path': '/Users/mafu/Desktop/robotics/Assignment2/CPMR3/ros2_ws/src/cpmr_ch2', 'symlink_install': False, 'test_result_base': None}[0m
[0.616s] [34mcolcon.colcon_core.verb[0m [1;30mLevel 5[0m set package 'cpmr_ch4' build argument 'cmake_args' from command line to 'None'
[0.616s] [34mcolcon.colcon_core.verb[0m [1;30mLevel 5[0m set package 'cpmr_ch4' build argument 'cmake_target' from command line to 'None'
[0.616s] [34mcolcon.colcon_core.verb[0m [1;30mLevel 5[0m set package 'cpmr_ch4' build argument 'cmake_target_skip_unavailable' from command line to 'False'
[0.616s] [34mcolcon.colcon_core.verb[0m [1;30mLevel 5[0m set package 'cpmr_ch4' build argument 'cmake_clean_cache' from command line to 'False'
[0.616s] [34mcolcon.colcon_core.verb[0m [1;30mLevel 5[0m set package 'cpmr_ch4' build argument 'cmake_clean_first' from command line to 'False'
[0.616s] [34mcolcon.colcon_core.verb[0m [1;30mLevel 5[0m set package 'cpmr_ch4' build argument 'cmake_force_configure' from command line to 'False'
[0.616s] [34mcolcon.colcon_core.verb[0m [1;30mLevel 5[0m set package 'cpmr_ch4' build argument 'ament_cmake_args' from command line to 'None'
[0.616s] [34mcolcon.colcon_core.verb[0m [1;30mLevel 5[0m set package 'cpmr_ch4' build argument 'catkin_cmake_args' from command line to 'None'
[0.616s] [34mcolcon.colcon_core.verb[0m [1;30mLevel 5[0m set package 'cpmr_ch4' build argument 'catkin_skip_building_tests' from command line to 'False'
[0.616s] [34mcolcon.colcon_core.verb[0m [1;30mDEBUG[0m [32mBuilding package 'cpmr_ch4' with the following arguments: {'ament_cmake_args': None, 'build_base': '/Users/mafu/Desktop/robotics/Assignment2/CPMR3/ros2_ws/build/cpmr_ch4', 'catkin_cmake_args': None, 'catkin_skip_building_tests': False, 'cmake_args': None, 'cmake_clean_cache': False, 'cmake_clean_first': False, 'cmake_force_configure': False, 'cmake_target': None, 'cmake_target_skip_unavailable': False, 'install_base': '/Users/mafu/Desktop/robotics/Assignment2/CPMR3/ros2_ws/install/cpmr_ch4', 'merge_install': False, 'path': '/Users/mafu/Desktop/robotics/Assignment2/CPMR3/ros2_ws/src/cpmr_ch4', 'symlink_install': False, 'test_result_base': None}[0m
[0.617s] [34mcolcon.colcon_core.verb[0m [1;30mLevel 5[0m set package 'cpmr_ch6' build argument 'cmake_args' from command line to 'None'
[0.617s] [34mcolcon.colcon_core.verb[0m [1;30mLevel 5[0m set package 'cpmr_ch6' build argument 'cmake_target' from command line to 'None'
[0.617s] [34mcolcon.colcon_core.verb[0m [1;30mLevel 5[0m set package 'cpmr_ch6' build argument 'cmake_target_skip_unavailable' from command line to 'False'
[0.617s] [34mcolcon.colcon_core.verb[0m [1;30mLevel 5[0m set package 'cpmr_ch6' build argument 'cmake_clean_cache' from command line to 'False'
[0.617s] [34mcolcon.colcon_core.verb[0m [1;30mLevel 5[0m set package 'cpmr_ch6' build argument 'cmake_clean_first' from command line to 'False'
[0.617s] [34mcolcon.colcon_core.verb[0m [1;30mLevel 5[0m set package 'cpmr_ch6' build argument 'cmake_force_configure' from command line to 'False'
[0.617s] [34mcolcon.colcon_core.verb[0m [1;30mLevel 5[0m set package 'cpmr_ch6' build argument 'ament_cmake_args' from command line to 'None'
[0.617s] [34mcolcon.colcon_core.verb[0m [1;30mLevel 5[0m set package 'cpmr_ch6' build argument 'catkin_cmake_args' from command line to 'None'
[0.617s] [34mcolcon.colcon_core.verb[0m [1;30mLevel 5[0m set package 'cpmr_ch6' build argument 'catkin_skip_building_tests' from command line to 'False'
[0.617s] [34mcolcon.colcon_core.verb[0m [1;30mDEBUG[0m [32mBuilding package 'cpmr_ch6' with the following arguments: {'ament_cmake_args': None, 'build_base': '/Users/mafu/Desktop/robotics/Assignment2/CPMR3/ros2_ws/build/cpmr_ch6', 'catkin_cmake_args': None, 'catkin_skip_building_tests': False, 'cmake_args': None, 'cmake_clean_cache': False, 'cmake_clean_first': False, 'cmake_force_configure': False, 'cmake_target': None, 'cmake_target_skip_unavailable': False, 'install_base': '/Users/mafu/Desktop/robotics/Assignment2/CPMR3/ros2_ws/install/cpmr_ch6', 'merge_install': False, 'path': '/Users/mafu/Desktop/robotics/Assignment2/CPMR3/ros2_ws/src/cpmr_ch6', 'symlink_install': False, 'test_result_base': None}[0m
[0.617s] [34mcolcon.colcon_core.executor[0m [1;30mINFO[0m Executing jobs using 'parallel' executor
[0.618s] [34mcolcon.colcon_parallel_executor.executor.parallel[0m [1;30mDEBUG[0m [32mrun_until_complete[0m
[0.618s] [34mcolcon.colcon_ros.task.ament_python.build[0m [1;30mINFO[0m Building ROS package in '/Users/mafu/Desktop/robotics/Assignment2/CPMR3/ros2_ws/src/cpmr_ch2' with build type 'ament_python'
[0.618s] [34mcolcon.colcon_core.shell[0m [1;30mLevel 1[0m create_environment_hook('cpmr_ch2', 'ament_prefix_path')
[0.621s] [34mcolcon.colcon_core.plugin_system[0m [1;30mINFO[0m Skipping extension 'colcon_core.shell.bat': Not used on non-Windows systems
[0.621s] [34mcolcon.colcon_core.shell[0m [1;30mINFO[0m Creating environment hook '/Users/mafu/Desktop/robotics/Assignment2/CPMR3/ros2_ws/install/cpmr_ch2/share/cpmr_ch2/hook/ament_prefix_path.ps1'
[0.622s] [34mcolcon.colcon_core.shell[0m [1;30mINFO[0m Creating environment descriptor '/Users/mafu/Desktop/robotics/Assignment2/CPMR3/ros2_ws/install/cpmr_ch2/share/cpmr_ch2/hook/ament_prefix_path.dsv'
[0.624s] [34mcolcon.colcon_core.shell[0m [1;30mINFO[0m Creating environment hook '/Users/mafu/Desktop/robotics/Assignment2/CPMR3/ros2_ws/install/cpmr_ch2/share/cpmr_ch2/hook/ament_prefix_path.sh'
[0.626s] [34mcolcon.colcon_core.shell[0m [1;30mINFO[0m Skip shell extension 'powershell' for command environment: Not usable outside of PowerShell
[0.626s] [34mcolcon.colcon_core.shell[0m [1;30mDEBUG[0m [32mSkip shell extension 'dsv' for command environment[0m
[0.637s] [34mcolcon.colcon_ros.task.ament_python.build[0m [1;30mINFO[0m Building ROS package in '/Users/mafu/Desktop/robotics/Assignment2/CPMR3/ros2_ws/src/cpmr_ch4' with build type 'ament_python'
[0.637s] [34mcolcon.colcon_core.shell[0m [1;30mLevel 1[0m create_environment_hook('cpmr_ch4', 'ament_prefix_path')
[0.638s] [34mcolcon.colcon_core.shell[0m [1;30mINFO[0m Creating environment hook '/Users/mafu/Desktop/robotics/Assignment2/CPMR3/ros2_ws/install/cpmr_ch4/share/cpmr_ch4/hook/ament_prefix_path.ps1'
[0.639s] [34mcolcon.colcon_core.shell[0m [1;30mINFO[0m Creating environment descriptor '/Users/mafu/Desktop/robotics/Assignment2/CPMR3/ros2_ws/install/cpmr_ch4/share/cpmr_ch4/hook/ament_prefix_path.dsv'
[0.639s] [34mcolcon.colcon_core.shell[0m [1;30mINFO[0m Creating environment hook '/Users/mafu/Desktop/robotics/Assignment2/CPMR3/ros2_ws/install/cpmr_ch4/share/cpmr_ch4/hook/ament_prefix_path.sh'
[0.640s] [34mcolcon.colcon_core.shell[0m [1;30mINFO[0m Skip shell extension 'powershell' for command environment: Not usable outside of PowerShell
[0.640s] [34mcolcon.colcon_core.shell[0m [1;30mDEBUG[0m [32mSkip shell extension 'dsv' for command environment[0m
[0.644s] [34mcolcon.colcon_ros.task.ament_python.build[0m [1;30mINFO[0m Building ROS package in '/Users/mafu/Desktop/robotics/Assignment2/CPMR3/ros2_ws/src/cpmr_ch6' with build type 'ament_python'
[0.644s] [34mcolcon.colcon_core.shell[0m [1;30mLevel 1[0m create_environment_hook('cpmr_ch6', 'ament_prefix_path')
[0.645s] [34mcolcon.colcon_core.shell[0m [1;30mINFO[0m Creating environment hook '/Users/mafu/Desktop/robotics/Assignment2/CPMR3/ros2_ws/install/cpmr_ch6/share/cpmr_ch6/hook/ament_prefix_path.ps1'
[0.645s] [34mcolcon.colcon_core.shell[0m [1;30mINFO[0m Creating environment descriptor '/Users/mafu/Desktop/robotics/Assignment2/CPMR3/ros2_ws/install/cpmr_ch6/share/cpmr_ch6/hook/ament_prefix_path.dsv'
[0.646s] [34mcolcon.colcon_core.shell[0m [1;30mINFO[0m Creating environment hook '/Users/mafu/Desktop/robotics/Assignment2/CPMR3/ros2_ws/install/cpmr_ch6/share/cpmr_ch6/hook/ament_prefix_path.sh'
[0.646s] [34mcolcon.colcon_core.shell[0m [1;30mINFO[0m Skip shell extension 'powershell' for command environment: Not usable outside of PowerShell
[0.646s] [34mcolcon.colcon_core.shell[0m [1;30mDEBUG[0m [32mSkip shell extension 'dsv' for command environment[0m
[1.539s] [34mcolcon.colcon_core.task.python.build[0m [1;30mINFO[0m Building Python package in '/Users/mafu/Desktop/robotics/Assignment2/CPMR3/ros2_ws/src/cpmr_ch6'
[1.540s] [34mcolcon.colcon_core.shell[0m [1;30mINFO[0m Skip shell extension 'powershell' for command environment: Not usable outside of PowerShell
[1.540s] [34mcolcon.colcon_core.shell[0m [1;30mDEBUG[0m [32mSkip shell extension 'dsv' for command environment[0m
[2.201s] [34mcolcon.colcon_core.task.python.build[0m [1;30mINFO[0m Building Python package in '/Users/mafu/Desktop/robotics/Assignment2/CPMR3/ros2_ws/src/cpmr_ch4'
[2.202s] [34mcolcon.colcon_core.shell[0m [1;30mINFO[0m Skip shell extension 'powershell' for command environment: Not usable outside of PowerShell
[2.202s] [34mcolcon.colcon_core.shell[0m [1;30mDEBUG[0m [32mSkip shell extension 'dsv' for command environment[0m
[2.863s] [34mcolcon.colcon_core.task.python.build[0m [1;30mINFO[0m Building Python package in '/Users/mafu/Desktop/robotics/Assignment2/CPMR3/ros2_ws/src/cpmr_ch2'
[2.863s] [34mcolcon.colcon_core.shell[0m [1;30mINFO[0m Skip shell extension 'powershell' for command environment: Not usable outside of PowerShell
[2.863s] [34mcolcon.colcon_core.shell[0m [1;30mDEBUG[0m [32mSkip shell extension 'dsv' for command environment[0m
[4.094s] [34mcolcon.colcon_core.event_handler.log_command[0m [1;30mDEBUG[0m [32mInvoking command in '/Users/mafu/Desktop/robotics/Assignment2/CPMR3/ros2_ws/src/cpmr_ch2': CONDA_PROMPT_MODIFIER=(ros_env2) PYTHONPATH=/Users/mafu/Desktop/robotics/Assignment2/CPMR3/ros2_ws/build/cpmr_ch2/prefix_override:/Users/mafu/miniforge3/envs/ros_env2/lib/python3.10/site-packages/colcon_core/task/python/colcon_distutils_commands:/Users/mafu/Desktop/robotics/Assignment2/CPMR3/ros2_ws/install/cpmr_ch2/lib/python3.10/site-packages:${PYTHONPATH} SHLVL=2 _=/Users/mafu/miniforge3/envs/ros_env2/bin/env /Users/mafu/miniforge3/envs/ros_env2/bin/python3.10 -W ignore:setup.py install is deprecated setup.py egg_info --egg-base ../../build/cpmr_ch2 build --build-base /Users/mafu/Desktop/robotics/Assignment2/CPMR3/ros2_ws/build/cpmr_ch2/build install --record /Users/mafu/Desktop/robotics/Assignment2/CPMR3/ros2_ws/build/cpmr_ch2/install.log --single-version-externally-managed install_data[0m
[4.101s] [34mcolcon.colcon_core.event_handler.log_command[0m [1;30mDEBUG[0m [32mInvoking command in '/Users/mafu/Desktop/robotics/Assignment2/CPMR3/ros2_ws/src/cpmr_ch4': CONDA_PROMPT_MODIFIER=(ros_env2) PYTHONPATH=/Users/mafu/Desktop/robotics/Assignment2/CPMR3/ros2_ws/build/cpmr_ch4/prefix_override:/Users/mafu/miniforge3/envs/ros_env2/lib/python3.10/site-packages/colcon_core/task/python/colcon_distutils_commands:/Users/mafu/Desktop/robotics/Assignment2/CPMR3/ros2_ws/install/cpmr_ch4/lib/python3.10/site-packages:${PYTHONPATH} SHLVL=2 _=/Users/mafu/miniforge3/envs/ros_env2/bin/env /Users/mafu/miniforge3/envs/ros_env2/bin/python3.10 -W ignore:setup.py install is deprecated setup.py egg_info --egg-base ../../build/cpmr_ch4 build --build-base /Users/mafu/Desktop/robotics/Assignment2/CPMR3/ros2_ws/build/cpmr_ch4/build install --record /Users/mafu/Desktop/robotics/Assignment2/CPMR3/ros2_ws/build/cpmr_ch4/install.log --single-version-externally-managed install_data[0m
[4.102s] [34mcolcon.colcon_core.event_handler.log_command[0m [1;30mDEBUG[0m [32mInvoking command in '/Users/mafu/Desktop/robotics/Assignment2/CPMR3/ros2_ws/src/cpmr_ch6': CONDA_PROMPT_MODIFIER=(ros_env2) PYTHONPATH=/Users/mafu/Desktop/robotics/Assignment2/CPMR3/ros2_ws/build/cpmr_ch6/prefix_override:/Users/mafu/miniforge3/envs/ros_env2/lib/python3.10/site-packages/colcon_core/task/python/colcon_distutils_commands:/Users/mafu/Desktop/robotics/Assignment2/CPMR3/ros2_ws/install/cpmr_ch6/lib/python3.10/site-packages:${PYTHONPATH} SHLVL=2 _=/Users/mafu/miniforge3/envs/ros_env2/bin/env /Users/mafu/miniforge3/envs/ros_env2/bin/python3.10 -W ignore:setup.py install is deprecated setup.py egg_info --egg-base ../../build/cpmr_ch6 build --build-base /Users/mafu/Desktop/robotics/Assignment2/CPMR3/ros2_ws/build/cpmr_ch6/build install --record /Users/mafu/Desktop/robotics/Assignment2/CPMR3/ros2_ws/build/cpmr_ch6/install.log --single-version-externally-managed install_data[0m
[6.225s] [34mcolcon.colcon_core.event_handler.log_command[0m [1;30mDEBUG[0m [32mInvoked command in '/Users/mafu/Desktop/robotics/Assignment2/CPMR3/ros2_ws/src/cpmr_ch2' returned '0': CONDA_PROMPT_MODIFIER=(ros_env2) PYTHONPATH=/Users/mafu/Desktop/robotics/Assignment2/CPMR3/ros2_ws/build/cpmr_ch2/prefix_override:/Users/mafu/miniforge3/envs/ros_env2/lib/python3.10/site-packages/colcon_core/task/python/colcon_distutils_commands:/Users/mafu/Desktop/robotics/Assignment2/CPMR3/ros2_ws/install/cpmr_ch2/lib/python3.10/site-packages:${PYTHONPATH} SHLVL=2 _=/Users/mafu/miniforge3/envs/ros_env2/bin/env /Users/mafu/miniforge3/envs/ros_env2/bin/python3.10 -W ignore:setup.py install is deprecated setup.py egg_info --egg-base ../../build/cpmr_ch2 build --build-base /Users/mafu/Desktop/robotics/Assignment2/CPMR3/ros2_ws/build/cpmr_ch2/build install --record /Users/mafu/Desktop/robotics/Assignment2/CPMR3/ros2_ws/build/cpmr_ch2/install.log --single-version-externally-managed install_data[0m
[6.231s] [34mcolcon.colcon_core.environment[0m [1;30mLevel 1[0m checking '/Users/mafu/Desktop/robotics/Assignment2/CPMR3/ros2_ws/install/cpmr_ch2' for CMake module files
[6.232s] [34mcolcon.colcon_core.environment[0m [1;30mLevel 1[0m checking '/Users/mafu/Desktop/robotics/Assignment2/CPMR3/ros2_ws/install/cpmr_ch2' for CMake config files
[6.233s] [34mcolcon.colcon_core.environment[0m [1;30mLevel 1[0m checking '/Users/mafu/Desktop/robotics/Assignment2/CPMR3/ros2_ws/install/cpmr_ch2/lib'
[6.234s] [34mcolcon.colcon_core.environment[0m [1;30mLevel 1[0m checking '/Users/mafu/Desktop/robotics/Assignment2/CPMR3/ros2_ws/install/cpmr_ch2/bin'
[6.234s] [34mcolcon.colcon_core.environment[0m [1;30mLevel 1[0m checking '/Users/mafu/Desktop/robotics/Assignment2/CPMR3/ros2_ws/install/cpmr_ch2/lib/pkgconfig/cpmr_ch2.pc'
[6.234s] [34mcolcon.colcon_core.environment[0m [1;30mLevel 1[0m checking '/Users/mafu/Desktop/robotics/Assignment2/CPMR3/ros2_ws/install/cpmr_ch2/lib/python3.10/site-packages'
[6.234s] [34mcolcon.colcon_core.shell[0m [1;30mLevel 1[0m create_environment_hook('cpmr_ch2', 'pythonpath')
[6.235s] [34mcolcon.colcon_core.shell[0m [1;30mINFO[0m Creating environment hook '/Users/mafu/Desktop/robotics/Assignment2/CPMR3/ros2_ws/install/cpmr_ch2/share/cpmr_ch2/hook/pythonpath.ps1'
[6.236s] [34mcolcon.colcon_core.shell[0m [1;30mINFO[0m Creating environment descriptor '/Users/mafu/Desktop/robotics/Assignment2/CPMR3/ros2_ws/install/cpmr_ch2/share/cpmr_ch2/hook/pythonpath.dsv'
[6.236s] [34mcolcon.colcon_core.shell[0m [1;30mINFO[0m Creating environment hook '/Users/mafu/Desktop/robotics/Assignment2/CPMR3/ros2_ws/install/cpmr_ch2/share/cpmr_ch2/hook/pythonpath.sh'
[6.237s] [34mcolcon.colcon_core.environment[0m [1;30mLevel 1[0m checking '/Users/mafu/Desktop/robotics/Assignment2/CPMR3/ros2_ws/install/cpmr_ch2/bin'
[6.237s] [34mcolcon.colcon_core.environment[0m [1;30mLevel 1[0m create_environment_scripts_only(cpmr_ch2)
[6.237s] [34mcolcon.colcon_core.shell[0m [1;30mINFO[0m Creating package script '/Users/mafu/Desktop/robotics/Assignment2/CPMR3/ros2_ws/install/cpmr_ch2/share/cpmr_ch2/package.ps1'
[6.239s] [34mcolcon.colcon_core.shell[0m [1;30mINFO[0m Creating package descriptor '/Users/mafu/Desktop/robotics/Assignment2/CPMR3/ros2_ws/install/cpmr_ch2/share/cpmr_ch2/package.dsv'
[6.240s] [34mcolcon.colcon_core.shell[0m [1;30mINFO[0m Creating package script '/Users/mafu/Desktop/robotics/Assignment2/CPMR3/ros2_ws/install/cpmr_ch2/share/cpmr_ch2/package.sh'
[6.241s] [34mcolcon.colcon_core.shell[0m [1;30mINFO[0m Creating package script '/Users/mafu/Desktop/robotics/Assignment2/CPMR3/ros2_ws/install/cpmr_ch2/share/cpmr_ch2/package.bash'
[6.243s] [34mcolcon.colcon_core.shell[0m [1;30mINFO[0m Creating package script '/Users/mafu/Desktop/robotics/Assignment2/CPMR3/ros2_ws/install/cpmr_ch2/share/cpmr_ch2/package.zsh'
[6.244s] [34mcolcon.colcon_core.environment[0m [1;30mLevel 1[0m create_file_with_runtime_dependencies(/Users/mafu/Desktop/robotics/Assignment2/CPMR3/ros2_ws/install/cpmr_ch2/share/colcon-core/packages/cpmr_ch2)
[6.285s] [34mcolcon.colcon_core.environment[0m [1;30mLevel 1[0m checking '/Users/mafu/Desktop/robotics/Assignment2/CPMR3/ros2_ws/install/cpmr_ch4' for CMake module files
[6.286s] [34mcolcon.colcon_core.event_handler.log_command[0m [1;30mDEBUG[0m [32mInvoked command in '/Users/mafu/Desktop/robotics/Assignment2/CPMR3/ros2_ws/src/cpmr_ch4' returned '0': CONDA_PROMPT_MODIFIER=(ros_env2) PYTHONPATH=/Users/mafu/Desktop/robotics/Assignment2/CPMR3/ros2_ws/build/cpmr_ch4/prefix_override:/Users/mafu/miniforge3/envs/ros_env2/lib/python3.10/site-packages/colcon_core/task/python/colcon_distutils_commands:/Users/mafu/Desktop/robotics/Assignment2/CPMR3/ros2_ws/install/cpmr_ch4/lib/python3.10/site-packages:${PYTHONPATH} SHLVL=2 _=/Users/mafu/miniforge3/envs/ros_env2/bin/env /Users/mafu/miniforge3/envs/ros_env2/bin/python3.10 -W ignore:setup.py install is deprecated setup.py egg_info --egg-base ../../build/cpmr_ch4 build --build-base /Users/mafu/Desktop/robotics/Assignment2/CPMR3/ros2_ws/build/cpmr_ch4/build install --record /Users/mafu/Desktop/robotics/Assignment2/CPMR3/ros2_ws/build/cpmr_ch4/install.log --single-version-externally-managed install_data[0m
[6.287s] [34mcolcon.colcon_core.environment[0m [1;30mLevel 1[0m checking '/Users/mafu/Desktop/robotics/Assignment2/CPMR3/ros2_ws/install/cpmr_ch4' for CMake config files
[6.288s] [34mcolcon.colcon_core.environment[0m [1;30mLevel 1[0m checking '/Users/mafu/Desktop/robotics/Assignment2/CPMR3/ros2_ws/install/cpmr_ch4/lib'
[6.288s] [34mcolcon.colcon_core.environment[0m [1;30mLevel 1[0m checking '/Users/mafu/Desktop/robotics/Assignment2/CPMR3/ros2_ws/install/cpmr_ch4/bin'
[6.288s] [34mcolcon.colcon_core.environment[0m [1;30mLevel 1[0m checking '/Users/mafu/Desktop/robotics/Assignment2/CPMR3/ros2_ws/install/cpmr_ch4/lib/pkgconfig/cpmr_ch4.pc'
[6.288s] [34mcolcon.colcon_core.environment[0m [1;30mLevel 1[0m checking '/Users/mafu/Desktop/robotics/Assignment2/CPMR3/ros2_ws/install/cpmr_ch4/lib/python3.10/site-packages'
[6.288s] [34mcolcon.colcon_core.shell[0m [1;30mLevel 1[0m create_environment_hook('cpmr_ch4', 'pythonpath')
[6.289s] [34mcolcon.colcon_core.shell[0m [1;30mINFO[0m Creating environment hook '/Users/mafu/Desktop/robotics/Assignment2/CPMR3/ros2_ws/install/cpmr_ch4/share/cpmr_ch4/hook/pythonpath.ps1'
[6.289s] [34mcolcon.colcon_core.shell[0m [1;30mINFO[0m Creating environment descriptor '/Users/mafu/Desktop/robotics/Assignment2/CPMR3/ros2_ws/install/cpmr_ch4/share/cpmr_ch4/hook/pythonpath.dsv'
[6.290s] [34mcolcon.colcon_core.shell[0m [1;30mINFO[0m Creating environment hook '/Users/mafu/Desktop/robotics/Assignment2/CPMR3/ros2_ws/install/cpmr_ch4/share/cpmr_ch4/hook/pythonpath.sh'
[6.291s] [34mcolcon.colcon_core.environment[0m [1;30mLevel 1[0m checking '/Users/mafu/Desktop/robotics/Assignment2/CPMR3/ros2_ws/install/cpmr_ch4/bin'
[6.291s] [34mcolcon.colcon_core.environment[0m [1;30mLevel 1[0m create_environment_scripts_only(cpmr_ch4)
[6.291s] [34mcolcon.colcon_core.shell[0m [1;30mINFO[0m Creating package script '/Users/mafu/Desktop/robotics/Assignment2/CPMR3/ros2_ws/install/cpmr_ch4/share/cpmr_ch4/package.ps1'
[6.292s] [34mcolcon.colcon_core.shell[0m [1;30mINFO[0m Creating package descriptor '/Users/mafu/Desktop/robotics/Assignment2/CPMR3/ros2_ws/install/cpmr_ch4/share/cpmr_ch4/package.dsv'
[6.292s] [34mcolcon.colcon_core.shell[0m [1;30mINFO[0m Creating package script '/Users/mafu/Desktop/robotics/Assignment2/CPMR3/ros2_ws/install/cpmr_ch4/share/cpmr_ch4/package.sh'
[6.293s] [34mcolcon.colcon_core.shell[0m [1;30mINFO[0m Creating package script '/Users/mafu/Desktop/robotics/Assignment2/CPMR3/ros2_ws/install/cpmr_ch4/share/cpmr_ch4/package.bash'
[6.293s] [34mcolcon.colcon_core.shell[0m [1;30mINFO[0m Creating package script '/Users/mafu/Desktop/robotics/Assignment2/CPMR3/ros2_ws/install/cpmr_ch4/share/cpmr_ch4/package.zsh'
[6.294s] [34mcolcon.colcon_core.environment[0m [1;30mLevel 1[0m create_file_with_runtime_dependencies(/Users/mafu/Desktop/robotics/Assignment2/CPMR3/ros2_ws/install/cpmr_ch4/share/colcon-core/packages/cpmr_ch4)
[6.295s] [34mcolcon.colcon_core.environment[0m [1;30mLevel 1[0m checking '/Users/mafu/Desktop/robotics/Assignment2/CPMR3/ros2_ws/install/cpmr_ch6' for CMake module files
[6.295s] [34mcolcon.colcon_core.event_handler.log_command[0m [1;30mDEBUG[0m [32mInvoked command in '/Users/mafu/Desktop/robotics/Assignment2/CPMR3/ros2_ws/src/cpmr_ch6' returned '0': CONDA_PROMPT_MODIFIER=(ros_env2) PYTHONPATH=/Users/mafu/Desktop/robotics/Assignment2/CPMR3/ros2_ws/build/cpmr_ch6/prefix_override:/Users/mafu/miniforge3/envs/ros_env2/lib/python3.10/site-packages/colcon_core/task/python/colcon_distutils_commands:/Users/mafu/Desktop/robotics/Assignment2/CPMR3/ros2_ws/install/cpmr_ch6/lib/python3.10/site-packages:${PYTHONPATH} SHLVL=2 _=/Users/mafu/miniforge3/envs/ros_env2/bin/env /Users/mafu/miniforge3/envs/ros_env2/bin/python3.10 -W ignore:setup.py install is deprecated setup.py egg_info --egg-base ../../build/cpmr_ch6 build --build-base /Users/mafu/Desktop/robotics/Assignment2/CPMR3/ros2_ws/build/cpmr_ch6/build install --record /Users/mafu/Desktop/robotics/Assignment2/CPMR3/ros2_ws/build/cpmr_ch6/install.log --single-version-externally-managed install_data[0m
[6.296s] [34mcolcon.colcon_core.environment[0m [1;30mLevel 1[0m checking '/Users/mafu/Desktop/robotics/Assignment2/CPMR3/ros2_ws/install/cpmr_ch6' for CMake config files
[6.297s] [34mcolcon.colcon_core.environment[0m [1;30mLevel 1[0m checking '/Users/mafu/Desktop/robotics/Assignment2/CPMR3/ros2_ws/install/cpmr_ch6/lib'
[6.297s] [34mcolcon.colcon_core.environment[0m [1;30mLevel 1[0m checking '/Users/mafu/Desktop/robotics/Assignment2/CPMR3/ros2_ws/install/cpmr_ch6/bin'
[6.297s] [34mcolcon.colcon_core.environment[0m [1;30mLevel 1[0m checking '/Users/mafu/Desktop/robotics/Assignment2/CPMR3/ros2_ws/install/cpmr_ch6/lib/pkgconfig/cpmr_ch6.pc'
[6.298s] [34mcolcon.colcon_core.environment[0m [1;30mLevel 1[0m checking '/Users/mafu/Desktop/robotics/Assignment2/CPMR3/ros2_ws/install/cpmr_ch6/lib/python3.10/site-packages'
[6.298s] [34mcolcon.colcon_core.shell[0m [1;30mLevel 1[0m create_environment_hook('cpmr_ch6', 'pythonpath')
[6.298s] [34mcolcon.colcon_core.shell[0m [1;30mINFO[0m Creating environment hook '/Users/mafu/Desktop/robotics/Assignment2/CPMR3/ros2_ws/install/cpmr_ch6/share/cpmr_ch6/hook/pythonpath.ps1'
[6.299s] [34mcolcon.colcon_core.shell[0m [1;30mINFO[0m Creating environment descriptor '/Users/mafu/Desktop/robotics/Assignment2/CPMR3/ros2_ws/install/cpmr_ch6/share/cpmr_ch6/hook/pythonpath.dsv'
[6.299s] [34mcolcon.colcon_core.shell[0m [1;30mINFO[0m Creating environment hook '/Users/mafu/Desktop/robotics/Assignment2/CPMR3/ros2_ws/install/cpmr_ch6/share/cpmr_ch6/hook/pythonpath.sh'
[6.300s] [34mcolcon.colcon_core.environment[0m [1;30mLevel 1[0m checking '/Users/mafu/Desktop/robotics/Assignment2/CPMR3/ros2_ws/install/cpmr_ch6/bin'
[6.300s] [34mcolcon.colcon_core.environment[0m [1;30mLevel 1[0m create_environment_scripts_only(cpmr_ch6)
[6.300s] [34mcolcon.colcon_core.shell[0m [1;30mINFO[0m Creating package script '/Users/mafu/Desktop/robotics/Assignment2/CPMR3/ros2_ws/install/cpmr_ch6/share/cpmr_ch6/package.ps1'
[6.301s] [34mcolcon.colcon_core.shell[0m [1;30mINFO[0m Creating package descriptor '/Users/mafu/Desktop/robotics/Assignment2/CPMR3/ros2_ws/install/cpmr_ch6/share/cpmr_ch6/package.dsv'
[6.301s] [34mcolcon.colcon_core.shell[0m [1;30mINFO[0m Creating package script '/Users/mafu/Desktop/robotics/Assignment2/CPMR3/ros2_ws/install/cpmr_ch6/share/cpmr_ch6/package.sh'
[6.302s] [34mcolcon.colcon_core.shell[0m [1;30mINFO[0m Creating package script '/Users/mafu/Desktop/robotics/Assignment2/CPMR3/ros2_ws/install/cpmr_ch6/share/cpmr_ch6/package.bash'
[6.303s] [34mcolcon.colcon_core.shell[0m [1;30mINFO[0m Creating package script '/Users/mafu/Desktop/robotics/Assignment2/CPMR3/ros2_ws/install/cpmr_ch6/share/cpmr_ch6/package.zsh'
[6.303s] [34mcolcon.colcon_core.environment[0m [1;30mLevel 1[0m create_file_with_runtime_dependencies(/Users/mafu/Desktop/robotics/Assignment2/CPMR3/ros2_ws/install/cpmr_ch6/share/colcon-core/packages/cpmr_ch6)
[6.304s] [34mcolcon.colcon_parallel_executor.executor.parallel[0m [1;30mDEBUG[0m [32mclosing loop[0m
[6.304s] [34mcolcon.colcon_parallel_executor.executor.parallel[0m [1;30mDEBUG[0m [32mloop closed[0m
[6.304s] [34mcolcon.colcon_parallel_executor.executor.parallel[0m [1;30mDEBUG[0m [32mrun_until_complete finished with '0'[0m
[6.304s] [34mcolcon.colcon_core.event_reactor[0m [1;30mDEBUG[0m [32mjoining thread[0m
[6.304s] [34mcolcon.colcon_core.event_reactor[0m [1;30mDEBUG[0m [32mjoined thread[0m
[6.305s] [34mcolcon.colcon_core.shell[0m [1;30mINFO[0m Creating prefix script '/Users/mafu/Desktop/robotics/Assignment2/CPMR3/ros2_ws/install/local_setup.ps1'
[6.306s] [34mcolcon.colcon_core.shell[0m [1;30mINFO[0m Creating prefix util module '/Users/mafu/Desktop/robotics/Assignment2/CPMR3/ros2_ws/install/_local_setup_util_ps1.py'
[6.308s] [34mcolcon.colcon_core.shell[0m [1;30mINFO[0m Creating prefix chain script '/Users/mafu/Desktop/robotics/Assignment2/CPMR3/ros2_ws/install/setup.ps1'
[6.310s] [34mcolcon.colcon_core.shell[0m [1;30mINFO[0m Creating prefix script '/Users/mafu/Desktop/robotics/Assignment2/CPMR3/ros2_ws/install/local_setup.sh'
[6.311s] [34mcolcon.colcon_core.shell[0m [1;30mINFO[0m Creating prefix util module '/Users/mafu/Desktop/robotics/Assignment2/CPMR3/ros2_ws/install/_local_setup_util_sh.py'
[6.312s] [34mcolcon.colcon_core.shell[0m [1;30mINFO[0m Creating prefix chain script '/Users/mafu/Desktop/robotics/Assignment2/CPMR3/ros2_ws/install/setup.sh'
[6.314s] [34mcolcon.colcon_core.shell[0m [1;30mINFO[0m Creating prefix script '/Users/mafu/Desktop/robotics/Assignment2/CPMR3/ros2_ws/install/local_setup.bash'
[6.314s] [34mcolcon.colcon_core.shell[0m [1;30mINFO[0m Creating prefix chain script '/Users/mafu/Desktop/robotics/Assignment2/CPMR3/ros2_ws/install/setup.bash'
[6.316s] [34mcolcon.colcon_core.shell[0m [1;30mINFO[0m Creating prefix script '/Users/mafu/Desktop/robotics/Assignment2/CPMR3/ros2_ws/install/local_setup.zsh'
[6.316s] [34mcolcon.colcon_core.shell[0m [1;30mINFO[0m Creating prefix chain script '/Users/mafu/Desktop/robotics/Assignment2/CPMR3/ros2_ws/install/setup.zsh'
