[3.529s] Invoking command in '/Users/mafu/Desktop/robotics/Assignment2/CPMR3/ros2_ws/src/cpmr_ch2': CONDA_PROMPT_MODIFIER=(ros_env) PYTHONPATH=/Users/mafu/Desktop/robotics/Assignment2/CPMR3/ros2_ws/build/cpmr_ch2/prefix_override:/Users/mafu/miniforge3/envs/ros_env/lib/python3.10/site-packages/colcon_core/task/python/colcon_distutils_commands:/Users/mafu/Desktop/robotics/Assignment2/CPMR3/ros2_ws/install/cpmr_ch2/lib/python3.10/site-packages:${PYTHONPATH} SHLVL=2 _=/usr/bin/env /Users/mafu/miniforge3/envs/ros_env/bin/python3.10 -W ignore:setup.py install is deprecated setup.py egg_info --egg-base ../../build/cpmr_ch2 build --build-base /Users/mafu/Desktop/robotics/Assignment2/CPMR3/ros2_ws/build/cpmr_ch2/build install --record /Users/mafu/Desktop/robotics/Assignment2/CPMR3/ros2_ws/build/cpmr_ch2/install.log --single-version-externally-managed install_data
[4.872s] running egg_info
[4.946s] writing ../../build/cpmr_ch2/cpmr_ch2.egg-info/PKG-INFO
[5.003s] writing dependency_links to ../../build/cpmr_ch2/cpmr_ch2.egg-info/dependency_links.txt
[5.194s] writing entry points to ../../build/cpmr_ch2/cpmr_ch2.egg-info/entry_points.txt
[5.329s] writing requirements to ../../build/cpmr_ch2/cpmr_ch2.egg-info/requires.txt
[5.405s] writing top-level names to ../../build/cpmr_ch2/cpmr_ch2.egg-info/top_level.txt
[5.524s] reading manifest file '../../build/cpmr_ch2/cpmr_ch2.egg-info/SOURCES.txt'
[5.526s] writing manifest file '../../build/cpmr_ch2/cpmr_ch2.egg-info/SOURCES.txt'
[5.527s] running build
[5.527s] running build_py
[5.528s] running install
[5.536s] running install_lib
[5.630s] running install_data
[5.631s] running install_egg_info
[5.722s] removing '/Users/mafu/Desktop/robotics/Assignment2/CPMR3/ros2_ws/install/cpmr_ch2/lib/python3.10/site-packages/cpmr_ch2-3.1.0-py3.10.egg-info' (and everything under it)
[5.724s] Copying ../../build/cpmr_ch2/cpmr_ch2.egg-info to /Users/mafu/Desktop/robotics/Assignment2/CPMR3/ros2_ws/install/cpmr_ch2/lib/python3.10/site-packages/cpmr_ch2-3.1.0-py3.10.egg-info
[5.728s] running install_scripts
[5.906s] Installing add_obstacle script to /Users/mafu/Desktop/robotics/Assignment2/CPMR3/ros2_ws/install/cpmr_ch2/lib/cpmr_ch2
[5.906s] Installing build_map script to /Users/mafu/Desktop/robotics/Assignment2/CPMR3/ros2_ws/install/cpmr_ch2/lib/cpmr_ch2
[5.906s] Installing destroy_map script to /Users/mafu/Desktop/robotics/Assignment2/CPMR3/ros2_ws/install/cpmr_ch2/lib/cpmr_ch2
[5.907s] Installing drive_to_goal script to /Users/mafu/Desktop/robotics/Assignment2/CPMR3/ros2_ws/install/cpmr_ch2/lib/cpmr_ch2
[5.908s] writing list of installed files to '/Users/mafu/Desktop/robotics/Assignment2/CPMR3/ros2_ws/build/cpmr_ch2/install.log'
[5.971s] Invoked command in '/Users/mafu/Desktop/robotics/Assignment2/CPMR3/ros2_ws/src/cpmr_ch2' returned '0': CONDA_PROMPT_MODIFIER=(ros_env) PYTHONPATH=/Users/mafu/Desktop/robotics/Assignment2/CPMR3/ros2_ws/build/cpmr_ch2/prefix_override:/Users/mafu/miniforge3/envs/ros_env/lib/python3.10/site-packages/colcon_core/task/python/colcon_distutils_commands:/Users/mafu/Desktop/robotics/Assignment2/CPMR3/ros2_ws/install/cpmr_ch2/lib/python3.10/site-packages:${PYTHONPATH} SHLVL=2 _=/usr/bin/env /Users/mafu/miniforge3/envs/ros_env/bin/python3.10 -W ignore:setup.py install is deprecated setup.py egg_info --egg-base ../../build/cpmr_ch2 build --build-base /Users/mafu/Desktop/robotics/Assignment2/CPMR3/ros2_ws/build/cpmr_ch2/build install --record /Users/mafu/Desktop/robotics/Assignment2/CPMR3/ros2_ws/build/cpmr_ch2/install.log --single-version-externally-managed install_data
